[2021-09-16 08:38:04,970] {processor.py:162} INFO - Started process (PID=309) to work on /home/airflow/.local/lib/python3.8/site-packages/airflow/example_dags/example_latest_only.py
[2021-09-16 08:38:04,971] {processor.py:613} INFO - Processing file /home/airflow/.local/lib/python3.8/site-packages/airflow/example_dags/example_latest_only.py for tasks to queue
[2021-09-16 08:38:04,972] {logging_mixin.py:109} INFO - [2021-09-16 08:38:04,972] {dagbag.py:496} INFO - Filling up the DagBag from /home/airflow/.local/lib/python3.8/site-packages/airflow/example_dags/example_latest_only.py
[2021-09-16 08:38:04,985] {processor.py:623} INFO - DAG(s) dict_keys(['latest_only']) retrieved from /home/airflow/.local/lib/python3.8/site-packages/airflow/example_dags/example_latest_only.py
[2021-09-16 08:38:06,651] {logging_mixin.py:109} INFO - [2021-09-16 08:38:06,651] {dag.py:1833} INFO - Sync 1 DAGs
[2021-09-16 08:38:06,657] {logging_mixin.py:109} INFO - [2021-09-16 08:38:06,657] {dag.py:1852} INFO - Creating ORM DAG for latest_only
[2021-09-16 08:38:06,662] {logging_mixin.py:109} INFO - [2021-09-16 08:38:06,662] {dag.py:2306} INFO - Setting next_dagrun for latest_only to 2021-09-14 00:00:00+00:00
[2021-09-16 08:38:06,670] {processor.py:170} INFO - Processing /home/airflow/.local/lib/python3.8/site-packages/airflow/example_dags/example_latest_only.py took 1.704 seconds
[2021-09-16 08:38:37,335] {processor.py:162} INFO - Started process (PID=378) to work on /home/airflow/.local/lib/python3.8/site-packages/airflow/example_dags/example_latest_only.py
[2021-09-16 08:38:37,337] {processor.py:613} INFO - Processing file /home/airflow/.local/lib/python3.8/site-packages/airflow/example_dags/example_latest_only.py for tasks to queue
[2021-09-16 08:38:37,338] {logging_mixin.py:109} INFO - [2021-09-16 08:38:37,338] {dagbag.py:496} INFO - Filling up the DagBag from /home/airflow/.local/lib/python3.8/site-packages/airflow/example_dags/example_latest_only.py
[2021-09-16 08:38:37,349] {processor.py:623} INFO - DAG(s) dict_keys(['latest_only']) retrieved from /home/airflow/.local/lib/python3.8/site-packages/airflow/example_dags/example_latest_only.py
[2021-09-16 08:38:37,368] {logging_mixin.py:109} INFO - [2021-09-16 08:38:37,368] {dag.py:1833} INFO - Sync 1 DAGs
[2021-09-16 08:38:37,379] {logging_mixin.py:109} INFO - [2021-09-16 08:38:37,379] {dag.py:2306} INFO - Setting next_dagrun for latest_only to 2021-09-14 00:00:00+00:00
[2021-09-16 08:38:37,388] {processor.py:170} INFO - Processing /home/airflow/.local/lib/python3.8/site-packages/airflow/example_dags/example_latest_only.py took 0.056 seconds
[2021-09-16 08:39:08,049] {processor.py:162} INFO - Started process (PID=425) to work on /home/airflow/.local/lib/python3.8/site-packages/airflow/example_dags/example_latest_only.py
[2021-09-16 08:39:08,051] {processor.py:613} INFO - Processing file /home/airflow/.local/lib/python3.8/site-packages/airflow/example_dags/example_latest_only.py for tasks to queue
[2021-09-16 08:39:08,052] {logging_mixin.py:109} INFO - [2021-09-16 08:39:08,052] {dagbag.py:496} INFO - Filling up the DagBag from /home/airflow/.local/lib/python3.8/site-packages/airflow/example_dags/example_latest_only.py
[2021-09-16 08:39:08,063] {processor.py:623} INFO - DAG(s) dict_keys(['latest_only']) retrieved from /home/airflow/.local/lib/python3.8/site-packages/airflow/example_dags/example_latest_only.py
[2021-09-16 08:39:08,084] {logging_mixin.py:109} INFO - [2021-09-16 08:39:08,084] {dag.py:1833} INFO - Sync 1 DAGs
[2021-09-16 08:39:08,097] {logging_mixin.py:109} INFO - [2021-09-16 08:39:08,097] {dag.py:2306} INFO - Setting next_dagrun for latest_only to 2021-09-14 00:00:00+00:00
[2021-09-16 08:39:08,106] {processor.py:170} INFO - Processing /home/airflow/.local/lib/python3.8/site-packages/airflow/example_dags/example_latest_only.py took 0.061 seconds
[2021-09-16 08:39:38,143] {processor.py:162} INFO - Started process (PID=483) to work on /home/airflow/.local/lib/python3.8/site-packages/airflow/example_dags/example_latest_only.py
[2021-09-16 08:39:38,145] {processor.py:613} INFO - Processing file /home/airflow/.local/lib/python3.8/site-packages/airflow/example_dags/example_latest_only.py for tasks to queue
[2021-09-16 08:39:38,146] {logging_mixin.py:109} INFO - [2021-09-16 08:39:38,146] {dagbag.py:496} INFO - Filling up the DagBag from /home/airflow/.local/lib/python3.8/site-packages/airflow/example_dags/example_latest_only.py
[2021-09-16 08:39:38,156] {processor.py:623} INFO - DAG(s) dict_keys(['latest_only']) retrieved from /home/airflow/.local/lib/python3.8/site-packages/airflow/example_dags/example_latest_only.py
[2021-09-16 08:39:38,178] {logging_mixin.py:109} INFO - [2021-09-16 08:39:38,178] {dag.py:1833} INFO - Sync 1 DAGs
[2021-09-16 08:39:38,192] {logging_mixin.py:109} INFO - [2021-09-16 08:39:38,192] {dag.py:2306} INFO - Setting next_dagrun for latest_only to 2021-09-14 00:00:00+00:00
[2021-09-16 08:39:38,205] {processor.py:170} INFO - Processing /home/airflow/.local/lib/python3.8/site-packages/airflow/example_dags/example_latest_only.py took 0.065 seconds
[2021-09-16 09:00:11,226] {processor.py:162} INFO - Started process (PID=294) to work on /home/airflow/.local/lib/python3.8/site-packages/airflow/example_dags/example_latest_only.py
[2021-09-16 09:00:11,227] {processor.py:613} INFO - Processing file /home/airflow/.local/lib/python3.8/site-packages/airflow/example_dags/example_latest_only.py for tasks to queue
[2021-09-16 09:00:11,228] {logging_mixin.py:109} INFO - [2021-09-16 09:00:11,228] {dagbag.py:496} INFO - Filling up the DagBag from /home/airflow/.local/lib/python3.8/site-packages/airflow/example_dags/example_latest_only.py
[2021-09-16 09:00:11,238] {processor.py:623} INFO - DAG(s) dict_keys(['latest_only']) retrieved from /home/airflow/.local/lib/python3.8/site-packages/airflow/example_dags/example_latest_only.py
[2021-09-16 09:00:12,734] {logging_mixin.py:109} INFO - [2021-09-16 09:00:12,734] {dag.py:1833} INFO - Sync 1 DAGs
[2021-09-16 09:00:12,743] {logging_mixin.py:109} INFO - [2021-09-16 09:00:12,743] {dag.py:1852} INFO - Creating ORM DAG for latest_only
[2021-09-16 09:00:12,747] {logging_mixin.py:109} INFO - [2021-09-16 09:00:12,747] {dag.py:2306} INFO - Setting next_dagrun for latest_only to 2021-09-14 00:00:00+00:00
[2021-09-16 09:00:12,755] {processor.py:170} INFO - Processing /home/airflow/.local/lib/python3.8/site-packages/airflow/example_dags/example_latest_only.py took 1.533 seconds
[2021-09-16 09:00:43,183] {processor.py:162} INFO - Started process (PID=365) to work on /home/airflow/.local/lib/python3.8/site-packages/airflow/example_dags/example_latest_only.py
[2021-09-16 09:00:43,185] {processor.py:613} INFO - Processing file /home/airflow/.local/lib/python3.8/site-packages/airflow/example_dags/example_latest_only.py for tasks to queue
[2021-09-16 09:00:43,187] {logging_mixin.py:109} INFO - [2021-09-16 09:00:43,187] {dagbag.py:496} INFO - Filling up the DagBag from /home/airflow/.local/lib/python3.8/site-packages/airflow/example_dags/example_latest_only.py
[2021-09-16 09:00:43,197] {processor.py:623} INFO - DAG(s) dict_keys(['latest_only']) retrieved from /home/airflow/.local/lib/python3.8/site-packages/airflow/example_dags/example_latest_only.py
[2021-09-16 09:00:43,217] {logging_mixin.py:109} INFO - [2021-09-16 09:00:43,217] {dag.py:1833} INFO - Sync 1 DAGs
[2021-09-16 09:00:43,229] {logging_mixin.py:109} INFO - [2021-09-16 09:00:43,229] {dag.py:2306} INFO - Setting next_dagrun for latest_only to 2021-09-14 00:00:00+00:00
[2021-09-16 09:00:43,239] {processor.py:170} INFO - Processing /home/airflow/.local/lib/python3.8/site-packages/airflow/example_dags/example_latest_only.py took 0.060 seconds
[2021-09-16 09:01:13,357] {processor.py:162} INFO - Started process (PID=420) to work on /home/airflow/.local/lib/python3.8/site-packages/airflow/example_dags/example_latest_only.py
[2021-09-16 09:01:13,359] {processor.py:613} INFO - Processing file /home/airflow/.local/lib/python3.8/site-packages/airflow/example_dags/example_latest_only.py for tasks to queue
[2021-09-16 09:01:13,362] {logging_mixin.py:109} INFO - [2021-09-16 09:01:13,362] {dagbag.py:496} INFO - Filling up the DagBag from /home/airflow/.local/lib/python3.8/site-packages/airflow/example_dags/example_latest_only.py
[2021-09-16 09:01:13,373] {processor.py:623} INFO - DAG(s) dict_keys(['latest_only']) retrieved from /home/airflow/.local/lib/python3.8/site-packages/airflow/example_dags/example_latest_only.py
[2021-09-16 09:01:13,392] {logging_mixin.py:109} INFO - [2021-09-16 09:01:13,392] {dag.py:1833} INFO - Sync 1 DAGs
[2021-09-16 09:01:13,405] {logging_mixin.py:109} INFO - [2021-09-16 09:01:13,405] {dag.py:2306} INFO - Setting next_dagrun for latest_only to 2021-09-14 00:00:00+00:00
[2021-09-16 09:01:13,413] {processor.py:170} INFO - Processing /home/airflow/.local/lib/python3.8/site-packages/airflow/example_dags/example_latest_only.py took 0.059 seconds
[2021-09-16 09:01:43,753] {processor.py:162} INFO - Started process (PID=477) to work on /home/airflow/.local/lib/python3.8/site-packages/airflow/example_dags/example_latest_only.py
[2021-09-16 09:01:43,754] {processor.py:613} INFO - Processing file /home/airflow/.local/lib/python3.8/site-packages/airflow/example_dags/example_latest_only.py for tasks to queue
[2021-09-16 09:01:43,755] {logging_mixin.py:109} INFO - [2021-09-16 09:01:43,755] {dagbag.py:496} INFO - Filling up the DagBag from /home/airflow/.local/lib/python3.8/site-packages/airflow/example_dags/example_latest_only.py
[2021-09-16 09:01:43,765] {processor.py:623} INFO - DAG(s) dict_keys(['latest_only']) retrieved from /home/airflow/.local/lib/python3.8/site-packages/airflow/example_dags/example_latest_only.py
[2021-09-16 09:01:43,784] {logging_mixin.py:109} INFO - [2021-09-16 09:01:43,784] {dag.py:1833} INFO - Sync 1 DAGs
[2021-09-16 09:01:43,796] {logging_mixin.py:109} INFO - [2021-09-16 09:01:43,796] {dag.py:2306} INFO - Setting next_dagrun for latest_only to 2021-09-14 00:00:00+00:00
[2021-09-16 09:01:43,805] {processor.py:170} INFO - Processing /home/airflow/.local/lib/python3.8/site-packages/airflow/example_dags/example_latest_only.py took 0.055 seconds
[2021-09-16 09:02:14,065] {processor.py:162} INFO - Started process (PID=524) to work on /home/airflow/.local/lib/python3.8/site-packages/airflow/example_dags/example_latest_only.py
[2021-09-16 09:02:14,067] {processor.py:613} INFO - Processing file /home/airflow/.local/lib/python3.8/site-packages/airflow/example_dags/example_latest_only.py for tasks to queue
[2021-09-16 09:02:14,068] {logging_mixin.py:109} INFO - [2021-09-16 09:02:14,068] {dagbag.py:496} INFO - Filling up the DagBag from /home/airflow/.local/lib/python3.8/site-packages/airflow/example_dags/example_latest_only.py
[2021-09-16 09:02:14,083] {processor.py:623} INFO - DAG(s) dict_keys(['latest_only']) retrieved from /home/airflow/.local/lib/python3.8/site-packages/airflow/example_dags/example_latest_only.py
[2021-09-16 09:02:14,106] {logging_mixin.py:109} INFO - [2021-09-16 09:02:14,106] {dag.py:1833} INFO - Sync 1 DAGs
[2021-09-16 09:02:14,118] {logging_mixin.py:109} INFO - [2021-09-16 09:02:14,118] {dag.py:2306} INFO - Setting next_dagrun for latest_only to 2021-09-14 00:00:00+00:00
[2021-09-16 09:02:14,126] {processor.py:170} INFO - Processing /home/airflow/.local/lib/python3.8/site-packages/airflow/example_dags/example_latest_only.py took 0.065 seconds
[2021-09-16 09:02:44,457] {processor.py:162} INFO - Started process (PID=580) to work on /home/airflow/.local/lib/python3.8/site-packages/airflow/example_dags/example_latest_only.py
[2021-09-16 09:02:44,459] {processor.py:613} INFO - Processing file /home/airflow/.local/lib/python3.8/site-packages/airflow/example_dags/example_latest_only.py for tasks to queue
[2021-09-16 09:02:44,460] {logging_mixin.py:109} INFO - [2021-09-16 09:02:44,460] {dagbag.py:496} INFO - Filling up the DagBag from /home/airflow/.local/lib/python3.8/site-packages/airflow/example_dags/example_latest_only.py
[2021-09-16 09:02:44,470] {processor.py:623} INFO - DAG(s) dict_keys(['latest_only']) retrieved from /home/airflow/.local/lib/python3.8/site-packages/airflow/example_dags/example_latest_only.py
[2021-09-16 09:02:44,489] {logging_mixin.py:109} INFO - [2021-09-16 09:02:44,489] {dag.py:1833} INFO - Sync 1 DAGs
[2021-09-16 09:02:44,501] {logging_mixin.py:109} INFO - [2021-09-16 09:02:44,500] {dag.py:2306} INFO - Setting next_dagrun for latest_only to 2021-09-14 00:00:00+00:00
[2021-09-16 09:02:44,509] {processor.py:170} INFO - Processing /home/airflow/.local/lib/python3.8/site-packages/airflow/example_dags/example_latest_only.py took 0.055 seconds
[2021-09-16 09:03:14,891] {processor.py:162} INFO - Started process (PID=636) to work on /home/airflow/.local/lib/python3.8/site-packages/airflow/example_dags/example_latest_only.py
[2021-09-16 09:03:14,892] {processor.py:613} INFO - Processing file /home/airflow/.local/lib/python3.8/site-packages/airflow/example_dags/example_latest_only.py for tasks to queue
[2021-09-16 09:03:14,894] {logging_mixin.py:109} INFO - [2021-09-16 09:03:14,894] {dagbag.py:496} INFO - Filling up the DagBag from /home/airflow/.local/lib/python3.8/site-packages/airflow/example_dags/example_latest_only.py
[2021-09-16 09:03:14,911] {processor.py:623} INFO - DAG(s) dict_keys(['latest_only']) retrieved from /home/airflow/.local/lib/python3.8/site-packages/airflow/example_dags/example_latest_only.py
[2021-09-16 09:03:14,930] {logging_mixin.py:109} INFO - [2021-09-16 09:03:14,930] {dag.py:1833} INFO - Sync 1 DAGs
[2021-09-16 09:03:14,941] {logging_mixin.py:109} INFO - [2021-09-16 09:03:14,941] {dag.py:2306} INFO - Setting next_dagrun for latest_only to 2021-09-14 00:00:00+00:00
[2021-09-16 09:03:14,950] {processor.py:170} INFO - Processing /home/airflow/.local/lib/python3.8/site-packages/airflow/example_dags/example_latest_only.py took 0.062 seconds
[2021-09-16 09:03:45,058] {processor.py:162} INFO - Started process (PID=683) to work on /home/airflow/.local/lib/python3.8/site-packages/airflow/example_dags/example_latest_only.py
[2021-09-16 09:03:45,060] {processor.py:613} INFO - Processing file /home/airflow/.local/lib/python3.8/site-packages/airflow/example_dags/example_latest_only.py for tasks to queue
[2021-09-16 09:03:45,061] {logging_mixin.py:109} INFO - [2021-09-16 09:03:45,061] {dagbag.py:496} INFO - Filling up the DagBag from /home/airflow/.local/lib/python3.8/site-packages/airflow/example_dags/example_latest_only.py
[2021-09-16 09:03:45,071] {processor.py:623} INFO - DAG(s) dict_keys(['latest_only']) retrieved from /home/airflow/.local/lib/python3.8/site-packages/airflow/example_dags/example_latest_only.py
[2021-09-16 09:03:45,089] {logging_mixin.py:109} INFO - [2021-09-16 09:03:45,089] {dag.py:1833} INFO - Sync 1 DAGs
[2021-09-16 09:03:45,101] {logging_mixin.py:109} INFO - [2021-09-16 09:03:45,101] {dag.py:2306} INFO - Setting next_dagrun for latest_only to 2021-09-14 00:00:00+00:00
[2021-09-16 09:03:45,109] {processor.py:170} INFO - Processing /home/airflow/.local/lib/python3.8/site-packages/airflow/example_dags/example_latest_only.py took 0.054 seconds
[2021-09-16 09:04:15,391] {processor.py:162} INFO - Started process (PID=739) to work on /home/airflow/.local/lib/python3.8/site-packages/airflow/example_dags/example_latest_only.py
[2021-09-16 09:04:15,392] {processor.py:613} INFO - Processing file /home/airflow/.local/lib/python3.8/site-packages/airflow/example_dags/example_latest_only.py for tasks to queue
[2021-09-16 09:04:15,393] {logging_mixin.py:109} INFO - [2021-09-16 09:04:15,393] {dagbag.py:496} INFO - Filling up the DagBag from /home/airflow/.local/lib/python3.8/site-packages/airflow/example_dags/example_latest_only.py
[2021-09-16 09:04:15,403] {processor.py:623} INFO - DAG(s) dict_keys(['latest_only']) retrieved from /home/airflow/.local/lib/python3.8/site-packages/airflow/example_dags/example_latest_only.py
[2021-09-16 09:04:15,422] {logging_mixin.py:109} INFO - [2021-09-16 09:04:15,422] {dag.py:1833} INFO - Sync 1 DAGs
[2021-09-16 09:04:15,434] {logging_mixin.py:109} INFO - [2021-09-16 09:04:15,434] {dag.py:2306} INFO - Setting next_dagrun for latest_only to 2021-09-14 00:00:00+00:00
[2021-09-16 09:04:15,442] {processor.py:170} INFO - Processing /home/airflow/.local/lib/python3.8/site-packages/airflow/example_dags/example_latest_only.py took 0.055 seconds
[2021-09-16 09:04:45,567] {processor.py:162} INFO - Started process (PID=797) to work on /home/airflow/.local/lib/python3.8/site-packages/airflow/example_dags/example_latest_only.py
[2021-09-16 09:04:45,569] {processor.py:613} INFO - Processing file /home/airflow/.local/lib/python3.8/site-packages/airflow/example_dags/example_latest_only.py for tasks to queue
[2021-09-16 09:04:45,569] {logging_mixin.py:109} INFO - [2021-09-16 09:04:45,569] {dagbag.py:496} INFO - Filling up the DagBag from /home/airflow/.local/lib/python3.8/site-packages/airflow/example_dags/example_latest_only.py
[2021-09-16 09:04:45,579] {processor.py:623} INFO - DAG(s) dict_keys(['latest_only']) retrieved from /home/airflow/.local/lib/python3.8/site-packages/airflow/example_dags/example_latest_only.py
[2021-09-16 09:04:45,596] {logging_mixin.py:109} INFO - [2021-09-16 09:04:45,596] {dag.py:1833} INFO - Sync 1 DAGs
[2021-09-16 09:04:45,606] {logging_mixin.py:109} INFO - [2021-09-16 09:04:45,606] {dag.py:2306} INFO - Setting next_dagrun for latest_only to 2021-09-14 00:00:00+00:00
[2021-09-16 09:04:45,614] {processor.py:170} INFO - Processing /home/airflow/.local/lib/python3.8/site-packages/airflow/example_dags/example_latest_only.py took 0.050 seconds
[2021-09-16 09:05:15,704] {processor.py:162} INFO - Started process (PID=852) to work on /home/airflow/.local/lib/python3.8/site-packages/airflow/example_dags/example_latest_only.py
[2021-09-16 09:05:15,705] {processor.py:613} INFO - Processing file /home/airflow/.local/lib/python3.8/site-packages/airflow/example_dags/example_latest_only.py for tasks to queue
[2021-09-16 09:05:15,707] {logging_mixin.py:109} INFO - [2021-09-16 09:05:15,706] {dagbag.py:496} INFO - Filling up the DagBag from /home/airflow/.local/lib/python3.8/site-packages/airflow/example_dags/example_latest_only.py
[2021-09-16 09:05:15,717] {processor.py:623} INFO - DAG(s) dict_keys(['latest_only']) retrieved from /home/airflow/.local/lib/python3.8/site-packages/airflow/example_dags/example_latest_only.py
[2021-09-16 09:05:15,747] {logging_mixin.py:109} INFO - [2021-09-16 09:05:15,747] {dag.py:1833} INFO - Sync 1 DAGs
[2021-09-16 09:05:15,759] {logging_mixin.py:109} INFO - [2021-09-16 09:05:15,759] {dag.py:2306} INFO - Setting next_dagrun for latest_only to 2021-09-14 00:00:00+00:00
[2021-09-16 09:05:15,771] {processor.py:170} INFO - Processing /home/airflow/.local/lib/python3.8/site-packages/airflow/example_dags/example_latest_only.py took 0.071 seconds
[2021-09-16 09:05:46,176] {processor.py:162} INFO - Started process (PID=900) to work on /home/airflow/.local/lib/python3.8/site-packages/airflow/example_dags/example_latest_only.py
[2021-09-16 09:05:46,177] {processor.py:613} INFO - Processing file /home/airflow/.local/lib/python3.8/site-packages/airflow/example_dags/example_latest_only.py for tasks to queue
[2021-09-16 09:05:46,178] {logging_mixin.py:109} INFO - [2021-09-16 09:05:46,178] {dagbag.py:496} INFO - Filling up the DagBag from /home/airflow/.local/lib/python3.8/site-packages/airflow/example_dags/example_latest_only.py
[2021-09-16 09:05:46,190] {processor.py:623} INFO - DAG(s) dict_keys(['latest_only']) retrieved from /home/airflow/.local/lib/python3.8/site-packages/airflow/example_dags/example_latest_only.py
[2021-09-16 09:05:46,208] {logging_mixin.py:109} INFO - [2021-09-16 09:05:46,207] {dag.py:1833} INFO - Sync 1 DAGs
[2021-09-16 09:05:46,218] {logging_mixin.py:109} INFO - [2021-09-16 09:05:46,218] {dag.py:2306} INFO - Setting next_dagrun for latest_only to 2021-09-14 00:00:00+00:00
[2021-09-16 09:05:46,227] {processor.py:170} INFO - Processing /home/airflow/.local/lib/python3.8/site-packages/airflow/example_dags/example_latest_only.py took 0.055 seconds
[2021-09-16 09:06:16,425] {processor.py:162} INFO - Started process (PID=956) to work on /home/airflow/.local/lib/python3.8/site-packages/airflow/example_dags/example_latest_only.py
[2021-09-16 09:06:16,427] {processor.py:613} INFO - Processing file /home/airflow/.local/lib/python3.8/site-packages/airflow/example_dags/example_latest_only.py for tasks to queue
[2021-09-16 09:06:16,428] {logging_mixin.py:109} INFO - [2021-09-16 09:06:16,428] {dagbag.py:496} INFO - Filling up the DagBag from /home/airflow/.local/lib/python3.8/site-packages/airflow/example_dags/example_latest_only.py
[2021-09-16 09:06:16,439] {processor.py:623} INFO - DAG(s) dict_keys(['latest_only']) retrieved from /home/airflow/.local/lib/python3.8/site-packages/airflow/example_dags/example_latest_only.py
[2021-09-16 09:06:16,462] {logging_mixin.py:109} INFO - [2021-09-16 09:06:16,462] {dag.py:1833} INFO - Sync 1 DAGs
[2021-09-16 09:06:16,473] {logging_mixin.py:109} INFO - [2021-09-16 09:06:16,473] {dag.py:2306} INFO - Setting next_dagrun for latest_only to 2021-09-14 00:00:00+00:00
[2021-09-16 09:06:16,482] {processor.py:170} INFO - Processing /home/airflow/.local/lib/python3.8/site-packages/airflow/example_dags/example_latest_only.py took 0.061 seconds
[2021-09-16 09:06:46,581] {processor.py:162} INFO - Started process (PID=1012) to work on /home/airflow/.local/lib/python3.8/site-packages/airflow/example_dags/example_latest_only.py
[2021-09-16 09:06:46,583] {processor.py:613} INFO - Processing file /home/airflow/.local/lib/python3.8/site-packages/airflow/example_dags/example_latest_only.py for tasks to queue
[2021-09-16 09:06:46,584] {logging_mixin.py:109} INFO - [2021-09-16 09:06:46,584] {dagbag.py:496} INFO - Filling up the DagBag from /home/airflow/.local/lib/python3.8/site-packages/airflow/example_dags/example_latest_only.py
[2021-09-16 09:06:46,594] {processor.py:623} INFO - DAG(s) dict_keys(['latest_only']) retrieved from /home/airflow/.local/lib/python3.8/site-packages/airflow/example_dags/example_latest_only.py
[2021-09-16 09:06:46,615] {logging_mixin.py:109} INFO - [2021-09-16 09:06:46,615] {dag.py:1833} INFO - Sync 1 DAGs
[2021-09-16 09:06:46,626] {logging_mixin.py:109} INFO - [2021-09-16 09:06:46,626] {dag.py:2306} INFO - Setting next_dagrun for latest_only to 2021-09-14 00:00:00+00:00
[2021-09-16 09:06:46,634] {processor.py:170} INFO - Processing /home/airflow/.local/lib/python3.8/site-packages/airflow/example_dags/example_latest_only.py took 0.057 seconds
[2021-09-16 09:07:16,877] {processor.py:162} INFO - Started process (PID=1059) to work on /home/airflow/.local/lib/python3.8/site-packages/airflow/example_dags/example_latest_only.py
[2021-09-16 09:07:16,879] {processor.py:613} INFO - Processing file /home/airflow/.local/lib/python3.8/site-packages/airflow/example_dags/example_latest_only.py for tasks to queue
[2021-09-16 09:07:16,881] {logging_mixin.py:109} INFO - [2021-09-16 09:07:16,880] {dagbag.py:496} INFO - Filling up the DagBag from /home/airflow/.local/lib/python3.8/site-packages/airflow/example_dags/example_latest_only.py
[2021-09-16 09:07:16,893] {processor.py:623} INFO - DAG(s) dict_keys(['latest_only']) retrieved from /home/airflow/.local/lib/python3.8/site-packages/airflow/example_dags/example_latest_only.py
[2021-09-16 09:07:16,913] {logging_mixin.py:109} INFO - [2021-09-16 09:07:16,912] {dag.py:1833} INFO - Sync 1 DAGs
[2021-09-16 09:07:16,923] {logging_mixin.py:109} INFO - [2021-09-16 09:07:16,923] {dag.py:2306} INFO - Setting next_dagrun for latest_only to 2021-09-14 00:00:00+00:00
[2021-09-16 09:07:16,931] {processor.py:170} INFO - Processing /home/airflow/.local/lib/python3.8/site-packages/airflow/example_dags/example_latest_only.py took 0.057 seconds
[2021-09-16 09:07:47,378] {processor.py:162} INFO - Started process (PID=1114) to work on /home/airflow/.local/lib/python3.8/site-packages/airflow/example_dags/example_latest_only.py
[2021-09-16 09:07:47,380] {processor.py:613} INFO - Processing file /home/airflow/.local/lib/python3.8/site-packages/airflow/example_dags/example_latest_only.py for tasks to queue
[2021-09-16 09:07:47,381] {logging_mixin.py:109} INFO - [2021-09-16 09:07:47,381] {dagbag.py:496} INFO - Filling up the DagBag from /home/airflow/.local/lib/python3.8/site-packages/airflow/example_dags/example_latest_only.py
[2021-09-16 09:07:47,392] {processor.py:623} INFO - DAG(s) dict_keys(['latest_only']) retrieved from /home/airflow/.local/lib/python3.8/site-packages/airflow/example_dags/example_latest_only.py
[2021-09-16 09:07:47,413] {logging_mixin.py:109} INFO - [2021-09-16 09:07:47,412] {dag.py:1833} INFO - Sync 1 DAGs
[2021-09-16 09:07:47,423] {logging_mixin.py:109} INFO - [2021-09-16 09:07:47,423] {dag.py:2306} INFO - Setting next_dagrun for latest_only to 2021-09-14 00:00:00+00:00
[2021-09-16 09:07:47,432] {processor.py:170} INFO - Processing /home/airflow/.local/lib/python3.8/site-packages/airflow/example_dags/example_latest_only.py took 0.057 seconds
[2021-09-16 09:08:17,747] {processor.py:162} INFO - Started process (PID=1170) to work on /home/airflow/.local/lib/python3.8/site-packages/airflow/example_dags/example_latest_only.py
[2021-09-16 09:08:17,749] {processor.py:613} INFO - Processing file /home/airflow/.local/lib/python3.8/site-packages/airflow/example_dags/example_latest_only.py for tasks to queue
[2021-09-16 09:08:17,750] {logging_mixin.py:109} INFO - [2021-09-16 09:08:17,750] {dagbag.py:496} INFO - Filling up the DagBag from /home/airflow/.local/lib/python3.8/site-packages/airflow/example_dags/example_latest_only.py
[2021-09-16 09:08:17,761] {processor.py:623} INFO - DAG(s) dict_keys(['latest_only']) retrieved from /home/airflow/.local/lib/python3.8/site-packages/airflow/example_dags/example_latest_only.py
[2021-09-16 09:08:17,785] {logging_mixin.py:109} INFO - [2021-09-16 09:08:17,785] {dag.py:1833} INFO - Sync 1 DAGs
[2021-09-16 09:08:17,800] {logging_mixin.py:109} INFO - [2021-09-16 09:08:17,800] {dag.py:2306} INFO - Setting next_dagrun for latest_only to 2021-09-14 00:00:00+00:00
[2021-09-16 09:08:17,809] {processor.py:170} INFO - Processing /home/airflow/.local/lib/python3.8/site-packages/airflow/example_dags/example_latest_only.py took 0.067 seconds
[2021-09-16 09:08:48,166] {processor.py:162} INFO - Started process (PID=1226) to work on /home/airflow/.local/lib/python3.8/site-packages/airflow/example_dags/example_latest_only.py
[2021-09-16 09:08:48,168] {processor.py:613} INFO - Processing file /home/airflow/.local/lib/python3.8/site-packages/airflow/example_dags/example_latest_only.py for tasks to queue
[2021-09-16 09:08:48,169] {logging_mixin.py:109} INFO - [2021-09-16 09:08:48,169] {dagbag.py:496} INFO - Filling up the DagBag from /home/airflow/.local/lib/python3.8/site-packages/airflow/example_dags/example_latest_only.py
[2021-09-16 09:08:48,180] {processor.py:623} INFO - DAG(s) dict_keys(['latest_only']) retrieved from /home/airflow/.local/lib/python3.8/site-packages/airflow/example_dags/example_latest_only.py
[2021-09-16 09:08:48,213] {logging_mixin.py:109} INFO - [2021-09-16 09:08:48,213] {dag.py:1833} INFO - Sync 1 DAGs
[2021-09-16 09:08:48,226] {logging_mixin.py:109} INFO - [2021-09-16 09:08:48,226] {dag.py:2306} INFO - Setting next_dagrun for latest_only to 2021-09-14 00:00:00+00:00
[2021-09-16 09:08:48,235] {processor.py:170} INFO - Processing /home/airflow/.local/lib/python3.8/site-packages/airflow/example_dags/example_latest_only.py took 0.074 seconds
[2021-09-16 09:09:18,566] {processor.py:162} INFO - Started process (PID=1274) to work on /home/airflow/.local/lib/python3.8/site-packages/airflow/example_dags/example_latest_only.py
[2021-09-16 09:09:18,568] {processor.py:613} INFO - Processing file /home/airflow/.local/lib/python3.8/site-packages/airflow/example_dags/example_latest_only.py for tasks to queue
[2021-09-16 09:09:18,569] {logging_mixin.py:109} INFO - [2021-09-16 09:09:18,569] {dagbag.py:496} INFO - Filling up the DagBag from /home/airflow/.local/lib/python3.8/site-packages/airflow/example_dags/example_latest_only.py
[2021-09-16 09:09:18,581] {processor.py:623} INFO - DAG(s) dict_keys(['latest_only']) retrieved from /home/airflow/.local/lib/python3.8/site-packages/airflow/example_dags/example_latest_only.py
[2021-09-16 09:09:18,599] {logging_mixin.py:109} INFO - [2021-09-16 09:09:18,599] {dag.py:1833} INFO - Sync 1 DAGs
[2021-09-16 09:09:18,610] {logging_mixin.py:109} INFO - [2021-09-16 09:09:18,610] {dag.py:2306} INFO - Setting next_dagrun for latest_only to 2021-09-14 00:00:00+00:00
[2021-09-16 09:09:18,618] {processor.py:170} INFO - Processing /home/airflow/.local/lib/python3.8/site-packages/airflow/example_dags/example_latest_only.py took 0.055 seconds
[2021-09-16 09:09:48,916] {processor.py:162} INFO - Started process (PID=1330) to work on /home/airflow/.local/lib/python3.8/site-packages/airflow/example_dags/example_latest_only.py
[2021-09-16 09:09:48,917] {processor.py:613} INFO - Processing file /home/airflow/.local/lib/python3.8/site-packages/airflow/example_dags/example_latest_only.py for tasks to queue
[2021-09-16 09:09:48,919] {logging_mixin.py:109} INFO - [2021-09-16 09:09:48,919] {dagbag.py:496} INFO - Filling up the DagBag from /home/airflow/.local/lib/python3.8/site-packages/airflow/example_dags/example_latest_only.py
[2021-09-16 09:09:48,930] {processor.py:623} INFO - DAG(s) dict_keys(['latest_only']) retrieved from /home/airflow/.local/lib/python3.8/site-packages/airflow/example_dags/example_latest_only.py
[2021-09-16 09:09:48,955] {logging_mixin.py:109} INFO - [2021-09-16 09:09:48,955] {dag.py:1833} INFO - Sync 1 DAGs
[2021-09-16 09:09:48,970] {logging_mixin.py:109} INFO - [2021-09-16 09:09:48,969] {dag.py:2306} INFO - Setting next_dagrun for latest_only to 2021-09-14 00:00:00+00:00
[2021-09-16 09:09:48,979] {processor.py:170} INFO - Processing /home/airflow/.local/lib/python3.8/site-packages/airflow/example_dags/example_latest_only.py took 0.069 seconds
[2021-09-16 09:10:19,306] {processor.py:162} INFO - Started process (PID=1386) to work on /home/airflow/.local/lib/python3.8/site-packages/airflow/example_dags/example_latest_only.py
[2021-09-16 09:10:19,307] {processor.py:613} INFO - Processing file /home/airflow/.local/lib/python3.8/site-packages/airflow/example_dags/example_latest_only.py for tasks to queue
[2021-09-16 09:10:19,308] {logging_mixin.py:109} INFO - [2021-09-16 09:10:19,308] {dagbag.py:496} INFO - Filling up the DagBag from /home/airflow/.local/lib/python3.8/site-packages/airflow/example_dags/example_latest_only.py
[2021-09-16 09:10:19,320] {processor.py:623} INFO - DAG(s) dict_keys(['latest_only']) retrieved from /home/airflow/.local/lib/python3.8/site-packages/airflow/example_dags/example_latest_only.py
[2021-09-16 09:10:19,339] {logging_mixin.py:109} INFO - [2021-09-16 09:10:19,339] {dag.py:1833} INFO - Sync 1 DAGs
[2021-09-16 09:10:19,351] {logging_mixin.py:109} INFO - [2021-09-16 09:10:19,350] {dag.py:2306} INFO - Setting next_dagrun for latest_only to 2021-09-14 00:00:00+00:00
[2021-09-16 09:10:19,359] {processor.py:170} INFO - Processing /home/airflow/.local/lib/python3.8/site-packages/airflow/example_dags/example_latest_only.py took 0.056 seconds
[2021-09-16 09:10:49,937] {processor.py:162} INFO - Started process (PID=1433) to work on /home/airflow/.local/lib/python3.8/site-packages/airflow/example_dags/example_latest_only.py
[2021-09-16 09:10:49,938] {processor.py:613} INFO - Processing file /home/airflow/.local/lib/python3.8/site-packages/airflow/example_dags/example_latest_only.py for tasks to queue
[2021-09-16 09:10:49,939] {logging_mixin.py:109} INFO - [2021-09-16 09:10:49,939] {dagbag.py:496} INFO - Filling up the DagBag from /home/airflow/.local/lib/python3.8/site-packages/airflow/example_dags/example_latest_only.py
[2021-09-16 09:10:49,950] {processor.py:623} INFO - DAG(s) dict_keys(['latest_only']) retrieved from /home/airflow/.local/lib/python3.8/site-packages/airflow/example_dags/example_latest_only.py
[2021-09-16 09:10:49,969] {logging_mixin.py:109} INFO - [2021-09-16 09:10:49,968] {dag.py:1833} INFO - Sync 1 DAGs
[2021-09-16 09:10:49,980] {logging_mixin.py:109} INFO - [2021-09-16 09:10:49,980] {dag.py:2306} INFO - Setting next_dagrun for latest_only to 2021-09-14 00:00:00+00:00
[2021-09-16 09:10:49,989] {processor.py:170} INFO - Processing /home/airflow/.local/lib/python3.8/site-packages/airflow/example_dags/example_latest_only.py took 0.056 seconds
[2021-09-16 09:11:20,437] {processor.py:162} INFO - Started process (PID=1490) to work on /home/airflow/.local/lib/python3.8/site-packages/airflow/example_dags/example_latest_only.py
[2021-09-16 09:11:20,439] {processor.py:613} INFO - Processing file /home/airflow/.local/lib/python3.8/site-packages/airflow/example_dags/example_latest_only.py for tasks to queue
[2021-09-16 09:11:20,440] {logging_mixin.py:109} INFO - [2021-09-16 09:11:20,440] {dagbag.py:496} INFO - Filling up the DagBag from /home/airflow/.local/lib/python3.8/site-packages/airflow/example_dags/example_latest_only.py
[2021-09-16 09:11:20,453] {processor.py:623} INFO - DAG(s) dict_keys(['latest_only']) retrieved from /home/airflow/.local/lib/python3.8/site-packages/airflow/example_dags/example_latest_only.py
[2021-09-16 09:11:20,472] {logging_mixin.py:109} INFO - [2021-09-16 09:11:20,472] {dag.py:1833} INFO - Sync 1 DAGs
[2021-09-16 09:11:20,484] {logging_mixin.py:109} INFO - [2021-09-16 09:11:20,484] {dag.py:2306} INFO - Setting next_dagrun for latest_only to 2021-09-14 00:00:00+00:00
[2021-09-16 09:11:20,492] {processor.py:170} INFO - Processing /home/airflow/.local/lib/python3.8/site-packages/airflow/example_dags/example_latest_only.py took 0.059 seconds
[2021-09-16 09:11:50,913] {processor.py:162} INFO - Started process (PID=1546) to work on /home/airflow/.local/lib/python3.8/site-packages/airflow/example_dags/example_latest_only.py
[2021-09-16 09:11:50,915] {processor.py:613} INFO - Processing file /home/airflow/.local/lib/python3.8/site-packages/airflow/example_dags/example_latest_only.py for tasks to queue
[2021-09-16 09:11:50,916] {logging_mixin.py:109} INFO - [2021-09-16 09:11:50,916] {dagbag.py:496} INFO - Filling up the DagBag from /home/airflow/.local/lib/python3.8/site-packages/airflow/example_dags/example_latest_only.py
[2021-09-16 09:11:50,926] {processor.py:623} INFO - DAG(s) dict_keys(['latest_only']) retrieved from /home/airflow/.local/lib/python3.8/site-packages/airflow/example_dags/example_latest_only.py
[2021-09-16 09:11:50,946] {logging_mixin.py:109} INFO - [2021-09-16 09:11:50,946] {dag.py:1833} INFO - Sync 1 DAGs
[2021-09-16 09:11:50,958] {logging_mixin.py:109} INFO - [2021-09-16 09:11:50,958] {dag.py:2306} INFO - Setting next_dagrun for latest_only to 2021-09-14 00:00:00+00:00
[2021-09-16 09:11:50,966] {processor.py:170} INFO - Processing /home/airflow/.local/lib/python3.8/site-packages/airflow/example_dags/example_latest_only.py took 0.057 seconds
[2021-09-16 09:12:21,388] {processor.py:162} INFO - Started process (PID=1601) to work on /home/airflow/.local/lib/python3.8/site-packages/airflow/example_dags/example_latest_only.py
[2021-09-16 09:12:21,390] {processor.py:613} INFO - Processing file /home/airflow/.local/lib/python3.8/site-packages/airflow/example_dags/example_latest_only.py for tasks to queue
[2021-09-16 09:12:21,391] {logging_mixin.py:109} INFO - [2021-09-16 09:12:21,391] {dagbag.py:496} INFO - Filling up the DagBag from /home/airflow/.local/lib/python3.8/site-packages/airflow/example_dags/example_latest_only.py
[2021-09-16 09:12:21,401] {processor.py:623} INFO - DAG(s) dict_keys(['latest_only']) retrieved from /home/airflow/.local/lib/python3.8/site-packages/airflow/example_dags/example_latest_only.py
[2021-09-16 09:12:21,420] {logging_mixin.py:109} INFO - [2021-09-16 09:12:21,420] {dag.py:1833} INFO - Sync 1 DAGs
[2021-09-16 09:12:21,432] {logging_mixin.py:109} INFO - [2021-09-16 09:12:21,432] {dag.py:2306} INFO - Setting next_dagrun for latest_only to 2021-09-14 00:00:00+00:00
[2021-09-16 09:12:21,441] {processor.py:170} INFO - Processing /home/airflow/.local/lib/python3.8/site-packages/airflow/example_dags/example_latest_only.py took 0.057 seconds
[2021-09-16 09:12:51,841] {processor.py:162} INFO - Started process (PID=1649) to work on /home/airflow/.local/lib/python3.8/site-packages/airflow/example_dags/example_latest_only.py
[2021-09-16 09:12:51,842] {processor.py:613} INFO - Processing file /home/airflow/.local/lib/python3.8/site-packages/airflow/example_dags/example_latest_only.py for tasks to queue
[2021-09-16 09:12:51,843] {logging_mixin.py:109} INFO - [2021-09-16 09:12:51,843] {dagbag.py:496} INFO - Filling up the DagBag from /home/airflow/.local/lib/python3.8/site-packages/airflow/example_dags/example_latest_only.py
[2021-09-16 09:12:51,855] {processor.py:623} INFO - DAG(s) dict_keys(['latest_only']) retrieved from /home/airflow/.local/lib/python3.8/site-packages/airflow/example_dags/example_latest_only.py
[2021-09-16 09:12:51,875] {logging_mixin.py:109} INFO - [2021-09-16 09:12:51,875] {dag.py:1833} INFO - Sync 1 DAGs
[2021-09-16 09:12:51,886] {logging_mixin.py:109} INFO - [2021-09-16 09:12:51,886] {dag.py:2306} INFO - Setting next_dagrun for latest_only to 2021-09-14 00:00:00+00:00
[2021-09-16 09:12:51,895] {processor.py:170} INFO - Processing /home/airflow/.local/lib/python3.8/site-packages/airflow/example_dags/example_latest_only.py took 0.058 seconds
[2021-09-16 09:13:22,353] {processor.py:162} INFO - Started process (PID=1705) to work on /home/airflow/.local/lib/python3.8/site-packages/airflow/example_dags/example_latest_only.py
[2021-09-16 09:13:22,357] {processor.py:613} INFO - Processing file /home/airflow/.local/lib/python3.8/site-packages/airflow/example_dags/example_latest_only.py for tasks to queue
[2021-09-16 09:13:22,358] {logging_mixin.py:109} INFO - [2021-09-16 09:13:22,358] {dagbag.py:496} INFO - Filling up the DagBag from /home/airflow/.local/lib/python3.8/site-packages/airflow/example_dags/example_latest_only.py
[2021-09-16 09:13:22,370] {processor.py:623} INFO - DAG(s) dict_keys(['latest_only']) retrieved from /home/airflow/.local/lib/python3.8/site-packages/airflow/example_dags/example_latest_only.py
[2021-09-16 09:13:22,390] {logging_mixin.py:109} INFO - [2021-09-16 09:13:22,390] {dag.py:1833} INFO - Sync 1 DAGs
[2021-09-16 09:13:22,401] {logging_mixin.py:109} INFO - [2021-09-16 09:13:22,401] {dag.py:2306} INFO - Setting next_dagrun for latest_only to 2021-09-14 00:00:00+00:00
[2021-09-16 09:13:22,409] {processor.py:170} INFO - Processing /home/airflow/.local/lib/python3.8/site-packages/airflow/example_dags/example_latest_only.py took 0.060 seconds
[2021-09-16 09:13:52,617] {processor.py:162} INFO - Started process (PID=1761) to work on /home/airflow/.local/lib/python3.8/site-packages/airflow/example_dags/example_latest_only.py
[2021-09-16 09:13:52,618] {processor.py:613} INFO - Processing file /home/airflow/.local/lib/python3.8/site-packages/airflow/example_dags/example_latest_only.py for tasks to queue
[2021-09-16 09:13:52,619] {logging_mixin.py:109} INFO - [2021-09-16 09:13:52,619] {dagbag.py:496} INFO - Filling up the DagBag from /home/airflow/.local/lib/python3.8/site-packages/airflow/example_dags/example_latest_only.py
[2021-09-16 09:13:52,629] {processor.py:623} INFO - DAG(s) dict_keys(['latest_only']) retrieved from /home/airflow/.local/lib/python3.8/site-packages/airflow/example_dags/example_latest_only.py
[2021-09-16 09:13:52,648] {logging_mixin.py:109} INFO - [2021-09-16 09:13:52,648] {dag.py:1833} INFO - Sync 1 DAGs
[2021-09-16 09:13:52,660] {logging_mixin.py:109} INFO - [2021-09-16 09:13:52,660] {dag.py:2306} INFO - Setting next_dagrun for latest_only to 2021-09-14 00:00:00+00:00
[2021-09-16 09:13:52,672] {processor.py:170} INFO - Processing /home/airflow/.local/lib/python3.8/site-packages/airflow/example_dags/example_latest_only.py took 0.058 seconds
[2021-09-16 09:14:22,780] {processor.py:162} INFO - Started process (PID=1808) to work on /home/airflow/.local/lib/python3.8/site-packages/airflow/example_dags/example_latest_only.py
[2021-09-16 09:14:22,782] {processor.py:613} INFO - Processing file /home/airflow/.local/lib/python3.8/site-packages/airflow/example_dags/example_latest_only.py for tasks to queue
[2021-09-16 09:14:22,783] {logging_mixin.py:109} INFO - [2021-09-16 09:14:22,783] {dagbag.py:496} INFO - Filling up the DagBag from /home/airflow/.local/lib/python3.8/site-packages/airflow/example_dags/example_latest_only.py
[2021-09-16 09:14:22,794] {processor.py:623} INFO - DAG(s) dict_keys(['latest_only']) retrieved from /home/airflow/.local/lib/python3.8/site-packages/airflow/example_dags/example_latest_only.py
[2021-09-16 09:14:22,815] {logging_mixin.py:109} INFO - [2021-09-16 09:14:22,815] {dag.py:1833} INFO - Sync 1 DAGs
[2021-09-16 09:14:22,826] {logging_mixin.py:109} INFO - [2021-09-16 09:14:22,826] {dag.py:2306} INFO - Setting next_dagrun for latest_only to 2021-09-14 00:00:00+00:00
[2021-09-16 09:14:22,836] {processor.py:170} INFO - Processing /home/airflow/.local/lib/python3.8/site-packages/airflow/example_dags/example_latest_only.py took 0.059 seconds
[2021-09-16 09:14:53,022] {processor.py:162} INFO - Started process (PID=1863) to work on /home/airflow/.local/lib/python3.8/site-packages/airflow/example_dags/example_latest_only.py
[2021-09-16 09:14:53,023] {processor.py:613} INFO - Processing file /home/airflow/.local/lib/python3.8/site-packages/airflow/example_dags/example_latest_only.py for tasks to queue
[2021-09-16 09:14:53,025] {logging_mixin.py:109} INFO - [2021-09-16 09:14:53,025] {dagbag.py:496} INFO - Filling up the DagBag from /home/airflow/.local/lib/python3.8/site-packages/airflow/example_dags/example_latest_only.py
[2021-09-16 09:14:53,038] {processor.py:623} INFO - DAG(s) dict_keys(['latest_only']) retrieved from /home/airflow/.local/lib/python3.8/site-packages/airflow/example_dags/example_latest_only.py
[2021-09-16 09:14:53,060] {logging_mixin.py:109} INFO - [2021-09-16 09:14:53,060] {dag.py:1833} INFO - Sync 1 DAGs
[2021-09-16 09:14:53,094] {logging_mixin.py:109} INFO - [2021-09-16 09:14:53,094] {dag.py:2306} INFO - Setting next_dagrun for latest_only to 2021-09-14 00:00:00+00:00
[2021-09-16 09:14:53,105] {processor.py:170} INFO - Processing /home/airflow/.local/lib/python3.8/site-packages/airflow/example_dags/example_latest_only.py took 0.088 seconds
[2021-09-16 09:15:23,390] {processor.py:162} INFO - Started process (PID=1920) to work on /home/airflow/.local/lib/python3.8/site-packages/airflow/example_dags/example_latest_only.py
[2021-09-16 09:15:23,391] {processor.py:613} INFO - Processing file /home/airflow/.local/lib/python3.8/site-packages/airflow/example_dags/example_latest_only.py for tasks to queue
[2021-09-16 09:15:23,392] {logging_mixin.py:109} INFO - [2021-09-16 09:15:23,392] {dagbag.py:496} INFO - Filling up the DagBag from /home/airflow/.local/lib/python3.8/site-packages/airflow/example_dags/example_latest_only.py
[2021-09-16 09:15:23,404] {processor.py:623} INFO - DAG(s) dict_keys(['latest_only']) retrieved from /home/airflow/.local/lib/python3.8/site-packages/airflow/example_dags/example_latest_only.py
[2021-09-16 09:15:23,425] {logging_mixin.py:109} INFO - [2021-09-16 09:15:23,424] {dag.py:1833} INFO - Sync 1 DAGs
[2021-09-16 09:15:23,437] {logging_mixin.py:109} INFO - [2021-09-16 09:15:23,437] {dag.py:2306} INFO - Setting next_dagrun for latest_only to 2021-09-14 00:00:00+00:00
[2021-09-16 09:15:23,447] {processor.py:170} INFO - Processing /home/airflow/.local/lib/python3.8/site-packages/airflow/example_dags/example_latest_only.py took 0.061 seconds
[2021-09-16 09:15:53,781] {processor.py:162} INFO - Started process (PID=1967) to work on /home/airflow/.local/lib/python3.8/site-packages/airflow/example_dags/example_latest_only.py
[2021-09-16 09:15:53,783] {processor.py:613} INFO - Processing file /home/airflow/.local/lib/python3.8/site-packages/airflow/example_dags/example_latest_only.py for tasks to queue
[2021-09-16 09:15:53,784] {logging_mixin.py:109} INFO - [2021-09-16 09:15:53,784] {dagbag.py:496} INFO - Filling up the DagBag from /home/airflow/.local/lib/python3.8/site-packages/airflow/example_dags/example_latest_only.py
[2021-09-16 09:15:53,795] {processor.py:623} INFO - DAG(s) dict_keys(['latest_only']) retrieved from /home/airflow/.local/lib/python3.8/site-packages/airflow/example_dags/example_latest_only.py
[2021-09-16 09:15:53,813] {logging_mixin.py:109} INFO - [2021-09-16 09:15:53,813] {dag.py:1833} INFO - Sync 1 DAGs
[2021-09-16 09:15:53,825] {logging_mixin.py:109} INFO - [2021-09-16 09:15:53,825] {dag.py:2306} INFO - Setting next_dagrun for latest_only to 2021-09-14 00:00:00+00:00
[2021-09-16 09:15:53,833] {processor.py:170} INFO - Processing /home/airflow/.local/lib/python3.8/site-packages/airflow/example_dags/example_latest_only.py took 0.055 seconds
