[2021-09-16 08:37:48,912] {processor.py:162} INFO - Started process (PID=148) to work on /home/airflow/.local/lib/python3.8/site-packages/airflow/example_dags/example_branch_operator.py
[2021-09-16 08:37:48,914] {processor.py:613} INFO - Processing file /home/airflow/.local/lib/python3.8/site-packages/airflow/example_dags/example_branch_operator.py for tasks to queue
[2021-09-16 08:37:48,915] {logging_mixin.py:109} INFO - [2021-09-16 08:37:48,915] {dagbag.py:496} INFO - Filling up the DagBag from /home/airflow/.local/lib/python3.8/site-packages/airflow/example_dags/example_branch_operator.py
[2021-09-16 08:37:48,929] {processor.py:623} INFO - DAG(s) dict_keys(['example_branch_operator']) retrieved from /home/airflow/.local/lib/python3.8/site-packages/airflow/example_dags/example_branch_operator.py
[2021-09-16 08:37:50,541] {logging_mixin.py:109} INFO - [2021-09-16 08:37:50,541] {dag.py:1833} INFO - Sync 1 DAGs
[2021-09-16 08:37:50,548] {logging_mixin.py:109} INFO - [2021-09-16 08:37:50,548] {dag.py:1852} INFO - Creating ORM DAG for example_branch_operator
[2021-09-16 08:37:50,556] {logging_mixin.py:109} INFO - [2021-09-16 08:37:50,556] {dag.py:2306} INFO - Setting next_dagrun for example_branch_operator to 2021-09-14 00:00:00+00:00
[2021-09-16 08:37:50,566] {processor.py:170} INFO - Processing /home/airflow/.local/lib/python3.8/site-packages/airflow/example_dags/example_branch_operator.py took 1.658 seconds
[2021-09-16 08:38:21,177] {processor.py:162} INFO - Started process (PID=341) to work on /home/airflow/.local/lib/python3.8/site-packages/airflow/example_dags/example_branch_operator.py
[2021-09-16 08:38:21,179] {processor.py:613} INFO - Processing file /home/airflow/.local/lib/python3.8/site-packages/airflow/example_dags/example_branch_operator.py for tasks to queue
[2021-09-16 08:38:21,181] {logging_mixin.py:109} INFO - [2021-09-16 08:38:21,181] {dagbag.py:496} INFO - Filling up the DagBag from /home/airflow/.local/lib/python3.8/site-packages/airflow/example_dags/example_branch_operator.py
[2021-09-16 08:38:21,197] {processor.py:623} INFO - DAG(s) dict_keys(['example_branch_operator']) retrieved from /home/airflow/.local/lib/python3.8/site-packages/airflow/example_dags/example_branch_operator.py
[2021-09-16 08:38:21,223] {logging_mixin.py:109} INFO - [2021-09-16 08:38:21,223] {dag.py:1833} INFO - Sync 1 DAGs
[2021-09-16 08:38:21,237] {logging_mixin.py:109} INFO - [2021-09-16 08:38:21,237] {dag.py:2306} INFO - Setting next_dagrun for example_branch_operator to 2021-09-14 00:00:00+00:00
[2021-09-16 08:38:21,246] {processor.py:170} INFO - Processing /home/airflow/.local/lib/python3.8/site-packages/airflow/example_dags/example_branch_operator.py took 0.075 seconds
[2021-09-16 08:38:51,481] {processor.py:162} INFO - Started process (PID=397) to work on /home/airflow/.local/lib/python3.8/site-packages/airflow/example_dags/example_branch_operator.py
[2021-09-16 08:38:51,483] {processor.py:613} INFO - Processing file /home/airflow/.local/lib/python3.8/site-packages/airflow/example_dags/example_branch_operator.py for tasks to queue
[2021-09-16 08:38:51,484] {logging_mixin.py:109} INFO - [2021-09-16 08:38:51,484] {dagbag.py:496} INFO - Filling up the DagBag from /home/airflow/.local/lib/python3.8/site-packages/airflow/example_dags/example_branch_operator.py
[2021-09-16 08:38:51,499] {processor.py:623} INFO - DAG(s) dict_keys(['example_branch_operator']) retrieved from /home/airflow/.local/lib/python3.8/site-packages/airflow/example_dags/example_branch_operator.py
[2021-09-16 08:38:51,522] {logging_mixin.py:109} INFO - [2021-09-16 08:38:51,522] {dag.py:1833} INFO - Sync 1 DAGs
[2021-09-16 08:38:51,539] {logging_mixin.py:109} INFO - [2021-09-16 08:38:51,538] {dag.py:2306} INFO - Setting next_dagrun for example_branch_operator to 2021-09-14 00:00:00+00:00
[2021-09-16 08:38:51,550] {processor.py:170} INFO - Processing /home/airflow/.local/lib/python3.8/site-packages/airflow/example_dags/example_branch_operator.py took 0.072 seconds
[2021-09-16 08:39:21,681] {processor.py:162} INFO - Started process (PID=453) to work on /home/airflow/.local/lib/python3.8/site-packages/airflow/example_dags/example_branch_operator.py
[2021-09-16 08:39:21,683] {processor.py:613} INFO - Processing file /home/airflow/.local/lib/python3.8/site-packages/airflow/example_dags/example_branch_operator.py for tasks to queue
[2021-09-16 08:39:21,684] {logging_mixin.py:109} INFO - [2021-09-16 08:39:21,684] {dagbag.py:496} INFO - Filling up the DagBag from /home/airflow/.local/lib/python3.8/site-packages/airflow/example_dags/example_branch_operator.py
[2021-09-16 08:39:21,700] {processor.py:623} INFO - DAG(s) dict_keys(['example_branch_operator']) retrieved from /home/airflow/.local/lib/python3.8/site-packages/airflow/example_dags/example_branch_operator.py
[2021-09-16 08:39:21,724] {logging_mixin.py:109} INFO - [2021-09-16 08:39:21,724] {dag.py:1833} INFO - Sync 1 DAGs
[2021-09-16 08:39:21,741] {logging_mixin.py:109} INFO - [2021-09-16 08:39:21,741] {dag.py:2306} INFO - Setting next_dagrun for example_branch_operator to 2021-09-14 00:00:00+00:00
[2021-09-16 08:39:21,753] {processor.py:170} INFO - Processing /home/airflow/.local/lib/python3.8/site-packages/airflow/example_dags/example_branch_operator.py took 0.076 seconds
[2021-09-16 08:39:51,815] {processor.py:162} INFO - Started process (PID=503) to work on /home/airflow/.local/lib/python3.8/site-packages/airflow/example_dags/example_branch_operator.py
[2021-09-16 08:39:51,817] {processor.py:613} INFO - Processing file /home/airflow/.local/lib/python3.8/site-packages/airflow/example_dags/example_branch_operator.py for tasks to queue
[2021-09-16 08:39:51,819] {logging_mixin.py:109} INFO - [2021-09-16 08:39:51,818] {dagbag.py:496} INFO - Filling up the DagBag from /home/airflow/.local/lib/python3.8/site-packages/airflow/example_dags/example_branch_operator.py
[2021-09-16 08:39:51,834] {processor.py:623} INFO - DAG(s) dict_keys(['example_branch_operator']) retrieved from /home/airflow/.local/lib/python3.8/site-packages/airflow/example_dags/example_branch_operator.py
[2021-09-16 08:39:51,858] {logging_mixin.py:109} INFO - [2021-09-16 08:39:51,858] {dag.py:1833} INFO - Sync 1 DAGs
[2021-09-16 08:39:51,873] {logging_mixin.py:109} INFO - [2021-09-16 08:39:51,873] {dag.py:2306} INFO - Setting next_dagrun for example_branch_operator to 2021-09-14 00:00:00+00:00
[2021-09-16 08:39:51,883] {processor.py:170} INFO - Processing /home/airflow/.local/lib/python3.8/site-packages/airflow/example_dags/example_branch_operator.py took 0.073 seconds
[2021-09-16 08:59:57,673] {processor.py:162} INFO - Started process (PID=140) to work on /home/airflow/.local/lib/python3.8/site-packages/airflow/example_dags/example_branch_operator.py
[2021-09-16 08:59:57,675] {processor.py:613} INFO - Processing file /home/airflow/.local/lib/python3.8/site-packages/airflow/example_dags/example_branch_operator.py for tasks to queue
[2021-09-16 08:59:57,676] {logging_mixin.py:109} INFO - [2021-09-16 08:59:57,676] {dagbag.py:496} INFO - Filling up the DagBag from /home/airflow/.local/lib/python3.8/site-packages/airflow/example_dags/example_branch_operator.py
[2021-09-16 08:59:57,693] {processor.py:623} INFO - DAG(s) dict_keys(['example_branch_operator']) retrieved from /home/airflow/.local/lib/python3.8/site-packages/airflow/example_dags/example_branch_operator.py
[2021-09-16 08:59:59,288] {logging_mixin.py:109} INFO - [2021-09-16 08:59:59,287] {dag.py:1833} INFO - Sync 1 DAGs
[2021-09-16 08:59:59,293] {logging_mixin.py:109} INFO - [2021-09-16 08:59:59,293] {dag.py:1852} INFO - Creating ORM DAG for example_branch_operator
[2021-09-16 08:59:59,299] {logging_mixin.py:109} INFO - [2021-09-16 08:59:59,299] {dag.py:2306} INFO - Setting next_dagrun for example_branch_operator to 2021-09-14 00:00:00+00:00
[2021-09-16 08:59:59,308] {processor.py:170} INFO - Processing /home/airflow/.local/lib/python3.8/site-packages/airflow/example_dags/example_branch_operator.py took 1.660 seconds
[2021-09-16 09:00:30,118] {processor.py:162} INFO - Started process (PID=340) to work on /home/airflow/.local/lib/python3.8/site-packages/airflow/example_dags/example_branch_operator.py
[2021-09-16 09:00:30,119] {processor.py:613} INFO - Processing file /home/airflow/.local/lib/python3.8/site-packages/airflow/example_dags/example_branch_operator.py for tasks to queue
[2021-09-16 09:00:30,120] {logging_mixin.py:109} INFO - [2021-09-16 09:00:30,120] {dagbag.py:496} INFO - Filling up the DagBag from /home/airflow/.local/lib/python3.8/site-packages/airflow/example_dags/example_branch_operator.py
[2021-09-16 09:00:30,133] {processor.py:623} INFO - DAG(s) dict_keys(['example_branch_operator']) retrieved from /home/airflow/.local/lib/python3.8/site-packages/airflow/example_dags/example_branch_operator.py
[2021-09-16 09:00:30,153] {logging_mixin.py:109} INFO - [2021-09-16 09:00:30,153] {dag.py:1833} INFO - Sync 1 DAGs
[2021-09-16 09:00:30,167] {logging_mixin.py:109} INFO - [2021-09-16 09:00:30,167] {dag.py:2306} INFO - Setting next_dagrun for example_branch_operator to 2021-09-14 00:00:00+00:00
[2021-09-16 09:00:30,176] {processor.py:170} INFO - Processing /home/airflow/.local/lib/python3.8/site-packages/airflow/example_dags/example_branch_operator.py took 0.062 seconds
[2021-09-16 09:01:00,783] {processor.py:162} INFO - Started process (PID=396) to work on /home/airflow/.local/lib/python3.8/site-packages/airflow/example_dags/example_branch_operator.py
[2021-09-16 09:01:00,785] {processor.py:613} INFO - Processing file /home/airflow/.local/lib/python3.8/site-packages/airflow/example_dags/example_branch_operator.py for tasks to queue
[2021-09-16 09:01:00,786] {logging_mixin.py:109} INFO - [2021-09-16 09:01:00,786] {dagbag.py:496} INFO - Filling up the DagBag from /home/airflow/.local/lib/python3.8/site-packages/airflow/example_dags/example_branch_operator.py
[2021-09-16 09:01:00,800] {processor.py:623} INFO - DAG(s) dict_keys(['example_branch_operator']) retrieved from /home/airflow/.local/lib/python3.8/site-packages/airflow/example_dags/example_branch_operator.py
[2021-09-16 09:01:00,824] {logging_mixin.py:109} INFO - [2021-09-16 09:01:00,824] {dag.py:1833} INFO - Sync 1 DAGs
[2021-09-16 09:01:00,850] {logging_mixin.py:109} INFO - [2021-09-16 09:01:00,850] {dag.py:2306} INFO - Setting next_dagrun for example_branch_operator to 2021-09-14 00:00:00+00:00
[2021-09-16 09:01:00,869] {processor.py:170} INFO - Processing /home/airflow/.local/lib/python3.8/site-packages/airflow/example_dags/example_branch_operator.py took 0.089 seconds
[2021-09-16 09:01:30,968] {processor.py:162} INFO - Started process (PID=452) to work on /home/airflow/.local/lib/python3.8/site-packages/airflow/example_dags/example_branch_operator.py
[2021-09-16 09:01:30,970] {processor.py:613} INFO - Processing file /home/airflow/.local/lib/python3.8/site-packages/airflow/example_dags/example_branch_operator.py for tasks to queue
[2021-09-16 09:01:30,971] {logging_mixin.py:109} INFO - [2021-09-16 09:01:30,971] {dagbag.py:496} INFO - Filling up the DagBag from /home/airflow/.local/lib/python3.8/site-packages/airflow/example_dags/example_branch_operator.py
[2021-09-16 09:01:30,983] {processor.py:623} INFO - DAG(s) dict_keys(['example_branch_operator']) retrieved from /home/airflow/.local/lib/python3.8/site-packages/airflow/example_dags/example_branch_operator.py
[2021-09-16 09:01:31,001] {logging_mixin.py:109} INFO - [2021-09-16 09:01:31,001] {dag.py:1833} INFO - Sync 1 DAGs
[2021-09-16 09:01:31,015] {logging_mixin.py:109} INFO - [2021-09-16 09:01:31,015] {dag.py:2306} INFO - Setting next_dagrun for example_branch_operator to 2021-09-14 00:00:00+00:00
[2021-09-16 09:01:31,024] {processor.py:170} INFO - Processing /home/airflow/.local/lib/python3.8/site-packages/airflow/example_dags/example_branch_operator.py took 0.059 seconds
[2021-09-16 09:02:01,290] {processor.py:162} INFO - Started process (PID=500) to work on /home/airflow/.local/lib/python3.8/site-packages/airflow/example_dags/example_branch_operator.py
[2021-09-16 09:02:01,293] {processor.py:613} INFO - Processing file /home/airflow/.local/lib/python3.8/site-packages/airflow/example_dags/example_branch_operator.py for tasks to queue
[2021-09-16 09:02:01,294] {logging_mixin.py:109} INFO - [2021-09-16 09:02:01,294] {dagbag.py:496} INFO - Filling up the DagBag from /home/airflow/.local/lib/python3.8/site-packages/airflow/example_dags/example_branch_operator.py
[2021-09-16 09:02:01,308] {processor.py:623} INFO - DAG(s) dict_keys(['example_branch_operator']) retrieved from /home/airflow/.local/lib/python3.8/site-packages/airflow/example_dags/example_branch_operator.py
[2021-09-16 09:02:01,328] {logging_mixin.py:109} INFO - [2021-09-16 09:02:01,328] {dag.py:1833} INFO - Sync 1 DAGs
[2021-09-16 09:02:01,341] {logging_mixin.py:109} INFO - [2021-09-16 09:02:01,341] {dag.py:2306} INFO - Setting next_dagrun for example_branch_operator to 2021-09-14 00:00:00+00:00
[2021-09-16 09:02:01,350] {processor.py:170} INFO - Processing /home/airflow/.local/lib/python3.8/site-packages/airflow/example_dags/example_branch_operator.py took 0.063 seconds
[2021-09-16 09:02:31,692] {processor.py:162} INFO - Started process (PID=556) to work on /home/airflow/.local/lib/python3.8/site-packages/airflow/example_dags/example_branch_operator.py
[2021-09-16 09:02:31,694] {processor.py:613} INFO - Processing file /home/airflow/.local/lib/python3.8/site-packages/airflow/example_dags/example_branch_operator.py for tasks to queue
[2021-09-16 09:02:31,694] {logging_mixin.py:109} INFO - [2021-09-16 09:02:31,694] {dagbag.py:496} INFO - Filling up the DagBag from /home/airflow/.local/lib/python3.8/site-packages/airflow/example_dags/example_branch_operator.py
[2021-09-16 09:02:31,707] {processor.py:623} INFO - DAG(s) dict_keys(['example_branch_operator']) retrieved from /home/airflow/.local/lib/python3.8/site-packages/airflow/example_dags/example_branch_operator.py
[2021-09-16 09:02:31,730] {logging_mixin.py:109} INFO - [2021-09-16 09:02:31,730] {dag.py:1833} INFO - Sync 1 DAGs
[2021-09-16 09:02:31,745] {logging_mixin.py:109} INFO - [2021-09-16 09:02:31,745] {dag.py:2306} INFO - Setting next_dagrun for example_branch_operator to 2021-09-14 00:00:00+00:00
[2021-09-16 09:02:31,753] {processor.py:170} INFO - Processing /home/airflow/.local/lib/python3.8/site-packages/airflow/example_dags/example_branch_operator.py took 0.063 seconds
[2021-09-16 09:03:01,981] {processor.py:162} INFO - Started process (PID=611) to work on /home/airflow/.local/lib/python3.8/site-packages/airflow/example_dags/example_branch_operator.py
[2021-09-16 09:03:01,982] {processor.py:613} INFO - Processing file /home/airflow/.local/lib/python3.8/site-packages/airflow/example_dags/example_branch_operator.py for tasks to queue
[2021-09-16 09:03:01,983] {logging_mixin.py:109} INFO - [2021-09-16 09:03:01,983] {dagbag.py:496} INFO - Filling up the DagBag from /home/airflow/.local/lib/python3.8/site-packages/airflow/example_dags/example_branch_operator.py
[2021-09-16 09:03:01,997] {processor.py:623} INFO - DAG(s) dict_keys(['example_branch_operator']) retrieved from /home/airflow/.local/lib/python3.8/site-packages/airflow/example_dags/example_branch_operator.py
[2021-09-16 09:03:02,017] {logging_mixin.py:109} INFO - [2021-09-16 09:03:02,017] {dag.py:1833} INFO - Sync 1 DAGs
[2021-09-16 09:03:02,032] {logging_mixin.py:109} INFO - [2021-09-16 09:03:02,032] {dag.py:2306} INFO - Setting next_dagrun for example_branch_operator to 2021-09-14 00:00:00+00:00
[2021-09-16 09:03:02,042] {processor.py:170} INFO - Processing /home/airflow/.local/lib/python3.8/site-packages/airflow/example_dags/example_branch_operator.py took 0.064 seconds
[2021-09-16 09:03:32,326] {processor.py:162} INFO - Started process (PID=659) to work on /home/airflow/.local/lib/python3.8/site-packages/airflow/example_dags/example_branch_operator.py
[2021-09-16 09:03:32,328] {processor.py:613} INFO - Processing file /home/airflow/.local/lib/python3.8/site-packages/airflow/example_dags/example_branch_operator.py for tasks to queue
[2021-09-16 09:03:32,329] {logging_mixin.py:109} INFO - [2021-09-16 09:03:32,329] {dagbag.py:496} INFO - Filling up the DagBag from /home/airflow/.local/lib/python3.8/site-packages/airflow/example_dags/example_branch_operator.py
[2021-09-16 09:03:32,345] {processor.py:623} INFO - DAG(s) dict_keys(['example_branch_operator']) retrieved from /home/airflow/.local/lib/python3.8/site-packages/airflow/example_dags/example_branch_operator.py
[2021-09-16 09:03:32,364] {logging_mixin.py:109} INFO - [2021-09-16 09:03:32,364] {dag.py:1833} INFO - Sync 1 DAGs
[2021-09-16 09:03:32,378] {logging_mixin.py:109} INFO - [2021-09-16 09:03:32,378] {dag.py:2306} INFO - Setting next_dagrun for example_branch_operator to 2021-09-14 00:00:00+00:00
[2021-09-16 09:03:32,387] {processor.py:170} INFO - Processing /home/airflow/.local/lib/python3.8/site-packages/airflow/example_dags/example_branch_operator.py took 0.065 seconds
[2021-09-16 09:04:02,648] {processor.py:162} INFO - Started process (PID=714) to work on /home/airflow/.local/lib/python3.8/site-packages/airflow/example_dags/example_branch_operator.py
[2021-09-16 09:04:02,650] {processor.py:613} INFO - Processing file /home/airflow/.local/lib/python3.8/site-packages/airflow/example_dags/example_branch_operator.py for tasks to queue
[2021-09-16 09:04:02,651] {logging_mixin.py:109} INFO - [2021-09-16 09:04:02,651] {dagbag.py:496} INFO - Filling up the DagBag from /home/airflow/.local/lib/python3.8/site-packages/airflow/example_dags/example_branch_operator.py
[2021-09-16 09:04:02,663] {processor.py:623} INFO - DAG(s) dict_keys(['example_branch_operator']) retrieved from /home/airflow/.local/lib/python3.8/site-packages/airflow/example_dags/example_branch_operator.py
[2021-09-16 09:04:02,682] {logging_mixin.py:109} INFO - [2021-09-16 09:04:02,681] {dag.py:1833} INFO - Sync 1 DAGs
[2021-09-16 09:04:02,695] {logging_mixin.py:109} INFO - [2021-09-16 09:04:02,695] {dag.py:2306} INFO - Setting next_dagrun for example_branch_operator to 2021-09-14 00:00:00+00:00
[2021-09-16 09:04:02,704] {processor.py:170} INFO - Processing /home/airflow/.local/lib/python3.8/site-packages/airflow/example_dags/example_branch_operator.py took 0.060 seconds
[2021-09-16 09:04:32,797] {processor.py:162} INFO - Started process (PID=772) to work on /home/airflow/.local/lib/python3.8/site-packages/airflow/example_dags/example_branch_operator.py
[2021-09-16 09:04:32,799] {processor.py:613} INFO - Processing file /home/airflow/.local/lib/python3.8/site-packages/airflow/example_dags/example_branch_operator.py for tasks to queue
[2021-09-16 09:04:32,800] {logging_mixin.py:109} INFO - [2021-09-16 09:04:32,800] {dagbag.py:496} INFO - Filling up the DagBag from /home/airflow/.local/lib/python3.8/site-packages/airflow/example_dags/example_branch_operator.py
[2021-09-16 09:04:32,815] {processor.py:623} INFO - DAG(s) dict_keys(['example_branch_operator']) retrieved from /home/airflow/.local/lib/python3.8/site-packages/airflow/example_dags/example_branch_operator.py
[2021-09-16 09:04:32,842] {logging_mixin.py:109} INFO - [2021-09-16 09:04:32,842] {dag.py:1833} INFO - Sync 1 DAGs
[2021-09-16 09:04:32,858] {logging_mixin.py:109} INFO - [2021-09-16 09:04:32,858] {dag.py:2306} INFO - Setting next_dagrun for example_branch_operator to 2021-09-14 00:00:00+00:00
[2021-09-16 09:04:32,868] {processor.py:170} INFO - Processing /home/airflow/.local/lib/python3.8/site-packages/airflow/example_dags/example_branch_operator.py took 0.075 seconds
[2021-09-16 09:05:03,028] {processor.py:162} INFO - Started process (PID=820) to work on /home/airflow/.local/lib/python3.8/site-packages/airflow/example_dags/example_branch_operator.py
[2021-09-16 09:05:03,030] {processor.py:613} INFO - Processing file /home/airflow/.local/lib/python3.8/site-packages/airflow/example_dags/example_branch_operator.py for tasks to queue
[2021-09-16 09:05:03,031] {logging_mixin.py:109} INFO - [2021-09-16 09:05:03,031] {dagbag.py:496} INFO - Filling up the DagBag from /home/airflow/.local/lib/python3.8/site-packages/airflow/example_dags/example_branch_operator.py
[2021-09-16 09:05:03,043] {processor.py:623} INFO - DAG(s) dict_keys(['example_branch_operator']) retrieved from /home/airflow/.local/lib/python3.8/site-packages/airflow/example_dags/example_branch_operator.py
[2021-09-16 09:05:03,064] {logging_mixin.py:109} INFO - [2021-09-16 09:05:03,064] {dag.py:1833} INFO - Sync 1 DAGs
[2021-09-16 09:05:03,077] {logging_mixin.py:109} INFO - [2021-09-16 09:05:03,077] {dag.py:2306} INFO - Setting next_dagrun for example_branch_operator to 2021-09-14 00:00:00+00:00
[2021-09-16 09:05:03,085] {processor.py:170} INFO - Processing /home/airflow/.local/lib/python3.8/site-packages/airflow/example_dags/example_branch_operator.py took 0.062 seconds
[2021-09-16 09:05:33,294] {processor.py:162} INFO - Started process (PID=875) to work on /home/airflow/.local/lib/python3.8/site-packages/airflow/example_dags/example_branch_operator.py
[2021-09-16 09:05:33,296] {processor.py:613} INFO - Processing file /home/airflow/.local/lib/python3.8/site-packages/airflow/example_dags/example_branch_operator.py for tasks to queue
[2021-09-16 09:05:33,297] {logging_mixin.py:109} INFO - [2021-09-16 09:05:33,297] {dagbag.py:496} INFO - Filling up the DagBag from /home/airflow/.local/lib/python3.8/site-packages/airflow/example_dags/example_branch_operator.py
[2021-09-16 09:05:33,311] {processor.py:623} INFO - DAG(s) dict_keys(['example_branch_operator']) retrieved from /home/airflow/.local/lib/python3.8/site-packages/airflow/example_dags/example_branch_operator.py
[2021-09-16 09:05:33,331] {logging_mixin.py:109} INFO - [2021-09-16 09:05:33,331] {dag.py:1833} INFO - Sync 1 DAGs
[2021-09-16 09:05:33,346] {logging_mixin.py:109} INFO - [2021-09-16 09:05:33,346] {dag.py:2306} INFO - Setting next_dagrun for example_branch_operator to 2021-09-14 00:00:00+00:00
[2021-09-16 09:05:33,355] {processor.py:170} INFO - Processing /home/airflow/.local/lib/python3.8/site-packages/airflow/example_dags/example_branch_operator.py took 0.065 seconds
[2021-09-16 09:06:03,609] {processor.py:162} INFO - Started process (PID=930) to work on /home/airflow/.local/lib/python3.8/site-packages/airflow/example_dags/example_branch_operator.py
[2021-09-16 09:06:03,611] {processor.py:613} INFO - Processing file /home/airflow/.local/lib/python3.8/site-packages/airflow/example_dags/example_branch_operator.py for tasks to queue
[2021-09-16 09:06:03,613] {logging_mixin.py:109} INFO - [2021-09-16 09:06:03,613] {dagbag.py:496} INFO - Filling up the DagBag from /home/airflow/.local/lib/python3.8/site-packages/airflow/example_dags/example_branch_operator.py
[2021-09-16 09:06:03,630] {processor.py:623} INFO - DAG(s) dict_keys(['example_branch_operator']) retrieved from /home/airflow/.local/lib/python3.8/site-packages/airflow/example_dags/example_branch_operator.py
[2021-09-16 09:06:03,655] {logging_mixin.py:109} INFO - [2021-09-16 09:06:03,655] {dag.py:1833} INFO - Sync 1 DAGs
[2021-09-16 09:06:03,671] {logging_mixin.py:109} INFO - [2021-09-16 09:06:03,671] {dag.py:2306} INFO - Setting next_dagrun for example_branch_operator to 2021-09-14 00:00:00+00:00
[2021-09-16 09:06:03,682] {processor.py:170} INFO - Processing /home/airflow/.local/lib/python3.8/site-packages/airflow/example_dags/example_branch_operator.py took 0.080 seconds
[2021-09-16 09:06:33,866] {processor.py:162} INFO - Started process (PID=978) to work on /home/airflow/.local/lib/python3.8/site-packages/airflow/example_dags/example_branch_operator.py
[2021-09-16 09:06:33,868] {processor.py:613} INFO - Processing file /home/airflow/.local/lib/python3.8/site-packages/airflow/example_dags/example_branch_operator.py for tasks to queue
[2021-09-16 09:06:33,870] {logging_mixin.py:109} INFO - [2021-09-16 09:06:33,869] {dagbag.py:496} INFO - Filling up the DagBag from /home/airflow/.local/lib/python3.8/site-packages/airflow/example_dags/example_branch_operator.py
[2021-09-16 09:06:33,881] {processor.py:623} INFO - DAG(s) dict_keys(['example_branch_operator']) retrieved from /home/airflow/.local/lib/python3.8/site-packages/airflow/example_dags/example_branch_operator.py
[2021-09-16 09:06:33,901] {logging_mixin.py:109} INFO - [2021-09-16 09:06:33,901] {dag.py:1833} INFO - Sync 1 DAGs
[2021-09-16 09:06:33,917] {logging_mixin.py:109} INFO - [2021-09-16 09:06:33,917] {dag.py:2306} INFO - Setting next_dagrun for example_branch_operator to 2021-09-14 00:00:00+00:00
[2021-09-16 09:06:33,927] {processor.py:170} INFO - Processing /home/airflow/.local/lib/python3.8/site-packages/airflow/example_dags/example_branch_operator.py took 0.065 seconds
[2021-09-16 09:07:04,014] {processor.py:162} INFO - Started process (PID=1034) to work on /home/airflow/.local/lib/python3.8/site-packages/airflow/example_dags/example_branch_operator.py
[2021-09-16 09:07:04,017] {processor.py:613} INFO - Processing file /home/airflow/.local/lib/python3.8/site-packages/airflow/example_dags/example_branch_operator.py for tasks to queue
[2021-09-16 09:07:04,020] {logging_mixin.py:109} INFO - [2021-09-16 09:07:04,020] {dagbag.py:496} INFO - Filling up the DagBag from /home/airflow/.local/lib/python3.8/site-packages/airflow/example_dags/example_branch_operator.py
[2021-09-16 09:07:04,038] {processor.py:623} INFO - DAG(s) dict_keys(['example_branch_operator']) retrieved from /home/airflow/.local/lib/python3.8/site-packages/airflow/example_dags/example_branch_operator.py
[2021-09-16 09:07:04,059] {logging_mixin.py:109} INFO - [2021-09-16 09:07:04,059] {dag.py:1833} INFO - Sync 1 DAGs
[2021-09-16 09:07:04,074] {logging_mixin.py:109} INFO - [2021-09-16 09:07:04,073] {dag.py:2306} INFO - Setting next_dagrun for example_branch_operator to 2021-09-14 00:00:00+00:00
[2021-09-16 09:07:04,083] {processor.py:170} INFO - Processing /home/airflow/.local/lib/python3.8/site-packages/airflow/example_dags/example_branch_operator.py took 0.073 seconds
[2021-09-16 09:07:34,348] {processor.py:162} INFO - Started process (PID=1089) to work on /home/airflow/.local/lib/python3.8/site-packages/airflow/example_dags/example_branch_operator.py
[2021-09-16 09:07:34,349] {processor.py:613} INFO - Processing file /home/airflow/.local/lib/python3.8/site-packages/airflow/example_dags/example_branch_operator.py for tasks to queue
[2021-09-16 09:07:34,351] {logging_mixin.py:109} INFO - [2021-09-16 09:07:34,351] {dagbag.py:496} INFO - Filling up the DagBag from /home/airflow/.local/lib/python3.8/site-packages/airflow/example_dags/example_branch_operator.py
[2021-09-16 09:07:34,365] {processor.py:623} INFO - DAG(s) dict_keys(['example_branch_operator']) retrieved from /home/airflow/.local/lib/python3.8/site-packages/airflow/example_dags/example_branch_operator.py
[2021-09-16 09:07:34,383] {logging_mixin.py:109} INFO - [2021-09-16 09:07:34,383] {dag.py:1833} INFO - Sync 1 DAGs
[2021-09-16 09:07:34,396] {logging_mixin.py:109} INFO - [2021-09-16 09:07:34,396] {dag.py:2306} INFO - Setting next_dagrun for example_branch_operator to 2021-09-14 00:00:00+00:00
[2021-09-16 09:07:34,405] {processor.py:170} INFO - Processing /home/airflow/.local/lib/python3.8/site-packages/airflow/example_dags/example_branch_operator.py took 0.061 seconds
[2021-09-16 09:08:04,806] {processor.py:162} INFO - Started process (PID=1144) to work on /home/airflow/.local/lib/python3.8/site-packages/airflow/example_dags/example_branch_operator.py
[2021-09-16 09:08:04,807] {processor.py:613} INFO - Processing file /home/airflow/.local/lib/python3.8/site-packages/airflow/example_dags/example_branch_operator.py for tasks to queue
[2021-09-16 09:08:04,808] {logging_mixin.py:109} INFO - [2021-09-16 09:08:04,808] {dagbag.py:496} INFO - Filling up the DagBag from /home/airflow/.local/lib/python3.8/site-packages/airflow/example_dags/example_branch_operator.py
[2021-09-16 09:08:04,822] {processor.py:623} INFO - DAG(s) dict_keys(['example_branch_operator']) retrieved from /home/airflow/.local/lib/python3.8/site-packages/airflow/example_dags/example_branch_operator.py
[2021-09-16 09:08:04,843] {logging_mixin.py:109} INFO - [2021-09-16 09:08:04,843] {dag.py:1833} INFO - Sync 1 DAGs
[2021-09-16 09:08:04,861] {logging_mixin.py:109} INFO - [2021-09-16 09:08:04,860] {dag.py:2306} INFO - Setting next_dagrun for example_branch_operator to 2021-09-14 00:00:00+00:00
[2021-09-16 09:08:04,870] {processor.py:170} INFO - Processing /home/airflow/.local/lib/python3.8/site-packages/airflow/example_dags/example_branch_operator.py took 0.069 seconds
[2021-09-16 09:08:35,250] {processor.py:162} INFO - Started process (PID=1193) to work on /home/airflow/.local/lib/python3.8/site-packages/airflow/example_dags/example_branch_operator.py
[2021-09-16 09:08:35,251] {processor.py:613} INFO - Processing file /home/airflow/.local/lib/python3.8/site-packages/airflow/example_dags/example_branch_operator.py for tasks to queue
[2021-09-16 09:08:35,252] {logging_mixin.py:109} INFO - [2021-09-16 09:08:35,252] {dagbag.py:496} INFO - Filling up the DagBag from /home/airflow/.local/lib/python3.8/site-packages/airflow/example_dags/example_branch_operator.py
[2021-09-16 09:08:35,266] {processor.py:623} INFO - DAG(s) dict_keys(['example_branch_operator']) retrieved from /home/airflow/.local/lib/python3.8/site-packages/airflow/example_dags/example_branch_operator.py
[2021-09-16 09:08:35,284] {logging_mixin.py:109} INFO - [2021-09-16 09:08:35,284] {dag.py:1833} INFO - Sync 1 DAGs
[2021-09-16 09:08:35,297] {logging_mixin.py:109} INFO - [2021-09-16 09:08:35,297] {dag.py:2306} INFO - Setting next_dagrun for example_branch_operator to 2021-09-14 00:00:00+00:00
[2021-09-16 09:08:35,307] {processor.py:170} INFO - Processing /home/airflow/.local/lib/python3.8/site-packages/airflow/example_dags/example_branch_operator.py took 0.060 seconds
[2021-09-16 09:09:05,656] {processor.py:162} INFO - Started process (PID=1249) to work on /home/airflow/.local/lib/python3.8/site-packages/airflow/example_dags/example_branch_operator.py
[2021-09-16 09:09:05,658] {processor.py:613} INFO - Processing file /home/airflow/.local/lib/python3.8/site-packages/airflow/example_dags/example_branch_operator.py for tasks to queue
[2021-09-16 09:09:05,659] {logging_mixin.py:109} INFO - [2021-09-16 09:09:05,659] {dagbag.py:496} INFO - Filling up the DagBag from /home/airflow/.local/lib/python3.8/site-packages/airflow/example_dags/example_branch_operator.py
[2021-09-16 09:09:05,670] {processor.py:623} INFO - DAG(s) dict_keys(['example_branch_operator']) retrieved from /home/airflow/.local/lib/python3.8/site-packages/airflow/example_dags/example_branch_operator.py
[2021-09-16 09:09:05,689] {logging_mixin.py:109} INFO - [2021-09-16 09:09:05,689] {dag.py:1833} INFO - Sync 1 DAGs
[2021-09-16 09:09:05,702] {logging_mixin.py:109} INFO - [2021-09-16 09:09:05,702] {dag.py:2306} INFO - Setting next_dagrun for example_branch_operator to 2021-09-14 00:00:00+00:00
[2021-09-16 09:09:05,709] {processor.py:170} INFO - Processing /home/airflow/.local/lib/python3.8/site-packages/airflow/example_dags/example_branch_operator.py took 0.056 seconds
[2021-09-16 09:09:36,034] {processor.py:162} INFO - Started process (PID=1304) to work on /home/airflow/.local/lib/python3.8/site-packages/airflow/example_dags/example_branch_operator.py
[2021-09-16 09:09:36,035] {processor.py:613} INFO - Processing file /home/airflow/.local/lib/python3.8/site-packages/airflow/example_dags/example_branch_operator.py for tasks to queue
[2021-09-16 09:09:36,036] {logging_mixin.py:109} INFO - [2021-09-16 09:09:36,036] {dagbag.py:496} INFO - Filling up the DagBag from /home/airflow/.local/lib/python3.8/site-packages/airflow/example_dags/example_branch_operator.py
[2021-09-16 09:09:36,048] {processor.py:623} INFO - DAG(s) dict_keys(['example_branch_operator']) retrieved from /home/airflow/.local/lib/python3.8/site-packages/airflow/example_dags/example_branch_operator.py
[2021-09-16 09:09:36,067] {logging_mixin.py:109} INFO - [2021-09-16 09:09:36,066] {dag.py:1833} INFO - Sync 1 DAGs
[2021-09-16 09:09:36,080] {logging_mixin.py:109} INFO - [2021-09-16 09:09:36,080] {dag.py:2306} INFO - Setting next_dagrun for example_branch_operator to 2021-09-14 00:00:00+00:00
[2021-09-16 09:09:36,088] {processor.py:170} INFO - Processing /home/airflow/.local/lib/python3.8/site-packages/airflow/example_dags/example_branch_operator.py took 0.057 seconds
[2021-09-16 09:10:06,414] {processor.py:162} INFO - Started process (PID=1361) to work on /home/airflow/.local/lib/python3.8/site-packages/airflow/example_dags/example_branch_operator.py
[2021-09-16 09:10:06,415] {processor.py:613} INFO - Processing file /home/airflow/.local/lib/python3.8/site-packages/airflow/example_dags/example_branch_operator.py for tasks to queue
[2021-09-16 09:10:06,417] {logging_mixin.py:109} INFO - [2021-09-16 09:10:06,417] {dagbag.py:496} INFO - Filling up the DagBag from /home/airflow/.local/lib/python3.8/site-packages/airflow/example_dags/example_branch_operator.py
[2021-09-16 09:10:06,428] {processor.py:623} INFO - DAG(s) dict_keys(['example_branch_operator']) retrieved from /home/airflow/.local/lib/python3.8/site-packages/airflow/example_dags/example_branch_operator.py
[2021-09-16 09:10:06,445] {logging_mixin.py:109} INFO - [2021-09-16 09:10:06,445] {dag.py:1833} INFO - Sync 1 DAGs
[2021-09-16 09:10:06,457] {logging_mixin.py:109} INFO - [2021-09-16 09:10:06,457] {dag.py:2306} INFO - Setting next_dagrun for example_branch_operator to 2021-09-14 00:00:00+00:00
[2021-09-16 09:10:06,466] {processor.py:170} INFO - Processing /home/airflow/.local/lib/python3.8/site-packages/airflow/example_dags/example_branch_operator.py took 0.055 seconds
[2021-09-16 09:10:36,827] {processor.py:162} INFO - Started process (PID=1408) to work on /home/airflow/.local/lib/python3.8/site-packages/airflow/example_dags/example_branch_operator.py
[2021-09-16 09:10:36,831] {processor.py:613} INFO - Processing file /home/airflow/.local/lib/python3.8/site-packages/airflow/example_dags/example_branch_operator.py for tasks to queue
[2021-09-16 09:10:36,833] {logging_mixin.py:109} INFO - [2021-09-16 09:10:36,833] {dagbag.py:496} INFO - Filling up the DagBag from /home/airflow/.local/lib/python3.8/site-packages/airflow/example_dags/example_branch_operator.py
[2021-09-16 09:10:36,858] {processor.py:623} INFO - DAG(s) dict_keys(['example_branch_operator']) retrieved from /home/airflow/.local/lib/python3.8/site-packages/airflow/example_dags/example_branch_operator.py
[2021-09-16 09:10:36,895] {logging_mixin.py:109} INFO - [2021-09-16 09:10:36,895] {dag.py:1833} INFO - Sync 1 DAGs
[2021-09-16 09:10:36,917] {logging_mixin.py:109} INFO - [2021-09-16 09:10:36,917] {dag.py:2306} INFO - Setting next_dagrun for example_branch_operator to 2021-09-14 00:00:00+00:00
[2021-09-16 09:10:36,929] {processor.py:170} INFO - Processing /home/airflow/.local/lib/python3.8/site-packages/airflow/example_dags/example_branch_operator.py took 0.107 seconds
[2021-09-16 09:11:07,446] {processor.py:162} INFO - Started process (PID=1464) to work on /home/airflow/.local/lib/python3.8/site-packages/airflow/example_dags/example_branch_operator.py
[2021-09-16 09:11:07,448] {processor.py:613} INFO - Processing file /home/airflow/.local/lib/python3.8/site-packages/airflow/example_dags/example_branch_operator.py for tasks to queue
[2021-09-16 09:11:07,450] {logging_mixin.py:109} INFO - [2021-09-16 09:11:07,450] {dagbag.py:496} INFO - Filling up the DagBag from /home/airflow/.local/lib/python3.8/site-packages/airflow/example_dags/example_branch_operator.py
[2021-09-16 09:11:07,464] {processor.py:623} INFO - DAG(s) dict_keys(['example_branch_operator']) retrieved from /home/airflow/.local/lib/python3.8/site-packages/airflow/example_dags/example_branch_operator.py
[2021-09-16 09:11:07,484] {logging_mixin.py:109} INFO - [2021-09-16 09:11:07,484] {dag.py:1833} INFO - Sync 1 DAGs
[2021-09-16 09:11:07,499] {logging_mixin.py:109} INFO - [2021-09-16 09:11:07,499] {dag.py:2306} INFO - Setting next_dagrun for example_branch_operator to 2021-09-14 00:00:00+00:00
[2021-09-16 09:11:07,508] {processor.py:170} INFO - Processing /home/airflow/.local/lib/python3.8/site-packages/airflow/example_dags/example_branch_operator.py took 0.067 seconds
[2021-09-16 09:11:37,942] {processor.py:162} INFO - Started process (PID=1521) to work on /home/airflow/.local/lib/python3.8/site-packages/airflow/example_dags/example_branch_operator.py
[2021-09-16 09:11:37,944] {processor.py:613} INFO - Processing file /home/airflow/.local/lib/python3.8/site-packages/airflow/example_dags/example_branch_operator.py for tasks to queue
[2021-09-16 09:11:37,945] {logging_mixin.py:109} INFO - [2021-09-16 09:11:37,945] {dagbag.py:496} INFO - Filling up the DagBag from /home/airflow/.local/lib/python3.8/site-packages/airflow/example_dags/example_branch_operator.py
[2021-09-16 09:11:37,958] {processor.py:623} INFO - DAG(s) dict_keys(['example_branch_operator']) retrieved from /home/airflow/.local/lib/python3.8/site-packages/airflow/example_dags/example_branch_operator.py
[2021-09-16 09:11:37,977] {logging_mixin.py:109} INFO - [2021-09-16 09:11:37,977] {dag.py:1833} INFO - Sync 1 DAGs
[2021-09-16 09:11:37,990] {logging_mixin.py:109} INFO - [2021-09-16 09:11:37,990] {dag.py:2306} INFO - Setting next_dagrun for example_branch_operator to 2021-09-14 00:00:00+00:00
[2021-09-16 09:11:37,998] {processor.py:170} INFO - Processing /home/airflow/.local/lib/python3.8/site-packages/airflow/example_dags/example_branch_operator.py took 0.059 seconds
[2021-09-16 09:12:08,402] {processor.py:162} INFO - Started process (PID=1568) to work on /home/airflow/.local/lib/python3.8/site-packages/airflow/example_dags/example_branch_operator.py
[2021-09-16 09:12:08,405] {processor.py:613} INFO - Processing file /home/airflow/.local/lib/python3.8/site-packages/airflow/example_dags/example_branch_operator.py for tasks to queue
[2021-09-16 09:12:08,406] {logging_mixin.py:109} INFO - [2021-09-16 09:12:08,406] {dagbag.py:496} INFO - Filling up the DagBag from /home/airflow/.local/lib/python3.8/site-packages/airflow/example_dags/example_branch_operator.py
[2021-09-16 09:12:08,421] {processor.py:623} INFO - DAG(s) dict_keys(['example_branch_operator']) retrieved from /home/airflow/.local/lib/python3.8/site-packages/airflow/example_dags/example_branch_operator.py
[2021-09-16 09:12:08,444] {logging_mixin.py:109} INFO - [2021-09-16 09:12:08,444] {dag.py:1833} INFO - Sync 1 DAGs
[2021-09-16 09:12:08,461] {logging_mixin.py:109} INFO - [2021-09-16 09:12:08,461] {dag.py:2306} INFO - Setting next_dagrun for example_branch_operator to 2021-09-14 00:00:00+00:00
[2021-09-16 09:12:08,472] {processor.py:170} INFO - Processing /home/airflow/.local/lib/python3.8/site-packages/airflow/example_dags/example_branch_operator.py took 0.074 seconds
[2021-09-16 09:12:38,903] {processor.py:162} INFO - Started process (PID=1624) to work on /home/airflow/.local/lib/python3.8/site-packages/airflow/example_dags/example_branch_operator.py
[2021-09-16 09:12:38,905] {processor.py:613} INFO - Processing file /home/airflow/.local/lib/python3.8/site-packages/airflow/example_dags/example_branch_operator.py for tasks to queue
[2021-09-16 09:12:38,906] {logging_mixin.py:109} INFO - [2021-09-16 09:12:38,906] {dagbag.py:496} INFO - Filling up the DagBag from /home/airflow/.local/lib/python3.8/site-packages/airflow/example_dags/example_branch_operator.py
[2021-09-16 09:12:38,919] {processor.py:623} INFO - DAG(s) dict_keys(['example_branch_operator']) retrieved from /home/airflow/.local/lib/python3.8/site-packages/airflow/example_dags/example_branch_operator.py
[2021-09-16 09:12:38,938] {logging_mixin.py:109} INFO - [2021-09-16 09:12:38,938] {dag.py:1833} INFO - Sync 1 DAGs
[2021-09-16 09:12:38,952] {logging_mixin.py:109} INFO - [2021-09-16 09:12:38,952] {dag.py:2306} INFO - Setting next_dagrun for example_branch_operator to 2021-09-14 00:00:00+00:00
[2021-09-16 09:12:38,960] {processor.py:170} INFO - Processing /home/airflow/.local/lib/python3.8/site-packages/airflow/example_dags/example_branch_operator.py took 0.061 seconds
[2021-09-16 09:13:09,364] {processor.py:162} INFO - Started process (PID=1680) to work on /home/airflow/.local/lib/python3.8/site-packages/airflow/example_dags/example_branch_operator.py
[2021-09-16 09:13:09,366] {processor.py:613} INFO - Processing file /home/airflow/.local/lib/python3.8/site-packages/airflow/example_dags/example_branch_operator.py for tasks to queue
[2021-09-16 09:13:09,367] {logging_mixin.py:109} INFO - [2021-09-16 09:13:09,367] {dagbag.py:496} INFO - Filling up the DagBag from /home/airflow/.local/lib/python3.8/site-packages/airflow/example_dags/example_branch_operator.py
[2021-09-16 09:13:09,381] {processor.py:623} INFO - DAG(s) dict_keys(['example_branch_operator']) retrieved from /home/airflow/.local/lib/python3.8/site-packages/airflow/example_dags/example_branch_operator.py
[2021-09-16 09:13:09,401] {logging_mixin.py:109} INFO - [2021-09-16 09:13:09,401] {dag.py:1833} INFO - Sync 1 DAGs
[2021-09-16 09:13:09,416] {logging_mixin.py:109} INFO - [2021-09-16 09:13:09,415] {dag.py:2306} INFO - Setting next_dagrun for example_branch_operator to 2021-09-14 00:00:00+00:00
[2021-09-16 09:13:09,424] {processor.py:170} INFO - Processing /home/airflow/.local/lib/python3.8/site-packages/airflow/example_dags/example_branch_operator.py took 0.063 seconds
[2021-09-16 09:13:39,779] {processor.py:162} INFO - Started process (PID=1727) to work on /home/airflow/.local/lib/python3.8/site-packages/airflow/example_dags/example_branch_operator.py
[2021-09-16 09:13:39,780] {processor.py:613} INFO - Processing file /home/airflow/.local/lib/python3.8/site-packages/airflow/example_dags/example_branch_operator.py for tasks to queue
[2021-09-16 09:13:39,781] {logging_mixin.py:109} INFO - [2021-09-16 09:13:39,781] {dagbag.py:496} INFO - Filling up the DagBag from /home/airflow/.local/lib/python3.8/site-packages/airflow/example_dags/example_branch_operator.py
[2021-09-16 09:13:39,795] {processor.py:623} INFO - DAG(s) dict_keys(['example_branch_operator']) retrieved from /home/airflow/.local/lib/python3.8/site-packages/airflow/example_dags/example_branch_operator.py
[2021-09-16 09:13:39,815] {logging_mixin.py:109} INFO - [2021-09-16 09:13:39,815] {dag.py:1833} INFO - Sync 1 DAGs
[2021-09-16 09:13:39,829] {logging_mixin.py:109} INFO - [2021-09-16 09:13:39,829] {dag.py:2306} INFO - Setting next_dagrun for example_branch_operator to 2021-09-14 00:00:00+00:00
[2021-09-16 09:13:39,838] {processor.py:170} INFO - Processing /home/airflow/.local/lib/python3.8/site-packages/airflow/example_dags/example_branch_operator.py took 0.063 seconds
[2021-09-16 09:14:10,094] {processor.py:162} INFO - Started process (PID=1783) to work on /home/airflow/.local/lib/python3.8/site-packages/airflow/example_dags/example_branch_operator.py
[2021-09-16 09:14:10,095] {processor.py:613} INFO - Processing file /home/airflow/.local/lib/python3.8/site-packages/airflow/example_dags/example_branch_operator.py for tasks to queue
[2021-09-16 09:14:10,097] {logging_mixin.py:109} INFO - [2021-09-16 09:14:10,096] {dagbag.py:496} INFO - Filling up the DagBag from /home/airflow/.local/lib/python3.8/site-packages/airflow/example_dags/example_branch_operator.py
[2021-09-16 09:14:10,111] {processor.py:623} INFO - DAG(s) dict_keys(['example_branch_operator']) retrieved from /home/airflow/.local/lib/python3.8/site-packages/airflow/example_dags/example_branch_operator.py
[2021-09-16 09:14:10,131] {logging_mixin.py:109} INFO - [2021-09-16 09:14:10,131] {dag.py:1833} INFO - Sync 1 DAGs
[2021-09-16 09:14:10,145] {logging_mixin.py:109} INFO - [2021-09-16 09:14:10,145] {dag.py:2306} INFO - Setting next_dagrun for example_branch_operator to 2021-09-14 00:00:00+00:00
[2021-09-16 09:14:10,153] {processor.py:170} INFO - Processing /home/airflow/.local/lib/python3.8/site-packages/airflow/example_dags/example_branch_operator.py took 0.063 seconds
[2021-09-16 09:14:40,298] {processor.py:162} INFO - Started process (PID=1838) to work on /home/airflow/.local/lib/python3.8/site-packages/airflow/example_dags/example_branch_operator.py
[2021-09-16 09:14:40,299] {processor.py:613} INFO - Processing file /home/airflow/.local/lib/python3.8/site-packages/airflow/example_dags/example_branch_operator.py for tasks to queue
[2021-09-16 09:14:40,300] {logging_mixin.py:109} INFO - [2021-09-16 09:14:40,300] {dagbag.py:496} INFO - Filling up the DagBag from /home/airflow/.local/lib/python3.8/site-packages/airflow/example_dags/example_branch_operator.py
[2021-09-16 09:14:40,314] {processor.py:623} INFO - DAG(s) dict_keys(['example_branch_operator']) retrieved from /home/airflow/.local/lib/python3.8/site-packages/airflow/example_dags/example_branch_operator.py
[2021-09-16 09:14:40,334] {logging_mixin.py:109} INFO - [2021-09-16 09:14:40,334] {dag.py:1833} INFO - Sync 1 DAGs
[2021-09-16 09:14:40,348] {logging_mixin.py:109} INFO - [2021-09-16 09:14:40,348] {dag.py:2306} INFO - Setting next_dagrun for example_branch_operator to 2021-09-14 00:00:00+00:00
[2021-09-16 09:14:40,357] {processor.py:170} INFO - Processing /home/airflow/.local/lib/python3.8/site-packages/airflow/example_dags/example_branch_operator.py took 0.064 seconds
[2021-09-16 09:15:10,485] {processor.py:162} INFO - Started process (PID=1894) to work on /home/airflow/.local/lib/python3.8/site-packages/airflow/example_dags/example_branch_operator.py
[2021-09-16 09:15:10,487] {processor.py:613} INFO - Processing file /home/airflow/.local/lib/python3.8/site-packages/airflow/example_dags/example_branch_operator.py for tasks to queue
[2021-09-16 09:15:10,488] {logging_mixin.py:109} INFO - [2021-09-16 09:15:10,488] {dagbag.py:496} INFO - Filling up the DagBag from /home/airflow/.local/lib/python3.8/site-packages/airflow/example_dags/example_branch_operator.py
[2021-09-16 09:15:10,500] {processor.py:623} INFO - DAG(s) dict_keys(['example_branch_operator']) retrieved from /home/airflow/.local/lib/python3.8/site-packages/airflow/example_dags/example_branch_operator.py
[2021-09-16 09:15:10,519] {logging_mixin.py:109} INFO - [2021-09-16 09:15:10,519] {dag.py:1833} INFO - Sync 1 DAGs
[2021-09-16 09:15:10,533] {logging_mixin.py:109} INFO - [2021-09-16 09:15:10,533] {dag.py:2306} INFO - Setting next_dagrun for example_branch_operator to 2021-09-14 00:00:00+00:00
[2021-09-16 09:15:10,542] {processor.py:170} INFO - Processing /home/airflow/.local/lib/python3.8/site-packages/airflow/example_dags/example_branch_operator.py took 0.060 seconds
[2021-09-16 09:15:40,929] {processor.py:162} INFO - Started process (PID=1942) to work on /home/airflow/.local/lib/python3.8/site-packages/airflow/example_dags/example_branch_operator.py
[2021-09-16 09:15:40,931] {processor.py:613} INFO - Processing file /home/airflow/.local/lib/python3.8/site-packages/airflow/example_dags/example_branch_operator.py for tasks to queue
[2021-09-16 09:15:40,935] {logging_mixin.py:109} INFO - [2021-09-16 09:15:40,935] {dagbag.py:496} INFO - Filling up the DagBag from /home/airflow/.local/lib/python3.8/site-packages/airflow/example_dags/example_branch_operator.py
[2021-09-16 09:15:40,949] {processor.py:623} INFO - DAG(s) dict_keys(['example_branch_operator']) retrieved from /home/airflow/.local/lib/python3.8/site-packages/airflow/example_dags/example_branch_operator.py
[2021-09-16 09:15:40,972] {logging_mixin.py:109} INFO - [2021-09-16 09:15:40,972] {dag.py:1833} INFO - Sync 1 DAGs
[2021-09-16 09:15:40,987] {logging_mixin.py:109} INFO - [2021-09-16 09:15:40,987] {dag.py:2306} INFO - Setting next_dagrun for example_branch_operator to 2021-09-14 00:00:00+00:00
[2021-09-16 09:15:40,995] {processor.py:170} INFO - Processing /home/airflow/.local/lib/python3.8/site-packages/airflow/example_dags/example_branch_operator.py took 0.071 seconds
