[2021-09-16 08:37:44,434] {processor.py:162} INFO - Started process (PID=94) to work on /home/airflow/.local/lib/python3.8/site-packages/airflow/example_dags/example_subdag_operator.py
[2021-09-16 08:37:44,435] {processor.py:613} INFO - Processing file /home/airflow/.local/lib/python3.8/site-packages/airflow/example_dags/example_subdag_operator.py for tasks to queue
[2021-09-16 08:37:44,436] {logging_mixin.py:109} INFO - [2021-09-16 08:37:44,436] {dagbag.py:496} INFO - Filling up the DagBag from /home/airflow/.local/lib/python3.8/site-packages/airflow/example_dags/example_subdag_operator.py
[2021-09-16 08:37:44,489] {processor.py:623} INFO - DAG(s) dict_keys(['example_subdag_operator.section-1', 'example_subdag_operator.section-2', 'example_subdag_operator']) retrieved from /home/airflow/.local/lib/python3.8/site-packages/airflow/example_dags/example_subdag_operator.py
[2021-09-16 08:37:46,176] {logging_mixin.py:109} INFO - [2021-09-16 08:37:46,176] {dag.py:1833} INFO - Sync 3 DAGs
[2021-09-16 08:37:46,182] {logging_mixin.py:109} INFO - [2021-09-16 08:37:46,182] {dag.py:1852} INFO - Creating ORM DAG for example_subdag_operator.section-2
[2021-09-16 08:37:46,184] {logging_mixin.py:109} INFO - [2021-09-16 08:37:46,184] {dag.py:1852} INFO - Creating ORM DAG for example_subdag_operator.section-1
[2021-09-16 08:37:46,185] {logging_mixin.py:109} INFO - [2021-09-16 08:37:46,185] {dag.py:1852} INFO - Creating ORM DAG for example_subdag_operator
[2021-09-16 08:37:46,189] {logging_mixin.py:109} INFO - [2021-09-16 08:37:46,188] {dag.py:2306} INFO - Setting next_dagrun for example_subdag_operator to 2021-09-14 00:00:00+00:00
[2021-09-16 08:37:46,190] {logging_mixin.py:109} INFO - [2021-09-16 08:37:46,190] {dag.py:2306} INFO - Setting next_dagrun for example_subdag_operator.section-1 to None
[2021-09-16 08:37:46,191] {logging_mixin.py:109} INFO - [2021-09-16 08:37:46,191] {dag.py:2306} INFO - Setting next_dagrun for example_subdag_operator.section-2 to None
[2021-09-16 08:37:46,198] {logging_mixin.py:109} INFO - [2021-09-16 08:37:46,198] {dag.py:1833} INFO - Sync 2 DAGs
[2021-09-16 08:37:46,206] {logging_mixin.py:109} INFO - [2021-09-16 08:37:46,205] {dag.py:2306} INFO - Setting next_dagrun for example_subdag_operator.section-1 to None
[2021-09-16 08:37:46,208] {logging_mixin.py:109} INFO - [2021-09-16 08:37:46,207] {dag.py:2306} INFO - Setting next_dagrun for example_subdag_operator.section-2 to None
[2021-09-16 08:37:46,219] {processor.py:170} INFO - Processing /home/airflow/.local/lib/python3.8/site-packages/airflow/example_dags/example_subdag_operator.py took 1.789 seconds
[2021-09-16 08:38:16,637] {processor.py:162} INFO - Started process (PID=336) to work on /home/airflow/.local/lib/python3.8/site-packages/airflow/example_dags/example_subdag_operator.py
[2021-09-16 08:38:16,639] {processor.py:613} INFO - Processing file /home/airflow/.local/lib/python3.8/site-packages/airflow/example_dags/example_subdag_operator.py for tasks to queue
[2021-09-16 08:38:16,640] {logging_mixin.py:109} INFO - [2021-09-16 08:38:16,640] {dagbag.py:496} INFO - Filling up the DagBag from /home/airflow/.local/lib/python3.8/site-packages/airflow/example_dags/example_subdag_operator.py
[2021-09-16 08:38:16,673] {processor.py:623} INFO - DAG(s) dict_keys(['example_subdag_operator.section-1', 'example_subdag_operator.section-2', 'example_subdag_operator']) retrieved from /home/airflow/.local/lib/python3.8/site-packages/airflow/example_dags/example_subdag_operator.py
[2021-09-16 08:38:16,684] {logging_mixin.py:109} INFO - [2021-09-16 08:38:16,684] {dag.py:1833} INFO - Sync 3 DAGs
[2021-09-16 08:38:16,697] {logging_mixin.py:109} INFO - [2021-09-16 08:38:16,697] {dag.py:2306} INFO - Setting next_dagrun for example_subdag_operator to 2021-09-14 00:00:00+00:00
[2021-09-16 08:38:16,699] {logging_mixin.py:109} INFO - [2021-09-16 08:38:16,699] {dag.py:2306} INFO - Setting next_dagrun for example_subdag_operator.section-1 to None
[2021-09-16 08:38:16,700] {logging_mixin.py:109} INFO - [2021-09-16 08:38:16,700] {dag.py:2306} INFO - Setting next_dagrun for example_subdag_operator.section-2 to None
[2021-09-16 08:38:16,708] {logging_mixin.py:109} INFO - [2021-09-16 08:38:16,708] {dag.py:1833} INFO - Sync 2 DAGs
[2021-09-16 08:38:16,715] {logging_mixin.py:109} INFO - [2021-09-16 08:38:16,715] {dag.py:2306} INFO - Setting next_dagrun for example_subdag_operator.section-1 to None
[2021-09-16 08:38:16,716] {logging_mixin.py:109} INFO - [2021-09-16 08:38:16,716] {dag.py:2306} INFO - Setting next_dagrun for example_subdag_operator.section-2 to None
[2021-09-16 08:38:16,723] {processor.py:170} INFO - Processing /home/airflow/.local/lib/python3.8/site-packages/airflow/example_dags/example_subdag_operator.py took 0.089 seconds
[2021-09-16 08:38:47,260] {processor.py:162} INFO - Started process (PID=392) to work on /home/airflow/.local/lib/python3.8/site-packages/airflow/example_dags/example_subdag_operator.py
[2021-09-16 08:38:47,262] {processor.py:613} INFO - Processing file /home/airflow/.local/lib/python3.8/site-packages/airflow/example_dags/example_subdag_operator.py for tasks to queue
[2021-09-16 08:38:47,263] {logging_mixin.py:109} INFO - [2021-09-16 08:38:47,263] {dagbag.py:496} INFO - Filling up the DagBag from /home/airflow/.local/lib/python3.8/site-packages/airflow/example_dags/example_subdag_operator.py
[2021-09-16 08:38:47,295] {processor.py:623} INFO - DAG(s) dict_keys(['example_subdag_operator.section-1', 'example_subdag_operator.section-2', 'example_subdag_operator']) retrieved from /home/airflow/.local/lib/python3.8/site-packages/airflow/example_dags/example_subdag_operator.py
[2021-09-16 08:38:47,305] {logging_mixin.py:109} INFO - [2021-09-16 08:38:47,305] {dag.py:1833} INFO - Sync 3 DAGs
[2021-09-16 08:38:47,317] {logging_mixin.py:109} INFO - [2021-09-16 08:38:47,317] {dag.py:2306} INFO - Setting next_dagrun for example_subdag_operator to 2021-09-14 00:00:00+00:00
[2021-09-16 08:38:47,319] {logging_mixin.py:109} INFO - [2021-09-16 08:38:47,319] {dag.py:2306} INFO - Setting next_dagrun for example_subdag_operator.section-1 to None
[2021-09-16 08:38:47,320] {logging_mixin.py:109} INFO - [2021-09-16 08:38:47,320] {dag.py:2306} INFO - Setting next_dagrun for example_subdag_operator.section-2 to None
[2021-09-16 08:38:47,326] {logging_mixin.py:109} INFO - [2021-09-16 08:38:47,326] {dag.py:1833} INFO - Sync 2 DAGs
[2021-09-16 08:38:47,332] {logging_mixin.py:109} INFO - [2021-09-16 08:38:47,332] {dag.py:2306} INFO - Setting next_dagrun for example_subdag_operator.section-1 to None
[2021-09-16 08:38:47,333] {logging_mixin.py:109} INFO - [2021-09-16 08:38:47,333] {dag.py:2306} INFO - Setting next_dagrun for example_subdag_operator.section-2 to None
[2021-09-16 08:38:47,338] {processor.py:170} INFO - Processing /home/airflow/.local/lib/python3.8/site-packages/airflow/example_dags/example_subdag_operator.py took 0.081 seconds
[2021-09-16 08:39:17,396] {processor.py:162} INFO - Started process (PID=439) to work on /home/airflow/.local/lib/python3.8/site-packages/airflow/example_dags/example_subdag_operator.py
[2021-09-16 08:39:17,398] {processor.py:613} INFO - Processing file /home/airflow/.local/lib/python3.8/site-packages/airflow/example_dags/example_subdag_operator.py for tasks to queue
[2021-09-16 08:39:17,399] {logging_mixin.py:109} INFO - [2021-09-16 08:39:17,399] {dagbag.py:496} INFO - Filling up the DagBag from /home/airflow/.local/lib/python3.8/site-packages/airflow/example_dags/example_subdag_operator.py
[2021-09-16 08:39:17,428] {processor.py:623} INFO - DAG(s) dict_keys(['example_subdag_operator.section-1', 'example_subdag_operator.section-2', 'example_subdag_operator']) retrieved from /home/airflow/.local/lib/python3.8/site-packages/airflow/example_dags/example_subdag_operator.py
[2021-09-16 08:39:17,438] {logging_mixin.py:109} INFO - [2021-09-16 08:39:17,438] {dag.py:1833} INFO - Sync 3 DAGs
[2021-09-16 08:39:17,449] {logging_mixin.py:109} INFO - [2021-09-16 08:39:17,449] {dag.py:2306} INFO - Setting next_dagrun for example_subdag_operator to 2021-09-14 00:00:00+00:00
[2021-09-16 08:39:17,451] {logging_mixin.py:109} INFO - [2021-09-16 08:39:17,451] {dag.py:2306} INFO - Setting next_dagrun for example_subdag_operator.section-1 to None
[2021-09-16 08:39:17,452] {logging_mixin.py:109} INFO - [2021-09-16 08:39:17,452] {dag.py:2306} INFO - Setting next_dagrun for example_subdag_operator.section-2 to None
[2021-09-16 08:39:17,459] {logging_mixin.py:109} INFO - [2021-09-16 08:39:17,458] {dag.py:1833} INFO - Sync 2 DAGs
[2021-09-16 08:39:17,464] {logging_mixin.py:109} INFO - [2021-09-16 08:39:17,464] {dag.py:2306} INFO - Setting next_dagrun for example_subdag_operator.section-1 to None
[2021-09-16 08:39:17,465] {logging_mixin.py:109} INFO - [2021-09-16 08:39:17,465] {dag.py:2306} INFO - Setting next_dagrun for example_subdag_operator.section-2 to None
[2021-09-16 08:39:17,472] {processor.py:170} INFO - Processing /home/airflow/.local/lib/python3.8/site-packages/airflow/example_dags/example_subdag_operator.py took 0.079 seconds
[2021-09-16 08:39:48,322] {processor.py:162} INFO - Started process (PID=498) to work on /home/airflow/.local/lib/python3.8/site-packages/airflow/example_dags/example_subdag_operator.py
[2021-09-16 08:39:48,324] {processor.py:613} INFO - Processing file /home/airflow/.local/lib/python3.8/site-packages/airflow/example_dags/example_subdag_operator.py for tasks to queue
[2021-09-16 08:39:48,325] {logging_mixin.py:109} INFO - [2021-09-16 08:39:48,325] {dagbag.py:496} INFO - Filling up the DagBag from /home/airflow/.local/lib/python3.8/site-packages/airflow/example_dags/example_subdag_operator.py
[2021-09-16 08:39:48,356] {processor.py:623} INFO - DAG(s) dict_keys(['example_subdag_operator.section-1', 'example_subdag_operator.section-2', 'example_subdag_operator']) retrieved from /home/airflow/.local/lib/python3.8/site-packages/airflow/example_dags/example_subdag_operator.py
[2021-09-16 08:39:48,367] {logging_mixin.py:109} INFO - [2021-09-16 08:39:48,367] {dag.py:1833} INFO - Sync 3 DAGs
[2021-09-16 08:39:48,380] {logging_mixin.py:109} INFO - [2021-09-16 08:39:48,380] {dag.py:2306} INFO - Setting next_dagrun for example_subdag_operator to 2021-09-14 00:00:00+00:00
[2021-09-16 08:39:48,382] {logging_mixin.py:109} INFO - [2021-09-16 08:39:48,382] {dag.py:2306} INFO - Setting next_dagrun for example_subdag_operator.section-1 to None
[2021-09-16 08:39:48,382] {logging_mixin.py:109} INFO - [2021-09-16 08:39:48,382] {dag.py:2306} INFO - Setting next_dagrun for example_subdag_operator.section-2 to None
[2021-09-16 08:39:48,390] {logging_mixin.py:109} INFO - [2021-09-16 08:39:48,390] {dag.py:1833} INFO - Sync 2 DAGs
[2021-09-16 08:39:48,397] {logging_mixin.py:109} INFO - [2021-09-16 08:39:48,397] {dag.py:2306} INFO - Setting next_dagrun for example_subdag_operator.section-1 to None
[2021-09-16 08:39:48,398] {logging_mixin.py:109} INFO - [2021-09-16 08:39:48,398] {dag.py:2306} INFO - Setting next_dagrun for example_subdag_operator.section-2 to None
[2021-09-16 08:39:48,404] {processor.py:170} INFO - Processing /home/airflow/.local/lib/python3.8/site-packages/airflow/example_dags/example_subdag_operator.py took 0.086 seconds
[2021-09-16 08:59:52,623] {processor.py:162} INFO - Started process (PID=87) to work on /home/airflow/.local/lib/python3.8/site-packages/airflow/example_dags/example_subdag_operator.py
[2021-09-16 08:59:52,624] {processor.py:613} INFO - Processing file /home/airflow/.local/lib/python3.8/site-packages/airflow/example_dags/example_subdag_operator.py for tasks to queue
[2021-09-16 08:59:52,625] {logging_mixin.py:109} INFO - [2021-09-16 08:59:52,625] {dagbag.py:496} INFO - Filling up the DagBag from /home/airflow/.local/lib/python3.8/site-packages/airflow/example_dags/example_subdag_operator.py
[2021-09-16 08:59:52,651] {processor.py:623} INFO - DAG(s) dict_keys(['example_subdag_operator.section-1', 'example_subdag_operator.section-2', 'example_subdag_operator']) retrieved from /home/airflow/.local/lib/python3.8/site-packages/airflow/example_dags/example_subdag_operator.py
[2021-09-16 08:59:54,225] {logging_mixin.py:109} INFO - [2021-09-16 08:59:54,224] {dag.py:1833} INFO - Sync 3 DAGs
[2021-09-16 08:59:54,231] {logging_mixin.py:109} INFO - [2021-09-16 08:59:54,231] {dag.py:1852} INFO - Creating ORM DAG for example_subdag_operator
[2021-09-16 08:59:54,232] {logging_mixin.py:109} INFO - [2021-09-16 08:59:54,232] {dag.py:1852} INFO - Creating ORM DAG for example_subdag_operator.section-2
[2021-09-16 08:59:54,233] {logging_mixin.py:109} INFO - [2021-09-16 08:59:54,233] {dag.py:1852} INFO - Creating ORM DAG for example_subdag_operator.section-1
[2021-09-16 08:59:54,237] {logging_mixin.py:109} INFO - [2021-09-16 08:59:54,237] {dag.py:2306} INFO - Setting next_dagrun for example_subdag_operator to 2021-09-14 00:00:00+00:00
[2021-09-16 08:59:54,238] {logging_mixin.py:109} INFO - [2021-09-16 08:59:54,238] {dag.py:2306} INFO - Setting next_dagrun for example_subdag_operator.section-1 to None
[2021-09-16 08:59:54,239] {logging_mixin.py:109} INFO - [2021-09-16 08:59:54,239] {dag.py:2306} INFO - Setting next_dagrun for example_subdag_operator.section-2 to None
[2021-09-16 08:59:54,246] {logging_mixin.py:109} INFO - [2021-09-16 08:59:54,246] {dag.py:1833} INFO - Sync 2 DAGs
[2021-09-16 08:59:54,253] {logging_mixin.py:109} INFO - [2021-09-16 08:59:54,253] {dag.py:2306} INFO - Setting next_dagrun for example_subdag_operator.section-1 to None
[2021-09-16 08:59:54,253] {logging_mixin.py:109} INFO - [2021-09-16 08:59:54,253] {dag.py:2306} INFO - Setting next_dagrun for example_subdag_operator.section-2 to None
[2021-09-16 08:59:54,260] {processor.py:170} INFO - Processing /home/airflow/.local/lib/python3.8/site-packages/airflow/example_dags/example_subdag_operator.py took 1.640 seconds
[2021-09-16 09:00:24,869] {processor.py:162} INFO - Started process (PID=335) to work on /home/airflow/.local/lib/python3.8/site-packages/airflow/example_dags/example_subdag_operator.py
[2021-09-16 09:00:24,871] {processor.py:613} INFO - Processing file /home/airflow/.local/lib/python3.8/site-packages/airflow/example_dags/example_subdag_operator.py for tasks to queue
[2021-09-16 09:00:24,872] {logging_mixin.py:109} INFO - [2021-09-16 09:00:24,872] {dagbag.py:496} INFO - Filling up the DagBag from /home/airflow/.local/lib/python3.8/site-packages/airflow/example_dags/example_subdag_operator.py
[2021-09-16 09:00:24,899] {processor.py:623} INFO - DAG(s) dict_keys(['example_subdag_operator.section-1', 'example_subdag_operator.section-2', 'example_subdag_operator']) retrieved from /home/airflow/.local/lib/python3.8/site-packages/airflow/example_dags/example_subdag_operator.py
[2021-09-16 09:00:24,910] {logging_mixin.py:109} INFO - [2021-09-16 09:00:24,910] {dag.py:1833} INFO - Sync 3 DAGs
[2021-09-16 09:00:24,921] {logging_mixin.py:109} INFO - [2021-09-16 09:00:24,921] {dag.py:2306} INFO - Setting next_dagrun for example_subdag_operator to 2021-09-14 00:00:00+00:00
[2021-09-16 09:00:24,922] {logging_mixin.py:109} INFO - [2021-09-16 09:00:24,922] {dag.py:2306} INFO - Setting next_dagrun for example_subdag_operator.section-1 to None
[2021-09-16 09:00:24,923] {logging_mixin.py:109} INFO - [2021-09-16 09:00:24,923] {dag.py:2306} INFO - Setting next_dagrun for example_subdag_operator.section-2 to None
[2021-09-16 09:00:24,930] {logging_mixin.py:109} INFO - [2021-09-16 09:00:24,930] {dag.py:1833} INFO - Sync 2 DAGs
[2021-09-16 09:00:24,937] {logging_mixin.py:109} INFO - [2021-09-16 09:00:24,937] {dag.py:2306} INFO - Setting next_dagrun for example_subdag_operator.section-1 to None
[2021-09-16 09:00:24,938] {logging_mixin.py:109} INFO - [2021-09-16 09:00:24,937] {dag.py:2306} INFO - Setting next_dagrun for example_subdag_operator.section-2 to None
[2021-09-16 09:00:24,943] {processor.py:170} INFO - Processing /home/airflow/.local/lib/python3.8/site-packages/airflow/example_dags/example_subdag_operator.py took 0.078 seconds
[2021-09-16 09:00:55,551] {processor.py:162} INFO - Started process (PID=382) to work on /home/airflow/.local/lib/python3.8/site-packages/airflow/example_dags/example_subdag_operator.py
[2021-09-16 09:00:55,553] {processor.py:613} INFO - Processing file /home/airflow/.local/lib/python3.8/site-packages/airflow/example_dags/example_subdag_operator.py for tasks to queue
[2021-09-16 09:00:55,554] {logging_mixin.py:109} INFO - [2021-09-16 09:00:55,554] {dagbag.py:496} INFO - Filling up the DagBag from /home/airflow/.local/lib/python3.8/site-packages/airflow/example_dags/example_subdag_operator.py
[2021-09-16 09:00:55,580] {processor.py:623} INFO - DAG(s) dict_keys(['example_subdag_operator.section-1', 'example_subdag_operator.section-2', 'example_subdag_operator']) retrieved from /home/airflow/.local/lib/python3.8/site-packages/airflow/example_dags/example_subdag_operator.py
[2021-09-16 09:00:55,589] {logging_mixin.py:109} INFO - [2021-09-16 09:00:55,589] {dag.py:1833} INFO - Sync 3 DAGs
[2021-09-16 09:00:55,601] {logging_mixin.py:109} INFO - [2021-09-16 09:00:55,601] {dag.py:2306} INFO - Setting next_dagrun for example_subdag_operator to 2021-09-14 00:00:00+00:00
[2021-09-16 09:00:55,602] {logging_mixin.py:109} INFO - [2021-09-16 09:00:55,602] {dag.py:2306} INFO - Setting next_dagrun for example_subdag_operator.section-1 to None
[2021-09-16 09:00:55,603] {logging_mixin.py:109} INFO - [2021-09-16 09:00:55,603] {dag.py:2306} INFO - Setting next_dagrun for example_subdag_operator.section-2 to None
[2021-09-16 09:00:55,609] {logging_mixin.py:109} INFO - [2021-09-16 09:00:55,609] {dag.py:1833} INFO - Sync 2 DAGs
[2021-09-16 09:00:55,615] {logging_mixin.py:109} INFO - [2021-09-16 09:00:55,615] {dag.py:2306} INFO - Setting next_dagrun for example_subdag_operator.section-1 to None
[2021-09-16 09:00:55,616] {logging_mixin.py:109} INFO - [2021-09-16 09:00:55,616] {dag.py:2306} INFO - Setting next_dagrun for example_subdag_operator.section-2 to None
[2021-09-16 09:00:55,621] {processor.py:170} INFO - Processing /home/airflow/.local/lib/python3.8/site-packages/airflow/example_dags/example_subdag_operator.py took 0.074 seconds
[2021-09-16 09:01:25,743] {processor.py:162} INFO - Started process (PID=439) to work on /home/airflow/.local/lib/python3.8/site-packages/airflow/example_dags/example_subdag_operator.py
[2021-09-16 09:01:25,745] {processor.py:613} INFO - Processing file /home/airflow/.local/lib/python3.8/site-packages/airflow/example_dags/example_subdag_operator.py for tasks to queue
[2021-09-16 09:01:25,747] {logging_mixin.py:109} INFO - [2021-09-16 09:01:25,747] {dagbag.py:496} INFO - Filling up the DagBag from /home/airflow/.local/lib/python3.8/site-packages/airflow/example_dags/example_subdag_operator.py
[2021-09-16 09:01:25,781] {processor.py:623} INFO - DAG(s) dict_keys(['example_subdag_operator.section-1', 'example_subdag_operator.section-2', 'example_subdag_operator']) retrieved from /home/airflow/.local/lib/python3.8/site-packages/airflow/example_dags/example_subdag_operator.py
[2021-09-16 09:01:25,794] {logging_mixin.py:109} INFO - [2021-09-16 09:01:25,794] {dag.py:1833} INFO - Sync 3 DAGs
[2021-09-16 09:01:25,808] {logging_mixin.py:109} INFO - [2021-09-16 09:01:25,808] {dag.py:2306} INFO - Setting next_dagrun for example_subdag_operator to 2021-09-14 00:00:00+00:00
[2021-09-16 09:01:25,809] {logging_mixin.py:109} INFO - [2021-09-16 09:01:25,809] {dag.py:2306} INFO - Setting next_dagrun for example_subdag_operator.section-1 to None
[2021-09-16 09:01:25,810] {logging_mixin.py:109} INFO - [2021-09-16 09:01:25,810] {dag.py:2306} INFO - Setting next_dagrun for example_subdag_operator.section-2 to None
[2021-09-16 09:01:25,816] {logging_mixin.py:109} INFO - [2021-09-16 09:01:25,816] {dag.py:1833} INFO - Sync 2 DAGs
[2021-09-16 09:01:25,822] {logging_mixin.py:109} INFO - [2021-09-16 09:01:25,822] {dag.py:2306} INFO - Setting next_dagrun for example_subdag_operator.section-1 to None
[2021-09-16 09:01:25,823] {logging_mixin.py:109} INFO - [2021-09-16 09:01:25,823] {dag.py:2306} INFO - Setting next_dagrun for example_subdag_operator.section-2 to None
[2021-09-16 09:01:25,828] {processor.py:170} INFO - Processing /home/airflow/.local/lib/python3.8/site-packages/airflow/example_dags/example_subdag_operator.py took 0.090 seconds
[2021-09-16 09:01:56,043] {processor.py:162} INFO - Started process (PID=495) to work on /home/airflow/.local/lib/python3.8/site-packages/airflow/example_dags/example_subdag_operator.py
[2021-09-16 09:01:56,044] {processor.py:613} INFO - Processing file /home/airflow/.local/lib/python3.8/site-packages/airflow/example_dags/example_subdag_operator.py for tasks to queue
[2021-09-16 09:01:56,045] {logging_mixin.py:109} INFO - [2021-09-16 09:01:56,045] {dagbag.py:496} INFO - Filling up the DagBag from /home/airflow/.local/lib/python3.8/site-packages/airflow/example_dags/example_subdag_operator.py
[2021-09-16 09:01:56,073] {processor.py:623} INFO - DAG(s) dict_keys(['example_subdag_operator.section-1', 'example_subdag_operator.section-2', 'example_subdag_operator']) retrieved from /home/airflow/.local/lib/python3.8/site-packages/airflow/example_dags/example_subdag_operator.py
[2021-09-16 09:01:56,082] {logging_mixin.py:109} INFO - [2021-09-16 09:01:56,082] {dag.py:1833} INFO - Sync 3 DAGs
[2021-09-16 09:01:56,096] {logging_mixin.py:109} INFO - [2021-09-16 09:01:56,096] {dag.py:2306} INFO - Setting next_dagrun for example_subdag_operator to 2021-09-14 00:00:00+00:00
[2021-09-16 09:01:56,097] {logging_mixin.py:109} INFO - [2021-09-16 09:01:56,097] {dag.py:2306} INFO - Setting next_dagrun for example_subdag_operator.section-1 to None
[2021-09-16 09:01:56,098] {logging_mixin.py:109} INFO - [2021-09-16 09:01:56,098] {dag.py:2306} INFO - Setting next_dagrun for example_subdag_operator.section-2 to None
[2021-09-16 09:01:56,104] {logging_mixin.py:109} INFO - [2021-09-16 09:01:56,104] {dag.py:1833} INFO - Sync 2 DAGs
[2021-09-16 09:01:56,111] {logging_mixin.py:109} INFO - [2021-09-16 09:01:56,111] {dag.py:2306} INFO - Setting next_dagrun for example_subdag_operator.section-1 to None
[2021-09-16 09:01:56,111] {logging_mixin.py:109} INFO - [2021-09-16 09:01:56,111] {dag.py:2306} INFO - Setting next_dagrun for example_subdag_operator.section-2 to None
[2021-09-16 09:01:56,117] {processor.py:170} INFO - Processing /home/airflow/.local/lib/python3.8/site-packages/airflow/example_dags/example_subdag_operator.py took 0.077 seconds
[2021-09-16 09:02:26,462] {processor.py:162} INFO - Started process (PID=542) to work on /home/airflow/.local/lib/python3.8/site-packages/airflow/example_dags/example_subdag_operator.py
[2021-09-16 09:02:26,463] {processor.py:613} INFO - Processing file /home/airflow/.local/lib/python3.8/site-packages/airflow/example_dags/example_subdag_operator.py for tasks to queue
[2021-09-16 09:02:26,465] {logging_mixin.py:109} INFO - [2021-09-16 09:02:26,464] {dagbag.py:496} INFO - Filling up the DagBag from /home/airflow/.local/lib/python3.8/site-packages/airflow/example_dags/example_subdag_operator.py
[2021-09-16 09:02:26,492] {processor.py:623} INFO - DAG(s) dict_keys(['example_subdag_operator.section-1', 'example_subdag_operator.section-2', 'example_subdag_operator']) retrieved from /home/airflow/.local/lib/python3.8/site-packages/airflow/example_dags/example_subdag_operator.py
[2021-09-16 09:02:26,501] {logging_mixin.py:109} INFO - [2021-09-16 09:02:26,501] {dag.py:1833} INFO - Sync 3 DAGs
[2021-09-16 09:02:26,513] {logging_mixin.py:109} INFO - [2021-09-16 09:02:26,513] {dag.py:2306} INFO - Setting next_dagrun for example_subdag_operator to 2021-09-14 00:00:00+00:00
[2021-09-16 09:02:26,515] {logging_mixin.py:109} INFO - [2021-09-16 09:02:26,515] {dag.py:2306} INFO - Setting next_dagrun for example_subdag_operator.section-1 to None
[2021-09-16 09:02:26,515] {logging_mixin.py:109} INFO - [2021-09-16 09:02:26,515] {dag.py:2306} INFO - Setting next_dagrun for example_subdag_operator.section-2 to None
[2021-09-16 09:02:26,521] {logging_mixin.py:109} INFO - [2021-09-16 09:02:26,521] {dag.py:1833} INFO - Sync 2 DAGs
[2021-09-16 09:02:26,528] {logging_mixin.py:109} INFO - [2021-09-16 09:02:26,528] {dag.py:2306} INFO - Setting next_dagrun for example_subdag_operator.section-1 to None
[2021-09-16 09:02:26,529] {logging_mixin.py:109} INFO - [2021-09-16 09:02:26,529] {dag.py:2306} INFO - Setting next_dagrun for example_subdag_operator.section-2 to None
[2021-09-16 09:02:26,534] {processor.py:170} INFO - Processing /home/airflow/.local/lib/python3.8/site-packages/airflow/example_dags/example_subdag_operator.py took 0.076 seconds
[2021-09-16 09:02:56,759] {processor.py:162} INFO - Started process (PID=598) to work on /home/airflow/.local/lib/python3.8/site-packages/airflow/example_dags/example_subdag_operator.py
[2021-09-16 09:02:56,760] {processor.py:613} INFO - Processing file /home/airflow/.local/lib/python3.8/site-packages/airflow/example_dags/example_subdag_operator.py for tasks to queue
[2021-09-16 09:02:56,761] {logging_mixin.py:109} INFO - [2021-09-16 09:02:56,761] {dagbag.py:496} INFO - Filling up the DagBag from /home/airflow/.local/lib/python3.8/site-packages/airflow/example_dags/example_subdag_operator.py
[2021-09-16 09:02:56,787] {processor.py:623} INFO - DAG(s) dict_keys(['example_subdag_operator.section-1', 'example_subdag_operator.section-2', 'example_subdag_operator']) retrieved from /home/airflow/.local/lib/python3.8/site-packages/airflow/example_dags/example_subdag_operator.py
[2021-09-16 09:02:56,797] {logging_mixin.py:109} INFO - [2021-09-16 09:02:56,797] {dag.py:1833} INFO - Sync 3 DAGs
[2021-09-16 09:02:56,809] {logging_mixin.py:109} INFO - [2021-09-16 09:02:56,809] {dag.py:2306} INFO - Setting next_dagrun for example_subdag_operator to 2021-09-14 00:00:00+00:00
[2021-09-16 09:02:56,811] {logging_mixin.py:109} INFO - [2021-09-16 09:02:56,811] {dag.py:2306} INFO - Setting next_dagrun for example_subdag_operator.section-1 to None
[2021-09-16 09:02:56,811] {logging_mixin.py:109} INFO - [2021-09-16 09:02:56,811] {dag.py:2306} INFO - Setting next_dagrun for example_subdag_operator.section-2 to None
[2021-09-16 09:02:56,818] {logging_mixin.py:109} INFO - [2021-09-16 09:02:56,818] {dag.py:1833} INFO - Sync 2 DAGs
[2021-09-16 09:02:56,824] {logging_mixin.py:109} INFO - [2021-09-16 09:02:56,824] {dag.py:2306} INFO - Setting next_dagrun for example_subdag_operator.section-1 to None
[2021-09-16 09:02:56,825] {logging_mixin.py:109} INFO - [2021-09-16 09:02:56,825] {dag.py:2306} INFO - Setting next_dagrun for example_subdag_operator.section-2 to None
[2021-09-16 09:02:56,830] {processor.py:170} INFO - Processing /home/airflow/.local/lib/python3.8/site-packages/airflow/example_dags/example_subdag_operator.py took 0.074 seconds
[2021-09-16 09:03:27,174] {processor.py:162} INFO - Started process (PID=654) to work on /home/airflow/.local/lib/python3.8/site-packages/airflow/example_dags/example_subdag_operator.py
[2021-09-16 09:03:27,175] {processor.py:613} INFO - Processing file /home/airflow/.local/lib/python3.8/site-packages/airflow/example_dags/example_subdag_operator.py for tasks to queue
[2021-09-16 09:03:27,177] {logging_mixin.py:109} INFO - [2021-09-16 09:03:27,177] {dagbag.py:496} INFO - Filling up the DagBag from /home/airflow/.local/lib/python3.8/site-packages/airflow/example_dags/example_subdag_operator.py
[2021-09-16 09:03:27,207] {processor.py:623} INFO - DAG(s) dict_keys(['example_subdag_operator.section-1', 'example_subdag_operator.section-2', 'example_subdag_operator']) retrieved from /home/airflow/.local/lib/python3.8/site-packages/airflow/example_dags/example_subdag_operator.py
[2021-09-16 09:03:27,219] {logging_mixin.py:109} INFO - [2021-09-16 09:03:27,218] {dag.py:1833} INFO - Sync 3 DAGs
[2021-09-16 09:03:27,233] {logging_mixin.py:109} INFO - [2021-09-16 09:03:27,233] {dag.py:2306} INFO - Setting next_dagrun for example_subdag_operator to 2021-09-14 00:00:00+00:00
[2021-09-16 09:03:27,234] {logging_mixin.py:109} INFO - [2021-09-16 09:03:27,234] {dag.py:2306} INFO - Setting next_dagrun for example_subdag_operator.section-1 to None
[2021-09-16 09:03:27,235] {logging_mixin.py:109} INFO - [2021-09-16 09:03:27,235] {dag.py:2306} INFO - Setting next_dagrun for example_subdag_operator.section-2 to None
[2021-09-16 09:03:27,242] {logging_mixin.py:109} INFO - [2021-09-16 09:03:27,242] {dag.py:1833} INFO - Sync 2 DAGs
[2021-09-16 09:03:27,247] {logging_mixin.py:109} INFO - [2021-09-16 09:03:27,247] {dag.py:2306} INFO - Setting next_dagrun for example_subdag_operator.section-1 to None
[2021-09-16 09:03:27,248] {logging_mixin.py:109} INFO - [2021-09-16 09:03:27,248] {dag.py:2306} INFO - Setting next_dagrun for example_subdag_operator.section-2 to None
[2021-09-16 09:03:27,253] {processor.py:170} INFO - Processing /home/airflow/.local/lib/python3.8/site-packages/airflow/example_dags/example_subdag_operator.py took 0.084 seconds
[2021-09-16 09:03:57,387] {processor.py:162} INFO - Started process (PID=709) to work on /home/airflow/.local/lib/python3.8/site-packages/airflow/example_dags/example_subdag_operator.py
[2021-09-16 09:03:57,389] {processor.py:613} INFO - Processing file /home/airflow/.local/lib/python3.8/site-packages/airflow/example_dags/example_subdag_operator.py for tasks to queue
[2021-09-16 09:03:57,390] {logging_mixin.py:109} INFO - [2021-09-16 09:03:57,390] {dagbag.py:496} INFO - Filling up the DagBag from /home/airflow/.local/lib/python3.8/site-packages/airflow/example_dags/example_subdag_operator.py
[2021-09-16 09:03:57,417] {processor.py:623} INFO - DAG(s) dict_keys(['example_subdag_operator.section-1', 'example_subdag_operator.section-2', 'example_subdag_operator']) retrieved from /home/airflow/.local/lib/python3.8/site-packages/airflow/example_dags/example_subdag_operator.py
[2021-09-16 09:03:57,427] {logging_mixin.py:109} INFO - [2021-09-16 09:03:57,427] {dag.py:1833} INFO - Sync 3 DAGs
[2021-09-16 09:03:57,442] {logging_mixin.py:109} INFO - [2021-09-16 09:03:57,442] {dag.py:2306} INFO - Setting next_dagrun for example_subdag_operator to 2021-09-14 00:00:00+00:00
[2021-09-16 09:03:57,444] {logging_mixin.py:109} INFO - [2021-09-16 09:03:57,444] {dag.py:2306} INFO - Setting next_dagrun for example_subdag_operator.section-1 to None
[2021-09-16 09:03:57,445] {logging_mixin.py:109} INFO - [2021-09-16 09:03:57,445] {dag.py:2306} INFO - Setting next_dagrun for example_subdag_operator.section-2 to None
[2021-09-16 09:03:57,452] {logging_mixin.py:109} INFO - [2021-09-16 09:03:57,452] {dag.py:1833} INFO - Sync 2 DAGs
[2021-09-16 09:03:57,459] {logging_mixin.py:109} INFO - [2021-09-16 09:03:57,459] {dag.py:2306} INFO - Setting next_dagrun for example_subdag_operator.section-1 to None
[2021-09-16 09:03:57,460] {logging_mixin.py:109} INFO - [2021-09-16 09:03:57,460] {dag.py:2306} INFO - Setting next_dagrun for example_subdag_operator.section-2 to None
[2021-09-16 09:03:57,466] {processor.py:170} INFO - Processing /home/airflow/.local/lib/python3.8/site-packages/airflow/example_dags/example_subdag_operator.py took 0.084 seconds
[2021-09-16 09:04:27,603] {processor.py:162} INFO - Started process (PID=757) to work on /home/airflow/.local/lib/python3.8/site-packages/airflow/example_dags/example_subdag_operator.py
[2021-09-16 09:04:27,605] {processor.py:613} INFO - Processing file /home/airflow/.local/lib/python3.8/site-packages/airflow/example_dags/example_subdag_operator.py for tasks to queue
[2021-09-16 09:04:27,606] {logging_mixin.py:109} INFO - [2021-09-16 09:04:27,606] {dagbag.py:496} INFO - Filling up the DagBag from /home/airflow/.local/lib/python3.8/site-packages/airflow/example_dags/example_subdag_operator.py
[2021-09-16 09:04:27,632] {processor.py:623} INFO - DAG(s) dict_keys(['example_subdag_operator.section-1', 'example_subdag_operator.section-2', 'example_subdag_operator']) retrieved from /home/airflow/.local/lib/python3.8/site-packages/airflow/example_dags/example_subdag_operator.py
[2021-09-16 09:04:27,642] {logging_mixin.py:109} INFO - [2021-09-16 09:04:27,642] {dag.py:1833} INFO - Sync 3 DAGs
[2021-09-16 09:04:27,653] {logging_mixin.py:109} INFO - [2021-09-16 09:04:27,653] {dag.py:2306} INFO - Setting next_dagrun for example_subdag_operator to 2021-09-14 00:00:00+00:00
[2021-09-16 09:04:27,655] {logging_mixin.py:109} INFO - [2021-09-16 09:04:27,655] {dag.py:2306} INFO - Setting next_dagrun for example_subdag_operator.section-1 to None
[2021-09-16 09:04:27,655] {logging_mixin.py:109} INFO - [2021-09-16 09:04:27,655] {dag.py:2306} INFO - Setting next_dagrun for example_subdag_operator.section-2 to None
[2021-09-16 09:04:27,662] {logging_mixin.py:109} INFO - [2021-09-16 09:04:27,662] {dag.py:1833} INFO - Sync 2 DAGs
[2021-09-16 09:04:27,668] {logging_mixin.py:109} INFO - [2021-09-16 09:04:27,668] {dag.py:2306} INFO - Setting next_dagrun for example_subdag_operator.section-1 to None
[2021-09-16 09:04:27,669] {logging_mixin.py:109} INFO - [2021-09-16 09:04:27,669] {dag.py:2306} INFO - Setting next_dagrun for example_subdag_operator.section-2 to None
[2021-09-16 09:04:27,675] {processor.py:170} INFO - Processing /home/airflow/.local/lib/python3.8/site-packages/airflow/example_dags/example_subdag_operator.py took 0.075 seconds
[2021-09-16 09:04:57,775] {processor.py:162} INFO - Started process (PID=814) to work on /home/airflow/.local/lib/python3.8/site-packages/airflow/example_dags/example_subdag_operator.py
[2021-09-16 09:04:57,777] {processor.py:613} INFO - Processing file /home/airflow/.local/lib/python3.8/site-packages/airflow/example_dags/example_subdag_operator.py for tasks to queue
[2021-09-16 09:04:57,778] {logging_mixin.py:109} INFO - [2021-09-16 09:04:57,778] {dagbag.py:496} INFO - Filling up the DagBag from /home/airflow/.local/lib/python3.8/site-packages/airflow/example_dags/example_subdag_operator.py
[2021-09-16 09:04:57,805] {processor.py:623} INFO - DAG(s) dict_keys(['example_subdag_operator.section-1', 'example_subdag_operator.section-2', 'example_subdag_operator']) retrieved from /home/airflow/.local/lib/python3.8/site-packages/airflow/example_dags/example_subdag_operator.py
[2021-09-16 09:04:57,814] {logging_mixin.py:109} INFO - [2021-09-16 09:04:57,814] {dag.py:1833} INFO - Sync 3 DAGs
[2021-09-16 09:04:57,825] {logging_mixin.py:109} INFO - [2021-09-16 09:04:57,825] {dag.py:2306} INFO - Setting next_dagrun for example_subdag_operator to 2021-09-14 00:00:00+00:00
[2021-09-16 09:04:57,827] {logging_mixin.py:109} INFO - [2021-09-16 09:04:57,827] {dag.py:2306} INFO - Setting next_dagrun for example_subdag_operator.section-1 to None
[2021-09-16 09:04:57,827] {logging_mixin.py:109} INFO - [2021-09-16 09:04:57,827] {dag.py:2306} INFO - Setting next_dagrun for example_subdag_operator.section-2 to None
[2021-09-16 09:04:57,833] {logging_mixin.py:109} INFO - [2021-09-16 09:04:57,833] {dag.py:1833} INFO - Sync 2 DAGs
[2021-09-16 09:04:57,838] {logging_mixin.py:109} INFO - [2021-09-16 09:04:57,838] {dag.py:2306} INFO - Setting next_dagrun for example_subdag_operator.section-1 to None
[2021-09-16 09:04:57,839] {logging_mixin.py:109} INFO - [2021-09-16 09:04:57,839] {dag.py:2306} INFO - Setting next_dagrun for example_subdag_operator.section-2 to None
[2021-09-16 09:04:57,844] {processor.py:170} INFO - Processing /home/airflow/.local/lib/python3.8/site-packages/airflow/example_dags/example_subdag_operator.py took 0.072 seconds
[2021-09-16 09:05:27,995] {processor.py:162} INFO - Started process (PID=870) to work on /home/airflow/.local/lib/python3.8/site-packages/airflow/example_dags/example_subdag_operator.py
[2021-09-16 09:05:27,997] {processor.py:613} INFO - Processing file /home/airflow/.local/lib/python3.8/site-packages/airflow/example_dags/example_subdag_operator.py for tasks to queue
[2021-09-16 09:05:27,999] {logging_mixin.py:109} INFO - [2021-09-16 09:05:27,999] {dagbag.py:496} INFO - Filling up the DagBag from /home/airflow/.local/lib/python3.8/site-packages/airflow/example_dags/example_subdag_operator.py
[2021-09-16 09:05:28,037] {processor.py:623} INFO - DAG(s) dict_keys(['example_subdag_operator.section-1', 'example_subdag_operator.section-2', 'example_subdag_operator']) retrieved from /home/airflow/.local/lib/python3.8/site-packages/airflow/example_dags/example_subdag_operator.py
[2021-09-16 09:05:28,054] {logging_mixin.py:109} INFO - [2021-09-16 09:05:28,054] {dag.py:1833} INFO - Sync 3 DAGs
[2021-09-16 09:05:28,074] {logging_mixin.py:109} INFO - [2021-09-16 09:05:28,073] {dag.py:2306} INFO - Setting next_dagrun for example_subdag_operator to 2021-09-14 00:00:00+00:00
[2021-09-16 09:05:28,075] {logging_mixin.py:109} INFO - [2021-09-16 09:05:28,075] {dag.py:2306} INFO - Setting next_dagrun for example_subdag_operator.section-1 to None
[2021-09-16 09:05:28,076] {logging_mixin.py:109} INFO - [2021-09-16 09:05:28,076] {dag.py:2306} INFO - Setting next_dagrun for example_subdag_operator.section-2 to None
[2021-09-16 09:05:28,085] {logging_mixin.py:109} INFO - [2021-09-16 09:05:28,084] {dag.py:1833} INFO - Sync 2 DAGs
[2021-09-16 09:05:28,091] {logging_mixin.py:109} INFO - [2021-09-16 09:05:28,091] {dag.py:2306} INFO - Setting next_dagrun for example_subdag_operator.section-1 to None
[2021-09-16 09:05:28,092] {logging_mixin.py:109} INFO - [2021-09-16 09:05:28,092] {dag.py:2306} INFO - Setting next_dagrun for example_subdag_operator.section-2 to None
[2021-09-16 09:05:28,098] {processor.py:170} INFO - Processing /home/airflow/.local/lib/python3.8/site-packages/airflow/example_dags/example_subdag_operator.py took 0.107 seconds
[2021-09-16 09:05:58,346] {processor.py:162} INFO - Started process (PID=917) to work on /home/airflow/.local/lib/python3.8/site-packages/airflow/example_dags/example_subdag_operator.py
[2021-09-16 09:05:58,347] {processor.py:613} INFO - Processing file /home/airflow/.local/lib/python3.8/site-packages/airflow/example_dags/example_subdag_operator.py for tasks to queue
[2021-09-16 09:05:58,348] {logging_mixin.py:109} INFO - [2021-09-16 09:05:58,348] {dagbag.py:496} INFO - Filling up the DagBag from /home/airflow/.local/lib/python3.8/site-packages/airflow/example_dags/example_subdag_operator.py
[2021-09-16 09:05:58,382] {processor.py:623} INFO - DAG(s) dict_keys(['example_subdag_operator.section-1', 'example_subdag_operator.section-2', 'example_subdag_operator']) retrieved from /home/airflow/.local/lib/python3.8/site-packages/airflow/example_dags/example_subdag_operator.py
[2021-09-16 09:05:58,390] {logging_mixin.py:109} INFO - [2021-09-16 09:05:58,390] {dag.py:1833} INFO - Sync 3 DAGs
[2021-09-16 09:05:58,401] {logging_mixin.py:109} INFO - [2021-09-16 09:05:58,401] {dag.py:2306} INFO - Setting next_dagrun for example_subdag_operator to 2021-09-14 00:00:00+00:00
[2021-09-16 09:05:58,402] {logging_mixin.py:109} INFO - [2021-09-16 09:05:58,402] {dag.py:2306} INFO - Setting next_dagrun for example_subdag_operator.section-1 to None
[2021-09-16 09:05:58,403] {logging_mixin.py:109} INFO - [2021-09-16 09:05:58,403] {dag.py:2306} INFO - Setting next_dagrun for example_subdag_operator.section-2 to None
[2021-09-16 09:05:58,410] {logging_mixin.py:109} INFO - [2021-09-16 09:05:58,410] {dag.py:1833} INFO - Sync 2 DAGs
[2021-09-16 09:05:58,417] {logging_mixin.py:109} INFO - [2021-09-16 09:05:58,417] {dag.py:2306} INFO - Setting next_dagrun for example_subdag_operator.section-1 to None
[2021-09-16 09:05:58,417] {logging_mixin.py:109} INFO - [2021-09-16 09:05:58,417] {dag.py:2306} INFO - Setting next_dagrun for example_subdag_operator.section-2 to None
[2021-09-16 09:05:58,422] {processor.py:170} INFO - Processing /home/airflow/.local/lib/python3.8/site-packages/airflow/example_dags/example_subdag_operator.py took 0.079 seconds
[2021-09-16 09:06:28,669] {processor.py:162} INFO - Started process (PID=973) to work on /home/airflow/.local/lib/python3.8/site-packages/airflow/example_dags/example_subdag_operator.py
[2021-09-16 09:06:28,670] {processor.py:613} INFO - Processing file /home/airflow/.local/lib/python3.8/site-packages/airflow/example_dags/example_subdag_operator.py for tasks to queue
[2021-09-16 09:06:28,671] {logging_mixin.py:109} INFO - [2021-09-16 09:06:28,671] {dagbag.py:496} INFO - Filling up the DagBag from /home/airflow/.local/lib/python3.8/site-packages/airflow/example_dags/example_subdag_operator.py
[2021-09-16 09:06:28,697] {processor.py:623} INFO - DAG(s) dict_keys(['example_subdag_operator.section-1', 'example_subdag_operator.section-2', 'example_subdag_operator']) retrieved from /home/airflow/.local/lib/python3.8/site-packages/airflow/example_dags/example_subdag_operator.py
[2021-09-16 09:06:28,706] {logging_mixin.py:109} INFO - [2021-09-16 09:06:28,706] {dag.py:1833} INFO - Sync 3 DAGs
[2021-09-16 09:06:28,717] {logging_mixin.py:109} INFO - [2021-09-16 09:06:28,717] {dag.py:2306} INFO - Setting next_dagrun for example_subdag_operator to 2021-09-14 00:00:00+00:00
[2021-09-16 09:06:28,718] {logging_mixin.py:109} INFO - [2021-09-16 09:06:28,718] {dag.py:2306} INFO - Setting next_dagrun for example_subdag_operator.section-1 to None
[2021-09-16 09:06:28,719] {logging_mixin.py:109} INFO - [2021-09-16 09:06:28,719] {dag.py:2306} INFO - Setting next_dagrun for example_subdag_operator.section-2 to None
[2021-09-16 09:06:28,725] {logging_mixin.py:109} INFO - [2021-09-16 09:06:28,725] {dag.py:1833} INFO - Sync 2 DAGs
[2021-09-16 09:06:28,731] {logging_mixin.py:109} INFO - [2021-09-16 09:06:28,731] {dag.py:2306} INFO - Setting next_dagrun for example_subdag_operator.section-1 to None
[2021-09-16 09:06:28,732] {logging_mixin.py:109} INFO - [2021-09-16 09:06:28,732] {dag.py:2306} INFO - Setting next_dagrun for example_subdag_operator.section-2 to None
[2021-09-16 09:06:28,737] {processor.py:170} INFO - Processing /home/airflow/.local/lib/python3.8/site-packages/airflow/example_dags/example_subdag_operator.py took 0.071 seconds
[2021-09-16 09:06:58,767] {processor.py:162} INFO - Started process (PID=1029) to work on /home/airflow/.local/lib/python3.8/site-packages/airflow/example_dags/example_subdag_operator.py
[2021-09-16 09:06:58,769] {processor.py:613} INFO - Processing file /home/airflow/.local/lib/python3.8/site-packages/airflow/example_dags/example_subdag_operator.py for tasks to queue
[2021-09-16 09:06:58,770] {logging_mixin.py:109} INFO - [2021-09-16 09:06:58,770] {dagbag.py:496} INFO - Filling up the DagBag from /home/airflow/.local/lib/python3.8/site-packages/airflow/example_dags/example_subdag_operator.py
[2021-09-16 09:06:58,796] {processor.py:623} INFO - DAG(s) dict_keys(['example_subdag_operator.section-1', 'example_subdag_operator.section-2', 'example_subdag_operator']) retrieved from /home/airflow/.local/lib/python3.8/site-packages/airflow/example_dags/example_subdag_operator.py
[2021-09-16 09:06:58,805] {logging_mixin.py:109} INFO - [2021-09-16 09:06:58,805] {dag.py:1833} INFO - Sync 3 DAGs
[2021-09-16 09:06:58,816] {logging_mixin.py:109} INFO - [2021-09-16 09:06:58,816] {dag.py:2306} INFO - Setting next_dagrun for example_subdag_operator to 2021-09-14 00:00:00+00:00
[2021-09-16 09:06:58,818] {logging_mixin.py:109} INFO - [2021-09-16 09:06:58,818] {dag.py:2306} INFO - Setting next_dagrun for example_subdag_operator.section-1 to None
[2021-09-16 09:06:58,818] {logging_mixin.py:109} INFO - [2021-09-16 09:06:58,818] {dag.py:2306} INFO - Setting next_dagrun for example_subdag_operator.section-2 to None
[2021-09-16 09:06:58,825] {logging_mixin.py:109} INFO - [2021-09-16 09:06:58,825] {dag.py:1833} INFO - Sync 2 DAGs
[2021-09-16 09:06:58,831] {logging_mixin.py:109} INFO - [2021-09-16 09:06:58,831] {dag.py:2306} INFO - Setting next_dagrun for example_subdag_operator.section-1 to None
[2021-09-16 09:06:58,831] {logging_mixin.py:109} INFO - [2021-09-16 09:06:58,831] {dag.py:2306} INFO - Setting next_dagrun for example_subdag_operator.section-2 to None
[2021-09-16 09:06:58,836] {processor.py:170} INFO - Processing /home/airflow/.local/lib/python3.8/site-packages/airflow/example_dags/example_subdag_operator.py took 0.073 seconds
[2021-09-16 09:07:29,103] {processor.py:162} INFO - Started process (PID=1076) to work on /home/airflow/.local/lib/python3.8/site-packages/airflow/example_dags/example_subdag_operator.py
[2021-09-16 09:07:29,105] {processor.py:613} INFO - Processing file /home/airflow/.local/lib/python3.8/site-packages/airflow/example_dags/example_subdag_operator.py for tasks to queue
[2021-09-16 09:07:29,106] {logging_mixin.py:109} INFO - [2021-09-16 09:07:29,106] {dagbag.py:496} INFO - Filling up the DagBag from /home/airflow/.local/lib/python3.8/site-packages/airflow/example_dags/example_subdag_operator.py
[2021-09-16 09:07:29,134] {processor.py:623} INFO - DAG(s) dict_keys(['example_subdag_operator.section-1', 'example_subdag_operator.section-2', 'example_subdag_operator']) retrieved from /home/airflow/.local/lib/python3.8/site-packages/airflow/example_dags/example_subdag_operator.py
[2021-09-16 09:07:29,143] {logging_mixin.py:109} INFO - [2021-09-16 09:07:29,143] {dag.py:1833} INFO - Sync 3 DAGs
[2021-09-16 09:07:29,154] {logging_mixin.py:109} INFO - [2021-09-16 09:07:29,154] {dag.py:2306} INFO - Setting next_dagrun for example_subdag_operator to 2021-09-14 00:00:00+00:00
[2021-09-16 09:07:29,155] {logging_mixin.py:109} INFO - [2021-09-16 09:07:29,155] {dag.py:2306} INFO - Setting next_dagrun for example_subdag_operator.section-1 to None
[2021-09-16 09:07:29,156] {logging_mixin.py:109} INFO - [2021-09-16 09:07:29,156] {dag.py:2306} INFO - Setting next_dagrun for example_subdag_operator.section-2 to None
[2021-09-16 09:07:29,163] {logging_mixin.py:109} INFO - [2021-09-16 09:07:29,163] {dag.py:1833} INFO - Sync 2 DAGs
[2021-09-16 09:07:29,169] {logging_mixin.py:109} INFO - [2021-09-16 09:07:29,169] {dag.py:2306} INFO - Setting next_dagrun for example_subdag_operator.section-1 to None
[2021-09-16 09:07:29,170] {logging_mixin.py:109} INFO - [2021-09-16 09:07:29,170] {dag.py:2306} INFO - Setting next_dagrun for example_subdag_operator.section-2 to None
[2021-09-16 09:07:29,176] {processor.py:170} INFO - Processing /home/airflow/.local/lib/python3.8/site-packages/airflow/example_dags/example_subdag_operator.py took 0.076 seconds
[2021-09-16 09:07:59,546] {processor.py:162} INFO - Started process (PID=1131) to work on /home/airflow/.local/lib/python3.8/site-packages/airflow/example_dags/example_subdag_operator.py
[2021-09-16 09:07:59,548] {processor.py:613} INFO - Processing file /home/airflow/.local/lib/python3.8/site-packages/airflow/example_dags/example_subdag_operator.py for tasks to queue
[2021-09-16 09:07:59,549] {logging_mixin.py:109} INFO - [2021-09-16 09:07:59,549] {dagbag.py:496} INFO - Filling up the DagBag from /home/airflow/.local/lib/python3.8/site-packages/airflow/example_dags/example_subdag_operator.py
[2021-09-16 09:07:59,577] {processor.py:623} INFO - DAG(s) dict_keys(['example_subdag_operator.section-1', 'example_subdag_operator.section-2', 'example_subdag_operator']) retrieved from /home/airflow/.local/lib/python3.8/site-packages/airflow/example_dags/example_subdag_operator.py
[2021-09-16 09:07:59,586] {logging_mixin.py:109} INFO - [2021-09-16 09:07:59,586] {dag.py:1833} INFO - Sync 3 DAGs
[2021-09-16 09:07:59,597] {logging_mixin.py:109} INFO - [2021-09-16 09:07:59,597] {dag.py:2306} INFO - Setting next_dagrun for example_subdag_operator to 2021-09-14 00:00:00+00:00
[2021-09-16 09:07:59,598] {logging_mixin.py:109} INFO - [2021-09-16 09:07:59,598] {dag.py:2306} INFO - Setting next_dagrun for example_subdag_operator.section-1 to None
[2021-09-16 09:07:59,599] {logging_mixin.py:109} INFO - [2021-09-16 09:07:59,599] {dag.py:2306} INFO - Setting next_dagrun for example_subdag_operator.section-2 to None
[2021-09-16 09:07:59,605] {logging_mixin.py:109} INFO - [2021-09-16 09:07:59,605] {dag.py:1833} INFO - Sync 2 DAGs
[2021-09-16 09:07:59,611] {logging_mixin.py:109} INFO - [2021-09-16 09:07:59,611] {dag.py:2306} INFO - Setting next_dagrun for example_subdag_operator.section-1 to None
[2021-09-16 09:07:59,612] {logging_mixin.py:109} INFO - [2021-09-16 09:07:59,611] {dag.py:2306} INFO - Setting next_dagrun for example_subdag_operator.section-2 to None
[2021-09-16 09:07:59,617] {processor.py:170} INFO - Processing /home/airflow/.local/lib/python3.8/site-packages/airflow/example_dags/example_subdag_operator.py took 0.074 seconds
[2021-09-16 09:08:30,008] {processor.py:162} INFO - Started process (PID=1188) to work on /home/airflow/.local/lib/python3.8/site-packages/airflow/example_dags/example_subdag_operator.py
[2021-09-16 09:08:30,009] {processor.py:613} INFO - Processing file /home/airflow/.local/lib/python3.8/site-packages/airflow/example_dags/example_subdag_operator.py for tasks to queue
[2021-09-16 09:08:30,010] {logging_mixin.py:109} INFO - [2021-09-16 09:08:30,010] {dagbag.py:496} INFO - Filling up the DagBag from /home/airflow/.local/lib/python3.8/site-packages/airflow/example_dags/example_subdag_operator.py
[2021-09-16 09:08:30,037] {processor.py:623} INFO - DAG(s) dict_keys(['example_subdag_operator.section-1', 'example_subdag_operator.section-2', 'example_subdag_operator']) retrieved from /home/airflow/.local/lib/python3.8/site-packages/airflow/example_dags/example_subdag_operator.py
[2021-09-16 09:08:30,045] {logging_mixin.py:109} INFO - [2021-09-16 09:08:30,045] {dag.py:1833} INFO - Sync 3 DAGs
[2021-09-16 09:08:30,056] {logging_mixin.py:109} INFO - [2021-09-16 09:08:30,056] {dag.py:2306} INFO - Setting next_dagrun for example_subdag_operator to 2021-09-14 00:00:00+00:00
[2021-09-16 09:08:30,058] {logging_mixin.py:109} INFO - [2021-09-16 09:08:30,057] {dag.py:2306} INFO - Setting next_dagrun for example_subdag_operator.section-1 to None
[2021-09-16 09:08:30,058] {logging_mixin.py:109} INFO - [2021-09-16 09:08:30,058] {dag.py:2306} INFO - Setting next_dagrun for example_subdag_operator.section-2 to None
[2021-09-16 09:08:30,064] {logging_mixin.py:109} INFO - [2021-09-16 09:08:30,064] {dag.py:1833} INFO - Sync 2 DAGs
[2021-09-16 09:08:30,071] {logging_mixin.py:109} INFO - [2021-09-16 09:08:30,071] {dag.py:2306} INFO - Setting next_dagrun for example_subdag_operator.section-1 to None
[2021-09-16 09:08:30,071] {logging_mixin.py:109} INFO - [2021-09-16 09:08:30,071] {dag.py:2306} INFO - Setting next_dagrun for example_subdag_operator.section-2 to None
[2021-09-16 09:08:30,077] {processor.py:170} INFO - Processing /home/airflow/.local/lib/python3.8/site-packages/airflow/example_dags/example_subdag_operator.py took 0.073 seconds
[2021-09-16 09:09:00,415] {processor.py:162} INFO - Started process (PID=1244) to work on /home/airflow/.local/lib/python3.8/site-packages/airflow/example_dags/example_subdag_operator.py
[2021-09-16 09:09:00,416] {processor.py:613} INFO - Processing file /home/airflow/.local/lib/python3.8/site-packages/airflow/example_dags/example_subdag_operator.py for tasks to queue
[2021-09-16 09:09:00,417] {logging_mixin.py:109} INFO - [2021-09-16 09:09:00,417] {dagbag.py:496} INFO - Filling up the DagBag from /home/airflow/.local/lib/python3.8/site-packages/airflow/example_dags/example_subdag_operator.py
[2021-09-16 09:09:00,439] {processor.py:623} INFO - DAG(s) dict_keys(['example_subdag_operator.section-1', 'example_subdag_operator.section-2', 'example_subdag_operator']) retrieved from /home/airflow/.local/lib/python3.8/site-packages/airflow/example_dags/example_subdag_operator.py
[2021-09-16 09:09:00,448] {logging_mixin.py:109} INFO - [2021-09-16 09:09:00,448] {dag.py:1833} INFO - Sync 3 DAGs
[2021-09-16 09:09:00,458] {logging_mixin.py:109} INFO - [2021-09-16 09:09:00,458] {dag.py:2306} INFO - Setting next_dagrun for example_subdag_operator to 2021-09-14 00:00:00+00:00
[2021-09-16 09:09:00,460] {logging_mixin.py:109} INFO - [2021-09-16 09:09:00,460] {dag.py:2306} INFO - Setting next_dagrun for example_subdag_operator.section-1 to None
[2021-09-16 09:09:00,461] {logging_mixin.py:109} INFO - [2021-09-16 09:09:00,461] {dag.py:2306} INFO - Setting next_dagrun for example_subdag_operator.section-2 to None
[2021-09-16 09:09:00,467] {logging_mixin.py:109} INFO - [2021-09-16 09:09:00,467] {dag.py:1833} INFO - Sync 2 DAGs
[2021-09-16 09:09:00,473] {logging_mixin.py:109} INFO - [2021-09-16 09:09:00,472] {dag.py:2306} INFO - Setting next_dagrun for example_subdag_operator.section-1 to None
[2021-09-16 09:09:00,473] {logging_mixin.py:109} INFO - [2021-09-16 09:09:00,473] {dag.py:2306} INFO - Setting next_dagrun for example_subdag_operator.section-2 to None
[2021-09-16 09:09:00,478] {processor.py:170} INFO - Processing /home/airflow/.local/lib/python3.8/site-packages/airflow/example_dags/example_subdag_operator.py took 0.067 seconds
[2021-09-16 09:09:30,799] {processor.py:162} INFO - Started process (PID=1291) to work on /home/airflow/.local/lib/python3.8/site-packages/airflow/example_dags/example_subdag_operator.py
[2021-09-16 09:09:30,801] {processor.py:613} INFO - Processing file /home/airflow/.local/lib/python3.8/site-packages/airflow/example_dags/example_subdag_operator.py for tasks to queue
[2021-09-16 09:09:30,802] {logging_mixin.py:109} INFO - [2021-09-16 09:09:30,802] {dagbag.py:496} INFO - Filling up the DagBag from /home/airflow/.local/lib/python3.8/site-packages/airflow/example_dags/example_subdag_operator.py
[2021-09-16 09:09:30,827] {processor.py:623} INFO - DAG(s) dict_keys(['example_subdag_operator.section-1', 'example_subdag_operator.section-2', 'example_subdag_operator']) retrieved from /home/airflow/.local/lib/python3.8/site-packages/airflow/example_dags/example_subdag_operator.py
[2021-09-16 09:09:30,836] {logging_mixin.py:109} INFO - [2021-09-16 09:09:30,836] {dag.py:1833} INFO - Sync 3 DAGs
[2021-09-16 09:09:30,848] {logging_mixin.py:109} INFO - [2021-09-16 09:09:30,848] {dag.py:2306} INFO - Setting next_dagrun for example_subdag_operator to 2021-09-14 00:00:00+00:00
[2021-09-16 09:09:30,849] {logging_mixin.py:109} INFO - [2021-09-16 09:09:30,849] {dag.py:2306} INFO - Setting next_dagrun for example_subdag_operator.section-1 to None
[2021-09-16 09:09:30,850] {logging_mixin.py:109} INFO - [2021-09-16 09:09:30,850] {dag.py:2306} INFO - Setting next_dagrun for example_subdag_operator.section-2 to None
[2021-09-16 09:09:30,858] {logging_mixin.py:109} INFO - [2021-09-16 09:09:30,858] {dag.py:1833} INFO - Sync 2 DAGs
[2021-09-16 09:09:30,863] {logging_mixin.py:109} INFO - [2021-09-16 09:09:30,863] {dag.py:2306} INFO - Setting next_dagrun for example_subdag_operator.section-1 to None
[2021-09-16 09:09:30,864] {logging_mixin.py:109} INFO - [2021-09-16 09:09:30,864] {dag.py:2306} INFO - Setting next_dagrun for example_subdag_operator.section-2 to None
[2021-09-16 09:09:30,869] {processor.py:170} INFO - Processing /home/airflow/.local/lib/python3.8/site-packages/airflow/example_dags/example_subdag_operator.py took 0.074 seconds
[2021-09-16 09:10:01,175] {processor.py:162} INFO - Started process (PID=1348) to work on /home/airflow/.local/lib/python3.8/site-packages/airflow/example_dags/example_subdag_operator.py
[2021-09-16 09:10:01,177] {processor.py:613} INFO - Processing file /home/airflow/.local/lib/python3.8/site-packages/airflow/example_dags/example_subdag_operator.py for tasks to queue
[2021-09-16 09:10:01,178] {logging_mixin.py:109} INFO - [2021-09-16 09:10:01,178] {dagbag.py:496} INFO - Filling up the DagBag from /home/airflow/.local/lib/python3.8/site-packages/airflow/example_dags/example_subdag_operator.py
[2021-09-16 09:10:01,202] {processor.py:623} INFO - DAG(s) dict_keys(['example_subdag_operator.section-1', 'example_subdag_operator.section-2', 'example_subdag_operator']) retrieved from /home/airflow/.local/lib/python3.8/site-packages/airflow/example_dags/example_subdag_operator.py
[2021-09-16 09:10:01,212] {logging_mixin.py:109} INFO - [2021-09-16 09:10:01,212] {dag.py:1833} INFO - Sync 3 DAGs
[2021-09-16 09:10:01,225] {logging_mixin.py:109} INFO - [2021-09-16 09:10:01,225] {dag.py:2306} INFO - Setting next_dagrun for example_subdag_operator to 2021-09-14 00:00:00+00:00
[2021-09-16 09:10:01,226] {logging_mixin.py:109} INFO - [2021-09-16 09:10:01,226] {dag.py:2306} INFO - Setting next_dagrun for example_subdag_operator.section-1 to None
[2021-09-16 09:10:01,227] {logging_mixin.py:109} INFO - [2021-09-16 09:10:01,227] {dag.py:2306} INFO - Setting next_dagrun for example_subdag_operator.section-2 to None
[2021-09-16 09:10:01,234] {logging_mixin.py:109} INFO - [2021-09-16 09:10:01,234] {dag.py:1833} INFO - Sync 2 DAGs
[2021-09-16 09:10:01,239] {logging_mixin.py:109} INFO - [2021-09-16 09:10:01,239] {dag.py:2306} INFO - Setting next_dagrun for example_subdag_operator.section-1 to None
[2021-09-16 09:10:01,240] {logging_mixin.py:109} INFO - [2021-09-16 09:10:01,240] {dag.py:2306} INFO - Setting next_dagrun for example_subdag_operator.section-2 to None
[2021-09-16 09:10:01,245] {processor.py:170} INFO - Processing /home/airflow/.local/lib/python3.8/site-packages/airflow/example_dags/example_subdag_operator.py took 0.073 seconds
[2021-09-16 09:10:31,551] {processor.py:162} INFO - Started process (PID=1403) to work on /home/airflow/.local/lib/python3.8/site-packages/airflow/example_dags/example_subdag_operator.py
[2021-09-16 09:10:31,553] {processor.py:613} INFO - Processing file /home/airflow/.local/lib/python3.8/site-packages/airflow/example_dags/example_subdag_operator.py for tasks to queue
[2021-09-16 09:10:31,554] {logging_mixin.py:109} INFO - [2021-09-16 09:10:31,554] {dagbag.py:496} INFO - Filling up the DagBag from /home/airflow/.local/lib/python3.8/site-packages/airflow/example_dags/example_subdag_operator.py
[2021-09-16 09:10:31,581] {processor.py:623} INFO - DAG(s) dict_keys(['example_subdag_operator.section-1', 'example_subdag_operator.section-2', 'example_subdag_operator']) retrieved from /home/airflow/.local/lib/python3.8/site-packages/airflow/example_dags/example_subdag_operator.py
[2021-09-16 09:10:31,590] {logging_mixin.py:109} INFO - [2021-09-16 09:10:31,590] {dag.py:1833} INFO - Sync 3 DAGs
[2021-09-16 09:10:31,602] {logging_mixin.py:109} INFO - [2021-09-16 09:10:31,602] {dag.py:2306} INFO - Setting next_dagrun for example_subdag_operator to 2021-09-14 00:00:00+00:00
[2021-09-16 09:10:31,604] {logging_mixin.py:109} INFO - [2021-09-16 09:10:31,603] {dag.py:2306} INFO - Setting next_dagrun for example_subdag_operator.section-1 to None
[2021-09-16 09:10:31,604] {logging_mixin.py:109} INFO - [2021-09-16 09:10:31,604] {dag.py:2306} INFO - Setting next_dagrun for example_subdag_operator.section-2 to None
[2021-09-16 09:10:31,612] {logging_mixin.py:109} INFO - [2021-09-16 09:10:31,611] {dag.py:1833} INFO - Sync 2 DAGs
[2021-09-16 09:10:31,617] {logging_mixin.py:109} INFO - [2021-09-16 09:10:31,617] {dag.py:2306} INFO - Setting next_dagrun for example_subdag_operator.section-1 to None
[2021-09-16 09:10:31,618] {logging_mixin.py:109} INFO - [2021-09-16 09:10:31,618] {dag.py:2306} INFO - Setting next_dagrun for example_subdag_operator.section-2 to None
[2021-09-16 09:10:31,623] {processor.py:170} INFO - Processing /home/airflow/.local/lib/python3.8/site-packages/airflow/example_dags/example_subdag_operator.py took 0.074 seconds
[2021-09-16 09:11:02,165] {processor.py:162} INFO - Started process (PID=1457) to work on /home/airflow/.local/lib/python3.8/site-packages/airflow/example_dags/example_subdag_operator.py
[2021-09-16 09:11:02,167] {processor.py:613} INFO - Processing file /home/airflow/.local/lib/python3.8/site-packages/airflow/example_dags/example_subdag_operator.py for tasks to queue
[2021-09-16 09:11:02,168] {logging_mixin.py:109} INFO - [2021-09-16 09:11:02,168] {dagbag.py:496} INFO - Filling up the DagBag from /home/airflow/.local/lib/python3.8/site-packages/airflow/example_dags/example_subdag_operator.py
[2021-09-16 09:11:02,194] {processor.py:623} INFO - DAG(s) dict_keys(['example_subdag_operator.section-1', 'example_subdag_operator.section-2', 'example_subdag_operator']) retrieved from /home/airflow/.local/lib/python3.8/site-packages/airflow/example_dags/example_subdag_operator.py
[2021-09-16 09:11:02,204] {logging_mixin.py:109} INFO - [2021-09-16 09:11:02,204] {dag.py:1833} INFO - Sync 3 DAGs
[2021-09-16 09:11:02,216] {logging_mixin.py:109} INFO - [2021-09-16 09:11:02,216] {dag.py:2306} INFO - Setting next_dagrun for example_subdag_operator to 2021-09-14 00:00:00+00:00
[2021-09-16 09:11:02,237] {logging_mixin.py:109} INFO - [2021-09-16 09:11:02,237] {dag.py:2306} INFO - Setting next_dagrun for example_subdag_operator.section-1 to None
[2021-09-16 09:11:02,238] {logging_mixin.py:109} INFO - [2021-09-16 09:11:02,238] {dag.py:2306} INFO - Setting next_dagrun for example_subdag_operator.section-2 to None
[2021-09-16 09:11:02,244] {logging_mixin.py:109} INFO - [2021-09-16 09:11:02,244] {dag.py:1833} INFO - Sync 2 DAGs
[2021-09-16 09:11:02,251] {logging_mixin.py:109} INFO - [2021-09-16 09:11:02,251] {dag.py:2306} INFO - Setting next_dagrun for example_subdag_operator.section-1 to None
[2021-09-16 09:11:02,252] {logging_mixin.py:109} INFO - [2021-09-16 09:11:02,252] {dag.py:2306} INFO - Setting next_dagrun for example_subdag_operator.section-2 to None
[2021-09-16 09:11:02,258] {processor.py:170} INFO - Processing /home/airflow/.local/lib/python3.8/site-packages/airflow/example_dags/example_subdag_operator.py took 0.097 seconds
[2021-09-16 09:11:32,678] {processor.py:162} INFO - Started process (PID=1508) to work on /home/airflow/.local/lib/python3.8/site-packages/airflow/example_dags/example_subdag_operator.py
[2021-09-16 09:11:32,697] {processor.py:613} INFO - Processing file /home/airflow/.local/lib/python3.8/site-packages/airflow/example_dags/example_subdag_operator.py for tasks to queue
[2021-09-16 09:11:32,698] {logging_mixin.py:109} INFO - [2021-09-16 09:11:32,698] {dagbag.py:496} INFO - Filling up the DagBag from /home/airflow/.local/lib/python3.8/site-packages/airflow/example_dags/example_subdag_operator.py
[2021-09-16 09:11:32,726] {processor.py:623} INFO - DAG(s) dict_keys(['example_subdag_operator.section-1', 'example_subdag_operator.section-2', 'example_subdag_operator']) retrieved from /home/airflow/.local/lib/python3.8/site-packages/airflow/example_dags/example_subdag_operator.py
[2021-09-16 09:11:32,737] {logging_mixin.py:109} INFO - [2021-09-16 09:11:32,736] {dag.py:1833} INFO - Sync 3 DAGs
[2021-09-16 09:11:32,750] {logging_mixin.py:109} INFO - [2021-09-16 09:11:32,750] {dag.py:2306} INFO - Setting next_dagrun for example_subdag_operator to 2021-09-14 00:00:00+00:00
[2021-09-16 09:11:32,752] {logging_mixin.py:109} INFO - [2021-09-16 09:11:32,752] {dag.py:2306} INFO - Setting next_dagrun for example_subdag_operator.section-1 to None
[2021-09-16 09:11:32,753] {logging_mixin.py:109} INFO - [2021-09-16 09:11:32,753] {dag.py:2306} INFO - Setting next_dagrun for example_subdag_operator.section-2 to None
[2021-09-16 09:11:32,761] {logging_mixin.py:109} INFO - [2021-09-16 09:11:32,761] {dag.py:1833} INFO - Sync 2 DAGs
[2021-09-16 09:11:32,769] {logging_mixin.py:109} INFO - [2021-09-16 09:11:32,769] {dag.py:2306} INFO - Setting next_dagrun for example_subdag_operator.section-1 to None
[2021-09-16 09:11:32,770] {logging_mixin.py:109} INFO - [2021-09-16 09:11:32,770] {dag.py:2306} INFO - Setting next_dagrun for example_subdag_operator.section-2 to None
[2021-09-16 09:11:32,777] {processor.py:170} INFO - Processing /home/airflow/.local/lib/python3.8/site-packages/airflow/example_dags/example_subdag_operator.py took 0.103 seconds
[2021-09-16 09:12:03,138] {processor.py:162} INFO - Started process (PID=1563) to work on /home/airflow/.local/lib/python3.8/site-packages/airflow/example_dags/example_subdag_operator.py
[2021-09-16 09:12:03,140] {processor.py:613} INFO - Processing file /home/airflow/.local/lib/python3.8/site-packages/airflow/example_dags/example_subdag_operator.py for tasks to queue
[2021-09-16 09:12:03,141] {logging_mixin.py:109} INFO - [2021-09-16 09:12:03,141] {dagbag.py:496} INFO - Filling up the DagBag from /home/airflow/.local/lib/python3.8/site-packages/airflow/example_dags/example_subdag_operator.py
[2021-09-16 09:12:03,167] {processor.py:623} INFO - DAG(s) dict_keys(['example_subdag_operator.section-1', 'example_subdag_operator.section-2', 'example_subdag_operator']) retrieved from /home/airflow/.local/lib/python3.8/site-packages/airflow/example_dags/example_subdag_operator.py
[2021-09-16 09:12:03,177] {logging_mixin.py:109} INFO - [2021-09-16 09:12:03,177] {dag.py:1833} INFO - Sync 3 DAGs
[2021-09-16 09:12:03,189] {logging_mixin.py:109} INFO - [2021-09-16 09:12:03,189] {dag.py:2306} INFO - Setting next_dagrun for example_subdag_operator to 2021-09-14 00:00:00+00:00
[2021-09-16 09:12:03,191] {logging_mixin.py:109} INFO - [2021-09-16 09:12:03,190] {dag.py:2306} INFO - Setting next_dagrun for example_subdag_operator.section-1 to None
[2021-09-16 09:12:03,191] {logging_mixin.py:109} INFO - [2021-09-16 09:12:03,191] {dag.py:2306} INFO - Setting next_dagrun for example_subdag_operator.section-2 to None
[2021-09-16 09:12:03,198] {logging_mixin.py:109} INFO - [2021-09-16 09:12:03,198] {dag.py:1833} INFO - Sync 2 DAGs
[2021-09-16 09:12:03,205] {logging_mixin.py:109} INFO - [2021-09-16 09:12:03,205] {dag.py:2306} INFO - Setting next_dagrun for example_subdag_operator.section-1 to None
[2021-09-16 09:12:03,206] {logging_mixin.py:109} INFO - [2021-09-16 09:12:03,206] {dag.py:2306} INFO - Setting next_dagrun for example_subdag_operator.section-2 to None
[2021-09-16 09:12:03,212] {processor.py:170} INFO - Processing /home/airflow/.local/lib/python3.8/site-packages/airflow/example_dags/example_subdag_operator.py took 0.077 seconds
[2021-09-16 09:12:33,643] {processor.py:162} INFO - Started process (PID=1619) to work on /home/airflow/.local/lib/python3.8/site-packages/airflow/example_dags/example_subdag_operator.py
[2021-09-16 09:12:33,645] {processor.py:613} INFO - Processing file /home/airflow/.local/lib/python3.8/site-packages/airflow/example_dags/example_subdag_operator.py for tasks to queue
[2021-09-16 09:12:33,646] {logging_mixin.py:109} INFO - [2021-09-16 09:12:33,646] {dagbag.py:496} INFO - Filling up the DagBag from /home/airflow/.local/lib/python3.8/site-packages/airflow/example_dags/example_subdag_operator.py
[2021-09-16 09:12:33,672] {processor.py:623} INFO - DAG(s) dict_keys(['example_subdag_operator.section-1', 'example_subdag_operator.section-2', 'example_subdag_operator']) retrieved from /home/airflow/.local/lib/python3.8/site-packages/airflow/example_dags/example_subdag_operator.py
[2021-09-16 09:12:33,683] {logging_mixin.py:109} INFO - [2021-09-16 09:12:33,683] {dag.py:1833} INFO - Sync 3 DAGs
[2021-09-16 09:12:33,696] {logging_mixin.py:109} INFO - [2021-09-16 09:12:33,696] {dag.py:2306} INFO - Setting next_dagrun for example_subdag_operator to 2021-09-14 00:00:00+00:00
[2021-09-16 09:12:33,698] {logging_mixin.py:109} INFO - [2021-09-16 09:12:33,698] {dag.py:2306} INFO - Setting next_dagrun for example_subdag_operator.section-1 to None
[2021-09-16 09:12:33,698] {logging_mixin.py:109} INFO - [2021-09-16 09:12:33,698] {dag.py:2306} INFO - Setting next_dagrun for example_subdag_operator.section-2 to None
[2021-09-16 09:12:33,706] {logging_mixin.py:109} INFO - [2021-09-16 09:12:33,706] {dag.py:1833} INFO - Sync 2 DAGs
[2021-09-16 09:12:33,712] {logging_mixin.py:109} INFO - [2021-09-16 09:12:33,712] {dag.py:2306} INFO - Setting next_dagrun for example_subdag_operator.section-1 to None
[2021-09-16 09:12:33,713] {logging_mixin.py:109} INFO - [2021-09-16 09:12:33,713] {dag.py:2306} INFO - Setting next_dagrun for example_subdag_operator.section-2 to None
[2021-09-16 09:12:33,718] {processor.py:170} INFO - Processing /home/airflow/.local/lib/python3.8/site-packages/airflow/example_dags/example_subdag_operator.py took 0.079 seconds
[2021-09-16 09:13:04,087] {processor.py:162} INFO - Started process (PID=1667) to work on /home/airflow/.local/lib/python3.8/site-packages/airflow/example_dags/example_subdag_operator.py
[2021-09-16 09:13:04,089] {processor.py:613} INFO - Processing file /home/airflow/.local/lib/python3.8/site-packages/airflow/example_dags/example_subdag_operator.py for tasks to queue
[2021-09-16 09:13:04,090] {logging_mixin.py:109} INFO - [2021-09-16 09:13:04,090] {dagbag.py:496} INFO - Filling up the DagBag from /home/airflow/.local/lib/python3.8/site-packages/airflow/example_dags/example_subdag_operator.py
[2021-09-16 09:13:04,118] {processor.py:623} INFO - DAG(s) dict_keys(['example_subdag_operator.section-1', 'example_subdag_operator.section-2', 'example_subdag_operator']) retrieved from /home/airflow/.local/lib/python3.8/site-packages/airflow/example_dags/example_subdag_operator.py
[2021-09-16 09:13:04,127] {logging_mixin.py:109} INFO - [2021-09-16 09:13:04,127] {dag.py:1833} INFO - Sync 3 DAGs
[2021-09-16 09:13:04,139] {logging_mixin.py:109} INFO - [2021-09-16 09:13:04,139] {dag.py:2306} INFO - Setting next_dagrun for example_subdag_operator to 2021-09-14 00:00:00+00:00
[2021-09-16 09:13:04,140] {logging_mixin.py:109} INFO - [2021-09-16 09:13:04,140] {dag.py:2306} INFO - Setting next_dagrun for example_subdag_operator.section-1 to None
[2021-09-16 09:13:04,141] {logging_mixin.py:109} INFO - [2021-09-16 09:13:04,141] {dag.py:2306} INFO - Setting next_dagrun for example_subdag_operator.section-2 to None
[2021-09-16 09:13:04,148] {logging_mixin.py:109} INFO - [2021-09-16 09:13:04,147] {dag.py:1833} INFO - Sync 2 DAGs
[2021-09-16 09:13:04,153] {logging_mixin.py:109} INFO - [2021-09-16 09:13:04,153] {dag.py:2306} INFO - Setting next_dagrun for example_subdag_operator.section-1 to None
[2021-09-16 09:13:04,154] {logging_mixin.py:109} INFO - [2021-09-16 09:13:04,154] {dag.py:2306} INFO - Setting next_dagrun for example_subdag_operator.section-2 to None
[2021-09-16 09:13:04,159] {processor.py:170} INFO - Processing /home/airflow/.local/lib/python3.8/site-packages/airflow/example_dags/example_subdag_operator.py took 0.076 seconds
[2021-09-16 09:13:34,602] {processor.py:162} INFO - Started process (PID=1722) to work on /home/airflow/.local/lib/python3.8/site-packages/airflow/example_dags/example_subdag_operator.py
[2021-09-16 09:13:34,604] {processor.py:613} INFO - Processing file /home/airflow/.local/lib/python3.8/site-packages/airflow/example_dags/example_subdag_operator.py for tasks to queue
[2021-09-16 09:13:34,605] {logging_mixin.py:109} INFO - [2021-09-16 09:13:34,605] {dagbag.py:496} INFO - Filling up the DagBag from /home/airflow/.local/lib/python3.8/site-packages/airflow/example_dags/example_subdag_operator.py
[2021-09-16 09:13:34,632] {processor.py:623} INFO - DAG(s) dict_keys(['example_subdag_operator.section-1', 'example_subdag_operator.section-2', 'example_subdag_operator']) retrieved from /home/airflow/.local/lib/python3.8/site-packages/airflow/example_dags/example_subdag_operator.py
[2021-09-16 09:13:34,641] {logging_mixin.py:109} INFO - [2021-09-16 09:13:34,641] {dag.py:1833} INFO - Sync 3 DAGs
[2021-09-16 09:13:34,654] {logging_mixin.py:109} INFO - [2021-09-16 09:13:34,654] {dag.py:2306} INFO - Setting next_dagrun for example_subdag_operator to 2021-09-14 00:00:00+00:00
[2021-09-16 09:13:34,655] {logging_mixin.py:109} INFO - [2021-09-16 09:13:34,655] {dag.py:2306} INFO - Setting next_dagrun for example_subdag_operator.section-1 to None
[2021-09-16 09:13:34,657] {logging_mixin.py:109} INFO - [2021-09-16 09:13:34,657] {dag.py:2306} INFO - Setting next_dagrun for example_subdag_operator.section-2 to None
[2021-09-16 09:13:34,665] {logging_mixin.py:109} INFO - [2021-09-16 09:13:34,665] {dag.py:1833} INFO - Sync 2 DAGs
[2021-09-16 09:13:34,671] {logging_mixin.py:109} INFO - [2021-09-16 09:13:34,670] {dag.py:2306} INFO - Setting next_dagrun for example_subdag_operator.section-1 to None
[2021-09-16 09:13:34,671] {logging_mixin.py:109} INFO - [2021-09-16 09:13:34,671] {dag.py:2306} INFO - Setting next_dagrun for example_subdag_operator.section-2 to None
[2021-09-16 09:13:34,677] {processor.py:170} INFO - Processing /home/airflow/.local/lib/python3.8/site-packages/airflow/example_dags/example_subdag_operator.py took 0.079 seconds
[2021-09-16 09:14:04,850] {processor.py:162} INFO - Started process (PID=1778) to work on /home/airflow/.local/lib/python3.8/site-packages/airflow/example_dags/example_subdag_operator.py
[2021-09-16 09:14:04,852] {processor.py:613} INFO - Processing file /home/airflow/.local/lib/python3.8/site-packages/airflow/example_dags/example_subdag_operator.py for tasks to queue
[2021-09-16 09:14:04,853] {logging_mixin.py:109} INFO - [2021-09-16 09:14:04,853] {dagbag.py:496} INFO - Filling up the DagBag from /home/airflow/.local/lib/python3.8/site-packages/airflow/example_dags/example_subdag_operator.py
[2021-09-16 09:14:04,880] {processor.py:623} INFO - DAG(s) dict_keys(['example_subdag_operator.section-1', 'example_subdag_operator.section-2', 'example_subdag_operator']) retrieved from /home/airflow/.local/lib/python3.8/site-packages/airflow/example_dags/example_subdag_operator.py
[2021-09-16 09:14:04,890] {logging_mixin.py:109} INFO - [2021-09-16 09:14:04,889] {dag.py:1833} INFO - Sync 3 DAGs
[2021-09-16 09:14:04,902] {logging_mixin.py:109} INFO - [2021-09-16 09:14:04,902] {dag.py:2306} INFO - Setting next_dagrun for example_subdag_operator to 2021-09-14 00:00:00+00:00
[2021-09-16 09:14:04,904] {logging_mixin.py:109} INFO - [2021-09-16 09:14:04,904] {dag.py:2306} INFO - Setting next_dagrun for example_subdag_operator.section-1 to None
[2021-09-16 09:14:04,904] {logging_mixin.py:109} INFO - [2021-09-16 09:14:04,904] {dag.py:2306} INFO - Setting next_dagrun for example_subdag_operator.section-2 to None
[2021-09-16 09:14:04,911] {logging_mixin.py:109} INFO - [2021-09-16 09:14:04,911] {dag.py:1833} INFO - Sync 2 DAGs
[2021-09-16 09:14:04,917] {logging_mixin.py:109} INFO - [2021-09-16 09:14:04,917] {dag.py:2306} INFO - Setting next_dagrun for example_subdag_operator.section-1 to None
[2021-09-16 09:14:04,918] {logging_mixin.py:109} INFO - [2021-09-16 09:14:04,918] {dag.py:2306} INFO - Setting next_dagrun for example_subdag_operator.section-2 to None
[2021-09-16 09:14:04,923] {processor.py:170} INFO - Processing /home/airflow/.local/lib/python3.8/site-packages/airflow/example_dags/example_subdag_operator.py took 0.076 seconds
[2021-09-16 09:14:35,026] {processor.py:162} INFO - Started process (PID=1825) to work on /home/airflow/.local/lib/python3.8/site-packages/airflow/example_dags/example_subdag_operator.py
[2021-09-16 09:14:35,028] {processor.py:613} INFO - Processing file /home/airflow/.local/lib/python3.8/site-packages/airflow/example_dags/example_subdag_operator.py for tasks to queue
[2021-09-16 09:14:35,029] {logging_mixin.py:109} INFO - [2021-09-16 09:14:35,029] {dagbag.py:496} INFO - Filling up the DagBag from /home/airflow/.local/lib/python3.8/site-packages/airflow/example_dags/example_subdag_operator.py
[2021-09-16 09:14:35,060] {processor.py:623} INFO - DAG(s) dict_keys(['example_subdag_operator.section-1', 'example_subdag_operator.section-2', 'example_subdag_operator']) retrieved from /home/airflow/.local/lib/python3.8/site-packages/airflow/example_dags/example_subdag_operator.py
[2021-09-16 09:14:35,072] {logging_mixin.py:109} INFO - [2021-09-16 09:14:35,072] {dag.py:1833} INFO - Sync 3 DAGs
[2021-09-16 09:14:35,084] {logging_mixin.py:109} INFO - [2021-09-16 09:14:35,084] {dag.py:2306} INFO - Setting next_dagrun for example_subdag_operator to 2021-09-14 00:00:00+00:00
[2021-09-16 09:14:35,086] {logging_mixin.py:109} INFO - [2021-09-16 09:14:35,086] {dag.py:2306} INFO - Setting next_dagrun for example_subdag_operator.section-1 to None
[2021-09-16 09:14:35,086] {logging_mixin.py:109} INFO - [2021-09-16 09:14:35,086] {dag.py:2306} INFO - Setting next_dagrun for example_subdag_operator.section-2 to None
[2021-09-16 09:14:35,095] {logging_mixin.py:109} INFO - [2021-09-16 09:14:35,095] {dag.py:1833} INFO - Sync 2 DAGs
[2021-09-16 09:14:35,105] {logging_mixin.py:109} INFO - [2021-09-16 09:14:35,105] {dag.py:2306} INFO - Setting next_dagrun for example_subdag_operator.section-1 to None
[2021-09-16 09:14:35,106] {logging_mixin.py:109} INFO - [2021-09-16 09:14:35,106] {dag.py:2306} INFO - Setting next_dagrun for example_subdag_operator.section-2 to None
[2021-09-16 09:14:35,112] {processor.py:170} INFO - Processing /home/airflow/.local/lib/python3.8/site-packages/airflow/example_dags/example_subdag_operator.py took 0.091 seconds
[2021-09-16 09:15:05,289] {processor.py:162} INFO - Started process (PID=1880) to work on /home/airflow/.local/lib/python3.8/site-packages/airflow/example_dags/example_subdag_operator.py
[2021-09-16 09:15:05,291] {processor.py:613} INFO - Processing file /home/airflow/.local/lib/python3.8/site-packages/airflow/example_dags/example_subdag_operator.py for tasks to queue
[2021-09-16 09:15:05,292] {logging_mixin.py:109} INFO - [2021-09-16 09:15:05,292] {dagbag.py:496} INFO - Filling up the DagBag from /home/airflow/.local/lib/python3.8/site-packages/airflow/example_dags/example_subdag_operator.py
[2021-09-16 09:15:05,320] {processor.py:623} INFO - DAG(s) dict_keys(['example_subdag_operator.section-1', 'example_subdag_operator.section-2', 'example_subdag_operator']) retrieved from /home/airflow/.local/lib/python3.8/site-packages/airflow/example_dags/example_subdag_operator.py
[2021-09-16 09:15:05,331] {logging_mixin.py:109} INFO - [2021-09-16 09:15:05,331] {dag.py:1833} INFO - Sync 3 DAGs
[2021-09-16 09:15:05,350] {logging_mixin.py:109} INFO - [2021-09-16 09:15:05,350] {dag.py:2306} INFO - Setting next_dagrun for example_subdag_operator to 2021-09-14 00:00:00+00:00
[2021-09-16 09:15:05,352] {logging_mixin.py:109} INFO - [2021-09-16 09:15:05,352] {dag.py:2306} INFO - Setting next_dagrun for example_subdag_operator.section-1 to None
[2021-09-16 09:15:05,352] {logging_mixin.py:109} INFO - [2021-09-16 09:15:05,352] {dag.py:2306} INFO - Setting next_dagrun for example_subdag_operator.section-2 to None
[2021-09-16 09:15:05,360] {logging_mixin.py:109} INFO - [2021-09-16 09:15:05,360] {dag.py:1833} INFO - Sync 2 DAGs
[2021-09-16 09:15:05,367] {logging_mixin.py:109} INFO - [2021-09-16 09:15:05,367] {dag.py:2306} INFO - Setting next_dagrun for example_subdag_operator.section-1 to None
[2021-09-16 09:15:05,368] {logging_mixin.py:109} INFO - [2021-09-16 09:15:05,368] {dag.py:2306} INFO - Setting next_dagrun for example_subdag_operator.section-2 to None
[2021-09-16 09:15:05,374] {processor.py:170} INFO - Processing /home/airflow/.local/lib/python3.8/site-packages/airflow/example_dags/example_subdag_operator.py took 0.088 seconds
[2021-09-16 09:15:35,639] {processor.py:162} INFO - Started process (PID=1937) to work on /home/airflow/.local/lib/python3.8/site-packages/airflow/example_dags/example_subdag_operator.py
[2021-09-16 09:15:35,640] {processor.py:613} INFO - Processing file /home/airflow/.local/lib/python3.8/site-packages/airflow/example_dags/example_subdag_operator.py for tasks to queue
[2021-09-16 09:15:35,642] {logging_mixin.py:109} INFO - [2021-09-16 09:15:35,641] {dagbag.py:496} INFO - Filling up the DagBag from /home/airflow/.local/lib/python3.8/site-packages/airflow/example_dags/example_subdag_operator.py
[2021-09-16 09:15:35,669] {processor.py:623} INFO - DAG(s) dict_keys(['example_subdag_operator.section-1', 'example_subdag_operator.section-2', 'example_subdag_operator']) retrieved from /home/airflow/.local/lib/python3.8/site-packages/airflow/example_dags/example_subdag_operator.py
[2021-09-16 09:15:35,680] {logging_mixin.py:109} INFO - [2021-09-16 09:15:35,679] {dag.py:1833} INFO - Sync 3 DAGs
[2021-09-16 09:15:35,692] {logging_mixin.py:109} INFO - [2021-09-16 09:15:35,692] {dag.py:2306} INFO - Setting next_dagrun for example_subdag_operator to 2021-09-14 00:00:00+00:00
[2021-09-16 09:15:35,693] {logging_mixin.py:109} INFO - [2021-09-16 09:15:35,693] {dag.py:2306} INFO - Setting next_dagrun for example_subdag_operator.section-1 to None
[2021-09-16 09:15:35,694] {logging_mixin.py:109} INFO - [2021-09-16 09:15:35,694] {dag.py:2306} INFO - Setting next_dagrun for example_subdag_operator.section-2 to None
[2021-09-16 09:15:35,701] {logging_mixin.py:109} INFO - [2021-09-16 09:15:35,701] {dag.py:1833} INFO - Sync 2 DAGs
[2021-09-16 09:15:35,707] {logging_mixin.py:109} INFO - [2021-09-16 09:15:35,707] {dag.py:2306} INFO - Setting next_dagrun for example_subdag_operator.section-1 to None
[2021-09-16 09:15:35,708] {logging_mixin.py:109} INFO - [2021-09-16 09:15:35,707] {dag.py:2306} INFO - Setting next_dagrun for example_subdag_operator.section-2 to None
[2021-09-16 09:15:35,718] {processor.py:170} INFO - Processing /home/airflow/.local/lib/python3.8/site-packages/airflow/example_dags/example_subdag_operator.py took 0.082 seconds
[2021-09-16 09:16:06,016] {processor.py:162} INFO - Started process (PID=1993) to work on /home/airflow/.local/lib/python3.8/site-packages/airflow/example_dags/example_subdag_operator.py
[2021-09-16 09:16:06,017] {processor.py:613} INFO - Processing file /home/airflow/.local/lib/python3.8/site-packages/airflow/example_dags/example_subdag_operator.py for tasks to queue
[2021-09-16 09:16:06,018] {logging_mixin.py:109} INFO - [2021-09-16 09:16:06,018] {dagbag.py:496} INFO - Filling up the DagBag from /home/airflow/.local/lib/python3.8/site-packages/airflow/example_dags/example_subdag_operator.py
[2021-09-16 09:16:06,044] {processor.py:623} INFO - DAG(s) dict_keys(['example_subdag_operator.section-1', 'example_subdag_operator.section-2', 'example_subdag_operator']) retrieved from /home/airflow/.local/lib/python3.8/site-packages/airflow/example_dags/example_subdag_operator.py
[2021-09-16 09:16:06,054] {logging_mixin.py:109} INFO - [2021-09-16 09:16:06,054] {dag.py:1833} INFO - Sync 3 DAGs
[2021-09-16 09:16:06,069] {logging_mixin.py:109} INFO - [2021-09-16 09:16:06,068] {dag.py:2306} INFO - Setting next_dagrun for example_subdag_operator to 2021-09-14 00:00:00+00:00
[2021-09-16 09:16:06,071] {logging_mixin.py:109} INFO - [2021-09-16 09:16:06,071] {dag.py:2306} INFO - Setting next_dagrun for example_subdag_operator.section-1 to None
[2021-09-16 09:16:06,072] {logging_mixin.py:109} INFO - [2021-09-16 09:16:06,072] {dag.py:2306} INFO - Setting next_dagrun for example_subdag_operator.section-2 to None
[2021-09-16 09:16:06,081] {logging_mixin.py:109} INFO - [2021-09-16 09:16:06,081] {dag.py:1833} INFO - Sync 2 DAGs
[2021-09-16 09:16:06,087] {logging_mixin.py:109} INFO - [2021-09-16 09:16:06,087] {dag.py:2306} INFO - Setting next_dagrun for example_subdag_operator.section-1 to None
[2021-09-16 09:16:06,088] {logging_mixin.py:109} INFO - [2021-09-16 09:16:06,088] {dag.py:2306} INFO - Setting next_dagrun for example_subdag_operator.section-2 to None
[2021-09-16 09:16:06,094] {processor.py:170} INFO - Processing /home/airflow/.local/lib/python3.8/site-packages/airflow/example_dags/example_subdag_operator.py took 0.083 seconds
