[2021-09-16 08:37:47,905] {processor.py:162} INFO - Started process (PID=138) to work on /home/airflow/.local/lib/python3.8/site-packages/airflow/example_dags/example_trigger_controller_dag.py
[2021-09-16 08:37:47,906] {processor.py:613} INFO - Processing file /home/airflow/.local/lib/python3.8/site-packages/airflow/example_dags/example_trigger_controller_dag.py for tasks to queue
[2021-09-16 08:37:47,907] {logging_mixin.py:109} INFO - [2021-09-16 08:37:47,907] {dagbag.py:496} INFO - Filling up the DagBag from /home/airflow/.local/lib/python3.8/site-packages/airflow/example_dags/example_trigger_controller_dag.py
[2021-09-16 08:37:47,921] {processor.py:623} INFO - DAG(s) dict_keys(['example_trigger_controller_dag']) retrieved from /home/airflow/.local/lib/python3.8/site-packages/airflow/example_dags/example_trigger_controller_dag.py
[2021-09-16 08:37:49,548] {logging_mixin.py:109} INFO - [2021-09-16 08:37:49,548] {dag.py:1833} INFO - Sync 1 DAGs
[2021-09-16 08:37:49,556] {logging_mixin.py:109} INFO - [2021-09-16 08:37:49,556] {dag.py:1852} INFO - Creating ORM DAG for example_trigger_controller_dag
[2021-09-16 08:37:49,563] {logging_mixin.py:109} INFO - [2021-09-16 08:37:49,563] {dag.py:2306} INFO - Setting next_dagrun for example_trigger_controller_dag to 2021-09-14 00:00:00+00:00
[2021-09-16 08:37:49,576] {processor.py:170} INFO - Processing /home/airflow/.local/lib/python3.8/site-packages/airflow/example_dags/example_trigger_controller_dag.py took 1.675 seconds
[2021-09-16 08:38:20,155] {processor.py:162} INFO - Started process (PID=340) to work on /home/airflow/.local/lib/python3.8/site-packages/airflow/example_dags/example_trigger_controller_dag.py
[2021-09-16 08:38:20,157] {processor.py:613} INFO - Processing file /home/airflow/.local/lib/python3.8/site-packages/airflow/example_dags/example_trigger_controller_dag.py for tasks to queue
[2021-09-16 08:38:20,158] {logging_mixin.py:109} INFO - [2021-09-16 08:38:20,158] {dagbag.py:496} INFO - Filling up the DagBag from /home/airflow/.local/lib/python3.8/site-packages/airflow/example_dags/example_trigger_controller_dag.py
[2021-09-16 08:38:20,170] {processor.py:623} INFO - DAG(s) dict_keys(['example_trigger_controller_dag']) retrieved from /home/airflow/.local/lib/python3.8/site-packages/airflow/example_dags/example_trigger_controller_dag.py
[2021-09-16 08:38:20,191] {logging_mixin.py:109} INFO - [2021-09-16 08:38:20,191] {dag.py:1833} INFO - Sync 1 DAGs
[2021-09-16 08:38:20,204] {logging_mixin.py:109} INFO - [2021-09-16 08:38:20,204] {dag.py:2306} INFO - Setting next_dagrun for example_trigger_controller_dag to 2021-09-14 00:00:00+00:00
[2021-09-16 08:38:20,214] {processor.py:170} INFO - Processing /home/airflow/.local/lib/python3.8/site-packages/airflow/example_dags/example_trigger_controller_dag.py took 0.063 seconds
[2021-09-16 08:38:50,484] {processor.py:162} INFO - Started process (PID=396) to work on /home/airflow/.local/lib/python3.8/site-packages/airflow/example_dags/example_trigger_controller_dag.py
[2021-09-16 08:38:50,487] {processor.py:613} INFO - Processing file /home/airflow/.local/lib/python3.8/site-packages/airflow/example_dags/example_trigger_controller_dag.py for tasks to queue
[2021-09-16 08:38:50,490] {logging_mixin.py:109} INFO - [2021-09-16 08:38:50,489] {dagbag.py:496} INFO - Filling up the DagBag from /home/airflow/.local/lib/python3.8/site-packages/airflow/example_dags/example_trigger_controller_dag.py
[2021-09-16 08:38:50,501] {processor.py:623} INFO - DAG(s) dict_keys(['example_trigger_controller_dag']) retrieved from /home/airflow/.local/lib/python3.8/site-packages/airflow/example_dags/example_trigger_controller_dag.py
[2021-09-16 08:38:50,520] {logging_mixin.py:109} INFO - [2021-09-16 08:38:50,520] {dag.py:1833} INFO - Sync 1 DAGs
[2021-09-16 08:38:50,531] {logging_mixin.py:109} INFO - [2021-09-16 08:38:50,531] {dag.py:2306} INFO - Setting next_dagrun for example_trigger_controller_dag to 2021-09-14 00:00:00+00:00
[2021-09-16 08:38:50,541] {processor.py:170} INFO - Processing /home/airflow/.local/lib/python3.8/site-packages/airflow/example_dags/example_trigger_controller_dag.py took 0.064 seconds
[2021-09-16 08:39:20,601] {processor.py:162} INFO - Started process (PID=443) to work on /home/airflow/.local/lib/python3.8/site-packages/airflow/example_dags/example_trigger_controller_dag.py
[2021-09-16 08:39:20,602] {processor.py:613} INFO - Processing file /home/airflow/.local/lib/python3.8/site-packages/airflow/example_dags/example_trigger_controller_dag.py for tasks to queue
[2021-09-16 08:39:20,603] {logging_mixin.py:109} INFO - [2021-09-16 08:39:20,603] {dagbag.py:496} INFO - Filling up the DagBag from /home/airflow/.local/lib/python3.8/site-packages/airflow/example_dags/example_trigger_controller_dag.py
[2021-09-16 08:39:20,614] {processor.py:623} INFO - DAG(s) dict_keys(['example_trigger_controller_dag']) retrieved from /home/airflow/.local/lib/python3.8/site-packages/airflow/example_dags/example_trigger_controller_dag.py
[2021-09-16 08:39:20,635] {logging_mixin.py:109} INFO - [2021-09-16 08:39:20,635] {dag.py:1833} INFO - Sync 1 DAGs
[2021-09-16 08:39:20,647] {logging_mixin.py:109} INFO - [2021-09-16 08:39:20,647] {dag.py:2306} INFO - Setting next_dagrun for example_trigger_controller_dag to 2021-09-14 00:00:00+00:00
[2021-09-16 08:39:20,658] {processor.py:170} INFO - Processing /home/airflow/.local/lib/python3.8/site-packages/airflow/example_dags/example_trigger_controller_dag.py took 0.060 seconds
[2021-09-16 08:39:50,714] {processor.py:162} INFO - Started process (PID=501) to work on /home/airflow/.local/lib/python3.8/site-packages/airflow/example_dags/example_trigger_controller_dag.py
[2021-09-16 08:39:50,715] {processor.py:613} INFO - Processing file /home/airflow/.local/lib/python3.8/site-packages/airflow/example_dags/example_trigger_controller_dag.py for tasks to queue
[2021-09-16 08:39:50,717] {logging_mixin.py:109} INFO - [2021-09-16 08:39:50,717] {dagbag.py:496} INFO - Filling up the DagBag from /home/airflow/.local/lib/python3.8/site-packages/airflow/example_dags/example_trigger_controller_dag.py
[2021-09-16 08:39:50,732] {processor.py:623} INFO - DAG(s) dict_keys(['example_trigger_controller_dag']) retrieved from /home/airflow/.local/lib/python3.8/site-packages/airflow/example_dags/example_trigger_controller_dag.py
[2021-09-16 08:39:50,759] {logging_mixin.py:109} INFO - [2021-09-16 08:39:50,759] {dag.py:1833} INFO - Sync 1 DAGs
[2021-09-16 08:39:50,776] {logging_mixin.py:109} INFO - [2021-09-16 08:39:50,776] {dag.py:2306} INFO - Setting next_dagrun for example_trigger_controller_dag to 2021-09-14 00:00:00+00:00
[2021-09-16 08:39:50,789] {processor.py:170} INFO - Processing /home/airflow/.local/lib/python3.8/site-packages/airflow/example_dags/example_trigger_controller_dag.py took 0.079 seconds
[2021-09-16 08:59:55,997] {processor.py:162} INFO - Started process (PID=123) to work on /home/airflow/.local/lib/python3.8/site-packages/airflow/example_dags/example_trigger_controller_dag.py
[2021-09-16 08:59:55,999] {processor.py:613} INFO - Processing file /home/airflow/.local/lib/python3.8/site-packages/airflow/example_dags/example_trigger_controller_dag.py for tasks to queue
[2021-09-16 08:59:56,000] {logging_mixin.py:109} INFO - [2021-09-16 08:59:56,000] {dagbag.py:496} INFO - Filling up the DagBag from /home/airflow/.local/lib/python3.8/site-packages/airflow/example_dags/example_trigger_controller_dag.py
[2021-09-16 08:59:56,012] {processor.py:623} INFO - DAG(s) dict_keys(['example_trigger_controller_dag']) retrieved from /home/airflow/.local/lib/python3.8/site-packages/airflow/example_dags/example_trigger_controller_dag.py
[2021-09-16 08:59:57,696] {logging_mixin.py:109} INFO - [2021-09-16 08:59:57,696] {dag.py:1833} INFO - Sync 1 DAGs
[2021-09-16 08:59:57,706] {logging_mixin.py:109} INFO - [2021-09-16 08:59:57,705] {dag.py:1852} INFO - Creating ORM DAG for example_trigger_controller_dag
[2021-09-16 08:59:57,711] {logging_mixin.py:109} INFO - [2021-09-16 08:59:57,711] {dag.py:2306} INFO - Setting next_dagrun for example_trigger_controller_dag to 2021-09-14 00:00:00+00:00
[2021-09-16 08:59:57,725] {processor.py:170} INFO - Processing /home/airflow/.local/lib/python3.8/site-packages/airflow/example_dags/example_trigger_controller_dag.py took 1.731 seconds
[2021-09-16 09:00:28,055] {processor.py:162} INFO - Started process (PID=339) to work on /home/airflow/.local/lib/python3.8/site-packages/airflow/example_dags/example_trigger_controller_dag.py
[2021-09-16 09:00:28,057] {processor.py:613} INFO - Processing file /home/airflow/.local/lib/python3.8/site-packages/airflow/example_dags/example_trigger_controller_dag.py for tasks to queue
[2021-09-16 09:00:28,058] {logging_mixin.py:109} INFO - [2021-09-16 09:00:28,058] {dagbag.py:496} INFO - Filling up the DagBag from /home/airflow/.local/lib/python3.8/site-packages/airflow/example_dags/example_trigger_controller_dag.py
[2021-09-16 09:00:28,067] {processor.py:623} INFO - DAG(s) dict_keys(['example_trigger_controller_dag']) retrieved from /home/airflow/.local/lib/python3.8/site-packages/airflow/example_dags/example_trigger_controller_dag.py
[2021-09-16 09:00:28,087] {logging_mixin.py:109} INFO - [2021-09-16 09:00:28,087] {dag.py:1833} INFO - Sync 1 DAGs
[2021-09-16 09:00:28,099] {logging_mixin.py:109} INFO - [2021-09-16 09:00:28,099] {dag.py:2306} INFO - Setting next_dagrun for example_trigger_controller_dag to 2021-09-14 00:00:00+00:00
[2021-09-16 09:00:28,108] {processor.py:170} INFO - Processing /home/airflow/.local/lib/python3.8/site-packages/airflow/example_dags/example_trigger_controller_dag.py took 0.056 seconds
[2021-09-16 09:00:58,702] {processor.py:162} INFO - Started process (PID=395) to work on /home/airflow/.local/lib/python3.8/site-packages/airflow/example_dags/example_trigger_controller_dag.py
[2021-09-16 09:00:58,703] {processor.py:613} INFO - Processing file /home/airflow/.local/lib/python3.8/site-packages/airflow/example_dags/example_trigger_controller_dag.py for tasks to queue
[2021-09-16 09:00:58,704] {logging_mixin.py:109} INFO - [2021-09-16 09:00:58,704] {dagbag.py:496} INFO - Filling up the DagBag from /home/airflow/.local/lib/python3.8/site-packages/airflow/example_dags/example_trigger_controller_dag.py
[2021-09-16 09:00:58,714] {processor.py:623} INFO - DAG(s) dict_keys(['example_trigger_controller_dag']) retrieved from /home/airflow/.local/lib/python3.8/site-packages/airflow/example_dags/example_trigger_controller_dag.py
[2021-09-16 09:00:58,732] {logging_mixin.py:109} INFO - [2021-09-16 09:00:58,732] {dag.py:1833} INFO - Sync 1 DAGs
[2021-09-16 09:00:58,745] {logging_mixin.py:109} INFO - [2021-09-16 09:00:58,745] {dag.py:2306} INFO - Setting next_dagrun for example_trigger_controller_dag to 2021-09-14 00:00:00+00:00
[2021-09-16 09:00:58,754] {processor.py:170} INFO - Processing /home/airflow/.local/lib/python3.8/site-packages/airflow/example_dags/example_trigger_controller_dag.py took 0.055 seconds
[2021-09-16 09:01:28,885] {processor.py:162} INFO - Started process (PID=443) to work on /home/airflow/.local/lib/python3.8/site-packages/airflow/example_dags/example_trigger_controller_dag.py
[2021-09-16 09:01:28,886] {processor.py:613} INFO - Processing file /home/airflow/.local/lib/python3.8/site-packages/airflow/example_dags/example_trigger_controller_dag.py for tasks to queue
[2021-09-16 09:01:28,887] {logging_mixin.py:109} INFO - [2021-09-16 09:01:28,887] {dagbag.py:496} INFO - Filling up the DagBag from /home/airflow/.local/lib/python3.8/site-packages/airflow/example_dags/example_trigger_controller_dag.py
[2021-09-16 09:01:28,897] {processor.py:623} INFO - DAG(s) dict_keys(['example_trigger_controller_dag']) retrieved from /home/airflow/.local/lib/python3.8/site-packages/airflow/example_dags/example_trigger_controller_dag.py
[2021-09-16 09:01:28,919] {logging_mixin.py:109} INFO - [2021-09-16 09:01:28,919] {dag.py:1833} INFO - Sync 1 DAGs
[2021-09-16 09:01:28,931] {logging_mixin.py:109} INFO - [2021-09-16 09:01:28,931] {dag.py:2306} INFO - Setting next_dagrun for example_trigger_controller_dag to 2021-09-14 00:00:00+00:00
[2021-09-16 09:01:28,942] {processor.py:170} INFO - Processing /home/airflow/.local/lib/python3.8/site-packages/airflow/example_dags/example_trigger_controller_dag.py took 0.061 seconds
[2021-09-16 09:01:59,209] {processor.py:162} INFO - Started process (PID=499) to work on /home/airflow/.local/lib/python3.8/site-packages/airflow/example_dags/example_trigger_controller_dag.py
[2021-09-16 09:01:59,211] {processor.py:613} INFO - Processing file /home/airflow/.local/lib/python3.8/site-packages/airflow/example_dags/example_trigger_controller_dag.py for tasks to queue
[2021-09-16 09:01:59,212] {logging_mixin.py:109} INFO - [2021-09-16 09:01:59,212] {dagbag.py:496} INFO - Filling up the DagBag from /home/airflow/.local/lib/python3.8/site-packages/airflow/example_dags/example_trigger_controller_dag.py
[2021-09-16 09:01:59,221] {processor.py:623} INFO - DAG(s) dict_keys(['example_trigger_controller_dag']) retrieved from /home/airflow/.local/lib/python3.8/site-packages/airflow/example_dags/example_trigger_controller_dag.py
[2021-09-16 09:01:59,239] {logging_mixin.py:109} INFO - [2021-09-16 09:01:59,238] {dag.py:1833} INFO - Sync 1 DAGs
[2021-09-16 09:01:59,250] {logging_mixin.py:109} INFO - [2021-09-16 09:01:59,250] {dag.py:2306} INFO - Setting next_dagrun for example_trigger_controller_dag to 2021-09-14 00:00:00+00:00
[2021-09-16 09:01:59,261] {processor.py:170} INFO - Processing /home/airflow/.local/lib/python3.8/site-packages/airflow/example_dags/example_trigger_controller_dag.py took 0.056 seconds
[2021-09-16 09:02:29,611] {processor.py:162} INFO - Started process (PID=555) to work on /home/airflow/.local/lib/python3.8/site-packages/airflow/example_dags/example_trigger_controller_dag.py
[2021-09-16 09:02:29,613] {processor.py:613} INFO - Processing file /home/airflow/.local/lib/python3.8/site-packages/airflow/example_dags/example_trigger_controller_dag.py for tasks to queue
[2021-09-16 09:02:29,614] {logging_mixin.py:109} INFO - [2021-09-16 09:02:29,613] {dagbag.py:496} INFO - Filling up the DagBag from /home/airflow/.local/lib/python3.8/site-packages/airflow/example_dags/example_trigger_controller_dag.py
[2021-09-16 09:02:29,624] {processor.py:623} INFO - DAG(s) dict_keys(['example_trigger_controller_dag']) retrieved from /home/airflow/.local/lib/python3.8/site-packages/airflow/example_dags/example_trigger_controller_dag.py
[2021-09-16 09:02:29,642] {logging_mixin.py:109} INFO - [2021-09-16 09:02:29,641] {dag.py:1833} INFO - Sync 1 DAGs
[2021-09-16 09:02:29,653] {logging_mixin.py:109} INFO - [2021-09-16 09:02:29,653] {dag.py:2306} INFO - Setting next_dagrun for example_trigger_controller_dag to 2021-09-14 00:00:00+00:00
[2021-09-16 09:02:29,661] {processor.py:170} INFO - Processing /home/airflow/.local/lib/python3.8/site-packages/airflow/example_dags/example_trigger_controller_dag.py took 0.054 seconds
[2021-09-16 09:02:59,900] {processor.py:162} INFO - Started process (PID=602) to work on /home/airflow/.local/lib/python3.8/site-packages/airflow/example_dags/example_trigger_controller_dag.py
[2021-09-16 09:02:59,901] {processor.py:613} INFO - Processing file /home/airflow/.local/lib/python3.8/site-packages/airflow/example_dags/example_trigger_controller_dag.py for tasks to queue
[2021-09-16 09:02:59,903] {logging_mixin.py:109} INFO - [2021-09-16 09:02:59,903] {dagbag.py:496} INFO - Filling up the DagBag from /home/airflow/.local/lib/python3.8/site-packages/airflow/example_dags/example_trigger_controller_dag.py
[2021-09-16 09:02:59,912] {processor.py:623} INFO - DAG(s) dict_keys(['example_trigger_controller_dag']) retrieved from /home/airflow/.local/lib/python3.8/site-packages/airflow/example_dags/example_trigger_controller_dag.py
[2021-09-16 09:02:59,930] {logging_mixin.py:109} INFO - [2021-09-16 09:02:59,930] {dag.py:1833} INFO - Sync 1 DAGs
[2021-09-16 09:02:59,942] {logging_mixin.py:109} INFO - [2021-09-16 09:02:59,942] {dag.py:2306} INFO - Setting next_dagrun for example_trigger_controller_dag to 2021-09-14 00:00:00+00:00
[2021-09-16 09:02:59,950] {processor.py:170} INFO - Processing /home/airflow/.local/lib/python3.8/site-packages/airflow/example_dags/example_trigger_controller_dag.py took 0.053 seconds
[2021-09-16 09:03:30,313] {processor.py:162} INFO - Started process (PID=658) to work on /home/airflow/.local/lib/python3.8/site-packages/airflow/example_dags/example_trigger_controller_dag.py
[2021-09-16 09:03:30,314] {processor.py:613} INFO - Processing file /home/airflow/.local/lib/python3.8/site-packages/airflow/example_dags/example_trigger_controller_dag.py for tasks to queue
[2021-09-16 09:03:30,315] {logging_mixin.py:109} INFO - [2021-09-16 09:03:30,315] {dagbag.py:496} INFO - Filling up the DagBag from /home/airflow/.local/lib/python3.8/site-packages/airflow/example_dags/example_trigger_controller_dag.py
[2021-09-16 09:03:30,325] {processor.py:623} INFO - DAG(s) dict_keys(['example_trigger_controller_dag']) retrieved from /home/airflow/.local/lib/python3.8/site-packages/airflow/example_dags/example_trigger_controller_dag.py
[2021-09-16 09:03:30,345] {logging_mixin.py:109} INFO - [2021-09-16 09:03:30,345] {dag.py:1833} INFO - Sync 1 DAGs
[2021-09-16 09:03:30,359] {logging_mixin.py:109} INFO - [2021-09-16 09:03:30,359] {dag.py:2306} INFO - Setting next_dagrun for example_trigger_controller_dag to 2021-09-14 00:00:00+00:00
[2021-09-16 09:03:30,368] {processor.py:170} INFO - Processing /home/airflow/.local/lib/python3.8/site-packages/airflow/example_dags/example_trigger_controller_dag.py took 0.057 seconds
[2021-09-16 09:04:00,567] {processor.py:162} INFO - Started process (PID=713) to work on /home/airflow/.local/lib/python3.8/site-packages/airflow/example_dags/example_trigger_controller_dag.py
[2021-09-16 09:04:00,569] {processor.py:613} INFO - Processing file /home/airflow/.local/lib/python3.8/site-packages/airflow/example_dags/example_trigger_controller_dag.py for tasks to queue
[2021-09-16 09:04:00,570] {logging_mixin.py:109} INFO - [2021-09-16 09:04:00,570] {dagbag.py:496} INFO - Filling up the DagBag from /home/airflow/.local/lib/python3.8/site-packages/airflow/example_dags/example_trigger_controller_dag.py
[2021-09-16 09:04:00,579] {processor.py:623} INFO - DAG(s) dict_keys(['example_trigger_controller_dag']) retrieved from /home/airflow/.local/lib/python3.8/site-packages/airflow/example_dags/example_trigger_controller_dag.py
[2021-09-16 09:04:00,597] {logging_mixin.py:109} INFO - [2021-09-16 09:04:00,597] {dag.py:1833} INFO - Sync 1 DAGs
[2021-09-16 09:04:00,609] {logging_mixin.py:109} INFO - [2021-09-16 09:04:00,609] {dag.py:2306} INFO - Setting next_dagrun for example_trigger_controller_dag to 2021-09-14 00:00:00+00:00
[2021-09-16 09:04:00,619] {processor.py:170} INFO - Processing /home/airflow/.local/lib/python3.8/site-packages/airflow/example_dags/example_trigger_controller_dag.py took 0.056 seconds
[2021-09-16 09:04:30,693] {processor.py:162} INFO - Started process (PID=761) to work on /home/airflow/.local/lib/python3.8/site-packages/airflow/example_dags/example_trigger_controller_dag.py
[2021-09-16 09:04:30,695] {processor.py:613} INFO - Processing file /home/airflow/.local/lib/python3.8/site-packages/airflow/example_dags/example_trigger_controller_dag.py for tasks to queue
[2021-09-16 09:04:30,696] {logging_mixin.py:109} INFO - [2021-09-16 09:04:30,696] {dagbag.py:496} INFO - Filling up the DagBag from /home/airflow/.local/lib/python3.8/site-packages/airflow/example_dags/example_trigger_controller_dag.py
[2021-09-16 09:04:30,706] {processor.py:623} INFO - DAG(s) dict_keys(['example_trigger_controller_dag']) retrieved from /home/airflow/.local/lib/python3.8/site-packages/airflow/example_dags/example_trigger_controller_dag.py
[2021-09-16 09:04:30,733] {logging_mixin.py:109} INFO - [2021-09-16 09:04:30,732] {dag.py:1833} INFO - Sync 1 DAGs
[2021-09-16 09:04:30,747] {logging_mixin.py:109} INFO - [2021-09-16 09:04:30,747] {dag.py:2306} INFO - Setting next_dagrun for example_trigger_controller_dag to 2021-09-14 00:00:00+00:00
[2021-09-16 09:04:30,758] {processor.py:170} INFO - Processing /home/airflow/.local/lib/python3.8/site-packages/airflow/example_dags/example_trigger_controller_dag.py took 0.068 seconds
[2021-09-16 09:05:00,953] {processor.py:162} INFO - Started process (PID=818) to work on /home/airflow/.local/lib/python3.8/site-packages/airflow/example_dags/example_trigger_controller_dag.py
[2021-09-16 09:05:00,954] {processor.py:613} INFO - Processing file /home/airflow/.local/lib/python3.8/site-packages/airflow/example_dags/example_trigger_controller_dag.py for tasks to queue
[2021-09-16 09:05:00,955] {logging_mixin.py:109} INFO - [2021-09-16 09:05:00,955] {dagbag.py:496} INFO - Filling up the DagBag from /home/airflow/.local/lib/python3.8/site-packages/airflow/example_dags/example_trigger_controller_dag.py
[2021-09-16 09:05:00,964] {processor.py:623} INFO - DAG(s) dict_keys(['example_trigger_controller_dag']) retrieved from /home/airflow/.local/lib/python3.8/site-packages/airflow/example_dags/example_trigger_controller_dag.py
[2021-09-16 09:05:00,981] {logging_mixin.py:109} INFO - [2021-09-16 09:05:00,981] {dag.py:1833} INFO - Sync 1 DAGs
[2021-09-16 09:05:00,992] {logging_mixin.py:109} INFO - [2021-09-16 09:05:00,991] {dag.py:2306} INFO - Setting next_dagrun for example_trigger_controller_dag to 2021-09-14 00:00:00+00:00
[2021-09-16 09:05:01,000] {processor.py:170} INFO - Processing /home/airflow/.local/lib/python3.8/site-packages/airflow/example_dags/example_trigger_controller_dag.py took 0.050 seconds
[2021-09-16 09:05:31,205] {processor.py:162} INFO - Started process (PID=874) to work on /home/airflow/.local/lib/python3.8/site-packages/airflow/example_dags/example_trigger_controller_dag.py
[2021-09-16 09:05:31,210] {processor.py:613} INFO - Processing file /home/airflow/.local/lib/python3.8/site-packages/airflow/example_dags/example_trigger_controller_dag.py for tasks to queue
[2021-09-16 09:05:31,211] {logging_mixin.py:109} INFO - [2021-09-16 09:05:31,211] {dagbag.py:496} INFO - Filling up the DagBag from /home/airflow/.local/lib/python3.8/site-packages/airflow/example_dags/example_trigger_controller_dag.py
[2021-09-16 09:05:31,222] {processor.py:623} INFO - DAG(s) dict_keys(['example_trigger_controller_dag']) retrieved from /home/airflow/.local/lib/python3.8/site-packages/airflow/example_dags/example_trigger_controller_dag.py
[2021-09-16 09:05:31,245] {logging_mixin.py:109} INFO - [2021-09-16 09:05:31,245] {dag.py:1833} INFO - Sync 1 DAGs
[2021-09-16 09:05:31,260] {logging_mixin.py:109} INFO - [2021-09-16 09:05:31,260] {dag.py:2306} INFO - Setting next_dagrun for example_trigger_controller_dag to 2021-09-14 00:00:00+00:00
[2021-09-16 09:05:31,271] {processor.py:170} INFO - Processing /home/airflow/.local/lib/python3.8/site-packages/airflow/example_dags/example_trigger_controller_dag.py took 0.068 seconds
[2021-09-16 09:06:01,516] {processor.py:162} INFO - Started process (PID=929) to work on /home/airflow/.local/lib/python3.8/site-packages/airflow/example_dags/example_trigger_controller_dag.py
[2021-09-16 09:06:01,517] {processor.py:613} INFO - Processing file /home/airflow/.local/lib/python3.8/site-packages/airflow/example_dags/example_trigger_controller_dag.py for tasks to queue
[2021-09-16 09:06:01,518] {logging_mixin.py:109} INFO - [2021-09-16 09:06:01,518] {dagbag.py:496} INFO - Filling up the DagBag from /home/airflow/.local/lib/python3.8/site-packages/airflow/example_dags/example_trigger_controller_dag.py
[2021-09-16 09:06:01,529] {processor.py:623} INFO - DAG(s) dict_keys(['example_trigger_controller_dag']) retrieved from /home/airflow/.local/lib/python3.8/site-packages/airflow/example_dags/example_trigger_controller_dag.py
[2021-09-16 09:06:01,551] {logging_mixin.py:109} INFO - [2021-09-16 09:06:01,551] {dag.py:1833} INFO - Sync 1 DAGs
[2021-09-16 09:06:01,566] {logging_mixin.py:109} INFO - [2021-09-16 09:06:01,566] {dag.py:2306} INFO - Setting next_dagrun for example_trigger_controller_dag to 2021-09-14 00:00:00+00:00
[2021-09-16 09:06:01,578] {processor.py:170} INFO - Processing /home/airflow/.local/lib/python3.8/site-packages/airflow/example_dags/example_trigger_controller_dag.py took 0.067 seconds
[2021-09-16 09:06:31,859] {processor.py:162} INFO - Started process (PID=977) to work on /home/airflow/.local/lib/python3.8/site-packages/airflow/example_dags/example_trigger_controller_dag.py
[2021-09-16 09:06:31,861] {processor.py:613} INFO - Processing file /home/airflow/.local/lib/python3.8/site-packages/airflow/example_dags/example_trigger_controller_dag.py for tasks to queue
[2021-09-16 09:06:31,862] {logging_mixin.py:109} INFO - [2021-09-16 09:06:31,862] {dagbag.py:496} INFO - Filling up the DagBag from /home/airflow/.local/lib/python3.8/site-packages/airflow/example_dags/example_trigger_controller_dag.py
[2021-09-16 09:06:31,871] {processor.py:623} INFO - DAG(s) dict_keys(['example_trigger_controller_dag']) retrieved from /home/airflow/.local/lib/python3.8/site-packages/airflow/example_dags/example_trigger_controller_dag.py
[2021-09-16 09:06:31,889] {logging_mixin.py:109} INFO - [2021-09-16 09:06:31,889] {dag.py:1833} INFO - Sync 1 DAGs
[2021-09-16 09:06:31,900] {logging_mixin.py:109} INFO - [2021-09-16 09:06:31,900] {dag.py:2306} INFO - Setting next_dagrun for example_trigger_controller_dag to 2021-09-14 00:00:00+00:00
[2021-09-16 09:06:31,909] {processor.py:170} INFO - Processing /home/airflow/.local/lib/python3.8/site-packages/airflow/example_dags/example_trigger_controller_dag.py took 0.054 seconds
[2021-09-16 09:07:01,936] {processor.py:162} INFO - Started process (PID=1033) to work on /home/airflow/.local/lib/python3.8/site-packages/airflow/example_dags/example_trigger_controller_dag.py
[2021-09-16 09:07:01,938] {processor.py:613} INFO - Processing file /home/airflow/.local/lib/python3.8/site-packages/airflow/example_dags/example_trigger_controller_dag.py for tasks to queue
[2021-09-16 09:07:01,939] {logging_mixin.py:109} INFO - [2021-09-16 09:07:01,939] {dagbag.py:496} INFO - Filling up the DagBag from /home/airflow/.local/lib/python3.8/site-packages/airflow/example_dags/example_trigger_controller_dag.py
[2021-09-16 09:07:01,949] {processor.py:623} INFO - DAG(s) dict_keys(['example_trigger_controller_dag']) retrieved from /home/airflow/.local/lib/python3.8/site-packages/airflow/example_dags/example_trigger_controller_dag.py
[2021-09-16 09:07:01,967] {logging_mixin.py:109} INFO - [2021-09-16 09:07:01,967] {dag.py:1833} INFO - Sync 1 DAGs
[2021-09-16 09:07:01,978] {logging_mixin.py:109} INFO - [2021-09-16 09:07:01,978] {dag.py:2306} INFO - Setting next_dagrun for example_trigger_controller_dag to 2021-09-14 00:00:00+00:00
[2021-09-16 09:07:01,987] {processor.py:170} INFO - Processing /home/airflow/.local/lib/python3.8/site-packages/airflow/example_dags/example_trigger_controller_dag.py took 0.054 seconds
[2021-09-16 09:07:32,258] {processor.py:162} INFO - Started process (PID=1088) to work on /home/airflow/.local/lib/python3.8/site-packages/airflow/example_dags/example_trigger_controller_dag.py
[2021-09-16 09:07:32,260] {processor.py:613} INFO - Processing file /home/airflow/.local/lib/python3.8/site-packages/airflow/example_dags/example_trigger_controller_dag.py for tasks to queue
[2021-09-16 09:07:32,261] {logging_mixin.py:109} INFO - [2021-09-16 09:07:32,261] {dagbag.py:496} INFO - Filling up the DagBag from /home/airflow/.local/lib/python3.8/site-packages/airflow/example_dags/example_trigger_controller_dag.py
[2021-09-16 09:07:32,272] {processor.py:623} INFO - DAG(s) dict_keys(['example_trigger_controller_dag']) retrieved from /home/airflow/.local/lib/python3.8/site-packages/airflow/example_dags/example_trigger_controller_dag.py
[2021-09-16 09:07:32,293] {logging_mixin.py:109} INFO - [2021-09-16 09:07:32,293] {dag.py:1833} INFO - Sync 1 DAGs
[2021-09-16 09:07:32,306] {logging_mixin.py:109} INFO - [2021-09-16 09:07:32,306] {dag.py:2306} INFO - Setting next_dagrun for example_trigger_controller_dag to 2021-09-14 00:00:00+00:00
[2021-09-16 09:07:32,314] {processor.py:170} INFO - Processing /home/airflow/.local/lib/python3.8/site-packages/airflow/example_dags/example_trigger_controller_dag.py took 0.060 seconds
[2021-09-16 09:08:02,714] {processor.py:162} INFO - Started process (PID=1135) to work on /home/airflow/.local/lib/python3.8/site-packages/airflow/example_dags/example_trigger_controller_dag.py
[2021-09-16 09:08:02,715] {processor.py:613} INFO - Processing file /home/airflow/.local/lib/python3.8/site-packages/airflow/example_dags/example_trigger_controller_dag.py for tasks to queue
[2021-09-16 09:08:02,716] {logging_mixin.py:109} INFO - [2021-09-16 09:08:02,716] {dagbag.py:496} INFO - Filling up the DagBag from /home/airflow/.local/lib/python3.8/site-packages/airflow/example_dags/example_trigger_controller_dag.py
[2021-09-16 09:08:02,728] {processor.py:623} INFO - DAG(s) dict_keys(['example_trigger_controller_dag']) retrieved from /home/airflow/.local/lib/python3.8/site-packages/airflow/example_dags/example_trigger_controller_dag.py
[2021-09-16 09:08:02,754] {logging_mixin.py:109} INFO - [2021-09-16 09:08:02,754] {dag.py:1833} INFO - Sync 1 DAGs
[2021-09-16 09:08:02,766] {logging_mixin.py:109} INFO - [2021-09-16 09:08:02,766] {dag.py:2306} INFO - Setting next_dagrun for example_trigger_controller_dag to 2021-09-14 00:00:00+00:00
[2021-09-16 09:08:02,774] {processor.py:170} INFO - Processing /home/airflow/.local/lib/python3.8/site-packages/airflow/example_dags/example_trigger_controller_dag.py took 0.064 seconds
[2021-09-16 09:08:33,172] {processor.py:162} INFO - Started process (PID=1192) to work on /home/airflow/.local/lib/python3.8/site-packages/airflow/example_dags/example_trigger_controller_dag.py
[2021-09-16 09:08:33,173] {processor.py:613} INFO - Processing file /home/airflow/.local/lib/python3.8/site-packages/airflow/example_dags/example_trigger_controller_dag.py for tasks to queue
[2021-09-16 09:08:33,174] {logging_mixin.py:109} INFO - [2021-09-16 09:08:33,174] {dagbag.py:496} INFO - Filling up the DagBag from /home/airflow/.local/lib/python3.8/site-packages/airflow/example_dags/example_trigger_controller_dag.py
[2021-09-16 09:08:33,182] {processor.py:623} INFO - DAG(s) dict_keys(['example_trigger_controller_dag']) retrieved from /home/airflow/.local/lib/python3.8/site-packages/airflow/example_dags/example_trigger_controller_dag.py
[2021-09-16 09:08:33,201] {logging_mixin.py:109} INFO - [2021-09-16 09:08:33,200] {dag.py:1833} INFO - Sync 1 DAGs
[2021-09-16 09:08:33,213] {logging_mixin.py:109} INFO - [2021-09-16 09:08:33,213] {dag.py:2306} INFO - Setting next_dagrun for example_trigger_controller_dag to 2021-09-14 00:00:00+00:00
[2021-09-16 09:08:33,221] {processor.py:170} INFO - Processing /home/airflow/.local/lib/python3.8/site-packages/airflow/example_dags/example_trigger_controller_dag.py took 0.054 seconds
[2021-09-16 09:09:03,571] {processor.py:162} INFO - Started process (PID=1248) to work on /home/airflow/.local/lib/python3.8/site-packages/airflow/example_dags/example_trigger_controller_dag.py
[2021-09-16 09:09:03,573] {processor.py:613} INFO - Processing file /home/airflow/.local/lib/python3.8/site-packages/airflow/example_dags/example_trigger_controller_dag.py for tasks to queue
[2021-09-16 09:09:03,574] {logging_mixin.py:109} INFO - [2021-09-16 09:09:03,574] {dagbag.py:496} INFO - Filling up the DagBag from /home/airflow/.local/lib/python3.8/site-packages/airflow/example_dags/example_trigger_controller_dag.py
[2021-09-16 09:09:03,584] {processor.py:623} INFO - DAG(s) dict_keys(['example_trigger_controller_dag']) retrieved from /home/airflow/.local/lib/python3.8/site-packages/airflow/example_dags/example_trigger_controller_dag.py
[2021-09-16 09:09:03,609] {logging_mixin.py:109} INFO - [2021-09-16 09:09:03,608] {dag.py:1833} INFO - Sync 1 DAGs
[2021-09-16 09:09:03,623] {logging_mixin.py:109} INFO - [2021-09-16 09:09:03,622] {dag.py:2306} INFO - Setting next_dagrun for example_trigger_controller_dag to 2021-09-14 00:00:00+00:00
[2021-09-16 09:09:03,631] {processor.py:170} INFO - Processing /home/airflow/.local/lib/python3.8/site-packages/airflow/example_dags/example_trigger_controller_dag.py took 0.064 seconds
[2021-09-16 09:09:33,957] {processor.py:162} INFO - Started process (PID=1303) to work on /home/airflow/.local/lib/python3.8/site-packages/airflow/example_dags/example_trigger_controller_dag.py
[2021-09-16 09:09:33,958] {processor.py:613} INFO - Processing file /home/airflow/.local/lib/python3.8/site-packages/airflow/example_dags/example_trigger_controller_dag.py for tasks to queue
[2021-09-16 09:09:33,959] {logging_mixin.py:109} INFO - [2021-09-16 09:09:33,959] {dagbag.py:496} INFO - Filling up the DagBag from /home/airflow/.local/lib/python3.8/site-packages/airflow/example_dags/example_trigger_controller_dag.py
[2021-09-16 09:09:33,970] {processor.py:623} INFO - DAG(s) dict_keys(['example_trigger_controller_dag']) retrieved from /home/airflow/.local/lib/python3.8/site-packages/airflow/example_dags/example_trigger_controller_dag.py
[2021-09-16 09:09:33,990] {logging_mixin.py:109} INFO - [2021-09-16 09:09:33,989] {dag.py:1833} INFO - Sync 1 DAGs
[2021-09-16 09:09:34,001] {logging_mixin.py:109} INFO - [2021-09-16 09:09:34,001] {dag.py:2306} INFO - Setting next_dagrun for example_trigger_controller_dag to 2021-09-14 00:00:00+00:00
[2021-09-16 09:09:34,009] {processor.py:170} INFO - Processing /home/airflow/.local/lib/python3.8/site-packages/airflow/example_dags/example_trigger_controller_dag.py took 0.056 seconds
[2021-09-16 09:10:04,335] {processor.py:162} INFO - Started process (PID=1352) to work on /home/airflow/.local/lib/python3.8/site-packages/airflow/example_dags/example_trigger_controller_dag.py
[2021-09-16 09:10:04,337] {processor.py:613} INFO - Processing file /home/airflow/.local/lib/python3.8/site-packages/airflow/example_dags/example_trigger_controller_dag.py for tasks to queue
[2021-09-16 09:10:04,338] {logging_mixin.py:109} INFO - [2021-09-16 09:10:04,338] {dagbag.py:496} INFO - Filling up the DagBag from /home/airflow/.local/lib/python3.8/site-packages/airflow/example_dags/example_trigger_controller_dag.py
[2021-09-16 09:10:04,348] {processor.py:623} INFO - DAG(s) dict_keys(['example_trigger_controller_dag']) retrieved from /home/airflow/.local/lib/python3.8/site-packages/airflow/example_dags/example_trigger_controller_dag.py
[2021-09-16 09:10:04,368] {logging_mixin.py:109} INFO - [2021-09-16 09:10:04,368] {dag.py:1833} INFO - Sync 1 DAGs
[2021-09-16 09:10:04,379] {logging_mixin.py:109} INFO - [2021-09-16 09:10:04,379] {dag.py:2306} INFO - Setting next_dagrun for example_trigger_controller_dag to 2021-09-14 00:00:00+00:00
[2021-09-16 09:10:04,387] {processor.py:170} INFO - Processing /home/airflow/.local/lib/python3.8/site-packages/airflow/example_dags/example_trigger_controller_dag.py took 0.056 seconds
[2021-09-16 09:10:34,736] {processor.py:162} INFO - Started process (PID=1407) to work on /home/airflow/.local/lib/python3.8/site-packages/airflow/example_dags/example_trigger_controller_dag.py
[2021-09-16 09:10:34,737] {processor.py:613} INFO - Processing file /home/airflow/.local/lib/python3.8/site-packages/airflow/example_dags/example_trigger_controller_dag.py for tasks to queue
[2021-09-16 09:10:34,738] {logging_mixin.py:109} INFO - [2021-09-16 09:10:34,738] {dagbag.py:496} INFO - Filling up the DagBag from /home/airflow/.local/lib/python3.8/site-packages/airflow/example_dags/example_trigger_controller_dag.py
[2021-09-16 09:10:34,749] {processor.py:623} INFO - DAG(s) dict_keys(['example_trigger_controller_dag']) retrieved from /home/airflow/.local/lib/python3.8/site-packages/airflow/example_dags/example_trigger_controller_dag.py
[2021-09-16 09:10:34,771] {logging_mixin.py:109} INFO - [2021-09-16 09:10:34,770] {dag.py:1833} INFO - Sync 1 DAGs
[2021-09-16 09:10:34,784] {logging_mixin.py:109} INFO - [2021-09-16 09:10:34,784] {dag.py:2306} INFO - Setting next_dagrun for example_trigger_controller_dag to 2021-09-14 00:00:00+00:00
[2021-09-16 09:10:34,794] {processor.py:170} INFO - Processing /home/airflow/.local/lib/python3.8/site-packages/airflow/example_dags/example_trigger_controller_dag.py took 0.062 seconds
[2021-09-16 09:11:05,363] {processor.py:162} INFO - Started process (PID=1463) to work on /home/airflow/.local/lib/python3.8/site-packages/airflow/example_dags/example_trigger_controller_dag.py
[2021-09-16 09:11:05,364] {processor.py:613} INFO - Processing file /home/airflow/.local/lib/python3.8/site-packages/airflow/example_dags/example_trigger_controller_dag.py for tasks to queue
[2021-09-16 09:11:05,365] {logging_mixin.py:109} INFO - [2021-09-16 09:11:05,365] {dagbag.py:496} INFO - Filling up the DagBag from /home/airflow/.local/lib/python3.8/site-packages/airflow/example_dags/example_trigger_controller_dag.py
[2021-09-16 09:11:05,377] {processor.py:623} INFO - DAG(s) dict_keys(['example_trigger_controller_dag']) retrieved from /home/airflow/.local/lib/python3.8/site-packages/airflow/example_dags/example_trigger_controller_dag.py
[2021-09-16 09:11:05,397] {logging_mixin.py:109} INFO - [2021-09-16 09:11:05,397] {dag.py:1833} INFO - Sync 1 DAGs
[2021-09-16 09:11:05,408] {logging_mixin.py:109} INFO - [2021-09-16 09:11:05,408] {dag.py:2306} INFO - Setting next_dagrun for example_trigger_controller_dag to 2021-09-14 00:00:00+00:00
[2021-09-16 09:11:05,415] {processor.py:170} INFO - Processing /home/airflow/.local/lib/python3.8/site-packages/airflow/example_dags/example_trigger_controller_dag.py took 0.056 seconds
[2021-09-16 09:11:35,854] {processor.py:162} INFO - Started process (PID=1520) to work on /home/airflow/.local/lib/python3.8/site-packages/airflow/example_dags/example_trigger_controller_dag.py
[2021-09-16 09:11:35,856] {processor.py:613} INFO - Processing file /home/airflow/.local/lib/python3.8/site-packages/airflow/example_dags/example_trigger_controller_dag.py for tasks to queue
[2021-09-16 09:11:35,857] {logging_mixin.py:109} INFO - [2021-09-16 09:11:35,857] {dagbag.py:496} INFO - Filling up the DagBag from /home/airflow/.local/lib/python3.8/site-packages/airflow/example_dags/example_trigger_controller_dag.py
[2021-09-16 09:11:35,868] {processor.py:623} INFO - DAG(s) dict_keys(['example_trigger_controller_dag']) retrieved from /home/airflow/.local/lib/python3.8/site-packages/airflow/example_dags/example_trigger_controller_dag.py
[2021-09-16 09:11:35,887] {logging_mixin.py:109} INFO - [2021-09-16 09:11:35,887] {dag.py:1833} INFO - Sync 1 DAGs
[2021-09-16 09:11:35,898] {logging_mixin.py:109} INFO - [2021-09-16 09:11:35,898] {dag.py:2306} INFO - Setting next_dagrun for example_trigger_controller_dag to 2021-09-14 00:00:00+00:00
[2021-09-16 09:11:35,906] {processor.py:170} INFO - Processing /home/airflow/.local/lib/python3.8/site-packages/airflow/example_dags/example_trigger_controller_dag.py took 0.055 seconds
[2021-09-16 09:12:06,312] {processor.py:162} INFO - Started process (PID=1567) to work on /home/airflow/.local/lib/python3.8/site-packages/airflow/example_dags/example_trigger_controller_dag.py
[2021-09-16 09:12:06,315] {processor.py:613} INFO - Processing file /home/airflow/.local/lib/python3.8/site-packages/airflow/example_dags/example_trigger_controller_dag.py for tasks to queue
[2021-09-16 09:12:06,316] {logging_mixin.py:109} INFO - [2021-09-16 09:12:06,315] {dagbag.py:496} INFO - Filling up the DagBag from /home/airflow/.local/lib/python3.8/site-packages/airflow/example_dags/example_trigger_controller_dag.py
[2021-09-16 09:12:06,325] {processor.py:623} INFO - DAG(s) dict_keys(['example_trigger_controller_dag']) retrieved from /home/airflow/.local/lib/python3.8/site-packages/airflow/example_dags/example_trigger_controller_dag.py
[2021-09-16 09:12:06,346] {logging_mixin.py:109} INFO - [2021-09-16 09:12:06,346] {dag.py:1833} INFO - Sync 1 DAGs
[2021-09-16 09:12:06,359] {logging_mixin.py:109} INFO - [2021-09-16 09:12:06,359] {dag.py:2306} INFO - Setting next_dagrun for example_trigger_controller_dag to 2021-09-14 00:00:00+00:00
[2021-09-16 09:12:06,369] {processor.py:170} INFO - Processing /home/airflow/.local/lib/python3.8/site-packages/airflow/example_dags/example_trigger_controller_dag.py took 0.061 seconds
[2021-09-16 09:12:36,809] {processor.py:162} INFO - Started process (PID=1623) to work on /home/airflow/.local/lib/python3.8/site-packages/airflow/example_dags/example_trigger_controller_dag.py
[2021-09-16 09:12:36,811] {processor.py:613} INFO - Processing file /home/airflow/.local/lib/python3.8/site-packages/airflow/example_dags/example_trigger_controller_dag.py for tasks to queue
[2021-09-16 09:12:36,813] {logging_mixin.py:109} INFO - [2021-09-16 09:12:36,813] {dagbag.py:496} INFO - Filling up the DagBag from /home/airflow/.local/lib/python3.8/site-packages/airflow/example_dags/example_trigger_controller_dag.py
[2021-09-16 09:12:36,825] {processor.py:623} INFO - DAG(s) dict_keys(['example_trigger_controller_dag']) retrieved from /home/airflow/.local/lib/python3.8/site-packages/airflow/example_dags/example_trigger_controller_dag.py
[2021-09-16 09:12:36,843] {logging_mixin.py:109} INFO - [2021-09-16 09:12:36,842] {dag.py:1833} INFO - Sync 1 DAGs
[2021-09-16 09:12:36,855] {logging_mixin.py:109} INFO - [2021-09-16 09:12:36,855] {dag.py:2306} INFO - Setting next_dagrun for example_trigger_controller_dag to 2021-09-14 00:00:00+00:00
[2021-09-16 09:12:36,864] {processor.py:170} INFO - Processing /home/airflow/.local/lib/python3.8/site-packages/airflow/example_dags/example_trigger_controller_dag.py took 0.058 seconds
[2021-09-16 09:13:07,254] {processor.py:162} INFO - Started process (PID=1679) to work on /home/airflow/.local/lib/python3.8/site-packages/airflow/example_dags/example_trigger_controller_dag.py
[2021-09-16 09:13:07,256] {processor.py:613} INFO - Processing file /home/airflow/.local/lib/python3.8/site-packages/airflow/example_dags/example_trigger_controller_dag.py for tasks to queue
[2021-09-16 09:13:07,257] {logging_mixin.py:109} INFO - [2021-09-16 09:13:07,257] {dagbag.py:496} INFO - Filling up the DagBag from /home/airflow/.local/lib/python3.8/site-packages/airflow/example_dags/example_trigger_controller_dag.py
[2021-09-16 09:13:07,269] {processor.py:623} INFO - DAG(s) dict_keys(['example_trigger_controller_dag']) retrieved from /home/airflow/.local/lib/python3.8/site-packages/airflow/example_dags/example_trigger_controller_dag.py
[2021-09-16 09:13:07,288] {logging_mixin.py:109} INFO - [2021-09-16 09:13:07,288] {dag.py:1833} INFO - Sync 1 DAGs
[2021-09-16 09:13:07,304] {logging_mixin.py:109} INFO - [2021-09-16 09:13:07,303] {dag.py:2306} INFO - Setting next_dagrun for example_trigger_controller_dag to 2021-09-14 00:00:00+00:00
[2021-09-16 09:13:07,324] {processor.py:170} INFO - Processing /home/airflow/.local/lib/python3.8/site-packages/airflow/example_dags/example_trigger_controller_dag.py took 0.075 seconds
[2021-09-16 09:13:37,770] {processor.py:162} INFO - Started process (PID=1726) to work on /home/airflow/.local/lib/python3.8/site-packages/airflow/example_dags/example_trigger_controller_dag.py
[2021-09-16 09:13:37,771] {processor.py:613} INFO - Processing file /home/airflow/.local/lib/python3.8/site-packages/airflow/example_dags/example_trigger_controller_dag.py for tasks to queue
[2021-09-16 09:13:37,772] {logging_mixin.py:109} INFO - [2021-09-16 09:13:37,772] {dagbag.py:496} INFO - Filling up the DagBag from /home/airflow/.local/lib/python3.8/site-packages/airflow/example_dags/example_trigger_controller_dag.py
[2021-09-16 09:13:37,785] {processor.py:623} INFO - DAG(s) dict_keys(['example_trigger_controller_dag']) retrieved from /home/airflow/.local/lib/python3.8/site-packages/airflow/example_dags/example_trigger_controller_dag.py
[2021-09-16 09:13:37,805] {logging_mixin.py:109} INFO - [2021-09-16 09:13:37,805] {dag.py:1833} INFO - Sync 1 DAGs
[2021-09-16 09:13:37,816] {logging_mixin.py:109} INFO - [2021-09-16 09:13:37,816] {dag.py:2306} INFO - Setting next_dagrun for example_trigger_controller_dag to 2021-09-14 00:00:00+00:00
[2021-09-16 09:13:37,824] {processor.py:170} INFO - Processing /home/airflow/.local/lib/python3.8/site-packages/airflow/example_dags/example_trigger_controller_dag.py took 0.059 seconds
[2021-09-16 09:14:08,012] {processor.py:162} INFO - Started process (PID=1782) to work on /home/airflow/.local/lib/python3.8/site-packages/airflow/example_dags/example_trigger_controller_dag.py
[2021-09-16 09:14:08,014] {processor.py:613} INFO - Processing file /home/airflow/.local/lib/python3.8/site-packages/airflow/example_dags/example_trigger_controller_dag.py for tasks to queue
[2021-09-16 09:14:08,015] {logging_mixin.py:109} INFO - [2021-09-16 09:14:08,015] {dagbag.py:496} INFO - Filling up the DagBag from /home/airflow/.local/lib/python3.8/site-packages/airflow/example_dags/example_trigger_controller_dag.py
[2021-09-16 09:14:08,025] {processor.py:623} INFO - DAG(s) dict_keys(['example_trigger_controller_dag']) retrieved from /home/airflow/.local/lib/python3.8/site-packages/airflow/example_dags/example_trigger_controller_dag.py
[2021-09-16 09:14:08,044] {logging_mixin.py:109} INFO - [2021-09-16 09:14:08,044] {dag.py:1833} INFO - Sync 1 DAGs
[2021-09-16 09:14:08,055] {logging_mixin.py:109} INFO - [2021-09-16 09:14:08,055] {dag.py:2306} INFO - Setting next_dagrun for example_trigger_controller_dag to 2021-09-14 00:00:00+00:00
[2021-09-16 09:14:08,064] {processor.py:170} INFO - Processing /home/airflow/.local/lib/python3.8/site-packages/airflow/example_dags/example_trigger_controller_dag.py took 0.056 seconds
[2021-09-16 09:14:38,220] {processor.py:162} INFO - Started process (PID=1837) to work on /home/airflow/.local/lib/python3.8/site-packages/airflow/example_dags/example_trigger_controller_dag.py
[2021-09-16 09:14:38,222] {processor.py:613} INFO - Processing file /home/airflow/.local/lib/python3.8/site-packages/airflow/example_dags/example_trigger_controller_dag.py for tasks to queue
[2021-09-16 09:14:38,222] {logging_mixin.py:109} INFO - [2021-09-16 09:14:38,222] {dagbag.py:496} INFO - Filling up the DagBag from /home/airflow/.local/lib/python3.8/site-packages/airflow/example_dags/example_trigger_controller_dag.py
[2021-09-16 09:14:38,232] {processor.py:623} INFO - DAG(s) dict_keys(['example_trigger_controller_dag']) retrieved from /home/airflow/.local/lib/python3.8/site-packages/airflow/example_dags/example_trigger_controller_dag.py
[2021-09-16 09:14:38,250] {logging_mixin.py:109} INFO - [2021-09-16 09:14:38,250] {dag.py:1833} INFO - Sync 1 DAGs
[2021-09-16 09:14:38,262] {logging_mixin.py:109} INFO - [2021-09-16 09:14:38,262] {dag.py:2306} INFO - Setting next_dagrun for example_trigger_controller_dag to 2021-09-14 00:00:00+00:00
[2021-09-16 09:14:38,271] {processor.py:170} INFO - Processing /home/airflow/.local/lib/python3.8/site-packages/airflow/example_dags/example_trigger_controller_dag.py took 0.054 seconds
[2021-09-16 09:15:08,405] {processor.py:162} INFO - Started process (PID=1883) to work on /home/airflow/.local/lib/python3.8/site-packages/airflow/example_dags/example_trigger_controller_dag.py
[2021-09-16 09:15:08,407] {processor.py:613} INFO - Processing file /home/airflow/.local/lib/python3.8/site-packages/airflow/example_dags/example_trigger_controller_dag.py for tasks to queue
[2021-09-16 09:15:08,407] {logging_mixin.py:109} INFO - [2021-09-16 09:15:08,407] {dagbag.py:496} INFO - Filling up the DagBag from /home/airflow/.local/lib/python3.8/site-packages/airflow/example_dags/example_trigger_controller_dag.py
[2021-09-16 09:15:08,417] {processor.py:623} INFO - DAG(s) dict_keys(['example_trigger_controller_dag']) retrieved from /home/airflow/.local/lib/python3.8/site-packages/airflow/example_dags/example_trigger_controller_dag.py
[2021-09-16 09:15:08,436] {logging_mixin.py:109} INFO - [2021-09-16 09:15:08,436] {dag.py:1833} INFO - Sync 1 DAGs
[2021-09-16 09:15:08,448] {logging_mixin.py:109} INFO - [2021-09-16 09:15:08,447] {dag.py:2306} INFO - Setting next_dagrun for example_trigger_controller_dag to 2021-09-14 00:00:00+00:00
[2021-09-16 09:15:08,456] {processor.py:170} INFO - Processing /home/airflow/.local/lib/python3.8/site-packages/airflow/example_dags/example_trigger_controller_dag.py took 0.055 seconds
[2021-09-16 09:15:38,847] {processor.py:162} INFO - Started process (PID=1941) to work on /home/airflow/.local/lib/python3.8/site-packages/airflow/example_dags/example_trigger_controller_dag.py
[2021-09-16 09:15:38,849] {processor.py:613} INFO - Processing file /home/airflow/.local/lib/python3.8/site-packages/airflow/example_dags/example_trigger_controller_dag.py for tasks to queue
[2021-09-16 09:15:38,851] {logging_mixin.py:109} INFO - [2021-09-16 09:15:38,851] {dagbag.py:496} INFO - Filling up the DagBag from /home/airflow/.local/lib/python3.8/site-packages/airflow/example_dags/example_trigger_controller_dag.py
[2021-09-16 09:15:38,860] {processor.py:623} INFO - DAG(s) dict_keys(['example_trigger_controller_dag']) retrieved from /home/airflow/.local/lib/python3.8/site-packages/airflow/example_dags/example_trigger_controller_dag.py
[2021-09-16 09:15:38,879] {logging_mixin.py:109} INFO - [2021-09-16 09:15:38,879] {dag.py:1833} INFO - Sync 1 DAGs
[2021-09-16 09:15:38,894] {logging_mixin.py:109} INFO - [2021-09-16 09:15:38,894] {dag.py:2306} INFO - Setting next_dagrun for example_trigger_controller_dag to 2021-09-14 00:00:00+00:00
[2021-09-16 09:15:38,903] {processor.py:170} INFO - Processing /home/airflow/.local/lib/python3.8/site-packages/airflow/example_dags/example_trigger_controller_dag.py took 0.059 seconds
