[2021-09-16 08:37:56,076] {processor.py:162} INFO - Started process (PID=228) to work on /home/airflow/.local/lib/python3.8/site-packages/airflow/example_dags/example_skip_dag.py
[2021-09-16 08:37:56,078] {processor.py:613} INFO - Processing file /home/airflow/.local/lib/python3.8/site-packages/airflow/example_dags/example_skip_dag.py for tasks to queue
[2021-09-16 08:37:56,079] {logging_mixin.py:109} INFO - [2021-09-16 08:37:56,079] {dagbag.py:496} INFO - Filling up the DagBag from /home/airflow/.local/lib/python3.8/site-packages/airflow/example_dags/example_skip_dag.py
[2021-09-16 08:37:56,091] {processor.py:623} INFO - DAG(s) dict_keys(['example_skip_dag']) retrieved from /home/airflow/.local/lib/python3.8/site-packages/airflow/example_dags/example_skip_dag.py
[2021-09-16 08:37:59,689] {logging_mixin.py:109} INFO - [2021-09-16 08:37:59,688] {dag.py:1833} INFO - Sync 1 DAGs
[2021-09-16 08:37:59,702] {logging_mixin.py:109} INFO - [2021-09-16 08:37:59,701] {dag.py:1852} INFO - Creating ORM DAG for example_skip_dag
[2021-09-16 08:37:59,710] {logging_mixin.py:109} INFO - [2021-09-16 08:37:59,710] {dag.py:2306} INFO - Setting next_dagrun for example_skip_dag to 2021-09-14 00:00:00+00:00
[2021-09-16 08:37:59,724] {processor.py:170} INFO - Processing /home/airflow/.local/lib/python3.8/site-packages/airflow/example_dags/example_skip_dag.py took 3.651 seconds
[2021-09-16 08:38:29,835] {processor.py:162} INFO - Started process (PID=358) to work on /home/airflow/.local/lib/python3.8/site-packages/airflow/example_dags/example_skip_dag.py
[2021-09-16 08:38:29,837] {processor.py:613} INFO - Processing file /home/airflow/.local/lib/python3.8/site-packages/airflow/example_dags/example_skip_dag.py for tasks to queue
[2021-09-16 08:38:29,839] {logging_mixin.py:109} INFO - [2021-09-16 08:38:29,839] {dagbag.py:496} INFO - Filling up the DagBag from /home/airflow/.local/lib/python3.8/site-packages/airflow/example_dags/example_skip_dag.py
[2021-09-16 08:38:29,850] {processor.py:623} INFO - DAG(s) dict_keys(['example_skip_dag']) retrieved from /home/airflow/.local/lib/python3.8/site-packages/airflow/example_dags/example_skip_dag.py
[2021-09-16 08:38:29,873] {logging_mixin.py:109} INFO - [2021-09-16 08:38:29,873] {dag.py:1833} INFO - Sync 1 DAGs
[2021-09-16 08:38:29,887] {logging_mixin.py:109} INFO - [2021-09-16 08:38:29,887] {dag.py:2306} INFO - Setting next_dagrun for example_skip_dag to 2021-09-14 00:00:00+00:00
[2021-09-16 08:38:29,898] {processor.py:170} INFO - Processing /home/airflow/.local/lib/python3.8/site-packages/airflow/example_dags/example_skip_dag.py took 0.067 seconds
[2021-09-16 08:39:01,257] {processor.py:162} INFO - Started process (PID=414) to work on /home/airflow/.local/lib/python3.8/site-packages/airflow/example_dags/example_skip_dag.py
[2021-09-16 08:39:01,495] {processor.py:613} INFO - Processing file /home/airflow/.local/lib/python3.8/site-packages/airflow/example_dags/example_skip_dag.py for tasks to queue
[2021-09-16 08:39:01,502] {logging_mixin.py:109} INFO - [2021-09-16 08:39:01,502] {dagbag.py:496} INFO - Filling up the DagBag from /home/airflow/.local/lib/python3.8/site-packages/airflow/example_dags/example_skip_dag.py
[2021-09-16 08:39:01,540] {processor.py:623} INFO - DAG(s) dict_keys(['example_skip_dag']) retrieved from /home/airflow/.local/lib/python3.8/site-packages/airflow/example_dags/example_skip_dag.py
[2021-09-16 08:39:01,591] {logging_mixin.py:109} INFO - [2021-09-16 08:39:01,591] {dag.py:1833} INFO - Sync 1 DAGs
[2021-09-16 08:39:01,609] {logging_mixin.py:109} INFO - [2021-09-16 08:39:01,609] {dag.py:2306} INFO - Setting next_dagrun for example_skip_dag to 2021-09-14 00:00:00+00:00
[2021-09-16 08:39:01,624] {processor.py:170} INFO - Processing /home/airflow/.local/lib/python3.8/site-packages/airflow/example_dags/example_skip_dag.py took 1.504 seconds
[2021-09-16 08:39:32,338] {processor.py:162} INFO - Started process (PID=462) to work on /home/airflow/.local/lib/python3.8/site-packages/airflow/example_dags/example_skip_dag.py
[2021-09-16 08:39:32,340] {processor.py:613} INFO - Processing file /home/airflow/.local/lib/python3.8/site-packages/airflow/example_dags/example_skip_dag.py for tasks to queue
[2021-09-16 08:39:32,342] {logging_mixin.py:109} INFO - [2021-09-16 08:39:32,342] {dagbag.py:496} INFO - Filling up the DagBag from /home/airflow/.local/lib/python3.8/site-packages/airflow/example_dags/example_skip_dag.py
[2021-09-16 08:39:32,366] {processor.py:623} INFO - DAG(s) dict_keys(['example_skip_dag']) retrieved from /home/airflow/.local/lib/python3.8/site-packages/airflow/example_dags/example_skip_dag.py
[2021-09-16 08:39:32,413] {logging_mixin.py:109} INFO - [2021-09-16 08:39:32,412] {dag.py:1833} INFO - Sync 1 DAGs
[2021-09-16 08:39:32,428] {logging_mixin.py:109} INFO - [2021-09-16 08:39:32,428] {dag.py:2306} INFO - Setting next_dagrun for example_skip_dag to 2021-09-14 00:00:00+00:00
[2021-09-16 08:39:32,439] {processor.py:170} INFO - Processing /home/airflow/.local/lib/python3.8/site-packages/airflow/example_dags/example_skip_dag.py took 0.106 seconds
[2021-09-16 09:00:04,845] {processor.py:162} INFO - Started process (PID=222) to work on /home/airflow/.local/lib/python3.8/site-packages/airflow/example_dags/example_skip_dag.py
[2021-09-16 09:00:04,846] {processor.py:613} INFO - Processing file /home/airflow/.local/lib/python3.8/site-packages/airflow/example_dags/example_skip_dag.py for tasks to queue
[2021-09-16 09:00:04,847] {logging_mixin.py:109} INFO - [2021-09-16 09:00:04,847] {dagbag.py:496} INFO - Filling up the DagBag from /home/airflow/.local/lib/python3.8/site-packages/airflow/example_dags/example_skip_dag.py
[2021-09-16 09:00:04,858] {processor.py:623} INFO - DAG(s) dict_keys(['example_skip_dag']) retrieved from /home/airflow/.local/lib/python3.8/site-packages/airflow/example_dags/example_skip_dag.py
[2021-09-16 09:00:06,304] {logging_mixin.py:109} INFO - [2021-09-16 09:00:06,304] {dag.py:1833} INFO - Sync 1 DAGs
[2021-09-16 09:00:06,309] {logging_mixin.py:109} INFO - [2021-09-16 09:00:06,309] {dag.py:1852} INFO - Creating ORM DAG for example_skip_dag
[2021-09-16 09:00:06,313] {logging_mixin.py:109} INFO - [2021-09-16 09:00:06,313] {dag.py:2306} INFO - Setting next_dagrun for example_skip_dag to 2021-09-14 00:00:00+00:00
[2021-09-16 09:00:06,320] {processor.py:170} INFO - Processing /home/airflow/.local/lib/python3.8/site-packages/airflow/example_dags/example_skip_dag.py took 1.478 seconds
[2021-09-16 09:00:36,901] {processor.py:162} INFO - Started process (PID=357) to work on /home/airflow/.local/lib/python3.8/site-packages/airflow/example_dags/example_skip_dag.py
[2021-09-16 09:00:36,902] {processor.py:613} INFO - Processing file /home/airflow/.local/lib/python3.8/site-packages/airflow/example_dags/example_skip_dag.py for tasks to queue
[2021-09-16 09:00:36,904] {logging_mixin.py:109} INFO - [2021-09-16 09:00:36,904] {dagbag.py:496} INFO - Filling up the DagBag from /home/airflow/.local/lib/python3.8/site-packages/airflow/example_dags/example_skip_dag.py
[2021-09-16 09:00:36,913] {processor.py:623} INFO - DAG(s) dict_keys(['example_skip_dag']) retrieved from /home/airflow/.local/lib/python3.8/site-packages/airflow/example_dags/example_skip_dag.py
[2021-09-16 09:00:36,934] {logging_mixin.py:109} INFO - [2021-09-16 09:00:36,934] {dag.py:1833} INFO - Sync 1 DAGs
[2021-09-16 09:00:36,957] {logging_mixin.py:109} INFO - [2021-09-16 09:00:36,957] {dag.py:2306} INFO - Setting next_dagrun for example_skip_dag to 2021-09-14 00:00:00+00:00
[2021-09-16 09:00:36,975] {processor.py:170} INFO - Processing /home/airflow/.local/lib/python3.8/site-packages/airflow/example_dags/example_skip_dag.py took 0.077 seconds
[2021-09-16 09:01:07,072] {processor.py:162} INFO - Started process (PID=405) to work on /home/airflow/.local/lib/python3.8/site-packages/airflow/example_dags/example_skip_dag.py
[2021-09-16 09:01:07,073] {processor.py:613} INFO - Processing file /home/airflow/.local/lib/python3.8/site-packages/airflow/example_dags/example_skip_dag.py for tasks to queue
[2021-09-16 09:01:07,074] {logging_mixin.py:109} INFO - [2021-09-16 09:01:07,074] {dagbag.py:496} INFO - Filling up the DagBag from /home/airflow/.local/lib/python3.8/site-packages/airflow/example_dags/example_skip_dag.py
[2021-09-16 09:01:07,085] {processor.py:623} INFO - DAG(s) dict_keys(['example_skip_dag']) retrieved from /home/airflow/.local/lib/python3.8/site-packages/airflow/example_dags/example_skip_dag.py
[2021-09-16 09:01:07,105] {logging_mixin.py:109} INFO - [2021-09-16 09:01:07,105] {dag.py:1833} INFO - Sync 1 DAGs
[2021-09-16 09:01:07,117] {logging_mixin.py:109} INFO - [2021-09-16 09:01:07,117] {dag.py:2306} INFO - Setting next_dagrun for example_skip_dag to 2021-09-14 00:00:00+00:00
[2021-09-16 09:01:07,126] {processor.py:170} INFO - Processing /home/airflow/.local/lib/python3.8/site-packages/airflow/example_dags/example_skip_dag.py took 0.057 seconds
[2021-09-16 09:01:37,442] {processor.py:162} INFO - Started process (PID=461) to work on /home/airflow/.local/lib/python3.8/site-packages/airflow/example_dags/example_skip_dag.py
[2021-09-16 09:01:37,443] {processor.py:613} INFO - Processing file /home/airflow/.local/lib/python3.8/site-packages/airflow/example_dags/example_skip_dag.py for tasks to queue
[2021-09-16 09:01:37,444] {logging_mixin.py:109} INFO - [2021-09-16 09:01:37,444] {dagbag.py:496} INFO - Filling up the DagBag from /home/airflow/.local/lib/python3.8/site-packages/airflow/example_dags/example_skip_dag.py
[2021-09-16 09:01:37,455] {processor.py:623} INFO - DAG(s) dict_keys(['example_skip_dag']) retrieved from /home/airflow/.local/lib/python3.8/site-packages/airflow/example_dags/example_skip_dag.py
[2021-09-16 09:01:37,473] {logging_mixin.py:109} INFO - [2021-09-16 09:01:37,473] {dag.py:1833} INFO - Sync 1 DAGs
[2021-09-16 09:01:37,485] {logging_mixin.py:109} INFO - [2021-09-16 09:01:37,484] {dag.py:2306} INFO - Setting next_dagrun for example_skip_dag to 2021-09-14 00:00:00+00:00
[2021-09-16 09:01:37,493] {processor.py:170} INFO - Processing /home/airflow/.local/lib/python3.8/site-packages/airflow/example_dags/example_skip_dag.py took 0.054 seconds
[2021-09-16 09:02:07,784] {processor.py:162} INFO - Started process (PID=517) to work on /home/airflow/.local/lib/python3.8/site-packages/airflow/example_dags/example_skip_dag.py
[2021-09-16 09:02:07,786] {processor.py:613} INFO - Processing file /home/airflow/.local/lib/python3.8/site-packages/airflow/example_dags/example_skip_dag.py for tasks to queue
[2021-09-16 09:02:07,787] {logging_mixin.py:109} INFO - [2021-09-16 09:02:07,787] {dagbag.py:496} INFO - Filling up the DagBag from /home/airflow/.local/lib/python3.8/site-packages/airflow/example_dags/example_skip_dag.py
[2021-09-16 09:02:07,796] {processor.py:623} INFO - DAG(s) dict_keys(['example_skip_dag']) retrieved from /home/airflow/.local/lib/python3.8/site-packages/airflow/example_dags/example_skip_dag.py
[2021-09-16 09:02:07,817] {logging_mixin.py:109} INFO - [2021-09-16 09:02:07,817] {dag.py:1833} INFO - Sync 1 DAGs
[2021-09-16 09:02:07,829] {logging_mixin.py:109} INFO - [2021-09-16 09:02:07,829] {dag.py:2306} INFO - Setting next_dagrun for example_skip_dag to 2021-09-14 00:00:00+00:00
[2021-09-16 09:02:07,838] {processor.py:170} INFO - Processing /home/airflow/.local/lib/python3.8/site-packages/airflow/example_dags/example_skip_dag.py took 0.057 seconds
[2021-09-16 09:02:38,170] {processor.py:162} INFO - Started process (PID=571) to work on /home/airflow/.local/lib/python3.8/site-packages/airflow/example_dags/example_skip_dag.py
[2021-09-16 09:02:38,171] {processor.py:613} INFO - Processing file /home/airflow/.local/lib/python3.8/site-packages/airflow/example_dags/example_skip_dag.py for tasks to queue
[2021-09-16 09:02:38,172] {logging_mixin.py:109} INFO - [2021-09-16 09:02:38,172] {dagbag.py:496} INFO - Filling up the DagBag from /home/airflow/.local/lib/python3.8/site-packages/airflow/example_dags/example_skip_dag.py
[2021-09-16 09:02:38,183] {processor.py:623} INFO - DAG(s) dict_keys(['example_skip_dag']) retrieved from /home/airflow/.local/lib/python3.8/site-packages/airflow/example_dags/example_skip_dag.py
[2021-09-16 09:02:38,204] {logging_mixin.py:109} INFO - [2021-09-16 09:02:38,204] {dag.py:1833} INFO - Sync 1 DAGs
[2021-09-16 09:02:38,215] {logging_mixin.py:109} INFO - [2021-09-16 09:02:38,215] {dag.py:2306} INFO - Setting next_dagrun for example_skip_dag to 2021-09-14 00:00:00+00:00
[2021-09-16 09:02:38,223] {processor.py:170} INFO - Processing /home/airflow/.local/lib/python3.8/site-packages/airflow/example_dags/example_skip_dag.py took 0.057 seconds
[2021-09-16 09:03:08,558] {processor.py:162} INFO - Started process (PID=620) to work on /home/airflow/.local/lib/python3.8/site-packages/airflow/example_dags/example_skip_dag.py
[2021-09-16 09:03:08,560] {processor.py:613} INFO - Processing file /home/airflow/.local/lib/python3.8/site-packages/airflow/example_dags/example_skip_dag.py for tasks to queue
[2021-09-16 09:03:08,561] {logging_mixin.py:109} INFO - [2021-09-16 09:03:08,561] {dagbag.py:496} INFO - Filling up the DagBag from /home/airflow/.local/lib/python3.8/site-packages/airflow/example_dags/example_skip_dag.py
[2021-09-16 09:03:08,572] {processor.py:623} INFO - DAG(s) dict_keys(['example_skip_dag']) retrieved from /home/airflow/.local/lib/python3.8/site-packages/airflow/example_dags/example_skip_dag.py
[2021-09-16 09:03:08,596] {logging_mixin.py:109} INFO - [2021-09-16 09:03:08,595] {dag.py:1833} INFO - Sync 1 DAGs
[2021-09-16 09:03:08,607] {logging_mixin.py:109} INFO - [2021-09-16 09:03:08,607] {dag.py:2306} INFO - Setting next_dagrun for example_skip_dag to 2021-09-14 00:00:00+00:00
[2021-09-16 09:03:08,617] {processor.py:170} INFO - Processing /home/airflow/.local/lib/python3.8/site-packages/airflow/example_dags/example_skip_dag.py took 0.062 seconds
[2021-09-16 09:03:38,753] {processor.py:162} INFO - Started process (PID=676) to work on /home/airflow/.local/lib/python3.8/site-packages/airflow/example_dags/example_skip_dag.py
[2021-09-16 09:03:38,754] {processor.py:613} INFO - Processing file /home/airflow/.local/lib/python3.8/site-packages/airflow/example_dags/example_skip_dag.py for tasks to queue
[2021-09-16 09:03:38,755] {logging_mixin.py:109} INFO - [2021-09-16 09:03:38,755] {dagbag.py:496} INFO - Filling up the DagBag from /home/airflow/.local/lib/python3.8/site-packages/airflow/example_dags/example_skip_dag.py
[2021-09-16 09:03:38,765] {processor.py:623} INFO - DAG(s) dict_keys(['example_skip_dag']) retrieved from /home/airflow/.local/lib/python3.8/site-packages/airflow/example_dags/example_skip_dag.py
[2021-09-16 09:03:38,783] {logging_mixin.py:109} INFO - [2021-09-16 09:03:38,782] {dag.py:1833} INFO - Sync 1 DAGs
[2021-09-16 09:03:38,794] {logging_mixin.py:109} INFO - [2021-09-16 09:03:38,794] {dag.py:2306} INFO - Setting next_dagrun for example_skip_dag to 2021-09-14 00:00:00+00:00
[2021-09-16 09:03:38,803] {processor.py:170} INFO - Processing /home/airflow/.local/lib/python3.8/site-packages/airflow/example_dags/example_skip_dag.py took 0.053 seconds
[2021-09-16 09:04:09,061] {processor.py:162} INFO - Started process (PID=732) to work on /home/airflow/.local/lib/python3.8/site-packages/airflow/example_dags/example_skip_dag.py
[2021-09-16 09:04:09,062] {processor.py:613} INFO - Processing file /home/airflow/.local/lib/python3.8/site-packages/airflow/example_dags/example_skip_dag.py for tasks to queue
[2021-09-16 09:04:09,064] {logging_mixin.py:109} INFO - [2021-09-16 09:04:09,064] {dagbag.py:496} INFO - Filling up the DagBag from /home/airflow/.local/lib/python3.8/site-packages/airflow/example_dags/example_skip_dag.py
[2021-09-16 09:04:09,075] {processor.py:623} INFO - DAG(s) dict_keys(['example_skip_dag']) retrieved from /home/airflow/.local/lib/python3.8/site-packages/airflow/example_dags/example_skip_dag.py
[2021-09-16 09:04:09,095] {logging_mixin.py:109} INFO - [2021-09-16 09:04:09,094] {dag.py:1833} INFO - Sync 1 DAGs
[2021-09-16 09:04:09,106] {logging_mixin.py:109} INFO - [2021-09-16 09:04:09,106] {dag.py:2306} INFO - Setting next_dagrun for example_skip_dag to 2021-09-14 00:00:00+00:00
[2021-09-16 09:04:09,115] {processor.py:170} INFO - Processing /home/airflow/.local/lib/python3.8/site-packages/airflow/example_dags/example_skip_dag.py took 0.057 seconds
[2021-09-16 09:04:39,299] {processor.py:162} INFO - Started process (PID=781) to work on /home/airflow/.local/lib/python3.8/site-packages/airflow/example_dags/example_skip_dag.py
[2021-09-16 09:04:39,300] {processor.py:613} INFO - Processing file /home/airflow/.local/lib/python3.8/site-packages/airflow/example_dags/example_skip_dag.py for tasks to queue
[2021-09-16 09:04:39,301] {logging_mixin.py:109} INFO - [2021-09-16 09:04:39,301] {dagbag.py:496} INFO - Filling up the DagBag from /home/airflow/.local/lib/python3.8/site-packages/airflow/example_dags/example_skip_dag.py
[2021-09-16 09:04:39,312] {processor.py:623} INFO - DAG(s) dict_keys(['example_skip_dag']) retrieved from /home/airflow/.local/lib/python3.8/site-packages/airflow/example_dags/example_skip_dag.py
[2021-09-16 09:04:39,331] {logging_mixin.py:109} INFO - [2021-09-16 09:04:39,331] {dag.py:1833} INFO - Sync 1 DAGs
[2021-09-16 09:04:39,343] {logging_mixin.py:109} INFO - [2021-09-16 09:04:39,342] {dag.py:2306} INFO - Setting next_dagrun for example_skip_dag to 2021-09-14 00:00:00+00:00
[2021-09-16 09:04:39,353] {processor.py:170} INFO - Processing /home/airflow/.local/lib/python3.8/site-packages/airflow/example_dags/example_skip_dag.py took 0.057 seconds
[2021-09-16 09:05:09,375] {processor.py:162} INFO - Started process (PID=837) to work on /home/airflow/.local/lib/python3.8/site-packages/airflow/example_dags/example_skip_dag.py
[2021-09-16 09:05:09,377] {processor.py:613} INFO - Processing file /home/airflow/.local/lib/python3.8/site-packages/airflow/example_dags/example_skip_dag.py for tasks to queue
[2021-09-16 09:05:09,378] {logging_mixin.py:109} INFO - [2021-09-16 09:05:09,378] {dagbag.py:496} INFO - Filling up the DagBag from /home/airflow/.local/lib/python3.8/site-packages/airflow/example_dags/example_skip_dag.py
[2021-09-16 09:05:09,389] {processor.py:623} INFO - DAG(s) dict_keys(['example_skip_dag']) retrieved from /home/airflow/.local/lib/python3.8/site-packages/airflow/example_dags/example_skip_dag.py
[2021-09-16 09:05:09,408] {logging_mixin.py:109} INFO - [2021-09-16 09:05:09,408] {dag.py:1833} INFO - Sync 1 DAGs
[2021-09-16 09:05:09,419] {logging_mixin.py:109} INFO - [2021-09-16 09:05:09,419] {dag.py:2306} INFO - Setting next_dagrun for example_skip_dag to 2021-09-14 00:00:00+00:00
[2021-09-16 09:05:09,428] {processor.py:170} INFO - Processing /home/airflow/.local/lib/python3.8/site-packages/airflow/example_dags/example_skip_dag.py took 0.056 seconds
[2021-09-16 09:05:39,903] {processor.py:162} INFO - Started process (PID=893) to work on /home/airflow/.local/lib/python3.8/site-packages/airflow/example_dags/example_skip_dag.py
[2021-09-16 09:05:39,904] {processor.py:613} INFO - Processing file /home/airflow/.local/lib/python3.8/site-packages/airflow/example_dags/example_skip_dag.py for tasks to queue
[2021-09-16 09:05:39,905] {logging_mixin.py:109} INFO - [2021-09-16 09:05:39,905] {dagbag.py:496} INFO - Filling up the DagBag from /home/airflow/.local/lib/python3.8/site-packages/airflow/example_dags/example_skip_dag.py
[2021-09-16 09:05:39,915] {processor.py:623} INFO - DAG(s) dict_keys(['example_skip_dag']) retrieved from /home/airflow/.local/lib/python3.8/site-packages/airflow/example_dags/example_skip_dag.py
[2021-09-16 09:05:39,933] {logging_mixin.py:109} INFO - [2021-09-16 09:05:39,933] {dag.py:1833} INFO - Sync 1 DAGs
[2021-09-16 09:05:39,944] {logging_mixin.py:109} INFO - [2021-09-16 09:05:39,944] {dag.py:2306} INFO - Setting next_dagrun for example_skip_dag to 2021-09-14 00:00:00+00:00
[2021-09-16 09:05:39,952] {processor.py:170} INFO - Processing /home/airflow/.local/lib/python3.8/site-packages/airflow/example_dags/example_skip_dag.py took 0.052 seconds
[2021-09-16 09:06:11,174] {processor.py:162} INFO - Started process (PID=940) to work on /home/airflow/.local/lib/python3.8/site-packages/airflow/example_dags/example_skip_dag.py
[2021-09-16 09:06:11,176] {processor.py:613} INFO - Processing file /home/airflow/.local/lib/python3.8/site-packages/airflow/example_dags/example_skip_dag.py for tasks to queue
[2021-09-16 09:06:11,177] {logging_mixin.py:109} INFO - [2021-09-16 09:06:11,177] {dagbag.py:496} INFO - Filling up the DagBag from /home/airflow/.local/lib/python3.8/site-packages/airflow/example_dags/example_skip_dag.py
[2021-09-16 09:06:11,186] {processor.py:623} INFO - DAG(s) dict_keys(['example_skip_dag']) retrieved from /home/airflow/.local/lib/python3.8/site-packages/airflow/example_dags/example_skip_dag.py
[2021-09-16 09:06:11,208] {logging_mixin.py:109} INFO - [2021-09-16 09:06:11,208] {dag.py:1833} INFO - Sync 1 DAGs
[2021-09-16 09:06:11,219] {logging_mixin.py:109} INFO - [2021-09-16 09:06:11,219] {dag.py:2306} INFO - Setting next_dagrun for example_skip_dag to 2021-09-14 00:00:00+00:00
[2021-09-16 09:06:11,227] {processor.py:170} INFO - Processing /home/airflow/.local/lib/python3.8/site-packages/airflow/example_dags/example_skip_dag.py took 0.056 seconds
[2021-09-16 09:06:42,349] {processor.py:162} INFO - Started process (PID=997) to work on /home/airflow/.local/lib/python3.8/site-packages/airflow/example_dags/example_skip_dag.py
[2021-09-16 09:06:42,351] {processor.py:613} INFO - Processing file /home/airflow/.local/lib/python3.8/site-packages/airflow/example_dags/example_skip_dag.py for tasks to queue
[2021-09-16 09:06:42,352] {logging_mixin.py:109} INFO - [2021-09-16 09:06:42,351] {dagbag.py:496} INFO - Filling up the DagBag from /home/airflow/.local/lib/python3.8/site-packages/airflow/example_dags/example_skip_dag.py
[2021-09-16 09:06:42,361] {processor.py:623} INFO - DAG(s) dict_keys(['example_skip_dag']) retrieved from /home/airflow/.local/lib/python3.8/site-packages/airflow/example_dags/example_skip_dag.py
[2021-09-16 09:06:42,377] {logging_mixin.py:109} INFO - [2021-09-16 09:06:42,377] {dag.py:1833} INFO - Sync 1 DAGs
[2021-09-16 09:06:42,388] {logging_mixin.py:109} INFO - [2021-09-16 09:06:42,388] {dag.py:2306} INFO - Setting next_dagrun for example_skip_dag to 2021-09-14 00:00:00+00:00
[2021-09-16 09:06:42,396] {processor.py:170} INFO - Processing /home/airflow/.local/lib/python3.8/site-packages/airflow/example_dags/example_skip_dag.py took 0.050 seconds
[2021-09-16 09:07:12,655] {processor.py:162} INFO - Started process (PID=1052) to work on /home/airflow/.local/lib/python3.8/site-packages/airflow/example_dags/example_skip_dag.py
[2021-09-16 09:07:12,656] {processor.py:613} INFO - Processing file /home/airflow/.local/lib/python3.8/site-packages/airflow/example_dags/example_skip_dag.py for tasks to queue
[2021-09-16 09:07:12,657] {logging_mixin.py:109} INFO - [2021-09-16 09:07:12,657] {dagbag.py:496} INFO - Filling up the DagBag from /home/airflow/.local/lib/python3.8/site-packages/airflow/example_dags/example_skip_dag.py
[2021-09-16 09:07:12,666] {processor.py:623} INFO - DAG(s) dict_keys(['example_skip_dag']) retrieved from /home/airflow/.local/lib/python3.8/site-packages/airflow/example_dags/example_skip_dag.py
[2021-09-16 09:07:12,684] {logging_mixin.py:109} INFO - [2021-09-16 09:07:12,684] {dag.py:1833} INFO - Sync 1 DAGs
[2021-09-16 09:07:12,695] {logging_mixin.py:109} INFO - [2021-09-16 09:07:12,695] {dag.py:2306} INFO - Setting next_dagrun for example_skip_dag to 2021-09-14 00:00:00+00:00
[2021-09-16 09:07:12,703] {processor.py:170} INFO - Processing /home/airflow/.local/lib/python3.8/site-packages/airflow/example_dags/example_skip_dag.py took 0.051 seconds
[2021-09-16 09:07:42,979] {processor.py:162} INFO - Started process (PID=1107) to work on /home/airflow/.local/lib/python3.8/site-packages/airflow/example_dags/example_skip_dag.py
[2021-09-16 09:07:42,981] {processor.py:613} INFO - Processing file /home/airflow/.local/lib/python3.8/site-packages/airflow/example_dags/example_skip_dag.py for tasks to queue
[2021-09-16 09:07:42,982] {logging_mixin.py:109} INFO - [2021-09-16 09:07:42,981] {dagbag.py:496} INFO - Filling up the DagBag from /home/airflow/.local/lib/python3.8/site-packages/airflow/example_dags/example_skip_dag.py
[2021-09-16 09:07:42,991] {processor.py:623} INFO - DAG(s) dict_keys(['example_skip_dag']) retrieved from /home/airflow/.local/lib/python3.8/site-packages/airflow/example_dags/example_skip_dag.py
[2021-09-16 09:07:43,044] {logging_mixin.py:109} INFO - [2021-09-16 09:07:43,044] {dag.py:1833} INFO - Sync 1 DAGs
[2021-09-16 09:07:43,069] {logging_mixin.py:109} INFO - [2021-09-16 09:07:43,069] {dag.py:2306} INFO - Setting next_dagrun for example_skip_dag to 2021-09-14 00:00:00+00:00
[2021-09-16 09:07:43,081] {processor.py:170} INFO - Processing /home/airflow/.local/lib/python3.8/site-packages/airflow/example_dags/example_skip_dag.py took 0.105 seconds
[2021-09-16 09:08:13,226] {processor.py:162} INFO - Started process (PID=1153) to work on /home/airflow/.local/lib/python3.8/site-packages/airflow/example_dags/example_skip_dag.py
[2021-09-16 09:08:13,227] {processor.py:613} INFO - Processing file /home/airflow/.local/lib/python3.8/site-packages/airflow/example_dags/example_skip_dag.py for tasks to queue
[2021-09-16 09:08:13,228] {logging_mixin.py:109} INFO - [2021-09-16 09:08:13,228] {dagbag.py:496} INFO - Filling up the DagBag from /home/airflow/.local/lib/python3.8/site-packages/airflow/example_dags/example_skip_dag.py
[2021-09-16 09:08:13,237] {processor.py:623} INFO - DAG(s) dict_keys(['example_skip_dag']) retrieved from /home/airflow/.local/lib/python3.8/site-packages/airflow/example_dags/example_skip_dag.py
[2021-09-16 09:08:13,257] {logging_mixin.py:109} INFO - [2021-09-16 09:08:13,257] {dag.py:1833} INFO - Sync 1 DAGs
[2021-09-16 09:08:13,269] {logging_mixin.py:109} INFO - [2021-09-16 09:08:13,268] {dag.py:2306} INFO - Setting next_dagrun for example_skip_dag to 2021-09-14 00:00:00+00:00
[2021-09-16 09:08:13,277] {processor.py:170} INFO - Processing /home/airflow/.local/lib/python3.8/site-packages/airflow/example_dags/example_skip_dag.py took 0.053 seconds
[2021-09-16 09:08:43,867] {processor.py:162} INFO - Started process (PID=1212) to work on /home/airflow/.local/lib/python3.8/site-packages/airflow/example_dags/example_skip_dag.py
[2021-09-16 09:08:43,868] {processor.py:613} INFO - Processing file /home/airflow/.local/lib/python3.8/site-packages/airflow/example_dags/example_skip_dag.py for tasks to queue
[2021-09-16 09:08:43,869] {logging_mixin.py:109} INFO - [2021-09-16 09:08:43,869] {dagbag.py:496} INFO - Filling up the DagBag from /home/airflow/.local/lib/python3.8/site-packages/airflow/example_dags/example_skip_dag.py
[2021-09-16 09:08:43,879] {processor.py:623} INFO - DAG(s) dict_keys(['example_skip_dag']) retrieved from /home/airflow/.local/lib/python3.8/site-packages/airflow/example_dags/example_skip_dag.py
[2021-09-16 09:08:43,896] {logging_mixin.py:109} INFO - [2021-09-16 09:08:43,896] {dag.py:1833} INFO - Sync 1 DAGs
[2021-09-16 09:08:43,907] {logging_mixin.py:109} INFO - [2021-09-16 09:08:43,907] {dag.py:2306} INFO - Setting next_dagrun for example_skip_dag to 2021-09-14 00:00:00+00:00
[2021-09-16 09:08:43,915] {processor.py:170} INFO - Processing /home/airflow/.local/lib/python3.8/site-packages/airflow/example_dags/example_skip_dag.py took 0.051 seconds
[2021-09-16 09:09:14,261] {processor.py:162} INFO - Started process (PID=1267) to work on /home/airflow/.local/lib/python3.8/site-packages/airflow/example_dags/example_skip_dag.py
[2021-09-16 09:09:14,262] {processor.py:613} INFO - Processing file /home/airflow/.local/lib/python3.8/site-packages/airflow/example_dags/example_skip_dag.py for tasks to queue
[2021-09-16 09:09:14,263] {logging_mixin.py:109} INFO - [2021-09-16 09:09:14,263] {dagbag.py:496} INFO - Filling up the DagBag from /home/airflow/.local/lib/python3.8/site-packages/airflow/example_dags/example_skip_dag.py
[2021-09-16 09:09:14,272] {processor.py:623} INFO - DAG(s) dict_keys(['example_skip_dag']) retrieved from /home/airflow/.local/lib/python3.8/site-packages/airflow/example_dags/example_skip_dag.py
[2021-09-16 09:09:14,289] {logging_mixin.py:109} INFO - [2021-09-16 09:09:14,289] {dag.py:1833} INFO - Sync 1 DAGs
[2021-09-16 09:09:14,300] {logging_mixin.py:109} INFO - [2021-09-16 09:09:14,300] {dag.py:2306} INFO - Setting next_dagrun for example_skip_dag to 2021-09-14 00:00:00+00:00
[2021-09-16 09:09:14,309] {processor.py:170} INFO - Processing /home/airflow/.local/lib/python3.8/site-packages/airflow/example_dags/example_skip_dag.py took 0.051 seconds
[2021-09-16 09:09:44,670] {processor.py:162} INFO - Started process (PID=1323) to work on /home/airflow/.local/lib/python3.8/site-packages/airflow/example_dags/example_skip_dag.py
[2021-09-16 09:09:44,672] {processor.py:613} INFO - Processing file /home/airflow/.local/lib/python3.8/site-packages/airflow/example_dags/example_skip_dag.py for tasks to queue
[2021-09-16 09:09:44,673] {logging_mixin.py:109} INFO - [2021-09-16 09:09:44,673] {dagbag.py:496} INFO - Filling up the DagBag from /home/airflow/.local/lib/python3.8/site-packages/airflow/example_dags/example_skip_dag.py
[2021-09-16 09:09:44,682] {processor.py:623} INFO - DAG(s) dict_keys(['example_skip_dag']) retrieved from /home/airflow/.local/lib/python3.8/site-packages/airflow/example_dags/example_skip_dag.py
[2021-09-16 09:09:44,700] {logging_mixin.py:109} INFO - [2021-09-16 09:09:44,699] {dag.py:1833} INFO - Sync 1 DAGs
[2021-09-16 09:09:44,710] {logging_mixin.py:109} INFO - [2021-09-16 09:09:44,710] {dag.py:2306} INFO - Setting next_dagrun for example_skip_dag to 2021-09-14 00:00:00+00:00
[2021-09-16 09:09:44,718] {processor.py:170} INFO - Processing /home/airflow/.local/lib/python3.8/site-packages/airflow/example_dags/example_skip_dag.py took 0.050 seconds
[2021-09-16 09:10:15,059] {processor.py:162} INFO - Started process (PID=1371) to work on /home/airflow/.local/lib/python3.8/site-packages/airflow/example_dags/example_skip_dag.py
[2021-09-16 09:10:15,060] {processor.py:613} INFO - Processing file /home/airflow/.local/lib/python3.8/site-packages/airflow/example_dags/example_skip_dag.py for tasks to queue
[2021-09-16 09:10:15,061] {logging_mixin.py:109} INFO - [2021-09-16 09:10:15,061] {dagbag.py:496} INFO - Filling up the DagBag from /home/airflow/.local/lib/python3.8/site-packages/airflow/example_dags/example_skip_dag.py
[2021-09-16 09:10:15,071] {processor.py:623} INFO - DAG(s) dict_keys(['example_skip_dag']) retrieved from /home/airflow/.local/lib/python3.8/site-packages/airflow/example_dags/example_skip_dag.py
[2021-09-16 09:10:15,089] {logging_mixin.py:109} INFO - [2021-09-16 09:10:15,089] {dag.py:1833} INFO - Sync 1 DAGs
[2021-09-16 09:10:15,102] {logging_mixin.py:109} INFO - [2021-09-16 09:10:15,102] {dag.py:2306} INFO - Setting next_dagrun for example_skip_dag to 2021-09-14 00:00:00+00:00
[2021-09-16 09:10:15,113] {processor.py:170} INFO - Processing /home/airflow/.local/lib/python3.8/site-packages/airflow/example_dags/example_skip_dag.py took 0.057 seconds
[2021-09-16 09:10:45,589] {processor.py:162} INFO - Started process (PID=1426) to work on /home/airflow/.local/lib/python3.8/site-packages/airflow/example_dags/example_skip_dag.py
[2021-09-16 09:10:45,591] {processor.py:613} INFO - Processing file /home/airflow/.local/lib/python3.8/site-packages/airflow/example_dags/example_skip_dag.py for tasks to queue
[2021-09-16 09:10:45,592] {logging_mixin.py:109} INFO - [2021-09-16 09:10:45,592] {dagbag.py:496} INFO - Filling up the DagBag from /home/airflow/.local/lib/python3.8/site-packages/airflow/example_dags/example_skip_dag.py
[2021-09-16 09:10:45,603] {processor.py:623} INFO - DAG(s) dict_keys(['example_skip_dag']) retrieved from /home/airflow/.local/lib/python3.8/site-packages/airflow/example_dags/example_skip_dag.py
[2021-09-16 09:10:45,624] {logging_mixin.py:109} INFO - [2021-09-16 09:10:45,624] {dag.py:1833} INFO - Sync 1 DAGs
[2021-09-16 09:10:45,637] {logging_mixin.py:109} INFO - [2021-09-16 09:10:45,637] {dag.py:2306} INFO - Setting next_dagrun for example_skip_dag to 2021-09-14 00:00:00+00:00
[2021-09-16 09:10:45,649] {processor.py:170} INFO - Processing /home/airflow/.local/lib/python3.8/site-packages/airflow/example_dags/example_skip_dag.py took 0.064 seconds
[2021-09-16 09:11:16,173] {processor.py:162} INFO - Started process (PID=1483) to work on /home/airflow/.local/lib/python3.8/site-packages/airflow/example_dags/example_skip_dag.py
[2021-09-16 09:11:16,175] {processor.py:613} INFO - Processing file /home/airflow/.local/lib/python3.8/site-packages/airflow/example_dags/example_skip_dag.py for tasks to queue
[2021-09-16 09:11:16,176] {logging_mixin.py:109} INFO - [2021-09-16 09:11:16,176] {dagbag.py:496} INFO - Filling up the DagBag from /home/airflow/.local/lib/python3.8/site-packages/airflow/example_dags/example_skip_dag.py
[2021-09-16 09:11:16,187] {processor.py:623} INFO - DAG(s) dict_keys(['example_skip_dag']) retrieved from /home/airflow/.local/lib/python3.8/site-packages/airflow/example_dags/example_skip_dag.py
[2021-09-16 09:11:16,208] {logging_mixin.py:109} INFO - [2021-09-16 09:11:16,208] {dag.py:1833} INFO - Sync 1 DAGs
[2021-09-16 09:11:16,223] {logging_mixin.py:109} INFO - [2021-09-16 09:11:16,223] {dag.py:2306} INFO - Setting next_dagrun for example_skip_dag to 2021-09-14 00:00:00+00:00
[2021-09-16 09:11:16,231] {processor.py:170} INFO - Processing /home/airflow/.local/lib/python3.8/site-packages/airflow/example_dags/example_skip_dag.py took 0.061 seconds
[2021-09-16 09:11:46,598] {processor.py:162} INFO - Started process (PID=1531) to work on /home/airflow/.local/lib/python3.8/site-packages/airflow/example_dags/example_skip_dag.py
[2021-09-16 09:11:46,601] {processor.py:613} INFO - Processing file /home/airflow/.local/lib/python3.8/site-packages/airflow/example_dags/example_skip_dag.py for tasks to queue
[2021-09-16 09:11:46,602] {logging_mixin.py:109} INFO - [2021-09-16 09:11:46,602] {dagbag.py:496} INFO - Filling up the DagBag from /home/airflow/.local/lib/python3.8/site-packages/airflow/example_dags/example_skip_dag.py
[2021-09-16 09:11:46,611] {processor.py:623} INFO - DAG(s) dict_keys(['example_skip_dag']) retrieved from /home/airflow/.local/lib/python3.8/site-packages/airflow/example_dags/example_skip_dag.py
[2021-09-16 09:11:46,631] {logging_mixin.py:109} INFO - [2021-09-16 09:11:46,631] {dag.py:1833} INFO - Sync 1 DAGs
[2021-09-16 09:11:46,641] {logging_mixin.py:109} INFO - [2021-09-16 09:11:46,641] {dag.py:2306} INFO - Setting next_dagrun for example_skip_dag to 2021-09-14 00:00:00+00:00
[2021-09-16 09:11:46,650] {processor.py:170} INFO - Processing /home/airflow/.local/lib/python3.8/site-packages/airflow/example_dags/example_skip_dag.py took 0.055 seconds
[2021-09-16 09:12:17,160] {processor.py:162} INFO - Started process (PID=1586) to work on /home/airflow/.local/lib/python3.8/site-packages/airflow/example_dags/example_skip_dag.py
[2021-09-16 09:12:17,161] {processor.py:613} INFO - Processing file /home/airflow/.local/lib/python3.8/site-packages/airflow/example_dags/example_skip_dag.py for tasks to queue
[2021-09-16 09:12:17,162] {logging_mixin.py:109} INFO - [2021-09-16 09:12:17,162] {dagbag.py:496} INFO - Filling up the DagBag from /home/airflow/.local/lib/python3.8/site-packages/airflow/example_dags/example_skip_dag.py
[2021-09-16 09:12:17,172] {processor.py:623} INFO - DAG(s) dict_keys(['example_skip_dag']) retrieved from /home/airflow/.local/lib/python3.8/site-packages/airflow/example_dags/example_skip_dag.py
[2021-09-16 09:12:17,191] {logging_mixin.py:109} INFO - [2021-09-16 09:12:17,191] {dag.py:1833} INFO - Sync 1 DAGs
[2021-09-16 09:12:17,202] {logging_mixin.py:109} INFO - [2021-09-16 09:12:17,202] {dag.py:2306} INFO - Setting next_dagrun for example_skip_dag to 2021-09-14 00:00:00+00:00
[2021-09-16 09:12:17,210] {processor.py:170} INFO - Processing /home/airflow/.local/lib/python3.8/site-packages/airflow/example_dags/example_skip_dag.py took 0.053 seconds
[2021-09-16 09:12:47,608] {processor.py:162} INFO - Started process (PID=1642) to work on /home/airflow/.local/lib/python3.8/site-packages/airflow/example_dags/example_skip_dag.py
[2021-09-16 09:12:47,609] {processor.py:613} INFO - Processing file /home/airflow/.local/lib/python3.8/site-packages/airflow/example_dags/example_skip_dag.py for tasks to queue
[2021-09-16 09:12:47,610] {logging_mixin.py:109} INFO - [2021-09-16 09:12:47,610] {dagbag.py:496} INFO - Filling up the DagBag from /home/airflow/.local/lib/python3.8/site-packages/airflow/example_dags/example_skip_dag.py
[2021-09-16 09:12:47,619] {processor.py:623} INFO - DAG(s) dict_keys(['example_skip_dag']) retrieved from /home/airflow/.local/lib/python3.8/site-packages/airflow/example_dags/example_skip_dag.py
[2021-09-16 09:12:47,639] {logging_mixin.py:109} INFO - [2021-09-16 09:12:47,639] {dag.py:1833} INFO - Sync 1 DAGs
[2021-09-16 09:12:47,650] {logging_mixin.py:109} INFO - [2021-09-16 09:12:47,650] {dag.py:2306} INFO - Setting next_dagrun for example_skip_dag to 2021-09-14 00:00:00+00:00
[2021-09-16 09:12:47,659] {processor.py:170} INFO - Processing /home/airflow/.local/lib/python3.8/site-packages/airflow/example_dags/example_skip_dag.py took 0.054 seconds
[2021-09-16 09:13:18,025] {processor.py:162} INFO - Started process (PID=1698) to work on /home/airflow/.local/lib/python3.8/site-packages/airflow/example_dags/example_skip_dag.py
[2021-09-16 09:13:18,027] {processor.py:613} INFO - Processing file /home/airflow/.local/lib/python3.8/site-packages/airflow/example_dags/example_skip_dag.py for tasks to queue
[2021-09-16 09:13:18,028] {logging_mixin.py:109} INFO - [2021-09-16 09:13:18,028] {dagbag.py:496} INFO - Filling up the DagBag from /home/airflow/.local/lib/python3.8/site-packages/airflow/example_dags/example_skip_dag.py
[2021-09-16 09:13:18,038] {processor.py:623} INFO - DAG(s) dict_keys(['example_skip_dag']) retrieved from /home/airflow/.local/lib/python3.8/site-packages/airflow/example_dags/example_skip_dag.py
[2021-09-16 09:13:18,057] {logging_mixin.py:109} INFO - [2021-09-16 09:13:18,057] {dag.py:1833} INFO - Sync 1 DAGs
[2021-09-16 09:13:18,070] {logging_mixin.py:109} INFO - [2021-09-16 09:13:18,070] {dag.py:2306} INFO - Setting next_dagrun for example_skip_dag to 2021-09-14 00:00:00+00:00
[2021-09-16 09:13:18,078] {processor.py:170} INFO - Processing /home/airflow/.local/lib/python3.8/site-packages/airflow/example_dags/example_skip_dag.py took 0.056 seconds
[2021-09-16 09:13:48,271] {processor.py:162} INFO - Started process (PID=1746) to work on /home/airflow/.local/lib/python3.8/site-packages/airflow/example_dags/example_skip_dag.py
[2021-09-16 09:13:48,272] {processor.py:613} INFO - Processing file /home/airflow/.local/lib/python3.8/site-packages/airflow/example_dags/example_skip_dag.py for tasks to queue
[2021-09-16 09:13:48,273] {logging_mixin.py:109} INFO - [2021-09-16 09:13:48,273] {dagbag.py:496} INFO - Filling up the DagBag from /home/airflow/.local/lib/python3.8/site-packages/airflow/example_dags/example_skip_dag.py
[2021-09-16 09:13:48,282] {processor.py:623} INFO - DAG(s) dict_keys(['example_skip_dag']) retrieved from /home/airflow/.local/lib/python3.8/site-packages/airflow/example_dags/example_skip_dag.py
[2021-09-16 09:13:48,301] {logging_mixin.py:109} INFO - [2021-09-16 09:13:48,301] {dag.py:1833} INFO - Sync 1 DAGs
[2021-09-16 09:13:48,312] {logging_mixin.py:109} INFO - [2021-09-16 09:13:48,312] {dag.py:2306} INFO - Setting next_dagrun for example_skip_dag to 2021-09-14 00:00:00+00:00
[2021-09-16 09:13:48,322] {processor.py:170} INFO - Processing /home/airflow/.local/lib/python3.8/site-packages/airflow/example_dags/example_skip_dag.py took 0.054 seconds
[2021-09-16 09:14:18,365] {processor.py:162} INFO - Started process (PID=1800) to work on /home/airflow/.local/lib/python3.8/site-packages/airflow/example_dags/example_skip_dag.py
[2021-09-16 09:14:18,366] {processor.py:613} INFO - Processing file /home/airflow/.local/lib/python3.8/site-packages/airflow/example_dags/example_skip_dag.py for tasks to queue
[2021-09-16 09:14:18,367] {logging_mixin.py:109} INFO - [2021-09-16 09:14:18,367] {dagbag.py:496} INFO - Filling up the DagBag from /home/airflow/.local/lib/python3.8/site-packages/airflow/example_dags/example_skip_dag.py
[2021-09-16 09:14:18,376] {processor.py:623} INFO - DAG(s) dict_keys(['example_skip_dag']) retrieved from /home/airflow/.local/lib/python3.8/site-packages/airflow/example_dags/example_skip_dag.py
[2021-09-16 09:14:18,394] {logging_mixin.py:109} INFO - [2021-09-16 09:14:18,394] {dag.py:1833} INFO - Sync 1 DAGs
[2021-09-16 09:14:18,406] {logging_mixin.py:109} INFO - [2021-09-16 09:14:18,406] {dag.py:2306} INFO - Setting next_dagrun for example_skip_dag to 2021-09-14 00:00:00+00:00
[2021-09-16 09:14:18,416] {processor.py:170} INFO - Processing /home/airflow/.local/lib/python3.8/site-packages/airflow/example_dags/example_skip_dag.py took 0.054 seconds
[2021-09-16 09:14:48,679] {processor.py:162} INFO - Started process (PID=1855) to work on /home/airflow/.local/lib/python3.8/site-packages/airflow/example_dags/example_skip_dag.py
[2021-09-16 09:14:48,680] {processor.py:613} INFO - Processing file /home/airflow/.local/lib/python3.8/site-packages/airflow/example_dags/example_skip_dag.py for tasks to queue
[2021-09-16 09:14:48,681] {logging_mixin.py:109} INFO - [2021-09-16 09:14:48,681] {dagbag.py:496} INFO - Filling up the DagBag from /home/airflow/.local/lib/python3.8/site-packages/airflow/example_dags/example_skip_dag.py
[2021-09-16 09:14:48,691] {processor.py:623} INFO - DAG(s) dict_keys(['example_skip_dag']) retrieved from /home/airflow/.local/lib/python3.8/site-packages/airflow/example_dags/example_skip_dag.py
[2021-09-16 09:14:48,710] {logging_mixin.py:109} INFO - [2021-09-16 09:14:48,710] {dag.py:1833} INFO - Sync 1 DAGs
[2021-09-16 09:14:48,722] {logging_mixin.py:109} INFO - [2021-09-16 09:14:48,722] {dag.py:2306} INFO - Setting next_dagrun for example_skip_dag to 2021-09-14 00:00:00+00:00
[2021-09-16 09:14:48,731] {processor.py:170} INFO - Processing /home/airflow/.local/lib/python3.8/site-packages/airflow/example_dags/example_skip_dag.py took 0.055 seconds
[2021-09-16 09:15:18,767] {processor.py:162} INFO - Started process (PID=1902) to work on /home/airflow/.local/lib/python3.8/site-packages/airflow/example_dags/example_skip_dag.py
[2021-09-16 09:15:18,769] {processor.py:613} INFO - Processing file /home/airflow/.local/lib/python3.8/site-packages/airflow/example_dags/example_skip_dag.py for tasks to queue
[2021-09-16 09:15:18,771] {logging_mixin.py:109} INFO - [2021-09-16 09:15:18,771] {dagbag.py:496} INFO - Filling up the DagBag from /home/airflow/.local/lib/python3.8/site-packages/airflow/example_dags/example_skip_dag.py
[2021-09-16 09:15:18,781] {processor.py:623} INFO - DAG(s) dict_keys(['example_skip_dag']) retrieved from /home/airflow/.local/lib/python3.8/site-packages/airflow/example_dags/example_skip_dag.py
[2021-09-16 09:15:18,803] {logging_mixin.py:109} INFO - [2021-09-16 09:15:18,803] {dag.py:1833} INFO - Sync 1 DAGs
[2021-09-16 09:15:18,817] {logging_mixin.py:109} INFO - [2021-09-16 09:15:18,817] {dag.py:2306} INFO - Setting next_dagrun for example_skip_dag to 2021-09-14 00:00:00+00:00
[2021-09-16 09:15:18,827] {processor.py:170} INFO - Processing /home/airflow/.local/lib/python3.8/site-packages/airflow/example_dags/example_skip_dag.py took 0.063 seconds
[2021-09-16 09:15:49,147] {processor.py:162} INFO - Started process (PID=1958) to work on /home/airflow/.local/lib/python3.8/site-packages/airflow/example_dags/example_skip_dag.py
[2021-09-16 09:15:49,149] {processor.py:613} INFO - Processing file /home/airflow/.local/lib/python3.8/site-packages/airflow/example_dags/example_skip_dag.py for tasks to queue
[2021-09-16 09:15:49,150] {logging_mixin.py:109} INFO - [2021-09-16 09:15:49,150] {dagbag.py:496} INFO - Filling up the DagBag from /home/airflow/.local/lib/python3.8/site-packages/airflow/example_dags/example_skip_dag.py
[2021-09-16 09:15:49,161] {processor.py:623} INFO - DAG(s) dict_keys(['example_skip_dag']) retrieved from /home/airflow/.local/lib/python3.8/site-packages/airflow/example_dags/example_skip_dag.py
[2021-09-16 09:15:49,181] {logging_mixin.py:109} INFO - [2021-09-16 09:15:49,181] {dag.py:1833} INFO - Sync 1 DAGs
[2021-09-16 09:15:49,192] {logging_mixin.py:109} INFO - [2021-09-16 09:15:49,192] {dag.py:2306} INFO - Setting next_dagrun for example_skip_dag to 2021-09-14 00:00:00+00:00
[2021-09-16 09:15:49,201] {processor.py:170} INFO - Processing /home/airflow/.local/lib/python3.8/site-packages/airflow/example_dags/example_skip_dag.py took 0.058 seconds
