[2021-09-16 08:37:54,411] {processor.py:162} INFO - Started process (PID=210) to work on /home/airflow/.local/lib/python3.8/site-packages/airflow/example_dags/example_nested_branch_dag.py
[2021-09-16 08:37:54,412] {processor.py:613} INFO - Processing file /home/airflow/.local/lib/python3.8/site-packages/airflow/example_dags/example_nested_branch_dag.py for tasks to queue
[2021-09-16 08:37:54,413] {logging_mixin.py:109} INFO - [2021-09-16 08:37:54,413] {dagbag.py:496} INFO - Filling up the DagBag from /home/airflow/.local/lib/python3.8/site-packages/airflow/example_dags/example_nested_branch_dag.py
[2021-09-16 08:37:54,426] {processor.py:623} INFO - DAG(s) dict_keys(['example_nested_branch_dag']) retrieved from /home/airflow/.local/lib/python3.8/site-packages/airflow/example_dags/example_nested_branch_dag.py
[2021-09-16 08:37:56,008] {logging_mixin.py:109} INFO - [2021-09-16 08:37:56,007] {dag.py:1833} INFO - Sync 1 DAGs
[2021-09-16 08:37:56,013] {logging_mixin.py:109} INFO - [2021-09-16 08:37:56,013] {dag.py:1852} INFO - Creating ORM DAG for example_nested_branch_dag
[2021-09-16 08:37:56,019] {logging_mixin.py:109} INFO - [2021-09-16 08:37:56,019] {dag.py:2306} INFO - Setting next_dagrun for example_nested_branch_dag to 2021-09-14 00:00:00+00:00
[2021-09-16 08:37:56,029] {processor.py:170} INFO - Processing /home/airflow/.local/lib/python3.8/site-packages/airflow/example_dags/example_nested_branch_dag.py took 1.622 seconds
[2021-09-16 08:38:26,633] {processor.py:162} INFO - Started process (PID=356) to work on /home/airflow/.local/lib/python3.8/site-packages/airflow/example_dags/example_nested_branch_dag.py
[2021-09-16 08:38:26,635] {processor.py:613} INFO - Processing file /home/airflow/.local/lib/python3.8/site-packages/airflow/example_dags/example_nested_branch_dag.py for tasks to queue
[2021-09-16 08:38:26,636] {logging_mixin.py:109} INFO - [2021-09-16 08:38:26,636] {dagbag.py:496} INFO - Filling up the DagBag from /home/airflow/.local/lib/python3.8/site-packages/airflow/example_dags/example_nested_branch_dag.py
[2021-09-16 08:38:26,655] {processor.py:623} INFO - DAG(s) dict_keys(['example_nested_branch_dag']) retrieved from /home/airflow/.local/lib/python3.8/site-packages/airflow/example_dags/example_nested_branch_dag.py
[2021-09-16 08:38:26,678] {logging_mixin.py:109} INFO - [2021-09-16 08:38:26,678] {dag.py:1833} INFO - Sync 1 DAGs
[2021-09-16 08:38:26,694] {logging_mixin.py:109} INFO - [2021-09-16 08:38:26,694] {dag.py:2306} INFO - Setting next_dagrun for example_nested_branch_dag to 2021-09-14 00:00:00+00:00
[2021-09-16 08:38:26,784] {processor.py:170} INFO - Processing /home/airflow/.local/lib/python3.8/site-packages/airflow/example_dags/example_nested_branch_dag.py took 0.154 seconds
[2021-09-16 08:38:57,012] {processor.py:162} INFO - Started process (PID=404) to work on /home/airflow/.local/lib/python3.8/site-packages/airflow/example_dags/example_nested_branch_dag.py
[2021-09-16 08:38:57,013] {processor.py:613} INFO - Processing file /home/airflow/.local/lib/python3.8/site-packages/airflow/example_dags/example_nested_branch_dag.py for tasks to queue
[2021-09-16 08:38:57,015] {logging_mixin.py:109} INFO - [2021-09-16 08:38:57,015] {dagbag.py:496} INFO - Filling up the DagBag from /home/airflow/.local/lib/python3.8/site-packages/airflow/example_dags/example_nested_branch_dag.py
[2021-09-16 08:38:57,029] {processor.py:623} INFO - DAG(s) dict_keys(['example_nested_branch_dag']) retrieved from /home/airflow/.local/lib/python3.8/site-packages/airflow/example_dags/example_nested_branch_dag.py
[2021-09-16 08:38:57,052] {logging_mixin.py:109} INFO - [2021-09-16 08:38:57,052] {dag.py:1833} INFO - Sync 1 DAGs
[2021-09-16 08:38:57,066] {logging_mixin.py:109} INFO - [2021-09-16 08:38:57,066] {dag.py:2306} INFO - Setting next_dagrun for example_nested_branch_dag to 2021-09-14 00:00:00+00:00
[2021-09-16 08:38:57,078] {processor.py:170} INFO - Processing /home/airflow/.local/lib/python3.8/site-packages/airflow/example_dags/example_nested_branch_dag.py took 0.070 seconds
[2021-09-16 08:39:27,146] {processor.py:162} INFO - Started process (PID=460) to work on /home/airflow/.local/lib/python3.8/site-packages/airflow/example_dags/example_nested_branch_dag.py
[2021-09-16 08:39:27,148] {processor.py:613} INFO - Processing file /home/airflow/.local/lib/python3.8/site-packages/airflow/example_dags/example_nested_branch_dag.py for tasks to queue
[2021-09-16 08:39:27,149] {logging_mixin.py:109} INFO - [2021-09-16 08:39:27,149] {dagbag.py:496} INFO - Filling up the DagBag from /home/airflow/.local/lib/python3.8/site-packages/airflow/example_dags/example_nested_branch_dag.py
[2021-09-16 08:39:27,164] {processor.py:623} INFO - DAG(s) dict_keys(['example_nested_branch_dag']) retrieved from /home/airflow/.local/lib/python3.8/site-packages/airflow/example_dags/example_nested_branch_dag.py
[2021-09-16 08:39:27,190] {logging_mixin.py:109} INFO - [2021-09-16 08:39:27,190] {dag.py:1833} INFO - Sync 1 DAGs
[2021-09-16 08:39:27,209] {logging_mixin.py:109} INFO - [2021-09-16 08:39:27,209] {dag.py:2306} INFO - Setting next_dagrun for example_nested_branch_dag to 2021-09-14 00:00:00+00:00
[2021-09-16 08:39:27,220] {processor.py:170} INFO - Processing /home/airflow/.local/lib/python3.8/site-packages/airflow/example_dags/example_nested_branch_dag.py took 0.078 seconds
[2021-09-16 08:39:57,401] {processor.py:162} INFO - Started process (PID=519) to work on /home/airflow/.local/lib/python3.8/site-packages/airflow/example_dags/example_nested_branch_dag.py
[2021-09-16 08:39:57,404] {processor.py:613} INFO - Processing file /home/airflow/.local/lib/python3.8/site-packages/airflow/example_dags/example_nested_branch_dag.py for tasks to queue
[2021-09-16 08:39:57,405] {logging_mixin.py:109} INFO - [2021-09-16 08:39:57,405] {dagbag.py:496} INFO - Filling up the DagBag from /home/airflow/.local/lib/python3.8/site-packages/airflow/example_dags/example_nested_branch_dag.py
[2021-09-16 08:39:57,425] {processor.py:623} INFO - DAG(s) dict_keys(['example_nested_branch_dag']) retrieved from /home/airflow/.local/lib/python3.8/site-packages/airflow/example_dags/example_nested_branch_dag.py
[2021-09-16 08:39:57,455] {logging_mixin.py:109} INFO - [2021-09-16 08:39:57,455] {dag.py:1833} INFO - Sync 1 DAGs
[2021-09-16 08:39:57,476] {logging_mixin.py:109} INFO - [2021-09-16 08:39:57,476] {dag.py:2306} INFO - Setting next_dagrun for example_nested_branch_dag to 2021-09-14 00:00:00+00:00
[2021-09-16 08:39:57,491] {processor.py:170} INFO - Processing /home/airflow/.local/lib/python3.8/site-packages/airflow/example_dags/example_nested_branch_dag.py took 0.094 seconds
[2021-09-16 09:00:03,338] {processor.py:162} INFO - Started process (PID=204) to work on /home/airflow/.local/lib/python3.8/site-packages/airflow/example_dags/example_nested_branch_dag.py
[2021-09-16 09:00:03,340] {processor.py:613} INFO - Processing file /home/airflow/.local/lib/python3.8/site-packages/airflow/example_dags/example_nested_branch_dag.py for tasks to queue
[2021-09-16 09:00:03,341] {logging_mixin.py:109} INFO - [2021-09-16 09:00:03,341] {dagbag.py:496} INFO - Filling up the DagBag from /home/airflow/.local/lib/python3.8/site-packages/airflow/example_dags/example_nested_branch_dag.py
[2021-09-16 09:00:03,355] {processor.py:623} INFO - DAG(s) dict_keys(['example_nested_branch_dag']) retrieved from /home/airflow/.local/lib/python3.8/site-packages/airflow/example_dags/example_nested_branch_dag.py
[2021-09-16 09:00:04,792] {logging_mixin.py:109} INFO - [2021-09-16 09:00:04,792] {dag.py:1833} INFO - Sync 1 DAGs
[2021-09-16 09:00:04,797] {logging_mixin.py:109} INFO - [2021-09-16 09:00:04,797] {dag.py:1852} INFO - Creating ORM DAG for example_nested_branch_dag
[2021-09-16 09:00:04,803] {logging_mixin.py:109} INFO - [2021-09-16 09:00:04,803] {dag.py:2306} INFO - Setting next_dagrun for example_nested_branch_dag to 2021-09-14 00:00:00+00:00
[2021-09-16 09:00:04,811] {processor.py:170} INFO - Processing /home/airflow/.local/lib/python3.8/site-packages/airflow/example_dags/example_nested_branch_dag.py took 1.475 seconds
[2021-09-16 09:00:34,885] {processor.py:162} INFO - Started process (PID=355) to work on /home/airflow/.local/lib/python3.8/site-packages/airflow/example_dags/example_nested_branch_dag.py
[2021-09-16 09:00:34,887] {processor.py:613} INFO - Processing file /home/airflow/.local/lib/python3.8/site-packages/airflow/example_dags/example_nested_branch_dag.py for tasks to queue
[2021-09-16 09:00:34,887] {logging_mixin.py:109} INFO - [2021-09-16 09:00:34,887] {dagbag.py:496} INFO - Filling up the DagBag from /home/airflow/.local/lib/python3.8/site-packages/airflow/example_dags/example_nested_branch_dag.py
[2021-09-16 09:00:34,900] {processor.py:623} INFO - DAG(s) dict_keys(['example_nested_branch_dag']) retrieved from /home/airflow/.local/lib/python3.8/site-packages/airflow/example_dags/example_nested_branch_dag.py
[2021-09-16 09:00:34,917] {logging_mixin.py:109} INFO - [2021-09-16 09:00:34,917] {dag.py:1833} INFO - Sync 1 DAGs
[2021-09-16 09:00:34,930] {logging_mixin.py:109} INFO - [2021-09-16 09:00:34,930] {dag.py:2306} INFO - Setting next_dagrun for example_nested_branch_dag to 2021-09-14 00:00:00+00:00
[2021-09-16 09:00:34,939] {processor.py:170} INFO - Processing /home/airflow/.local/lib/python3.8/site-packages/airflow/example_dags/example_nested_branch_dag.py took 0.056 seconds
[2021-09-16 09:01:04,977] {processor.py:162} INFO - Started process (PID=403) to work on /home/airflow/.local/lib/python3.8/site-packages/airflow/example_dags/example_nested_branch_dag.py
[2021-09-16 09:01:04,978] {processor.py:613} INFO - Processing file /home/airflow/.local/lib/python3.8/site-packages/airflow/example_dags/example_nested_branch_dag.py for tasks to queue
[2021-09-16 09:01:04,980] {logging_mixin.py:109} INFO - [2021-09-16 09:01:04,980] {dagbag.py:496} INFO - Filling up the DagBag from /home/airflow/.local/lib/python3.8/site-packages/airflow/example_dags/example_nested_branch_dag.py
[2021-09-16 09:01:04,992] {processor.py:623} INFO - DAG(s) dict_keys(['example_nested_branch_dag']) retrieved from /home/airflow/.local/lib/python3.8/site-packages/airflow/example_dags/example_nested_branch_dag.py
[2021-09-16 09:01:05,013] {logging_mixin.py:109} INFO - [2021-09-16 09:01:05,013] {dag.py:1833} INFO - Sync 1 DAGs
[2021-09-16 09:01:05,028] {logging_mixin.py:109} INFO - [2021-09-16 09:01:05,028] {dag.py:2306} INFO - Setting next_dagrun for example_nested_branch_dag to 2021-09-14 00:00:00+00:00
[2021-09-16 09:01:05,036] {processor.py:170} INFO - Processing /home/airflow/.local/lib/python3.8/site-packages/airflow/example_dags/example_nested_branch_dag.py took 0.063 seconds
[2021-09-16 09:01:35,365] {processor.py:162} INFO - Started process (PID=459) to work on /home/airflow/.local/lib/python3.8/site-packages/airflow/example_dags/example_nested_branch_dag.py
[2021-09-16 09:01:35,366] {processor.py:613} INFO - Processing file /home/airflow/.local/lib/python3.8/site-packages/airflow/example_dags/example_nested_branch_dag.py for tasks to queue
[2021-09-16 09:01:35,367] {logging_mixin.py:109} INFO - [2021-09-16 09:01:35,367] {dagbag.py:496} INFO - Filling up the DagBag from /home/airflow/.local/lib/python3.8/site-packages/airflow/example_dags/example_nested_branch_dag.py
[2021-09-16 09:01:35,380] {processor.py:623} INFO - DAG(s) dict_keys(['example_nested_branch_dag']) retrieved from /home/airflow/.local/lib/python3.8/site-packages/airflow/example_dags/example_nested_branch_dag.py
[2021-09-16 09:01:35,399] {logging_mixin.py:109} INFO - [2021-09-16 09:01:35,399] {dag.py:1833} INFO - Sync 1 DAGs
[2021-09-16 09:01:35,413] {logging_mixin.py:109} INFO - [2021-09-16 09:01:35,413] {dag.py:2306} INFO - Setting next_dagrun for example_nested_branch_dag to 2021-09-14 00:00:00+00:00
[2021-09-16 09:01:35,422] {processor.py:170} INFO - Processing /home/airflow/.local/lib/python3.8/site-packages/airflow/example_dags/example_nested_branch_dag.py took 0.060 seconds
[2021-09-16 09:02:05,703] {processor.py:162} INFO - Started process (PID=515) to work on /home/airflow/.local/lib/python3.8/site-packages/airflow/example_dags/example_nested_branch_dag.py
[2021-09-16 09:02:05,705] {processor.py:613} INFO - Processing file /home/airflow/.local/lib/python3.8/site-packages/airflow/example_dags/example_nested_branch_dag.py for tasks to queue
[2021-09-16 09:02:05,706] {logging_mixin.py:109} INFO - [2021-09-16 09:02:05,706] {dagbag.py:496} INFO - Filling up the DagBag from /home/airflow/.local/lib/python3.8/site-packages/airflow/example_dags/example_nested_branch_dag.py
[2021-09-16 09:02:05,717] {processor.py:623} INFO - DAG(s) dict_keys(['example_nested_branch_dag']) retrieved from /home/airflow/.local/lib/python3.8/site-packages/airflow/example_dags/example_nested_branch_dag.py
[2021-09-16 09:02:05,736] {logging_mixin.py:109} INFO - [2021-09-16 09:02:05,736] {dag.py:1833} INFO - Sync 1 DAGs
[2021-09-16 09:02:05,749] {logging_mixin.py:109} INFO - [2021-09-16 09:02:05,749] {dag.py:2306} INFO - Setting next_dagrun for example_nested_branch_dag to 2021-09-14 00:00:00+00:00
[2021-09-16 09:02:05,757] {processor.py:170} INFO - Processing /home/airflow/.local/lib/python3.8/site-packages/airflow/example_dags/example_nested_branch_dag.py took 0.057 seconds
[2021-09-16 09:02:36,099] {processor.py:162} INFO - Started process (PID=563) to work on /home/airflow/.local/lib/python3.8/site-packages/airflow/example_dags/example_nested_branch_dag.py
[2021-09-16 09:02:36,100] {processor.py:613} INFO - Processing file /home/airflow/.local/lib/python3.8/site-packages/airflow/example_dags/example_nested_branch_dag.py for tasks to queue
[2021-09-16 09:02:36,101] {logging_mixin.py:109} INFO - [2021-09-16 09:02:36,101] {dagbag.py:496} INFO - Filling up the DagBag from /home/airflow/.local/lib/python3.8/site-packages/airflow/example_dags/example_nested_branch_dag.py
[2021-09-16 09:02:36,113] {processor.py:623} INFO - DAG(s) dict_keys(['example_nested_branch_dag']) retrieved from /home/airflow/.local/lib/python3.8/site-packages/airflow/example_dags/example_nested_branch_dag.py
[2021-09-16 09:02:36,132] {logging_mixin.py:109} INFO - [2021-09-16 09:02:36,132] {dag.py:1833} INFO - Sync 1 DAGs
[2021-09-16 09:02:36,147] {logging_mixin.py:109} INFO - [2021-09-16 09:02:36,146] {dag.py:2306} INFO - Setting next_dagrun for example_nested_branch_dag to 2021-09-14 00:00:00+00:00
[2021-09-16 09:02:36,155] {processor.py:170} INFO - Processing /home/airflow/.local/lib/python3.8/site-packages/airflow/example_dags/example_nested_branch_dag.py took 0.059 seconds
[2021-09-16 09:03:06,539] {processor.py:162} INFO - Started process (PID=618) to work on /home/airflow/.local/lib/python3.8/site-packages/airflow/example_dags/example_nested_branch_dag.py
[2021-09-16 09:03:06,541] {processor.py:613} INFO - Processing file /home/airflow/.local/lib/python3.8/site-packages/airflow/example_dags/example_nested_branch_dag.py for tasks to queue
[2021-09-16 09:03:06,542] {logging_mixin.py:109} INFO - [2021-09-16 09:03:06,542] {dagbag.py:496} INFO - Filling up the DagBag from /home/airflow/.local/lib/python3.8/site-packages/airflow/example_dags/example_nested_branch_dag.py
[2021-09-16 09:03:06,554] {processor.py:623} INFO - DAG(s) dict_keys(['example_nested_branch_dag']) retrieved from /home/airflow/.local/lib/python3.8/site-packages/airflow/example_dags/example_nested_branch_dag.py
[2021-09-16 09:03:06,573] {logging_mixin.py:109} INFO - [2021-09-16 09:03:06,573] {dag.py:1833} INFO - Sync 1 DAGs
[2021-09-16 09:03:06,587] {logging_mixin.py:109} INFO - [2021-09-16 09:03:06,587] {dag.py:2306} INFO - Setting next_dagrun for example_nested_branch_dag to 2021-09-14 00:00:00+00:00
[2021-09-16 09:03:06,597] {processor.py:170} INFO - Processing /home/airflow/.local/lib/python3.8/site-packages/airflow/example_dags/example_nested_branch_dag.py took 0.061 seconds
[2021-09-16 09:03:36,651] {processor.py:162} INFO - Started process (PID=674) to work on /home/airflow/.local/lib/python3.8/site-packages/airflow/example_dags/example_nested_branch_dag.py
[2021-09-16 09:03:36,652] {processor.py:613} INFO - Processing file /home/airflow/.local/lib/python3.8/site-packages/airflow/example_dags/example_nested_branch_dag.py for tasks to queue
[2021-09-16 09:03:36,654] {logging_mixin.py:109} INFO - [2021-09-16 09:03:36,654] {dagbag.py:496} INFO - Filling up the DagBag from /home/airflow/.local/lib/python3.8/site-packages/airflow/example_dags/example_nested_branch_dag.py
[2021-09-16 09:03:36,668] {processor.py:623} INFO - DAG(s) dict_keys(['example_nested_branch_dag']) retrieved from /home/airflow/.local/lib/python3.8/site-packages/airflow/example_dags/example_nested_branch_dag.py
[2021-09-16 09:03:36,690] {logging_mixin.py:109} INFO - [2021-09-16 09:03:36,690] {dag.py:1833} INFO - Sync 1 DAGs
[2021-09-16 09:03:36,709] {logging_mixin.py:109} INFO - [2021-09-16 09:03:36,709] {dag.py:2306} INFO - Setting next_dagrun for example_nested_branch_dag to 2021-09-14 00:00:00+00:00
[2021-09-16 09:03:36,717] {processor.py:170} INFO - Processing /home/airflow/.local/lib/python3.8/site-packages/airflow/example_dags/example_nested_branch_dag.py took 0.069 seconds
[2021-09-16 09:04:06,835] {processor.py:162} INFO - Started process (PID=720) to work on /home/airflow/.local/lib/python3.8/site-packages/airflow/example_dags/example_nested_branch_dag.py
[2021-09-16 09:04:06,836] {processor.py:613} INFO - Processing file /home/airflow/.local/lib/python3.8/site-packages/airflow/example_dags/example_nested_branch_dag.py for tasks to queue
[2021-09-16 09:04:06,837] {logging_mixin.py:109} INFO - [2021-09-16 09:04:06,837] {dagbag.py:496} INFO - Filling up the DagBag from /home/airflow/.local/lib/python3.8/site-packages/airflow/example_dags/example_nested_branch_dag.py
[2021-09-16 09:04:06,849] {processor.py:623} INFO - DAG(s) dict_keys(['example_nested_branch_dag']) retrieved from /home/airflow/.local/lib/python3.8/site-packages/airflow/example_dags/example_nested_branch_dag.py
[2021-09-16 09:04:06,868] {logging_mixin.py:109} INFO - [2021-09-16 09:04:06,867] {dag.py:1833} INFO - Sync 1 DAGs
[2021-09-16 09:04:06,882] {logging_mixin.py:109} INFO - [2021-09-16 09:04:06,882] {dag.py:2306} INFO - Setting next_dagrun for example_nested_branch_dag to 2021-09-14 00:00:00+00:00
[2021-09-16 09:04:06,891] {processor.py:170} INFO - Processing /home/airflow/.local/lib/python3.8/site-packages/airflow/example_dags/example_nested_branch_dag.py took 0.059 seconds
[2021-09-16 09:04:36,921] {processor.py:162} INFO - Started process (PID=777) to work on /home/airflow/.local/lib/python3.8/site-packages/airflow/example_dags/example_nested_branch_dag.py
[2021-09-16 09:04:36,922] {processor.py:613} INFO - Processing file /home/airflow/.local/lib/python3.8/site-packages/airflow/example_dags/example_nested_branch_dag.py for tasks to queue
[2021-09-16 09:04:36,923] {logging_mixin.py:109} INFO - [2021-09-16 09:04:36,923] {dagbag.py:496} INFO - Filling up the DagBag from /home/airflow/.local/lib/python3.8/site-packages/airflow/example_dags/example_nested_branch_dag.py
[2021-09-16 09:04:36,935] {processor.py:623} INFO - DAG(s) dict_keys(['example_nested_branch_dag']) retrieved from /home/airflow/.local/lib/python3.8/site-packages/airflow/example_dags/example_nested_branch_dag.py
[2021-09-16 09:04:36,957] {logging_mixin.py:109} INFO - [2021-09-16 09:04:36,957] {dag.py:1833} INFO - Sync 1 DAGs
[2021-09-16 09:04:36,972] {logging_mixin.py:109} INFO - [2021-09-16 09:04:36,972] {dag.py:2306} INFO - Setting next_dagrun for example_nested_branch_dag to 2021-09-14 00:00:00+00:00
[2021-09-16 09:04:36,981] {processor.py:170} INFO - Processing /home/airflow/.local/lib/python3.8/site-packages/airflow/example_dags/example_nested_branch_dag.py took 0.064 seconds
[2021-09-16 09:05:07,286] {processor.py:162} INFO - Started process (PID=834) to work on /home/airflow/.local/lib/python3.8/site-packages/airflow/example_dags/example_nested_branch_dag.py
[2021-09-16 09:05:07,287] {processor.py:613} INFO - Processing file /home/airflow/.local/lib/python3.8/site-packages/airflow/example_dags/example_nested_branch_dag.py for tasks to queue
[2021-09-16 09:05:07,288] {logging_mixin.py:109} INFO - [2021-09-16 09:05:07,288] {dagbag.py:496} INFO - Filling up the DagBag from /home/airflow/.local/lib/python3.8/site-packages/airflow/example_dags/example_nested_branch_dag.py
[2021-09-16 09:05:07,299] {processor.py:623} INFO - DAG(s) dict_keys(['example_nested_branch_dag']) retrieved from /home/airflow/.local/lib/python3.8/site-packages/airflow/example_dags/example_nested_branch_dag.py
[2021-09-16 09:05:07,318] {logging_mixin.py:109} INFO - [2021-09-16 09:05:07,317] {dag.py:1833} INFO - Sync 1 DAGs
[2021-09-16 09:05:07,331] {logging_mixin.py:109} INFO - [2021-09-16 09:05:07,331] {dag.py:2306} INFO - Setting next_dagrun for example_nested_branch_dag to 2021-09-14 00:00:00+00:00
[2021-09-16 09:05:07,339] {processor.py:170} INFO - Processing /home/airflow/.local/lib/python3.8/site-packages/airflow/example_dags/example_nested_branch_dag.py took 0.057 seconds
[2021-09-16 09:05:37,474] {processor.py:162} INFO - Started process (PID=881) to work on /home/airflow/.local/lib/python3.8/site-packages/airflow/example_dags/example_nested_branch_dag.py
[2021-09-16 09:05:37,475] {processor.py:613} INFO - Processing file /home/airflow/.local/lib/python3.8/site-packages/airflow/example_dags/example_nested_branch_dag.py for tasks to queue
[2021-09-16 09:05:37,476] {logging_mixin.py:109} INFO - [2021-09-16 09:05:37,476] {dagbag.py:496} INFO - Filling up the DagBag from /home/airflow/.local/lib/python3.8/site-packages/airflow/example_dags/example_nested_branch_dag.py
[2021-09-16 09:05:37,488] {processor.py:623} INFO - DAG(s) dict_keys(['example_nested_branch_dag']) retrieved from /home/airflow/.local/lib/python3.8/site-packages/airflow/example_dags/example_nested_branch_dag.py
[2021-09-16 09:05:37,505] {logging_mixin.py:109} INFO - [2021-09-16 09:05:37,505] {dag.py:1833} INFO - Sync 1 DAGs
[2021-09-16 09:05:37,518] {logging_mixin.py:109} INFO - [2021-09-16 09:05:37,518] {dag.py:2306} INFO - Setting next_dagrun for example_nested_branch_dag to 2021-09-14 00:00:00+00:00
[2021-09-16 09:05:37,527] {processor.py:170} INFO - Processing /home/airflow/.local/lib/python3.8/site-packages/airflow/example_dags/example_nested_branch_dag.py took 0.056 seconds
[2021-09-16 09:06:07,729] {processor.py:162} INFO - Started process (PID=936) to work on /home/airflow/.local/lib/python3.8/site-packages/airflow/example_dags/example_nested_branch_dag.py
[2021-09-16 09:06:07,731] {processor.py:613} INFO - Processing file /home/airflow/.local/lib/python3.8/site-packages/airflow/example_dags/example_nested_branch_dag.py for tasks to queue
[2021-09-16 09:06:07,732] {logging_mixin.py:109} INFO - [2021-09-16 09:06:07,732] {dagbag.py:496} INFO - Filling up the DagBag from /home/airflow/.local/lib/python3.8/site-packages/airflow/example_dags/example_nested_branch_dag.py
[2021-09-16 09:06:07,746] {processor.py:623} INFO - DAG(s) dict_keys(['example_nested_branch_dag']) retrieved from /home/airflow/.local/lib/python3.8/site-packages/airflow/example_dags/example_nested_branch_dag.py
[2021-09-16 09:06:07,763] {logging_mixin.py:109} INFO - [2021-09-16 09:06:07,763] {dag.py:1833} INFO - Sync 1 DAGs
[2021-09-16 09:06:07,776] {logging_mixin.py:109} INFO - [2021-09-16 09:06:07,776] {dag.py:2306} INFO - Setting next_dagrun for example_nested_branch_dag to 2021-09-14 00:00:00+00:00
[2021-09-16 09:06:07,784] {processor.py:170} INFO - Processing /home/airflow/.local/lib/python3.8/site-packages/airflow/example_dags/example_nested_branch_dag.py took 0.059 seconds
[2021-09-16 09:06:37,972] {processor.py:162} INFO - Started process (PID=993) to work on /home/airflow/.local/lib/python3.8/site-packages/airflow/example_dags/example_nested_branch_dag.py
[2021-09-16 09:06:37,974] {processor.py:613} INFO - Processing file /home/airflow/.local/lib/python3.8/site-packages/airflow/example_dags/example_nested_branch_dag.py for tasks to queue
[2021-09-16 09:06:37,978] {logging_mixin.py:109} INFO - [2021-09-16 09:06:37,978] {dagbag.py:496} INFO - Filling up the DagBag from /home/airflow/.local/lib/python3.8/site-packages/airflow/example_dags/example_nested_branch_dag.py
[2021-09-16 09:06:37,992] {processor.py:623} INFO - DAG(s) dict_keys(['example_nested_branch_dag']) retrieved from /home/airflow/.local/lib/python3.8/site-packages/airflow/example_dags/example_nested_branch_dag.py
[2021-09-16 09:06:38,014] {logging_mixin.py:109} INFO - [2021-09-16 09:06:38,014] {dag.py:1833} INFO - Sync 1 DAGs
[2021-09-16 09:06:38,027] {logging_mixin.py:109} INFO - [2021-09-16 09:06:38,027] {dag.py:2306} INFO - Setting next_dagrun for example_nested_branch_dag to 2021-09-14 00:00:00+00:00
[2021-09-16 09:06:38,036] {processor.py:170} INFO - Processing /home/airflow/.local/lib/python3.8/site-packages/airflow/example_dags/example_nested_branch_dag.py took 0.069 seconds
[2021-09-16 09:07:08,281] {processor.py:162} INFO - Started process (PID=1048) to work on /home/airflow/.local/lib/python3.8/site-packages/airflow/example_dags/example_nested_branch_dag.py
[2021-09-16 09:07:08,283] {processor.py:613} INFO - Processing file /home/airflow/.local/lib/python3.8/site-packages/airflow/example_dags/example_nested_branch_dag.py for tasks to queue
[2021-09-16 09:07:08,284] {logging_mixin.py:109} INFO - [2021-09-16 09:07:08,284] {dagbag.py:496} INFO - Filling up the DagBag from /home/airflow/.local/lib/python3.8/site-packages/airflow/example_dags/example_nested_branch_dag.py
[2021-09-16 09:07:08,296] {processor.py:623} INFO - DAG(s) dict_keys(['example_nested_branch_dag']) retrieved from /home/airflow/.local/lib/python3.8/site-packages/airflow/example_dags/example_nested_branch_dag.py
[2021-09-16 09:07:08,325] {logging_mixin.py:109} INFO - [2021-09-16 09:07:08,325] {dag.py:1833} INFO - Sync 1 DAGs
[2021-09-16 09:07:08,347] {logging_mixin.py:109} INFO - [2021-09-16 09:07:08,347] {dag.py:2306} INFO - Setting next_dagrun for example_nested_branch_dag to 2021-09-14 00:00:00+00:00
[2021-09-16 09:07:08,356] {processor.py:170} INFO - Processing /home/airflow/.local/lib/python3.8/site-packages/airflow/example_dags/example_nested_branch_dag.py took 0.079 seconds
[2021-09-16 09:07:38,538] {processor.py:162} INFO - Started process (PID=1095) to work on /home/airflow/.local/lib/python3.8/site-packages/airflow/example_dags/example_nested_branch_dag.py
[2021-09-16 09:07:38,539] {processor.py:613} INFO - Processing file /home/airflow/.local/lib/python3.8/site-packages/airflow/example_dags/example_nested_branch_dag.py for tasks to queue
[2021-09-16 09:07:38,540] {logging_mixin.py:109} INFO - [2021-09-16 09:07:38,540] {dagbag.py:496} INFO - Filling up the DagBag from /home/airflow/.local/lib/python3.8/site-packages/airflow/example_dags/example_nested_branch_dag.py
[2021-09-16 09:07:38,551] {processor.py:623} INFO - DAG(s) dict_keys(['example_nested_branch_dag']) retrieved from /home/airflow/.local/lib/python3.8/site-packages/airflow/example_dags/example_nested_branch_dag.py
[2021-09-16 09:07:38,569] {logging_mixin.py:109} INFO - [2021-09-16 09:07:38,569] {dag.py:1833} INFO - Sync 1 DAGs
[2021-09-16 09:07:38,582] {logging_mixin.py:109} INFO - [2021-09-16 09:07:38,582] {dag.py:2306} INFO - Setting next_dagrun for example_nested_branch_dag to 2021-09-14 00:00:00+00:00
[2021-09-16 09:07:38,591] {processor.py:170} INFO - Processing /home/airflow/.local/lib/python3.8/site-packages/airflow/example_dags/example_nested_branch_dag.py took 0.058 seconds
[2021-09-16 09:08:09,063] {processor.py:162} INFO - Started process (PID=1150) to work on /home/airflow/.local/lib/python3.8/site-packages/airflow/example_dags/example_nested_branch_dag.py
[2021-09-16 09:08:09,065] {processor.py:613} INFO - Processing file /home/airflow/.local/lib/python3.8/site-packages/airflow/example_dags/example_nested_branch_dag.py for tasks to queue
[2021-09-16 09:08:09,066] {logging_mixin.py:109} INFO - [2021-09-16 09:08:09,066] {dagbag.py:496} INFO - Filling up the DagBag from /home/airflow/.local/lib/python3.8/site-packages/airflow/example_dags/example_nested_branch_dag.py
[2021-09-16 09:08:09,078] {processor.py:623} INFO - DAG(s) dict_keys(['example_nested_branch_dag']) retrieved from /home/airflow/.local/lib/python3.8/site-packages/airflow/example_dags/example_nested_branch_dag.py
[2021-09-16 09:08:09,096] {logging_mixin.py:109} INFO - [2021-09-16 09:08:09,096] {dag.py:1833} INFO - Sync 1 DAGs
[2021-09-16 09:08:09,110] {logging_mixin.py:109} INFO - [2021-09-16 09:08:09,110] {dag.py:2306} INFO - Setting next_dagrun for example_nested_branch_dag to 2021-09-14 00:00:00+00:00
[2021-09-16 09:08:09,118] {processor.py:170} INFO - Processing /home/airflow/.local/lib/python3.8/site-packages/airflow/example_dags/example_nested_branch_dag.py took 0.058 seconds
[2021-09-16 09:08:39,497] {processor.py:162} INFO - Started process (PID=1208) to work on /home/airflow/.local/lib/python3.8/site-packages/airflow/example_dags/example_nested_branch_dag.py
[2021-09-16 09:08:39,498] {processor.py:613} INFO - Processing file /home/airflow/.local/lib/python3.8/site-packages/airflow/example_dags/example_nested_branch_dag.py for tasks to queue
[2021-09-16 09:08:39,499] {logging_mixin.py:109} INFO - [2021-09-16 09:08:39,499] {dagbag.py:496} INFO - Filling up the DagBag from /home/airflow/.local/lib/python3.8/site-packages/airflow/example_dags/example_nested_branch_dag.py
[2021-09-16 09:08:39,513] {processor.py:623} INFO - DAG(s) dict_keys(['example_nested_branch_dag']) retrieved from /home/airflow/.local/lib/python3.8/site-packages/airflow/example_dags/example_nested_branch_dag.py
[2021-09-16 09:08:39,532] {logging_mixin.py:109} INFO - [2021-09-16 09:08:39,532] {dag.py:1833} INFO - Sync 1 DAGs
[2021-09-16 09:08:39,545] {logging_mixin.py:109} INFO - [2021-09-16 09:08:39,545] {dag.py:2306} INFO - Setting next_dagrun for example_nested_branch_dag to 2021-09-14 00:00:00+00:00
[2021-09-16 09:08:39,553] {processor.py:170} INFO - Processing /home/airflow/.local/lib/python3.8/site-packages/airflow/example_dags/example_nested_branch_dag.py took 0.060 seconds
[2021-09-16 09:09:09,897] {processor.py:162} INFO - Started process (PID=1255) to work on /home/airflow/.local/lib/python3.8/site-packages/airflow/example_dags/example_nested_branch_dag.py
[2021-09-16 09:09:09,899] {processor.py:613} INFO - Processing file /home/airflow/.local/lib/python3.8/site-packages/airflow/example_dags/example_nested_branch_dag.py for tasks to queue
[2021-09-16 09:09:09,900] {logging_mixin.py:109} INFO - [2021-09-16 09:09:09,900] {dagbag.py:496} INFO - Filling up the DagBag from /home/airflow/.local/lib/python3.8/site-packages/airflow/example_dags/example_nested_branch_dag.py
[2021-09-16 09:09:09,913] {processor.py:623} INFO - DAG(s) dict_keys(['example_nested_branch_dag']) retrieved from /home/airflow/.local/lib/python3.8/site-packages/airflow/example_dags/example_nested_branch_dag.py
[2021-09-16 09:09:09,932] {logging_mixin.py:109} INFO - [2021-09-16 09:09:09,932] {dag.py:1833} INFO - Sync 1 DAGs
[2021-09-16 09:09:09,944] {logging_mixin.py:109} INFO - [2021-09-16 09:09:09,944] {dag.py:2306} INFO - Setting next_dagrun for example_nested_branch_dag to 2021-09-14 00:00:00+00:00
[2021-09-16 09:09:09,952] {processor.py:170} INFO - Processing /home/airflow/.local/lib/python3.8/site-packages/airflow/example_dags/example_nested_branch_dag.py took 0.059 seconds
[2021-09-16 09:09:40,277] {processor.py:162} INFO - Started process (PID=1310) to work on /home/airflow/.local/lib/python3.8/site-packages/airflow/example_dags/example_nested_branch_dag.py
[2021-09-16 09:09:40,283] {processor.py:613} INFO - Processing file /home/airflow/.local/lib/python3.8/site-packages/airflow/example_dags/example_nested_branch_dag.py for tasks to queue
[2021-09-16 09:09:40,284] {logging_mixin.py:109} INFO - [2021-09-16 09:09:40,284] {dagbag.py:496} INFO - Filling up the DagBag from /home/airflow/.local/lib/python3.8/site-packages/airflow/example_dags/example_nested_branch_dag.py
[2021-09-16 09:09:40,295] {processor.py:623} INFO - DAG(s) dict_keys(['example_nested_branch_dag']) retrieved from /home/airflow/.local/lib/python3.8/site-packages/airflow/example_dags/example_nested_branch_dag.py
[2021-09-16 09:09:40,311] {logging_mixin.py:109} INFO - [2021-09-16 09:09:40,311] {dag.py:1833} INFO - Sync 1 DAGs
[2021-09-16 09:09:40,323] {logging_mixin.py:109} INFO - [2021-09-16 09:09:40,323] {dag.py:2306} INFO - Setting next_dagrun for example_nested_branch_dag to 2021-09-14 00:00:00+00:00
[2021-09-16 09:09:40,330] {processor.py:170} INFO - Processing /home/airflow/.local/lib/python3.8/site-packages/airflow/example_dags/example_nested_branch_dag.py took 0.056 seconds
[2021-09-16 09:10:10,598] {processor.py:162} INFO - Started process (PID=1367) to work on /home/airflow/.local/lib/python3.8/site-packages/airflow/example_dags/example_nested_branch_dag.py
[2021-09-16 09:10:10,599] {processor.py:613} INFO - Processing file /home/airflow/.local/lib/python3.8/site-packages/airflow/example_dags/example_nested_branch_dag.py for tasks to queue
[2021-09-16 09:10:10,600] {logging_mixin.py:109} INFO - [2021-09-16 09:10:10,600] {dagbag.py:496} INFO - Filling up the DagBag from /home/airflow/.local/lib/python3.8/site-packages/airflow/example_dags/example_nested_branch_dag.py
[2021-09-16 09:10:10,613] {processor.py:623} INFO - DAG(s) dict_keys(['example_nested_branch_dag']) retrieved from /home/airflow/.local/lib/python3.8/site-packages/airflow/example_dags/example_nested_branch_dag.py
[2021-09-16 09:10:10,632] {logging_mixin.py:109} INFO - [2021-09-16 09:10:10,632] {dag.py:1833} INFO - Sync 1 DAGs
[2021-09-16 09:10:10,647] {logging_mixin.py:109} INFO - [2021-09-16 09:10:10,647] {dag.py:2306} INFO - Setting next_dagrun for example_nested_branch_dag to 2021-09-14 00:00:00+00:00
[2021-09-16 09:10:10,656] {processor.py:170} INFO - Processing /home/airflow/.local/lib/python3.8/site-packages/airflow/example_dags/example_nested_branch_dag.py took 0.061 seconds
[2021-09-16 09:10:41,173] {processor.py:162} INFO - Started process (PID=1422) to work on /home/airflow/.local/lib/python3.8/site-packages/airflow/example_dags/example_nested_branch_dag.py
[2021-09-16 09:10:41,174] {processor.py:613} INFO - Processing file /home/airflow/.local/lib/python3.8/site-packages/airflow/example_dags/example_nested_branch_dag.py for tasks to queue
[2021-09-16 09:10:41,176] {logging_mixin.py:109} INFO - [2021-09-16 09:10:41,175] {dagbag.py:496} INFO - Filling up the DagBag from /home/airflow/.local/lib/python3.8/site-packages/airflow/example_dags/example_nested_branch_dag.py
[2021-09-16 09:10:41,190] {processor.py:623} INFO - DAG(s) dict_keys(['example_nested_branch_dag']) retrieved from /home/airflow/.local/lib/python3.8/site-packages/airflow/example_dags/example_nested_branch_dag.py
[2021-09-16 09:10:41,208] {logging_mixin.py:109} INFO - [2021-09-16 09:10:41,208] {dag.py:1833} INFO - Sync 1 DAGs
[2021-09-16 09:10:41,221] {logging_mixin.py:109} INFO - [2021-09-16 09:10:41,221] {dag.py:2306} INFO - Setting next_dagrun for example_nested_branch_dag to 2021-09-14 00:00:00+00:00
[2021-09-16 09:10:41,229] {processor.py:170} INFO - Processing /home/airflow/.local/lib/python3.8/site-packages/airflow/example_dags/example_nested_branch_dag.py took 0.061 seconds
[2021-09-16 09:11:11,716] {processor.py:162} INFO - Started process (PID=1470) to work on /home/airflow/.local/lib/python3.8/site-packages/airflow/example_dags/example_nested_branch_dag.py
[2021-09-16 09:11:11,717] {processor.py:613} INFO - Processing file /home/airflow/.local/lib/python3.8/site-packages/airflow/example_dags/example_nested_branch_dag.py for tasks to queue
[2021-09-16 09:11:11,718] {logging_mixin.py:109} INFO - [2021-09-16 09:11:11,718] {dagbag.py:496} INFO - Filling up the DagBag from /home/airflow/.local/lib/python3.8/site-packages/airflow/example_dags/example_nested_branch_dag.py
[2021-09-16 09:11:11,733] {processor.py:623} INFO - DAG(s) dict_keys(['example_nested_branch_dag']) retrieved from /home/airflow/.local/lib/python3.8/site-packages/airflow/example_dags/example_nested_branch_dag.py
[2021-09-16 09:11:11,751] {logging_mixin.py:109} INFO - [2021-09-16 09:11:11,751] {dag.py:1833} INFO - Sync 1 DAGs
[2021-09-16 09:11:11,764] {logging_mixin.py:109} INFO - [2021-09-16 09:11:11,764] {dag.py:2306} INFO - Setting next_dagrun for example_nested_branch_dag to 2021-09-14 00:00:00+00:00
[2021-09-16 09:11:11,773] {processor.py:170} INFO - Processing /home/airflow/.local/lib/python3.8/site-packages/airflow/example_dags/example_nested_branch_dag.py took 0.061 seconds
[2021-09-16 09:11:42,184] {processor.py:162} INFO - Started process (PID=1527) to work on /home/airflow/.local/lib/python3.8/site-packages/airflow/example_dags/example_nested_branch_dag.py
[2021-09-16 09:11:42,196] {processor.py:613} INFO - Processing file /home/airflow/.local/lib/python3.8/site-packages/airflow/example_dags/example_nested_branch_dag.py for tasks to queue
[2021-09-16 09:11:42,198] {logging_mixin.py:109} INFO - [2021-09-16 09:11:42,198] {dagbag.py:496} INFO - Filling up the DagBag from /home/airflow/.local/lib/python3.8/site-packages/airflow/example_dags/example_nested_branch_dag.py
[2021-09-16 09:11:42,210] {processor.py:623} INFO - DAG(s) dict_keys(['example_nested_branch_dag']) retrieved from /home/airflow/.local/lib/python3.8/site-packages/airflow/example_dags/example_nested_branch_dag.py
[2021-09-16 09:11:42,228] {logging_mixin.py:109} INFO - [2021-09-16 09:11:42,228] {dag.py:1833} INFO - Sync 1 DAGs
[2021-09-16 09:11:42,242] {logging_mixin.py:109} INFO - [2021-09-16 09:11:42,242] {dag.py:2306} INFO - Setting next_dagrun for example_nested_branch_dag to 2021-09-14 00:00:00+00:00
[2021-09-16 09:11:42,250] {processor.py:170} INFO - Processing /home/airflow/.local/lib/python3.8/site-packages/airflow/example_dags/example_nested_branch_dag.py took 0.070 seconds
[2021-09-16 09:12:12,669] {processor.py:162} INFO - Started process (PID=1582) to work on /home/airflow/.local/lib/python3.8/site-packages/airflow/example_dags/example_nested_branch_dag.py
[2021-09-16 09:12:12,671] {processor.py:613} INFO - Processing file /home/airflow/.local/lib/python3.8/site-packages/airflow/example_dags/example_nested_branch_dag.py for tasks to queue
[2021-09-16 09:12:12,672] {logging_mixin.py:109} INFO - [2021-09-16 09:12:12,672] {dagbag.py:496} INFO - Filling up the DagBag from /home/airflow/.local/lib/python3.8/site-packages/airflow/example_dags/example_nested_branch_dag.py
[2021-09-16 09:12:12,684] {processor.py:623} INFO - DAG(s) dict_keys(['example_nested_branch_dag']) retrieved from /home/airflow/.local/lib/python3.8/site-packages/airflow/example_dags/example_nested_branch_dag.py
[2021-09-16 09:12:12,702] {logging_mixin.py:109} INFO - [2021-09-16 09:12:12,702] {dag.py:1833} INFO - Sync 1 DAGs
[2021-09-16 09:12:12,715] {logging_mixin.py:109} INFO - [2021-09-16 09:12:12,715] {dag.py:2306} INFO - Setting next_dagrun for example_nested_branch_dag to 2021-09-14 00:00:00+00:00
[2021-09-16 09:12:12,725] {processor.py:170} INFO - Processing /home/airflow/.local/lib/python3.8/site-packages/airflow/example_dags/example_nested_branch_dag.py took 0.060 seconds
[2021-09-16 09:12:43,144] {processor.py:162} INFO - Started process (PID=1630) to work on /home/airflow/.local/lib/python3.8/site-packages/airflow/example_dags/example_nested_branch_dag.py
[2021-09-16 09:12:43,146] {processor.py:613} INFO - Processing file /home/airflow/.local/lib/python3.8/site-packages/airflow/example_dags/example_nested_branch_dag.py for tasks to queue
[2021-09-16 09:12:43,147] {logging_mixin.py:109} INFO - [2021-09-16 09:12:43,147] {dagbag.py:496} INFO - Filling up the DagBag from /home/airflow/.local/lib/python3.8/site-packages/airflow/example_dags/example_nested_branch_dag.py
[2021-09-16 09:12:43,158] {processor.py:623} INFO - DAG(s) dict_keys(['example_nested_branch_dag']) retrieved from /home/airflow/.local/lib/python3.8/site-packages/airflow/example_dags/example_nested_branch_dag.py
[2021-09-16 09:12:43,177] {logging_mixin.py:109} INFO - [2021-09-16 09:12:43,176] {dag.py:1833} INFO - Sync 1 DAGs
[2021-09-16 09:12:43,195] {logging_mixin.py:109} INFO - [2021-09-16 09:12:43,195] {dag.py:2306} INFO - Setting next_dagrun for example_nested_branch_dag to 2021-09-14 00:00:00+00:00
[2021-09-16 09:12:43,206] {processor.py:170} INFO - Processing /home/airflow/.local/lib/python3.8/site-packages/airflow/example_dags/example_nested_branch_dag.py took 0.065 seconds
[2021-09-16 09:13:13,619] {processor.py:162} INFO - Started process (PID=1686) to work on /home/airflow/.local/lib/python3.8/site-packages/airflow/example_dags/example_nested_branch_dag.py
[2021-09-16 09:13:13,622] {processor.py:613} INFO - Processing file /home/airflow/.local/lib/python3.8/site-packages/airflow/example_dags/example_nested_branch_dag.py for tasks to queue
[2021-09-16 09:13:13,623] {logging_mixin.py:109} INFO - [2021-09-16 09:13:13,623] {dagbag.py:496} INFO - Filling up the DagBag from /home/airflow/.local/lib/python3.8/site-packages/airflow/example_dags/example_nested_branch_dag.py
[2021-09-16 09:13:13,637] {processor.py:623} INFO - DAG(s) dict_keys(['example_nested_branch_dag']) retrieved from /home/airflow/.local/lib/python3.8/site-packages/airflow/example_dags/example_nested_branch_dag.py
[2021-09-16 09:13:13,659] {logging_mixin.py:109} INFO - [2021-09-16 09:13:13,659] {dag.py:1833} INFO - Sync 1 DAGs
[2021-09-16 09:13:13,675] {logging_mixin.py:109} INFO - [2021-09-16 09:13:13,675] {dag.py:2306} INFO - Setting next_dagrun for example_nested_branch_dag to 2021-09-14 00:00:00+00:00
[2021-09-16 09:13:13,686] {processor.py:170} INFO - Processing /home/airflow/.local/lib/python3.8/site-packages/airflow/example_dags/example_nested_branch_dag.py took 0.070 seconds
[2021-09-16 09:13:44,023] {processor.py:162} INFO - Started process (PID=1742) to work on /home/airflow/.local/lib/python3.8/site-packages/airflow/example_dags/example_nested_branch_dag.py
[2021-09-16 09:13:44,025] {processor.py:613} INFO - Processing file /home/airflow/.local/lib/python3.8/site-packages/airflow/example_dags/example_nested_branch_dag.py for tasks to queue
[2021-09-16 09:13:44,026] {logging_mixin.py:109} INFO - [2021-09-16 09:13:44,026] {dagbag.py:496} INFO - Filling up the DagBag from /home/airflow/.local/lib/python3.8/site-packages/airflow/example_dags/example_nested_branch_dag.py
[2021-09-16 09:13:44,039] {processor.py:623} INFO - DAG(s) dict_keys(['example_nested_branch_dag']) retrieved from /home/airflow/.local/lib/python3.8/site-packages/airflow/example_dags/example_nested_branch_dag.py
[2021-09-16 09:13:44,057] {logging_mixin.py:109} INFO - [2021-09-16 09:13:44,057] {dag.py:1833} INFO - Sync 1 DAGs
[2021-09-16 09:13:44,075] {logging_mixin.py:109} INFO - [2021-09-16 09:13:44,075] {dag.py:2306} INFO - Setting next_dagrun for example_nested_branch_dag to 2021-09-14 00:00:00+00:00
[2021-09-16 09:13:44,084] {processor.py:170} INFO - Processing /home/airflow/.local/lib/python3.8/site-packages/airflow/example_dags/example_nested_branch_dag.py took 0.065 seconds
[2021-09-16 09:14:14,204] {processor.py:162} INFO - Started process (PID=1797) to work on /home/airflow/.local/lib/python3.8/site-packages/airflow/example_dags/example_nested_branch_dag.py
[2021-09-16 09:14:14,205] {processor.py:613} INFO - Processing file /home/airflow/.local/lib/python3.8/site-packages/airflow/example_dags/example_nested_branch_dag.py for tasks to queue
[2021-09-16 09:14:14,206] {logging_mixin.py:109} INFO - [2021-09-16 09:14:14,206] {dagbag.py:496} INFO - Filling up the DagBag from /home/airflow/.local/lib/python3.8/site-packages/airflow/example_dags/example_nested_branch_dag.py
[2021-09-16 09:14:14,218] {processor.py:623} INFO - DAG(s) dict_keys(['example_nested_branch_dag']) retrieved from /home/airflow/.local/lib/python3.8/site-packages/airflow/example_dags/example_nested_branch_dag.py
[2021-09-16 09:14:14,237] {logging_mixin.py:109} INFO - [2021-09-16 09:14:14,237] {dag.py:1833} INFO - Sync 1 DAGs
[2021-09-16 09:14:14,251] {logging_mixin.py:109} INFO - [2021-09-16 09:14:14,250] {dag.py:2306} INFO - Setting next_dagrun for example_nested_branch_dag to 2021-09-14 00:00:00+00:00
[2021-09-16 09:14:14,259] {processor.py:170} INFO - Processing /home/airflow/.local/lib/python3.8/site-packages/airflow/example_dags/example_nested_branch_dag.py took 0.058 seconds
[2021-09-16 09:14:44,483] {processor.py:162} INFO - Started process (PID=1844) to work on /home/airflow/.local/lib/python3.8/site-packages/airflow/example_dags/example_nested_branch_dag.py
[2021-09-16 09:14:44,485] {processor.py:613} INFO - Processing file /home/airflow/.local/lib/python3.8/site-packages/airflow/example_dags/example_nested_branch_dag.py for tasks to queue
[2021-09-16 09:14:44,486] {logging_mixin.py:109} INFO - [2021-09-16 09:14:44,486] {dagbag.py:496} INFO - Filling up the DagBag from /home/airflow/.local/lib/python3.8/site-packages/airflow/example_dags/example_nested_branch_dag.py
[2021-09-16 09:14:44,500] {processor.py:623} INFO - DAG(s) dict_keys(['example_nested_branch_dag']) retrieved from /home/airflow/.local/lib/python3.8/site-packages/airflow/example_dags/example_nested_branch_dag.py
[2021-09-16 09:14:44,518] {logging_mixin.py:109} INFO - [2021-09-16 09:14:44,518] {dag.py:1833} INFO - Sync 1 DAGs
[2021-09-16 09:14:44,532] {logging_mixin.py:109} INFO - [2021-09-16 09:14:44,531] {dag.py:2306} INFO - Setting next_dagrun for example_nested_branch_dag to 2021-09-14 00:00:00+00:00
[2021-09-16 09:14:44,540] {processor.py:170} INFO - Processing /home/airflow/.local/lib/python3.8/site-packages/airflow/example_dags/example_nested_branch_dag.py took 0.062 seconds
[2021-09-16 09:15:14,677] {processor.py:162} INFO - Started process (PID=1900) to work on /home/airflow/.local/lib/python3.8/site-packages/airflow/example_dags/example_nested_branch_dag.py
[2021-09-16 09:15:14,678] {processor.py:613} INFO - Processing file /home/airflow/.local/lib/python3.8/site-packages/airflow/example_dags/example_nested_branch_dag.py for tasks to queue
[2021-09-16 09:15:14,679] {logging_mixin.py:109} INFO - [2021-09-16 09:15:14,679] {dagbag.py:496} INFO - Filling up the DagBag from /home/airflow/.local/lib/python3.8/site-packages/airflow/example_dags/example_nested_branch_dag.py
[2021-09-16 09:15:14,691] {processor.py:623} INFO - DAG(s) dict_keys(['example_nested_branch_dag']) retrieved from /home/airflow/.local/lib/python3.8/site-packages/airflow/example_dags/example_nested_branch_dag.py
[2021-09-16 09:15:14,709] {logging_mixin.py:109} INFO - [2021-09-16 09:15:14,709] {dag.py:1833} INFO - Sync 1 DAGs
[2021-09-16 09:15:14,723] {logging_mixin.py:109} INFO - [2021-09-16 09:15:14,723] {dag.py:2306} INFO - Setting next_dagrun for example_nested_branch_dag to 2021-09-14 00:00:00+00:00
[2021-09-16 09:15:14,733] {processor.py:170} INFO - Processing /home/airflow/.local/lib/python3.8/site-packages/airflow/example_dags/example_nested_branch_dag.py took 0.059 seconds
[2021-09-16 09:15:45,113] {processor.py:162} INFO - Started process (PID=1956) to work on /home/airflow/.local/lib/python3.8/site-packages/airflow/example_dags/example_nested_branch_dag.py
[2021-09-16 09:15:45,115] {processor.py:613} INFO - Processing file /home/airflow/.local/lib/python3.8/site-packages/airflow/example_dags/example_nested_branch_dag.py for tasks to queue
[2021-09-16 09:15:45,116] {logging_mixin.py:109} INFO - [2021-09-16 09:15:45,115] {dagbag.py:496} INFO - Filling up the DagBag from /home/airflow/.local/lib/python3.8/site-packages/airflow/example_dags/example_nested_branch_dag.py
[2021-09-16 09:15:45,128] {processor.py:623} INFO - DAG(s) dict_keys(['example_nested_branch_dag']) retrieved from /home/airflow/.local/lib/python3.8/site-packages/airflow/example_dags/example_nested_branch_dag.py
[2021-09-16 09:15:45,147] {logging_mixin.py:109} INFO - [2021-09-16 09:15:45,147] {dag.py:1833} INFO - Sync 1 DAGs
[2021-09-16 09:15:45,162] {logging_mixin.py:109} INFO - [2021-09-16 09:15:45,162] {dag.py:2306} INFO - Setting next_dagrun for example_nested_branch_dag to 2021-09-14 00:00:00+00:00
[2021-09-16 09:15:45,170] {processor.py:170} INFO - Processing /home/airflow/.local/lib/python3.8/site-packages/airflow/example_dags/example_nested_branch_dag.py took 0.060 seconds
