[2021-09-16 08:38:04,303] {processor.py:162} INFO - Started process (PID=301) to work on /home/airflow/.local/lib/python3.8/site-packages/airflow/example_dags/example_dag_decorator.py
[2021-09-16 08:38:04,304] {processor.py:613} INFO - Processing file /home/airflow/.local/lib/python3.8/site-packages/airflow/example_dags/example_dag_decorator.py for tasks to queue
[2021-09-16 08:38:04,306] {logging_mixin.py:109} INFO - [2021-09-16 08:38:04,306] {dagbag.py:496} INFO - Filling up the DagBag from /home/airflow/.local/lib/python3.8/site-packages/airflow/example_dags/example_dag_decorator.py
[2021-09-16 08:38:04,335] {processor.py:623} INFO - DAG(s) dict_keys(['example_dag_decorator']) retrieved from /home/airflow/.local/lib/python3.8/site-packages/airflow/example_dags/example_dag_decorator.py
[2021-09-16 08:38:06,066] {logging_mixin.py:109} INFO - [2021-09-16 08:38:06,066] {dag.py:1833} INFO - Sync 1 DAGs
[2021-09-16 08:38:06,073] {logging_mixin.py:109} INFO - [2021-09-16 08:38:06,072] {dag.py:1852} INFO - Creating ORM DAG for example_dag_decorator
[2021-09-16 08:38:06,077] {logging_mixin.py:109} INFO - [2021-09-16 08:38:06,077] {dag.py:2306} INFO - Setting next_dagrun for example_dag_decorator to None
[2021-09-16 08:38:06,087] {processor.py:170} INFO - Processing /home/airflow/.local/lib/python3.8/site-packages/airflow/example_dags/example_dag_decorator.py took 1.789 seconds
[2021-09-16 08:38:36,200] {processor.py:162} INFO - Started process (PID=374) to work on /home/airflow/.local/lib/python3.8/site-packages/airflow/example_dags/example_dag_decorator.py
[2021-09-16 08:38:36,203] {processor.py:613} INFO - Processing file /home/airflow/.local/lib/python3.8/site-packages/airflow/example_dags/example_dag_decorator.py for tasks to queue
[2021-09-16 08:38:36,205] {logging_mixin.py:109} INFO - [2021-09-16 08:38:36,205] {dagbag.py:496} INFO - Filling up the DagBag from /home/airflow/.local/lib/python3.8/site-packages/airflow/example_dags/example_dag_decorator.py
[2021-09-16 08:38:36,229] {processor.py:623} INFO - DAG(s) dict_keys(['example_dag_decorator']) retrieved from /home/airflow/.local/lib/python3.8/site-packages/airflow/example_dags/example_dag_decorator.py
[2021-09-16 08:38:36,503] {logging_mixin.py:109} INFO - [2021-09-16 08:38:36,503] {dag.py:1833} INFO - Sync 1 DAGs
[2021-09-16 08:38:36,515] {logging_mixin.py:109} INFO - [2021-09-16 08:38:36,515] {dag.py:2306} INFO - Setting next_dagrun for example_dag_decorator to None
[2021-09-16 08:38:36,529] {processor.py:170} INFO - Processing /home/airflow/.local/lib/python3.8/site-packages/airflow/example_dags/example_dag_decorator.py took 0.338 seconds
[2021-09-16 08:39:06,912] {processor.py:162} INFO - Started process (PID=421) to work on /home/airflow/.local/lib/python3.8/site-packages/airflow/example_dags/example_dag_decorator.py
[2021-09-16 08:39:06,914] {processor.py:613} INFO - Processing file /home/airflow/.local/lib/python3.8/site-packages/airflow/example_dags/example_dag_decorator.py for tasks to queue
[2021-09-16 08:39:06,915] {logging_mixin.py:109} INFO - [2021-09-16 08:39:06,915] {dagbag.py:496} INFO - Filling up the DagBag from /home/airflow/.local/lib/python3.8/site-packages/airflow/example_dags/example_dag_decorator.py
[2021-09-16 08:39:06,941] {processor.py:623} INFO - DAG(s) dict_keys(['example_dag_decorator']) retrieved from /home/airflow/.local/lib/python3.8/site-packages/airflow/example_dags/example_dag_decorator.py
[2021-09-16 08:39:07,277] {logging_mixin.py:109} INFO - [2021-09-16 08:39:07,277] {dag.py:1833} INFO - Sync 1 DAGs
[2021-09-16 08:39:07,292] {logging_mixin.py:109} INFO - [2021-09-16 08:39:07,292] {dag.py:2306} INFO - Setting next_dagrun for example_dag_decorator to None
[2021-09-16 08:39:07,302] {processor.py:170} INFO - Processing /home/airflow/.local/lib/python3.8/site-packages/airflow/example_dags/example_dag_decorator.py took 0.394 seconds
[2021-09-16 08:39:37,679] {processor.py:162} INFO - Started process (PID=479) to work on /home/airflow/.local/lib/python3.8/site-packages/airflow/example_dags/example_dag_decorator.py
[2021-09-16 08:39:37,680] {processor.py:613} INFO - Processing file /home/airflow/.local/lib/python3.8/site-packages/airflow/example_dags/example_dag_decorator.py for tasks to queue
[2021-09-16 08:39:37,682] {logging_mixin.py:109} INFO - [2021-09-16 08:39:37,681] {dagbag.py:496} INFO - Filling up the DagBag from /home/airflow/.local/lib/python3.8/site-packages/airflow/example_dags/example_dag_decorator.py
[2021-09-16 08:39:37,702] {processor.py:623} INFO - DAG(s) dict_keys(['example_dag_decorator']) retrieved from /home/airflow/.local/lib/python3.8/site-packages/airflow/example_dags/example_dag_decorator.py
[2021-09-16 08:39:38,017] {logging_mixin.py:109} INFO - [2021-09-16 08:39:38,017] {dag.py:1833} INFO - Sync 1 DAGs
[2021-09-16 08:39:38,027] {logging_mixin.py:109} INFO - [2021-09-16 08:39:38,027] {dag.py:2306} INFO - Setting next_dagrun for example_dag_decorator to None
[2021-09-16 08:39:38,037] {processor.py:170} INFO - Processing /home/airflow/.local/lib/python3.8/site-packages/airflow/example_dags/example_dag_decorator.py took 0.363 seconds
[2021-09-16 09:00:11,020] {processor.py:162} INFO - Started process (PID=293) to work on /home/airflow/.local/lib/python3.8/site-packages/airflow/example_dags/example_dag_decorator.py
[2021-09-16 09:00:11,022] {processor.py:613} INFO - Processing file /home/airflow/.local/lib/python3.8/site-packages/airflow/example_dags/example_dag_decorator.py for tasks to queue
[2021-09-16 09:00:11,023] {logging_mixin.py:109} INFO - [2021-09-16 09:00:11,023] {dagbag.py:496} INFO - Filling up the DagBag from /home/airflow/.local/lib/python3.8/site-packages/airflow/example_dags/example_dag_decorator.py
[2021-09-16 09:00:11,044] {processor.py:623} INFO - DAG(s) dict_keys(['example_dag_decorator']) retrieved from /home/airflow/.local/lib/python3.8/site-packages/airflow/example_dags/example_dag_decorator.py
[2021-09-16 09:00:12,523] {logging_mixin.py:109} INFO - [2021-09-16 09:00:12,523] {dag.py:1833} INFO - Sync 1 DAGs
[2021-09-16 09:00:12,529] {logging_mixin.py:109} INFO - [2021-09-16 09:00:12,529] {dag.py:1852} INFO - Creating ORM DAG for example_dag_decorator
[2021-09-16 09:00:12,533] {logging_mixin.py:109} INFO - [2021-09-16 09:00:12,533] {dag.py:2306} INFO - Setting next_dagrun for example_dag_decorator to None
[2021-09-16 09:00:12,541] {processor.py:170} INFO - Processing /home/airflow/.local/lib/python3.8/site-packages/airflow/example_dags/example_dag_decorator.py took 1.523 seconds
[2021-09-16 09:00:43,180] {processor.py:162} INFO - Started process (PID=364) to work on /home/airflow/.local/lib/python3.8/site-packages/airflow/example_dags/example_dag_decorator.py
[2021-09-16 09:00:43,182] {processor.py:613} INFO - Processing file /home/airflow/.local/lib/python3.8/site-packages/airflow/example_dags/example_dag_decorator.py for tasks to queue
[2021-09-16 09:00:43,183] {logging_mixin.py:109} INFO - [2021-09-16 09:00:43,183] {dagbag.py:496} INFO - Filling up the DagBag from /home/airflow/.local/lib/python3.8/site-packages/airflow/example_dags/example_dag_decorator.py
[2021-09-16 09:00:43,201] {processor.py:623} INFO - DAG(s) dict_keys(['example_dag_decorator']) retrieved from /home/airflow/.local/lib/python3.8/site-packages/airflow/example_dags/example_dag_decorator.py
[2021-09-16 09:00:43,443] {logging_mixin.py:109} INFO - [2021-09-16 09:00:43,442] {dag.py:1833} INFO - Sync 1 DAGs
[2021-09-16 09:00:43,451] {logging_mixin.py:109} INFO - [2021-09-16 09:00:43,451] {dag.py:2306} INFO - Setting next_dagrun for example_dag_decorator to None
[2021-09-16 09:00:43,460] {processor.py:170} INFO - Processing /home/airflow/.local/lib/python3.8/site-packages/airflow/example_dags/example_dag_decorator.py took 0.283 seconds
[2021-09-16 09:01:14,408] {processor.py:162} INFO - Started process (PID=422) to work on /home/airflow/.local/lib/python3.8/site-packages/airflow/example_dags/example_dag_decorator.py
[2021-09-16 09:01:14,410] {processor.py:613} INFO - Processing file /home/airflow/.local/lib/python3.8/site-packages/airflow/example_dags/example_dag_decorator.py for tasks to queue
[2021-09-16 09:01:14,411] {logging_mixin.py:109} INFO - [2021-09-16 09:01:14,411] {dagbag.py:496} INFO - Filling up the DagBag from /home/airflow/.local/lib/python3.8/site-packages/airflow/example_dags/example_dag_decorator.py
[2021-09-16 09:01:14,429] {processor.py:623} INFO - DAG(s) dict_keys(['example_dag_decorator']) retrieved from /home/airflow/.local/lib/python3.8/site-packages/airflow/example_dags/example_dag_decorator.py
[2021-09-16 09:01:14,653] {logging_mixin.py:109} INFO - [2021-09-16 09:01:14,653] {dag.py:1833} INFO - Sync 1 DAGs
[2021-09-16 09:01:14,661] {logging_mixin.py:109} INFO - [2021-09-16 09:01:14,661] {dag.py:2306} INFO - Setting next_dagrun for example_dag_decorator to None
[2021-09-16 09:01:14,670] {processor.py:170} INFO - Processing /home/airflow/.local/lib/python3.8/site-packages/airflow/example_dags/example_dag_decorator.py took 0.266 seconds
[2021-09-16 09:01:44,798] {processor.py:162} INFO - Started process (PID=479) to work on /home/airflow/.local/lib/python3.8/site-packages/airflow/example_dags/example_dag_decorator.py
[2021-09-16 09:01:44,800] {processor.py:613} INFO - Processing file /home/airflow/.local/lib/python3.8/site-packages/airflow/example_dags/example_dag_decorator.py for tasks to queue
[2021-09-16 09:01:44,801] {logging_mixin.py:109} INFO - [2021-09-16 09:01:44,801] {dagbag.py:496} INFO - Filling up the DagBag from /home/airflow/.local/lib/python3.8/site-packages/airflow/example_dags/example_dag_decorator.py
[2021-09-16 09:01:44,819] {processor.py:623} INFO - DAG(s) dict_keys(['example_dag_decorator']) retrieved from /home/airflow/.local/lib/python3.8/site-packages/airflow/example_dags/example_dag_decorator.py
[2021-09-16 09:01:45,051] {logging_mixin.py:109} INFO - [2021-09-16 09:01:45,051] {dag.py:1833} INFO - Sync 1 DAGs
[2021-09-16 09:01:45,059] {logging_mixin.py:109} INFO - [2021-09-16 09:01:45,059] {dag.py:2306} INFO - Setting next_dagrun for example_dag_decorator to None
[2021-09-16 09:01:45,068] {processor.py:170} INFO - Processing /home/airflow/.local/lib/python3.8/site-packages/airflow/example_dags/example_dag_decorator.py took 0.273 seconds
[2021-09-16 09:02:15,118] {processor.py:162} INFO - Started process (PID=526) to work on /home/airflow/.local/lib/python3.8/site-packages/airflow/example_dags/example_dag_decorator.py
[2021-09-16 09:02:15,122] {processor.py:613} INFO - Processing file /home/airflow/.local/lib/python3.8/site-packages/airflow/example_dags/example_dag_decorator.py for tasks to queue
[2021-09-16 09:02:15,124] {logging_mixin.py:109} INFO - [2021-09-16 09:02:15,123] {dagbag.py:496} INFO - Filling up the DagBag from /home/airflow/.local/lib/python3.8/site-packages/airflow/example_dags/example_dag_decorator.py
[2021-09-16 09:02:15,145] {processor.py:623} INFO - DAG(s) dict_keys(['example_dag_decorator']) retrieved from /home/airflow/.local/lib/python3.8/site-packages/airflow/example_dags/example_dag_decorator.py
[2021-09-16 09:02:15,410] {logging_mixin.py:109} INFO - [2021-09-16 09:02:15,409] {dag.py:1833} INFO - Sync 1 DAGs
[2021-09-16 09:02:15,420] {logging_mixin.py:109} INFO - [2021-09-16 09:02:15,420] {dag.py:2306} INFO - Setting next_dagrun for example_dag_decorator to None
[2021-09-16 09:02:15,430] {processor.py:170} INFO - Processing /home/airflow/.local/lib/python3.8/site-packages/airflow/example_dags/example_dag_decorator.py took 0.318 seconds
[2021-09-16 09:02:45,506] {processor.py:162} INFO - Started process (PID=582) to work on /home/airflow/.local/lib/python3.8/site-packages/airflow/example_dags/example_dag_decorator.py
[2021-09-16 09:02:45,508] {processor.py:613} INFO - Processing file /home/airflow/.local/lib/python3.8/site-packages/airflow/example_dags/example_dag_decorator.py for tasks to queue
[2021-09-16 09:02:45,509] {logging_mixin.py:109} INFO - [2021-09-16 09:02:45,509] {dagbag.py:496} INFO - Filling up the DagBag from /home/airflow/.local/lib/python3.8/site-packages/airflow/example_dags/example_dag_decorator.py
[2021-09-16 09:02:45,526] {processor.py:623} INFO - DAG(s) dict_keys(['example_dag_decorator']) retrieved from /home/airflow/.local/lib/python3.8/site-packages/airflow/example_dags/example_dag_decorator.py
[2021-09-16 09:02:45,747] {logging_mixin.py:109} INFO - [2021-09-16 09:02:45,746] {dag.py:1833} INFO - Sync 1 DAGs
[2021-09-16 09:02:45,758] {logging_mixin.py:109} INFO - [2021-09-16 09:02:45,758] {dag.py:2306} INFO - Setting next_dagrun for example_dag_decorator to None
[2021-09-16 09:02:45,768] {processor.py:170} INFO - Processing /home/airflow/.local/lib/python3.8/site-packages/airflow/example_dags/example_dag_decorator.py took 0.266 seconds
[2021-09-16 09:03:15,939] {processor.py:162} INFO - Started process (PID=638) to work on /home/airflow/.local/lib/python3.8/site-packages/airflow/example_dags/example_dag_decorator.py
[2021-09-16 09:03:15,941] {processor.py:613} INFO - Processing file /home/airflow/.local/lib/python3.8/site-packages/airflow/example_dags/example_dag_decorator.py for tasks to queue
[2021-09-16 09:03:15,941] {logging_mixin.py:109} INFO - [2021-09-16 09:03:15,941] {dagbag.py:496} INFO - Filling up the DagBag from /home/airflow/.local/lib/python3.8/site-packages/airflow/example_dags/example_dag_decorator.py
[2021-09-16 09:03:15,957] {processor.py:623} INFO - DAG(s) dict_keys(['example_dag_decorator']) retrieved from /home/airflow/.local/lib/python3.8/site-packages/airflow/example_dags/example_dag_decorator.py
[2021-09-16 09:03:16,175] {logging_mixin.py:109} INFO - [2021-09-16 09:03:16,175] {dag.py:1833} INFO - Sync 1 DAGs
[2021-09-16 09:03:16,185] {logging_mixin.py:109} INFO - [2021-09-16 09:03:16,185] {dag.py:2306} INFO - Setting next_dagrun for example_dag_decorator to None
[2021-09-16 09:03:16,194] {processor.py:170} INFO - Processing /home/airflow/.local/lib/python3.8/site-packages/airflow/example_dags/example_dag_decorator.py took 0.258 seconds
[2021-09-16 09:03:47,107] {processor.py:162} INFO - Started process (PID=693) to work on /home/airflow/.local/lib/python3.8/site-packages/airflow/example_dags/example_dag_decorator.py
[2021-09-16 09:03:47,108] {processor.py:613} INFO - Processing file /home/airflow/.local/lib/python3.8/site-packages/airflow/example_dags/example_dag_decorator.py for tasks to queue
[2021-09-16 09:03:47,109] {logging_mixin.py:109} INFO - [2021-09-16 09:03:47,109] {dagbag.py:496} INFO - Filling up the DagBag from /home/airflow/.local/lib/python3.8/site-packages/airflow/example_dags/example_dag_decorator.py
[2021-09-16 09:03:47,123] {processor.py:623} INFO - DAG(s) dict_keys(['example_dag_decorator']) retrieved from /home/airflow/.local/lib/python3.8/site-packages/airflow/example_dags/example_dag_decorator.py
[2021-09-16 09:03:47,141] {logging_mixin.py:109} INFO - [2021-09-16 09:03:47,141] {dag.py:1833} INFO - Sync 1 DAGs
[2021-09-16 09:03:47,152] {logging_mixin.py:109} INFO - [2021-09-16 09:03:47,152] {dag.py:2306} INFO - Setting next_dagrun for example_dag_decorator to None
[2021-09-16 09:03:47,160] {processor.py:170} INFO - Processing /home/airflow/.local/lib/python3.8/site-packages/airflow/example_dags/example_dag_decorator.py took 0.056 seconds
[2021-09-16 09:04:17,443] {processor.py:162} INFO - Started process (PID=741) to work on /home/airflow/.local/lib/python3.8/site-packages/airflow/example_dags/example_dag_decorator.py
[2021-09-16 09:04:17,444] {processor.py:613} INFO - Processing file /home/airflow/.local/lib/python3.8/site-packages/airflow/example_dags/example_dag_decorator.py for tasks to queue
[2021-09-16 09:04:17,446] {logging_mixin.py:109} INFO - [2021-09-16 09:04:17,445] {dagbag.py:496} INFO - Filling up the DagBag from /home/airflow/.local/lib/python3.8/site-packages/airflow/example_dags/example_dag_decorator.py
[2021-09-16 09:04:17,463] {processor.py:623} INFO - DAG(s) dict_keys(['example_dag_decorator']) retrieved from /home/airflow/.local/lib/python3.8/site-packages/airflow/example_dags/example_dag_decorator.py
[2021-09-16 09:04:17,694] {logging_mixin.py:109} INFO - [2021-09-16 09:04:17,694] {dag.py:1833} INFO - Sync 1 DAGs
[2021-09-16 09:04:17,704] {logging_mixin.py:109} INFO - [2021-09-16 09:04:17,704] {dag.py:2306} INFO - Setting next_dagrun for example_dag_decorator to None
[2021-09-16 09:04:17,712] {processor.py:170} INFO - Processing /home/airflow/.local/lib/python3.8/site-packages/airflow/example_dags/example_dag_decorator.py took 0.273 seconds
[2021-09-16 09:04:48,626] {processor.py:162} INFO - Started process (PID=799) to work on /home/airflow/.local/lib/python3.8/site-packages/airflow/example_dags/example_dag_decorator.py
[2021-09-16 09:04:48,628] {processor.py:613} INFO - Processing file /home/airflow/.local/lib/python3.8/site-packages/airflow/example_dags/example_dag_decorator.py for tasks to queue
[2021-09-16 09:04:48,629] {logging_mixin.py:109} INFO - [2021-09-16 09:04:48,629] {dagbag.py:496} INFO - Filling up the DagBag from /home/airflow/.local/lib/python3.8/site-packages/airflow/example_dags/example_dag_decorator.py
[2021-09-16 09:04:48,642] {processor.py:623} INFO - DAG(s) dict_keys(['example_dag_decorator']) retrieved from /home/airflow/.local/lib/python3.8/site-packages/airflow/example_dags/example_dag_decorator.py
[2021-09-16 09:04:48,865] {logging_mixin.py:109} INFO - [2021-09-16 09:04:48,865] {dag.py:1833} INFO - Sync 1 DAGs
[2021-09-16 09:04:48,873] {logging_mixin.py:109} INFO - [2021-09-16 09:04:48,873] {dag.py:2306} INFO - Setting next_dagrun for example_dag_decorator to None
[2021-09-16 09:04:48,882] {processor.py:170} INFO - Processing /home/airflow/.local/lib/python3.8/site-packages/airflow/example_dags/example_dag_decorator.py took 0.258 seconds
[2021-09-16 09:05:19,788] {processor.py:162} INFO - Started process (PID=855) to work on /home/airflow/.local/lib/python3.8/site-packages/airflow/example_dags/example_dag_decorator.py
[2021-09-16 09:05:19,789] {processor.py:613} INFO - Processing file /home/airflow/.local/lib/python3.8/site-packages/airflow/example_dags/example_dag_decorator.py for tasks to queue
[2021-09-16 09:05:19,790] {logging_mixin.py:109} INFO - [2021-09-16 09:05:19,790] {dagbag.py:496} INFO - Filling up the DagBag from /home/airflow/.local/lib/python3.8/site-packages/airflow/example_dags/example_dag_decorator.py
[2021-09-16 09:05:19,803] {processor.py:623} INFO - DAG(s) dict_keys(['example_dag_decorator']) retrieved from /home/airflow/.local/lib/python3.8/site-packages/airflow/example_dags/example_dag_decorator.py
[2021-09-16 09:05:20,012] {logging_mixin.py:109} INFO - [2021-09-16 09:05:20,012] {dag.py:1833} INFO - Sync 1 DAGs
[2021-09-16 09:05:20,020] {logging_mixin.py:109} INFO - [2021-09-16 09:05:20,020] {dag.py:2306} INFO - Setting next_dagrun for example_dag_decorator to None
[2021-09-16 09:05:20,027] {processor.py:170} INFO - Processing /home/airflow/.local/lib/python3.8/site-packages/airflow/example_dags/example_dag_decorator.py took 0.242 seconds
[2021-09-16 09:05:50,249] {processor.py:162} INFO - Started process (PID=910) to work on /home/airflow/.local/lib/python3.8/site-packages/airflow/example_dags/example_dag_decorator.py
[2021-09-16 09:05:50,250] {processor.py:613} INFO - Processing file /home/airflow/.local/lib/python3.8/site-packages/airflow/example_dags/example_dag_decorator.py for tasks to queue
[2021-09-16 09:05:50,251] {logging_mixin.py:109} INFO - [2021-09-16 09:05:50,251] {dagbag.py:496} INFO - Filling up the DagBag from /home/airflow/.local/lib/python3.8/site-packages/airflow/example_dags/example_dag_decorator.py
[2021-09-16 09:05:50,266] {processor.py:623} INFO - DAG(s) dict_keys(['example_dag_decorator']) retrieved from /home/airflow/.local/lib/python3.8/site-packages/airflow/example_dags/example_dag_decorator.py
[2021-09-16 09:05:50,510] {logging_mixin.py:109} INFO - [2021-09-16 09:05:50,510] {dag.py:1833} INFO - Sync 1 DAGs
[2021-09-16 09:05:50,519] {logging_mixin.py:109} INFO - [2021-09-16 09:05:50,519] {dag.py:2306} INFO - Setting next_dagrun for example_dag_decorator to None
[2021-09-16 09:05:50,527] {processor.py:170} INFO - Processing /home/airflow/.local/lib/python3.8/site-packages/airflow/example_dags/example_dag_decorator.py took 0.283 seconds
[2021-09-16 09:06:21,493] {processor.py:162} INFO - Started process (PID=958) to work on /home/airflow/.local/lib/python3.8/site-packages/airflow/example_dags/example_dag_decorator.py
[2021-09-16 09:06:21,495] {processor.py:613} INFO - Processing file /home/airflow/.local/lib/python3.8/site-packages/airflow/example_dags/example_dag_decorator.py for tasks to queue
[2021-09-16 09:06:21,496] {logging_mixin.py:109} INFO - [2021-09-16 09:06:21,496] {dagbag.py:496} INFO - Filling up the DagBag from /home/airflow/.local/lib/python3.8/site-packages/airflow/example_dags/example_dag_decorator.py
[2021-09-16 09:06:21,512] {processor.py:623} INFO - DAG(s) dict_keys(['example_dag_decorator']) retrieved from /home/airflow/.local/lib/python3.8/site-packages/airflow/example_dags/example_dag_decorator.py
[2021-09-16 09:06:21,715] {logging_mixin.py:109} INFO - [2021-09-16 09:06:21,715] {dag.py:1833} INFO - Sync 1 DAGs
[2021-09-16 09:06:21,723] {logging_mixin.py:109} INFO - [2021-09-16 09:06:21,722] {dag.py:2306} INFO - Setting next_dagrun for example_dag_decorator to None
[2021-09-16 09:06:21,730] {processor.py:170} INFO - Processing /home/airflow/.local/lib/python3.8/site-packages/airflow/example_dags/example_dag_decorator.py took 0.240 seconds
[2021-09-16 09:06:52,657] {processor.py:162} INFO - Started process (PID=1014) to work on /home/airflow/.local/lib/python3.8/site-packages/airflow/example_dags/example_dag_decorator.py
[2021-09-16 09:06:52,659] {processor.py:613} INFO - Processing file /home/airflow/.local/lib/python3.8/site-packages/airflow/example_dags/example_dag_decorator.py for tasks to queue
[2021-09-16 09:06:52,660] {logging_mixin.py:109} INFO - [2021-09-16 09:06:52,659] {dagbag.py:496} INFO - Filling up the DagBag from /home/airflow/.local/lib/python3.8/site-packages/airflow/example_dags/example_dag_decorator.py
[2021-09-16 09:06:52,673] {processor.py:623} INFO - DAG(s) dict_keys(['example_dag_decorator']) retrieved from /home/airflow/.local/lib/python3.8/site-packages/airflow/example_dags/example_dag_decorator.py
[2021-09-16 09:06:52,937] {logging_mixin.py:109} INFO - [2021-09-16 09:06:52,937] {dag.py:1833} INFO - Sync 1 DAGs
[2021-09-16 09:06:52,948] {logging_mixin.py:109} INFO - [2021-09-16 09:06:52,948] {dag.py:2306} INFO - Setting next_dagrun for example_dag_decorator to None
[2021-09-16 09:06:52,958] {processor.py:170} INFO - Processing /home/airflow/.local/lib/python3.8/site-packages/airflow/example_dags/example_dag_decorator.py took 0.303 seconds
[2021-09-16 09:07:24,019] {processor.py:162} INFO - Started process (PID=1071) to work on /home/airflow/.local/lib/python3.8/site-packages/airflow/example_dags/example_dag_decorator.py
[2021-09-16 09:07:24,021] {processor.py:613} INFO - Processing file /home/airflow/.local/lib/python3.8/site-packages/airflow/example_dags/example_dag_decorator.py for tasks to queue
[2021-09-16 09:07:24,022] {logging_mixin.py:109} INFO - [2021-09-16 09:07:24,022] {dagbag.py:496} INFO - Filling up the DagBag from /home/airflow/.local/lib/python3.8/site-packages/airflow/example_dags/example_dag_decorator.py
[2021-09-16 09:07:24,037] {processor.py:623} INFO - DAG(s) dict_keys(['example_dag_decorator']) retrieved from /home/airflow/.local/lib/python3.8/site-packages/airflow/example_dags/example_dag_decorator.py
[2021-09-16 09:07:24,245] {logging_mixin.py:109} INFO - [2021-09-16 09:07:24,245] {dag.py:1833} INFO - Sync 1 DAGs
[2021-09-16 09:07:24,252] {logging_mixin.py:109} INFO - [2021-09-16 09:07:24,252] {dag.py:2306} INFO - Setting next_dagrun for example_dag_decorator to None
[2021-09-16 09:07:24,260] {processor.py:170} INFO - Processing /home/airflow/.local/lib/python3.8/site-packages/airflow/example_dags/example_dag_decorator.py took 0.243 seconds
[2021-09-16 09:07:54,532] {processor.py:162} INFO - Started process (PID=1126) to work on /home/airflow/.local/lib/python3.8/site-packages/airflow/example_dags/example_dag_decorator.py
[2021-09-16 09:07:54,533] {processor.py:613} INFO - Processing file /home/airflow/.local/lib/python3.8/site-packages/airflow/example_dags/example_dag_decorator.py for tasks to queue
[2021-09-16 09:07:54,534] {logging_mixin.py:109} INFO - [2021-09-16 09:07:54,534] {dagbag.py:496} INFO - Filling up the DagBag from /home/airflow/.local/lib/python3.8/site-packages/airflow/example_dags/example_dag_decorator.py
[2021-09-16 09:07:54,549] {processor.py:623} INFO - DAG(s) dict_keys(['example_dag_decorator']) retrieved from /home/airflow/.local/lib/python3.8/site-packages/airflow/example_dags/example_dag_decorator.py
[2021-09-16 09:07:54,758] {logging_mixin.py:109} INFO - [2021-09-16 09:07:54,758] {dag.py:1833} INFO - Sync 1 DAGs
[2021-09-16 09:07:54,765] {logging_mixin.py:109} INFO - [2021-09-16 09:07:54,765] {dag.py:2306} INFO - Setting next_dagrun for example_dag_decorator to None
[2021-09-16 09:07:54,772] {processor.py:170} INFO - Processing /home/airflow/.local/lib/python3.8/site-packages/airflow/example_dags/example_dag_decorator.py took 0.243 seconds
[2021-09-16 09:08:24,903] {processor.py:162} INFO - Started process (PID=1174) to work on /home/airflow/.local/lib/python3.8/site-packages/airflow/example_dags/example_dag_decorator.py
[2021-09-16 09:08:24,904] {processor.py:613} INFO - Processing file /home/airflow/.local/lib/python3.8/site-packages/airflow/example_dags/example_dag_decorator.py for tasks to queue
[2021-09-16 09:08:24,905] {logging_mixin.py:109} INFO - [2021-09-16 09:08:24,905] {dagbag.py:496} INFO - Filling up the DagBag from /home/airflow/.local/lib/python3.8/site-packages/airflow/example_dags/example_dag_decorator.py
[2021-09-16 09:08:24,923] {processor.py:623} INFO - DAG(s) dict_keys(['example_dag_decorator']) retrieved from /home/airflow/.local/lib/python3.8/site-packages/airflow/example_dags/example_dag_decorator.py
[2021-09-16 09:08:24,945] {logging_mixin.py:109} INFO - [2021-09-16 09:08:24,945] {dag.py:1833} INFO - Sync 1 DAGs
[2021-09-16 09:08:24,957] {logging_mixin.py:109} INFO - [2021-09-16 09:08:24,957] {dag.py:2306} INFO - Setting next_dagrun for example_dag_decorator to None
[2021-09-16 09:08:24,964] {processor.py:170} INFO - Processing /home/airflow/.local/lib/python3.8/site-packages/airflow/example_dags/example_dag_decorator.py took 0.064 seconds
[2021-09-16 09:08:55,331] {processor.py:162} INFO - Started process (PID=1231) to work on /home/airflow/.local/lib/python3.8/site-packages/airflow/example_dags/example_dag_decorator.py
[2021-09-16 09:08:55,332] {processor.py:613} INFO - Processing file /home/airflow/.local/lib/python3.8/site-packages/airflow/example_dags/example_dag_decorator.py for tasks to queue
[2021-09-16 09:08:55,333] {logging_mixin.py:109} INFO - [2021-09-16 09:08:55,333] {dagbag.py:496} INFO - Filling up the DagBag from /home/airflow/.local/lib/python3.8/site-packages/airflow/example_dags/example_dag_decorator.py
[2021-09-16 09:08:55,349] {processor.py:623} INFO - DAG(s) dict_keys(['example_dag_decorator']) retrieved from /home/airflow/.local/lib/python3.8/site-packages/airflow/example_dags/example_dag_decorator.py
[2021-09-16 09:08:55,563] {logging_mixin.py:109} INFO - [2021-09-16 09:08:55,563] {dag.py:1833} INFO - Sync 1 DAGs
[2021-09-16 09:08:55,571] {logging_mixin.py:109} INFO - [2021-09-16 09:08:55,571] {dag.py:2306} INFO - Setting next_dagrun for example_dag_decorator to None
[2021-09-16 09:08:55,580] {processor.py:170} INFO - Processing /home/airflow/.local/lib/python3.8/site-packages/airflow/example_dags/example_dag_decorator.py took 0.253 seconds
[2021-09-16 09:09:25,700] {processor.py:162} INFO - Started process (PID=1286) to work on /home/airflow/.local/lib/python3.8/site-packages/airflow/example_dags/example_dag_decorator.py
[2021-09-16 09:09:25,702] {processor.py:613} INFO - Processing file /home/airflow/.local/lib/python3.8/site-packages/airflow/example_dags/example_dag_decorator.py for tasks to queue
[2021-09-16 09:09:25,703] {logging_mixin.py:109} INFO - [2021-09-16 09:09:25,703] {dagbag.py:496} INFO - Filling up the DagBag from /home/airflow/.local/lib/python3.8/site-packages/airflow/example_dags/example_dag_decorator.py
[2021-09-16 09:09:25,717] {processor.py:623} INFO - DAG(s) dict_keys(['example_dag_decorator']) retrieved from /home/airflow/.local/lib/python3.8/site-packages/airflow/example_dags/example_dag_decorator.py
[2021-09-16 09:09:25,733] {logging_mixin.py:109} INFO - [2021-09-16 09:09:25,733] {dag.py:1833} INFO - Sync 1 DAGs
[2021-09-16 09:09:25,744] {logging_mixin.py:109} INFO - [2021-09-16 09:09:25,744] {dag.py:2306} INFO - Setting next_dagrun for example_dag_decorator to None
[2021-09-16 09:09:25,751] {processor.py:170} INFO - Processing /home/airflow/.local/lib/python3.8/site-packages/airflow/example_dags/example_dag_decorator.py took 0.054 seconds
[2021-09-16 09:09:56,076] {processor.py:162} INFO - Started process (PID=1343) to work on /home/airflow/.local/lib/python3.8/site-packages/airflow/example_dags/example_dag_decorator.py
[2021-09-16 09:09:56,077] {processor.py:613} INFO - Processing file /home/airflow/.local/lib/python3.8/site-packages/airflow/example_dags/example_dag_decorator.py for tasks to queue
[2021-09-16 09:09:56,078] {logging_mixin.py:109} INFO - [2021-09-16 09:09:56,078] {dagbag.py:496} INFO - Filling up the DagBag from /home/airflow/.local/lib/python3.8/site-packages/airflow/example_dags/example_dag_decorator.py
[2021-09-16 09:09:56,096] {processor.py:623} INFO - DAG(s) dict_keys(['example_dag_decorator']) retrieved from /home/airflow/.local/lib/python3.8/site-packages/airflow/example_dags/example_dag_decorator.py
[2021-09-16 09:09:56,323] {logging_mixin.py:109} INFO - [2021-09-16 09:09:56,323] {dag.py:1833} INFO - Sync 1 DAGs
[2021-09-16 09:09:56,330] {logging_mixin.py:109} INFO - [2021-09-16 09:09:56,330] {dag.py:2306} INFO - Setting next_dagrun for example_dag_decorator to None
[2021-09-16 09:09:56,339] {processor.py:170} INFO - Processing /home/airflow/.local/lib/python3.8/site-packages/airflow/example_dags/example_dag_decorator.py took 0.267 seconds
[2021-09-16 09:10:26,455] {processor.py:162} INFO - Started process (PID=1390) to work on /home/airflow/.local/lib/python3.8/site-packages/airflow/example_dags/example_dag_decorator.py
[2021-09-16 09:10:26,456] {processor.py:613} INFO - Processing file /home/airflow/.local/lib/python3.8/site-packages/airflow/example_dags/example_dag_decorator.py for tasks to queue
[2021-09-16 09:10:26,457] {logging_mixin.py:109} INFO - [2021-09-16 09:10:26,457] {dagbag.py:496} INFO - Filling up the DagBag from /home/airflow/.local/lib/python3.8/site-packages/airflow/example_dags/example_dag_decorator.py
[2021-09-16 09:10:26,472] {processor.py:623} INFO - DAG(s) dict_keys(['example_dag_decorator']) retrieved from /home/airflow/.local/lib/python3.8/site-packages/airflow/example_dags/example_dag_decorator.py
[2021-09-16 09:10:26,696] {logging_mixin.py:109} INFO - [2021-09-16 09:10:26,696] {dag.py:1833} INFO - Sync 1 DAGs
[2021-09-16 09:10:26,705] {logging_mixin.py:109} INFO - [2021-09-16 09:10:26,705] {dag.py:2306} INFO - Setting next_dagrun for example_dag_decorator to None
[2021-09-16 09:10:26,713] {processor.py:170} INFO - Processing /home/airflow/.local/lib/python3.8/site-packages/airflow/example_dags/example_dag_decorator.py took 0.261 seconds
[2021-09-16 09:10:57,090] {processor.py:162} INFO - Started process (PID=1445) to work on /home/airflow/.local/lib/python3.8/site-packages/airflow/example_dags/example_dag_decorator.py
[2021-09-16 09:10:57,091] {processor.py:613} INFO - Processing file /home/airflow/.local/lib/python3.8/site-packages/airflow/example_dags/example_dag_decorator.py for tasks to queue
[2021-09-16 09:10:57,092] {logging_mixin.py:109} INFO - [2021-09-16 09:10:57,092] {dagbag.py:496} INFO - Filling up the DagBag from /home/airflow/.local/lib/python3.8/site-packages/airflow/example_dags/example_dag_decorator.py
[2021-09-16 09:10:57,106] {processor.py:623} INFO - DAG(s) dict_keys(['example_dag_decorator']) retrieved from /home/airflow/.local/lib/python3.8/site-packages/airflow/example_dags/example_dag_decorator.py
[2021-09-16 09:10:57,322] {logging_mixin.py:109} INFO - [2021-09-16 09:10:57,322] {dag.py:1833} INFO - Sync 1 DAGs
[2021-09-16 09:10:57,330] {logging_mixin.py:109} INFO - [2021-09-16 09:10:57,330] {dag.py:2306} INFO - Setting next_dagrun for example_dag_decorator to None
[2021-09-16 09:10:57,337] {processor.py:170} INFO - Processing /home/airflow/.local/lib/python3.8/site-packages/airflow/example_dags/example_dag_decorator.py took 0.251 seconds
[2021-09-16 09:11:27,598] {processor.py:162} INFO - Started process (PID=1503) to work on /home/airflow/.local/lib/python3.8/site-packages/airflow/example_dags/example_dag_decorator.py
[2021-09-16 09:11:27,600] {processor.py:613} INFO - Processing file /home/airflow/.local/lib/python3.8/site-packages/airflow/example_dags/example_dag_decorator.py for tasks to queue
[2021-09-16 09:11:27,601] {logging_mixin.py:109} INFO - [2021-09-16 09:11:27,601] {dagbag.py:496} INFO - Filling up the DagBag from /home/airflow/.local/lib/python3.8/site-packages/airflow/example_dags/example_dag_decorator.py
[2021-09-16 09:11:27,615] {processor.py:623} INFO - DAG(s) dict_keys(['example_dag_decorator']) retrieved from /home/airflow/.local/lib/python3.8/site-packages/airflow/example_dags/example_dag_decorator.py
[2021-09-16 09:11:27,818] {logging_mixin.py:109} INFO - [2021-09-16 09:11:27,818] {dag.py:1833} INFO - Sync 1 DAGs
[2021-09-16 09:11:27,826] {logging_mixin.py:109} INFO - [2021-09-16 09:11:27,826] {dag.py:2306} INFO - Setting next_dagrun for example_dag_decorator to None
[2021-09-16 09:11:27,834] {processor.py:170} INFO - Processing /home/airflow/.local/lib/python3.8/site-packages/airflow/example_dags/example_dag_decorator.py took 0.238 seconds
[2021-09-16 09:11:58,034] {processor.py:162} INFO - Started process (PID=1550) to work on /home/airflow/.local/lib/python3.8/site-packages/airflow/example_dags/example_dag_decorator.py
[2021-09-16 09:11:58,035] {processor.py:613} INFO - Processing file /home/airflow/.local/lib/python3.8/site-packages/airflow/example_dags/example_dag_decorator.py for tasks to queue
[2021-09-16 09:11:58,036] {logging_mixin.py:109} INFO - [2021-09-16 09:11:58,036] {dagbag.py:496} INFO - Filling up the DagBag from /home/airflow/.local/lib/python3.8/site-packages/airflow/example_dags/example_dag_decorator.py
[2021-09-16 09:11:58,051] {processor.py:623} INFO - DAG(s) dict_keys(['example_dag_decorator']) retrieved from /home/airflow/.local/lib/python3.8/site-packages/airflow/example_dags/example_dag_decorator.py
[2021-09-16 09:11:58,279] {logging_mixin.py:109} INFO - [2021-09-16 09:11:58,279] {dag.py:1833} INFO - Sync 1 DAGs
[2021-09-16 09:11:58,289] {logging_mixin.py:109} INFO - [2021-09-16 09:11:58,289] {dag.py:2306} INFO - Setting next_dagrun for example_dag_decorator to None
[2021-09-16 09:11:58,298] {processor.py:170} INFO - Processing /home/airflow/.local/lib/python3.8/site-packages/airflow/example_dags/example_dag_decorator.py took 0.268 seconds
[2021-09-16 09:12:28,525] {processor.py:162} INFO - Started process (PID=1605) to work on /home/airflow/.local/lib/python3.8/site-packages/airflow/example_dags/example_dag_decorator.py
[2021-09-16 09:12:28,526] {processor.py:613} INFO - Processing file /home/airflow/.local/lib/python3.8/site-packages/airflow/example_dags/example_dag_decorator.py for tasks to queue
[2021-09-16 09:12:28,527] {logging_mixin.py:109} INFO - [2021-09-16 09:12:28,527] {dagbag.py:496} INFO - Filling up the DagBag from /home/airflow/.local/lib/python3.8/site-packages/airflow/example_dags/example_dag_decorator.py
[2021-09-16 09:12:28,542] {processor.py:623} INFO - DAG(s) dict_keys(['example_dag_decorator']) retrieved from /home/airflow/.local/lib/python3.8/site-packages/airflow/example_dags/example_dag_decorator.py
[2021-09-16 09:12:28,774] {logging_mixin.py:109} INFO - [2021-09-16 09:12:28,774] {dag.py:1833} INFO - Sync 1 DAGs
[2021-09-16 09:12:28,788] {logging_mixin.py:109} INFO - [2021-09-16 09:12:28,788] {dag.py:2306} INFO - Setting next_dagrun for example_dag_decorator to None
[2021-09-16 09:12:28,801] {processor.py:170} INFO - Processing /home/airflow/.local/lib/python3.8/site-packages/airflow/example_dags/example_dag_decorator.py took 0.279 seconds
[2021-09-16 09:12:58,981] {processor.py:162} INFO - Started process (PID=1662) to work on /home/airflow/.local/lib/python3.8/site-packages/airflow/example_dags/example_dag_decorator.py
[2021-09-16 09:12:58,982] {processor.py:613} INFO - Processing file /home/airflow/.local/lib/python3.8/site-packages/airflow/example_dags/example_dag_decorator.py for tasks to queue
[2021-09-16 09:12:58,983] {logging_mixin.py:109} INFO - [2021-09-16 09:12:58,983] {dagbag.py:496} INFO - Filling up the DagBag from /home/airflow/.local/lib/python3.8/site-packages/airflow/example_dags/example_dag_decorator.py
[2021-09-16 09:12:58,998] {processor.py:623} INFO - DAG(s) dict_keys(['example_dag_decorator']) retrieved from /home/airflow/.local/lib/python3.8/site-packages/airflow/example_dags/example_dag_decorator.py
[2021-09-16 09:12:59,236] {logging_mixin.py:109} INFO - [2021-09-16 09:12:59,236] {dag.py:1833} INFO - Sync 1 DAGs
[2021-09-16 09:12:59,245] {logging_mixin.py:109} INFO - [2021-09-16 09:12:59,245] {dag.py:2306} INFO - Setting next_dagrun for example_dag_decorator to None
[2021-09-16 09:12:59,254] {processor.py:170} INFO - Processing /home/airflow/.local/lib/python3.8/site-packages/airflow/example_dags/example_dag_decorator.py took 0.276 seconds
[2021-09-16 09:13:29,469] {processor.py:162} INFO - Started process (PID=1717) to work on /home/airflow/.local/lib/python3.8/site-packages/airflow/example_dags/example_dag_decorator.py
[2021-09-16 09:13:29,471] {processor.py:613} INFO - Processing file /home/airflow/.local/lib/python3.8/site-packages/airflow/example_dags/example_dag_decorator.py for tasks to queue
[2021-09-16 09:13:29,472] {logging_mixin.py:109} INFO - [2021-09-16 09:13:29,472] {dagbag.py:496} INFO - Filling up the DagBag from /home/airflow/.local/lib/python3.8/site-packages/airflow/example_dags/example_dag_decorator.py
[2021-09-16 09:13:29,486] {processor.py:623} INFO - DAG(s) dict_keys(['example_dag_decorator']) retrieved from /home/airflow/.local/lib/python3.8/site-packages/airflow/example_dags/example_dag_decorator.py
[2021-09-16 09:13:29,504] {logging_mixin.py:109} INFO - [2021-09-16 09:13:29,504] {dag.py:1833} INFO - Sync 1 DAGs
[2021-09-16 09:13:29,516] {logging_mixin.py:109} INFO - [2021-09-16 09:13:29,516] {dag.py:2306} INFO - Setting next_dagrun for example_dag_decorator to None
[2021-09-16 09:13:29,524] {processor.py:170} INFO - Processing /home/airflow/.local/lib/python3.8/site-packages/airflow/example_dags/example_dag_decorator.py took 0.058 seconds
[2021-09-16 09:13:59,736] {processor.py:162} INFO - Started process (PID=1765) to work on /home/airflow/.local/lib/python3.8/site-packages/airflow/example_dags/example_dag_decorator.py
[2021-09-16 09:13:59,737] {processor.py:613} INFO - Processing file /home/airflow/.local/lib/python3.8/site-packages/airflow/example_dags/example_dag_decorator.py for tasks to queue
[2021-09-16 09:13:59,738] {logging_mixin.py:109} INFO - [2021-09-16 09:13:59,738] {dagbag.py:496} INFO - Filling up the DagBag from /home/airflow/.local/lib/python3.8/site-packages/airflow/example_dags/example_dag_decorator.py
[2021-09-16 09:13:59,753] {processor.py:623} INFO - DAG(s) dict_keys(['example_dag_decorator']) retrieved from /home/airflow/.local/lib/python3.8/site-packages/airflow/example_dags/example_dag_decorator.py
[2021-09-16 09:13:59,771] {logging_mixin.py:109} INFO - [2021-09-16 09:13:59,771] {dag.py:1833} INFO - Sync 1 DAGs
[2021-09-16 09:13:59,783] {logging_mixin.py:109} INFO - [2021-09-16 09:13:59,783] {dag.py:2306} INFO - Setting next_dagrun for example_dag_decorator to None
[2021-09-16 09:13:59,792] {processor.py:170} INFO - Processing /home/airflow/.local/lib/python3.8/site-packages/airflow/example_dags/example_dag_decorator.py took 0.059 seconds
[2021-09-16 09:14:29,905] {processor.py:162} INFO - Started process (PID=1820) to work on /home/airflow/.local/lib/python3.8/site-packages/airflow/example_dags/example_dag_decorator.py
[2021-09-16 09:14:29,906] {processor.py:613} INFO - Processing file /home/airflow/.local/lib/python3.8/site-packages/airflow/example_dags/example_dag_decorator.py for tasks to queue
[2021-09-16 09:14:29,907] {logging_mixin.py:109} INFO - [2021-09-16 09:14:29,907] {dagbag.py:496} INFO - Filling up the DagBag from /home/airflow/.local/lib/python3.8/site-packages/airflow/example_dags/example_dag_decorator.py
[2021-09-16 09:14:29,922] {processor.py:623} INFO - DAG(s) dict_keys(['example_dag_decorator']) retrieved from /home/airflow/.local/lib/python3.8/site-packages/airflow/example_dags/example_dag_decorator.py
[2021-09-16 09:14:30,140] {logging_mixin.py:109} INFO - [2021-09-16 09:14:30,140] {dag.py:1833} INFO - Sync 1 DAGs
[2021-09-16 09:14:30,149] {logging_mixin.py:109} INFO - [2021-09-16 09:14:30,149] {dag.py:2306} INFO - Setting next_dagrun for example_dag_decorator to None
[2021-09-16 09:14:30,159] {processor.py:170} INFO - Processing /home/airflow/.local/lib/python3.8/site-packages/airflow/example_dags/example_dag_decorator.py took 0.257 seconds
[2021-09-16 09:15:01,161] {processor.py:162} INFO - Started process (PID=1875) to work on /home/airflow/.local/lib/python3.8/site-packages/airflow/example_dags/example_dag_decorator.py
[2021-09-16 09:15:01,162] {processor.py:613} INFO - Processing file /home/airflow/.local/lib/python3.8/site-packages/airflow/example_dags/example_dag_decorator.py for tasks to queue
[2021-09-16 09:15:01,163] {logging_mixin.py:109} INFO - [2021-09-16 09:15:01,163] {dagbag.py:496} INFO - Filling up the DagBag from /home/airflow/.local/lib/python3.8/site-packages/airflow/example_dags/example_dag_decorator.py
[2021-09-16 09:15:01,179] {processor.py:623} INFO - DAG(s) dict_keys(['example_dag_decorator']) retrieved from /home/airflow/.local/lib/python3.8/site-packages/airflow/example_dags/example_dag_decorator.py
[2021-09-16 09:15:01,414] {logging_mixin.py:109} INFO - [2021-09-16 09:15:01,414] {dag.py:1833} INFO - Sync 1 DAGs
[2021-09-16 09:15:01,422] {logging_mixin.py:109} INFO - [2021-09-16 09:15:01,422] {dag.py:2306} INFO - Setting next_dagrun for example_dag_decorator to None
[2021-09-16 09:15:01,431] {processor.py:170} INFO - Processing /home/airflow/.local/lib/python3.8/site-packages/airflow/example_dags/example_dag_decorator.py took 0.273 seconds
[2021-09-16 09:15:31,527] {processor.py:162} INFO - Started process (PID=1924) to work on /home/airflow/.local/lib/python3.8/site-packages/airflow/example_dags/example_dag_decorator.py
[2021-09-16 09:15:31,529] {processor.py:613} INFO - Processing file /home/airflow/.local/lib/python3.8/site-packages/airflow/example_dags/example_dag_decorator.py for tasks to queue
[2021-09-16 09:15:31,530] {logging_mixin.py:109} INFO - [2021-09-16 09:15:31,530] {dagbag.py:496} INFO - Filling up the DagBag from /home/airflow/.local/lib/python3.8/site-packages/airflow/example_dags/example_dag_decorator.py
[2021-09-16 09:15:31,544] {processor.py:623} INFO - DAG(s) dict_keys(['example_dag_decorator']) retrieved from /home/airflow/.local/lib/python3.8/site-packages/airflow/example_dags/example_dag_decorator.py
[2021-09-16 09:15:31,769] {logging_mixin.py:109} INFO - [2021-09-16 09:15:31,769] {dag.py:1833} INFO - Sync 1 DAGs
[2021-09-16 09:15:31,778] {logging_mixin.py:109} INFO - [2021-09-16 09:15:31,778] {dag.py:2306} INFO - Setting next_dagrun for example_dag_decorator to None
[2021-09-16 09:15:31,788] {processor.py:170} INFO - Processing /home/airflow/.local/lib/python3.8/site-packages/airflow/example_dags/example_dag_decorator.py took 0.263 seconds
[2021-09-16 09:16:01,854] {processor.py:162} INFO - Started process (PID=1979) to work on /home/airflow/.local/lib/python3.8/site-packages/airflow/example_dags/example_dag_decorator.py
[2021-09-16 09:16:01,857] {processor.py:613} INFO - Processing file /home/airflow/.local/lib/python3.8/site-packages/airflow/example_dags/example_dag_decorator.py for tasks to queue
[2021-09-16 09:16:01,858] {logging_mixin.py:109} INFO - [2021-09-16 09:16:01,858] {dagbag.py:496} INFO - Filling up the DagBag from /home/airflow/.local/lib/python3.8/site-packages/airflow/example_dags/example_dag_decorator.py
[2021-09-16 09:16:01,874] {processor.py:623} INFO - DAG(s) dict_keys(['example_dag_decorator']) retrieved from /home/airflow/.local/lib/python3.8/site-packages/airflow/example_dags/example_dag_decorator.py
[2021-09-16 09:16:02,113] {logging_mixin.py:109} INFO - [2021-09-16 09:16:02,113] {dag.py:1833} INFO - Sync 1 DAGs
[2021-09-16 09:16:02,126] {logging_mixin.py:109} INFO - [2021-09-16 09:16:02,125] {dag.py:2306} INFO - Setting next_dagrun for example_dag_decorator to None
[2021-09-16 09:16:02,140] {processor.py:170} INFO - Processing /home/airflow/.local/lib/python3.8/site-packages/airflow/example_dags/example_dag_decorator.py took 0.289 seconds
