[2021-09-16 08:37:47,240] {processor.py:162} INFO - Started process (PID=130) to work on /home/airflow/.local/lib/python3.8/site-packages/airflow/example_dags/example_bash_operator.py
[2021-09-16 08:37:47,241] {processor.py:613} INFO - Processing file /home/airflow/.local/lib/python3.8/site-packages/airflow/example_dags/example_bash_operator.py for tasks to queue
[2021-09-16 08:37:47,243] {logging_mixin.py:109} INFO - [2021-09-16 08:37:47,243] {dagbag.py:496} INFO - Filling up the DagBag from /home/airflow/.local/lib/python3.8/site-packages/airflow/example_dags/example_bash_operator.py
[2021-09-16 08:37:47,257] {processor.py:623} INFO - DAG(s) dict_keys(['example_bash_operator']) retrieved from /home/airflow/.local/lib/python3.8/site-packages/airflow/example_dags/example_bash_operator.py
[2021-09-16 08:37:48,846] {logging_mixin.py:109} INFO - [2021-09-16 08:37:48,846] {dag.py:1833} INFO - Sync 1 DAGs
[2021-09-16 08:37:48,853] {logging_mixin.py:109} INFO - [2021-09-16 08:37:48,852] {dag.py:1852} INFO - Creating ORM DAG for example_bash_operator
[2021-09-16 08:37:48,860] {logging_mixin.py:109} INFO - [2021-09-16 08:37:48,859] {dag.py:2306} INFO - Setting next_dagrun for example_bash_operator to 2021-09-14 00:00:00+00:00
[2021-09-16 08:37:48,869] {processor.py:170} INFO - Processing /home/airflow/.local/lib/python3.8/site-packages/airflow/example_dags/example_bash_operator.py took 1.633 seconds
[2021-09-16 08:38:19,147] {processor.py:162} INFO - Started process (PID=339) to work on /home/airflow/.local/lib/python3.8/site-packages/airflow/example_dags/example_bash_operator.py
[2021-09-16 08:38:19,148] {processor.py:613} INFO - Processing file /home/airflow/.local/lib/python3.8/site-packages/airflow/example_dags/example_bash_operator.py for tasks to queue
[2021-09-16 08:38:19,150] {logging_mixin.py:109} INFO - [2021-09-16 08:38:19,149] {dagbag.py:496} INFO - Filling up the DagBag from /home/airflow/.local/lib/python3.8/site-packages/airflow/example_dags/example_bash_operator.py
[2021-09-16 08:38:19,164] {processor.py:623} INFO - DAG(s) dict_keys(['example_bash_operator']) retrieved from /home/airflow/.local/lib/python3.8/site-packages/airflow/example_dags/example_bash_operator.py
[2021-09-16 08:38:19,186] {logging_mixin.py:109} INFO - [2021-09-16 08:38:19,186] {dag.py:1833} INFO - Sync 1 DAGs
[2021-09-16 08:38:19,201] {logging_mixin.py:109} INFO - [2021-09-16 08:38:19,201] {dag.py:2306} INFO - Setting next_dagrun for example_bash_operator to 2021-09-14 00:00:00+00:00
[2021-09-16 08:38:19,211] {processor.py:170} INFO - Processing /home/airflow/.local/lib/python3.8/site-packages/airflow/example_dags/example_bash_operator.py took 0.067 seconds
[2021-09-16 08:38:49,366] {processor.py:162} INFO - Started process (PID=395) to work on /home/airflow/.local/lib/python3.8/site-packages/airflow/example_dags/example_bash_operator.py
[2021-09-16 08:38:49,368] {processor.py:613} INFO - Processing file /home/airflow/.local/lib/python3.8/site-packages/airflow/example_dags/example_bash_operator.py for tasks to queue
[2021-09-16 08:38:49,369] {logging_mixin.py:109} INFO - [2021-09-16 08:38:49,369] {dagbag.py:496} INFO - Filling up the DagBag from /home/airflow/.local/lib/python3.8/site-packages/airflow/example_dags/example_bash_operator.py
[2021-09-16 08:38:49,382] {processor.py:623} INFO - DAG(s) dict_keys(['example_bash_operator']) retrieved from /home/airflow/.local/lib/python3.8/site-packages/airflow/example_dags/example_bash_operator.py
[2021-09-16 08:38:49,405] {logging_mixin.py:109} INFO - [2021-09-16 08:38:49,405] {dag.py:1833} INFO - Sync 1 DAGs
[2021-09-16 08:38:49,443] {logging_mixin.py:109} INFO - [2021-09-16 08:38:49,443] {dag.py:2306} INFO - Setting next_dagrun for example_bash_operator to 2021-09-14 00:00:00+00:00
[2021-09-16 08:38:49,451] {processor.py:170} INFO - Processing /home/airflow/.local/lib/python3.8/site-packages/airflow/example_dags/example_bash_operator.py took 0.089 seconds
[2021-09-16 08:39:19,504] {processor.py:162} INFO - Started process (PID=441) to work on /home/airflow/.local/lib/python3.8/site-packages/airflow/example_dags/example_bash_operator.py
[2021-09-16 08:39:19,506] {processor.py:613} INFO - Processing file /home/airflow/.local/lib/python3.8/site-packages/airflow/example_dags/example_bash_operator.py for tasks to queue
[2021-09-16 08:39:19,507] {logging_mixin.py:109} INFO - [2021-09-16 08:39:19,507] {dagbag.py:496} INFO - Filling up the DagBag from /home/airflow/.local/lib/python3.8/site-packages/airflow/example_dags/example_bash_operator.py
[2021-09-16 08:39:19,525] {processor.py:623} INFO - DAG(s) dict_keys(['example_bash_operator']) retrieved from /home/airflow/.local/lib/python3.8/site-packages/airflow/example_dags/example_bash_operator.py
[2021-09-16 08:39:19,550] {logging_mixin.py:109} INFO - [2021-09-16 08:39:19,550] {dag.py:1833} INFO - Sync 1 DAGs
[2021-09-16 08:39:19,569] {logging_mixin.py:109} INFO - [2021-09-16 08:39:19,569] {dag.py:2306} INFO - Setting next_dagrun for example_bash_operator to 2021-09-14 00:00:00+00:00
[2021-09-16 08:39:19,582] {processor.py:170} INFO - Processing /home/airflow/.local/lib/python3.8/site-packages/airflow/example_dags/example_bash_operator.py took 0.083 seconds
[2021-09-16 08:39:49,625] {processor.py:162} INFO - Started process (PID=500) to work on /home/airflow/.local/lib/python3.8/site-packages/airflow/example_dags/example_bash_operator.py
[2021-09-16 08:39:49,627] {processor.py:613} INFO - Processing file /home/airflow/.local/lib/python3.8/site-packages/airflow/example_dags/example_bash_operator.py for tasks to queue
[2021-09-16 08:39:49,628] {logging_mixin.py:109} INFO - [2021-09-16 08:39:49,628] {dagbag.py:496} INFO - Filling up the DagBag from /home/airflow/.local/lib/python3.8/site-packages/airflow/example_dags/example_bash_operator.py
[2021-09-16 08:39:49,642] {processor.py:623} INFO - DAG(s) dict_keys(['example_bash_operator']) retrieved from /home/airflow/.local/lib/python3.8/site-packages/airflow/example_dags/example_bash_operator.py
[2021-09-16 08:39:49,666] {logging_mixin.py:109} INFO - [2021-09-16 08:39:49,665] {dag.py:1833} INFO - Sync 1 DAGs
[2021-09-16 08:39:49,681] {logging_mixin.py:109} INFO - [2021-09-16 08:39:49,681] {dag.py:2306} INFO - Setting next_dagrun for example_bash_operator to 2021-09-14 00:00:00+00:00
[2021-09-16 08:39:49,693] {processor.py:170} INFO - Processing /home/airflow/.local/lib/python3.8/site-packages/airflow/example_dags/example_bash_operator.py took 0.072 seconds
[2021-09-16 08:59:55,861] {processor.py:162} INFO - Started process (PID=122) to work on /home/airflow/.local/lib/python3.8/site-packages/airflow/example_dags/example_bash_operator.py
[2021-09-16 08:59:55,863] {processor.py:613} INFO - Processing file /home/airflow/.local/lib/python3.8/site-packages/airflow/example_dags/example_bash_operator.py for tasks to queue
[2021-09-16 08:59:55,864] {logging_mixin.py:109} INFO - [2021-09-16 08:59:55,864] {dagbag.py:496} INFO - Filling up the DagBag from /home/airflow/.local/lib/python3.8/site-packages/airflow/example_dags/example_bash_operator.py
[2021-09-16 08:59:55,876] {processor.py:623} INFO - DAG(s) dict_keys(['example_bash_operator']) retrieved from /home/airflow/.local/lib/python3.8/site-packages/airflow/example_dags/example_bash_operator.py
[2021-09-16 08:59:57,603] {logging_mixin.py:109} INFO - [2021-09-16 08:59:57,602] {dag.py:1833} INFO - Sync 1 DAGs
[2021-09-16 08:59:57,610] {logging_mixin.py:109} INFO - [2021-09-16 08:59:57,610] {dag.py:1852} INFO - Creating ORM DAG for example_bash_operator
[2021-09-16 08:59:57,618] {logging_mixin.py:109} INFO - [2021-09-16 08:59:57,618] {dag.py:2306} INFO - Setting next_dagrun for example_bash_operator to 2021-09-14 00:00:00+00:00
[2021-09-16 08:59:57,631] {processor.py:170} INFO - Processing /home/airflow/.local/lib/python3.8/site-packages/airflow/example_dags/example_bash_operator.py took 1.772 seconds
[2021-09-16 09:00:28,055] {processor.py:162} INFO - Started process (PID=338) to work on /home/airflow/.local/lib/python3.8/site-packages/airflow/example_dags/example_bash_operator.py
[2021-09-16 09:00:28,056] {processor.py:613} INFO - Processing file /home/airflow/.local/lib/python3.8/site-packages/airflow/example_dags/example_bash_operator.py for tasks to queue
[2021-09-16 09:00:28,057] {logging_mixin.py:109} INFO - [2021-09-16 09:00:28,057] {dagbag.py:496} INFO - Filling up the DagBag from /home/airflow/.local/lib/python3.8/site-packages/airflow/example_dags/example_bash_operator.py
[2021-09-16 09:00:28,070] {processor.py:623} INFO - DAG(s) dict_keys(['example_bash_operator']) retrieved from /home/airflow/.local/lib/python3.8/site-packages/airflow/example_dags/example_bash_operator.py
[2021-09-16 09:00:28,090] {logging_mixin.py:109} INFO - [2021-09-16 09:00:28,090] {dag.py:1833} INFO - Sync 1 DAGs
[2021-09-16 09:00:28,104] {logging_mixin.py:109} INFO - [2021-09-16 09:00:28,104] {dag.py:2306} INFO - Setting next_dagrun for example_bash_operator to 2021-09-14 00:00:00+00:00
[2021-09-16 09:00:28,114] {processor.py:170} INFO - Processing /home/airflow/.local/lib/python3.8/site-packages/airflow/example_dags/example_bash_operator.py took 0.063 seconds
[2021-09-16 09:00:58,697] {processor.py:162} INFO - Started process (PID=394) to work on /home/airflow/.local/lib/python3.8/site-packages/airflow/example_dags/example_bash_operator.py
[2021-09-16 09:00:58,698] {processor.py:613} INFO - Processing file /home/airflow/.local/lib/python3.8/site-packages/airflow/example_dags/example_bash_operator.py for tasks to queue
[2021-09-16 09:00:58,700] {logging_mixin.py:109} INFO - [2021-09-16 09:00:58,700] {dagbag.py:496} INFO - Filling up the DagBag from /home/airflow/.local/lib/python3.8/site-packages/airflow/example_dags/example_bash_operator.py
[2021-09-16 09:00:58,713] {processor.py:623} INFO - DAG(s) dict_keys(['example_bash_operator']) retrieved from /home/airflow/.local/lib/python3.8/site-packages/airflow/example_dags/example_bash_operator.py
[2021-09-16 09:00:58,733] {logging_mixin.py:109} INFO - [2021-09-16 09:00:58,733] {dag.py:1833} INFO - Sync 1 DAGs
[2021-09-16 09:00:58,748] {logging_mixin.py:109} INFO - [2021-09-16 09:00:58,747] {dag.py:2306} INFO - Setting next_dagrun for example_bash_operator to 2021-09-14 00:00:00+00:00
[2021-09-16 09:00:58,757] {processor.py:170} INFO - Processing /home/airflow/.local/lib/python3.8/site-packages/airflow/example_dags/example_bash_operator.py took 0.063 seconds
[2021-09-16 09:01:28,879] {processor.py:162} INFO - Started process (PID=442) to work on /home/airflow/.local/lib/python3.8/site-packages/airflow/example_dags/example_bash_operator.py
[2021-09-16 09:01:28,880] {processor.py:613} INFO - Processing file /home/airflow/.local/lib/python3.8/site-packages/airflow/example_dags/example_bash_operator.py for tasks to queue
[2021-09-16 09:01:28,881] {logging_mixin.py:109} INFO - [2021-09-16 09:01:28,881] {dagbag.py:496} INFO - Filling up the DagBag from /home/airflow/.local/lib/python3.8/site-packages/airflow/example_dags/example_bash_operator.py
[2021-09-16 09:01:28,894] {processor.py:623} INFO - DAG(s) dict_keys(['example_bash_operator']) retrieved from /home/airflow/.local/lib/python3.8/site-packages/airflow/example_dags/example_bash_operator.py
[2021-09-16 09:01:28,918] {logging_mixin.py:109} INFO - [2021-09-16 09:01:28,918] {dag.py:1833} INFO - Sync 1 DAGs
[2021-09-16 09:01:28,932] {logging_mixin.py:109} INFO - [2021-09-16 09:01:28,932] {dag.py:2306} INFO - Setting next_dagrun for example_bash_operator to 2021-09-14 00:00:00+00:00
[2021-09-16 09:01:28,943] {processor.py:170} INFO - Processing /home/airflow/.local/lib/python3.8/site-packages/airflow/example_dags/example_bash_operator.py took 0.067 seconds
[2021-09-16 09:01:59,206] {processor.py:162} INFO - Started process (PID=498) to work on /home/airflow/.local/lib/python3.8/site-packages/airflow/example_dags/example_bash_operator.py
[2021-09-16 09:01:59,209] {processor.py:613} INFO - Processing file /home/airflow/.local/lib/python3.8/site-packages/airflow/example_dags/example_bash_operator.py for tasks to queue
[2021-09-16 09:01:59,210] {logging_mixin.py:109} INFO - [2021-09-16 09:01:59,210] {dagbag.py:496} INFO - Filling up the DagBag from /home/airflow/.local/lib/python3.8/site-packages/airflow/example_dags/example_bash_operator.py
[2021-09-16 09:01:59,222] {processor.py:623} INFO - DAG(s) dict_keys(['example_bash_operator']) retrieved from /home/airflow/.local/lib/python3.8/site-packages/airflow/example_dags/example_bash_operator.py
[2021-09-16 09:01:59,240] {logging_mixin.py:109} INFO - [2021-09-16 09:01:59,240] {dag.py:1833} INFO - Sync 1 DAGs
[2021-09-16 09:01:59,255] {logging_mixin.py:109} INFO - [2021-09-16 09:01:59,254] {dag.py:2306} INFO - Setting next_dagrun for example_bash_operator to 2021-09-14 00:00:00+00:00
[2021-09-16 09:01:59,264] {processor.py:170} INFO - Processing /home/airflow/.local/lib/python3.8/site-packages/airflow/example_dags/example_bash_operator.py took 0.063 seconds
[2021-09-16 09:02:29,607] {processor.py:162} INFO - Started process (PID=554) to work on /home/airflow/.local/lib/python3.8/site-packages/airflow/example_dags/example_bash_operator.py
[2021-09-16 09:02:29,608] {processor.py:613} INFO - Processing file /home/airflow/.local/lib/python3.8/site-packages/airflow/example_dags/example_bash_operator.py for tasks to queue
[2021-09-16 09:02:29,610] {logging_mixin.py:109} INFO - [2021-09-16 09:02:29,609] {dagbag.py:496} INFO - Filling up the DagBag from /home/airflow/.local/lib/python3.8/site-packages/airflow/example_dags/example_bash_operator.py
[2021-09-16 09:02:29,623] {processor.py:623} INFO - DAG(s) dict_keys(['example_bash_operator']) retrieved from /home/airflow/.local/lib/python3.8/site-packages/airflow/example_dags/example_bash_operator.py
[2021-09-16 09:02:29,642] {logging_mixin.py:109} INFO - [2021-09-16 09:02:29,642] {dag.py:1833} INFO - Sync 1 DAGs
[2021-09-16 09:02:29,655] {logging_mixin.py:109} INFO - [2021-09-16 09:02:29,655] {dag.py:2306} INFO - Setting next_dagrun for example_bash_operator to 2021-09-14 00:00:00+00:00
[2021-09-16 09:02:29,663] {processor.py:170} INFO - Processing /home/airflow/.local/lib/python3.8/site-packages/airflow/example_dags/example_bash_operator.py took 0.060 seconds
[2021-09-16 09:02:59,898] {processor.py:162} INFO - Started process (PID=601) to work on /home/airflow/.local/lib/python3.8/site-packages/airflow/example_dags/example_bash_operator.py
[2021-09-16 09:02:59,899] {processor.py:613} INFO - Processing file /home/airflow/.local/lib/python3.8/site-packages/airflow/example_dags/example_bash_operator.py for tasks to queue
[2021-09-16 09:02:59,900] {logging_mixin.py:109} INFO - [2021-09-16 09:02:59,900] {dagbag.py:496} INFO - Filling up the DagBag from /home/airflow/.local/lib/python3.8/site-packages/airflow/example_dags/example_bash_operator.py
[2021-09-16 09:02:59,912] {processor.py:623} INFO - DAG(s) dict_keys(['example_bash_operator']) retrieved from /home/airflow/.local/lib/python3.8/site-packages/airflow/example_dags/example_bash_operator.py
[2021-09-16 09:02:59,931] {logging_mixin.py:109} INFO - [2021-09-16 09:02:59,930] {dag.py:1833} INFO - Sync 1 DAGs
[2021-09-16 09:02:59,944] {logging_mixin.py:109} INFO - [2021-09-16 09:02:59,944] {dag.py:2306} INFO - Setting next_dagrun for example_bash_operator to 2021-09-14 00:00:00+00:00
[2021-09-16 09:02:59,952] {processor.py:170} INFO - Processing /home/airflow/.local/lib/python3.8/site-packages/airflow/example_dags/example_bash_operator.py took 0.058 seconds
[2021-09-16 09:03:30,309] {processor.py:162} INFO - Started process (PID=657) to work on /home/airflow/.local/lib/python3.8/site-packages/airflow/example_dags/example_bash_operator.py
[2021-09-16 09:03:30,311] {processor.py:613} INFO - Processing file /home/airflow/.local/lib/python3.8/site-packages/airflow/example_dags/example_bash_operator.py for tasks to queue
[2021-09-16 09:03:30,313] {logging_mixin.py:109} INFO - [2021-09-16 09:03:30,312] {dagbag.py:496} INFO - Filling up the DagBag from /home/airflow/.local/lib/python3.8/site-packages/airflow/example_dags/example_bash_operator.py
[2021-09-16 09:03:30,327] {processor.py:623} INFO - DAG(s) dict_keys(['example_bash_operator']) retrieved from /home/airflow/.local/lib/python3.8/site-packages/airflow/example_dags/example_bash_operator.py
[2021-09-16 09:03:30,346] {logging_mixin.py:109} INFO - [2021-09-16 09:03:30,346] {dag.py:1833} INFO - Sync 1 DAGs
[2021-09-16 09:03:30,359] {logging_mixin.py:109} INFO - [2021-09-16 09:03:30,359] {dag.py:2306} INFO - Setting next_dagrun for example_bash_operator to 2021-09-14 00:00:00+00:00
[2021-09-16 09:03:30,369] {processor.py:170} INFO - Processing /home/airflow/.local/lib/python3.8/site-packages/airflow/example_dags/example_bash_operator.py took 0.063 seconds
[2021-09-16 09:04:00,482] {processor.py:162} INFO - Started process (PID=712) to work on /home/airflow/.local/lib/python3.8/site-packages/airflow/example_dags/example_bash_operator.py
[2021-09-16 09:04:00,484] {processor.py:613} INFO - Processing file /home/airflow/.local/lib/python3.8/site-packages/airflow/example_dags/example_bash_operator.py for tasks to queue
[2021-09-16 09:04:00,485] {logging_mixin.py:109} INFO - [2021-09-16 09:04:00,485] {dagbag.py:496} INFO - Filling up the DagBag from /home/airflow/.local/lib/python3.8/site-packages/airflow/example_dags/example_bash_operator.py
[2021-09-16 09:04:00,497] {processor.py:623} INFO - DAG(s) dict_keys(['example_bash_operator']) retrieved from /home/airflow/.local/lib/python3.8/site-packages/airflow/example_dags/example_bash_operator.py
[2021-09-16 09:04:00,516] {logging_mixin.py:109} INFO - [2021-09-16 09:04:00,516] {dag.py:1833} INFO - Sync 1 DAGs
[2021-09-16 09:04:00,538] {logging_mixin.py:109} INFO - [2021-09-16 09:04:00,538] {dag.py:2306} INFO - Setting next_dagrun for example_bash_operator to 2021-09-14 00:00:00+00:00
[2021-09-16 09:04:00,547] {processor.py:170} INFO - Processing /home/airflow/.local/lib/python3.8/site-packages/airflow/example_dags/example_bash_operator.py took 0.068 seconds
[2021-09-16 09:04:30,690] {processor.py:162} INFO - Started process (PID=760) to work on /home/airflow/.local/lib/python3.8/site-packages/airflow/example_dags/example_bash_operator.py
[2021-09-16 09:04:30,692] {processor.py:613} INFO - Processing file /home/airflow/.local/lib/python3.8/site-packages/airflow/example_dags/example_bash_operator.py for tasks to queue
[2021-09-16 09:04:30,693] {logging_mixin.py:109} INFO - [2021-09-16 09:04:30,693] {dagbag.py:496} INFO - Filling up the DagBag from /home/airflow/.local/lib/python3.8/site-packages/airflow/example_dags/example_bash_operator.py
[2021-09-16 09:04:30,707] {processor.py:623} INFO - DAG(s) dict_keys(['example_bash_operator']) retrieved from /home/airflow/.local/lib/python3.8/site-packages/airflow/example_dags/example_bash_operator.py
[2021-09-16 09:04:30,735] {logging_mixin.py:109} INFO - [2021-09-16 09:04:30,735] {dag.py:1833} INFO - Sync 1 DAGs
[2021-09-16 09:04:30,757] {logging_mixin.py:109} INFO - [2021-09-16 09:04:30,757] {dag.py:2306} INFO - Setting next_dagrun for example_bash_operator to 2021-09-14 00:00:00+00:00
[2021-09-16 09:04:30,769] {processor.py:170} INFO - Processing /home/airflow/.local/lib/python3.8/site-packages/airflow/example_dags/example_bash_operator.py took 0.082 seconds
[2021-09-16 09:05:00,946] {processor.py:162} INFO - Started process (PID=817) to work on /home/airflow/.local/lib/python3.8/site-packages/airflow/example_dags/example_bash_operator.py
[2021-09-16 09:05:00,948] {processor.py:613} INFO - Processing file /home/airflow/.local/lib/python3.8/site-packages/airflow/example_dags/example_bash_operator.py for tasks to queue
[2021-09-16 09:05:00,949] {logging_mixin.py:109} INFO - [2021-09-16 09:05:00,949] {dagbag.py:496} INFO - Filling up the DagBag from /home/airflow/.local/lib/python3.8/site-packages/airflow/example_dags/example_bash_operator.py
[2021-09-16 09:05:00,962] {processor.py:623} INFO - DAG(s) dict_keys(['example_bash_operator']) retrieved from /home/airflow/.local/lib/python3.8/site-packages/airflow/example_dags/example_bash_operator.py
[2021-09-16 09:05:00,981] {logging_mixin.py:109} INFO - [2021-09-16 09:05:00,981] {dag.py:1833} INFO - Sync 1 DAGs
[2021-09-16 09:05:00,994] {logging_mixin.py:109} INFO - [2021-09-16 09:05:00,994] {dag.py:2306} INFO - Setting next_dagrun for example_bash_operator to 2021-09-14 00:00:00+00:00
[2021-09-16 09:05:01,002] {processor.py:170} INFO - Processing /home/airflow/.local/lib/python3.8/site-packages/airflow/example_dags/example_bash_operator.py took 0.060 seconds
[2021-09-16 09:05:31,188] {processor.py:162} INFO - Started process (PID=873) to work on /home/airflow/.local/lib/python3.8/site-packages/airflow/example_dags/example_bash_operator.py
[2021-09-16 09:05:31,193] {processor.py:613} INFO - Processing file /home/airflow/.local/lib/python3.8/site-packages/airflow/example_dags/example_bash_operator.py for tasks to queue
[2021-09-16 09:05:31,195] {logging_mixin.py:109} INFO - [2021-09-16 09:05:31,195] {dagbag.py:496} INFO - Filling up the DagBag from /home/airflow/.local/lib/python3.8/site-packages/airflow/example_dags/example_bash_operator.py
[2021-09-16 09:05:31,208] {processor.py:623} INFO - DAG(s) dict_keys(['example_bash_operator']) retrieved from /home/airflow/.local/lib/python3.8/site-packages/airflow/example_dags/example_bash_operator.py
[2021-09-16 09:05:31,236] {logging_mixin.py:109} INFO - [2021-09-16 09:05:31,236] {dag.py:1833} INFO - Sync 1 DAGs
[2021-09-16 09:05:31,254] {logging_mixin.py:109} INFO - [2021-09-16 09:05:31,254] {dag.py:2306} INFO - Setting next_dagrun for example_bash_operator to 2021-09-14 00:00:00+00:00
[2021-09-16 09:05:31,265] {processor.py:170} INFO - Processing /home/airflow/.local/lib/python3.8/site-packages/airflow/example_dags/example_bash_operator.py took 0.082 seconds
[2021-09-16 09:06:01,512] {processor.py:162} INFO - Started process (PID=928) to work on /home/airflow/.local/lib/python3.8/site-packages/airflow/example_dags/example_bash_operator.py
[2021-09-16 09:06:01,514] {processor.py:613} INFO - Processing file /home/airflow/.local/lib/python3.8/site-packages/airflow/example_dags/example_bash_operator.py for tasks to queue
[2021-09-16 09:06:01,515] {logging_mixin.py:109} INFO - [2021-09-16 09:06:01,515] {dagbag.py:496} INFO - Filling up the DagBag from /home/airflow/.local/lib/python3.8/site-packages/airflow/example_dags/example_bash_operator.py
[2021-09-16 09:06:01,530] {processor.py:623} INFO - DAG(s) dict_keys(['example_bash_operator']) retrieved from /home/airflow/.local/lib/python3.8/site-packages/airflow/example_dags/example_bash_operator.py
[2021-09-16 09:06:01,551] {logging_mixin.py:109} INFO - [2021-09-16 09:06:01,551] {dag.py:1833} INFO - Sync 1 DAGs
[2021-09-16 09:06:01,572] {logging_mixin.py:109} INFO - [2021-09-16 09:06:01,572] {dag.py:2306} INFO - Setting next_dagrun for example_bash_operator to 2021-09-14 00:00:00+00:00
[2021-09-16 09:06:01,581] {processor.py:170} INFO - Processing /home/airflow/.local/lib/python3.8/site-packages/airflow/example_dags/example_bash_operator.py took 0.073 seconds
[2021-09-16 09:06:31,854] {processor.py:162} INFO - Started process (PID=976) to work on /home/airflow/.local/lib/python3.8/site-packages/airflow/example_dags/example_bash_operator.py
[2021-09-16 09:06:31,857] {processor.py:613} INFO - Processing file /home/airflow/.local/lib/python3.8/site-packages/airflow/example_dags/example_bash_operator.py for tasks to queue
[2021-09-16 09:06:31,858] {logging_mixin.py:109} INFO - [2021-09-16 09:06:31,858] {dagbag.py:496} INFO - Filling up the DagBag from /home/airflow/.local/lib/python3.8/site-packages/airflow/example_dags/example_bash_operator.py
[2021-09-16 09:06:31,871] {processor.py:623} INFO - DAG(s) dict_keys(['example_bash_operator']) retrieved from /home/airflow/.local/lib/python3.8/site-packages/airflow/example_dags/example_bash_operator.py
[2021-09-16 09:06:31,889] {logging_mixin.py:109} INFO - [2021-09-16 09:06:31,889] {dag.py:1833} INFO - Sync 1 DAGs
[2021-09-16 09:06:31,903] {logging_mixin.py:109} INFO - [2021-09-16 09:06:31,902] {dag.py:2306} INFO - Setting next_dagrun for example_bash_operator to 2021-09-14 00:00:00+00:00
[2021-09-16 09:06:31,911] {processor.py:170} INFO - Processing /home/airflow/.local/lib/python3.8/site-packages/airflow/example_dags/example_bash_operator.py took 0.060 seconds
[2021-09-16 09:07:01,933] {processor.py:162} INFO - Started process (PID=1032) to work on /home/airflow/.local/lib/python3.8/site-packages/airflow/example_dags/example_bash_operator.py
[2021-09-16 09:07:01,935] {processor.py:613} INFO - Processing file /home/airflow/.local/lib/python3.8/site-packages/airflow/example_dags/example_bash_operator.py for tasks to queue
[2021-09-16 09:07:01,936] {logging_mixin.py:109} INFO - [2021-09-16 09:07:01,936] {dagbag.py:496} INFO - Filling up the DagBag from /home/airflow/.local/lib/python3.8/site-packages/airflow/example_dags/example_bash_operator.py
[2021-09-16 09:07:01,949] {processor.py:623} INFO - DAG(s) dict_keys(['example_bash_operator']) retrieved from /home/airflow/.local/lib/python3.8/site-packages/airflow/example_dags/example_bash_operator.py
[2021-09-16 09:07:01,967] {logging_mixin.py:109} INFO - [2021-09-16 09:07:01,967] {dag.py:1833} INFO - Sync 1 DAGs
[2021-09-16 09:07:01,980] {logging_mixin.py:109} INFO - [2021-09-16 09:07:01,980] {dag.py:2306} INFO - Setting next_dagrun for example_bash_operator to 2021-09-14 00:00:00+00:00
[2021-09-16 09:07:01,988] {processor.py:170} INFO - Processing /home/airflow/.local/lib/python3.8/site-packages/airflow/example_dags/example_bash_operator.py took 0.058 seconds
[2021-09-16 09:07:32,254] {processor.py:162} INFO - Started process (PID=1087) to work on /home/airflow/.local/lib/python3.8/site-packages/airflow/example_dags/example_bash_operator.py
[2021-09-16 09:07:32,255] {processor.py:613} INFO - Processing file /home/airflow/.local/lib/python3.8/site-packages/airflow/example_dags/example_bash_operator.py for tasks to queue
[2021-09-16 09:07:32,257] {logging_mixin.py:109} INFO - [2021-09-16 09:07:32,257] {dagbag.py:496} INFO - Filling up the DagBag from /home/airflow/.local/lib/python3.8/site-packages/airflow/example_dags/example_bash_operator.py
[2021-09-16 09:07:32,271] {processor.py:623} INFO - DAG(s) dict_keys(['example_bash_operator']) retrieved from /home/airflow/.local/lib/python3.8/site-packages/airflow/example_dags/example_bash_operator.py
[2021-09-16 09:07:32,293] {logging_mixin.py:109} INFO - [2021-09-16 09:07:32,293] {dag.py:1833} INFO - Sync 1 DAGs
[2021-09-16 09:07:32,308] {logging_mixin.py:109} INFO - [2021-09-16 09:07:32,308] {dag.py:2306} INFO - Setting next_dagrun for example_bash_operator to 2021-09-14 00:00:00+00:00
[2021-09-16 09:07:32,316] {processor.py:170} INFO - Processing /home/airflow/.local/lib/python3.8/site-packages/airflow/example_dags/example_bash_operator.py took 0.065 seconds
[2021-09-16 09:08:02,710] {processor.py:162} INFO - Started process (PID=1134) to work on /home/airflow/.local/lib/python3.8/site-packages/airflow/example_dags/example_bash_operator.py
[2021-09-16 09:08:02,712] {processor.py:613} INFO - Processing file /home/airflow/.local/lib/python3.8/site-packages/airflow/example_dags/example_bash_operator.py for tasks to queue
[2021-09-16 09:08:02,713] {logging_mixin.py:109} INFO - [2021-09-16 09:08:02,712] {dagbag.py:496} INFO - Filling up the DagBag from /home/airflow/.local/lib/python3.8/site-packages/airflow/example_dags/example_bash_operator.py
[2021-09-16 09:08:02,728] {processor.py:623} INFO - DAG(s) dict_keys(['example_bash_operator']) retrieved from /home/airflow/.local/lib/python3.8/site-packages/airflow/example_dags/example_bash_operator.py
[2021-09-16 09:08:02,754] {logging_mixin.py:109} INFO - [2021-09-16 09:08:02,754] {dag.py:1833} INFO - Sync 1 DAGs
[2021-09-16 09:08:02,768] {logging_mixin.py:109} INFO - [2021-09-16 09:08:02,768] {dag.py:2306} INFO - Setting next_dagrun for example_bash_operator to 2021-09-14 00:00:00+00:00
[2021-09-16 09:08:02,776] {processor.py:170} INFO - Processing /home/airflow/.local/lib/python3.8/site-packages/airflow/example_dags/example_bash_operator.py took 0.070 seconds
[2021-09-16 09:08:33,166] {processor.py:162} INFO - Started process (PID=1191) to work on /home/airflow/.local/lib/python3.8/site-packages/airflow/example_dags/example_bash_operator.py
[2021-09-16 09:08:33,169] {processor.py:613} INFO - Processing file /home/airflow/.local/lib/python3.8/site-packages/airflow/example_dags/example_bash_operator.py for tasks to queue
[2021-09-16 09:08:33,170] {logging_mixin.py:109} INFO - [2021-09-16 09:08:33,170] {dagbag.py:496} INFO - Filling up the DagBag from /home/airflow/.local/lib/python3.8/site-packages/airflow/example_dags/example_bash_operator.py
[2021-09-16 09:08:33,182] {processor.py:623} INFO - DAG(s) dict_keys(['example_bash_operator']) retrieved from /home/airflow/.local/lib/python3.8/site-packages/airflow/example_dags/example_bash_operator.py
[2021-09-16 09:08:33,201] {logging_mixin.py:109} INFO - [2021-09-16 09:08:33,201] {dag.py:1833} INFO - Sync 1 DAGs
[2021-09-16 09:08:33,215] {logging_mixin.py:109} INFO - [2021-09-16 09:08:33,215] {dag.py:2306} INFO - Setting next_dagrun for example_bash_operator to 2021-09-14 00:00:00+00:00
[2021-09-16 09:08:33,223] {processor.py:170} INFO - Processing /home/airflow/.local/lib/python3.8/site-packages/airflow/example_dags/example_bash_operator.py took 0.061 seconds
[2021-09-16 09:09:03,567] {processor.py:162} INFO - Started process (PID=1247) to work on /home/airflow/.local/lib/python3.8/site-packages/airflow/example_dags/example_bash_operator.py
[2021-09-16 09:09:03,569] {processor.py:613} INFO - Processing file /home/airflow/.local/lib/python3.8/site-packages/airflow/example_dags/example_bash_operator.py for tasks to queue
[2021-09-16 09:09:03,570] {logging_mixin.py:109} INFO - [2021-09-16 09:09:03,570] {dagbag.py:496} INFO - Filling up the DagBag from /home/airflow/.local/lib/python3.8/site-packages/airflow/example_dags/example_bash_operator.py
[2021-09-16 09:09:03,584] {processor.py:623} INFO - DAG(s) dict_keys(['example_bash_operator']) retrieved from /home/airflow/.local/lib/python3.8/site-packages/airflow/example_dags/example_bash_operator.py
[2021-09-16 09:09:03,611] {logging_mixin.py:109} INFO - [2021-09-16 09:09:03,611] {dag.py:1833} INFO - Sync 1 DAGs
[2021-09-16 09:09:03,630] {logging_mixin.py:109} INFO - [2021-09-16 09:09:03,629] {dag.py:2306} INFO - Setting next_dagrun for example_bash_operator to 2021-09-14 00:00:00+00:00
[2021-09-16 09:09:03,640] {processor.py:170} INFO - Processing /home/airflow/.local/lib/python3.8/site-packages/airflow/example_dags/example_bash_operator.py took 0.077 seconds
[2021-09-16 09:09:33,954] {processor.py:162} INFO - Started process (PID=1302) to work on /home/airflow/.local/lib/python3.8/site-packages/airflow/example_dags/example_bash_operator.py
[2021-09-16 09:09:33,956] {processor.py:613} INFO - Processing file /home/airflow/.local/lib/python3.8/site-packages/airflow/example_dags/example_bash_operator.py for tasks to queue
[2021-09-16 09:09:33,957] {logging_mixin.py:109} INFO - [2021-09-16 09:09:33,957] {dagbag.py:496} INFO - Filling up the DagBag from /home/airflow/.local/lib/python3.8/site-packages/airflow/example_dags/example_bash_operator.py
[2021-09-16 09:09:33,971] {processor.py:623} INFO - DAG(s) dict_keys(['example_bash_operator']) retrieved from /home/airflow/.local/lib/python3.8/site-packages/airflow/example_dags/example_bash_operator.py
[2021-09-16 09:09:33,990] {logging_mixin.py:109} INFO - [2021-09-16 09:09:33,990] {dag.py:1833} INFO - Sync 1 DAGs
[2021-09-16 09:09:34,003] {logging_mixin.py:109} INFO - [2021-09-16 09:09:34,003] {dag.py:2306} INFO - Setting next_dagrun for example_bash_operator to 2021-09-14 00:00:00+00:00
[2021-09-16 09:09:34,011] {processor.py:170} INFO - Processing /home/airflow/.local/lib/python3.8/site-packages/airflow/example_dags/example_bash_operator.py took 0.060 seconds
[2021-09-16 09:10:04,332] {processor.py:162} INFO - Started process (PID=1351) to work on /home/airflow/.local/lib/python3.8/site-packages/airflow/example_dags/example_bash_operator.py
[2021-09-16 09:10:04,333] {processor.py:613} INFO - Processing file /home/airflow/.local/lib/python3.8/site-packages/airflow/example_dags/example_bash_operator.py for tasks to queue
[2021-09-16 09:10:04,335] {logging_mixin.py:109} INFO - [2021-09-16 09:10:04,334] {dagbag.py:496} INFO - Filling up the DagBag from /home/airflow/.local/lib/python3.8/site-packages/airflow/example_dags/example_bash_operator.py
[2021-09-16 09:10:04,350] {processor.py:623} INFO - DAG(s) dict_keys(['example_bash_operator']) retrieved from /home/airflow/.local/lib/python3.8/site-packages/airflow/example_dags/example_bash_operator.py
[2021-09-16 09:10:04,374] {logging_mixin.py:109} INFO - [2021-09-16 09:10:04,374] {dag.py:1833} INFO - Sync 1 DAGs
[2021-09-16 09:10:04,389] {logging_mixin.py:109} INFO - [2021-09-16 09:10:04,389] {dag.py:2306} INFO - Setting next_dagrun for example_bash_operator to 2021-09-14 00:00:00+00:00
[2021-09-16 09:10:04,400] {processor.py:170} INFO - Processing /home/airflow/.local/lib/python3.8/site-packages/airflow/example_dags/example_bash_operator.py took 0.072 seconds
[2021-09-16 09:10:34,732] {processor.py:162} INFO - Started process (PID=1406) to work on /home/airflow/.local/lib/python3.8/site-packages/airflow/example_dags/example_bash_operator.py
[2021-09-16 09:10:34,733] {processor.py:613} INFO - Processing file /home/airflow/.local/lib/python3.8/site-packages/airflow/example_dags/example_bash_operator.py for tasks to queue
[2021-09-16 09:10:34,734] {logging_mixin.py:109} INFO - [2021-09-16 09:10:34,734] {dagbag.py:496} INFO - Filling up the DagBag from /home/airflow/.local/lib/python3.8/site-packages/airflow/example_dags/example_bash_operator.py
[2021-09-16 09:10:34,749] {processor.py:623} INFO - DAG(s) dict_keys(['example_bash_operator']) retrieved from /home/airflow/.local/lib/python3.8/site-packages/airflow/example_dags/example_bash_operator.py
[2021-09-16 09:10:34,772] {logging_mixin.py:109} INFO - [2021-09-16 09:10:34,772] {dag.py:1833} INFO - Sync 1 DAGs
[2021-09-16 09:10:34,787] {logging_mixin.py:109} INFO - [2021-09-16 09:10:34,787] {dag.py:2306} INFO - Setting next_dagrun for example_bash_operator to 2021-09-14 00:00:00+00:00
[2021-09-16 09:10:34,797] {processor.py:170} INFO - Processing /home/airflow/.local/lib/python3.8/site-packages/airflow/example_dags/example_bash_operator.py took 0.069 seconds
[2021-09-16 09:11:05,359] {processor.py:162} INFO - Started process (PID=1462) to work on /home/airflow/.local/lib/python3.8/site-packages/airflow/example_dags/example_bash_operator.py
[2021-09-16 09:11:05,361] {processor.py:613} INFO - Processing file /home/airflow/.local/lib/python3.8/site-packages/airflow/example_dags/example_bash_operator.py for tasks to queue
[2021-09-16 09:11:05,362] {logging_mixin.py:109} INFO - [2021-09-16 09:11:05,362] {dagbag.py:496} INFO - Filling up the DagBag from /home/airflow/.local/lib/python3.8/site-packages/airflow/example_dags/example_bash_operator.py
[2021-09-16 09:11:05,377] {processor.py:623} INFO - DAG(s) dict_keys(['example_bash_operator']) retrieved from /home/airflow/.local/lib/python3.8/site-packages/airflow/example_dags/example_bash_operator.py
[2021-09-16 09:11:05,397] {logging_mixin.py:109} INFO - [2021-09-16 09:11:05,397] {dag.py:1833} INFO - Sync 1 DAGs
[2021-09-16 09:11:05,410] {logging_mixin.py:109} INFO - [2021-09-16 09:11:05,410] {dag.py:2306} INFO - Setting next_dagrun for example_bash_operator to 2021-09-14 00:00:00+00:00
[2021-09-16 09:11:05,418] {processor.py:170} INFO - Processing /home/airflow/.local/lib/python3.8/site-packages/airflow/example_dags/example_bash_operator.py took 0.063 seconds
[2021-09-16 09:11:35,854] {processor.py:162} INFO - Started process (PID=1519) to work on /home/airflow/.local/lib/python3.8/site-packages/airflow/example_dags/example_bash_operator.py
[2021-09-16 09:11:35,856] {processor.py:613} INFO - Processing file /home/airflow/.local/lib/python3.8/site-packages/airflow/example_dags/example_bash_operator.py for tasks to queue
[2021-09-16 09:11:35,858] {logging_mixin.py:109} INFO - [2021-09-16 09:11:35,858] {dagbag.py:496} INFO - Filling up the DagBag from /home/airflow/.local/lib/python3.8/site-packages/airflow/example_dags/example_bash_operator.py
[2021-09-16 09:11:35,877] {processor.py:623} INFO - DAG(s) dict_keys(['example_bash_operator']) retrieved from /home/airflow/.local/lib/python3.8/site-packages/airflow/example_dags/example_bash_operator.py
[2021-09-16 09:11:35,901] {logging_mixin.py:109} INFO - [2021-09-16 09:11:35,901] {dag.py:1833} INFO - Sync 1 DAGs
[2021-09-16 09:11:35,930] {logging_mixin.py:109} INFO - [2021-09-16 09:11:35,930] {dag.py:2306} INFO - Setting next_dagrun for example_bash_operator to 2021-09-14 00:00:00+00:00
[2021-09-16 09:11:35,938] {processor.py:170} INFO - Processing /home/airflow/.local/lib/python3.8/site-packages/airflow/example_dags/example_bash_operator.py took 0.086 seconds
[2021-09-16 09:12:06,307] {processor.py:162} INFO - Started process (PID=1566) to work on /home/airflow/.local/lib/python3.8/site-packages/airflow/example_dags/example_bash_operator.py
[2021-09-16 09:12:06,310] {processor.py:613} INFO - Processing file /home/airflow/.local/lib/python3.8/site-packages/airflow/example_dags/example_bash_operator.py for tasks to queue
[2021-09-16 09:12:06,311] {logging_mixin.py:109} INFO - [2021-09-16 09:12:06,311] {dagbag.py:496} INFO - Filling up the DagBag from /home/airflow/.local/lib/python3.8/site-packages/airflow/example_dags/example_bash_operator.py
[2021-09-16 09:12:06,325] {processor.py:623} INFO - DAG(s) dict_keys(['example_bash_operator']) retrieved from /home/airflow/.local/lib/python3.8/site-packages/airflow/example_dags/example_bash_operator.py
[2021-09-16 09:12:06,348] {logging_mixin.py:109} INFO - [2021-09-16 09:12:06,347] {dag.py:1833} INFO - Sync 1 DAGs
[2021-09-16 09:12:06,364] {logging_mixin.py:109} INFO - [2021-09-16 09:12:06,364] {dag.py:2306} INFO - Setting next_dagrun for example_bash_operator to 2021-09-14 00:00:00+00:00
[2021-09-16 09:12:06,374] {processor.py:170} INFO - Processing /home/airflow/.local/lib/python3.8/site-packages/airflow/example_dags/example_bash_operator.py took 0.070 seconds
[2021-09-16 09:12:36,803] {processor.py:162} INFO - Started process (PID=1622) to work on /home/airflow/.local/lib/python3.8/site-packages/airflow/example_dags/example_bash_operator.py
[2021-09-16 09:12:36,806] {processor.py:613} INFO - Processing file /home/airflow/.local/lib/python3.8/site-packages/airflow/example_dags/example_bash_operator.py for tasks to queue
[2021-09-16 09:12:36,807] {logging_mixin.py:109} INFO - [2021-09-16 09:12:36,807] {dagbag.py:496} INFO - Filling up the DagBag from /home/airflow/.local/lib/python3.8/site-packages/airflow/example_dags/example_bash_operator.py
[2021-09-16 09:12:36,824] {processor.py:623} INFO - DAG(s) dict_keys(['example_bash_operator']) retrieved from /home/airflow/.local/lib/python3.8/site-packages/airflow/example_dags/example_bash_operator.py
[2021-09-16 09:12:36,843] {logging_mixin.py:109} INFO - [2021-09-16 09:12:36,843] {dag.py:1833} INFO - Sync 1 DAGs
[2021-09-16 09:12:36,858] {logging_mixin.py:109} INFO - [2021-09-16 09:12:36,858] {dag.py:2306} INFO - Setting next_dagrun for example_bash_operator to 2021-09-14 00:00:00+00:00
[2021-09-16 09:12:36,868] {processor.py:170} INFO - Processing /home/airflow/.local/lib/python3.8/site-packages/airflow/example_dags/example_bash_operator.py took 0.069 seconds
[2021-09-16 09:13:07,252] {processor.py:162} INFO - Started process (PID=1678) to work on /home/airflow/.local/lib/python3.8/site-packages/airflow/example_dags/example_bash_operator.py
[2021-09-16 09:13:07,254] {processor.py:613} INFO - Processing file /home/airflow/.local/lib/python3.8/site-packages/airflow/example_dags/example_bash_operator.py for tasks to queue
[2021-09-16 09:13:07,255] {logging_mixin.py:109} INFO - [2021-09-16 09:13:07,255] {dagbag.py:496} INFO - Filling up the DagBag from /home/airflow/.local/lib/python3.8/site-packages/airflow/example_dags/example_bash_operator.py
[2021-09-16 09:13:07,268] {processor.py:623} INFO - DAG(s) dict_keys(['example_bash_operator']) retrieved from /home/airflow/.local/lib/python3.8/site-packages/airflow/example_dags/example_bash_operator.py
[2021-09-16 09:13:07,288] {logging_mixin.py:109} INFO - [2021-09-16 09:13:07,288] {dag.py:1833} INFO - Sync 1 DAGs
[2021-09-16 09:13:07,304] {logging_mixin.py:109} INFO - [2021-09-16 09:13:07,304] {dag.py:2306} INFO - Setting next_dagrun for example_bash_operator to 2021-09-14 00:00:00+00:00
[2021-09-16 09:13:07,331] {processor.py:170} INFO - Processing /home/airflow/.local/lib/python3.8/site-packages/airflow/example_dags/example_bash_operator.py took 0.081 seconds
[2021-09-16 09:13:37,765] {processor.py:162} INFO - Started process (PID=1725) to work on /home/airflow/.local/lib/python3.8/site-packages/airflow/example_dags/example_bash_operator.py
[2021-09-16 09:13:37,766] {processor.py:613} INFO - Processing file /home/airflow/.local/lib/python3.8/site-packages/airflow/example_dags/example_bash_operator.py for tasks to queue
[2021-09-16 09:13:37,767] {logging_mixin.py:109} INFO - [2021-09-16 09:13:37,767] {dagbag.py:496} INFO - Filling up the DagBag from /home/airflow/.local/lib/python3.8/site-packages/airflow/example_dags/example_bash_operator.py
[2021-09-16 09:13:37,781] {processor.py:623} INFO - DAG(s) dict_keys(['example_bash_operator']) retrieved from /home/airflow/.local/lib/python3.8/site-packages/airflow/example_dags/example_bash_operator.py
[2021-09-16 09:13:37,802] {logging_mixin.py:109} INFO - [2021-09-16 09:13:37,802] {dag.py:1833} INFO - Sync 1 DAGs
[2021-09-16 09:13:37,816] {logging_mixin.py:109} INFO - [2021-09-16 09:13:37,816] {dag.py:2306} INFO - Setting next_dagrun for example_bash_operator to 2021-09-14 00:00:00+00:00
[2021-09-16 09:13:37,825] {processor.py:170} INFO - Processing /home/airflow/.local/lib/python3.8/site-packages/airflow/example_dags/example_bash_operator.py took 0.064 seconds
[2021-09-16 09:14:08,009] {processor.py:162} INFO - Started process (PID=1781) to work on /home/airflow/.local/lib/python3.8/site-packages/airflow/example_dags/example_bash_operator.py
[2021-09-16 09:14:08,011] {processor.py:613} INFO - Processing file /home/airflow/.local/lib/python3.8/site-packages/airflow/example_dags/example_bash_operator.py for tasks to queue
[2021-09-16 09:14:08,012] {logging_mixin.py:109} INFO - [2021-09-16 09:14:08,012] {dagbag.py:496} INFO - Filling up the DagBag from /home/airflow/.local/lib/python3.8/site-packages/airflow/example_dags/example_bash_operator.py
[2021-09-16 09:14:08,026] {processor.py:623} INFO - DAG(s) dict_keys(['example_bash_operator']) retrieved from /home/airflow/.local/lib/python3.8/site-packages/airflow/example_dags/example_bash_operator.py
[2021-09-16 09:14:08,044] {logging_mixin.py:109} INFO - [2021-09-16 09:14:08,044] {dag.py:1833} INFO - Sync 1 DAGs
[2021-09-16 09:14:08,058] {logging_mixin.py:109} INFO - [2021-09-16 09:14:08,058] {dag.py:2306} INFO - Setting next_dagrun for example_bash_operator to 2021-09-14 00:00:00+00:00
[2021-09-16 09:14:08,066] {processor.py:170} INFO - Processing /home/airflow/.local/lib/python3.8/site-packages/airflow/example_dags/example_bash_operator.py took 0.061 seconds
[2021-09-16 09:14:38,142] {processor.py:162} INFO - Started process (PID=1836) to work on /home/airflow/.local/lib/python3.8/site-packages/airflow/example_dags/example_bash_operator.py
[2021-09-16 09:14:38,144] {processor.py:613} INFO - Processing file /home/airflow/.local/lib/python3.8/site-packages/airflow/example_dags/example_bash_operator.py for tasks to queue
[2021-09-16 09:14:38,145] {logging_mixin.py:109} INFO - [2021-09-16 09:14:38,145] {dagbag.py:496} INFO - Filling up the DagBag from /home/airflow/.local/lib/python3.8/site-packages/airflow/example_dags/example_bash_operator.py
[2021-09-16 09:14:38,157] {processor.py:623} INFO - DAG(s) dict_keys(['example_bash_operator']) retrieved from /home/airflow/.local/lib/python3.8/site-packages/airflow/example_dags/example_bash_operator.py
[2021-09-16 09:14:38,177] {logging_mixin.py:109} INFO - [2021-09-16 09:14:38,177] {dag.py:1833} INFO - Sync 1 DAGs
[2021-09-16 09:14:38,190] {logging_mixin.py:109} INFO - [2021-09-16 09:14:38,190] {dag.py:2306} INFO - Setting next_dagrun for example_bash_operator to 2021-09-14 00:00:00+00:00
[2021-09-16 09:14:38,201] {processor.py:170} INFO - Processing /home/airflow/.local/lib/python3.8/site-packages/airflow/example_dags/example_bash_operator.py took 0.063 seconds
[2021-09-16 09:15:08,402] {processor.py:162} INFO - Started process (PID=1882) to work on /home/airflow/.local/lib/python3.8/site-packages/airflow/example_dags/example_bash_operator.py
[2021-09-16 09:15:08,404] {processor.py:613} INFO - Processing file /home/airflow/.local/lib/python3.8/site-packages/airflow/example_dags/example_bash_operator.py for tasks to queue
[2021-09-16 09:15:08,405] {logging_mixin.py:109} INFO - [2021-09-16 09:15:08,405] {dagbag.py:496} INFO - Filling up the DagBag from /home/airflow/.local/lib/python3.8/site-packages/airflow/example_dags/example_bash_operator.py
[2021-09-16 09:15:08,417] {processor.py:623} INFO - DAG(s) dict_keys(['example_bash_operator']) retrieved from /home/airflow/.local/lib/python3.8/site-packages/airflow/example_dags/example_bash_operator.py
[2021-09-16 09:15:08,436] {logging_mixin.py:109} INFO - [2021-09-16 09:15:08,436] {dag.py:1833} INFO - Sync 1 DAGs
[2021-09-16 09:15:08,450] {logging_mixin.py:109} INFO - [2021-09-16 09:15:08,450] {dag.py:2306} INFO - Setting next_dagrun for example_bash_operator to 2021-09-14 00:00:00+00:00
[2021-09-16 09:15:08,458] {processor.py:170} INFO - Processing /home/airflow/.local/lib/python3.8/site-packages/airflow/example_dags/example_bash_operator.py took 0.059 seconds
[2021-09-16 09:15:38,756] {processor.py:162} INFO - Started process (PID=1940) to work on /home/airflow/.local/lib/python3.8/site-packages/airflow/example_dags/example_bash_operator.py
[2021-09-16 09:15:38,757] {processor.py:613} INFO - Processing file /home/airflow/.local/lib/python3.8/site-packages/airflow/example_dags/example_bash_operator.py for tasks to queue
[2021-09-16 09:15:38,759] {logging_mixin.py:109} INFO - [2021-09-16 09:15:38,758] {dagbag.py:496} INFO - Filling up the DagBag from /home/airflow/.local/lib/python3.8/site-packages/airflow/example_dags/example_bash_operator.py
[2021-09-16 09:15:38,773] {processor.py:623} INFO - DAG(s) dict_keys(['example_bash_operator']) retrieved from /home/airflow/.local/lib/python3.8/site-packages/airflow/example_dags/example_bash_operator.py
[2021-09-16 09:15:38,795] {logging_mixin.py:109} INFO - [2021-09-16 09:15:38,794] {dag.py:1833} INFO - Sync 1 DAGs
[2021-09-16 09:15:38,812] {logging_mixin.py:109} INFO - [2021-09-16 09:15:38,812] {dag.py:2306} INFO - Setting next_dagrun for example_bash_operator to 2021-09-14 00:00:00+00:00
[2021-09-16 09:15:38,826] {processor.py:170} INFO - Processing /home/airflow/.local/lib/python3.8/site-packages/airflow/example_dags/example_bash_operator.py took 0.074 seconds
