[2021-09-16 08:37:50,610] {processor.py:162} INFO - Started process (PID=166) to work on /home/airflow/.local/lib/python3.8/site-packages/airflow/example_dags/example_kubernetes_executor.py
[2021-09-16 08:37:50,612] {processor.py:613} INFO - Processing file /home/airflow/.local/lib/python3.8/site-packages/airflow/example_dags/example_kubernetes_executor.py for tasks to queue
[2021-09-16 08:37:50,613] {logging_mixin.py:109} INFO - [2021-09-16 08:37:50,613] {dagbag.py:496} INFO - Filling up the DagBag from /home/airflow/.local/lib/python3.8/site-packages/airflow/example_dags/example_kubernetes_executor.py
[2021-09-16 08:37:50,627] {processor.py:623} INFO - DAG(s) dict_keys(['example_kubernetes_executor']) retrieved from /home/airflow/.local/lib/python3.8/site-packages/airflow/example_dags/example_kubernetes_executor.py
[2021-09-16 08:37:52,147] {logging_mixin.py:109} INFO - [2021-09-16 08:37:52,147] {dag.py:1833} INFO - Sync 1 DAGs
[2021-09-16 08:37:52,154] {logging_mixin.py:109} INFO - [2021-09-16 08:37:52,154] {dag.py:1852} INFO - Creating ORM DAG for example_kubernetes_executor
[2021-09-16 08:37:52,162] {logging_mixin.py:109} INFO - [2021-09-16 08:37:52,162] {dag.py:2306} INFO - Setting next_dagrun for example_kubernetes_executor to None
[2021-09-16 08:37:52,174] {processor.py:170} INFO - Processing /home/airflow/.local/lib/python3.8/site-packages/airflow/example_dags/example_kubernetes_executor.py took 1.567 seconds
[2021-09-16 08:38:22,247] {processor.py:162} INFO - Started process (PID=343) to work on /home/airflow/.local/lib/python3.8/site-packages/airflow/example_dags/example_kubernetes_executor.py
[2021-09-16 08:38:22,248] {processor.py:613} INFO - Processing file /home/airflow/.local/lib/python3.8/site-packages/airflow/example_dags/example_kubernetes_executor.py for tasks to queue
[2021-09-16 08:38:22,250] {logging_mixin.py:109} INFO - [2021-09-16 08:38:22,250] {dagbag.py:496} INFO - Filling up the DagBag from /home/airflow/.local/lib/python3.8/site-packages/airflow/example_dags/example_kubernetes_executor.py
[2021-09-16 08:38:22,265] {processor.py:623} INFO - DAG(s) dict_keys(['example_kubernetes_executor']) retrieved from /home/airflow/.local/lib/python3.8/site-packages/airflow/example_dags/example_kubernetes_executor.py
[2021-09-16 08:38:22,290] {logging_mixin.py:109} INFO - [2021-09-16 08:38:22,290] {dag.py:1833} INFO - Sync 1 DAGs
[2021-09-16 08:38:22,302] {logging_mixin.py:109} INFO - [2021-09-16 08:38:22,302] {dag.py:2306} INFO - Setting next_dagrun for example_kubernetes_executor to None
[2021-09-16 08:38:22,311] {processor.py:170} INFO - Processing /home/airflow/.local/lib/python3.8/site-packages/airflow/example_dags/example_kubernetes_executor.py took 0.069 seconds
[2021-09-16 08:38:52,585] {processor.py:162} INFO - Started process (PID=399) to work on /home/airflow/.local/lib/python3.8/site-packages/airflow/example_dags/example_kubernetes_executor.py
[2021-09-16 08:38:52,587] {processor.py:613} INFO - Processing file /home/airflow/.local/lib/python3.8/site-packages/airflow/example_dags/example_kubernetes_executor.py for tasks to queue
[2021-09-16 08:38:52,588] {logging_mixin.py:109} INFO - [2021-09-16 08:38:52,588] {dagbag.py:496} INFO - Filling up the DagBag from /home/airflow/.local/lib/python3.8/site-packages/airflow/example_dags/example_kubernetes_executor.py
[2021-09-16 08:38:52,602] {processor.py:623} INFO - DAG(s) dict_keys(['example_kubernetes_executor']) retrieved from /home/airflow/.local/lib/python3.8/site-packages/airflow/example_dags/example_kubernetes_executor.py
[2021-09-16 08:38:52,624] {logging_mixin.py:109} INFO - [2021-09-16 08:38:52,624] {dag.py:1833} INFO - Sync 1 DAGs
[2021-09-16 08:38:52,639] {logging_mixin.py:109} INFO - [2021-09-16 08:38:52,639] {dag.py:2306} INFO - Setting next_dagrun for example_kubernetes_executor to None
[2021-09-16 08:38:52,650] {processor.py:170} INFO - Processing /home/airflow/.local/lib/python3.8/site-packages/airflow/example_dags/example_kubernetes_executor.py took 0.068 seconds
[2021-09-16 08:39:22,688] {processor.py:162} INFO - Started process (PID=455) to work on /home/airflow/.local/lib/python3.8/site-packages/airflow/example_dags/example_kubernetes_executor.py
[2021-09-16 08:39:22,690] {processor.py:613} INFO - Processing file /home/airflow/.local/lib/python3.8/site-packages/airflow/example_dags/example_kubernetes_executor.py for tasks to queue
[2021-09-16 08:39:22,691] {logging_mixin.py:109} INFO - [2021-09-16 08:39:22,690] {dagbag.py:496} INFO - Filling up the DagBag from /home/airflow/.local/lib/python3.8/site-packages/airflow/example_dags/example_kubernetes_executor.py
[2021-09-16 08:39:22,703] {processor.py:623} INFO - DAG(s) dict_keys(['example_kubernetes_executor']) retrieved from /home/airflow/.local/lib/python3.8/site-packages/airflow/example_dags/example_kubernetes_executor.py
[2021-09-16 08:39:22,723] {logging_mixin.py:109} INFO - [2021-09-16 08:39:22,723] {dag.py:1833} INFO - Sync 1 DAGs
[2021-09-16 08:39:22,736] {logging_mixin.py:109} INFO - [2021-09-16 08:39:22,736] {dag.py:2306} INFO - Setting next_dagrun for example_kubernetes_executor to None
[2021-09-16 08:39:22,745] {processor.py:170} INFO - Processing /home/airflow/.local/lib/python3.8/site-packages/airflow/example_dags/example_kubernetes_executor.py took 0.061 seconds
[2021-09-16 08:39:52,920] {processor.py:162} INFO - Started process (PID=505) to work on /home/airflow/.local/lib/python3.8/site-packages/airflow/example_dags/example_kubernetes_executor.py
[2021-09-16 08:39:52,923] {processor.py:613} INFO - Processing file /home/airflow/.local/lib/python3.8/site-packages/airflow/example_dags/example_kubernetes_executor.py for tasks to queue
[2021-09-16 08:39:52,924] {logging_mixin.py:109} INFO - [2021-09-16 08:39:52,924] {dagbag.py:496} INFO - Filling up the DagBag from /home/airflow/.local/lib/python3.8/site-packages/airflow/example_dags/example_kubernetes_executor.py
[2021-09-16 08:39:52,938] {processor.py:623} INFO - DAG(s) dict_keys(['example_kubernetes_executor']) retrieved from /home/airflow/.local/lib/python3.8/site-packages/airflow/example_dags/example_kubernetes_executor.py
[2021-09-16 08:39:52,961] {logging_mixin.py:109} INFO - [2021-09-16 08:39:52,961] {dag.py:1833} INFO - Sync 1 DAGs
[2021-09-16 08:39:52,977] {logging_mixin.py:109} INFO - [2021-09-16 08:39:52,977] {dag.py:2306} INFO - Setting next_dagrun for example_kubernetes_executor to None
[2021-09-16 08:39:52,986] {processor.py:170} INFO - Processing /home/airflow/.local/lib/python3.8/site-packages/airflow/example_dags/example_kubernetes_executor.py took 0.069 seconds
[2021-09-16 08:59:59,343] {processor.py:162} INFO - Started process (PID=158) to work on /home/airflow/.local/lib/python3.8/site-packages/airflow/example_dags/example_kubernetes_executor.py
[2021-09-16 08:59:59,344] {processor.py:613} INFO - Processing file /home/airflow/.local/lib/python3.8/site-packages/airflow/example_dags/example_kubernetes_executor.py for tasks to queue
[2021-09-16 08:59:59,345] {logging_mixin.py:109} INFO - [2021-09-16 08:59:59,345] {dagbag.py:496} INFO - Filling up the DagBag from /home/airflow/.local/lib/python3.8/site-packages/airflow/example_dags/example_kubernetes_executor.py
[2021-09-16 08:59:59,357] {processor.py:623} INFO - DAG(s) dict_keys(['example_kubernetes_executor']) retrieved from /home/airflow/.local/lib/python3.8/site-packages/airflow/example_dags/example_kubernetes_executor.py
[2021-09-16 09:00:01,197] {logging_mixin.py:109} INFO - [2021-09-16 09:00:01,196] {dag.py:1833} INFO - Sync 1 DAGs
[2021-09-16 09:00:01,203] {logging_mixin.py:109} INFO - [2021-09-16 09:00:01,203] {dag.py:1852} INFO - Creating ORM DAG for example_kubernetes_executor
[2021-09-16 09:00:01,207] {logging_mixin.py:109} INFO - [2021-09-16 09:00:01,207] {dag.py:2306} INFO - Setting next_dagrun for example_kubernetes_executor to None
[2021-09-16 09:00:01,217] {processor.py:170} INFO - Processing /home/airflow/.local/lib/python3.8/site-packages/airflow/example_dags/example_kubernetes_executor.py took 1.877 seconds
[2021-09-16 09:00:32,202] {processor.py:162} INFO - Started process (PID=342) to work on /home/airflow/.local/lib/python3.8/site-packages/airflow/example_dags/example_kubernetes_executor.py
[2021-09-16 09:00:32,204] {processor.py:613} INFO - Processing file /home/airflow/.local/lib/python3.8/site-packages/airflow/example_dags/example_kubernetes_executor.py for tasks to queue
[2021-09-16 09:00:32,205] {logging_mixin.py:109} INFO - [2021-09-16 09:00:32,205] {dagbag.py:496} INFO - Filling up the DagBag from /home/airflow/.local/lib/python3.8/site-packages/airflow/example_dags/example_kubernetes_executor.py
[2021-09-16 09:00:32,217] {processor.py:623} INFO - DAG(s) dict_keys(['example_kubernetes_executor']) retrieved from /home/airflow/.local/lib/python3.8/site-packages/airflow/example_dags/example_kubernetes_executor.py
[2021-09-16 09:00:32,236] {logging_mixin.py:109} INFO - [2021-09-16 09:00:32,235] {dag.py:1833} INFO - Sync 1 DAGs
[2021-09-16 09:00:32,247] {logging_mixin.py:109} INFO - [2021-09-16 09:00:32,246] {dag.py:2306} INFO - Setting next_dagrun for example_kubernetes_executor to None
[2021-09-16 09:00:32,255] {processor.py:170} INFO - Processing /home/airflow/.local/lib/python3.8/site-packages/airflow/example_dags/example_kubernetes_executor.py took 0.056 seconds
[2021-09-16 09:01:02,874] {processor.py:162} INFO - Started process (PID=398) to work on /home/airflow/.local/lib/python3.8/site-packages/airflow/example_dags/example_kubernetes_executor.py
[2021-09-16 09:01:02,876] {processor.py:613} INFO - Processing file /home/airflow/.local/lib/python3.8/site-packages/airflow/example_dags/example_kubernetes_executor.py for tasks to queue
[2021-09-16 09:01:02,877] {logging_mixin.py:109} INFO - [2021-09-16 09:01:02,877] {dagbag.py:496} INFO - Filling up the DagBag from /home/airflow/.local/lib/python3.8/site-packages/airflow/example_dags/example_kubernetes_executor.py
[2021-09-16 09:01:02,889] {processor.py:623} INFO - DAG(s) dict_keys(['example_kubernetes_executor']) retrieved from /home/airflow/.local/lib/python3.8/site-packages/airflow/example_dags/example_kubernetes_executor.py
[2021-09-16 09:01:02,912] {logging_mixin.py:109} INFO - [2021-09-16 09:01:02,912] {dag.py:1833} INFO - Sync 1 DAGs
[2021-09-16 09:01:02,924] {logging_mixin.py:109} INFO - [2021-09-16 09:01:02,924] {dag.py:2306} INFO - Setting next_dagrun for example_kubernetes_executor to None
[2021-09-16 09:01:02,934] {processor.py:170} INFO - Processing /home/airflow/.local/lib/python3.8/site-packages/airflow/example_dags/example_kubernetes_executor.py took 0.063 seconds
[2021-09-16 09:01:33,049] {processor.py:162} INFO - Started process (PID=454) to work on /home/airflow/.local/lib/python3.8/site-packages/airflow/example_dags/example_kubernetes_executor.py
[2021-09-16 09:01:33,050] {processor.py:613} INFO - Processing file /home/airflow/.local/lib/python3.8/site-packages/airflow/example_dags/example_kubernetes_executor.py for tasks to queue
[2021-09-16 09:01:33,051] {logging_mixin.py:109} INFO - [2021-09-16 09:01:33,051] {dagbag.py:496} INFO - Filling up the DagBag from /home/airflow/.local/lib/python3.8/site-packages/airflow/example_dags/example_kubernetes_executor.py
[2021-09-16 09:01:33,064] {processor.py:623} INFO - DAG(s) dict_keys(['example_kubernetes_executor']) retrieved from /home/airflow/.local/lib/python3.8/site-packages/airflow/example_dags/example_kubernetes_executor.py
[2021-09-16 09:01:33,083] {logging_mixin.py:109} INFO - [2021-09-16 09:01:33,082] {dag.py:1833} INFO - Sync 1 DAGs
[2021-09-16 09:01:33,094] {logging_mixin.py:109} INFO - [2021-09-16 09:01:33,094] {dag.py:2306} INFO - Setting next_dagrun for example_kubernetes_executor to None
[2021-09-16 09:01:33,103] {processor.py:170} INFO - Processing /home/airflow/.local/lib/python3.8/site-packages/airflow/example_dags/example_kubernetes_executor.py took 0.058 seconds
[2021-09-16 09:02:03,311] {processor.py:162} INFO - Started process (PID=502) to work on /home/airflow/.local/lib/python3.8/site-packages/airflow/example_dags/example_kubernetes_executor.py
[2021-09-16 09:02:03,314] {processor.py:613} INFO - Processing file /home/airflow/.local/lib/python3.8/site-packages/airflow/example_dags/example_kubernetes_executor.py for tasks to queue
[2021-09-16 09:02:03,315] {logging_mixin.py:109} INFO - [2021-09-16 09:02:03,315] {dagbag.py:496} INFO - Filling up the DagBag from /home/airflow/.local/lib/python3.8/site-packages/airflow/example_dags/example_kubernetes_executor.py
[2021-09-16 09:02:03,327] {processor.py:623} INFO - DAG(s) dict_keys(['example_kubernetes_executor']) retrieved from /home/airflow/.local/lib/python3.8/site-packages/airflow/example_dags/example_kubernetes_executor.py
[2021-09-16 09:02:03,345] {logging_mixin.py:109} INFO - [2021-09-16 09:02:03,345] {dag.py:1833} INFO - Sync 1 DAGs
[2021-09-16 09:02:03,356] {logging_mixin.py:109} INFO - [2021-09-16 09:02:03,356] {dag.py:2306} INFO - Setting next_dagrun for example_kubernetes_executor to None
[2021-09-16 09:02:03,368] {processor.py:170} INFO - Processing /home/airflow/.local/lib/python3.8/site-packages/airflow/example_dags/example_kubernetes_executor.py took 0.060 seconds
[2021-09-16 09:02:33,778] {processor.py:162} INFO - Started process (PID=558) to work on /home/airflow/.local/lib/python3.8/site-packages/airflow/example_dags/example_kubernetes_executor.py
[2021-09-16 09:02:33,780] {processor.py:613} INFO - Processing file /home/airflow/.local/lib/python3.8/site-packages/airflow/example_dags/example_kubernetes_executor.py for tasks to queue
[2021-09-16 09:02:33,781] {logging_mixin.py:109} INFO - [2021-09-16 09:02:33,781] {dagbag.py:496} INFO - Filling up the DagBag from /home/airflow/.local/lib/python3.8/site-packages/airflow/example_dags/example_kubernetes_executor.py
[2021-09-16 09:02:33,793] {processor.py:623} INFO - DAG(s) dict_keys(['example_kubernetes_executor']) retrieved from /home/airflow/.local/lib/python3.8/site-packages/airflow/example_dags/example_kubernetes_executor.py
[2021-09-16 09:02:33,816] {logging_mixin.py:109} INFO - [2021-09-16 09:02:33,816] {dag.py:1833} INFO - Sync 1 DAGs
[2021-09-16 09:02:33,830] {logging_mixin.py:109} INFO - [2021-09-16 09:02:33,830] {dag.py:2306} INFO - Setting next_dagrun for example_kubernetes_executor to None
[2021-09-16 09:02:33,839] {processor.py:170} INFO - Processing /home/airflow/.local/lib/python3.8/site-packages/airflow/example_dags/example_kubernetes_executor.py took 0.064 seconds
[2021-09-16 09:03:04,063] {processor.py:162} INFO - Started process (PID=613) to work on /home/airflow/.local/lib/python3.8/site-packages/airflow/example_dags/example_kubernetes_executor.py
[2021-09-16 09:03:04,065] {processor.py:613} INFO - Processing file /home/airflow/.local/lib/python3.8/site-packages/airflow/example_dags/example_kubernetes_executor.py for tasks to queue
[2021-09-16 09:03:04,066] {logging_mixin.py:109} INFO - [2021-09-16 09:03:04,066] {dagbag.py:496} INFO - Filling up the DagBag from /home/airflow/.local/lib/python3.8/site-packages/airflow/example_dags/example_kubernetes_executor.py
[2021-09-16 09:03:04,078] {processor.py:623} INFO - DAG(s) dict_keys(['example_kubernetes_executor']) retrieved from /home/airflow/.local/lib/python3.8/site-packages/airflow/example_dags/example_kubernetes_executor.py
[2021-09-16 09:03:04,097] {logging_mixin.py:109} INFO - [2021-09-16 09:03:04,097] {dag.py:1833} INFO - Sync 1 DAGs
[2021-09-16 09:03:04,109] {logging_mixin.py:109} INFO - [2021-09-16 09:03:04,109] {dag.py:2306} INFO - Setting next_dagrun for example_kubernetes_executor to None
[2021-09-16 09:03:04,118] {processor.py:170} INFO - Processing /home/airflow/.local/lib/python3.8/site-packages/airflow/example_dags/example_kubernetes_executor.py took 0.059 seconds
[2021-09-16 09:03:34,413] {processor.py:162} INFO - Started process (PID=668) to work on /home/airflow/.local/lib/python3.8/site-packages/airflow/example_dags/example_kubernetes_executor.py
[2021-09-16 09:03:34,415] {processor.py:613} INFO - Processing file /home/airflow/.local/lib/python3.8/site-packages/airflow/example_dags/example_kubernetes_executor.py for tasks to queue
[2021-09-16 09:03:34,416] {logging_mixin.py:109} INFO - [2021-09-16 09:03:34,416] {dagbag.py:496} INFO - Filling up the DagBag from /home/airflow/.local/lib/python3.8/site-packages/airflow/example_dags/example_kubernetes_executor.py
[2021-09-16 09:03:34,428] {processor.py:623} INFO - DAG(s) dict_keys(['example_kubernetes_executor']) retrieved from /home/airflow/.local/lib/python3.8/site-packages/airflow/example_dags/example_kubernetes_executor.py
[2021-09-16 09:03:34,449] {logging_mixin.py:109} INFO - [2021-09-16 09:03:34,449] {dag.py:1833} INFO - Sync 1 DAGs
[2021-09-16 09:03:34,463] {logging_mixin.py:109} INFO - [2021-09-16 09:03:34,463] {dag.py:2306} INFO - Setting next_dagrun for example_kubernetes_executor to None
[2021-09-16 09:03:34,475] {processor.py:170} INFO - Processing /home/airflow/.local/lib/python3.8/site-packages/airflow/example_dags/example_kubernetes_executor.py took 0.069 seconds
[2021-09-16 09:04:04,740] {processor.py:162} INFO - Started process (PID=716) to work on /home/airflow/.local/lib/python3.8/site-packages/airflow/example_dags/example_kubernetes_executor.py
[2021-09-16 09:04:04,742] {processor.py:613} INFO - Processing file /home/airflow/.local/lib/python3.8/site-packages/airflow/example_dags/example_kubernetes_executor.py for tasks to queue
[2021-09-16 09:04:04,743] {logging_mixin.py:109} INFO - [2021-09-16 09:04:04,742] {dagbag.py:496} INFO - Filling up the DagBag from /home/airflow/.local/lib/python3.8/site-packages/airflow/example_dags/example_kubernetes_executor.py
[2021-09-16 09:04:04,753] {processor.py:623} INFO - DAG(s) dict_keys(['example_kubernetes_executor']) retrieved from /home/airflow/.local/lib/python3.8/site-packages/airflow/example_dags/example_kubernetes_executor.py
[2021-09-16 09:04:04,773] {logging_mixin.py:109} INFO - [2021-09-16 09:04:04,773] {dag.py:1833} INFO - Sync 1 DAGs
[2021-09-16 09:04:04,784] {logging_mixin.py:109} INFO - [2021-09-16 09:04:04,784] {dag.py:2306} INFO - Setting next_dagrun for example_kubernetes_executor to None
[2021-09-16 09:04:04,793] {processor.py:170} INFO - Processing /home/airflow/.local/lib/python3.8/site-packages/airflow/example_dags/example_kubernetes_executor.py took 0.057 seconds
[2021-09-16 09:04:34,901] {processor.py:162} INFO - Started process (PID=774) to work on /home/airflow/.local/lib/python3.8/site-packages/airflow/example_dags/example_kubernetes_executor.py
[2021-09-16 09:04:34,903] {processor.py:613} INFO - Processing file /home/airflow/.local/lib/python3.8/site-packages/airflow/example_dags/example_kubernetes_executor.py for tasks to queue
[2021-09-16 09:04:34,905] {logging_mixin.py:109} INFO - [2021-09-16 09:04:34,905] {dagbag.py:496} INFO - Filling up the DagBag from /home/airflow/.local/lib/python3.8/site-packages/airflow/example_dags/example_kubernetes_executor.py
[2021-09-16 09:04:34,917] {processor.py:623} INFO - DAG(s) dict_keys(['example_kubernetes_executor']) retrieved from /home/airflow/.local/lib/python3.8/site-packages/airflow/example_dags/example_kubernetes_executor.py
[2021-09-16 09:04:34,936] {logging_mixin.py:109} INFO - [2021-09-16 09:04:34,936] {dag.py:1833} INFO - Sync 1 DAGs
[2021-09-16 09:04:34,948] {logging_mixin.py:109} INFO - [2021-09-16 09:04:34,948] {dag.py:2306} INFO - Setting next_dagrun for example_kubernetes_executor to None
[2021-09-16 09:04:34,956] {processor.py:170} INFO - Processing /home/airflow/.local/lib/python3.8/site-packages/airflow/example_dags/example_kubernetes_executor.py took 0.061 seconds
[2021-09-16 09:05:05,188] {processor.py:162} INFO - Started process (PID=831) to work on /home/airflow/.local/lib/python3.8/site-packages/airflow/example_dags/example_kubernetes_executor.py
[2021-09-16 09:05:05,190] {processor.py:613} INFO - Processing file /home/airflow/.local/lib/python3.8/site-packages/airflow/example_dags/example_kubernetes_executor.py for tasks to queue
[2021-09-16 09:05:05,191] {logging_mixin.py:109} INFO - [2021-09-16 09:05:05,191] {dagbag.py:496} INFO - Filling up the DagBag from /home/airflow/.local/lib/python3.8/site-packages/airflow/example_dags/example_kubernetes_executor.py
[2021-09-16 09:05:05,201] {processor.py:623} INFO - DAG(s) dict_keys(['example_kubernetes_executor']) retrieved from /home/airflow/.local/lib/python3.8/site-packages/airflow/example_dags/example_kubernetes_executor.py
[2021-09-16 09:05:05,222] {logging_mixin.py:109} INFO - [2021-09-16 09:05:05,222] {dag.py:1833} INFO - Sync 1 DAGs
[2021-09-16 09:05:05,235] {logging_mixin.py:109} INFO - [2021-09-16 09:05:05,235] {dag.py:2306} INFO - Setting next_dagrun for example_kubernetes_executor to None
[2021-09-16 09:05:05,243] {processor.py:170} INFO - Processing /home/airflow/.local/lib/python3.8/site-packages/airflow/example_dags/example_kubernetes_executor.py took 0.060 seconds
[2021-09-16 09:05:35,383] {processor.py:162} INFO - Started process (PID=878) to work on /home/airflow/.local/lib/python3.8/site-packages/airflow/example_dags/example_kubernetes_executor.py
[2021-09-16 09:05:35,384] {processor.py:613} INFO - Processing file /home/airflow/.local/lib/python3.8/site-packages/airflow/example_dags/example_kubernetes_executor.py for tasks to queue
[2021-09-16 09:05:35,385] {logging_mixin.py:109} INFO - [2021-09-16 09:05:35,385] {dagbag.py:496} INFO - Filling up the DagBag from /home/airflow/.local/lib/python3.8/site-packages/airflow/example_dags/example_kubernetes_executor.py
[2021-09-16 09:05:35,396] {processor.py:623} INFO - DAG(s) dict_keys(['example_kubernetes_executor']) retrieved from /home/airflow/.local/lib/python3.8/site-packages/airflow/example_dags/example_kubernetes_executor.py
[2021-09-16 09:05:35,416] {logging_mixin.py:109} INFO - [2021-09-16 09:05:35,415] {dag.py:1833} INFO - Sync 1 DAGs
[2021-09-16 09:05:35,430] {logging_mixin.py:109} INFO - [2021-09-16 09:05:35,430] {dag.py:2306} INFO - Setting next_dagrun for example_kubernetes_executor to None
[2021-09-16 09:05:35,442] {processor.py:170} INFO - Processing /home/airflow/.local/lib/python3.8/site-packages/airflow/example_dags/example_kubernetes_executor.py took 0.062 seconds
[2021-09-16 09:06:05,709] {processor.py:162} INFO - Started process (PID=933) to work on /home/airflow/.local/lib/python3.8/site-packages/airflow/example_dags/example_kubernetes_executor.py
[2021-09-16 09:06:05,710] {processor.py:613} INFO - Processing file /home/airflow/.local/lib/python3.8/site-packages/airflow/example_dags/example_kubernetes_executor.py for tasks to queue
[2021-09-16 09:06:05,711] {logging_mixin.py:109} INFO - [2021-09-16 09:06:05,711] {dagbag.py:496} INFO - Filling up the DagBag from /home/airflow/.local/lib/python3.8/site-packages/airflow/example_dags/example_kubernetes_executor.py
[2021-09-16 09:06:05,723] {processor.py:623} INFO - DAG(s) dict_keys(['example_kubernetes_executor']) retrieved from /home/airflow/.local/lib/python3.8/site-packages/airflow/example_dags/example_kubernetes_executor.py
[2021-09-16 09:06:05,741] {logging_mixin.py:109} INFO - [2021-09-16 09:06:05,741] {dag.py:1833} INFO - Sync 1 DAGs
[2021-09-16 09:06:05,752] {logging_mixin.py:109} INFO - [2021-09-16 09:06:05,752] {dag.py:2306} INFO - Setting next_dagrun for example_kubernetes_executor to None
[2021-09-16 09:06:05,761] {processor.py:170} INFO - Processing /home/airflow/.local/lib/python3.8/site-packages/airflow/example_dags/example_kubernetes_executor.py took 0.054 seconds
[2021-09-16 09:06:35,958] {processor.py:162} INFO - Started process (PID=990) to work on /home/airflow/.local/lib/python3.8/site-packages/airflow/example_dags/example_kubernetes_executor.py
[2021-09-16 09:06:35,960] {processor.py:613} INFO - Processing file /home/airflow/.local/lib/python3.8/site-packages/airflow/example_dags/example_kubernetes_executor.py for tasks to queue
[2021-09-16 09:06:35,960] {logging_mixin.py:109} INFO - [2021-09-16 09:06:35,960] {dagbag.py:496} INFO - Filling up the DagBag from /home/airflow/.local/lib/python3.8/site-packages/airflow/example_dags/example_kubernetes_executor.py
[2021-09-16 09:06:35,971] {processor.py:623} INFO - DAG(s) dict_keys(['example_kubernetes_executor']) retrieved from /home/airflow/.local/lib/python3.8/site-packages/airflow/example_dags/example_kubernetes_executor.py
[2021-09-16 09:06:35,991] {logging_mixin.py:109} INFO - [2021-09-16 09:06:35,990] {dag.py:1833} INFO - Sync 1 DAGs
[2021-09-16 09:06:36,002] {logging_mixin.py:109} INFO - [2021-09-16 09:06:36,002] {dag.py:2306} INFO - Setting next_dagrun for example_kubernetes_executor to None
[2021-09-16 09:06:36,011] {processor.py:170} INFO - Processing /home/airflow/.local/lib/python3.8/site-packages/airflow/example_dags/example_kubernetes_executor.py took 0.057 seconds
[2021-09-16 09:07:06,110] {processor.py:162} INFO - Started process (PID=1037) to work on /home/airflow/.local/lib/python3.8/site-packages/airflow/example_dags/example_kubernetes_executor.py
[2021-09-16 09:07:06,112] {processor.py:613} INFO - Processing file /home/airflow/.local/lib/python3.8/site-packages/airflow/example_dags/example_kubernetes_executor.py for tasks to queue
[2021-09-16 09:07:06,113] {logging_mixin.py:109} INFO - [2021-09-16 09:07:06,113] {dagbag.py:496} INFO - Filling up the DagBag from /home/airflow/.local/lib/python3.8/site-packages/airflow/example_dags/example_kubernetes_executor.py
[2021-09-16 09:07:06,122] {processor.py:623} INFO - DAG(s) dict_keys(['example_kubernetes_executor']) retrieved from /home/airflow/.local/lib/python3.8/site-packages/airflow/example_dags/example_kubernetes_executor.py
[2021-09-16 09:07:06,140] {logging_mixin.py:109} INFO - [2021-09-16 09:07:06,140] {dag.py:1833} INFO - Sync 1 DAGs
[2021-09-16 09:07:06,154] {logging_mixin.py:109} INFO - [2021-09-16 09:07:06,154] {dag.py:2306} INFO - Setting next_dagrun for example_kubernetes_executor to None
[2021-09-16 09:07:06,164] {processor.py:170} INFO - Processing /home/airflow/.local/lib/python3.8/site-packages/airflow/example_dags/example_kubernetes_executor.py took 0.057 seconds
[2021-09-16 09:07:36,366] {processor.py:162} INFO - Started process (PID=1092) to work on /home/airflow/.local/lib/python3.8/site-packages/airflow/example_dags/example_kubernetes_executor.py
[2021-09-16 09:07:36,368] {processor.py:613} INFO - Processing file /home/airflow/.local/lib/python3.8/site-packages/airflow/example_dags/example_kubernetes_executor.py for tasks to queue
[2021-09-16 09:07:36,369] {logging_mixin.py:109} INFO - [2021-09-16 09:07:36,369] {dagbag.py:496} INFO - Filling up the DagBag from /home/airflow/.local/lib/python3.8/site-packages/airflow/example_dags/example_kubernetes_executor.py
[2021-09-16 09:07:36,382] {processor.py:623} INFO - DAG(s) dict_keys(['example_kubernetes_executor']) retrieved from /home/airflow/.local/lib/python3.8/site-packages/airflow/example_dags/example_kubernetes_executor.py
[2021-09-16 09:07:36,407] {logging_mixin.py:109} INFO - [2021-09-16 09:07:36,407] {dag.py:1833} INFO - Sync 1 DAGs
[2021-09-16 09:07:36,421] {logging_mixin.py:109} INFO - [2021-09-16 09:07:36,421] {dag.py:2306} INFO - Setting next_dagrun for example_kubernetes_executor to None
[2021-09-16 09:07:36,434] {processor.py:170} INFO - Processing /home/airflow/.local/lib/python3.8/site-packages/airflow/example_dags/example_kubernetes_executor.py took 0.071 seconds
[2021-09-16 09:08:06,906] {processor.py:162} INFO - Started process (PID=1147) to work on /home/airflow/.local/lib/python3.8/site-packages/airflow/example_dags/example_kubernetes_executor.py
[2021-09-16 09:08:06,908] {processor.py:613} INFO - Processing file /home/airflow/.local/lib/python3.8/site-packages/airflow/example_dags/example_kubernetes_executor.py for tasks to queue
[2021-09-16 09:08:06,909] {logging_mixin.py:109} INFO - [2021-09-16 09:08:06,909] {dagbag.py:496} INFO - Filling up the DagBag from /home/airflow/.local/lib/python3.8/site-packages/airflow/example_dags/example_kubernetes_executor.py
[2021-09-16 09:08:06,920] {processor.py:623} INFO - DAG(s) dict_keys(['example_kubernetes_executor']) retrieved from /home/airflow/.local/lib/python3.8/site-packages/airflow/example_dags/example_kubernetes_executor.py
[2021-09-16 09:08:06,938] {logging_mixin.py:109} INFO - [2021-09-16 09:08:06,938] {dag.py:1833} INFO - Sync 1 DAGs
[2021-09-16 09:08:06,951] {logging_mixin.py:109} INFO - [2021-09-16 09:08:06,951] {dag.py:2306} INFO - Setting next_dagrun for example_kubernetes_executor to None
[2021-09-16 09:08:06,960] {processor.py:170} INFO - Processing /home/airflow/.local/lib/python3.8/site-packages/airflow/example_dags/example_kubernetes_executor.py took 0.058 seconds
[2021-09-16 09:08:37,340] {processor.py:162} INFO - Started process (PID=1205) to work on /home/airflow/.local/lib/python3.8/site-packages/airflow/example_dags/example_kubernetes_executor.py
[2021-09-16 09:08:37,341] {processor.py:613} INFO - Processing file /home/airflow/.local/lib/python3.8/site-packages/airflow/example_dags/example_kubernetes_executor.py for tasks to queue
[2021-09-16 09:08:37,342] {logging_mixin.py:109} INFO - [2021-09-16 09:08:37,342] {dagbag.py:496} INFO - Filling up the DagBag from /home/airflow/.local/lib/python3.8/site-packages/airflow/example_dags/example_kubernetes_executor.py
[2021-09-16 09:08:37,352] {processor.py:623} INFO - DAG(s) dict_keys(['example_kubernetes_executor']) retrieved from /home/airflow/.local/lib/python3.8/site-packages/airflow/example_dags/example_kubernetes_executor.py
[2021-09-16 09:08:37,371] {logging_mixin.py:109} INFO - [2021-09-16 09:08:37,371] {dag.py:1833} INFO - Sync 1 DAGs
[2021-09-16 09:08:37,382] {logging_mixin.py:109} INFO - [2021-09-16 09:08:37,382] {dag.py:2306} INFO - Setting next_dagrun for example_kubernetes_executor to None
[2021-09-16 09:08:37,391] {processor.py:170} INFO - Processing /home/airflow/.local/lib/python3.8/site-packages/airflow/example_dags/example_kubernetes_executor.py took 0.054 seconds
[2021-09-16 09:09:07,746] {processor.py:162} INFO - Started process (PID=1252) to work on /home/airflow/.local/lib/python3.8/site-packages/airflow/example_dags/example_kubernetes_executor.py
[2021-09-16 09:09:07,747] {processor.py:613} INFO - Processing file /home/airflow/.local/lib/python3.8/site-packages/airflow/example_dags/example_kubernetes_executor.py for tasks to queue
[2021-09-16 09:09:07,749] {logging_mixin.py:109} INFO - [2021-09-16 09:09:07,748] {dagbag.py:496} INFO - Filling up the DagBag from /home/airflow/.local/lib/python3.8/site-packages/airflow/example_dags/example_kubernetes_executor.py
[2021-09-16 09:09:07,761] {processor.py:623} INFO - DAG(s) dict_keys(['example_kubernetes_executor']) retrieved from /home/airflow/.local/lib/python3.8/site-packages/airflow/example_dags/example_kubernetes_executor.py
[2021-09-16 09:09:07,780] {logging_mixin.py:109} INFO - [2021-09-16 09:09:07,780] {dag.py:1833} INFO - Sync 1 DAGs
[2021-09-16 09:09:07,791] {logging_mixin.py:109} INFO - [2021-09-16 09:09:07,791] {dag.py:2306} INFO - Setting next_dagrun for example_kubernetes_executor to None
[2021-09-16 09:09:07,799] {processor.py:170} INFO - Processing /home/airflow/.local/lib/python3.8/site-packages/airflow/example_dags/example_kubernetes_executor.py took 0.057 seconds
[2021-09-16 09:09:38,117] {processor.py:162} INFO - Started process (PID=1307) to work on /home/airflow/.local/lib/python3.8/site-packages/airflow/example_dags/example_kubernetes_executor.py
[2021-09-16 09:09:38,118] {processor.py:613} INFO - Processing file /home/airflow/.local/lib/python3.8/site-packages/airflow/example_dags/example_kubernetes_executor.py for tasks to queue
[2021-09-16 09:09:38,120] {logging_mixin.py:109} INFO - [2021-09-16 09:09:38,120] {dagbag.py:496} INFO - Filling up the DagBag from /home/airflow/.local/lib/python3.8/site-packages/airflow/example_dags/example_kubernetes_executor.py
[2021-09-16 09:09:38,133] {processor.py:623} INFO - DAG(s) dict_keys(['example_kubernetes_executor']) retrieved from /home/airflow/.local/lib/python3.8/site-packages/airflow/example_dags/example_kubernetes_executor.py
[2021-09-16 09:09:38,154] {logging_mixin.py:109} INFO - [2021-09-16 09:09:38,154] {dag.py:1833} INFO - Sync 1 DAGs
[2021-09-16 09:09:38,165] {logging_mixin.py:109} INFO - [2021-09-16 09:09:38,165] {dag.py:2306} INFO - Setting next_dagrun for example_kubernetes_executor to None
[2021-09-16 09:09:38,173] {processor.py:170} INFO - Processing /home/airflow/.local/lib/python3.8/site-packages/airflow/example_dags/example_kubernetes_executor.py took 0.059 seconds
[2021-09-16 09:10:08,440] {processor.py:162} INFO - Started process (PID=1364) to work on /home/airflow/.local/lib/python3.8/site-packages/airflow/example_dags/example_kubernetes_executor.py
[2021-09-16 09:10:08,441] {processor.py:613} INFO - Processing file /home/airflow/.local/lib/python3.8/site-packages/airflow/example_dags/example_kubernetes_executor.py for tasks to queue
[2021-09-16 09:10:08,443] {logging_mixin.py:109} INFO - [2021-09-16 09:10:08,442] {dagbag.py:496} INFO - Filling up the DagBag from /home/airflow/.local/lib/python3.8/site-packages/airflow/example_dags/example_kubernetes_executor.py
[2021-09-16 09:10:08,455] {processor.py:623} INFO - DAG(s) dict_keys(['example_kubernetes_executor']) retrieved from /home/airflow/.local/lib/python3.8/site-packages/airflow/example_dags/example_kubernetes_executor.py
[2021-09-16 09:10:08,474] {logging_mixin.py:109} INFO - [2021-09-16 09:10:08,474] {dag.py:1833} INFO - Sync 1 DAGs
[2021-09-16 09:10:08,484] {logging_mixin.py:109} INFO - [2021-09-16 09:10:08,484] {dag.py:2306} INFO - Setting next_dagrun for example_kubernetes_executor to None
[2021-09-16 09:10:08,493] {processor.py:170} INFO - Processing /home/airflow/.local/lib/python3.8/site-packages/airflow/example_dags/example_kubernetes_executor.py took 0.057 seconds
[2021-09-16 09:10:38,968] {processor.py:162} INFO - Started process (PID=1411) to work on /home/airflow/.local/lib/python3.8/site-packages/airflow/example_dags/example_kubernetes_executor.py
[2021-09-16 09:10:38,970] {processor.py:613} INFO - Processing file /home/airflow/.local/lib/python3.8/site-packages/airflow/example_dags/example_kubernetes_executor.py for tasks to queue
[2021-09-16 09:10:38,972] {logging_mixin.py:109} INFO - [2021-09-16 09:10:38,972] {dagbag.py:496} INFO - Filling up the DagBag from /home/airflow/.local/lib/python3.8/site-packages/airflow/example_dags/example_kubernetes_executor.py
[2021-09-16 09:10:38,984] {processor.py:623} INFO - DAG(s) dict_keys(['example_kubernetes_executor']) retrieved from /home/airflow/.local/lib/python3.8/site-packages/airflow/example_dags/example_kubernetes_executor.py
[2021-09-16 09:10:39,006] {logging_mixin.py:109} INFO - [2021-09-16 09:10:39,006] {dag.py:1833} INFO - Sync 1 DAGs
[2021-09-16 09:10:39,022] {logging_mixin.py:109} INFO - [2021-09-16 09:10:39,021] {dag.py:2306} INFO - Setting next_dagrun for example_kubernetes_executor to None
[2021-09-16 09:10:39,033] {processor.py:170} INFO - Processing /home/airflow/.local/lib/python3.8/site-packages/airflow/example_dags/example_kubernetes_executor.py took 0.069 seconds
[2021-09-16 09:11:09,541] {processor.py:162} INFO - Started process (PID=1467) to work on /home/airflow/.local/lib/python3.8/site-packages/airflow/example_dags/example_kubernetes_executor.py
[2021-09-16 09:11:09,542] {processor.py:613} INFO - Processing file /home/airflow/.local/lib/python3.8/site-packages/airflow/example_dags/example_kubernetes_executor.py for tasks to queue
[2021-09-16 09:11:09,544] {logging_mixin.py:109} INFO - [2021-09-16 09:11:09,544] {dagbag.py:496} INFO - Filling up the DagBag from /home/airflow/.local/lib/python3.8/site-packages/airflow/example_dags/example_kubernetes_executor.py
[2021-09-16 09:11:09,557] {processor.py:623} INFO - DAG(s) dict_keys(['example_kubernetes_executor']) retrieved from /home/airflow/.local/lib/python3.8/site-packages/airflow/example_dags/example_kubernetes_executor.py
[2021-09-16 09:11:09,579] {logging_mixin.py:109} INFO - [2021-09-16 09:11:09,579] {dag.py:1833} INFO - Sync 1 DAGs
[2021-09-16 09:11:09,593] {logging_mixin.py:109} INFO - [2021-09-16 09:11:09,593] {dag.py:2306} INFO - Setting next_dagrun for example_kubernetes_executor to None
[2021-09-16 09:11:09,604] {processor.py:170} INFO - Processing /home/airflow/.local/lib/python3.8/site-packages/airflow/example_dags/example_kubernetes_executor.py took 0.066 seconds
[2021-09-16 09:11:40,028] {processor.py:162} INFO - Started process (PID=1524) to work on /home/airflow/.local/lib/python3.8/site-packages/airflow/example_dags/example_kubernetes_executor.py
[2021-09-16 09:11:40,030] {processor.py:613} INFO - Processing file /home/airflow/.local/lib/python3.8/site-packages/airflow/example_dags/example_kubernetes_executor.py for tasks to queue
[2021-09-16 09:11:40,031] {logging_mixin.py:109} INFO - [2021-09-16 09:11:40,031] {dagbag.py:496} INFO - Filling up the DagBag from /home/airflow/.local/lib/python3.8/site-packages/airflow/example_dags/example_kubernetes_executor.py
[2021-09-16 09:11:40,045] {processor.py:623} INFO - DAG(s) dict_keys(['example_kubernetes_executor']) retrieved from /home/airflow/.local/lib/python3.8/site-packages/airflow/example_dags/example_kubernetes_executor.py
[2021-09-16 09:11:40,065] {logging_mixin.py:109} INFO - [2021-09-16 09:11:40,065] {dag.py:1833} INFO - Sync 1 DAGs
[2021-09-16 09:11:40,077] {logging_mixin.py:109} INFO - [2021-09-16 09:11:40,077] {dag.py:2306} INFO - Setting next_dagrun for example_kubernetes_executor to None
[2021-09-16 09:11:40,085] {processor.py:170} INFO - Processing /home/airflow/.local/lib/python3.8/site-packages/airflow/example_dags/example_kubernetes_executor.py took 0.060 seconds
[2021-09-16 09:12:10,502] {processor.py:162} INFO - Started process (PID=1579) to work on /home/airflow/.local/lib/python3.8/site-packages/airflow/example_dags/example_kubernetes_executor.py
[2021-09-16 09:12:10,504] {processor.py:613} INFO - Processing file /home/airflow/.local/lib/python3.8/site-packages/airflow/example_dags/example_kubernetes_executor.py for tasks to queue
[2021-09-16 09:12:10,505] {logging_mixin.py:109} INFO - [2021-09-16 09:12:10,505] {dagbag.py:496} INFO - Filling up the DagBag from /home/airflow/.local/lib/python3.8/site-packages/airflow/example_dags/example_kubernetes_executor.py
[2021-09-16 09:12:10,515] {processor.py:623} INFO - DAG(s) dict_keys(['example_kubernetes_executor']) retrieved from /home/airflow/.local/lib/python3.8/site-packages/airflow/example_dags/example_kubernetes_executor.py
[2021-09-16 09:12:10,535] {logging_mixin.py:109} INFO - [2021-09-16 09:12:10,535] {dag.py:1833} INFO - Sync 1 DAGs
[2021-09-16 09:12:10,546] {logging_mixin.py:109} INFO - [2021-09-16 09:12:10,546] {dag.py:2306} INFO - Setting next_dagrun for example_kubernetes_executor to None
[2021-09-16 09:12:10,557] {processor.py:170} INFO - Processing /home/airflow/.local/lib/python3.8/site-packages/airflow/example_dags/example_kubernetes_executor.py took 0.058 seconds
[2021-09-16 09:12:40,988] {processor.py:162} INFO - Started process (PID=1627) to work on /home/airflow/.local/lib/python3.8/site-packages/airflow/example_dags/example_kubernetes_executor.py
[2021-09-16 09:12:40,989] {processor.py:613} INFO - Processing file /home/airflow/.local/lib/python3.8/site-packages/airflow/example_dags/example_kubernetes_executor.py for tasks to queue
[2021-09-16 09:12:40,990] {logging_mixin.py:109} INFO - [2021-09-16 09:12:40,990] {dagbag.py:496} INFO - Filling up the DagBag from /home/airflow/.local/lib/python3.8/site-packages/airflow/example_dags/example_kubernetes_executor.py
[2021-09-16 09:12:41,001] {processor.py:623} INFO - DAG(s) dict_keys(['example_kubernetes_executor']) retrieved from /home/airflow/.local/lib/python3.8/site-packages/airflow/example_dags/example_kubernetes_executor.py
[2021-09-16 09:12:41,023] {logging_mixin.py:109} INFO - [2021-09-16 09:12:41,023] {dag.py:1833} INFO - Sync 1 DAGs
[2021-09-16 09:12:41,035] {logging_mixin.py:109} INFO - [2021-09-16 09:12:41,035] {dag.py:2306} INFO - Setting next_dagrun for example_kubernetes_executor to None
[2021-09-16 09:12:41,045] {processor.py:170} INFO - Processing /home/airflow/.local/lib/python3.8/site-packages/airflow/example_dags/example_kubernetes_executor.py took 0.060 seconds
[2021-09-16 09:13:11,457] {processor.py:162} INFO - Started process (PID=1683) to work on /home/airflow/.local/lib/python3.8/site-packages/airflow/example_dags/example_kubernetes_executor.py
[2021-09-16 09:13:11,459] {processor.py:613} INFO - Processing file /home/airflow/.local/lib/python3.8/site-packages/airflow/example_dags/example_kubernetes_executor.py for tasks to queue
[2021-09-16 09:13:11,460] {logging_mixin.py:109} INFO - [2021-09-16 09:13:11,459] {dagbag.py:496} INFO - Filling up the DagBag from /home/airflow/.local/lib/python3.8/site-packages/airflow/example_dags/example_kubernetes_executor.py
[2021-09-16 09:13:11,472] {processor.py:623} INFO - DAG(s) dict_keys(['example_kubernetes_executor']) retrieved from /home/airflow/.local/lib/python3.8/site-packages/airflow/example_dags/example_kubernetes_executor.py
[2021-09-16 09:13:11,492] {logging_mixin.py:109} INFO - [2021-09-16 09:13:11,492] {dag.py:1833} INFO - Sync 1 DAGs
[2021-09-16 09:13:11,504] {logging_mixin.py:109} INFO - [2021-09-16 09:13:11,503] {dag.py:2306} INFO - Setting next_dagrun for example_kubernetes_executor to None
[2021-09-16 09:13:11,513] {processor.py:170} INFO - Processing /home/airflow/.local/lib/python3.8/site-packages/airflow/example_dags/example_kubernetes_executor.py took 0.059 seconds
[2021-09-16 09:13:41,867] {processor.py:162} INFO - Started process (PID=1739) to work on /home/airflow/.local/lib/python3.8/site-packages/airflow/example_dags/example_kubernetes_executor.py
[2021-09-16 09:13:41,868] {processor.py:613} INFO - Processing file /home/airflow/.local/lib/python3.8/site-packages/airflow/example_dags/example_kubernetes_executor.py for tasks to queue
[2021-09-16 09:13:41,869] {logging_mixin.py:109} INFO - [2021-09-16 09:13:41,869] {dagbag.py:496} INFO - Filling up the DagBag from /home/airflow/.local/lib/python3.8/site-packages/airflow/example_dags/example_kubernetes_executor.py
[2021-09-16 09:13:41,880] {processor.py:623} INFO - DAG(s) dict_keys(['example_kubernetes_executor']) retrieved from /home/airflow/.local/lib/python3.8/site-packages/airflow/example_dags/example_kubernetes_executor.py
[2021-09-16 09:13:41,899] {logging_mixin.py:109} INFO - [2021-09-16 09:13:41,899] {dag.py:1833} INFO - Sync 1 DAGs
[2021-09-16 09:13:41,910] {logging_mixin.py:109} INFO - [2021-09-16 09:13:41,910] {dag.py:2306} INFO - Setting next_dagrun for example_kubernetes_executor to None
[2021-09-16 09:13:41,920] {processor.py:170} INFO - Processing /home/airflow/.local/lib/python3.8/site-packages/airflow/example_dags/example_kubernetes_executor.py took 0.055 seconds
[2021-09-16 09:14:12,118] {processor.py:162} INFO - Started process (PID=1785) to work on /home/airflow/.local/lib/python3.8/site-packages/airflow/example_dags/example_kubernetes_executor.py
[2021-09-16 09:14:12,120] {processor.py:613} INFO - Processing file /home/airflow/.local/lib/python3.8/site-packages/airflow/example_dags/example_kubernetes_executor.py for tasks to queue
[2021-09-16 09:14:12,121] {logging_mixin.py:109} INFO - [2021-09-16 09:14:12,121] {dagbag.py:496} INFO - Filling up the DagBag from /home/airflow/.local/lib/python3.8/site-packages/airflow/example_dags/example_kubernetes_executor.py
[2021-09-16 09:14:12,133] {processor.py:623} INFO - DAG(s) dict_keys(['example_kubernetes_executor']) retrieved from /home/airflow/.local/lib/python3.8/site-packages/airflow/example_dags/example_kubernetes_executor.py
[2021-09-16 09:14:12,152] {logging_mixin.py:109} INFO - [2021-09-16 09:14:12,152] {dag.py:1833} INFO - Sync 1 DAGs
[2021-09-16 09:14:12,164] {logging_mixin.py:109} INFO - [2021-09-16 09:14:12,164] {dag.py:2306} INFO - Setting next_dagrun for example_kubernetes_executor to None
[2021-09-16 09:14:12,172] {processor.py:170} INFO - Processing /home/airflow/.local/lib/python3.8/site-packages/airflow/example_dags/example_kubernetes_executor.py took 0.057 seconds
[2021-09-16 09:14:42,387] {processor.py:162} INFO - Started process (PID=1840) to work on /home/airflow/.local/lib/python3.8/site-packages/airflow/example_dags/example_kubernetes_executor.py
[2021-09-16 09:14:42,388] {processor.py:613} INFO - Processing file /home/airflow/.local/lib/python3.8/site-packages/airflow/example_dags/example_kubernetes_executor.py for tasks to queue
[2021-09-16 09:14:42,389] {logging_mixin.py:109} INFO - [2021-09-16 09:14:42,389] {dagbag.py:496} INFO - Filling up the DagBag from /home/airflow/.local/lib/python3.8/site-packages/airflow/example_dags/example_kubernetes_executor.py
[2021-09-16 09:14:42,401] {processor.py:623} INFO - DAG(s) dict_keys(['example_kubernetes_executor']) retrieved from /home/airflow/.local/lib/python3.8/site-packages/airflow/example_dags/example_kubernetes_executor.py
[2021-09-16 09:14:42,420] {logging_mixin.py:109} INFO - [2021-09-16 09:14:42,420] {dag.py:1833} INFO - Sync 1 DAGs
[2021-09-16 09:14:42,432] {logging_mixin.py:109} INFO - [2021-09-16 09:14:42,432] {dag.py:2306} INFO - Setting next_dagrun for example_kubernetes_executor to None
[2021-09-16 09:14:42,441] {processor.py:170} INFO - Processing /home/airflow/.local/lib/python3.8/site-packages/airflow/example_dags/example_kubernetes_executor.py took 0.058 seconds
[2021-09-16 09:15:12,573] {processor.py:162} INFO - Started process (PID=1896) to work on /home/airflow/.local/lib/python3.8/site-packages/airflow/example_dags/example_kubernetes_executor.py
[2021-09-16 09:15:12,575] {processor.py:613} INFO - Processing file /home/airflow/.local/lib/python3.8/site-packages/airflow/example_dags/example_kubernetes_executor.py for tasks to queue
[2021-09-16 09:15:12,576] {logging_mixin.py:109} INFO - [2021-09-16 09:15:12,576] {dagbag.py:496} INFO - Filling up the DagBag from /home/airflow/.local/lib/python3.8/site-packages/airflow/example_dags/example_kubernetes_executor.py
[2021-09-16 09:15:12,588] {processor.py:623} INFO - DAG(s) dict_keys(['example_kubernetes_executor']) retrieved from /home/airflow/.local/lib/python3.8/site-packages/airflow/example_dags/example_kubernetes_executor.py
[2021-09-16 09:15:12,607] {logging_mixin.py:109} INFO - [2021-09-16 09:15:12,607] {dag.py:1833} INFO - Sync 1 DAGs
[2021-09-16 09:15:12,618] {logging_mixin.py:109} INFO - [2021-09-16 09:15:12,618] {dag.py:2306} INFO - Setting next_dagrun for example_kubernetes_executor to None
[2021-09-16 09:15:12,627] {processor.py:170} INFO - Processing /home/airflow/.local/lib/python3.8/site-packages/airflow/example_dags/example_kubernetes_executor.py took 0.057 seconds
[2021-09-16 09:15:43,021] {processor.py:162} INFO - Started process (PID=1944) to work on /home/airflow/.local/lib/python3.8/site-packages/airflow/example_dags/example_kubernetes_executor.py
[2021-09-16 09:15:43,023] {processor.py:613} INFO - Processing file /home/airflow/.local/lib/python3.8/site-packages/airflow/example_dags/example_kubernetes_executor.py for tasks to queue
[2021-09-16 09:15:43,024] {logging_mixin.py:109} INFO - [2021-09-16 09:15:43,024] {dagbag.py:496} INFO - Filling up the DagBag from /home/airflow/.local/lib/python3.8/site-packages/airflow/example_dags/example_kubernetes_executor.py
[2021-09-16 09:15:43,034] {processor.py:623} INFO - DAG(s) dict_keys(['example_kubernetes_executor']) retrieved from /home/airflow/.local/lib/python3.8/site-packages/airflow/example_dags/example_kubernetes_executor.py
[2021-09-16 09:15:43,054] {logging_mixin.py:109} INFO - [2021-09-16 09:15:43,054] {dag.py:1833} INFO - Sync 1 DAGs
[2021-09-16 09:15:43,065] {logging_mixin.py:109} INFO - [2021-09-16 09:15:43,065] {dag.py:2306} INFO - Setting next_dagrun for example_kubernetes_executor to None
[2021-09-16 09:15:43,075] {processor.py:170} INFO - Processing /home/airflow/.local/lib/python3.8/site-packages/airflow/example_dags/example_kubernetes_executor.py took 0.057 seconds
