[2021-09-16 08:37:59,779] {processor.py:162} INFO - Started process (PID=255) to work on /home/airflow/.local/lib/python3.8/site-packages/airflow/example_dags/example_complex.py
[2021-09-16 08:37:59,781] {processor.py:613} INFO - Processing file /home/airflow/.local/lib/python3.8/site-packages/airflow/example_dags/example_complex.py for tasks to queue
[2021-09-16 08:37:59,782] {logging_mixin.py:109} INFO - [2021-09-16 08:37:59,782] {dagbag.py:496} INFO - Filling up the DagBag from /home/airflow/.local/lib/python3.8/site-packages/airflow/example_dags/example_complex.py
[2021-09-16 08:37:59,809] {processor.py:623} INFO - DAG(s) dict_keys(['example_complex']) retrieved from /home/airflow/.local/lib/python3.8/site-packages/airflow/example_dags/example_complex.py
[2021-09-16 08:38:01,433] {logging_mixin.py:109} INFO - [2021-09-16 08:38:01,433] {dag.py:1833} INFO - Sync 1 DAGs
[2021-09-16 08:38:01,441] {logging_mixin.py:109} INFO - [2021-09-16 08:38:01,441] {dag.py:1852} INFO - Creating ORM DAG for example_complex
[2021-09-16 08:38:01,447] {logging_mixin.py:109} INFO - [2021-09-16 08:38:01,447] {dag.py:2306} INFO - Setting next_dagrun for example_complex to None
[2021-09-16 08:38:01,459] {processor.py:170} INFO - Processing /home/airflow/.local/lib/python3.8/site-packages/airflow/example_dags/example_complex.py took 1.684 seconds
[2021-09-16 08:38:31,909] {processor.py:162} INFO - Started process (PID=360) to work on /home/airflow/.local/lib/python3.8/site-packages/airflow/example_dags/example_complex.py
[2021-09-16 08:38:31,911] {processor.py:613} INFO - Processing file /home/airflow/.local/lib/python3.8/site-packages/airflow/example_dags/example_complex.py for tasks to queue
[2021-09-16 08:38:31,912] {logging_mixin.py:109} INFO - [2021-09-16 08:38:31,912] {dagbag.py:496} INFO - Filling up the DagBag from /home/airflow/.local/lib/python3.8/site-packages/airflow/example_dags/example_complex.py
[2021-09-16 08:38:31,932] {processor.py:623} INFO - DAG(s) dict_keys(['example_complex']) retrieved from /home/airflow/.local/lib/python3.8/site-packages/airflow/example_dags/example_complex.py
[2021-09-16 08:38:31,957] {logging_mixin.py:109} INFO - [2021-09-16 08:38:31,957] {dag.py:1833} INFO - Sync 1 DAGs
[2021-09-16 08:38:31,969] {logging_mixin.py:109} INFO - [2021-09-16 08:38:31,969] {dag.py:2306} INFO - Setting next_dagrun for example_complex to None
[2021-09-16 08:38:31,980] {processor.py:170} INFO - Processing /home/airflow/.local/lib/python3.8/site-packages/airflow/example_dags/example_complex.py took 0.074 seconds
[2021-09-16 08:39:02,658] {processor.py:162} INFO - Started process (PID=416) to work on /home/airflow/.local/lib/python3.8/site-packages/airflow/example_dags/example_complex.py
[2021-09-16 08:39:02,659] {processor.py:613} INFO - Processing file /home/airflow/.local/lib/python3.8/site-packages/airflow/example_dags/example_complex.py for tasks to queue
[2021-09-16 08:39:02,660] {logging_mixin.py:109} INFO - [2021-09-16 08:39:02,660] {dagbag.py:496} INFO - Filling up the DagBag from /home/airflow/.local/lib/python3.8/site-packages/airflow/example_dags/example_complex.py
[2021-09-16 08:39:02,681] {processor.py:623} INFO - DAG(s) dict_keys(['example_complex']) retrieved from /home/airflow/.local/lib/python3.8/site-packages/airflow/example_dags/example_complex.py
[2021-09-16 08:39:02,703] {logging_mixin.py:109} INFO - [2021-09-16 08:39:02,703] {dag.py:1833} INFO - Sync 1 DAGs
[2021-09-16 08:39:02,718] {logging_mixin.py:109} INFO - [2021-09-16 08:39:02,718] {dag.py:2306} INFO - Setting next_dagrun for example_complex to None
[2021-09-16 08:39:02,729] {processor.py:170} INFO - Processing /home/airflow/.local/lib/python3.8/site-packages/airflow/example_dags/example_complex.py took 0.074 seconds
[2021-09-16 08:39:33,468] {processor.py:162} INFO - Started process (PID=474) to work on /home/airflow/.local/lib/python3.8/site-packages/airflow/example_dags/example_complex.py
[2021-09-16 08:39:33,469] {processor.py:613} INFO - Processing file /home/airflow/.local/lib/python3.8/site-packages/airflow/example_dags/example_complex.py for tasks to queue
[2021-09-16 08:39:33,471] {logging_mixin.py:109} INFO - [2021-09-16 08:39:33,471] {dagbag.py:496} INFO - Filling up the DagBag from /home/airflow/.local/lib/python3.8/site-packages/airflow/example_dags/example_complex.py
[2021-09-16 08:39:33,491] {processor.py:623} INFO - DAG(s) dict_keys(['example_complex']) retrieved from /home/airflow/.local/lib/python3.8/site-packages/airflow/example_dags/example_complex.py
[2021-09-16 08:39:33,516] {logging_mixin.py:109} INFO - [2021-09-16 08:39:33,516] {dag.py:1833} INFO - Sync 1 DAGs
[2021-09-16 08:39:33,528] {logging_mixin.py:109} INFO - [2021-09-16 08:39:33,528] {dag.py:2306} INFO - Setting next_dagrun for example_complex to None
[2021-09-16 08:39:33,539] {processor.py:170} INFO - Processing /home/airflow/.local/lib/python3.8/site-packages/airflow/example_dags/example_complex.py took 0.075 seconds
[2021-09-16 09:00:06,354] {processor.py:162} INFO - Started process (PID=240) to work on /home/airflow/.local/lib/python3.8/site-packages/airflow/example_dags/example_complex.py
[2021-09-16 09:00:06,356] {processor.py:613} INFO - Processing file /home/airflow/.local/lib/python3.8/site-packages/airflow/example_dags/example_complex.py for tasks to queue
[2021-09-16 09:00:06,357] {logging_mixin.py:109} INFO - [2021-09-16 09:00:06,356] {dagbag.py:496} INFO - Filling up the DagBag from /home/airflow/.local/lib/python3.8/site-packages/airflow/example_dags/example_complex.py
[2021-09-16 09:00:06,373] {processor.py:623} INFO - DAG(s) dict_keys(['example_complex']) retrieved from /home/airflow/.local/lib/python3.8/site-packages/airflow/example_dags/example_complex.py
[2021-09-16 09:00:07,844] {logging_mixin.py:109} INFO - [2021-09-16 09:00:07,844] {dag.py:1833} INFO - Sync 1 DAGs
[2021-09-16 09:00:07,850] {logging_mixin.py:109} INFO - [2021-09-16 09:00:07,849] {dag.py:1852} INFO - Creating ORM DAG for example_complex
[2021-09-16 09:00:07,854] {logging_mixin.py:109} INFO - [2021-09-16 09:00:07,854] {dag.py:2306} INFO - Setting next_dagrun for example_complex to None
[2021-09-16 09:00:07,861] {processor.py:170} INFO - Processing /home/airflow/.local/lib/python3.8/site-packages/airflow/example_dags/example_complex.py took 1.510 seconds
[2021-09-16 09:00:37,996] {processor.py:162} INFO - Started process (PID=359) to work on /home/airflow/.local/lib/python3.8/site-packages/airflow/example_dags/example_complex.py
[2021-09-16 09:00:37,998] {processor.py:613} INFO - Processing file /home/airflow/.local/lib/python3.8/site-packages/airflow/example_dags/example_complex.py for tasks to queue
[2021-09-16 09:00:38,000] {logging_mixin.py:109} INFO - [2021-09-16 09:00:38,000] {dagbag.py:496} INFO - Filling up the DagBag from /home/airflow/.local/lib/python3.8/site-packages/airflow/example_dags/example_complex.py
[2021-09-16 09:00:38,020] {processor.py:623} INFO - DAG(s) dict_keys(['example_complex']) retrieved from /home/airflow/.local/lib/python3.8/site-packages/airflow/example_dags/example_complex.py
[2021-09-16 09:00:38,041] {logging_mixin.py:109} INFO - [2021-09-16 09:00:38,041] {dag.py:1833} INFO - Sync 1 DAGs
[2021-09-16 09:00:38,052] {logging_mixin.py:109} INFO - [2021-09-16 09:00:38,052] {dag.py:2306} INFO - Setting next_dagrun for example_complex to None
[2021-09-16 09:00:38,063] {processor.py:170} INFO - Processing /home/airflow/.local/lib/python3.8/site-packages/airflow/example_dags/example_complex.py took 0.071 seconds
[2021-09-16 09:01:08,150] {processor.py:162} INFO - Started process (PID=414) to work on /home/airflow/.local/lib/python3.8/site-packages/airflow/example_dags/example_complex.py
[2021-09-16 09:01:08,151] {processor.py:613} INFO - Processing file /home/airflow/.local/lib/python3.8/site-packages/airflow/example_dags/example_complex.py for tasks to queue
[2021-09-16 09:01:08,152] {logging_mixin.py:109} INFO - [2021-09-16 09:01:08,152] {dagbag.py:496} INFO - Filling up the DagBag from /home/airflow/.local/lib/python3.8/site-packages/airflow/example_dags/example_complex.py
[2021-09-16 09:01:08,171] {processor.py:623} INFO - DAG(s) dict_keys(['example_complex']) retrieved from /home/airflow/.local/lib/python3.8/site-packages/airflow/example_dags/example_complex.py
[2021-09-16 09:01:08,205] {logging_mixin.py:109} INFO - [2021-09-16 09:01:08,205] {dag.py:1833} INFO - Sync 1 DAGs
[2021-09-16 09:01:08,222] {logging_mixin.py:109} INFO - [2021-09-16 09:01:08,222] {dag.py:2306} INFO - Setting next_dagrun for example_complex to None
[2021-09-16 09:01:08,233] {processor.py:170} INFO - Processing /home/airflow/.local/lib/python3.8/site-packages/airflow/example_dags/example_complex.py took 0.086 seconds
[2021-09-16 09:01:38,527] {processor.py:162} INFO - Started process (PID=463) to work on /home/airflow/.local/lib/python3.8/site-packages/airflow/example_dags/example_complex.py
[2021-09-16 09:01:38,529] {processor.py:613} INFO - Processing file /home/airflow/.local/lib/python3.8/site-packages/airflow/example_dags/example_complex.py for tasks to queue
[2021-09-16 09:01:38,530] {logging_mixin.py:109} INFO - [2021-09-16 09:01:38,529] {dagbag.py:496} INFO - Filling up the DagBag from /home/airflow/.local/lib/python3.8/site-packages/airflow/example_dags/example_complex.py
[2021-09-16 09:01:38,546] {processor.py:623} INFO - DAG(s) dict_keys(['example_complex']) retrieved from /home/airflow/.local/lib/python3.8/site-packages/airflow/example_dags/example_complex.py
[2021-09-16 09:01:38,573] {logging_mixin.py:109} INFO - [2021-09-16 09:01:38,573] {dag.py:1833} INFO - Sync 1 DAGs
[2021-09-16 09:01:38,585] {logging_mixin.py:109} INFO - [2021-09-16 09:01:38,585] {dag.py:2306} INFO - Setting next_dagrun for example_complex to None
[2021-09-16 09:01:38,595] {processor.py:170} INFO - Processing /home/airflow/.local/lib/python3.8/site-packages/airflow/example_dags/example_complex.py took 0.071 seconds
[2021-09-16 09:02:08,800] {processor.py:162} INFO - Started process (PID=519) to work on /home/airflow/.local/lib/python3.8/site-packages/airflow/example_dags/example_complex.py
[2021-09-16 09:02:08,802] {processor.py:613} INFO - Processing file /home/airflow/.local/lib/python3.8/site-packages/airflow/example_dags/example_complex.py for tasks to queue
[2021-09-16 09:02:08,803] {logging_mixin.py:109} INFO - [2021-09-16 09:02:08,803] {dagbag.py:496} INFO - Filling up the DagBag from /home/airflow/.local/lib/python3.8/site-packages/airflow/example_dags/example_complex.py
[2021-09-16 09:02:08,819] {processor.py:623} INFO - DAG(s) dict_keys(['example_complex']) retrieved from /home/airflow/.local/lib/python3.8/site-packages/airflow/example_dags/example_complex.py
[2021-09-16 09:02:08,843] {logging_mixin.py:109} INFO - [2021-09-16 09:02:08,843] {dag.py:1833} INFO - Sync 1 DAGs
[2021-09-16 09:02:08,855] {logging_mixin.py:109} INFO - [2021-09-16 09:02:08,855] {dag.py:2306} INFO - Setting next_dagrun for example_complex to None
[2021-09-16 09:02:08,865] {processor.py:170} INFO - Processing /home/airflow/.local/lib/python3.8/site-packages/airflow/example_dags/example_complex.py took 0.069 seconds
[2021-09-16 09:02:39,255] {processor.py:162} INFO - Started process (PID=575) to work on /home/airflow/.local/lib/python3.8/site-packages/airflow/example_dags/example_complex.py
[2021-09-16 09:02:39,257] {processor.py:613} INFO - Processing file /home/airflow/.local/lib/python3.8/site-packages/airflow/example_dags/example_complex.py for tasks to queue
[2021-09-16 09:02:39,258] {logging_mixin.py:109} INFO - [2021-09-16 09:02:39,257] {dagbag.py:496} INFO - Filling up the DagBag from /home/airflow/.local/lib/python3.8/site-packages/airflow/example_dags/example_complex.py
[2021-09-16 09:02:39,277] {processor.py:623} INFO - DAG(s) dict_keys(['example_complex']) retrieved from /home/airflow/.local/lib/python3.8/site-packages/airflow/example_dags/example_complex.py
[2021-09-16 09:02:39,308] {logging_mixin.py:109} INFO - [2021-09-16 09:02:39,308] {dag.py:1833} INFO - Sync 1 DAGs
[2021-09-16 09:02:39,324] {logging_mixin.py:109} INFO - [2021-09-16 09:02:39,323] {dag.py:2306} INFO - Setting next_dagrun for example_complex to None
[2021-09-16 09:02:39,334] {processor.py:170} INFO - Processing /home/airflow/.local/lib/python3.8/site-packages/airflow/example_dags/example_complex.py took 0.083 seconds
[2021-09-16 09:03:09,637] {processor.py:162} INFO - Started process (PID=622) to work on /home/airflow/.local/lib/python3.8/site-packages/airflow/example_dags/example_complex.py
[2021-09-16 09:03:09,638] {processor.py:613} INFO - Processing file /home/airflow/.local/lib/python3.8/site-packages/airflow/example_dags/example_complex.py for tasks to queue
[2021-09-16 09:03:09,639] {logging_mixin.py:109} INFO - [2021-09-16 09:03:09,639] {dagbag.py:496} INFO - Filling up the DagBag from /home/airflow/.local/lib/python3.8/site-packages/airflow/example_dags/example_complex.py
[2021-09-16 09:03:09,654] {processor.py:623} INFO - DAG(s) dict_keys(['example_complex']) retrieved from /home/airflow/.local/lib/python3.8/site-packages/airflow/example_dags/example_complex.py
[2021-09-16 09:03:09,676] {logging_mixin.py:109} INFO - [2021-09-16 09:03:09,676] {dag.py:1833} INFO - Sync 1 DAGs
[2021-09-16 09:03:09,687] {logging_mixin.py:109} INFO - [2021-09-16 09:03:09,687] {dag.py:2306} INFO - Setting next_dagrun for example_complex to None
[2021-09-16 09:03:09,696] {processor.py:170} INFO - Processing /home/airflow/.local/lib/python3.8/site-packages/airflow/example_dags/example_complex.py took 0.061 seconds
[2021-09-16 09:03:39,826] {processor.py:162} INFO - Started process (PID=678) to work on /home/airflow/.local/lib/python3.8/site-packages/airflow/example_dags/example_complex.py
[2021-09-16 09:03:39,827] {processor.py:613} INFO - Processing file /home/airflow/.local/lib/python3.8/site-packages/airflow/example_dags/example_complex.py for tasks to queue
[2021-09-16 09:03:39,829] {logging_mixin.py:109} INFO - [2021-09-16 09:03:39,828] {dagbag.py:496} INFO - Filling up the DagBag from /home/airflow/.local/lib/python3.8/site-packages/airflow/example_dags/example_complex.py
[2021-09-16 09:03:39,846] {processor.py:623} INFO - DAG(s) dict_keys(['example_complex']) retrieved from /home/airflow/.local/lib/python3.8/site-packages/airflow/example_dags/example_complex.py
[2021-09-16 09:03:39,867] {logging_mixin.py:109} INFO - [2021-09-16 09:03:39,867] {dag.py:1833} INFO - Sync 1 DAGs
[2021-09-16 09:03:39,879] {logging_mixin.py:109} INFO - [2021-09-16 09:03:39,879] {dag.py:2306} INFO - Setting next_dagrun for example_complex to None
[2021-09-16 09:03:39,888] {processor.py:170} INFO - Processing /home/airflow/.local/lib/python3.8/site-packages/airflow/example_dags/example_complex.py took 0.065 seconds
[2021-09-16 09:04:10,141] {processor.py:162} INFO - Started process (PID=734) to work on /home/airflow/.local/lib/python3.8/site-packages/airflow/example_dags/example_complex.py
[2021-09-16 09:04:10,143] {processor.py:613} INFO - Processing file /home/airflow/.local/lib/python3.8/site-packages/airflow/example_dags/example_complex.py for tasks to queue
[2021-09-16 09:04:10,144] {logging_mixin.py:109} INFO - [2021-09-16 09:04:10,144] {dagbag.py:496} INFO - Filling up the DagBag from /home/airflow/.local/lib/python3.8/site-packages/airflow/example_dags/example_complex.py
[2021-09-16 09:04:10,162] {processor.py:623} INFO - DAG(s) dict_keys(['example_complex']) retrieved from /home/airflow/.local/lib/python3.8/site-packages/airflow/example_dags/example_complex.py
[2021-09-16 09:04:10,186] {logging_mixin.py:109} INFO - [2021-09-16 09:04:10,186] {dag.py:1833} INFO - Sync 1 DAGs
[2021-09-16 09:04:10,199] {logging_mixin.py:109} INFO - [2021-09-16 09:04:10,199] {dag.py:2306} INFO - Setting next_dagrun for example_complex to None
[2021-09-16 09:04:10,208] {processor.py:170} INFO - Processing /home/airflow/.local/lib/python3.8/site-packages/airflow/example_dags/example_complex.py took 0.071 seconds
[2021-09-16 09:04:40,313] {processor.py:162} INFO - Started process (PID=783) to work on /home/airflow/.local/lib/python3.8/site-packages/airflow/example_dags/example_complex.py
[2021-09-16 09:04:40,315] {processor.py:613} INFO - Processing file /home/airflow/.local/lib/python3.8/site-packages/airflow/example_dags/example_complex.py for tasks to queue
[2021-09-16 09:04:40,316] {logging_mixin.py:109} INFO - [2021-09-16 09:04:40,315] {dagbag.py:496} INFO - Filling up the DagBag from /home/airflow/.local/lib/python3.8/site-packages/airflow/example_dags/example_complex.py
[2021-09-16 09:04:40,332] {processor.py:623} INFO - DAG(s) dict_keys(['example_complex']) retrieved from /home/airflow/.local/lib/python3.8/site-packages/airflow/example_dags/example_complex.py
[2021-09-16 09:04:40,352] {logging_mixin.py:109} INFO - [2021-09-16 09:04:40,352] {dag.py:1833} INFO - Sync 1 DAGs
[2021-09-16 09:04:40,363] {logging_mixin.py:109} INFO - [2021-09-16 09:04:40,363] {dag.py:2306} INFO - Setting next_dagrun for example_complex to None
[2021-09-16 09:04:40,372] {processor.py:170} INFO - Processing /home/airflow/.local/lib/python3.8/site-packages/airflow/example_dags/example_complex.py took 0.062 seconds
[2021-09-16 09:05:10,455] {processor.py:162} INFO - Started process (PID=840) to work on /home/airflow/.local/lib/python3.8/site-packages/airflow/example_dags/example_complex.py
[2021-09-16 09:05:10,457] {processor.py:613} INFO - Processing file /home/airflow/.local/lib/python3.8/site-packages/airflow/example_dags/example_complex.py for tasks to queue
[2021-09-16 09:05:10,459] {logging_mixin.py:109} INFO - [2021-09-16 09:05:10,459] {dagbag.py:496} INFO - Filling up the DagBag from /home/airflow/.local/lib/python3.8/site-packages/airflow/example_dags/example_complex.py
[2021-09-16 09:05:10,476] {processor.py:623} INFO - DAG(s) dict_keys(['example_complex']) retrieved from /home/airflow/.local/lib/python3.8/site-packages/airflow/example_dags/example_complex.py
[2021-09-16 09:05:10,497] {logging_mixin.py:109} INFO - [2021-09-16 09:05:10,497] {dag.py:1833} INFO - Sync 1 DAGs
[2021-09-16 09:05:10,509] {logging_mixin.py:109} INFO - [2021-09-16 09:05:10,509] {dag.py:2306} INFO - Setting next_dagrun for example_complex to None
[2021-09-16 09:05:10,519] {processor.py:170} INFO - Processing /home/airflow/.local/lib/python3.8/site-packages/airflow/example_dags/example_complex.py took 0.066 seconds
[2021-09-16 09:05:40,913] {processor.py:162} INFO - Started process (PID=895) to work on /home/airflow/.local/lib/python3.8/site-packages/airflow/example_dags/example_complex.py
[2021-09-16 09:05:40,920] {processor.py:613} INFO - Processing file /home/airflow/.local/lib/python3.8/site-packages/airflow/example_dags/example_complex.py for tasks to queue
[2021-09-16 09:05:40,921] {logging_mixin.py:109} INFO - [2021-09-16 09:05:40,921] {dagbag.py:496} INFO - Filling up the DagBag from /home/airflow/.local/lib/python3.8/site-packages/airflow/example_dags/example_complex.py
[2021-09-16 09:05:40,936] {processor.py:623} INFO - DAG(s) dict_keys(['example_complex']) retrieved from /home/airflow/.local/lib/python3.8/site-packages/airflow/example_dags/example_complex.py
[2021-09-16 09:05:40,961] {logging_mixin.py:109} INFO - [2021-09-16 09:05:40,961] {dag.py:1833} INFO - Sync 1 DAGs
[2021-09-16 09:05:40,975] {logging_mixin.py:109} INFO - [2021-09-16 09:05:40,975] {dag.py:2306} INFO - Setting next_dagrun for example_complex to None
[2021-09-16 09:05:40,988] {processor.py:170} INFO - Processing /home/airflow/.local/lib/python3.8/site-packages/airflow/example_dags/example_complex.py took 0.079 seconds
[2021-09-16 09:06:11,247] {processor.py:162} INFO - Started process (PID=942) to work on /home/airflow/.local/lib/python3.8/site-packages/airflow/example_dags/example_complex.py
[2021-09-16 09:06:11,249] {processor.py:613} INFO - Processing file /home/airflow/.local/lib/python3.8/site-packages/airflow/example_dags/example_complex.py for tasks to queue
[2021-09-16 09:06:11,250] {logging_mixin.py:109} INFO - [2021-09-16 09:06:11,250] {dagbag.py:496} INFO - Filling up the DagBag from /home/airflow/.local/lib/python3.8/site-packages/airflow/example_dags/example_complex.py
[2021-09-16 09:06:11,266] {processor.py:623} INFO - DAG(s) dict_keys(['example_complex']) retrieved from /home/airflow/.local/lib/python3.8/site-packages/airflow/example_dags/example_complex.py
[2021-09-16 09:06:11,287] {logging_mixin.py:109} INFO - [2021-09-16 09:06:11,287] {dag.py:1833} INFO - Sync 1 DAGs
[2021-09-16 09:06:11,297] {logging_mixin.py:109} INFO - [2021-09-16 09:06:11,297] {dag.py:2306} INFO - Setting next_dagrun for example_complex to None
[2021-09-16 09:06:11,306] {processor.py:170} INFO - Processing /home/airflow/.local/lib/python3.8/site-packages/airflow/example_dags/example_complex.py took 0.062 seconds
[2021-09-16 09:06:42,478] {processor.py:162} INFO - Started process (PID=999) to work on /home/airflow/.local/lib/python3.8/site-packages/airflow/example_dags/example_complex.py
[2021-09-16 09:06:42,480] {processor.py:613} INFO - Processing file /home/airflow/.local/lib/python3.8/site-packages/airflow/example_dags/example_complex.py for tasks to queue
[2021-09-16 09:06:42,481] {logging_mixin.py:109} INFO - [2021-09-16 09:06:42,481] {dagbag.py:496} INFO - Filling up the DagBag from /home/airflow/.local/lib/python3.8/site-packages/airflow/example_dags/example_complex.py
[2021-09-16 09:06:42,495] {processor.py:623} INFO - DAG(s) dict_keys(['example_complex']) retrieved from /home/airflow/.local/lib/python3.8/site-packages/airflow/example_dags/example_complex.py
[2021-09-16 09:06:42,515] {logging_mixin.py:109} INFO - [2021-09-16 09:06:42,515] {dag.py:1833} INFO - Sync 1 DAGs
[2021-09-16 09:06:42,527] {logging_mixin.py:109} INFO - [2021-09-16 09:06:42,527] {dag.py:2306} INFO - Setting next_dagrun for example_complex to None
[2021-09-16 09:06:42,552] {processor.py:170} INFO - Processing /home/airflow/.local/lib/python3.8/site-packages/airflow/example_dags/example_complex.py took 0.076 seconds
[2021-09-16 09:07:12,721] {processor.py:162} INFO - Started process (PID=1054) to work on /home/airflow/.local/lib/python3.8/site-packages/airflow/example_dags/example_complex.py
[2021-09-16 09:07:12,722] {processor.py:613} INFO - Processing file /home/airflow/.local/lib/python3.8/site-packages/airflow/example_dags/example_complex.py for tasks to queue
[2021-09-16 09:07:12,723] {logging_mixin.py:109} INFO - [2021-09-16 09:07:12,723] {dagbag.py:496} INFO - Filling up the DagBag from /home/airflow/.local/lib/python3.8/site-packages/airflow/example_dags/example_complex.py
[2021-09-16 09:07:12,738] {processor.py:623} INFO - DAG(s) dict_keys(['example_complex']) retrieved from /home/airflow/.local/lib/python3.8/site-packages/airflow/example_dags/example_complex.py
[2021-09-16 09:07:12,759] {logging_mixin.py:109} INFO - [2021-09-16 09:07:12,759] {dag.py:1833} INFO - Sync 1 DAGs
[2021-09-16 09:07:12,769] {logging_mixin.py:109} INFO - [2021-09-16 09:07:12,769] {dag.py:2306} INFO - Setting next_dagrun for example_complex to None
[2021-09-16 09:07:12,777] {processor.py:170} INFO - Processing /home/airflow/.local/lib/python3.8/site-packages/airflow/example_dags/example_complex.py took 0.059 seconds
[2021-09-16 09:07:43,206] {processor.py:162} INFO - Started process (PID=1109) to work on /home/airflow/.local/lib/python3.8/site-packages/airflow/example_dags/example_complex.py
[2021-09-16 09:07:43,207] {processor.py:613} INFO - Processing file /home/airflow/.local/lib/python3.8/site-packages/airflow/example_dags/example_complex.py for tasks to queue
[2021-09-16 09:07:43,208] {logging_mixin.py:109} INFO - [2021-09-16 09:07:43,208] {dagbag.py:496} INFO - Filling up the DagBag from /home/airflow/.local/lib/python3.8/site-packages/airflow/example_dags/example_complex.py
[2021-09-16 09:07:43,223] {processor.py:623} INFO - DAG(s) dict_keys(['example_complex']) retrieved from /home/airflow/.local/lib/python3.8/site-packages/airflow/example_dags/example_complex.py
[2021-09-16 09:07:43,249] {logging_mixin.py:109} INFO - [2021-09-16 09:07:43,248] {dag.py:1833} INFO - Sync 1 DAGs
[2021-09-16 09:07:43,261] {logging_mixin.py:109} INFO - [2021-09-16 09:07:43,260] {dag.py:2306} INFO - Setting next_dagrun for example_complex to None
[2021-09-16 09:07:43,270] {processor.py:170} INFO - Processing /home/airflow/.local/lib/python3.8/site-packages/airflow/example_dags/example_complex.py took 0.068 seconds
[2021-09-16 09:08:13,488] {processor.py:162} INFO - Started process (PID=1156) to work on /home/airflow/.local/lib/python3.8/site-packages/airflow/example_dags/example_complex.py
[2021-09-16 09:08:13,489] {processor.py:613} INFO - Processing file /home/airflow/.local/lib/python3.8/site-packages/airflow/example_dags/example_complex.py for tasks to queue
[2021-09-16 09:08:13,490] {logging_mixin.py:109} INFO - [2021-09-16 09:08:13,490] {dagbag.py:496} INFO - Filling up the DagBag from /home/airflow/.local/lib/python3.8/site-packages/airflow/example_dags/example_complex.py
[2021-09-16 09:08:13,505] {processor.py:623} INFO - DAG(s) dict_keys(['example_complex']) retrieved from /home/airflow/.local/lib/python3.8/site-packages/airflow/example_dags/example_complex.py
[2021-09-16 09:08:13,525] {logging_mixin.py:109} INFO - [2021-09-16 09:08:13,525] {dag.py:1833} INFO - Sync 1 DAGs
[2021-09-16 09:08:13,536] {logging_mixin.py:109} INFO - [2021-09-16 09:08:13,536] {dag.py:2306} INFO - Setting next_dagrun for example_complex to None
[2021-09-16 09:08:13,544] {processor.py:170} INFO - Processing /home/airflow/.local/lib/python3.8/site-packages/airflow/example_dags/example_complex.py took 0.059 seconds
[2021-09-16 09:08:44,002] {processor.py:162} INFO - Started process (PID=1214) to work on /home/airflow/.local/lib/python3.8/site-packages/airflow/example_dags/example_complex.py
[2021-09-16 09:08:44,003] {processor.py:613} INFO - Processing file /home/airflow/.local/lib/python3.8/site-packages/airflow/example_dags/example_complex.py for tasks to queue
[2021-09-16 09:08:44,004] {logging_mixin.py:109} INFO - [2021-09-16 09:08:44,004] {dagbag.py:496} INFO - Filling up the DagBag from /home/airflow/.local/lib/python3.8/site-packages/airflow/example_dags/example_complex.py
[2021-09-16 09:08:44,019] {processor.py:623} INFO - DAG(s) dict_keys(['example_complex']) retrieved from /home/airflow/.local/lib/python3.8/site-packages/airflow/example_dags/example_complex.py
[2021-09-16 09:08:44,042] {logging_mixin.py:109} INFO - [2021-09-16 09:08:44,042] {dag.py:1833} INFO - Sync 1 DAGs
[2021-09-16 09:08:44,053] {logging_mixin.py:109} INFO - [2021-09-16 09:08:44,053] {dag.py:2306} INFO - Setting next_dagrun for example_complex to None
[2021-09-16 09:08:44,061] {processor.py:170} INFO - Processing /home/airflow/.local/lib/python3.8/site-packages/airflow/example_dags/example_complex.py took 0.063 seconds
[2021-09-16 09:09:14,391] {processor.py:162} INFO - Started process (PID=1269) to work on /home/airflow/.local/lib/python3.8/site-packages/airflow/example_dags/example_complex.py
[2021-09-16 09:09:14,393] {processor.py:613} INFO - Processing file /home/airflow/.local/lib/python3.8/site-packages/airflow/example_dags/example_complex.py for tasks to queue
[2021-09-16 09:09:14,394] {logging_mixin.py:109} INFO - [2021-09-16 09:09:14,394] {dagbag.py:496} INFO - Filling up the DagBag from /home/airflow/.local/lib/python3.8/site-packages/airflow/example_dags/example_complex.py
[2021-09-16 09:09:14,408] {processor.py:623} INFO - DAG(s) dict_keys(['example_complex']) retrieved from /home/airflow/.local/lib/python3.8/site-packages/airflow/example_dags/example_complex.py
[2021-09-16 09:09:14,426] {logging_mixin.py:109} INFO - [2021-09-16 09:09:14,426] {dag.py:1833} INFO - Sync 1 DAGs
[2021-09-16 09:09:14,436] {logging_mixin.py:109} INFO - [2021-09-16 09:09:14,436] {dag.py:2306} INFO - Setting next_dagrun for example_complex to None
[2021-09-16 09:09:14,445] {processor.py:170} INFO - Processing /home/airflow/.local/lib/python3.8/site-packages/airflow/example_dags/example_complex.py took 0.056 seconds
[2021-09-16 09:09:44,739] {processor.py:162} INFO - Started process (PID=1325) to work on /home/airflow/.local/lib/python3.8/site-packages/airflow/example_dags/example_complex.py
[2021-09-16 09:09:44,740] {processor.py:613} INFO - Processing file /home/airflow/.local/lib/python3.8/site-packages/airflow/example_dags/example_complex.py for tasks to queue
[2021-09-16 09:09:44,741] {logging_mixin.py:109} INFO - [2021-09-16 09:09:44,741] {dagbag.py:496} INFO - Filling up the DagBag from /home/airflow/.local/lib/python3.8/site-packages/airflow/example_dags/example_complex.py
[2021-09-16 09:09:44,756] {processor.py:623} INFO - DAG(s) dict_keys(['example_complex']) retrieved from /home/airflow/.local/lib/python3.8/site-packages/airflow/example_dags/example_complex.py
[2021-09-16 09:09:44,777] {logging_mixin.py:109} INFO - [2021-09-16 09:09:44,777] {dag.py:1833} INFO - Sync 1 DAGs
[2021-09-16 09:09:44,787] {logging_mixin.py:109} INFO - [2021-09-16 09:09:44,787] {dag.py:2306} INFO - Setting next_dagrun for example_complex to None
[2021-09-16 09:09:44,797] {processor.py:170} INFO - Processing /home/airflow/.local/lib/python3.8/site-packages/airflow/example_dags/example_complex.py took 0.062 seconds
[2021-09-16 09:10:15,132] {processor.py:162} INFO - Started process (PID=1373) to work on /home/airflow/.local/lib/python3.8/site-packages/airflow/example_dags/example_complex.py
[2021-09-16 09:10:15,133] {processor.py:613} INFO - Processing file /home/airflow/.local/lib/python3.8/site-packages/airflow/example_dags/example_complex.py for tasks to queue
[2021-09-16 09:10:15,134] {logging_mixin.py:109} INFO - [2021-09-16 09:10:15,134] {dagbag.py:496} INFO - Filling up the DagBag from /home/airflow/.local/lib/python3.8/site-packages/airflow/example_dags/example_complex.py
[2021-09-16 09:10:15,151] {processor.py:623} INFO - DAG(s) dict_keys(['example_complex']) retrieved from /home/airflow/.local/lib/python3.8/site-packages/airflow/example_dags/example_complex.py
[2021-09-16 09:10:15,177] {logging_mixin.py:109} INFO - [2021-09-16 09:10:15,177] {dag.py:1833} INFO - Sync 1 DAGs
[2021-09-16 09:10:15,188] {logging_mixin.py:109} INFO - [2021-09-16 09:10:15,188] {dag.py:2306} INFO - Setting next_dagrun for example_complex to None
[2021-09-16 09:10:15,197] {processor.py:170} INFO - Processing /home/airflow/.local/lib/python3.8/site-packages/airflow/example_dags/example_complex.py took 0.069 seconds
[2021-09-16 09:10:45,673] {processor.py:162} INFO - Started process (PID=1428) to work on /home/airflow/.local/lib/python3.8/site-packages/airflow/example_dags/example_complex.py
[2021-09-16 09:10:45,674] {processor.py:613} INFO - Processing file /home/airflow/.local/lib/python3.8/site-packages/airflow/example_dags/example_complex.py for tasks to queue
[2021-09-16 09:10:45,675] {logging_mixin.py:109} INFO - [2021-09-16 09:10:45,675] {dagbag.py:496} INFO - Filling up the DagBag from /home/airflow/.local/lib/python3.8/site-packages/airflow/example_dags/example_complex.py
[2021-09-16 09:10:45,694] {processor.py:623} INFO - DAG(s) dict_keys(['example_complex']) retrieved from /home/airflow/.local/lib/python3.8/site-packages/airflow/example_dags/example_complex.py
[2021-09-16 09:10:45,734] {logging_mixin.py:109} INFO - [2021-09-16 09:10:45,734] {dag.py:1833} INFO - Sync 1 DAGs
[2021-09-16 09:10:45,747] {logging_mixin.py:109} INFO - [2021-09-16 09:10:45,747] {dag.py:2306} INFO - Setting next_dagrun for example_complex to None
[2021-09-16 09:10:45,756] {processor.py:170} INFO - Processing /home/airflow/.local/lib/python3.8/site-packages/airflow/example_dags/example_complex.py took 0.087 seconds
[2021-09-16 09:11:16,255] {processor.py:162} INFO - Started process (PID=1485) to work on /home/airflow/.local/lib/python3.8/site-packages/airflow/example_dags/example_complex.py
[2021-09-16 09:11:16,256] {processor.py:613} INFO - Processing file /home/airflow/.local/lib/python3.8/site-packages/airflow/example_dags/example_complex.py for tasks to queue
[2021-09-16 09:11:16,257] {logging_mixin.py:109} INFO - [2021-09-16 09:11:16,257] {dagbag.py:496} INFO - Filling up the DagBag from /home/airflow/.local/lib/python3.8/site-packages/airflow/example_dags/example_complex.py
[2021-09-16 09:11:16,272] {processor.py:623} INFO - DAG(s) dict_keys(['example_complex']) retrieved from /home/airflow/.local/lib/python3.8/site-packages/airflow/example_dags/example_complex.py
[2021-09-16 09:11:16,297] {logging_mixin.py:109} INFO - [2021-09-16 09:11:16,296] {dag.py:1833} INFO - Sync 1 DAGs
[2021-09-16 09:11:16,311] {logging_mixin.py:109} INFO - [2021-09-16 09:11:16,311] {dag.py:2306} INFO - Setting next_dagrun for example_complex to None
[2021-09-16 09:11:16,322] {processor.py:170} INFO - Processing /home/airflow/.local/lib/python3.8/site-packages/airflow/example_dags/example_complex.py took 0.072 seconds
[2021-09-16 09:11:46,671] {processor.py:162} INFO - Started process (PID=1533) to work on /home/airflow/.local/lib/python3.8/site-packages/airflow/example_dags/example_complex.py
[2021-09-16 09:11:46,672] {processor.py:613} INFO - Processing file /home/airflow/.local/lib/python3.8/site-packages/airflow/example_dags/example_complex.py for tasks to queue
[2021-09-16 09:11:46,673] {logging_mixin.py:109} INFO - [2021-09-16 09:11:46,673] {dagbag.py:496} INFO - Filling up the DagBag from /home/airflow/.local/lib/python3.8/site-packages/airflow/example_dags/example_complex.py
[2021-09-16 09:11:46,690] {processor.py:623} INFO - DAG(s) dict_keys(['example_complex']) retrieved from /home/airflow/.local/lib/python3.8/site-packages/airflow/example_dags/example_complex.py
[2021-09-16 09:11:46,713] {logging_mixin.py:109} INFO - [2021-09-16 09:11:46,713] {dag.py:1833} INFO - Sync 1 DAGs
[2021-09-16 09:11:46,727] {logging_mixin.py:109} INFO - [2021-09-16 09:11:46,727] {dag.py:2306} INFO - Setting next_dagrun for example_complex to None
[2021-09-16 09:11:46,737] {processor.py:170} INFO - Processing /home/airflow/.local/lib/python3.8/site-packages/airflow/example_dags/example_complex.py took 0.069 seconds
[2021-09-16 09:12:17,228] {processor.py:162} INFO - Started process (PID=1588) to work on /home/airflow/.local/lib/python3.8/site-packages/airflow/example_dags/example_complex.py
[2021-09-16 09:12:17,230] {processor.py:613} INFO - Processing file /home/airflow/.local/lib/python3.8/site-packages/airflow/example_dags/example_complex.py for tasks to queue
[2021-09-16 09:12:17,231] {logging_mixin.py:109} INFO - [2021-09-16 09:12:17,230] {dagbag.py:496} INFO - Filling up the DagBag from /home/airflow/.local/lib/python3.8/site-packages/airflow/example_dags/example_complex.py
[2021-09-16 09:12:17,246] {processor.py:623} INFO - DAG(s) dict_keys(['example_complex']) retrieved from /home/airflow/.local/lib/python3.8/site-packages/airflow/example_dags/example_complex.py
[2021-09-16 09:12:17,269] {logging_mixin.py:109} INFO - [2021-09-16 09:12:17,269] {dag.py:1833} INFO - Sync 1 DAGs
[2021-09-16 09:12:17,280] {logging_mixin.py:109} INFO - [2021-09-16 09:12:17,280] {dag.py:2306} INFO - Setting next_dagrun for example_complex to None
[2021-09-16 09:12:17,289] {processor.py:170} INFO - Processing /home/airflow/.local/lib/python3.8/site-packages/airflow/example_dags/example_complex.py took 0.064 seconds
[2021-09-16 09:12:47,677] {processor.py:162} INFO - Started process (PID=1644) to work on /home/airflow/.local/lib/python3.8/site-packages/airflow/example_dags/example_complex.py
[2021-09-16 09:12:47,678] {processor.py:613} INFO - Processing file /home/airflow/.local/lib/python3.8/site-packages/airflow/example_dags/example_complex.py for tasks to queue
[2021-09-16 09:12:47,679] {logging_mixin.py:109} INFO - [2021-09-16 09:12:47,679] {dagbag.py:496} INFO - Filling up the DagBag from /home/airflow/.local/lib/python3.8/site-packages/airflow/example_dags/example_complex.py
[2021-09-16 09:12:47,695] {processor.py:623} INFO - DAG(s) dict_keys(['example_complex']) retrieved from /home/airflow/.local/lib/python3.8/site-packages/airflow/example_dags/example_complex.py
[2021-09-16 09:12:47,716] {logging_mixin.py:109} INFO - [2021-09-16 09:12:47,716] {dag.py:1833} INFO - Sync 1 DAGs
[2021-09-16 09:12:47,728] {logging_mixin.py:109} INFO - [2021-09-16 09:12:47,727] {dag.py:2306} INFO - Setting next_dagrun for example_complex to None
[2021-09-16 09:12:47,737] {processor.py:170} INFO - Processing /home/airflow/.local/lib/python3.8/site-packages/airflow/example_dags/example_complex.py took 0.062 seconds
[2021-09-16 09:13:18,182] {processor.py:162} INFO - Started process (PID=1700) to work on /home/airflow/.local/lib/python3.8/site-packages/airflow/example_dags/example_complex.py
[2021-09-16 09:13:18,185] {processor.py:613} INFO - Processing file /home/airflow/.local/lib/python3.8/site-packages/airflow/example_dags/example_complex.py for tasks to queue
[2021-09-16 09:13:18,188] {logging_mixin.py:109} INFO - [2021-09-16 09:13:18,187] {dagbag.py:496} INFO - Filling up the DagBag from /home/airflow/.local/lib/python3.8/site-packages/airflow/example_dags/example_complex.py
[2021-09-16 09:13:18,204] {processor.py:623} INFO - DAG(s) dict_keys(['example_complex']) retrieved from /home/airflow/.local/lib/python3.8/site-packages/airflow/example_dags/example_complex.py
[2021-09-16 09:13:18,226] {logging_mixin.py:109} INFO - [2021-09-16 09:13:18,226] {dag.py:1833} INFO - Sync 1 DAGs
[2021-09-16 09:13:18,238] {logging_mixin.py:109} INFO - [2021-09-16 09:13:18,238] {dag.py:2306} INFO - Setting next_dagrun for example_complex to None
[2021-09-16 09:13:18,246] {processor.py:170} INFO - Processing /home/airflow/.local/lib/python3.8/site-packages/airflow/example_dags/example_complex.py took 0.072 seconds
[2021-09-16 09:13:48,426] {processor.py:162} INFO - Started process (PID=1748) to work on /home/airflow/.local/lib/python3.8/site-packages/airflow/example_dags/example_complex.py
[2021-09-16 09:13:48,427] {processor.py:613} INFO - Processing file /home/airflow/.local/lib/python3.8/site-packages/airflow/example_dags/example_complex.py for tasks to queue
[2021-09-16 09:13:48,428] {logging_mixin.py:109} INFO - [2021-09-16 09:13:48,428] {dagbag.py:496} INFO - Filling up the DagBag from /home/airflow/.local/lib/python3.8/site-packages/airflow/example_dags/example_complex.py
[2021-09-16 09:13:48,444] {processor.py:623} INFO - DAG(s) dict_keys(['example_complex']) retrieved from /home/airflow/.local/lib/python3.8/site-packages/airflow/example_dags/example_complex.py
[2021-09-16 09:13:48,467] {logging_mixin.py:109} INFO - [2021-09-16 09:13:48,466] {dag.py:1833} INFO - Sync 1 DAGs
[2021-09-16 09:13:48,478] {logging_mixin.py:109} INFO - [2021-09-16 09:13:48,478] {dag.py:2306} INFO - Setting next_dagrun for example_complex to None
[2021-09-16 09:13:48,487] {processor.py:170} INFO - Processing /home/airflow/.local/lib/python3.8/site-packages/airflow/example_dags/example_complex.py took 0.065 seconds
[2021-09-16 09:14:18,515] {processor.py:162} INFO - Started process (PID=1802) to work on /home/airflow/.local/lib/python3.8/site-packages/airflow/example_dags/example_complex.py
[2021-09-16 09:14:18,517] {processor.py:613} INFO - Processing file /home/airflow/.local/lib/python3.8/site-packages/airflow/example_dags/example_complex.py for tasks to queue
[2021-09-16 09:14:18,518] {logging_mixin.py:109} INFO - [2021-09-16 09:14:18,518] {dagbag.py:496} INFO - Filling up the DagBag from /home/airflow/.local/lib/python3.8/site-packages/airflow/example_dags/example_complex.py
[2021-09-16 09:14:18,533] {processor.py:623} INFO - DAG(s) dict_keys(['example_complex']) retrieved from /home/airflow/.local/lib/python3.8/site-packages/airflow/example_dags/example_complex.py
[2021-09-16 09:14:18,556] {logging_mixin.py:109} INFO - [2021-09-16 09:14:18,556] {dag.py:1833} INFO - Sync 1 DAGs
[2021-09-16 09:14:18,568] {logging_mixin.py:109} INFO - [2021-09-16 09:14:18,568] {dag.py:2306} INFO - Setting next_dagrun for example_complex to None
[2021-09-16 09:14:18,579] {processor.py:170} INFO - Processing /home/airflow/.local/lib/python3.8/site-packages/airflow/example_dags/example_complex.py took 0.067 seconds
[2021-09-16 09:14:48,834] {processor.py:162} INFO - Started process (PID=1857) to work on /home/airflow/.local/lib/python3.8/site-packages/airflow/example_dags/example_complex.py
[2021-09-16 09:14:48,835] {processor.py:613} INFO - Processing file /home/airflow/.local/lib/python3.8/site-packages/airflow/example_dags/example_complex.py for tasks to queue
[2021-09-16 09:14:48,836] {logging_mixin.py:109} INFO - [2021-09-16 09:14:48,836] {dagbag.py:496} INFO - Filling up the DagBag from /home/airflow/.local/lib/python3.8/site-packages/airflow/example_dags/example_complex.py
[2021-09-16 09:14:48,852] {processor.py:623} INFO - DAG(s) dict_keys(['example_complex']) retrieved from /home/airflow/.local/lib/python3.8/site-packages/airflow/example_dags/example_complex.py
[2021-09-16 09:14:48,882] {logging_mixin.py:109} INFO - [2021-09-16 09:14:48,882] {dag.py:1833} INFO - Sync 1 DAGs
[2021-09-16 09:14:48,896] {logging_mixin.py:109} INFO - [2021-09-16 09:14:48,896] {dag.py:2306} INFO - Setting next_dagrun for example_complex to None
[2021-09-16 09:14:48,905] {processor.py:170} INFO - Processing /home/airflow/.local/lib/python3.8/site-packages/airflow/example_dags/example_complex.py took 0.074 seconds
[2021-09-16 09:15:18,936] {processor.py:162} INFO - Started process (PID=1905) to work on /home/airflow/.local/lib/python3.8/site-packages/airflow/example_dags/example_complex.py
[2021-09-16 09:15:18,937] {processor.py:613} INFO - Processing file /home/airflow/.local/lib/python3.8/site-packages/airflow/example_dags/example_complex.py for tasks to queue
[2021-09-16 09:15:18,938] {logging_mixin.py:109} INFO - [2021-09-16 09:15:18,938] {dagbag.py:496} INFO - Filling up the DagBag from /home/airflow/.local/lib/python3.8/site-packages/airflow/example_dags/example_complex.py
[2021-09-16 09:15:18,955] {processor.py:623} INFO - DAG(s) dict_keys(['example_complex']) retrieved from /home/airflow/.local/lib/python3.8/site-packages/airflow/example_dags/example_complex.py
[2021-09-16 09:15:18,978] {logging_mixin.py:109} INFO - [2021-09-16 09:15:18,978] {dag.py:1833} INFO - Sync 1 DAGs
[2021-09-16 09:15:18,990] {logging_mixin.py:109} INFO - [2021-09-16 09:15:18,990] {dag.py:2306} INFO - Setting next_dagrun for example_complex to None
[2021-09-16 09:15:19,001] {processor.py:170} INFO - Processing /home/airflow/.local/lib/python3.8/site-packages/airflow/example_dags/example_complex.py took 0.069 seconds
[2021-09-16 09:15:49,285] {processor.py:162} INFO - Started process (PID=1960) to work on /home/airflow/.local/lib/python3.8/site-packages/airflow/example_dags/example_complex.py
[2021-09-16 09:15:49,287] {processor.py:613} INFO - Processing file /home/airflow/.local/lib/python3.8/site-packages/airflow/example_dags/example_complex.py for tasks to queue
[2021-09-16 09:15:49,288] {logging_mixin.py:109} INFO - [2021-09-16 09:15:49,287] {dagbag.py:496} INFO - Filling up the DagBag from /home/airflow/.local/lib/python3.8/site-packages/airflow/example_dags/example_complex.py
[2021-09-16 09:15:49,308] {processor.py:623} INFO - DAG(s) dict_keys(['example_complex']) retrieved from /home/airflow/.local/lib/python3.8/site-packages/airflow/example_dags/example_complex.py
[2021-09-16 09:15:49,329] {logging_mixin.py:109} INFO - [2021-09-16 09:15:49,328] {dag.py:1833} INFO - Sync 1 DAGs
[2021-09-16 09:15:49,339] {logging_mixin.py:109} INFO - [2021-09-16 09:15:49,339] {dag.py:2306} INFO - Setting next_dagrun for example_complex to None
[2021-09-16 09:15:49,346] {processor.py:170} INFO - Processing /home/airflow/.local/lib/python3.8/site-packages/airflow/example_dags/example_complex.py took 0.064 seconds
