[2021-09-16 08:37:37,631] {processor.py:162} INFO - Started process (PID=51) to work on /home/airflow/.local/lib/python3.8/site-packages/airflow/example_dags/example_python_operator.py
[2021-09-16 08:37:37,633] {processor.py:613} INFO - Processing file /home/airflow/.local/lib/python3.8/site-packages/airflow/example_dags/example_python_operator.py for tasks to queue
[2021-09-16 08:37:37,634] {logging_mixin.py:109} INFO - [2021-09-16 08:37:37,634] {dagbag.py:496} INFO - Filling up the DagBag from /home/airflow/.local/lib/python3.8/site-packages/airflow/example_dags/example_python_operator.py
[2021-09-16 08:37:37,649] {processor.py:623} INFO - DAG(s) dict_keys(['example_python_operator']) retrieved from /home/airflow/.local/lib/python3.8/site-packages/airflow/example_dags/example_python_operator.py
[2021-09-16 08:37:39,743] {logging_mixin.py:109} INFO - [2021-09-16 08:37:39,742] {dag.py:1833} INFO - Sync 1 DAGs
[2021-09-16 08:37:39,753] {logging_mixin.py:109} INFO - [2021-09-16 08:37:39,752] {dag.py:1852} INFO - Creating ORM DAG for example_python_operator
[2021-09-16 08:37:39,760] {logging_mixin.py:109} INFO - [2021-09-16 08:37:39,759] {dag.py:2306} INFO - Setting next_dagrun for example_python_operator to None
[2021-09-16 08:37:39,771] {processor.py:170} INFO - Processing /home/airflow/.local/lib/python3.8/site-packages/airflow/example_dags/example_python_operator.py took 2.145 seconds
[2021-09-16 08:38:10,820] {processor.py:162} INFO - Started process (PID=332) to work on /home/airflow/.local/lib/python3.8/site-packages/airflow/example_dags/example_python_operator.py
[2021-09-16 08:38:10,822] {processor.py:613} INFO - Processing file /home/airflow/.local/lib/python3.8/site-packages/airflow/example_dags/example_python_operator.py for tasks to queue
[2021-09-16 08:38:10,823] {logging_mixin.py:109} INFO - [2021-09-16 08:38:10,823] {dagbag.py:496} INFO - Filling up the DagBag from /home/airflow/.local/lib/python3.8/site-packages/airflow/example_dags/example_python_operator.py
[2021-09-16 08:38:10,838] {processor.py:623} INFO - DAG(s) dict_keys(['example_python_operator']) retrieved from /home/airflow/.local/lib/python3.8/site-packages/airflow/example_dags/example_python_operator.py
[2021-09-16 08:38:10,884] {logging_mixin.py:109} INFO - [2021-09-16 08:38:10,884] {dag.py:1833} INFO - Sync 1 DAGs
[2021-09-16 08:38:10,912] {logging_mixin.py:109} INFO - [2021-09-16 08:38:10,912] {dag.py:2306} INFO - Setting next_dagrun for example_python_operator to None
[2021-09-16 08:38:10,924] {processor.py:170} INFO - Processing /home/airflow/.local/lib/python3.8/site-packages/airflow/example_dags/example_python_operator.py took 0.107 seconds
[2021-09-16 08:38:41,357] {processor.py:162} INFO - Started process (PID=380) to work on /home/airflow/.local/lib/python3.8/site-packages/airflow/example_dags/example_python_operator.py
[2021-09-16 08:38:41,359] {processor.py:613} INFO - Processing file /home/airflow/.local/lib/python3.8/site-packages/airflow/example_dags/example_python_operator.py for tasks to queue
[2021-09-16 08:38:41,360] {logging_mixin.py:109} INFO - [2021-09-16 08:38:41,360] {dagbag.py:496} INFO - Filling up the DagBag from /home/airflow/.local/lib/python3.8/site-packages/airflow/example_dags/example_python_operator.py
[2021-09-16 08:38:41,374] {processor.py:623} INFO - DAG(s) dict_keys(['example_python_operator']) retrieved from /home/airflow/.local/lib/python3.8/site-packages/airflow/example_dags/example_python_operator.py
[2021-09-16 08:38:41,396] {logging_mixin.py:109} INFO - [2021-09-16 08:38:41,396] {dag.py:1833} INFO - Sync 1 DAGs
[2021-09-16 08:38:41,408] {logging_mixin.py:109} INFO - [2021-09-16 08:38:41,408] {dag.py:2306} INFO - Setting next_dagrun for example_python_operator to None
[2021-09-16 08:38:41,417] {processor.py:170} INFO - Processing /home/airflow/.local/lib/python3.8/site-packages/airflow/example_dags/example_python_operator.py took 0.066 seconds
[2021-09-16 08:39:12,066] {processor.py:162} INFO - Started process (PID=435) to work on /home/airflow/.local/lib/python3.8/site-packages/airflow/example_dags/example_python_operator.py
[2021-09-16 08:39:12,068] {processor.py:613} INFO - Processing file /home/airflow/.local/lib/python3.8/site-packages/airflow/example_dags/example_python_operator.py for tasks to queue
[2021-09-16 08:39:12,070] {logging_mixin.py:109} INFO - [2021-09-16 08:39:12,070] {dagbag.py:496} INFO - Filling up the DagBag from /home/airflow/.local/lib/python3.8/site-packages/airflow/example_dags/example_python_operator.py
[2021-09-16 08:39:12,083] {processor.py:623} INFO - DAG(s) dict_keys(['example_python_operator']) retrieved from /home/airflow/.local/lib/python3.8/site-packages/airflow/example_dags/example_python_operator.py
[2021-09-16 08:39:12,109] {logging_mixin.py:109} INFO - [2021-09-16 08:39:12,108] {dag.py:1833} INFO - Sync 1 DAGs
[2021-09-16 08:39:12,122] {logging_mixin.py:109} INFO - [2021-09-16 08:39:12,122] {dag.py:2306} INFO - Setting next_dagrun for example_python_operator to None
[2021-09-16 08:39:12,132] {processor.py:170} INFO - Processing /home/airflow/.local/lib/python3.8/site-packages/airflow/example_dags/example_python_operator.py took 0.069 seconds
[2021-09-16 08:39:42,163] {processor.py:162} INFO - Started process (PID=484) to work on /home/airflow/.local/lib/python3.8/site-packages/airflow/example_dags/example_python_operator.py
[2021-09-16 08:39:42,165] {processor.py:613} INFO - Processing file /home/airflow/.local/lib/python3.8/site-packages/airflow/example_dags/example_python_operator.py for tasks to queue
[2021-09-16 08:39:42,167] {logging_mixin.py:109} INFO - [2021-09-16 08:39:42,166] {dagbag.py:496} INFO - Filling up the DagBag from /home/airflow/.local/lib/python3.8/site-packages/airflow/example_dags/example_python_operator.py
[2021-09-16 08:39:42,178] {processor.py:623} INFO - DAG(s) dict_keys(['example_python_operator']) retrieved from /home/airflow/.local/lib/python3.8/site-packages/airflow/example_dags/example_python_operator.py
[2021-09-16 08:39:42,199] {logging_mixin.py:109} INFO - [2021-09-16 08:39:42,199] {dag.py:1833} INFO - Sync 1 DAGs
[2021-09-16 08:39:42,209] {logging_mixin.py:109} INFO - [2021-09-16 08:39:42,209] {dag.py:2306} INFO - Setting next_dagrun for example_python_operator to None
[2021-09-16 08:39:42,220] {processor.py:170} INFO - Processing /home/airflow/.local/lib/python3.8/site-packages/airflow/example_dags/example_python_operator.py took 0.062 seconds
[2021-09-16 08:59:49,368] {processor.py:162} INFO - Started process (PID=51) to work on /home/airflow/.local/lib/python3.8/site-packages/airflow/example_dags/example_python_operator.py
[2021-09-16 08:59:49,369] {processor.py:613} INFO - Processing file /home/airflow/.local/lib/python3.8/site-packages/airflow/example_dags/example_python_operator.py for tasks to queue
[2021-09-16 08:59:49,370] {logging_mixin.py:109} INFO - [2021-09-16 08:59:49,370] {dagbag.py:496} INFO - Filling up the DagBag from /home/airflow/.local/lib/python3.8/site-packages/airflow/example_dags/example_python_operator.py
[2021-09-16 08:59:49,383] {processor.py:623} INFO - DAG(s) dict_keys(['example_python_operator']) retrieved from /home/airflow/.local/lib/python3.8/site-packages/airflow/example_dags/example_python_operator.py
[2021-09-16 08:59:50,999] {logging_mixin.py:109} INFO - [2021-09-16 08:59:50,999] {dag.py:1833} INFO - Sync 1 DAGs
[2021-09-16 08:59:51,005] {logging_mixin.py:109} INFO - [2021-09-16 08:59:51,005] {dag.py:1852} INFO - Creating ORM DAG for example_python_operator
[2021-09-16 08:59:51,008] {logging_mixin.py:109} INFO - [2021-09-16 08:59:51,008] {dag.py:2306} INFO - Setting next_dagrun for example_python_operator to None
[2021-09-16 08:59:51,016] {processor.py:170} INFO - Processing /home/airflow/.local/lib/python3.8/site-packages/airflow/example_dags/example_python_operator.py took 1.652 seconds
[2021-09-16 09:00:21,724] {processor.py:162} INFO - Started process (PID=323) to work on /home/airflow/.local/lib/python3.8/site-packages/airflow/example_dags/example_python_operator.py
[2021-09-16 09:00:21,725] {processor.py:613} INFO - Processing file /home/airflow/.local/lib/python3.8/site-packages/airflow/example_dags/example_python_operator.py for tasks to queue
[2021-09-16 09:00:21,726] {logging_mixin.py:109} INFO - [2021-09-16 09:00:21,726] {dagbag.py:496} INFO - Filling up the DagBag from /home/airflow/.local/lib/python3.8/site-packages/airflow/example_dags/example_python_operator.py
[2021-09-16 09:00:21,739] {processor.py:623} INFO - DAG(s) dict_keys(['example_python_operator']) retrieved from /home/airflow/.local/lib/python3.8/site-packages/airflow/example_dags/example_python_operator.py
[2021-09-16 09:00:21,766] {logging_mixin.py:109} INFO - [2021-09-16 09:00:21,766] {dag.py:1833} INFO - Sync 1 DAGs
[2021-09-16 09:00:21,779] {logging_mixin.py:109} INFO - [2021-09-16 09:00:21,779] {dag.py:2306} INFO - Setting next_dagrun for example_python_operator to None
[2021-09-16 09:00:21,788] {processor.py:170} INFO - Processing /home/airflow/.local/lib/python3.8/site-packages/airflow/example_dags/example_python_operator.py took 0.067 seconds
[2021-09-16 09:00:52,359] {processor.py:162} INFO - Started process (PID=378) to work on /home/airflow/.local/lib/python3.8/site-packages/airflow/example_dags/example_python_operator.py
[2021-09-16 09:00:52,360] {processor.py:613} INFO - Processing file /home/airflow/.local/lib/python3.8/site-packages/airflow/example_dags/example_python_operator.py for tasks to queue
[2021-09-16 09:00:52,362] {logging_mixin.py:109} INFO - [2021-09-16 09:00:52,361] {dagbag.py:496} INFO - Filling up the DagBag from /home/airflow/.local/lib/python3.8/site-packages/airflow/example_dags/example_python_operator.py
[2021-09-16 09:00:52,376] {processor.py:623} INFO - DAG(s) dict_keys(['example_python_operator']) retrieved from /home/airflow/.local/lib/python3.8/site-packages/airflow/example_dags/example_python_operator.py
[2021-09-16 09:00:52,398] {logging_mixin.py:109} INFO - [2021-09-16 09:00:52,398] {dag.py:1833} INFO - Sync 1 DAGs
[2021-09-16 09:00:52,412] {logging_mixin.py:109} INFO - [2021-09-16 09:00:52,411] {dag.py:2306} INFO - Setting next_dagrun for example_python_operator to None
[2021-09-16 09:00:52,421] {processor.py:170} INFO - Processing /home/airflow/.local/lib/python3.8/site-packages/airflow/example_dags/example_python_operator.py took 0.066 seconds
[2021-09-16 09:01:22,572] {processor.py:162} INFO - Started process (PID=435) to work on /home/airflow/.local/lib/python3.8/site-packages/airflow/example_dags/example_python_operator.py
[2021-09-16 09:01:22,573] {processor.py:613} INFO - Processing file /home/airflow/.local/lib/python3.8/site-packages/airflow/example_dags/example_python_operator.py for tasks to queue
[2021-09-16 09:01:22,575] {logging_mixin.py:109} INFO - [2021-09-16 09:01:22,575] {dagbag.py:496} INFO - Filling up the DagBag from /home/airflow/.local/lib/python3.8/site-packages/airflow/example_dags/example_python_operator.py
[2021-09-16 09:01:22,585] {processor.py:623} INFO - DAG(s) dict_keys(['example_python_operator']) retrieved from /home/airflow/.local/lib/python3.8/site-packages/airflow/example_dags/example_python_operator.py
[2021-09-16 09:01:22,605] {logging_mixin.py:109} INFO - [2021-09-16 09:01:22,605] {dag.py:1833} INFO - Sync 1 DAGs
[2021-09-16 09:01:22,617] {logging_mixin.py:109} INFO - [2021-09-16 09:01:22,616] {dag.py:2306} INFO - Setting next_dagrun for example_python_operator to None
[2021-09-16 09:01:22,625] {processor.py:170} INFO - Processing /home/airflow/.local/lib/python3.8/site-packages/airflow/example_dags/example_python_operator.py took 0.057 seconds
[2021-09-16 09:01:52,947] {processor.py:162} INFO - Started process (PID=483) to work on /home/airflow/.local/lib/python3.8/site-packages/airflow/example_dags/example_python_operator.py
[2021-09-16 09:01:52,948] {processor.py:613} INFO - Processing file /home/airflow/.local/lib/python3.8/site-packages/airflow/example_dags/example_python_operator.py for tasks to queue
[2021-09-16 09:01:52,949] {logging_mixin.py:109} INFO - [2021-09-16 09:01:52,949] {dagbag.py:496} INFO - Filling up the DagBag from /home/airflow/.local/lib/python3.8/site-packages/airflow/example_dags/example_python_operator.py
[2021-09-16 09:01:52,962] {processor.py:623} INFO - DAG(s) dict_keys(['example_python_operator']) retrieved from /home/airflow/.local/lib/python3.8/site-packages/airflow/example_dags/example_python_operator.py
[2021-09-16 09:01:52,980] {logging_mixin.py:109} INFO - [2021-09-16 09:01:52,980] {dag.py:1833} INFO - Sync 1 DAGs
[2021-09-16 09:01:52,991] {logging_mixin.py:109} INFO - [2021-09-16 09:01:52,991] {dag.py:2306} INFO - Setting next_dagrun for example_python_operator to None
[2021-09-16 09:01:52,999] {processor.py:170} INFO - Processing /home/airflow/.local/lib/python3.8/site-packages/airflow/example_dags/example_python_operator.py took 0.056 seconds
[2021-09-16 09:02:23,258] {processor.py:162} INFO - Started process (PID=538) to work on /home/airflow/.local/lib/python3.8/site-packages/airflow/example_dags/example_python_operator.py
[2021-09-16 09:02:23,259] {processor.py:613} INFO - Processing file /home/airflow/.local/lib/python3.8/site-packages/airflow/example_dags/example_python_operator.py for tasks to queue
[2021-09-16 09:02:23,260] {logging_mixin.py:109} INFO - [2021-09-16 09:02:23,260] {dagbag.py:496} INFO - Filling up the DagBag from /home/airflow/.local/lib/python3.8/site-packages/airflow/example_dags/example_python_operator.py
[2021-09-16 09:02:23,271] {processor.py:623} INFO - DAG(s) dict_keys(['example_python_operator']) retrieved from /home/airflow/.local/lib/python3.8/site-packages/airflow/example_dags/example_python_operator.py
[2021-09-16 09:02:23,291] {logging_mixin.py:109} INFO - [2021-09-16 09:02:23,291] {dag.py:1833} INFO - Sync 1 DAGs
[2021-09-16 09:02:23,303] {logging_mixin.py:109} INFO - [2021-09-16 09:02:23,302] {dag.py:2306} INFO - Setting next_dagrun for example_python_operator to None
[2021-09-16 09:02:23,312] {processor.py:170} INFO - Processing /home/airflow/.local/lib/python3.8/site-packages/airflow/example_dags/example_python_operator.py took 0.057 seconds
[2021-09-16 09:02:53,652] {processor.py:162} INFO - Started process (PID=594) to work on /home/airflow/.local/lib/python3.8/site-packages/airflow/example_dags/example_python_operator.py
[2021-09-16 09:02:53,653] {processor.py:613} INFO - Processing file /home/airflow/.local/lib/python3.8/site-packages/airflow/example_dags/example_python_operator.py for tasks to queue
[2021-09-16 09:02:53,654] {logging_mixin.py:109} INFO - [2021-09-16 09:02:53,654] {dagbag.py:496} INFO - Filling up the DagBag from /home/airflow/.local/lib/python3.8/site-packages/airflow/example_dags/example_python_operator.py
[2021-09-16 09:02:53,667] {processor.py:623} INFO - DAG(s) dict_keys(['example_python_operator']) retrieved from /home/airflow/.local/lib/python3.8/site-packages/airflow/example_dags/example_python_operator.py
[2021-09-16 09:02:53,686] {logging_mixin.py:109} INFO - [2021-09-16 09:02:53,686] {dag.py:1833} INFO - Sync 1 DAGs
[2021-09-16 09:02:53,697] {logging_mixin.py:109} INFO - [2021-09-16 09:02:53,697] {dag.py:2306} INFO - Setting next_dagrun for example_python_operator to None
[2021-09-16 09:02:53,705] {processor.py:170} INFO - Processing /home/airflow/.local/lib/python3.8/site-packages/airflow/example_dags/example_python_operator.py took 0.056 seconds
[2021-09-16 09:03:24,010] {processor.py:162} INFO - Started process (PID=650) to work on /home/airflow/.local/lib/python3.8/site-packages/airflow/example_dags/example_python_operator.py
[2021-09-16 09:03:24,012] {processor.py:613} INFO - Processing file /home/airflow/.local/lib/python3.8/site-packages/airflow/example_dags/example_python_operator.py for tasks to queue
[2021-09-16 09:03:24,013] {logging_mixin.py:109} INFO - [2021-09-16 09:03:24,013] {dagbag.py:496} INFO - Filling up the DagBag from /home/airflow/.local/lib/python3.8/site-packages/airflow/example_dags/example_python_operator.py
[2021-09-16 09:03:24,024] {processor.py:623} INFO - DAG(s) dict_keys(['example_python_operator']) retrieved from /home/airflow/.local/lib/python3.8/site-packages/airflow/example_dags/example_python_operator.py
[2021-09-16 09:03:24,047] {logging_mixin.py:109} INFO - [2021-09-16 09:03:24,047] {dag.py:1833} INFO - Sync 1 DAGs
[2021-09-16 09:03:24,063] {logging_mixin.py:109} INFO - [2021-09-16 09:03:24,063] {dag.py:2306} INFO - Setting next_dagrun for example_python_operator to None
[2021-09-16 09:03:24,073] {processor.py:170} INFO - Processing /home/airflow/.local/lib/python3.8/site-packages/airflow/example_dags/example_python_operator.py took 0.066 seconds
[2021-09-16 09:03:54,216] {processor.py:162} INFO - Started process (PID=697) to work on /home/airflow/.local/lib/python3.8/site-packages/airflow/example_dags/example_python_operator.py
[2021-09-16 09:03:54,218] {processor.py:613} INFO - Processing file /home/airflow/.local/lib/python3.8/site-packages/airflow/example_dags/example_python_operator.py for tasks to queue
[2021-09-16 09:03:54,219] {logging_mixin.py:109} INFO - [2021-09-16 09:03:54,219] {dagbag.py:496} INFO - Filling up the DagBag from /home/airflow/.local/lib/python3.8/site-packages/airflow/example_dags/example_python_operator.py
[2021-09-16 09:03:54,230] {processor.py:623} INFO - DAG(s) dict_keys(['example_python_operator']) retrieved from /home/airflow/.local/lib/python3.8/site-packages/airflow/example_dags/example_python_operator.py
[2021-09-16 09:03:54,248] {logging_mixin.py:109} INFO - [2021-09-16 09:03:54,248] {dag.py:1833} INFO - Sync 1 DAGs
[2021-09-16 09:03:54,259] {logging_mixin.py:109} INFO - [2021-09-16 09:03:54,259] {dag.py:2306} INFO - Setting next_dagrun for example_python_operator to None
[2021-09-16 09:03:54,267] {processor.py:170} INFO - Processing /home/airflow/.local/lib/python3.8/site-packages/airflow/example_dags/example_python_operator.py took 0.054 seconds
[2021-09-16 09:04:24,507] {processor.py:162} INFO - Started process (PID=754) to work on /home/airflow/.local/lib/python3.8/site-packages/airflow/example_dags/example_python_operator.py
[2021-09-16 09:04:24,509] {processor.py:613} INFO - Processing file /home/airflow/.local/lib/python3.8/site-packages/airflow/example_dags/example_python_operator.py for tasks to queue
[2021-09-16 09:04:24,510] {logging_mixin.py:109} INFO - [2021-09-16 09:04:24,510] {dagbag.py:496} INFO - Filling up the DagBag from /home/airflow/.local/lib/python3.8/site-packages/airflow/example_dags/example_python_operator.py
[2021-09-16 09:04:24,522] {processor.py:623} INFO - DAG(s) dict_keys(['example_python_operator']) retrieved from /home/airflow/.local/lib/python3.8/site-packages/airflow/example_dags/example_python_operator.py
[2021-09-16 09:04:24,542] {logging_mixin.py:109} INFO - [2021-09-16 09:04:24,542] {dag.py:1833} INFO - Sync 1 DAGs
[2021-09-16 09:04:24,552] {logging_mixin.py:109} INFO - [2021-09-16 09:04:24,552] {dag.py:2306} INFO - Setting next_dagrun for example_python_operator to None
[2021-09-16 09:04:24,560] {processor.py:170} INFO - Processing /home/airflow/.local/lib/python3.8/site-packages/airflow/example_dags/example_python_operator.py took 0.056 seconds
[2021-09-16 09:04:54,674] {processor.py:162} INFO - Started process (PID=811) to work on /home/airflow/.local/lib/python3.8/site-packages/airflow/example_dags/example_python_operator.py
[2021-09-16 09:04:54,675] {processor.py:613} INFO - Processing file /home/airflow/.local/lib/python3.8/site-packages/airflow/example_dags/example_python_operator.py for tasks to queue
[2021-09-16 09:04:54,677] {logging_mixin.py:109} INFO - [2021-09-16 09:04:54,676] {dagbag.py:496} INFO - Filling up the DagBag from /home/airflow/.local/lib/python3.8/site-packages/airflow/example_dags/example_python_operator.py
[2021-09-16 09:04:54,689] {processor.py:623} INFO - DAG(s) dict_keys(['example_python_operator']) retrieved from /home/airflow/.local/lib/python3.8/site-packages/airflow/example_dags/example_python_operator.py
[2021-09-16 09:04:54,708] {logging_mixin.py:109} INFO - [2021-09-16 09:04:54,708] {dag.py:1833} INFO - Sync 1 DAGs
[2021-09-16 09:04:54,719] {logging_mixin.py:109} INFO - [2021-09-16 09:04:54,719] {dag.py:2306} INFO - Setting next_dagrun for example_python_operator to None
[2021-09-16 09:04:54,726] {processor.py:170} INFO - Processing /home/airflow/.local/lib/python3.8/site-packages/airflow/example_dags/example_python_operator.py took 0.056 seconds
[2021-09-16 09:05:24,896] {processor.py:162} INFO - Started process (PID=859) to work on /home/airflow/.local/lib/python3.8/site-packages/airflow/example_dags/example_python_operator.py
[2021-09-16 09:05:24,897] {processor.py:613} INFO - Processing file /home/airflow/.local/lib/python3.8/site-packages/airflow/example_dags/example_python_operator.py for tasks to queue
[2021-09-16 09:05:24,898] {logging_mixin.py:109} INFO - [2021-09-16 09:05:24,898] {dagbag.py:496} INFO - Filling up the DagBag from /home/airflow/.local/lib/python3.8/site-packages/airflow/example_dags/example_python_operator.py
[2021-09-16 09:05:24,909] {processor.py:623} INFO - DAG(s) dict_keys(['example_python_operator']) retrieved from /home/airflow/.local/lib/python3.8/site-packages/airflow/example_dags/example_python_operator.py
[2021-09-16 09:05:24,930] {logging_mixin.py:109} INFO - [2021-09-16 09:05:24,930] {dag.py:1833} INFO - Sync 1 DAGs
[2021-09-16 09:05:24,941] {logging_mixin.py:109} INFO - [2021-09-16 09:05:24,941] {dag.py:2306} INFO - Setting next_dagrun for example_python_operator to None
[2021-09-16 09:05:24,950] {processor.py:170} INFO - Processing /home/airflow/.local/lib/python3.8/site-packages/airflow/example_dags/example_python_operator.py took 0.057 seconds
[2021-09-16 09:05:55,281] {processor.py:162} INFO - Started process (PID=914) to work on /home/airflow/.local/lib/python3.8/site-packages/airflow/example_dags/example_python_operator.py
[2021-09-16 09:05:55,282] {processor.py:613} INFO - Processing file /home/airflow/.local/lib/python3.8/site-packages/airflow/example_dags/example_python_operator.py for tasks to queue
[2021-09-16 09:05:55,283] {logging_mixin.py:109} INFO - [2021-09-16 09:05:55,283] {dagbag.py:496} INFO - Filling up the DagBag from /home/airflow/.local/lib/python3.8/site-packages/airflow/example_dags/example_python_operator.py
[2021-09-16 09:05:55,294] {processor.py:623} INFO - DAG(s) dict_keys(['example_python_operator']) retrieved from /home/airflow/.local/lib/python3.8/site-packages/airflow/example_dags/example_python_operator.py
[2021-09-16 09:05:55,311] {logging_mixin.py:109} INFO - [2021-09-16 09:05:55,311] {dag.py:1833} INFO - Sync 1 DAGs
[2021-09-16 09:05:55,322] {logging_mixin.py:109} INFO - [2021-09-16 09:05:55,322] {dag.py:2306} INFO - Setting next_dagrun for example_python_operator to None
[2021-09-16 09:05:55,330] {processor.py:170} INFO - Processing /home/airflow/.local/lib/python3.8/site-packages/airflow/example_dags/example_python_operator.py took 0.052 seconds
[2021-09-16 09:06:25,602] {processor.py:162} INFO - Started process (PID=970) to work on /home/airflow/.local/lib/python3.8/site-packages/airflow/example_dags/example_python_operator.py
[2021-09-16 09:06:25,603] {processor.py:613} INFO - Processing file /home/airflow/.local/lib/python3.8/site-packages/airflow/example_dags/example_python_operator.py for tasks to queue
[2021-09-16 09:06:25,604] {logging_mixin.py:109} INFO - [2021-09-16 09:06:25,604] {dagbag.py:496} INFO - Filling up the DagBag from /home/airflow/.local/lib/python3.8/site-packages/airflow/example_dags/example_python_operator.py
[2021-09-16 09:06:25,617] {processor.py:623} INFO - DAG(s) dict_keys(['example_python_operator']) retrieved from /home/airflow/.local/lib/python3.8/site-packages/airflow/example_dags/example_python_operator.py
[2021-09-16 09:06:25,637] {logging_mixin.py:109} INFO - [2021-09-16 09:06:25,637] {dag.py:1833} INFO - Sync 1 DAGs
[2021-09-16 09:06:25,648] {logging_mixin.py:109} INFO - [2021-09-16 09:06:25,648] {dag.py:2306} INFO - Setting next_dagrun for example_python_operator to None
[2021-09-16 09:06:25,656] {processor.py:170} INFO - Processing /home/airflow/.local/lib/python3.8/site-packages/airflow/example_dags/example_python_operator.py took 0.058 seconds
[2021-09-16 09:06:55,767] {processor.py:162} INFO - Started process (PID=1018) to work on /home/airflow/.local/lib/python3.8/site-packages/airflow/example_dags/example_python_operator.py
[2021-09-16 09:06:55,769] {processor.py:613} INFO - Processing file /home/airflow/.local/lib/python3.8/site-packages/airflow/example_dags/example_python_operator.py for tasks to queue
[2021-09-16 09:06:55,770] {logging_mixin.py:109} INFO - [2021-09-16 09:06:55,770] {dagbag.py:496} INFO - Filling up the DagBag from /home/airflow/.local/lib/python3.8/site-packages/airflow/example_dags/example_python_operator.py
[2021-09-16 09:06:55,782] {processor.py:623} INFO - DAG(s) dict_keys(['example_python_operator']) retrieved from /home/airflow/.local/lib/python3.8/site-packages/airflow/example_dags/example_python_operator.py
[2021-09-16 09:06:55,805] {logging_mixin.py:109} INFO - [2021-09-16 09:06:55,805] {dag.py:1833} INFO - Sync 1 DAGs
[2021-09-16 09:06:55,816] {logging_mixin.py:109} INFO - [2021-09-16 09:06:55,816] {dag.py:2306} INFO - Setting next_dagrun for example_python_operator to None
[2021-09-16 09:06:55,825] {processor.py:170} INFO - Processing /home/airflow/.local/lib/python3.8/site-packages/airflow/example_dags/example_python_operator.py took 0.061 seconds
[2021-09-16 09:07:26,029] {processor.py:162} INFO - Started process (PID=1073) to work on /home/airflow/.local/lib/python3.8/site-packages/airflow/example_dags/example_python_operator.py
[2021-09-16 09:07:26,032] {processor.py:613} INFO - Processing file /home/airflow/.local/lib/python3.8/site-packages/airflow/example_dags/example_python_operator.py for tasks to queue
[2021-09-16 09:07:26,033] {logging_mixin.py:109} INFO - [2021-09-16 09:07:26,033] {dagbag.py:496} INFO - Filling up the DagBag from /home/airflow/.local/lib/python3.8/site-packages/airflow/example_dags/example_python_operator.py
[2021-09-16 09:07:26,047] {processor.py:623} INFO - DAG(s) dict_keys(['example_python_operator']) retrieved from /home/airflow/.local/lib/python3.8/site-packages/airflow/example_dags/example_python_operator.py
[2021-09-16 09:07:26,066] {logging_mixin.py:109} INFO - [2021-09-16 09:07:26,066] {dag.py:1833} INFO - Sync 1 DAGs
[2021-09-16 09:07:26,076] {logging_mixin.py:109} INFO - [2021-09-16 09:07:26,076] {dag.py:2306} INFO - Setting next_dagrun for example_python_operator to None
[2021-09-16 09:07:26,085] {processor.py:170} INFO - Processing /home/airflow/.local/lib/python3.8/site-packages/airflow/example_dags/example_python_operator.py took 0.058 seconds
[2021-09-16 09:07:56,549] {processor.py:162} INFO - Started process (PID=1128) to work on /home/airflow/.local/lib/python3.8/site-packages/airflow/example_dags/example_python_operator.py
[2021-09-16 09:07:56,550] {processor.py:613} INFO - Processing file /home/airflow/.local/lib/python3.8/site-packages/airflow/example_dags/example_python_operator.py for tasks to queue
[2021-09-16 09:07:56,551] {logging_mixin.py:109} INFO - [2021-09-16 09:07:56,551] {dagbag.py:496} INFO - Filling up the DagBag from /home/airflow/.local/lib/python3.8/site-packages/airflow/example_dags/example_python_operator.py
[2021-09-16 09:07:56,564] {processor.py:623} INFO - DAG(s) dict_keys(['example_python_operator']) retrieved from /home/airflow/.local/lib/python3.8/site-packages/airflow/example_dags/example_python_operator.py
[2021-09-16 09:07:56,599] {logging_mixin.py:109} INFO - [2021-09-16 09:07:56,599] {dag.py:1833} INFO - Sync 1 DAGs
[2021-09-16 09:07:56,610] {logging_mixin.py:109} INFO - [2021-09-16 09:07:56,609] {dag.py:2306} INFO - Setting next_dagrun for example_python_operator to None
[2021-09-16 09:07:56,617] {processor.py:170} INFO - Processing /home/airflow/.local/lib/python3.8/site-packages/airflow/example_dags/example_python_operator.py took 0.071 seconds
[2021-09-16 09:08:26,932] {processor.py:162} INFO - Started process (PID=1185) to work on /home/airflow/.local/lib/python3.8/site-packages/airflow/example_dags/example_python_operator.py
[2021-09-16 09:08:26,934] {processor.py:613} INFO - Processing file /home/airflow/.local/lib/python3.8/site-packages/airflow/example_dags/example_python_operator.py for tasks to queue
[2021-09-16 09:08:26,935] {logging_mixin.py:109} INFO - [2021-09-16 09:08:26,935] {dagbag.py:496} INFO - Filling up the DagBag from /home/airflow/.local/lib/python3.8/site-packages/airflow/example_dags/example_python_operator.py
[2021-09-16 09:08:26,946] {processor.py:623} INFO - DAG(s) dict_keys(['example_python_operator']) retrieved from /home/airflow/.local/lib/python3.8/site-packages/airflow/example_dags/example_python_operator.py
[2021-09-16 09:08:26,965] {logging_mixin.py:109} INFO - [2021-09-16 09:08:26,965] {dag.py:1833} INFO - Sync 1 DAGs
[2021-09-16 09:08:26,976] {logging_mixin.py:109} INFO - [2021-09-16 09:08:26,976] {dag.py:2306} INFO - Setting next_dagrun for example_python_operator to None
[2021-09-16 09:08:26,984] {processor.py:170} INFO - Processing /home/airflow/.local/lib/python3.8/site-packages/airflow/example_dags/example_python_operator.py took 0.055 seconds
[2021-09-16 09:08:57,356] {processor.py:162} INFO - Started process (PID=1233) to work on /home/airflow/.local/lib/python3.8/site-packages/airflow/example_dags/example_python_operator.py
[2021-09-16 09:08:57,357] {processor.py:613} INFO - Processing file /home/airflow/.local/lib/python3.8/site-packages/airflow/example_dags/example_python_operator.py for tasks to queue
[2021-09-16 09:08:57,358] {logging_mixin.py:109} INFO - [2021-09-16 09:08:57,358] {dagbag.py:496} INFO - Filling up the DagBag from /home/airflow/.local/lib/python3.8/site-packages/airflow/example_dags/example_python_operator.py
[2021-09-16 09:08:57,368] {processor.py:623} INFO - DAG(s) dict_keys(['example_python_operator']) retrieved from /home/airflow/.local/lib/python3.8/site-packages/airflow/example_dags/example_python_operator.py
[2021-09-16 09:08:57,385] {logging_mixin.py:109} INFO - [2021-09-16 09:08:57,385] {dag.py:1833} INFO - Sync 1 DAGs
[2021-09-16 09:08:57,397] {logging_mixin.py:109} INFO - [2021-09-16 09:08:57,396] {dag.py:2306} INFO - Setting next_dagrun for example_python_operator to None
[2021-09-16 09:08:57,404] {processor.py:170} INFO - Processing /home/airflow/.local/lib/python3.8/site-packages/airflow/example_dags/example_python_operator.py took 0.051 seconds
[2021-09-16 09:09:27,722] {processor.py:162} INFO - Started process (PID=1288) to work on /home/airflow/.local/lib/python3.8/site-packages/airflow/example_dags/example_python_operator.py
[2021-09-16 09:09:27,723] {processor.py:613} INFO - Processing file /home/airflow/.local/lib/python3.8/site-packages/airflow/example_dags/example_python_operator.py for tasks to queue
[2021-09-16 09:09:27,724] {logging_mixin.py:109} INFO - [2021-09-16 09:09:27,724] {dagbag.py:496} INFO - Filling up the DagBag from /home/airflow/.local/lib/python3.8/site-packages/airflow/example_dags/example_python_operator.py
[2021-09-16 09:09:27,737] {processor.py:623} INFO - DAG(s) dict_keys(['example_python_operator']) retrieved from /home/airflow/.local/lib/python3.8/site-packages/airflow/example_dags/example_python_operator.py
[2021-09-16 09:09:27,756] {logging_mixin.py:109} INFO - [2021-09-16 09:09:27,756] {dag.py:1833} INFO - Sync 1 DAGs
[2021-09-16 09:09:27,766] {logging_mixin.py:109} INFO - [2021-09-16 09:09:27,766] {dag.py:2306} INFO - Setting next_dagrun for example_python_operator to None
[2021-09-16 09:09:27,774] {processor.py:170} INFO - Processing /home/airflow/.local/lib/python3.8/site-packages/airflow/example_dags/example_python_operator.py took 0.056 seconds
[2021-09-16 09:09:58,068] {processor.py:162} INFO - Started process (PID=1345) to work on /home/airflow/.local/lib/python3.8/site-packages/airflow/example_dags/example_python_operator.py
[2021-09-16 09:09:58,070] {processor.py:613} INFO - Processing file /home/airflow/.local/lib/python3.8/site-packages/airflow/example_dags/example_python_operator.py for tasks to queue
[2021-09-16 09:09:58,071] {logging_mixin.py:109} INFO - [2021-09-16 09:09:58,070] {dagbag.py:496} INFO - Filling up the DagBag from /home/airflow/.local/lib/python3.8/site-packages/airflow/example_dags/example_python_operator.py
[2021-09-16 09:09:58,084] {processor.py:623} INFO - DAG(s) dict_keys(['example_python_operator']) retrieved from /home/airflow/.local/lib/python3.8/site-packages/airflow/example_dags/example_python_operator.py
[2021-09-16 09:09:58,115] {logging_mixin.py:109} INFO - [2021-09-16 09:09:58,115] {dag.py:1833} INFO - Sync 1 DAGs
[2021-09-16 09:09:58,129] {logging_mixin.py:109} INFO - [2021-09-16 09:09:58,129] {dag.py:2306} INFO - Setting next_dagrun for example_python_operator to None
[2021-09-16 09:09:58,137] {processor.py:170} INFO - Processing /home/airflow/.local/lib/python3.8/site-packages/airflow/example_dags/example_python_operator.py took 0.073 seconds
[2021-09-16 09:10:28,452] {processor.py:162} INFO - Started process (PID=1392) to work on /home/airflow/.local/lib/python3.8/site-packages/airflow/example_dags/example_python_operator.py
[2021-09-16 09:10:28,454] {processor.py:613} INFO - Processing file /home/airflow/.local/lib/python3.8/site-packages/airflow/example_dags/example_python_operator.py for tasks to queue
[2021-09-16 09:10:28,456] {logging_mixin.py:109} INFO - [2021-09-16 09:10:28,456] {dagbag.py:496} INFO - Filling up the DagBag from /home/airflow/.local/lib/python3.8/site-packages/airflow/example_dags/example_python_operator.py
[2021-09-16 09:10:28,471] {processor.py:623} INFO - DAG(s) dict_keys(['example_python_operator']) retrieved from /home/airflow/.local/lib/python3.8/site-packages/airflow/example_dags/example_python_operator.py
[2021-09-16 09:10:28,490] {logging_mixin.py:109} INFO - [2021-09-16 09:10:28,490] {dag.py:1833} INFO - Sync 1 DAGs
[2021-09-16 09:10:28,500] {logging_mixin.py:109} INFO - [2021-09-16 09:10:28,500] {dag.py:2306} INFO - Setting next_dagrun for example_python_operator to None
[2021-09-16 09:10:28,508] {processor.py:170} INFO - Processing /home/airflow/.local/lib/python3.8/site-packages/airflow/example_dags/example_python_operator.py took 0.060 seconds
[2021-09-16 09:10:59,084] {processor.py:162} INFO - Started process (PID=1447) to work on /home/airflow/.local/lib/python3.8/site-packages/airflow/example_dags/example_python_operator.py
[2021-09-16 09:10:59,086] {processor.py:613} INFO - Processing file /home/airflow/.local/lib/python3.8/site-packages/airflow/example_dags/example_python_operator.py for tasks to queue
[2021-09-16 09:10:59,087] {logging_mixin.py:109} INFO - [2021-09-16 09:10:59,087] {dagbag.py:496} INFO - Filling up the DagBag from /home/airflow/.local/lib/python3.8/site-packages/airflow/example_dags/example_python_operator.py
[2021-09-16 09:10:59,099] {processor.py:623} INFO - DAG(s) dict_keys(['example_python_operator']) retrieved from /home/airflow/.local/lib/python3.8/site-packages/airflow/example_dags/example_python_operator.py
[2021-09-16 09:10:59,117] {logging_mixin.py:109} INFO - [2021-09-16 09:10:59,117] {dag.py:1833} INFO - Sync 1 DAGs
[2021-09-16 09:10:59,127] {logging_mixin.py:109} INFO - [2021-09-16 09:10:59,127] {dag.py:2306} INFO - Setting next_dagrun for example_python_operator to None
[2021-09-16 09:10:59,135] {processor.py:170} INFO - Processing /home/airflow/.local/lib/python3.8/site-packages/airflow/example_dags/example_python_operator.py took 0.054 seconds
[2021-09-16 09:11:29,596] {processor.py:162} INFO - Started process (PID=1505) to work on /home/airflow/.local/lib/python3.8/site-packages/airflow/example_dags/example_python_operator.py
[2021-09-16 09:11:29,597] {processor.py:613} INFO - Processing file /home/airflow/.local/lib/python3.8/site-packages/airflow/example_dags/example_python_operator.py for tasks to queue
[2021-09-16 09:11:29,598] {logging_mixin.py:109} INFO - [2021-09-16 09:11:29,598] {dagbag.py:496} INFO - Filling up the DagBag from /home/airflow/.local/lib/python3.8/site-packages/airflow/example_dags/example_python_operator.py
[2021-09-16 09:11:29,611] {processor.py:623} INFO - DAG(s) dict_keys(['example_python_operator']) retrieved from /home/airflow/.local/lib/python3.8/site-packages/airflow/example_dags/example_python_operator.py
[2021-09-16 09:11:29,628] {logging_mixin.py:109} INFO - [2021-09-16 09:11:29,628] {dag.py:1833} INFO - Sync 1 DAGs
[2021-09-16 09:11:29,639] {logging_mixin.py:109} INFO - [2021-09-16 09:11:29,639] {dag.py:2306} INFO - Setting next_dagrun for example_python_operator to None
[2021-09-16 09:11:29,648] {processor.py:170} INFO - Processing /home/airflow/.local/lib/python3.8/site-packages/airflow/example_dags/example_python_operator.py took 0.056 seconds
[2021-09-16 09:12:00,052] {processor.py:162} INFO - Started process (PID=1560) to work on /home/airflow/.local/lib/python3.8/site-packages/airflow/example_dags/example_python_operator.py
[2021-09-16 09:12:00,054] {processor.py:613} INFO - Processing file /home/airflow/.local/lib/python3.8/site-packages/airflow/example_dags/example_python_operator.py for tasks to queue
[2021-09-16 09:12:00,055] {logging_mixin.py:109} INFO - [2021-09-16 09:12:00,055] {dagbag.py:496} INFO - Filling up the DagBag from /home/airflow/.local/lib/python3.8/site-packages/airflow/example_dags/example_python_operator.py
[2021-09-16 09:12:00,066] {processor.py:623} INFO - DAG(s) dict_keys(['example_python_operator']) retrieved from /home/airflow/.local/lib/python3.8/site-packages/airflow/example_dags/example_python_operator.py
[2021-09-16 09:12:00,084] {logging_mixin.py:109} INFO - [2021-09-16 09:12:00,083] {dag.py:1833} INFO - Sync 1 DAGs
[2021-09-16 09:12:00,094] {logging_mixin.py:109} INFO - [2021-09-16 09:12:00,094] {dag.py:2306} INFO - Setting next_dagrun for example_python_operator to None
[2021-09-16 09:12:00,102] {processor.py:170} INFO - Processing /home/airflow/.local/lib/python3.8/site-packages/airflow/example_dags/example_python_operator.py took 0.054 seconds
[2021-09-16 09:12:30,543] {processor.py:162} INFO - Started process (PID=1607) to work on /home/airflow/.local/lib/python3.8/site-packages/airflow/example_dags/example_python_operator.py
[2021-09-16 09:12:30,544] {processor.py:613} INFO - Processing file /home/airflow/.local/lib/python3.8/site-packages/airflow/example_dags/example_python_operator.py for tasks to queue
[2021-09-16 09:12:30,545] {logging_mixin.py:109} INFO - [2021-09-16 09:12:30,545] {dagbag.py:496} INFO - Filling up the DagBag from /home/airflow/.local/lib/python3.8/site-packages/airflow/example_dags/example_python_operator.py
[2021-09-16 09:12:30,558] {processor.py:623} INFO - DAG(s) dict_keys(['example_python_operator']) retrieved from /home/airflow/.local/lib/python3.8/site-packages/airflow/example_dags/example_python_operator.py
[2021-09-16 09:12:30,583] {logging_mixin.py:109} INFO - [2021-09-16 09:12:30,583] {dag.py:1833} INFO - Sync 1 DAGs
[2021-09-16 09:12:30,603] {logging_mixin.py:109} INFO - [2021-09-16 09:12:30,603] {dag.py:2306} INFO - Setting next_dagrun for example_python_operator to None
[2021-09-16 09:12:30,614] {processor.py:170} INFO - Processing /home/airflow/.local/lib/python3.8/site-packages/airflow/example_dags/example_python_operator.py took 0.076 seconds
[2021-09-16 09:13:00,999] {processor.py:162} INFO - Started process (PID=1664) to work on /home/airflow/.local/lib/python3.8/site-packages/airflow/example_dags/example_python_operator.py
[2021-09-16 09:13:01,000] {processor.py:613} INFO - Processing file /home/airflow/.local/lib/python3.8/site-packages/airflow/example_dags/example_python_operator.py for tasks to queue
[2021-09-16 09:13:01,002] {logging_mixin.py:109} INFO - [2021-09-16 09:13:01,001] {dagbag.py:496} INFO - Filling up the DagBag from /home/airflow/.local/lib/python3.8/site-packages/airflow/example_dags/example_python_operator.py
[2021-09-16 09:13:01,014] {processor.py:623} INFO - DAG(s) dict_keys(['example_python_operator']) retrieved from /home/airflow/.local/lib/python3.8/site-packages/airflow/example_dags/example_python_operator.py
[2021-09-16 09:13:01,033] {logging_mixin.py:109} INFO - [2021-09-16 09:13:01,033] {dag.py:1833} INFO - Sync 1 DAGs
[2021-09-16 09:13:01,044] {logging_mixin.py:109} INFO - [2021-09-16 09:13:01,044] {dag.py:2306} INFO - Setting next_dagrun for example_python_operator to None
[2021-09-16 09:13:01,053] {processor.py:170} INFO - Processing /home/airflow/.local/lib/python3.8/site-packages/airflow/example_dags/example_python_operator.py took 0.057 seconds
[2021-09-16 09:13:31,493] {processor.py:162} INFO - Started process (PID=1719) to work on /home/airflow/.local/lib/python3.8/site-packages/airflow/example_dags/example_python_operator.py
[2021-09-16 09:13:31,495] {processor.py:613} INFO - Processing file /home/airflow/.local/lib/python3.8/site-packages/airflow/example_dags/example_python_operator.py for tasks to queue
[2021-09-16 09:13:31,496] {logging_mixin.py:109} INFO - [2021-09-16 09:13:31,496] {dagbag.py:496} INFO - Filling up the DagBag from /home/airflow/.local/lib/python3.8/site-packages/airflow/example_dags/example_python_operator.py
[2021-09-16 09:13:31,510] {processor.py:623} INFO - DAG(s) dict_keys(['example_python_operator']) retrieved from /home/airflow/.local/lib/python3.8/site-packages/airflow/example_dags/example_python_operator.py
[2021-09-16 09:13:31,530] {logging_mixin.py:109} INFO - [2021-09-16 09:13:31,530] {dag.py:1833} INFO - Sync 1 DAGs
[2021-09-16 09:13:31,547] {logging_mixin.py:109} INFO - [2021-09-16 09:13:31,547] {dag.py:2306} INFO - Setting next_dagrun for example_python_operator to None
[2021-09-16 09:13:31,558] {processor.py:170} INFO - Processing /home/airflow/.local/lib/python3.8/site-packages/airflow/example_dags/example_python_operator.py took 0.070 seconds
[2021-09-16 09:14:01,765] {processor.py:162} INFO - Started process (PID=1767) to work on /home/airflow/.local/lib/python3.8/site-packages/airflow/example_dags/example_python_operator.py
[2021-09-16 09:14:01,767] {processor.py:613} INFO - Processing file /home/airflow/.local/lib/python3.8/site-packages/airflow/example_dags/example_python_operator.py for tasks to queue
[2021-09-16 09:14:01,768] {logging_mixin.py:109} INFO - [2021-09-16 09:14:01,768] {dagbag.py:496} INFO - Filling up the DagBag from /home/airflow/.local/lib/python3.8/site-packages/airflow/example_dags/example_python_operator.py
[2021-09-16 09:14:01,780] {processor.py:623} INFO - DAG(s) dict_keys(['example_python_operator']) retrieved from /home/airflow/.local/lib/python3.8/site-packages/airflow/example_dags/example_python_operator.py
[2021-09-16 09:14:01,798] {logging_mixin.py:109} INFO - [2021-09-16 09:14:01,798] {dag.py:1833} INFO - Sync 1 DAGs
[2021-09-16 09:14:01,809] {logging_mixin.py:109} INFO - [2021-09-16 09:14:01,809] {dag.py:2306} INFO - Setting next_dagrun for example_python_operator to None
[2021-09-16 09:14:01,817] {processor.py:170} INFO - Processing /home/airflow/.local/lib/python3.8/site-packages/airflow/example_dags/example_python_operator.py took 0.055 seconds
[2021-09-16 09:14:31,924] {processor.py:162} INFO - Started process (PID=1822) to work on /home/airflow/.local/lib/python3.8/site-packages/airflow/example_dags/example_python_operator.py
[2021-09-16 09:14:31,925] {processor.py:613} INFO - Processing file /home/airflow/.local/lib/python3.8/site-packages/airflow/example_dags/example_python_operator.py for tasks to queue
[2021-09-16 09:14:31,926] {logging_mixin.py:109} INFO - [2021-09-16 09:14:31,926] {dagbag.py:496} INFO - Filling up the DagBag from /home/airflow/.local/lib/python3.8/site-packages/airflow/example_dags/example_python_operator.py
[2021-09-16 09:14:31,939] {processor.py:623} INFO - DAG(s) dict_keys(['example_python_operator']) retrieved from /home/airflow/.local/lib/python3.8/site-packages/airflow/example_dags/example_python_operator.py
[2021-09-16 09:14:31,957] {logging_mixin.py:109} INFO - [2021-09-16 09:14:31,957] {dag.py:1833} INFO - Sync 1 DAGs
[2021-09-16 09:14:31,969] {logging_mixin.py:109} INFO - [2021-09-16 09:14:31,968] {dag.py:2306} INFO - Setting next_dagrun for example_python_operator to None
[2021-09-16 09:14:31,995] {processor.py:170} INFO - Processing /home/airflow/.local/lib/python3.8/site-packages/airflow/example_dags/example_python_operator.py took 0.075 seconds
[2021-09-16 09:15:02,175] {processor.py:162} INFO - Started process (PID=1877) to work on /home/airflow/.local/lib/python3.8/site-packages/airflow/example_dags/example_python_operator.py
[2021-09-16 09:15:02,177] {processor.py:613} INFO - Processing file /home/airflow/.local/lib/python3.8/site-packages/airflow/example_dags/example_python_operator.py for tasks to queue
[2021-09-16 09:15:02,178] {logging_mixin.py:109} INFO - [2021-09-16 09:15:02,178] {dagbag.py:496} INFO - Filling up the DagBag from /home/airflow/.local/lib/python3.8/site-packages/airflow/example_dags/example_python_operator.py
[2021-09-16 09:15:02,191] {processor.py:623} INFO - DAG(s) dict_keys(['example_python_operator']) retrieved from /home/airflow/.local/lib/python3.8/site-packages/airflow/example_dags/example_python_operator.py
[2021-09-16 09:15:02,216] {logging_mixin.py:109} INFO - [2021-09-16 09:15:02,216] {dag.py:1833} INFO - Sync 1 DAGs
[2021-09-16 09:15:02,232] {logging_mixin.py:109} INFO - [2021-09-16 09:15:02,232] {dag.py:2306} INFO - Setting next_dagrun for example_python_operator to None
[2021-09-16 09:15:02,244] {processor.py:170} INFO - Processing /home/airflow/.local/lib/python3.8/site-packages/airflow/example_dags/example_python_operator.py took 0.073 seconds
[2021-09-16 09:15:32,539] {processor.py:162} INFO - Started process (PID=1934) to work on /home/airflow/.local/lib/python3.8/site-packages/airflow/example_dags/example_python_operator.py
[2021-09-16 09:15:32,540] {processor.py:613} INFO - Processing file /home/airflow/.local/lib/python3.8/site-packages/airflow/example_dags/example_python_operator.py for tasks to queue
[2021-09-16 09:15:32,541] {logging_mixin.py:109} INFO - [2021-09-16 09:15:32,541] {dagbag.py:496} INFO - Filling up the DagBag from /home/airflow/.local/lib/python3.8/site-packages/airflow/example_dags/example_python_operator.py
[2021-09-16 09:15:32,553] {processor.py:623} INFO - DAG(s) dict_keys(['example_python_operator']) retrieved from /home/airflow/.local/lib/python3.8/site-packages/airflow/example_dags/example_python_operator.py
[2021-09-16 09:15:32,572] {logging_mixin.py:109} INFO - [2021-09-16 09:15:32,572] {dag.py:1833} INFO - Sync 1 DAGs
[2021-09-16 09:15:32,585] {logging_mixin.py:109} INFO - [2021-09-16 09:15:32,585] {dag.py:2306} INFO - Setting next_dagrun for example_python_operator to None
[2021-09-16 09:15:32,594] {processor.py:170} INFO - Processing /home/airflow/.local/lib/python3.8/site-packages/airflow/example_dags/example_python_operator.py took 0.059 seconds
[2021-09-16 09:16:02,925] {processor.py:162} INFO - Started process (PID=1981) to work on /home/airflow/.local/lib/python3.8/site-packages/airflow/example_dags/example_python_operator.py
[2021-09-16 09:16:02,927] {processor.py:613} INFO - Processing file /home/airflow/.local/lib/python3.8/site-packages/airflow/example_dags/example_python_operator.py for tasks to queue
[2021-09-16 09:16:02,928] {logging_mixin.py:109} INFO - [2021-09-16 09:16:02,927] {dagbag.py:496} INFO - Filling up the DagBag from /home/airflow/.local/lib/python3.8/site-packages/airflow/example_dags/example_python_operator.py
[2021-09-16 09:16:02,939] {processor.py:623} INFO - DAG(s) dict_keys(['example_python_operator']) retrieved from /home/airflow/.local/lib/python3.8/site-packages/airflow/example_dags/example_python_operator.py
[2021-09-16 09:16:02,957] {logging_mixin.py:109} INFO - [2021-09-16 09:16:02,957] {dag.py:1833} INFO - Sync 1 DAGs
[2021-09-16 09:16:02,969] {logging_mixin.py:109} INFO - [2021-09-16 09:16:02,969] {dag.py:2306} INFO - Setting next_dagrun for example_python_operator to None
[2021-09-16 09:16:02,977] {processor.py:170} INFO - Processing /home/airflow/.local/lib/python3.8/site-packages/airflow/example_dags/example_python_operator.py took 0.056 seconds
