[2021-09-16 08:37:55,430] {processor.py:162} INFO - Started process (PID=220) to work on /home/airflow/.local/lib/python3.8/site-packages/airflow/example_dags/example_kubernetes_executor_config.py
[2021-09-16 08:37:55,432] {processor.py:613} INFO - Processing file /home/airflow/.local/lib/python3.8/site-packages/airflow/example_dags/example_kubernetes_executor_config.py for tasks to queue
[2021-09-16 08:37:55,433] {logging_mixin.py:109} INFO - [2021-09-16 08:37:55,433] {dagbag.py:496} INFO - Filling up the DagBag from /home/airflow/.local/lib/python3.8/site-packages/airflow/example_dags/example_kubernetes_executor_config.py
[2021-09-16 08:37:55,449] {processor.py:623} INFO - DAG(s) dict_keys(['example_kubernetes_executor_config']) retrieved from /home/airflow/.local/lib/python3.8/site-packages/airflow/example_dags/example_kubernetes_executor_config.py
[2021-09-16 08:37:58,899] {logging_mixin.py:109} INFO - [2021-09-16 08:37:58,898] {dag.py:1833} INFO - Sync 1 DAGs
[2021-09-16 08:37:58,906] {logging_mixin.py:109} INFO - [2021-09-16 08:37:58,905] {dag.py:1852} INFO - Creating ORM DAG for example_kubernetes_executor_config
[2021-09-16 08:37:58,910] {logging_mixin.py:109} INFO - [2021-09-16 08:37:58,910] {dag.py:2306} INFO - Setting next_dagrun for example_kubernetes_executor_config to None
[2021-09-16 08:37:58,920] {processor.py:170} INFO - Processing /home/airflow/.local/lib/python3.8/site-packages/airflow/example_dags/example_kubernetes_executor_config.py took 3.493 seconds
[2021-09-16 08:38:29,740] {processor.py:162} INFO - Started process (PID=357) to work on /home/airflow/.local/lib/python3.8/site-packages/airflow/example_dags/example_kubernetes_executor_config.py
[2021-09-16 08:38:29,742] {processor.py:613} INFO - Processing file /home/airflow/.local/lib/python3.8/site-packages/airflow/example_dags/example_kubernetes_executor_config.py for tasks to queue
[2021-09-16 08:38:29,743] {logging_mixin.py:109} INFO - [2021-09-16 08:38:29,743] {dagbag.py:496} INFO - Filling up the DagBag from /home/airflow/.local/lib/python3.8/site-packages/airflow/example_dags/example_kubernetes_executor_config.py
[2021-09-16 08:38:29,771] {processor.py:623} INFO - DAG(s) dict_keys(['example_kubernetes_executor_config']) retrieved from /home/airflow/.local/lib/python3.8/site-packages/airflow/example_dags/example_kubernetes_executor_config.py
[2021-09-16 08:38:29,838] {logging_mixin.py:109} INFO - [2021-09-16 08:38:29,838] {dag.py:1833} INFO - Sync 1 DAGs
[2021-09-16 08:38:29,856] {logging_mixin.py:109} INFO - [2021-09-16 08:38:29,856] {dag.py:2306} INFO - Setting next_dagrun for example_kubernetes_executor_config to None
[2021-09-16 08:38:29,870] {processor.py:170} INFO - Processing /home/airflow/.local/lib/python3.8/site-packages/airflow/example_dags/example_kubernetes_executor_config.py took 0.135 seconds
[2021-09-16 08:39:00,139] {processor.py:162} INFO - Started process (PID=413) to work on /home/airflow/.local/lib/python3.8/site-packages/airflow/example_dags/example_kubernetes_executor_config.py
[2021-09-16 08:39:01,484] {processor.py:613} INFO - Processing file /home/airflow/.local/lib/python3.8/site-packages/airflow/example_dags/example_kubernetes_executor_config.py for tasks to queue
[2021-09-16 08:39:01,491] {logging_mixin.py:109} INFO - [2021-09-16 08:39:01,491] {dagbag.py:496} INFO - Filling up the DagBag from /home/airflow/.local/lib/python3.8/site-packages/airflow/example_dags/example_kubernetes_executor_config.py
[2021-09-16 08:39:01,541] {processor.py:623} INFO - DAG(s) dict_keys(['example_kubernetes_executor_config']) retrieved from /home/airflow/.local/lib/python3.8/site-packages/airflow/example_dags/example_kubernetes_executor_config.py
[2021-09-16 08:39:01,594] {logging_mixin.py:109} INFO - [2021-09-16 08:39:01,594] {dag.py:1833} INFO - Sync 1 DAGs
[2021-09-16 08:39:01,611] {logging_mixin.py:109} INFO - [2021-09-16 08:39:01,611] {dag.py:2306} INFO - Setting next_dagrun for example_kubernetes_executor_config to None
[2021-09-16 08:39:01,622] {processor.py:170} INFO - Processing /home/airflow/.local/lib/python3.8/site-packages/airflow/example_dags/example_kubernetes_executor_config.py took 1.502 seconds
[2021-09-16 08:39:32,336] {processor.py:162} INFO - Started process (PID=461) to work on /home/airflow/.local/lib/python3.8/site-packages/airflow/example_dags/example_kubernetes_executor_config.py
[2021-09-16 08:39:32,338] {processor.py:613} INFO - Processing file /home/airflow/.local/lib/python3.8/site-packages/airflow/example_dags/example_kubernetes_executor_config.py for tasks to queue
[2021-09-16 08:39:32,339] {logging_mixin.py:109} INFO - [2021-09-16 08:39:32,339] {dagbag.py:496} INFO - Filling up the DagBag from /home/airflow/.local/lib/python3.8/site-packages/airflow/example_dags/example_kubernetes_executor_config.py
[2021-09-16 08:39:32,369] {processor.py:623} INFO - DAG(s) dict_keys(['example_kubernetes_executor_config']) retrieved from /home/airflow/.local/lib/python3.8/site-packages/airflow/example_dags/example_kubernetes_executor_config.py
[2021-09-16 08:39:32,420] {logging_mixin.py:109} INFO - [2021-09-16 08:39:32,420] {dag.py:1833} INFO - Sync 1 DAGs
[2021-09-16 08:39:32,438] {logging_mixin.py:109} INFO - [2021-09-16 08:39:32,438] {dag.py:2306} INFO - Setting next_dagrun for example_kubernetes_executor_config to None
[2021-09-16 08:39:32,454] {processor.py:170} INFO - Processing /home/airflow/.local/lib/python3.8/site-packages/airflow/example_dags/example_kubernetes_executor_config.py took 0.124 seconds
[2021-09-16 09:00:04,698] {processor.py:162} INFO - Started process (PID=221) to work on /home/airflow/.local/lib/python3.8/site-packages/airflow/example_dags/example_kubernetes_executor_config.py
[2021-09-16 09:00:04,700] {processor.py:613} INFO - Processing file /home/airflow/.local/lib/python3.8/site-packages/airflow/example_dags/example_kubernetes_executor_config.py for tasks to queue
[2021-09-16 09:00:04,701] {logging_mixin.py:109} INFO - [2021-09-16 09:00:04,700] {dagbag.py:496} INFO - Filling up the DagBag from /home/airflow/.local/lib/python3.8/site-packages/airflow/example_dags/example_kubernetes_executor_config.py
[2021-09-16 09:00:04,713] {processor.py:623} INFO - DAG(s) dict_keys(['example_kubernetes_executor_config']) retrieved from /home/airflow/.local/lib/python3.8/site-packages/airflow/example_dags/example_kubernetes_executor_config.py
[2021-09-16 09:00:06,184] {logging_mixin.py:109} INFO - [2021-09-16 09:00:06,183] {dag.py:1833} INFO - Sync 1 DAGs
[2021-09-16 09:00:06,189] {logging_mixin.py:109} INFO - [2021-09-16 09:00:06,189] {dag.py:1852} INFO - Creating ORM DAG for example_kubernetes_executor_config
[2021-09-16 09:00:06,193] {logging_mixin.py:109} INFO - [2021-09-16 09:00:06,193] {dag.py:2306} INFO - Setting next_dagrun for example_kubernetes_executor_config to None
[2021-09-16 09:00:06,201] {processor.py:170} INFO - Processing /home/airflow/.local/lib/python3.8/site-packages/airflow/example_dags/example_kubernetes_executor_config.py took 1.505 seconds
[2021-09-16 09:00:36,898] {processor.py:162} INFO - Started process (PID=356) to work on /home/airflow/.local/lib/python3.8/site-packages/airflow/example_dags/example_kubernetes_executor_config.py
[2021-09-16 09:00:36,899] {processor.py:613} INFO - Processing file /home/airflow/.local/lib/python3.8/site-packages/airflow/example_dags/example_kubernetes_executor_config.py for tasks to queue
[2021-09-16 09:00:36,900] {logging_mixin.py:109} INFO - [2021-09-16 09:00:36,900] {dagbag.py:496} INFO - Filling up the DagBag from /home/airflow/.local/lib/python3.8/site-packages/airflow/example_dags/example_kubernetes_executor_config.py
[2021-09-16 09:00:36,913] {processor.py:623} INFO - DAG(s) dict_keys(['example_kubernetes_executor_config']) retrieved from /home/airflow/.local/lib/python3.8/site-packages/airflow/example_dags/example_kubernetes_executor_config.py
[2021-09-16 09:00:36,937] {logging_mixin.py:109} INFO - [2021-09-16 09:00:36,937] {dag.py:1833} INFO - Sync 1 DAGs
[2021-09-16 09:00:36,959] {logging_mixin.py:109} INFO - [2021-09-16 09:00:36,959] {dag.py:2306} INFO - Setting next_dagrun for example_kubernetes_executor_config to None
[2021-09-16 09:00:36,968] {processor.py:170} INFO - Processing /home/airflow/.local/lib/python3.8/site-packages/airflow/example_dags/example_kubernetes_executor_config.py took 0.075 seconds
[2021-09-16 09:01:07,071] {processor.py:162} INFO - Started process (PID=404) to work on /home/airflow/.local/lib/python3.8/site-packages/airflow/example_dags/example_kubernetes_executor_config.py
[2021-09-16 09:01:07,072] {processor.py:613} INFO - Processing file /home/airflow/.local/lib/python3.8/site-packages/airflow/example_dags/example_kubernetes_executor_config.py for tasks to queue
[2021-09-16 09:01:07,074] {logging_mixin.py:109} INFO - [2021-09-16 09:01:07,073] {dagbag.py:496} INFO - Filling up the DagBag from /home/airflow/.local/lib/python3.8/site-packages/airflow/example_dags/example_kubernetes_executor_config.py
[2021-09-16 09:01:07,090] {processor.py:623} INFO - DAG(s) dict_keys(['example_kubernetes_executor_config']) retrieved from /home/airflow/.local/lib/python3.8/site-packages/airflow/example_dags/example_kubernetes_executor_config.py
[2021-09-16 09:01:07,111] {logging_mixin.py:109} INFO - [2021-09-16 09:01:07,111] {dag.py:1833} INFO - Sync 1 DAGs
[2021-09-16 09:01:07,122] {logging_mixin.py:109} INFO - [2021-09-16 09:01:07,122] {dag.py:2306} INFO - Setting next_dagrun for example_kubernetes_executor_config to None
[2021-09-16 09:01:07,130] {processor.py:170} INFO - Processing /home/airflow/.local/lib/python3.8/site-packages/airflow/example_dags/example_kubernetes_executor_config.py took 0.064 seconds
[2021-09-16 09:01:37,440] {processor.py:162} INFO - Started process (PID=460) to work on /home/airflow/.local/lib/python3.8/site-packages/airflow/example_dags/example_kubernetes_executor_config.py
[2021-09-16 09:01:37,442] {processor.py:613} INFO - Processing file /home/airflow/.local/lib/python3.8/site-packages/airflow/example_dags/example_kubernetes_executor_config.py for tasks to queue
[2021-09-16 09:01:37,443] {logging_mixin.py:109} INFO - [2021-09-16 09:01:37,443] {dagbag.py:496} INFO - Filling up the DagBag from /home/airflow/.local/lib/python3.8/site-packages/airflow/example_dags/example_kubernetes_executor_config.py
[2021-09-16 09:01:37,455] {processor.py:623} INFO - DAG(s) dict_keys(['example_kubernetes_executor_config']) retrieved from /home/airflow/.local/lib/python3.8/site-packages/airflow/example_dags/example_kubernetes_executor_config.py
[2021-09-16 09:01:37,476] {logging_mixin.py:109} INFO - [2021-09-16 09:01:37,476] {dag.py:1833} INFO - Sync 1 DAGs
[2021-09-16 09:01:37,487] {logging_mixin.py:109} INFO - [2021-09-16 09:01:37,487] {dag.py:2306} INFO - Setting next_dagrun for example_kubernetes_executor_config to None
[2021-09-16 09:01:37,496] {processor.py:170} INFO - Processing /home/airflow/.local/lib/python3.8/site-packages/airflow/example_dags/example_kubernetes_executor_config.py took 0.059 seconds
[2021-09-16 09:02:07,781] {processor.py:162} INFO - Started process (PID=516) to work on /home/airflow/.local/lib/python3.8/site-packages/airflow/example_dags/example_kubernetes_executor_config.py
[2021-09-16 09:02:07,783] {processor.py:613} INFO - Processing file /home/airflow/.local/lib/python3.8/site-packages/airflow/example_dags/example_kubernetes_executor_config.py for tasks to queue
[2021-09-16 09:02:07,785] {logging_mixin.py:109} INFO - [2021-09-16 09:02:07,785] {dagbag.py:496} INFO - Filling up the DagBag from /home/airflow/.local/lib/python3.8/site-packages/airflow/example_dags/example_kubernetes_executor_config.py
[2021-09-16 09:02:07,797] {processor.py:623} INFO - DAG(s) dict_keys(['example_kubernetes_executor_config']) retrieved from /home/airflow/.local/lib/python3.8/site-packages/airflow/example_dags/example_kubernetes_executor_config.py
[2021-09-16 09:02:07,819] {logging_mixin.py:109} INFO - [2021-09-16 09:02:07,819] {dag.py:1833} INFO - Sync 1 DAGs
[2021-09-16 09:02:07,830] {logging_mixin.py:109} INFO - [2021-09-16 09:02:07,830] {dag.py:2306} INFO - Setting next_dagrun for example_kubernetes_executor_config to None
[2021-09-16 09:02:07,839] {processor.py:170} INFO - Processing /home/airflow/.local/lib/python3.8/site-packages/airflow/example_dags/example_kubernetes_executor_config.py took 0.060 seconds
[2021-09-16 09:02:38,170] {processor.py:162} INFO - Started process (PID=570) to work on /home/airflow/.local/lib/python3.8/site-packages/airflow/example_dags/example_kubernetes_executor_config.py
[2021-09-16 09:02:38,171] {processor.py:613} INFO - Processing file /home/airflow/.local/lib/python3.8/site-packages/airflow/example_dags/example_kubernetes_executor_config.py for tasks to queue
[2021-09-16 09:02:38,172] {logging_mixin.py:109} INFO - [2021-09-16 09:02:38,172] {dagbag.py:496} INFO - Filling up the DagBag from /home/airflow/.local/lib/python3.8/site-packages/airflow/example_dags/example_kubernetes_executor_config.py
[2021-09-16 09:02:38,188] {processor.py:623} INFO - DAG(s) dict_keys(['example_kubernetes_executor_config']) retrieved from /home/airflow/.local/lib/python3.8/site-packages/airflow/example_dags/example_kubernetes_executor_config.py
[2021-09-16 09:02:38,209] {logging_mixin.py:109} INFO - [2021-09-16 09:02:38,209] {dag.py:1833} INFO - Sync 1 DAGs
[2021-09-16 09:02:38,220] {logging_mixin.py:109} INFO - [2021-09-16 09:02:38,220] {dag.py:2306} INFO - Setting next_dagrun for example_kubernetes_executor_config to None
[2021-09-16 09:02:38,230] {processor.py:170} INFO - Processing /home/airflow/.local/lib/python3.8/site-packages/airflow/example_dags/example_kubernetes_executor_config.py took 0.063 seconds
[2021-09-16 09:03:08,554] {processor.py:162} INFO - Started process (PID=619) to work on /home/airflow/.local/lib/python3.8/site-packages/airflow/example_dags/example_kubernetes_executor_config.py
[2021-09-16 09:03:08,556] {processor.py:613} INFO - Processing file /home/airflow/.local/lib/python3.8/site-packages/airflow/example_dags/example_kubernetes_executor_config.py for tasks to queue
[2021-09-16 09:03:08,557] {logging_mixin.py:109} INFO - [2021-09-16 09:03:08,557] {dagbag.py:496} INFO - Filling up the DagBag from /home/airflow/.local/lib/python3.8/site-packages/airflow/example_dags/example_kubernetes_executor_config.py
[2021-09-16 09:03:08,571] {processor.py:623} INFO - DAG(s) dict_keys(['example_kubernetes_executor_config']) retrieved from /home/airflow/.local/lib/python3.8/site-packages/airflow/example_dags/example_kubernetes_executor_config.py
[2021-09-16 09:03:08,593] {logging_mixin.py:109} INFO - [2021-09-16 09:03:08,593] {dag.py:1833} INFO - Sync 1 DAGs
[2021-09-16 09:03:08,604] {logging_mixin.py:109} INFO - [2021-09-16 09:03:08,604] {dag.py:2306} INFO - Setting next_dagrun for example_kubernetes_executor_config to None
[2021-09-16 09:03:08,612] {processor.py:170} INFO - Processing /home/airflow/.local/lib/python3.8/site-packages/airflow/example_dags/example_kubernetes_executor_config.py took 0.061 seconds
[2021-09-16 09:03:38,750] {processor.py:162} INFO - Started process (PID=675) to work on /home/airflow/.local/lib/python3.8/site-packages/airflow/example_dags/example_kubernetes_executor_config.py
[2021-09-16 09:03:38,751] {processor.py:613} INFO - Processing file /home/airflow/.local/lib/python3.8/site-packages/airflow/example_dags/example_kubernetes_executor_config.py for tasks to queue
[2021-09-16 09:03:38,752] {logging_mixin.py:109} INFO - [2021-09-16 09:03:38,752] {dagbag.py:496} INFO - Filling up the DagBag from /home/airflow/.local/lib/python3.8/site-packages/airflow/example_dags/example_kubernetes_executor_config.py
[2021-09-16 09:03:38,764] {processor.py:623} INFO - DAG(s) dict_keys(['example_kubernetes_executor_config']) retrieved from /home/airflow/.local/lib/python3.8/site-packages/airflow/example_dags/example_kubernetes_executor_config.py
[2021-09-16 09:03:38,785] {logging_mixin.py:109} INFO - [2021-09-16 09:03:38,785] {dag.py:1833} INFO - Sync 1 DAGs
[2021-09-16 09:03:38,796] {logging_mixin.py:109} INFO - [2021-09-16 09:03:38,796] {dag.py:2306} INFO - Setting next_dagrun for example_kubernetes_executor_config to None
[2021-09-16 09:03:38,803] {processor.py:170} INFO - Processing /home/airflow/.local/lib/python3.8/site-packages/airflow/example_dags/example_kubernetes_executor_config.py took 0.057 seconds
[2021-09-16 09:04:09,069] {processor.py:162} INFO - Started process (PID=731) to work on /home/airflow/.local/lib/python3.8/site-packages/airflow/example_dags/example_kubernetes_executor_config.py
[2021-09-16 09:04:09,075] {processor.py:613} INFO - Processing file /home/airflow/.local/lib/python3.8/site-packages/airflow/example_dags/example_kubernetes_executor_config.py for tasks to queue
[2021-09-16 09:04:09,076] {logging_mixin.py:109} INFO - [2021-09-16 09:04:09,076] {dagbag.py:496} INFO - Filling up the DagBag from /home/airflow/.local/lib/python3.8/site-packages/airflow/example_dags/example_kubernetes_executor_config.py
[2021-09-16 09:04:09,126] {processor.py:623} INFO - DAG(s) dict_keys(['example_kubernetes_executor_config']) retrieved from /home/airflow/.local/lib/python3.8/site-packages/airflow/example_dags/example_kubernetes_executor_config.py
[2021-09-16 09:04:09,150] {logging_mixin.py:109} INFO - [2021-09-16 09:04:09,150] {dag.py:1833} INFO - Sync 1 DAGs
[2021-09-16 09:04:09,163] {logging_mixin.py:109} INFO - [2021-09-16 09:04:09,163] {dag.py:2306} INFO - Setting next_dagrun for example_kubernetes_executor_config to None
[2021-09-16 09:04:09,173] {processor.py:170} INFO - Processing /home/airflow/.local/lib/python3.8/site-packages/airflow/example_dags/example_kubernetes_executor_config.py took 0.106 seconds
[2021-09-16 09:04:39,296] {processor.py:162} INFO - Started process (PID=780) to work on /home/airflow/.local/lib/python3.8/site-packages/airflow/example_dags/example_kubernetes_executor_config.py
[2021-09-16 09:04:39,298] {processor.py:613} INFO - Processing file /home/airflow/.local/lib/python3.8/site-packages/airflow/example_dags/example_kubernetes_executor_config.py for tasks to queue
[2021-09-16 09:04:39,299] {logging_mixin.py:109} INFO - [2021-09-16 09:04:39,299] {dagbag.py:496} INFO - Filling up the DagBag from /home/airflow/.local/lib/python3.8/site-packages/airflow/example_dags/example_kubernetes_executor_config.py
[2021-09-16 09:04:39,312] {processor.py:623} INFO - DAG(s) dict_keys(['example_kubernetes_executor_config']) retrieved from /home/airflow/.local/lib/python3.8/site-packages/airflow/example_dags/example_kubernetes_executor_config.py
[2021-09-16 09:04:39,332] {logging_mixin.py:109} INFO - [2021-09-16 09:04:39,332] {dag.py:1833} INFO - Sync 1 DAGs
[2021-09-16 09:04:39,343] {logging_mixin.py:109} INFO - [2021-09-16 09:04:39,343] {dag.py:2306} INFO - Setting next_dagrun for example_kubernetes_executor_config to None
[2021-09-16 09:04:39,353] {processor.py:170} INFO - Processing /home/airflow/.local/lib/python3.8/site-packages/airflow/example_dags/example_kubernetes_executor_config.py took 0.060 seconds
[2021-09-16 09:05:09,445] {processor.py:162} INFO - Started process (PID=838) to work on /home/airflow/.local/lib/python3.8/site-packages/airflow/example_dags/example_kubernetes_executor_config.py
[2021-09-16 09:05:09,446] {processor.py:613} INFO - Processing file /home/airflow/.local/lib/python3.8/site-packages/airflow/example_dags/example_kubernetes_executor_config.py for tasks to queue
[2021-09-16 09:05:09,447] {logging_mixin.py:109} INFO - [2021-09-16 09:05:09,447] {dagbag.py:496} INFO - Filling up the DagBag from /home/airflow/.local/lib/python3.8/site-packages/airflow/example_dags/example_kubernetes_executor_config.py
[2021-09-16 09:05:09,459] {processor.py:623} INFO - DAG(s) dict_keys(['example_kubernetes_executor_config']) retrieved from /home/airflow/.local/lib/python3.8/site-packages/airflow/example_dags/example_kubernetes_executor_config.py
[2021-09-16 09:05:09,479] {logging_mixin.py:109} INFO - [2021-09-16 09:05:09,479] {dag.py:1833} INFO - Sync 1 DAGs
[2021-09-16 09:05:09,490] {logging_mixin.py:109} INFO - [2021-09-16 09:05:09,490] {dag.py:2306} INFO - Setting next_dagrun for example_kubernetes_executor_config to None
[2021-09-16 09:05:09,498] {processor.py:170} INFO - Processing /home/airflow/.local/lib/python3.8/site-packages/airflow/example_dags/example_kubernetes_executor_config.py took 0.056 seconds
[2021-09-16 09:05:39,833] {processor.py:162} INFO - Started process (PID=892) to work on /home/airflow/.local/lib/python3.8/site-packages/airflow/example_dags/example_kubernetes_executor_config.py
[2021-09-16 09:05:39,836] {processor.py:613} INFO - Processing file /home/airflow/.local/lib/python3.8/site-packages/airflow/example_dags/example_kubernetes_executor_config.py for tasks to queue
[2021-09-16 09:05:39,837] {logging_mixin.py:109} INFO - [2021-09-16 09:05:39,837] {dagbag.py:496} INFO - Filling up the DagBag from /home/airflow/.local/lib/python3.8/site-packages/airflow/example_dags/example_kubernetes_executor_config.py
[2021-09-16 09:05:39,847] {processor.py:623} INFO - DAG(s) dict_keys(['example_kubernetes_executor_config']) retrieved from /home/airflow/.local/lib/python3.8/site-packages/airflow/example_dags/example_kubernetes_executor_config.py
[2021-09-16 09:05:39,864] {logging_mixin.py:109} INFO - [2021-09-16 09:05:39,864] {dag.py:1833} INFO - Sync 1 DAGs
[2021-09-16 09:05:39,874] {logging_mixin.py:109} INFO - [2021-09-16 09:05:39,874] {dag.py:2306} INFO - Setting next_dagrun for example_kubernetes_executor_config to None
[2021-09-16 09:05:39,886] {processor.py:170} INFO - Processing /home/airflow/.local/lib/python3.8/site-packages/airflow/example_dags/example_kubernetes_executor_config.py took 0.057 seconds
[2021-09-16 09:06:11,104] {processor.py:162} INFO - Started process (PID=939) to work on /home/airflow/.local/lib/python3.8/site-packages/airflow/example_dags/example_kubernetes_executor_config.py
[2021-09-16 09:06:11,105] {processor.py:613} INFO - Processing file /home/airflow/.local/lib/python3.8/site-packages/airflow/example_dags/example_kubernetes_executor_config.py for tasks to queue
[2021-09-16 09:06:11,106] {logging_mixin.py:109} INFO - [2021-09-16 09:06:11,106] {dagbag.py:496} INFO - Filling up the DagBag from /home/airflow/.local/lib/python3.8/site-packages/airflow/example_dags/example_kubernetes_executor_config.py
[2021-09-16 09:06:11,118] {processor.py:623} INFO - DAG(s) dict_keys(['example_kubernetes_executor_config']) retrieved from /home/airflow/.local/lib/python3.8/site-packages/airflow/example_dags/example_kubernetes_executor_config.py
[2021-09-16 09:06:11,137] {logging_mixin.py:109} INFO - [2021-09-16 09:06:11,137] {dag.py:1833} INFO - Sync 1 DAGs
[2021-09-16 09:06:11,148] {logging_mixin.py:109} INFO - [2021-09-16 09:06:11,148] {dag.py:2306} INFO - Setting next_dagrun for example_kubernetes_executor_config to None
[2021-09-16 09:06:11,157] {processor.py:170} INFO - Processing /home/airflow/.local/lib/python3.8/site-packages/airflow/example_dags/example_kubernetes_executor_config.py took 0.056 seconds
[2021-09-16 09:06:42,340] {processor.py:162} INFO - Started process (PID=996) to work on /home/airflow/.local/lib/python3.8/site-packages/airflow/example_dags/example_kubernetes_executor_config.py
[2021-09-16 09:06:42,342] {processor.py:613} INFO - Processing file /home/airflow/.local/lib/python3.8/site-packages/airflow/example_dags/example_kubernetes_executor_config.py for tasks to queue
[2021-09-16 09:06:42,343] {logging_mixin.py:109} INFO - [2021-09-16 09:06:42,342] {dagbag.py:496} INFO - Filling up the DagBag from /home/airflow/.local/lib/python3.8/site-packages/airflow/example_dags/example_kubernetes_executor_config.py
[2021-09-16 09:06:42,354] {processor.py:623} INFO - DAG(s) dict_keys(['example_kubernetes_executor_config']) retrieved from /home/airflow/.local/lib/python3.8/site-packages/airflow/example_dags/example_kubernetes_executor_config.py
[2021-09-16 09:06:42,373] {logging_mixin.py:109} INFO - [2021-09-16 09:06:42,373] {dag.py:1833} INFO - Sync 1 DAGs
[2021-09-16 09:06:42,384] {logging_mixin.py:109} INFO - [2021-09-16 09:06:42,384] {dag.py:2306} INFO - Setting next_dagrun for example_kubernetes_executor_config to None
[2021-09-16 09:06:42,394] {processor.py:170} INFO - Processing /home/airflow/.local/lib/python3.8/site-packages/airflow/example_dags/example_kubernetes_executor_config.py took 0.057 seconds
[2021-09-16 09:07:12,622] {processor.py:162} INFO - Started process (PID=1051) to work on /home/airflow/.local/lib/python3.8/site-packages/airflow/example_dags/example_kubernetes_executor_config.py
[2021-09-16 09:07:12,624] {processor.py:613} INFO - Processing file /home/airflow/.local/lib/python3.8/site-packages/airflow/example_dags/example_kubernetes_executor_config.py for tasks to queue
[2021-09-16 09:07:12,624] {logging_mixin.py:109} INFO - [2021-09-16 09:07:12,624] {dagbag.py:496} INFO - Filling up the DagBag from /home/airflow/.local/lib/python3.8/site-packages/airflow/example_dags/example_kubernetes_executor_config.py
[2021-09-16 09:07:12,636] {processor.py:623} INFO - DAG(s) dict_keys(['example_kubernetes_executor_config']) retrieved from /home/airflow/.local/lib/python3.8/site-packages/airflow/example_dags/example_kubernetes_executor_config.py
[2021-09-16 09:07:12,657] {logging_mixin.py:109} INFO - [2021-09-16 09:07:12,657] {dag.py:1833} INFO - Sync 1 DAGs
[2021-09-16 09:07:12,668] {logging_mixin.py:109} INFO - [2021-09-16 09:07:12,668] {dag.py:2306} INFO - Setting next_dagrun for example_kubernetes_executor_config to None
[2021-09-16 09:07:12,676] {processor.py:170} INFO - Processing /home/airflow/.local/lib/python3.8/site-packages/airflow/example_dags/example_kubernetes_executor_config.py took 0.057 seconds
[2021-09-16 09:07:42,909] {processor.py:162} INFO - Started process (PID=1106) to work on /home/airflow/.local/lib/python3.8/site-packages/airflow/example_dags/example_kubernetes_executor_config.py
[2021-09-16 09:07:42,910] {processor.py:613} INFO - Processing file /home/airflow/.local/lib/python3.8/site-packages/airflow/example_dags/example_kubernetes_executor_config.py for tasks to queue
[2021-09-16 09:07:42,911] {logging_mixin.py:109} INFO - [2021-09-16 09:07:42,911] {dagbag.py:496} INFO - Filling up the DagBag from /home/airflow/.local/lib/python3.8/site-packages/airflow/example_dags/example_kubernetes_executor_config.py
[2021-09-16 09:07:42,922] {processor.py:623} INFO - DAG(s) dict_keys(['example_kubernetes_executor_config']) retrieved from /home/airflow/.local/lib/python3.8/site-packages/airflow/example_dags/example_kubernetes_executor_config.py
[2021-09-16 09:07:42,942] {logging_mixin.py:109} INFO - [2021-09-16 09:07:42,942] {dag.py:1833} INFO - Sync 1 DAGs
[2021-09-16 09:07:42,953] {logging_mixin.py:109} INFO - [2021-09-16 09:07:42,953] {dag.py:2306} INFO - Setting next_dagrun for example_kubernetes_executor_config to None
[2021-09-16 09:07:42,962] {processor.py:170} INFO - Processing /home/airflow/.local/lib/python3.8/site-packages/airflow/example_dags/example_kubernetes_executor_config.py took 0.056 seconds
[2021-09-16 09:08:13,154] {processor.py:162} INFO - Started process (PID=1152) to work on /home/airflow/.local/lib/python3.8/site-packages/airflow/example_dags/example_kubernetes_executor_config.py
[2021-09-16 09:08:13,156] {processor.py:613} INFO - Processing file /home/airflow/.local/lib/python3.8/site-packages/airflow/example_dags/example_kubernetes_executor_config.py for tasks to queue
[2021-09-16 09:08:13,157] {logging_mixin.py:109} INFO - [2021-09-16 09:08:13,157] {dagbag.py:496} INFO - Filling up the DagBag from /home/airflow/.local/lib/python3.8/site-packages/airflow/example_dags/example_kubernetes_executor_config.py
[2021-09-16 09:08:13,168] {processor.py:623} INFO - DAG(s) dict_keys(['example_kubernetes_executor_config']) retrieved from /home/airflow/.local/lib/python3.8/site-packages/airflow/example_dags/example_kubernetes_executor_config.py
[2021-09-16 09:08:13,190] {logging_mixin.py:109} INFO - [2021-09-16 09:08:13,190] {dag.py:1833} INFO - Sync 1 DAGs
[2021-09-16 09:08:13,201] {logging_mixin.py:109} INFO - [2021-09-16 09:08:13,201] {dag.py:2306} INFO - Setting next_dagrun for example_kubernetes_executor_config to None
[2021-09-16 09:08:13,209] {processor.py:170} INFO - Processing /home/airflow/.local/lib/python3.8/site-packages/airflow/example_dags/example_kubernetes_executor_config.py took 0.059 seconds
[2021-09-16 09:08:43,859] {processor.py:162} INFO - Started process (PID=1211) to work on /home/airflow/.local/lib/python3.8/site-packages/airflow/example_dags/example_kubernetes_executor_config.py
[2021-09-16 09:08:43,860] {processor.py:613} INFO - Processing file /home/airflow/.local/lib/python3.8/site-packages/airflow/example_dags/example_kubernetes_executor_config.py for tasks to queue
[2021-09-16 09:08:43,861] {logging_mixin.py:109} INFO - [2021-09-16 09:08:43,861] {dagbag.py:496} INFO - Filling up the DagBag from /home/airflow/.local/lib/python3.8/site-packages/airflow/example_dags/example_kubernetes_executor_config.py
[2021-09-16 09:08:43,873] {processor.py:623} INFO - DAG(s) dict_keys(['example_kubernetes_executor_config']) retrieved from /home/airflow/.local/lib/python3.8/site-packages/airflow/example_dags/example_kubernetes_executor_config.py
[2021-09-16 09:08:43,893] {logging_mixin.py:109} INFO - [2021-09-16 09:08:43,892] {dag.py:1833} INFO - Sync 1 DAGs
[2021-09-16 09:08:43,903] {logging_mixin.py:109} INFO - [2021-09-16 09:08:43,903] {dag.py:2306} INFO - Setting next_dagrun for example_kubernetes_executor_config to None
[2021-09-16 09:08:43,911] {processor.py:170} INFO - Processing /home/airflow/.local/lib/python3.8/site-packages/airflow/example_dags/example_kubernetes_executor_config.py took 0.055 seconds
[2021-09-16 09:09:14,255] {processor.py:162} INFO - Started process (PID=1266) to work on /home/airflow/.local/lib/python3.8/site-packages/airflow/example_dags/example_kubernetes_executor_config.py
[2021-09-16 09:09:14,256] {processor.py:613} INFO - Processing file /home/airflow/.local/lib/python3.8/site-packages/airflow/example_dags/example_kubernetes_executor_config.py for tasks to queue
[2021-09-16 09:09:14,257] {logging_mixin.py:109} INFO - [2021-09-16 09:09:14,257] {dagbag.py:496} INFO - Filling up the DagBag from /home/airflow/.local/lib/python3.8/site-packages/airflow/example_dags/example_kubernetes_executor_config.py
[2021-09-16 09:09:14,269] {processor.py:623} INFO - DAG(s) dict_keys(['example_kubernetes_executor_config']) retrieved from /home/airflow/.local/lib/python3.8/site-packages/airflow/example_dags/example_kubernetes_executor_config.py
[2021-09-16 09:09:14,289] {logging_mixin.py:109} INFO - [2021-09-16 09:09:14,289] {dag.py:1833} INFO - Sync 1 DAGs
[2021-09-16 09:09:14,300] {logging_mixin.py:109} INFO - [2021-09-16 09:09:14,300] {dag.py:2306} INFO - Setting next_dagrun for example_kubernetes_executor_config to None
[2021-09-16 09:09:14,308] {processor.py:170} INFO - Processing /home/airflow/.local/lib/python3.8/site-packages/airflow/example_dags/example_kubernetes_executor_config.py took 0.056 seconds
[2021-09-16 09:09:44,601] {processor.py:162} INFO - Started process (PID=1322) to work on /home/airflow/.local/lib/python3.8/site-packages/airflow/example_dags/example_kubernetes_executor_config.py
[2021-09-16 09:09:44,603] {processor.py:613} INFO - Processing file /home/airflow/.local/lib/python3.8/site-packages/airflow/example_dags/example_kubernetes_executor_config.py for tasks to queue
[2021-09-16 09:09:44,603] {logging_mixin.py:109} INFO - [2021-09-16 09:09:44,603] {dagbag.py:496} INFO - Filling up the DagBag from /home/airflow/.local/lib/python3.8/site-packages/airflow/example_dags/example_kubernetes_executor_config.py
[2021-09-16 09:09:44,614] {processor.py:623} INFO - DAG(s) dict_keys(['example_kubernetes_executor_config']) retrieved from /home/airflow/.local/lib/python3.8/site-packages/airflow/example_dags/example_kubernetes_executor_config.py
[2021-09-16 09:09:44,634] {logging_mixin.py:109} INFO - [2021-09-16 09:09:44,634] {dag.py:1833} INFO - Sync 1 DAGs
[2021-09-16 09:09:44,645] {logging_mixin.py:109} INFO - [2021-09-16 09:09:44,645] {dag.py:2306} INFO - Setting next_dagrun for example_kubernetes_executor_config to None
[2021-09-16 09:09:44,653] {processor.py:170} INFO - Processing /home/airflow/.local/lib/python3.8/site-packages/airflow/example_dags/example_kubernetes_executor_config.py took 0.055 seconds
[2021-09-16 09:10:14,981] {processor.py:162} INFO - Started process (PID=1370) to work on /home/airflow/.local/lib/python3.8/site-packages/airflow/example_dags/example_kubernetes_executor_config.py
[2021-09-16 09:10:14,984] {processor.py:613} INFO - Processing file /home/airflow/.local/lib/python3.8/site-packages/airflow/example_dags/example_kubernetes_executor_config.py for tasks to queue
[2021-09-16 09:10:14,985] {logging_mixin.py:109} INFO - [2021-09-16 09:10:14,985] {dagbag.py:496} INFO - Filling up the DagBag from /home/airflow/.local/lib/python3.8/site-packages/airflow/example_dags/example_kubernetes_executor_config.py
[2021-09-16 09:10:14,996] {processor.py:623} INFO - DAG(s) dict_keys(['example_kubernetes_executor_config']) retrieved from /home/airflow/.local/lib/python3.8/site-packages/airflow/example_dags/example_kubernetes_executor_config.py
[2021-09-16 09:10:15,017] {logging_mixin.py:109} INFO - [2021-09-16 09:10:15,017] {dag.py:1833} INFO - Sync 1 DAGs
[2021-09-16 09:10:15,029] {logging_mixin.py:109} INFO - [2021-09-16 09:10:15,029] {dag.py:2306} INFO - Setting next_dagrun for example_kubernetes_executor_config to None
[2021-09-16 09:10:15,039] {processor.py:170} INFO - Processing /home/airflow/.local/lib/python3.8/site-packages/airflow/example_dags/example_kubernetes_executor_config.py took 0.064 seconds
[2021-09-16 09:10:45,574] {processor.py:162} INFO - Started process (PID=1425) to work on /home/airflow/.local/lib/python3.8/site-packages/airflow/example_dags/example_kubernetes_executor_config.py
[2021-09-16 09:10:45,576] {processor.py:613} INFO - Processing file /home/airflow/.local/lib/python3.8/site-packages/airflow/example_dags/example_kubernetes_executor_config.py for tasks to queue
[2021-09-16 09:10:45,577] {logging_mixin.py:109} INFO - [2021-09-16 09:10:45,577] {dagbag.py:496} INFO - Filling up the DagBag from /home/airflow/.local/lib/python3.8/site-packages/airflow/example_dags/example_kubernetes_executor_config.py
[2021-09-16 09:10:45,595] {processor.py:623} INFO - DAG(s) dict_keys(['example_kubernetes_executor_config']) retrieved from /home/airflow/.local/lib/python3.8/site-packages/airflow/example_dags/example_kubernetes_executor_config.py
[2021-09-16 09:10:45,618] {logging_mixin.py:109} INFO - [2021-09-16 09:10:45,618] {dag.py:1833} INFO - Sync 1 DAGs
[2021-09-16 09:10:45,632] {logging_mixin.py:109} INFO - [2021-09-16 09:10:45,632] {dag.py:2306} INFO - Setting next_dagrun for example_kubernetes_executor_config to None
[2021-09-16 09:10:45,642] {processor.py:170} INFO - Processing /home/airflow/.local/lib/python3.8/site-packages/airflow/example_dags/example_kubernetes_executor_config.py took 0.074 seconds
[2021-09-16 09:11:16,093] {processor.py:162} INFO - Started process (PID=1482) to work on /home/airflow/.local/lib/python3.8/site-packages/airflow/example_dags/example_kubernetes_executor_config.py
[2021-09-16 09:11:16,095] {processor.py:613} INFO - Processing file /home/airflow/.local/lib/python3.8/site-packages/airflow/example_dags/example_kubernetes_executor_config.py for tasks to queue
[2021-09-16 09:11:16,096] {logging_mixin.py:109} INFO - [2021-09-16 09:11:16,096] {dagbag.py:496} INFO - Filling up the DagBag from /home/airflow/.local/lib/python3.8/site-packages/airflow/example_dags/example_kubernetes_executor_config.py
[2021-09-16 09:11:16,109] {processor.py:623} INFO - DAG(s) dict_keys(['example_kubernetes_executor_config']) retrieved from /home/airflow/.local/lib/python3.8/site-packages/airflow/example_dags/example_kubernetes_executor_config.py
[2021-09-16 09:11:16,132] {logging_mixin.py:109} INFO - [2021-09-16 09:11:16,132] {dag.py:1833} INFO - Sync 1 DAGs
[2021-09-16 09:11:16,144] {logging_mixin.py:109} INFO - [2021-09-16 09:11:16,144] {dag.py:2306} INFO - Setting next_dagrun for example_kubernetes_executor_config to None
[2021-09-16 09:11:16,152] {processor.py:170} INFO - Processing /home/airflow/.local/lib/python3.8/site-packages/airflow/example_dags/example_kubernetes_executor_config.py took 0.061 seconds
[2021-09-16 09:11:46,586] {processor.py:162} INFO - Started process (PID=1530) to work on /home/airflow/.local/lib/python3.8/site-packages/airflow/example_dags/example_kubernetes_executor_config.py
[2021-09-16 09:11:46,588] {processor.py:613} INFO - Processing file /home/airflow/.local/lib/python3.8/site-packages/airflow/example_dags/example_kubernetes_executor_config.py for tasks to queue
[2021-09-16 09:11:46,590] {logging_mixin.py:109} INFO - [2021-09-16 09:11:46,590] {dagbag.py:496} INFO - Filling up the DagBag from /home/airflow/.local/lib/python3.8/site-packages/airflow/example_dags/example_kubernetes_executor_config.py
[2021-09-16 09:11:46,602] {processor.py:623} INFO - DAG(s) dict_keys(['example_kubernetes_executor_config']) retrieved from /home/airflow/.local/lib/python3.8/site-packages/airflow/example_dags/example_kubernetes_executor_config.py
[2021-09-16 09:11:46,626] {logging_mixin.py:109} INFO - [2021-09-16 09:11:46,626] {dag.py:1833} INFO - Sync 1 DAGs
[2021-09-16 09:11:46,637] {logging_mixin.py:109} INFO - [2021-09-16 09:11:46,636] {dag.py:2306} INFO - Setting next_dagrun for example_kubernetes_executor_config to None
[2021-09-16 09:11:46,646] {processor.py:170} INFO - Processing /home/airflow/.local/lib/python3.8/site-packages/airflow/example_dags/example_kubernetes_executor_config.py took 0.063 seconds
[2021-09-16 09:12:17,087] {processor.py:162} INFO - Started process (PID=1585) to work on /home/airflow/.local/lib/python3.8/site-packages/airflow/example_dags/example_kubernetes_executor_config.py
[2021-09-16 09:12:17,088] {processor.py:613} INFO - Processing file /home/airflow/.local/lib/python3.8/site-packages/airflow/example_dags/example_kubernetes_executor_config.py for tasks to queue
[2021-09-16 09:12:17,089] {logging_mixin.py:109} INFO - [2021-09-16 09:12:17,089] {dagbag.py:496} INFO - Filling up the DagBag from /home/airflow/.local/lib/python3.8/site-packages/airflow/example_dags/example_kubernetes_executor_config.py
[2021-09-16 09:12:17,101] {processor.py:623} INFO - DAG(s) dict_keys(['example_kubernetes_executor_config']) retrieved from /home/airflow/.local/lib/python3.8/site-packages/airflow/example_dags/example_kubernetes_executor_config.py
[2021-09-16 09:12:17,122] {logging_mixin.py:109} INFO - [2021-09-16 09:12:17,122] {dag.py:1833} INFO - Sync 1 DAGs
[2021-09-16 09:12:17,134] {logging_mixin.py:109} INFO - [2021-09-16 09:12:17,133] {dag.py:2306} INFO - Setting next_dagrun for example_kubernetes_executor_config to None
[2021-09-16 09:12:17,142] {processor.py:170} INFO - Processing /home/airflow/.local/lib/python3.8/site-packages/airflow/example_dags/example_kubernetes_executor_config.py took 0.059 seconds
[2021-09-16 09:12:47,536] {processor.py:162} INFO - Started process (PID=1641) to work on /home/airflow/.local/lib/python3.8/site-packages/airflow/example_dags/example_kubernetes_executor_config.py
[2021-09-16 09:12:47,537] {processor.py:613} INFO - Processing file /home/airflow/.local/lib/python3.8/site-packages/airflow/example_dags/example_kubernetes_executor_config.py for tasks to queue
[2021-09-16 09:12:47,538] {logging_mixin.py:109} INFO - [2021-09-16 09:12:47,538] {dagbag.py:496} INFO - Filling up the DagBag from /home/airflow/.local/lib/python3.8/site-packages/airflow/example_dags/example_kubernetes_executor_config.py
[2021-09-16 09:12:47,549] {processor.py:623} INFO - DAG(s) dict_keys(['example_kubernetes_executor_config']) retrieved from /home/airflow/.local/lib/python3.8/site-packages/airflow/example_dags/example_kubernetes_executor_config.py
[2021-09-16 09:12:47,570] {logging_mixin.py:109} INFO - [2021-09-16 09:12:47,569] {dag.py:1833} INFO - Sync 1 DAGs
[2021-09-16 09:12:47,581] {logging_mixin.py:109} INFO - [2021-09-16 09:12:47,581] {dag.py:2306} INFO - Setting next_dagrun for example_kubernetes_executor_config to None
[2021-09-16 09:12:47,590] {processor.py:170} INFO - Processing /home/airflow/.local/lib/python3.8/site-packages/airflow/example_dags/example_kubernetes_executor_config.py took 0.057 seconds
[2021-09-16 09:13:18,016] {processor.py:162} INFO - Started process (PID=1697) to work on /home/airflow/.local/lib/python3.8/site-packages/airflow/example_dags/example_kubernetes_executor_config.py
[2021-09-16 09:13:18,017] {processor.py:613} INFO - Processing file /home/airflow/.local/lib/python3.8/site-packages/airflow/example_dags/example_kubernetes_executor_config.py for tasks to queue
[2021-09-16 09:13:18,019] {logging_mixin.py:109} INFO - [2021-09-16 09:13:18,019] {dagbag.py:496} INFO - Filling up the DagBag from /home/airflow/.local/lib/python3.8/site-packages/airflow/example_dags/example_kubernetes_executor_config.py
[2021-09-16 09:13:18,031] {processor.py:623} INFO - DAG(s) dict_keys(['example_kubernetes_executor_config']) retrieved from /home/airflow/.local/lib/python3.8/site-packages/airflow/example_dags/example_kubernetes_executor_config.py
[2021-09-16 09:13:18,053] {logging_mixin.py:109} INFO - [2021-09-16 09:13:18,053] {dag.py:1833} INFO - Sync 1 DAGs
[2021-09-16 09:13:18,065] {logging_mixin.py:109} INFO - [2021-09-16 09:13:18,065] {dag.py:2306} INFO - Setting next_dagrun for example_kubernetes_executor_config to None
[2021-09-16 09:13:18,075] {processor.py:170} INFO - Processing /home/airflow/.local/lib/python3.8/site-packages/airflow/example_dags/example_kubernetes_executor_config.py took 0.062 seconds
[2021-09-16 09:13:48,197] {processor.py:162} INFO - Started process (PID=1745) to work on /home/airflow/.local/lib/python3.8/site-packages/airflow/example_dags/example_kubernetes_executor_config.py
[2021-09-16 09:13:48,199] {processor.py:613} INFO - Processing file /home/airflow/.local/lib/python3.8/site-packages/airflow/example_dags/example_kubernetes_executor_config.py for tasks to queue
[2021-09-16 09:13:48,200] {logging_mixin.py:109} INFO - [2021-09-16 09:13:48,200] {dagbag.py:496} INFO - Filling up the DagBag from /home/airflow/.local/lib/python3.8/site-packages/airflow/example_dags/example_kubernetes_executor_config.py
[2021-09-16 09:13:48,211] {processor.py:623} INFO - DAG(s) dict_keys(['example_kubernetes_executor_config']) retrieved from /home/airflow/.local/lib/python3.8/site-packages/airflow/example_dags/example_kubernetes_executor_config.py
[2021-09-16 09:13:48,232] {logging_mixin.py:109} INFO - [2021-09-16 09:13:48,232] {dag.py:1833} INFO - Sync 1 DAGs
[2021-09-16 09:13:48,244] {logging_mixin.py:109} INFO - [2021-09-16 09:13:48,244] {dag.py:2306} INFO - Setting next_dagrun for example_kubernetes_executor_config to None
[2021-09-16 09:13:48,253] {processor.py:170} INFO - Processing /home/airflow/.local/lib/python3.8/site-packages/airflow/example_dags/example_kubernetes_executor_config.py took 0.059 seconds
[2021-09-16 09:14:18,292] {processor.py:162} INFO - Started process (PID=1799) to work on /home/airflow/.local/lib/python3.8/site-packages/airflow/example_dags/example_kubernetes_executor_config.py
[2021-09-16 09:14:18,293] {processor.py:613} INFO - Processing file /home/airflow/.local/lib/python3.8/site-packages/airflow/example_dags/example_kubernetes_executor_config.py for tasks to queue
[2021-09-16 09:14:18,294] {logging_mixin.py:109} INFO - [2021-09-16 09:14:18,294] {dagbag.py:496} INFO - Filling up the DagBag from /home/airflow/.local/lib/python3.8/site-packages/airflow/example_dags/example_kubernetes_executor_config.py
[2021-09-16 09:14:18,306] {processor.py:623} INFO - DAG(s) dict_keys(['example_kubernetes_executor_config']) retrieved from /home/airflow/.local/lib/python3.8/site-packages/airflow/example_dags/example_kubernetes_executor_config.py
[2021-09-16 09:14:18,327] {logging_mixin.py:109} INFO - [2021-09-16 09:14:18,327] {dag.py:1833} INFO - Sync 1 DAGs
[2021-09-16 09:14:18,339] {logging_mixin.py:109} INFO - [2021-09-16 09:14:18,338] {dag.py:2306} INFO - Setting next_dagrun for example_kubernetes_executor_config to None
[2021-09-16 09:14:18,347] {processor.py:170} INFO - Processing /home/airflow/.local/lib/python3.8/site-packages/airflow/example_dags/example_kubernetes_executor_config.py took 0.058 seconds
[2021-09-16 09:14:48,603] {processor.py:162} INFO - Started process (PID=1854) to work on /home/airflow/.local/lib/python3.8/site-packages/airflow/example_dags/example_kubernetes_executor_config.py
[2021-09-16 09:14:48,605] {processor.py:613} INFO - Processing file /home/airflow/.local/lib/python3.8/site-packages/airflow/example_dags/example_kubernetes_executor_config.py for tasks to queue
[2021-09-16 09:14:48,606] {logging_mixin.py:109} INFO - [2021-09-16 09:14:48,606] {dagbag.py:496} INFO - Filling up the DagBag from /home/airflow/.local/lib/python3.8/site-packages/airflow/example_dags/example_kubernetes_executor_config.py
[2021-09-16 09:14:48,620] {processor.py:623} INFO - DAG(s) dict_keys(['example_kubernetes_executor_config']) retrieved from /home/airflow/.local/lib/python3.8/site-packages/airflow/example_dags/example_kubernetes_executor_config.py
[2021-09-16 09:14:48,641] {logging_mixin.py:109} INFO - [2021-09-16 09:14:48,641] {dag.py:1833} INFO - Sync 1 DAGs
[2021-09-16 09:14:48,653] {logging_mixin.py:109} INFO - [2021-09-16 09:14:48,653] {dag.py:2306} INFO - Setting next_dagrun for example_kubernetes_executor_config to None
[2021-09-16 09:14:48,661] {processor.py:170} INFO - Processing /home/airflow/.local/lib/python3.8/site-packages/airflow/example_dags/example_kubernetes_executor_config.py took 0.063 seconds
[2021-09-16 09:15:18,767] {processor.py:162} INFO - Started process (PID=1901) to work on /home/airflow/.local/lib/python3.8/site-packages/airflow/example_dags/example_kubernetes_executor_config.py
[2021-09-16 09:15:18,769] {processor.py:613} INFO - Processing file /home/airflow/.local/lib/python3.8/site-packages/airflow/example_dags/example_kubernetes_executor_config.py for tasks to queue
[2021-09-16 09:15:18,770] {logging_mixin.py:109} INFO - [2021-09-16 09:15:18,770] {dagbag.py:496} INFO - Filling up the DagBag from /home/airflow/.local/lib/python3.8/site-packages/airflow/example_dags/example_kubernetes_executor_config.py
[2021-09-16 09:15:18,783] {processor.py:623} INFO - DAG(s) dict_keys(['example_kubernetes_executor_config']) retrieved from /home/airflow/.local/lib/python3.8/site-packages/airflow/example_dags/example_kubernetes_executor_config.py
[2021-09-16 09:15:18,808] {logging_mixin.py:109} INFO - [2021-09-16 09:15:18,808] {dag.py:1833} INFO - Sync 1 DAGs
[2021-09-16 09:15:18,819] {logging_mixin.py:109} INFO - [2021-09-16 09:15:18,819] {dag.py:2306} INFO - Setting next_dagrun for example_kubernetes_executor_config to None
[2021-09-16 09:15:18,830] {processor.py:170} INFO - Processing /home/airflow/.local/lib/python3.8/site-packages/airflow/example_dags/example_kubernetes_executor_config.py took 0.067 seconds
[2021-09-16 09:15:49,145] {processor.py:162} INFO - Started process (PID=1957) to work on /home/airflow/.local/lib/python3.8/site-packages/airflow/example_dags/example_kubernetes_executor_config.py
[2021-09-16 09:15:49,146] {processor.py:613} INFO - Processing file /home/airflow/.local/lib/python3.8/site-packages/airflow/example_dags/example_kubernetes_executor_config.py for tasks to queue
[2021-09-16 09:15:49,147] {logging_mixin.py:109} INFO - [2021-09-16 09:15:49,147] {dagbag.py:496} INFO - Filling up the DagBag from /home/airflow/.local/lib/python3.8/site-packages/airflow/example_dags/example_kubernetes_executor_config.py
[2021-09-16 09:15:49,161] {processor.py:623} INFO - DAG(s) dict_keys(['example_kubernetes_executor_config']) retrieved from /home/airflow/.local/lib/python3.8/site-packages/airflow/example_dags/example_kubernetes_executor_config.py
[2021-09-16 09:15:49,183] {logging_mixin.py:109} INFO - [2021-09-16 09:15:49,183] {dag.py:1833} INFO - Sync 1 DAGs
[2021-09-16 09:15:49,194] {logging_mixin.py:109} INFO - [2021-09-16 09:15:49,194] {dag.py:2306} INFO - Setting next_dagrun for example_kubernetes_executor_config to None
[2021-09-16 09:15:49,201] {processor.py:170} INFO - Processing /home/airflow/.local/lib/python3.8/site-packages/airflow/example_dags/example_kubernetes_executor_config.py took 0.061 seconds
