[2021-09-16 08:37:36,776] {processor.py:162} INFO - Started process (PID=50) to work on /home/airflow/.local/lib/python3.8/site-packages/airflow/example_dags/example_xcom.py
[2021-09-16 08:37:36,782] {processor.py:613} INFO - Processing file /home/airflow/.local/lib/python3.8/site-packages/airflow/example_dags/example_xcom.py for tasks to queue
[2021-09-16 08:37:36,787] {logging_mixin.py:109} INFO - [2021-09-16 08:37:36,787] {dagbag.py:496} INFO - Filling up the DagBag from /home/airflow/.local/lib/python3.8/site-packages/airflow/example_dags/example_xcom.py
[2021-09-16 08:37:36,883] {processor.py:623} INFO - DAG(s) dict_keys(['example_xcom']) retrieved from /home/airflow/.local/lib/python3.8/site-packages/airflow/example_dags/example_xcom.py
[2021-09-16 08:37:39,742] {logging_mixin.py:109} INFO - [2021-09-16 08:37:39,742] {dag.py:1833} INFO - Sync 1 DAGs
[2021-09-16 08:37:39,752] {logging_mixin.py:109} INFO - [2021-09-16 08:37:39,752] {dag.py:1852} INFO - Creating ORM DAG for example_xcom
[2021-09-16 08:37:39,759] {logging_mixin.py:109} INFO - [2021-09-16 08:37:39,759] {dag.py:2306} INFO - Setting next_dagrun for example_xcom to 2021-09-14 00:00:00+00:00
[2021-09-16 08:37:39,770] {processor.py:170} INFO - Processing /home/airflow/.local/lib/python3.8/site-packages/airflow/example_dags/example_xcom.py took 3.045 seconds
[2021-09-16 08:38:10,815] {processor.py:162} INFO - Started process (PID=331) to work on /home/airflow/.local/lib/python3.8/site-packages/airflow/example_dags/example_xcom.py
[2021-09-16 08:38:10,817] {processor.py:613} INFO - Processing file /home/airflow/.local/lib/python3.8/site-packages/airflow/example_dags/example_xcom.py for tasks to queue
[2021-09-16 08:38:10,818] {logging_mixin.py:109} INFO - [2021-09-16 08:38:10,818] {dagbag.py:496} INFO - Filling up the DagBag from /home/airflow/.local/lib/python3.8/site-packages/airflow/example_dags/example_xcom.py
[2021-09-16 08:38:10,832] {processor.py:623} INFO - DAG(s) dict_keys(['example_xcom']) retrieved from /home/airflow/.local/lib/python3.8/site-packages/airflow/example_dags/example_xcom.py
[2021-09-16 08:38:10,855] {logging_mixin.py:109} INFO - [2021-09-16 08:38:10,855] {dag.py:1833} INFO - Sync 1 DAGs
[2021-09-16 08:38:10,874] {logging_mixin.py:109} INFO - [2021-09-16 08:38:10,874] {dag.py:2306} INFO - Setting next_dagrun for example_xcom to 2021-09-14 00:00:00+00:00
[2021-09-16 08:38:10,915] {processor.py:170} INFO - Processing /home/airflow/.local/lib/python3.8/site-packages/airflow/example_dags/example_xcom.py took 0.104 seconds
[2021-09-16 08:38:41,350] {processor.py:162} INFO - Started process (PID=379) to work on /home/airflow/.local/lib/python3.8/site-packages/airflow/example_dags/example_xcom.py
[2021-09-16 08:38:41,352] {processor.py:613} INFO - Processing file /home/airflow/.local/lib/python3.8/site-packages/airflow/example_dags/example_xcom.py for tasks to queue
[2021-09-16 08:38:41,353] {logging_mixin.py:109} INFO - [2021-09-16 08:38:41,353] {dagbag.py:496} INFO - Filling up the DagBag from /home/airflow/.local/lib/python3.8/site-packages/airflow/example_dags/example_xcom.py
[2021-09-16 08:38:41,368] {processor.py:623} INFO - DAG(s) dict_keys(['example_xcom']) retrieved from /home/airflow/.local/lib/python3.8/site-packages/airflow/example_dags/example_xcom.py
[2021-09-16 08:38:41,390] {logging_mixin.py:109} INFO - [2021-09-16 08:38:41,390] {dag.py:1833} INFO - Sync 1 DAGs
[2021-09-16 08:38:41,403] {logging_mixin.py:109} INFO - [2021-09-16 08:38:41,403] {dag.py:2306} INFO - Setting next_dagrun for example_xcom to 2021-09-14 00:00:00+00:00
[2021-09-16 08:38:41,416] {processor.py:170} INFO - Processing /home/airflow/.local/lib/python3.8/site-packages/airflow/example_dags/example_xcom.py took 0.070 seconds
[2021-09-16 08:39:12,070] {processor.py:162} INFO - Started process (PID=434) to work on /home/airflow/.local/lib/python3.8/site-packages/airflow/example_dags/example_xcom.py
[2021-09-16 08:39:12,072] {processor.py:613} INFO - Processing file /home/airflow/.local/lib/python3.8/site-packages/airflow/example_dags/example_xcom.py for tasks to queue
[2021-09-16 08:39:12,073] {logging_mixin.py:109} INFO - [2021-09-16 08:39:12,073] {dagbag.py:496} INFO - Filling up the DagBag from /home/airflow/.local/lib/python3.8/site-packages/airflow/example_dags/example_xcom.py
[2021-09-16 08:39:12,084] {processor.py:623} INFO - DAG(s) dict_keys(['example_xcom']) retrieved from /home/airflow/.local/lib/python3.8/site-packages/airflow/example_dags/example_xcom.py
[2021-09-16 08:39:12,108] {logging_mixin.py:109} INFO - [2021-09-16 08:39:12,108] {dag.py:1833} INFO - Sync 1 DAGs
[2021-09-16 08:39:12,126] {logging_mixin.py:109} INFO - [2021-09-16 08:39:12,126] {dag.py:2306} INFO - Setting next_dagrun for example_xcom to 2021-09-14 00:00:00+00:00
[2021-09-16 08:39:12,141] {processor.py:170} INFO - Processing /home/airflow/.local/lib/python3.8/site-packages/airflow/example_dags/example_xcom.py took 0.078 seconds
[2021-09-16 08:39:42,233] {processor.py:162} INFO - Started process (PID=485) to work on /home/airflow/.local/lib/python3.8/site-packages/airflow/example_dags/example_xcom.py
[2021-09-16 08:39:42,235] {processor.py:613} INFO - Processing file /home/airflow/.local/lib/python3.8/site-packages/airflow/example_dags/example_xcom.py for tasks to queue
[2021-09-16 08:39:42,236] {logging_mixin.py:109} INFO - [2021-09-16 08:39:42,236] {dagbag.py:496} INFO - Filling up the DagBag from /home/airflow/.local/lib/python3.8/site-packages/airflow/example_dags/example_xcom.py
[2021-09-16 08:39:42,247] {processor.py:623} INFO - DAG(s) dict_keys(['example_xcom']) retrieved from /home/airflow/.local/lib/python3.8/site-packages/airflow/example_dags/example_xcom.py
[2021-09-16 08:39:42,265] {logging_mixin.py:109} INFO - [2021-09-16 08:39:42,265] {dag.py:1833} INFO - Sync 1 DAGs
[2021-09-16 08:39:42,276] {logging_mixin.py:109} INFO - [2021-09-16 08:39:42,276] {dag.py:2306} INFO - Setting next_dagrun for example_xcom to 2021-09-14 00:00:00+00:00
[2021-09-16 08:39:42,283] {processor.py:170} INFO - Processing /home/airflow/.local/lib/python3.8/site-packages/airflow/example_dags/example_xcom.py took 0.053 seconds
[2021-09-16 08:59:49,351] {processor.py:162} INFO - Started process (PID=50) to work on /home/airflow/.local/lib/python3.8/site-packages/airflow/example_dags/example_xcom.py
[2021-09-16 08:59:49,352] {processor.py:613} INFO - Processing file /home/airflow/.local/lib/python3.8/site-packages/airflow/example_dags/example_xcom.py for tasks to queue
[2021-09-16 08:59:49,354] {logging_mixin.py:109} INFO - [2021-09-16 08:59:49,354] {dagbag.py:496} INFO - Filling up the DagBag from /home/airflow/.local/lib/python3.8/site-packages/airflow/example_dags/example_xcom.py
[2021-09-16 08:59:49,366] {processor.py:623} INFO - DAG(s) dict_keys(['example_xcom']) retrieved from /home/airflow/.local/lib/python3.8/site-packages/airflow/example_dags/example_xcom.py
[2021-09-16 08:59:50,996] {logging_mixin.py:109} INFO - [2021-09-16 08:59:50,996] {dag.py:1833} INFO - Sync 1 DAGs
[2021-09-16 08:59:51,001] {logging_mixin.py:109} INFO - [2021-09-16 08:59:51,001] {dag.py:1852} INFO - Creating ORM DAG for example_xcom
[2021-09-16 08:59:51,005] {logging_mixin.py:109} INFO - [2021-09-16 08:59:51,005] {dag.py:2306} INFO - Setting next_dagrun for example_xcom to 2021-09-14 00:00:00+00:00
[2021-09-16 08:59:51,013] {processor.py:170} INFO - Processing /home/airflow/.local/lib/python3.8/site-packages/airflow/example_dags/example_xcom.py took 1.665 seconds
[2021-09-16 09:00:21,723] {processor.py:162} INFO - Started process (PID=322) to work on /home/airflow/.local/lib/python3.8/site-packages/airflow/example_dags/example_xcom.py
[2021-09-16 09:00:21,724] {processor.py:613} INFO - Processing file /home/airflow/.local/lib/python3.8/site-packages/airflow/example_dags/example_xcom.py for tasks to queue
[2021-09-16 09:00:21,725] {logging_mixin.py:109} INFO - [2021-09-16 09:00:21,725] {dagbag.py:496} INFO - Filling up the DagBag from /home/airflow/.local/lib/python3.8/site-packages/airflow/example_dags/example_xcom.py
[2021-09-16 09:00:21,736] {processor.py:623} INFO - DAG(s) dict_keys(['example_xcom']) retrieved from /home/airflow/.local/lib/python3.8/site-packages/airflow/example_dags/example_xcom.py
[2021-09-16 09:00:21,766] {logging_mixin.py:109} INFO - [2021-09-16 09:00:21,766] {dag.py:1833} INFO - Sync 1 DAGs
[2021-09-16 09:00:21,779] {logging_mixin.py:109} INFO - [2021-09-16 09:00:21,779] {dag.py:2306} INFO - Setting next_dagrun for example_xcom to 2021-09-14 00:00:00+00:00
[2021-09-16 09:00:21,788] {processor.py:170} INFO - Processing /home/airflow/.local/lib/python3.8/site-packages/airflow/example_dags/example_xcom.py took 0.068 seconds
[2021-09-16 09:00:52,353] {processor.py:162} INFO - Started process (PID=377) to work on /home/airflow/.local/lib/python3.8/site-packages/airflow/example_dags/example_xcom.py
[2021-09-16 09:00:52,355] {processor.py:613} INFO - Processing file /home/airflow/.local/lib/python3.8/site-packages/airflow/example_dags/example_xcom.py for tasks to queue
[2021-09-16 09:00:52,358] {logging_mixin.py:109} INFO - [2021-09-16 09:00:52,357] {dagbag.py:496} INFO - Filling up the DagBag from /home/airflow/.local/lib/python3.8/site-packages/airflow/example_dags/example_xcom.py
[2021-09-16 09:00:52,371] {processor.py:623} INFO - DAG(s) dict_keys(['example_xcom']) retrieved from /home/airflow/.local/lib/python3.8/site-packages/airflow/example_dags/example_xcom.py
[2021-09-16 09:00:52,393] {logging_mixin.py:109} INFO - [2021-09-16 09:00:52,393] {dag.py:1833} INFO - Sync 1 DAGs
[2021-09-16 09:00:52,409] {logging_mixin.py:109} INFO - [2021-09-16 09:00:52,409] {dag.py:2306} INFO - Setting next_dagrun for example_xcom to 2021-09-14 00:00:00+00:00
[2021-09-16 09:00:52,419] {processor.py:170} INFO - Processing /home/airflow/.local/lib/python3.8/site-packages/airflow/example_dags/example_xcom.py took 0.071 seconds
[2021-09-16 09:01:22,569] {processor.py:162} INFO - Started process (PID=434) to work on /home/airflow/.local/lib/python3.8/site-packages/airflow/example_dags/example_xcom.py
[2021-09-16 09:01:22,570] {processor.py:613} INFO - Processing file /home/airflow/.local/lib/python3.8/site-packages/airflow/example_dags/example_xcom.py for tasks to queue
[2021-09-16 09:01:22,572] {logging_mixin.py:109} INFO - [2021-09-16 09:01:22,572] {dagbag.py:496} INFO - Filling up the DagBag from /home/airflow/.local/lib/python3.8/site-packages/airflow/example_dags/example_xcom.py
[2021-09-16 09:01:22,582] {processor.py:623} INFO - DAG(s) dict_keys(['example_xcom']) retrieved from /home/airflow/.local/lib/python3.8/site-packages/airflow/example_dags/example_xcom.py
[2021-09-16 09:01:22,602] {logging_mixin.py:109} INFO - [2021-09-16 09:01:22,602] {dag.py:1833} INFO - Sync 1 DAGs
[2021-09-16 09:01:22,614] {logging_mixin.py:109} INFO - [2021-09-16 09:01:22,614] {dag.py:2306} INFO - Setting next_dagrun for example_xcom to 2021-09-14 00:00:00+00:00
[2021-09-16 09:01:22,623] {processor.py:170} INFO - Processing /home/airflow/.local/lib/python3.8/site-packages/airflow/example_dags/example_xcom.py took 0.058 seconds
[2021-09-16 09:01:52,944] {processor.py:162} INFO - Started process (PID=482) to work on /home/airflow/.local/lib/python3.8/site-packages/airflow/example_dags/example_xcom.py
[2021-09-16 09:01:52,946] {processor.py:613} INFO - Processing file /home/airflow/.local/lib/python3.8/site-packages/airflow/example_dags/example_xcom.py for tasks to queue
[2021-09-16 09:01:52,947] {logging_mixin.py:109} INFO - [2021-09-16 09:01:52,947] {dagbag.py:496} INFO - Filling up the DagBag from /home/airflow/.local/lib/python3.8/site-packages/airflow/example_dags/example_xcom.py
[2021-09-16 09:01:52,959] {processor.py:623} INFO - DAG(s) dict_keys(['example_xcom']) retrieved from /home/airflow/.local/lib/python3.8/site-packages/airflow/example_dags/example_xcom.py
[2021-09-16 09:01:52,979] {logging_mixin.py:109} INFO - [2021-09-16 09:01:52,979] {dag.py:1833} INFO - Sync 1 DAGs
[2021-09-16 09:01:52,991] {logging_mixin.py:109} INFO - [2021-09-16 09:01:52,990] {dag.py:2306} INFO - Setting next_dagrun for example_xcom to 2021-09-14 00:00:00+00:00
[2021-09-16 09:01:52,999] {processor.py:170} INFO - Processing /home/airflow/.local/lib/python3.8/site-packages/airflow/example_dags/example_xcom.py took 0.058 seconds
[2021-09-16 09:02:23,256] {processor.py:162} INFO - Started process (PID=537) to work on /home/airflow/.local/lib/python3.8/site-packages/airflow/example_dags/example_xcom.py
[2021-09-16 09:02:23,257] {processor.py:613} INFO - Processing file /home/airflow/.local/lib/python3.8/site-packages/airflow/example_dags/example_xcom.py for tasks to queue
[2021-09-16 09:02:23,258] {logging_mixin.py:109} INFO - [2021-09-16 09:02:23,258] {dagbag.py:496} INFO - Filling up the DagBag from /home/airflow/.local/lib/python3.8/site-packages/airflow/example_dags/example_xcom.py
[2021-09-16 09:02:23,268] {processor.py:623} INFO - DAG(s) dict_keys(['example_xcom']) retrieved from /home/airflow/.local/lib/python3.8/site-packages/airflow/example_dags/example_xcom.py
[2021-09-16 09:02:23,288] {logging_mixin.py:109} INFO - [2021-09-16 09:02:23,288] {dag.py:1833} INFO - Sync 1 DAGs
[2021-09-16 09:02:23,300] {logging_mixin.py:109} INFO - [2021-09-16 09:02:23,300] {dag.py:2306} INFO - Setting next_dagrun for example_xcom to 2021-09-14 00:00:00+00:00
[2021-09-16 09:02:23,310] {processor.py:170} INFO - Processing /home/airflow/.local/lib/python3.8/site-packages/airflow/example_dags/example_xcom.py took 0.058 seconds
[2021-09-16 09:02:53,649] {processor.py:162} INFO - Started process (PID=593) to work on /home/airflow/.local/lib/python3.8/site-packages/airflow/example_dags/example_xcom.py
[2021-09-16 09:02:53,651] {processor.py:613} INFO - Processing file /home/airflow/.local/lib/python3.8/site-packages/airflow/example_dags/example_xcom.py for tasks to queue
[2021-09-16 09:02:53,652] {logging_mixin.py:109} INFO - [2021-09-16 09:02:53,652] {dagbag.py:496} INFO - Filling up the DagBag from /home/airflow/.local/lib/python3.8/site-packages/airflow/example_dags/example_xcom.py
[2021-09-16 09:02:53,664] {processor.py:623} INFO - DAG(s) dict_keys(['example_xcom']) retrieved from /home/airflow/.local/lib/python3.8/site-packages/airflow/example_dags/example_xcom.py
[2021-09-16 09:02:53,684] {logging_mixin.py:109} INFO - [2021-09-16 09:02:53,684] {dag.py:1833} INFO - Sync 1 DAGs
[2021-09-16 09:02:53,696] {logging_mixin.py:109} INFO - [2021-09-16 09:02:53,695] {dag.py:2306} INFO - Setting next_dagrun for example_xcom to 2021-09-14 00:00:00+00:00
[2021-09-16 09:02:53,704] {processor.py:170} INFO - Processing /home/airflow/.local/lib/python3.8/site-packages/airflow/example_dags/example_xcom.py took 0.058 seconds
[2021-09-16 09:03:24,005] {processor.py:162} INFO - Started process (PID=649) to work on /home/airflow/.local/lib/python3.8/site-packages/airflow/example_dags/example_xcom.py
[2021-09-16 09:03:24,006] {processor.py:613} INFO - Processing file /home/airflow/.local/lib/python3.8/site-packages/airflow/example_dags/example_xcom.py for tasks to queue
[2021-09-16 09:03:24,007] {logging_mixin.py:109} INFO - [2021-09-16 09:03:24,007] {dagbag.py:496} INFO - Filling up the DagBag from /home/airflow/.local/lib/python3.8/site-packages/airflow/example_dags/example_xcom.py
[2021-09-16 09:03:24,017] {processor.py:623} INFO - DAG(s) dict_keys(['example_xcom']) retrieved from /home/airflow/.local/lib/python3.8/site-packages/airflow/example_dags/example_xcom.py
[2021-09-16 09:03:24,038] {logging_mixin.py:109} INFO - [2021-09-16 09:03:24,038] {dag.py:1833} INFO - Sync 1 DAGs
[2021-09-16 09:03:24,049] {logging_mixin.py:109} INFO - [2021-09-16 09:03:24,049] {dag.py:2306} INFO - Setting next_dagrun for example_xcom to 2021-09-14 00:00:00+00:00
[2021-09-16 09:03:24,058] {processor.py:170} INFO - Processing /home/airflow/.local/lib/python3.8/site-packages/airflow/example_dags/example_xcom.py took 0.057 seconds
[2021-09-16 09:03:54,213] {processor.py:162} INFO - Started process (PID=696) to work on /home/airflow/.local/lib/python3.8/site-packages/airflow/example_dags/example_xcom.py
[2021-09-16 09:03:54,215] {processor.py:613} INFO - Processing file /home/airflow/.local/lib/python3.8/site-packages/airflow/example_dags/example_xcom.py for tasks to queue
[2021-09-16 09:03:54,216] {logging_mixin.py:109} INFO - [2021-09-16 09:03:54,216] {dagbag.py:496} INFO - Filling up the DagBag from /home/airflow/.local/lib/python3.8/site-packages/airflow/example_dags/example_xcom.py
[2021-09-16 09:03:54,227] {processor.py:623} INFO - DAG(s) dict_keys(['example_xcom']) retrieved from /home/airflow/.local/lib/python3.8/site-packages/airflow/example_dags/example_xcom.py
[2021-09-16 09:03:54,246] {logging_mixin.py:109} INFO - [2021-09-16 09:03:54,246] {dag.py:1833} INFO - Sync 1 DAGs
[2021-09-16 09:03:54,257] {logging_mixin.py:109} INFO - [2021-09-16 09:03:54,257] {dag.py:2306} INFO - Setting next_dagrun for example_xcom to 2021-09-14 00:00:00+00:00
[2021-09-16 09:03:54,266] {processor.py:170} INFO - Processing /home/airflow/.local/lib/python3.8/site-packages/airflow/example_dags/example_xcom.py took 0.056 seconds
[2021-09-16 09:04:24,505] {processor.py:162} INFO - Started process (PID=753) to work on /home/airflow/.local/lib/python3.8/site-packages/airflow/example_dags/example_xcom.py
[2021-09-16 09:04:24,506] {processor.py:613} INFO - Processing file /home/airflow/.local/lib/python3.8/site-packages/airflow/example_dags/example_xcom.py for tasks to queue
[2021-09-16 09:04:24,508] {logging_mixin.py:109} INFO - [2021-09-16 09:04:24,508] {dagbag.py:496} INFO - Filling up the DagBag from /home/airflow/.local/lib/python3.8/site-packages/airflow/example_dags/example_xcom.py
[2021-09-16 09:04:24,520] {processor.py:623} INFO - DAG(s) dict_keys(['example_xcom']) retrieved from /home/airflow/.local/lib/python3.8/site-packages/airflow/example_dags/example_xcom.py
[2021-09-16 09:04:24,540] {logging_mixin.py:109} INFO - [2021-09-16 09:04:24,540] {dag.py:1833} INFO - Sync 1 DAGs
[2021-09-16 09:04:24,550] {logging_mixin.py:109} INFO - [2021-09-16 09:04:24,550] {dag.py:2306} INFO - Setting next_dagrun for example_xcom to 2021-09-14 00:00:00+00:00
[2021-09-16 09:04:24,559] {processor.py:170} INFO - Processing /home/airflow/.local/lib/python3.8/site-packages/airflow/example_dags/example_xcom.py took 0.058 seconds
[2021-09-16 09:04:54,671] {processor.py:162} INFO - Started process (PID=810) to work on /home/airflow/.local/lib/python3.8/site-packages/airflow/example_dags/example_xcom.py
[2021-09-16 09:04:54,672] {processor.py:613} INFO - Processing file /home/airflow/.local/lib/python3.8/site-packages/airflow/example_dags/example_xcom.py for tasks to queue
[2021-09-16 09:04:54,673] {logging_mixin.py:109} INFO - [2021-09-16 09:04:54,673] {dagbag.py:496} INFO - Filling up the DagBag from /home/airflow/.local/lib/python3.8/site-packages/airflow/example_dags/example_xcom.py
[2021-09-16 09:04:54,686] {processor.py:623} INFO - DAG(s) dict_keys(['example_xcom']) retrieved from /home/airflow/.local/lib/python3.8/site-packages/airflow/example_dags/example_xcom.py
[2021-09-16 09:04:54,705] {logging_mixin.py:109} INFO - [2021-09-16 09:04:54,705] {dag.py:1833} INFO - Sync 1 DAGs
[2021-09-16 09:04:54,717] {logging_mixin.py:109} INFO - [2021-09-16 09:04:54,717] {dag.py:2306} INFO - Setting next_dagrun for example_xcom to 2021-09-14 00:00:00+00:00
[2021-09-16 09:04:54,725] {processor.py:170} INFO - Processing /home/airflow/.local/lib/python3.8/site-packages/airflow/example_dags/example_xcom.py took 0.058 seconds
[2021-09-16 09:05:24,893] {processor.py:162} INFO - Started process (PID=858) to work on /home/airflow/.local/lib/python3.8/site-packages/airflow/example_dags/example_xcom.py
[2021-09-16 09:05:24,897] {processor.py:613} INFO - Processing file /home/airflow/.local/lib/python3.8/site-packages/airflow/example_dags/example_xcom.py for tasks to queue
[2021-09-16 09:05:24,898] {logging_mixin.py:109} INFO - [2021-09-16 09:05:24,898] {dagbag.py:496} INFO - Filling up the DagBag from /home/airflow/.local/lib/python3.8/site-packages/airflow/example_dags/example_xcom.py
[2021-09-16 09:05:24,908] {processor.py:623} INFO - DAG(s) dict_keys(['example_xcom']) retrieved from /home/airflow/.local/lib/python3.8/site-packages/airflow/example_dags/example_xcom.py
[2021-09-16 09:05:24,926] {logging_mixin.py:109} INFO - [2021-09-16 09:05:24,926] {dag.py:1833} INFO - Sync 1 DAGs
[2021-09-16 09:05:24,937] {logging_mixin.py:109} INFO - [2021-09-16 09:05:24,937] {dag.py:2306} INFO - Setting next_dagrun for example_xcom to 2021-09-14 00:00:00+00:00
[2021-09-16 09:05:24,946] {processor.py:170} INFO - Processing /home/airflow/.local/lib/python3.8/site-packages/airflow/example_dags/example_xcom.py took 0.056 seconds
[2021-09-16 09:05:55,280] {processor.py:162} INFO - Started process (PID=913) to work on /home/airflow/.local/lib/python3.8/site-packages/airflow/example_dags/example_xcom.py
[2021-09-16 09:05:55,281] {processor.py:613} INFO - Processing file /home/airflow/.local/lib/python3.8/site-packages/airflow/example_dags/example_xcom.py for tasks to queue
[2021-09-16 09:05:55,282] {logging_mixin.py:109} INFO - [2021-09-16 09:05:55,282] {dagbag.py:496} INFO - Filling up the DagBag from /home/airflow/.local/lib/python3.8/site-packages/airflow/example_dags/example_xcom.py
[2021-09-16 09:05:55,292] {processor.py:623} INFO - DAG(s) dict_keys(['example_xcom']) retrieved from /home/airflow/.local/lib/python3.8/site-packages/airflow/example_dags/example_xcom.py
[2021-09-16 09:05:55,310] {logging_mixin.py:109} INFO - [2021-09-16 09:05:55,310] {dag.py:1833} INFO - Sync 1 DAGs
[2021-09-16 09:05:55,321] {logging_mixin.py:109} INFO - [2021-09-16 09:05:55,321] {dag.py:2306} INFO - Setting next_dagrun for example_xcom to 2021-09-14 00:00:00+00:00
[2021-09-16 09:05:55,329] {processor.py:170} INFO - Processing /home/airflow/.local/lib/python3.8/site-packages/airflow/example_dags/example_xcom.py took 0.052 seconds
[2021-09-16 09:06:25,599] {processor.py:162} INFO - Started process (PID=969) to work on /home/airflow/.local/lib/python3.8/site-packages/airflow/example_dags/example_xcom.py
[2021-09-16 09:06:25,600] {processor.py:613} INFO - Processing file /home/airflow/.local/lib/python3.8/site-packages/airflow/example_dags/example_xcom.py for tasks to queue
[2021-09-16 09:06:25,602] {logging_mixin.py:109} INFO - [2021-09-16 09:06:25,602] {dagbag.py:496} INFO - Filling up the DagBag from /home/airflow/.local/lib/python3.8/site-packages/airflow/example_dags/example_xcom.py
[2021-09-16 09:06:25,614] {processor.py:623} INFO - DAG(s) dict_keys(['example_xcom']) retrieved from /home/airflow/.local/lib/python3.8/site-packages/airflow/example_dags/example_xcom.py
[2021-09-16 09:06:25,634] {logging_mixin.py:109} INFO - [2021-09-16 09:06:25,634] {dag.py:1833} INFO - Sync 1 DAGs
[2021-09-16 09:06:25,646] {logging_mixin.py:109} INFO - [2021-09-16 09:06:25,646] {dag.py:2306} INFO - Setting next_dagrun for example_xcom to 2021-09-14 00:00:00+00:00
[2021-09-16 09:06:25,654] {processor.py:170} INFO - Processing /home/airflow/.local/lib/python3.8/site-packages/airflow/example_dags/example_xcom.py took 0.059 seconds
[2021-09-16 09:06:55,765] {processor.py:162} INFO - Started process (PID=1017) to work on /home/airflow/.local/lib/python3.8/site-packages/airflow/example_dags/example_xcom.py
[2021-09-16 09:06:55,767] {processor.py:613} INFO - Processing file /home/airflow/.local/lib/python3.8/site-packages/airflow/example_dags/example_xcom.py for tasks to queue
[2021-09-16 09:06:55,768] {logging_mixin.py:109} INFO - [2021-09-16 09:06:55,768] {dagbag.py:496} INFO - Filling up the DagBag from /home/airflow/.local/lib/python3.8/site-packages/airflow/example_dags/example_xcom.py
[2021-09-16 09:06:55,779] {processor.py:623} INFO - DAG(s) dict_keys(['example_xcom']) retrieved from /home/airflow/.local/lib/python3.8/site-packages/airflow/example_dags/example_xcom.py
[2021-09-16 09:06:55,806] {logging_mixin.py:109} INFO - [2021-09-16 09:06:55,805] {dag.py:1833} INFO - Sync 1 DAGs
[2021-09-16 09:06:55,817] {logging_mixin.py:109} INFO - [2021-09-16 09:06:55,817] {dag.py:2306} INFO - Setting next_dagrun for example_xcom to 2021-09-14 00:00:00+00:00
[2021-09-16 09:06:55,825] {processor.py:170} INFO - Processing /home/airflow/.local/lib/python3.8/site-packages/airflow/example_dags/example_xcom.py took 0.064 seconds
[2021-09-16 09:07:26,027] {processor.py:162} INFO - Started process (PID=1072) to work on /home/airflow/.local/lib/python3.8/site-packages/airflow/example_dags/example_xcom.py
[2021-09-16 09:07:26,032] {processor.py:613} INFO - Processing file /home/airflow/.local/lib/python3.8/site-packages/airflow/example_dags/example_xcom.py for tasks to queue
[2021-09-16 09:07:26,033] {logging_mixin.py:109} INFO - [2021-09-16 09:07:26,033] {dagbag.py:496} INFO - Filling up the DagBag from /home/airflow/.local/lib/python3.8/site-packages/airflow/example_dags/example_xcom.py
[2021-09-16 09:07:26,045] {processor.py:623} INFO - DAG(s) dict_keys(['example_xcom']) retrieved from /home/airflow/.local/lib/python3.8/site-packages/airflow/example_dags/example_xcom.py
[2021-09-16 09:07:26,065] {logging_mixin.py:109} INFO - [2021-09-16 09:07:26,065] {dag.py:1833} INFO - Sync 1 DAGs
[2021-09-16 09:07:26,076] {logging_mixin.py:109} INFO - [2021-09-16 09:07:26,076] {dag.py:2306} INFO - Setting next_dagrun for example_xcom to 2021-09-14 00:00:00+00:00
[2021-09-16 09:07:26,085] {processor.py:170} INFO - Processing /home/airflow/.local/lib/python3.8/site-packages/airflow/example_dags/example_xcom.py took 0.061 seconds
[2021-09-16 09:07:56,544] {processor.py:162} INFO - Started process (PID=1127) to work on /home/airflow/.local/lib/python3.8/site-packages/airflow/example_dags/example_xcom.py
[2021-09-16 09:07:56,546] {processor.py:613} INFO - Processing file /home/airflow/.local/lib/python3.8/site-packages/airflow/example_dags/example_xcom.py for tasks to queue
[2021-09-16 09:07:56,547] {logging_mixin.py:109} INFO - [2021-09-16 09:07:56,547] {dagbag.py:496} INFO - Filling up the DagBag from /home/airflow/.local/lib/python3.8/site-packages/airflow/example_dags/example_xcom.py
[2021-09-16 09:07:56,559] {processor.py:623} INFO - DAG(s) dict_keys(['example_xcom']) retrieved from /home/airflow/.local/lib/python3.8/site-packages/airflow/example_dags/example_xcom.py
[2021-09-16 09:07:56,598] {logging_mixin.py:109} INFO - [2021-09-16 09:07:56,598] {dag.py:1833} INFO - Sync 1 DAGs
[2021-09-16 09:07:56,610] {logging_mixin.py:109} INFO - [2021-09-16 09:07:56,610] {dag.py:2306} INFO - Setting next_dagrun for example_xcom to 2021-09-14 00:00:00+00:00
[2021-09-16 09:07:56,617] {processor.py:170} INFO - Processing /home/airflow/.local/lib/python3.8/site-packages/airflow/example_dags/example_xcom.py took 0.076 seconds
[2021-09-16 09:08:26,930] {processor.py:162} INFO - Started process (PID=1184) to work on /home/airflow/.local/lib/python3.8/site-packages/airflow/example_dags/example_xcom.py
[2021-09-16 09:08:26,932] {processor.py:613} INFO - Processing file /home/airflow/.local/lib/python3.8/site-packages/airflow/example_dags/example_xcom.py for tasks to queue
[2021-09-16 09:08:26,933] {logging_mixin.py:109} INFO - [2021-09-16 09:08:26,933] {dagbag.py:496} INFO - Filling up the DagBag from /home/airflow/.local/lib/python3.8/site-packages/airflow/example_dags/example_xcom.py
[2021-09-16 09:08:26,948] {processor.py:623} INFO - DAG(s) dict_keys(['example_xcom']) retrieved from /home/airflow/.local/lib/python3.8/site-packages/airflow/example_dags/example_xcom.py
[2021-09-16 09:08:26,970] {logging_mixin.py:109} INFO - [2021-09-16 09:08:26,970] {dag.py:1833} INFO - Sync 1 DAGs
[2021-09-16 09:08:26,982] {logging_mixin.py:109} INFO - [2021-09-16 09:08:26,982] {dag.py:2306} INFO - Setting next_dagrun for example_xcom to 2021-09-14 00:00:00+00:00
[2021-09-16 09:08:26,994] {processor.py:170} INFO - Processing /home/airflow/.local/lib/python3.8/site-packages/airflow/example_dags/example_xcom.py took 0.069 seconds
[2021-09-16 09:08:57,351] {processor.py:162} INFO - Started process (PID=1232) to work on /home/airflow/.local/lib/python3.8/site-packages/airflow/example_dags/example_xcom.py
[2021-09-16 09:08:57,353] {processor.py:613} INFO - Processing file /home/airflow/.local/lib/python3.8/site-packages/airflow/example_dags/example_xcom.py for tasks to queue
[2021-09-16 09:08:57,354] {logging_mixin.py:109} INFO - [2021-09-16 09:08:57,354] {dagbag.py:496} INFO - Filling up the DagBag from /home/airflow/.local/lib/python3.8/site-packages/airflow/example_dags/example_xcom.py
[2021-09-16 09:08:57,365] {processor.py:623} INFO - DAG(s) dict_keys(['example_xcom']) retrieved from /home/airflow/.local/lib/python3.8/site-packages/airflow/example_dags/example_xcom.py
[2021-09-16 09:08:57,382] {logging_mixin.py:109} INFO - [2021-09-16 09:08:57,382] {dag.py:1833} INFO - Sync 1 DAGs
[2021-09-16 09:08:57,393] {logging_mixin.py:109} INFO - [2021-09-16 09:08:57,393] {dag.py:2306} INFO - Setting next_dagrun for example_xcom to 2021-09-14 00:00:00+00:00
[2021-09-16 09:08:57,400] {processor.py:170} INFO - Processing /home/airflow/.local/lib/python3.8/site-packages/airflow/example_dags/example_xcom.py took 0.052 seconds
[2021-09-16 09:09:27,718] {processor.py:162} INFO - Started process (PID=1287) to work on /home/airflow/.local/lib/python3.8/site-packages/airflow/example_dags/example_xcom.py
[2021-09-16 09:09:27,719] {processor.py:613} INFO - Processing file /home/airflow/.local/lib/python3.8/site-packages/airflow/example_dags/example_xcom.py for tasks to queue
[2021-09-16 09:09:27,720] {logging_mixin.py:109} INFO - [2021-09-16 09:09:27,720] {dagbag.py:496} INFO - Filling up the DagBag from /home/airflow/.local/lib/python3.8/site-packages/airflow/example_dags/example_xcom.py
[2021-09-16 09:09:27,732] {processor.py:623} INFO - DAG(s) dict_keys(['example_xcom']) retrieved from /home/airflow/.local/lib/python3.8/site-packages/airflow/example_dags/example_xcom.py
[2021-09-16 09:09:27,752] {logging_mixin.py:109} INFO - [2021-09-16 09:09:27,752] {dag.py:1833} INFO - Sync 1 DAGs
[2021-09-16 09:09:27,763] {logging_mixin.py:109} INFO - [2021-09-16 09:09:27,763] {dag.py:2306} INFO - Setting next_dagrun for example_xcom to 2021-09-14 00:00:00+00:00
[2021-09-16 09:09:27,771] {processor.py:170} INFO - Processing /home/airflow/.local/lib/python3.8/site-packages/airflow/example_dags/example_xcom.py took 0.057 seconds
[2021-09-16 09:09:58,063] {processor.py:162} INFO - Started process (PID=1344) to work on /home/airflow/.local/lib/python3.8/site-packages/airflow/example_dags/example_xcom.py
[2021-09-16 09:09:58,064] {processor.py:613} INFO - Processing file /home/airflow/.local/lib/python3.8/site-packages/airflow/example_dags/example_xcom.py for tasks to queue
[2021-09-16 09:09:58,065] {logging_mixin.py:109} INFO - [2021-09-16 09:09:58,065] {dagbag.py:496} INFO - Filling up the DagBag from /home/airflow/.local/lib/python3.8/site-packages/airflow/example_dags/example_xcom.py
[2021-09-16 09:09:58,076] {processor.py:623} INFO - DAG(s) dict_keys(['example_xcom']) retrieved from /home/airflow/.local/lib/python3.8/site-packages/airflow/example_dags/example_xcom.py
[2021-09-16 09:09:58,096] {logging_mixin.py:109} INFO - [2021-09-16 09:09:58,095] {dag.py:1833} INFO - Sync 1 DAGs
[2021-09-16 09:09:58,107] {logging_mixin.py:109} INFO - [2021-09-16 09:09:58,107] {dag.py:2306} INFO - Setting next_dagrun for example_xcom to 2021-09-14 00:00:00+00:00
[2021-09-16 09:09:58,117] {processor.py:170} INFO - Processing /home/airflow/.local/lib/python3.8/site-packages/airflow/example_dags/example_xcom.py took 0.057 seconds
[2021-09-16 09:10:28,448] {processor.py:162} INFO - Started process (PID=1391) to work on /home/airflow/.local/lib/python3.8/site-packages/airflow/example_dags/example_xcom.py
[2021-09-16 09:10:28,451] {processor.py:613} INFO - Processing file /home/airflow/.local/lib/python3.8/site-packages/airflow/example_dags/example_xcom.py for tasks to queue
[2021-09-16 09:10:28,453] {logging_mixin.py:109} INFO - [2021-09-16 09:10:28,453] {dagbag.py:496} INFO - Filling up the DagBag from /home/airflow/.local/lib/python3.8/site-packages/airflow/example_dags/example_xcom.py
[2021-09-16 09:10:28,467] {processor.py:623} INFO - DAG(s) dict_keys(['example_xcom']) retrieved from /home/airflow/.local/lib/python3.8/site-packages/airflow/example_dags/example_xcom.py
[2021-09-16 09:10:28,486] {logging_mixin.py:109} INFO - [2021-09-16 09:10:28,486] {dag.py:1833} INFO - Sync 1 DAGs
[2021-09-16 09:10:28,497] {logging_mixin.py:109} INFO - [2021-09-16 09:10:28,497] {dag.py:2306} INFO - Setting next_dagrun for example_xcom to 2021-09-14 00:00:00+00:00
[2021-09-16 09:10:28,505] {processor.py:170} INFO - Processing /home/airflow/.local/lib/python3.8/site-packages/airflow/example_dags/example_xcom.py took 0.061 seconds
[2021-09-16 09:10:59,082] {processor.py:162} INFO - Started process (PID=1446) to work on /home/airflow/.local/lib/python3.8/site-packages/airflow/example_dags/example_xcom.py
[2021-09-16 09:10:59,084] {processor.py:613} INFO - Processing file /home/airflow/.local/lib/python3.8/site-packages/airflow/example_dags/example_xcom.py for tasks to queue
[2021-09-16 09:10:59,085] {logging_mixin.py:109} INFO - [2021-09-16 09:10:59,085] {dagbag.py:496} INFO - Filling up the DagBag from /home/airflow/.local/lib/python3.8/site-packages/airflow/example_dags/example_xcom.py
[2021-09-16 09:10:59,098] {processor.py:623} INFO - DAG(s) dict_keys(['example_xcom']) retrieved from /home/airflow/.local/lib/python3.8/site-packages/airflow/example_dags/example_xcom.py
[2021-09-16 09:10:59,116] {logging_mixin.py:109} INFO - [2021-09-16 09:10:59,116] {dag.py:1833} INFO - Sync 1 DAGs
[2021-09-16 09:10:59,127] {logging_mixin.py:109} INFO - [2021-09-16 09:10:59,126] {dag.py:2306} INFO - Setting next_dagrun for example_xcom to 2021-09-14 00:00:00+00:00
[2021-09-16 09:10:59,135] {processor.py:170} INFO - Processing /home/airflow/.local/lib/python3.8/site-packages/airflow/example_dags/example_xcom.py took 0.057 seconds
[2021-09-16 09:11:29,594] {processor.py:162} INFO - Started process (PID=1504) to work on /home/airflow/.local/lib/python3.8/site-packages/airflow/example_dags/example_xcom.py
[2021-09-16 09:11:29,596] {processor.py:613} INFO - Processing file /home/airflow/.local/lib/python3.8/site-packages/airflow/example_dags/example_xcom.py for tasks to queue
[2021-09-16 09:11:29,597] {logging_mixin.py:109} INFO - [2021-09-16 09:11:29,597] {dagbag.py:496} INFO - Filling up the DagBag from /home/airflow/.local/lib/python3.8/site-packages/airflow/example_dags/example_xcom.py
[2021-09-16 09:11:29,610] {processor.py:623} INFO - DAG(s) dict_keys(['example_xcom']) retrieved from /home/airflow/.local/lib/python3.8/site-packages/airflow/example_dags/example_xcom.py
[2021-09-16 09:11:29,628] {logging_mixin.py:109} INFO - [2021-09-16 09:11:29,628] {dag.py:1833} INFO - Sync 1 DAGs
[2021-09-16 09:11:29,640] {logging_mixin.py:109} INFO - [2021-09-16 09:11:29,640] {dag.py:2306} INFO - Setting next_dagrun for example_xcom to 2021-09-14 00:00:00+00:00
[2021-09-16 09:11:29,648] {processor.py:170} INFO - Processing /home/airflow/.local/lib/python3.8/site-packages/airflow/example_dags/example_xcom.py took 0.058 seconds
[2021-09-16 09:12:00,049] {processor.py:162} INFO - Started process (PID=1559) to work on /home/airflow/.local/lib/python3.8/site-packages/airflow/example_dags/example_xcom.py
[2021-09-16 09:12:00,051] {processor.py:613} INFO - Processing file /home/airflow/.local/lib/python3.8/site-packages/airflow/example_dags/example_xcom.py for tasks to queue
[2021-09-16 09:12:00,052] {logging_mixin.py:109} INFO - [2021-09-16 09:12:00,052] {dagbag.py:496} INFO - Filling up the DagBag from /home/airflow/.local/lib/python3.8/site-packages/airflow/example_dags/example_xcom.py
[2021-09-16 09:12:00,064] {processor.py:623} INFO - DAG(s) dict_keys(['example_xcom']) retrieved from /home/airflow/.local/lib/python3.8/site-packages/airflow/example_dags/example_xcom.py
[2021-09-16 09:12:00,081] {logging_mixin.py:109} INFO - [2021-09-16 09:12:00,080] {dag.py:1833} INFO - Sync 1 DAGs
[2021-09-16 09:12:00,092] {logging_mixin.py:109} INFO - [2021-09-16 09:12:00,092] {dag.py:2306} INFO - Setting next_dagrun for example_xcom to 2021-09-14 00:00:00+00:00
[2021-09-16 09:12:00,100] {processor.py:170} INFO - Processing /home/airflow/.local/lib/python3.8/site-packages/airflow/example_dags/example_xcom.py took 0.055 seconds
[2021-09-16 09:12:30,538] {processor.py:162} INFO - Started process (PID=1606) to work on /home/airflow/.local/lib/python3.8/site-packages/airflow/example_dags/example_xcom.py
[2021-09-16 09:12:30,540] {processor.py:613} INFO - Processing file /home/airflow/.local/lib/python3.8/site-packages/airflow/example_dags/example_xcom.py for tasks to queue
[2021-09-16 09:12:30,542] {logging_mixin.py:109} INFO - [2021-09-16 09:12:30,542] {dagbag.py:496} INFO - Filling up the DagBag from /home/airflow/.local/lib/python3.8/site-packages/airflow/example_dags/example_xcom.py
[2021-09-16 09:12:30,553] {processor.py:623} INFO - DAG(s) dict_keys(['example_xcom']) retrieved from /home/airflow/.local/lib/python3.8/site-packages/airflow/example_dags/example_xcom.py
[2021-09-16 09:12:30,573] {logging_mixin.py:109} INFO - [2021-09-16 09:12:30,573] {dag.py:1833} INFO - Sync 1 DAGs
[2021-09-16 09:12:30,586] {logging_mixin.py:109} INFO - [2021-09-16 09:12:30,586] {dag.py:2306} INFO - Setting next_dagrun for example_xcom to 2021-09-14 00:00:00+00:00
[2021-09-16 09:12:30,606] {processor.py:170} INFO - Processing /home/airflow/.local/lib/python3.8/site-packages/airflow/example_dags/example_xcom.py took 0.070 seconds
[2021-09-16 09:13:00,995] {processor.py:162} INFO - Started process (PID=1663) to work on /home/airflow/.local/lib/python3.8/site-packages/airflow/example_dags/example_xcom.py
[2021-09-16 09:13:00,999] {processor.py:613} INFO - Processing file /home/airflow/.local/lib/python3.8/site-packages/airflow/example_dags/example_xcom.py for tasks to queue
[2021-09-16 09:13:01,000] {logging_mixin.py:109} INFO - [2021-09-16 09:13:01,000] {dagbag.py:496} INFO - Filling up the DagBag from /home/airflow/.local/lib/python3.8/site-packages/airflow/example_dags/example_xcom.py
[2021-09-16 09:13:01,012] {processor.py:623} INFO - DAG(s) dict_keys(['example_xcom']) retrieved from /home/airflow/.local/lib/python3.8/site-packages/airflow/example_dags/example_xcom.py
[2021-09-16 09:13:01,032] {logging_mixin.py:109} INFO - [2021-09-16 09:13:01,032] {dag.py:1833} INFO - Sync 1 DAGs
[2021-09-16 09:13:01,043] {logging_mixin.py:109} INFO - [2021-09-16 09:13:01,043] {dag.py:2306} INFO - Setting next_dagrun for example_xcom to 2021-09-14 00:00:00+00:00
[2021-09-16 09:13:01,053] {processor.py:170} INFO - Processing /home/airflow/.local/lib/python3.8/site-packages/airflow/example_dags/example_xcom.py took 0.061 seconds
[2021-09-16 09:13:31,487] {processor.py:162} INFO - Started process (PID=1718) to work on /home/airflow/.local/lib/python3.8/site-packages/airflow/example_dags/example_xcom.py
[2021-09-16 09:13:31,489] {processor.py:613} INFO - Processing file /home/airflow/.local/lib/python3.8/site-packages/airflow/example_dags/example_xcom.py for tasks to queue
[2021-09-16 09:13:31,491] {logging_mixin.py:109} INFO - [2021-09-16 09:13:31,491] {dagbag.py:496} INFO - Filling up the DagBag from /home/airflow/.local/lib/python3.8/site-packages/airflow/example_dags/example_xcom.py
[2021-09-16 09:13:31,502] {processor.py:623} INFO - DAG(s) dict_keys(['example_xcom']) retrieved from /home/airflow/.local/lib/python3.8/site-packages/airflow/example_dags/example_xcom.py
[2021-09-16 09:13:31,524] {logging_mixin.py:109} INFO - [2021-09-16 09:13:31,524] {dag.py:1833} INFO - Sync 1 DAGs
[2021-09-16 09:13:31,540] {logging_mixin.py:109} INFO - [2021-09-16 09:13:31,540] {dag.py:2306} INFO - Setting next_dagrun for example_xcom to 2021-09-14 00:00:00+00:00
[2021-09-16 09:13:31,551] {processor.py:170} INFO - Processing /home/airflow/.local/lib/python3.8/site-packages/airflow/example_dags/example_xcom.py took 0.068 seconds
[2021-09-16 09:14:01,762] {processor.py:162} INFO - Started process (PID=1766) to work on /home/airflow/.local/lib/python3.8/site-packages/airflow/example_dags/example_xcom.py
[2021-09-16 09:14:01,763] {processor.py:613} INFO - Processing file /home/airflow/.local/lib/python3.8/site-packages/airflow/example_dags/example_xcom.py for tasks to queue
[2021-09-16 09:14:01,764] {logging_mixin.py:109} INFO - [2021-09-16 09:14:01,764] {dagbag.py:496} INFO - Filling up the DagBag from /home/airflow/.local/lib/python3.8/site-packages/airflow/example_dags/example_xcom.py
[2021-09-16 09:14:01,776] {processor.py:623} INFO - DAG(s) dict_keys(['example_xcom']) retrieved from /home/airflow/.local/lib/python3.8/site-packages/airflow/example_dags/example_xcom.py
[2021-09-16 09:14:01,795] {logging_mixin.py:109} INFO - [2021-09-16 09:14:01,795] {dag.py:1833} INFO - Sync 1 DAGs
[2021-09-16 09:14:01,807] {logging_mixin.py:109} INFO - [2021-09-16 09:14:01,807] {dag.py:2306} INFO - Setting next_dagrun for example_xcom to 2021-09-14 00:00:00+00:00
[2021-09-16 09:14:01,816] {processor.py:170} INFO - Processing /home/airflow/.local/lib/python3.8/site-packages/airflow/example_dags/example_xcom.py took 0.058 seconds
[2021-09-16 09:14:31,918] {processor.py:162} INFO - Started process (PID=1821) to work on /home/airflow/.local/lib/python3.8/site-packages/airflow/example_dags/example_xcom.py
[2021-09-16 09:14:31,920] {processor.py:613} INFO - Processing file /home/airflow/.local/lib/python3.8/site-packages/airflow/example_dags/example_xcom.py for tasks to queue
[2021-09-16 09:14:31,922] {logging_mixin.py:109} INFO - [2021-09-16 09:14:31,922] {dagbag.py:496} INFO - Filling up the DagBag from /home/airflow/.local/lib/python3.8/site-packages/airflow/example_dags/example_xcom.py
[2021-09-16 09:14:31,934] {processor.py:623} INFO - DAG(s) dict_keys(['example_xcom']) retrieved from /home/airflow/.local/lib/python3.8/site-packages/airflow/example_dags/example_xcom.py
[2021-09-16 09:14:31,954] {logging_mixin.py:109} INFO - [2021-09-16 09:14:31,954] {dag.py:1833} INFO - Sync 1 DAGs
[2021-09-16 09:14:31,965] {logging_mixin.py:109} INFO - [2021-09-16 09:14:31,965] {dag.py:2306} INFO - Setting next_dagrun for example_xcom to 2021-09-14 00:00:00+00:00
[2021-09-16 09:14:31,995] {processor.py:170} INFO - Processing /home/airflow/.local/lib/python3.8/site-packages/airflow/example_dags/example_xcom.py took 0.080 seconds
[2021-09-16 09:15:02,171] {processor.py:162} INFO - Started process (PID=1876) to work on /home/airflow/.local/lib/python3.8/site-packages/airflow/example_dags/example_xcom.py
[2021-09-16 09:15:02,173] {processor.py:613} INFO - Processing file /home/airflow/.local/lib/python3.8/site-packages/airflow/example_dags/example_xcom.py for tasks to queue
[2021-09-16 09:15:02,175] {logging_mixin.py:109} INFO - [2021-09-16 09:15:02,175] {dagbag.py:496} INFO - Filling up the DagBag from /home/airflow/.local/lib/python3.8/site-packages/airflow/example_dags/example_xcom.py
[2021-09-16 09:15:02,187] {processor.py:623} INFO - DAG(s) dict_keys(['example_xcom']) retrieved from /home/airflow/.local/lib/python3.8/site-packages/airflow/example_dags/example_xcom.py
[2021-09-16 09:15:02,213] {logging_mixin.py:109} INFO - [2021-09-16 09:15:02,213] {dag.py:1833} INFO - Sync 1 DAGs
[2021-09-16 09:15:02,231] {logging_mixin.py:109} INFO - [2021-09-16 09:15:02,231] {dag.py:2306} INFO - Setting next_dagrun for example_xcom to 2021-09-14 00:00:00+00:00
[2021-09-16 09:15:02,242] {processor.py:170} INFO - Processing /home/airflow/.local/lib/python3.8/site-packages/airflow/example_dags/example_xcom.py took 0.074 seconds
[2021-09-16 09:15:32,536] {processor.py:162} INFO - Started process (PID=1933) to work on /home/airflow/.local/lib/python3.8/site-packages/airflow/example_dags/example_xcom.py
[2021-09-16 09:15:32,538] {processor.py:613} INFO - Processing file /home/airflow/.local/lib/python3.8/site-packages/airflow/example_dags/example_xcom.py for tasks to queue
[2021-09-16 09:15:32,539] {logging_mixin.py:109} INFO - [2021-09-16 09:15:32,539] {dagbag.py:496} INFO - Filling up the DagBag from /home/airflow/.local/lib/python3.8/site-packages/airflow/example_dags/example_xcom.py
[2021-09-16 09:15:32,550] {processor.py:623} INFO - DAG(s) dict_keys(['example_xcom']) retrieved from /home/airflow/.local/lib/python3.8/site-packages/airflow/example_dags/example_xcom.py
[2021-09-16 09:15:32,573] {logging_mixin.py:109} INFO - [2021-09-16 09:15:32,573] {dag.py:1833} INFO - Sync 1 DAGs
[2021-09-16 09:15:32,585] {logging_mixin.py:109} INFO - [2021-09-16 09:15:32,585] {dag.py:2306} INFO - Setting next_dagrun for example_xcom to 2021-09-14 00:00:00+00:00
[2021-09-16 09:15:32,595] {processor.py:170} INFO - Processing /home/airflow/.local/lib/python3.8/site-packages/airflow/example_dags/example_xcom.py took 0.062 seconds
[2021-09-16 09:16:02,921] {processor.py:162} INFO - Started process (PID=1980) to work on /home/airflow/.local/lib/python3.8/site-packages/airflow/example_dags/example_xcom.py
[2021-09-16 09:16:02,923] {processor.py:613} INFO - Processing file /home/airflow/.local/lib/python3.8/site-packages/airflow/example_dags/example_xcom.py for tasks to queue
[2021-09-16 09:16:02,924] {logging_mixin.py:109} INFO - [2021-09-16 09:16:02,924] {dagbag.py:496} INFO - Filling up the DagBag from /home/airflow/.local/lib/python3.8/site-packages/airflow/example_dags/example_xcom.py
[2021-09-16 09:16:02,935] {processor.py:623} INFO - DAG(s) dict_keys(['example_xcom']) retrieved from /home/airflow/.local/lib/python3.8/site-packages/airflow/example_dags/example_xcom.py
[2021-09-16 09:16:02,953] {logging_mixin.py:109} INFO - [2021-09-16 09:16:02,953] {dag.py:1833} INFO - Sync 1 DAGs
[2021-09-16 09:16:02,966] {logging_mixin.py:109} INFO - [2021-09-16 09:16:02,966] {dag.py:2306} INFO - Setting next_dagrun for example_xcom to 2021-09-14 00:00:00+00:00
[2021-09-16 09:16:02,975] {processor.py:170} INFO - Processing /home/airflow/.local/lib/python3.8/site-packages/airflow/example_dags/example_xcom.py took 0.057 seconds
