[2021-09-16 08:37:45,560] {processor.py:162} INFO - Started process (PID=104) to work on /home/airflow/.local/lib/python3.8/site-packages/airflow/example_dags/example_external_task_marker_dag.py
[2021-09-16 08:37:45,562] {processor.py:613} INFO - Processing file /home/airflow/.local/lib/python3.8/site-packages/airflow/example_dags/example_external_task_marker_dag.py for tasks to queue
[2021-09-16 08:37:45,564] {logging_mixin.py:109} INFO - [2021-09-16 08:37:45,563] {dagbag.py:496} INFO - Filling up the DagBag from /home/airflow/.local/lib/python3.8/site-packages/airflow/example_dags/example_external_task_marker_dag.py
[2021-09-16 08:37:45,579] {processor.py:623} INFO - DAG(s) dict_keys(['example_external_task_marker_parent', 'example_external_task_marker_child']) retrieved from /home/airflow/.local/lib/python3.8/site-packages/airflow/example_dags/example_external_task_marker_dag.py
[2021-09-16 08:37:47,174] {logging_mixin.py:109} INFO - [2021-09-16 08:37:47,173] {dag.py:1833} INFO - Sync 2 DAGs
[2021-09-16 08:37:47,180] {logging_mixin.py:109} INFO - [2021-09-16 08:37:47,180] {dag.py:1852} INFO - Creating ORM DAG for example_external_task_marker_child
[2021-09-16 08:37:47,181] {logging_mixin.py:109} INFO - [2021-09-16 08:37:47,181] {dag.py:1852} INFO - Creating ORM DAG for example_external_task_marker_parent
[2021-09-16 08:37:47,185] {logging_mixin.py:109} INFO - [2021-09-16 08:37:47,185] {dag.py:2306} INFO - Setting next_dagrun for example_external_task_marker_child to None
[2021-09-16 08:37:47,186] {logging_mixin.py:109} INFO - [2021-09-16 08:37:47,186] {dag.py:2306} INFO - Setting next_dagrun for example_external_task_marker_parent to None
[2021-09-16 08:37:47,197] {processor.py:170} INFO - Processing /home/airflow/.local/lib/python3.8/site-packages/airflow/example_dags/example_external_task_marker_dag.py took 1.640 seconds
[2021-09-16 08:38:17,736] {processor.py:162} INFO - Started process (PID=337) to work on /home/airflow/.local/lib/python3.8/site-packages/airflow/example_dags/example_external_task_marker_dag.py
[2021-09-16 08:38:17,737] {processor.py:613} INFO - Processing file /home/airflow/.local/lib/python3.8/site-packages/airflow/example_dags/example_external_task_marker_dag.py for tasks to queue
[2021-09-16 08:38:17,738] {logging_mixin.py:109} INFO - [2021-09-16 08:38:17,738] {dagbag.py:496} INFO - Filling up the DagBag from /home/airflow/.local/lib/python3.8/site-packages/airflow/example_dags/example_external_task_marker_dag.py
[2021-09-16 08:38:17,751] {processor.py:623} INFO - DAG(s) dict_keys(['example_external_task_marker_parent', 'example_external_task_marker_child']) retrieved from /home/airflow/.local/lib/python3.8/site-packages/airflow/example_dags/example_external_task_marker_dag.py
[2021-09-16 08:38:17,775] {logging_mixin.py:109} INFO - [2021-09-16 08:38:17,775] {dag.py:1833} INFO - Sync 2 DAGs
[2021-09-16 08:38:17,789] {logging_mixin.py:109} INFO - [2021-09-16 08:38:17,789] {dag.py:2306} INFO - Setting next_dagrun for example_external_task_marker_child to None
[2021-09-16 08:38:17,790] {logging_mixin.py:109} INFO - [2021-09-16 08:38:17,790] {dag.py:2306} INFO - Setting next_dagrun for example_external_task_marker_parent to None
[2021-09-16 08:38:17,800] {processor.py:170} INFO - Processing /home/airflow/.local/lib/python3.8/site-packages/airflow/example_dags/example_external_task_marker_dag.py took 0.067 seconds
[2021-09-16 08:38:48,339] {processor.py:162} INFO - Started process (PID=393) to work on /home/airflow/.local/lib/python3.8/site-packages/airflow/example_dags/example_external_task_marker_dag.py
[2021-09-16 08:38:48,340] {processor.py:613} INFO - Processing file /home/airflow/.local/lib/python3.8/site-packages/airflow/example_dags/example_external_task_marker_dag.py for tasks to queue
[2021-09-16 08:38:48,341] {logging_mixin.py:109} INFO - [2021-09-16 08:38:48,341] {dagbag.py:496} INFO - Filling up the DagBag from /home/airflow/.local/lib/python3.8/site-packages/airflow/example_dags/example_external_task_marker_dag.py
[2021-09-16 08:38:48,353] {processor.py:623} INFO - DAG(s) dict_keys(['example_external_task_marker_parent', 'example_external_task_marker_child']) retrieved from /home/airflow/.local/lib/python3.8/site-packages/airflow/example_dags/example_external_task_marker_dag.py
[2021-09-16 08:38:48,376] {logging_mixin.py:109} INFO - [2021-09-16 08:38:48,376] {dag.py:1833} INFO - Sync 2 DAGs
[2021-09-16 08:38:48,390] {logging_mixin.py:109} INFO - [2021-09-16 08:38:48,390] {dag.py:2306} INFO - Setting next_dagrun for example_external_task_marker_child to None
[2021-09-16 08:38:48,392] {logging_mixin.py:109} INFO - [2021-09-16 08:38:48,392] {dag.py:2306} INFO - Setting next_dagrun for example_external_task_marker_parent to None
[2021-09-16 08:38:48,401] {processor.py:170} INFO - Processing /home/airflow/.local/lib/python3.8/site-packages/airflow/example_dags/example_external_task_marker_dag.py took 0.065 seconds
[2021-09-16 08:39:18,496] {processor.py:162} INFO - Started process (PID=440) to work on /home/airflow/.local/lib/python3.8/site-packages/airflow/example_dags/example_external_task_marker_dag.py
[2021-09-16 08:39:18,498] {processor.py:613} INFO - Processing file /home/airflow/.local/lib/python3.8/site-packages/airflow/example_dags/example_external_task_marker_dag.py for tasks to queue
[2021-09-16 08:39:18,499] {logging_mixin.py:109} INFO - [2021-09-16 08:39:18,499] {dagbag.py:496} INFO - Filling up the DagBag from /home/airflow/.local/lib/python3.8/site-packages/airflow/example_dags/example_external_task_marker_dag.py
[2021-09-16 08:39:18,512] {processor.py:623} INFO - DAG(s) dict_keys(['example_external_task_marker_parent', 'example_external_task_marker_child']) retrieved from /home/airflow/.local/lib/python3.8/site-packages/airflow/example_dags/example_external_task_marker_dag.py
[2021-09-16 08:39:18,536] {logging_mixin.py:109} INFO - [2021-09-16 08:39:18,536] {dag.py:1833} INFO - Sync 2 DAGs
[2021-09-16 08:39:18,556] {logging_mixin.py:109} INFO - [2021-09-16 08:39:18,556] {dag.py:2306} INFO - Setting next_dagrun for example_external_task_marker_child to None
[2021-09-16 08:39:18,558] {logging_mixin.py:109} INFO - [2021-09-16 08:39:18,558] {dag.py:2306} INFO - Setting next_dagrun for example_external_task_marker_parent to None
[2021-09-16 08:39:18,568] {processor.py:170} INFO - Processing /home/airflow/.local/lib/python3.8/site-packages/airflow/example_dags/example_external_task_marker_dag.py took 0.075 seconds
[2021-09-16 08:39:48,618] {processor.py:162} INFO - Started process (PID=499) to work on /home/airflow/.local/lib/python3.8/site-packages/airflow/example_dags/example_external_task_marker_dag.py
[2021-09-16 08:39:48,620] {processor.py:613} INFO - Processing file /home/airflow/.local/lib/python3.8/site-packages/airflow/example_dags/example_external_task_marker_dag.py for tasks to queue
[2021-09-16 08:39:48,621] {logging_mixin.py:109} INFO - [2021-09-16 08:39:48,621] {dagbag.py:496} INFO - Filling up the DagBag from /home/airflow/.local/lib/python3.8/site-packages/airflow/example_dags/example_external_task_marker_dag.py
[2021-09-16 08:39:48,634] {processor.py:623} INFO - DAG(s) dict_keys(['example_external_task_marker_parent', 'example_external_task_marker_child']) retrieved from /home/airflow/.local/lib/python3.8/site-packages/airflow/example_dags/example_external_task_marker_dag.py
[2021-09-16 08:39:48,660] {logging_mixin.py:109} INFO - [2021-09-16 08:39:48,659] {dag.py:1833} INFO - Sync 2 DAGs
[2021-09-16 08:39:48,673] {logging_mixin.py:109} INFO - [2021-09-16 08:39:48,673] {dag.py:2306} INFO - Setting next_dagrun for example_external_task_marker_child to None
[2021-09-16 08:39:48,675] {logging_mixin.py:109} INFO - [2021-09-16 08:39:48,675] {dag.py:2306} INFO - Setting next_dagrun for example_external_task_marker_parent to None
[2021-09-16 08:39:48,685] {processor.py:170} INFO - Processing /home/airflow/.local/lib/python3.8/site-packages/airflow/example_dags/example_external_task_marker_dag.py took 0.071 seconds
[2021-09-16 08:59:54,183] {processor.py:162} INFO - Started process (PID=104) to work on /home/airflow/.local/lib/python3.8/site-packages/airflow/example_dags/example_external_task_marker_dag.py
[2021-09-16 08:59:54,185] {processor.py:613} INFO - Processing file /home/airflow/.local/lib/python3.8/site-packages/airflow/example_dags/example_external_task_marker_dag.py for tasks to queue
[2021-09-16 08:59:54,186] {logging_mixin.py:109} INFO - [2021-09-16 08:59:54,186] {dagbag.py:496} INFO - Filling up the DagBag from /home/airflow/.local/lib/python3.8/site-packages/airflow/example_dags/example_external_task_marker_dag.py
[2021-09-16 08:59:54,199] {processor.py:623} INFO - DAG(s) dict_keys(['example_external_task_marker_parent', 'example_external_task_marker_child']) retrieved from /home/airflow/.local/lib/python3.8/site-packages/airflow/example_dags/example_external_task_marker_dag.py
[2021-09-16 08:59:55,804] {logging_mixin.py:109} INFO - [2021-09-16 08:59:55,804] {dag.py:1833} INFO - Sync 2 DAGs
[2021-09-16 08:59:55,810] {logging_mixin.py:109} INFO - [2021-09-16 08:59:55,810] {dag.py:1852} INFO - Creating ORM DAG for example_external_task_marker_child
[2021-09-16 08:59:55,811] {logging_mixin.py:109} INFO - [2021-09-16 08:59:55,811] {dag.py:1852} INFO - Creating ORM DAG for example_external_task_marker_parent
[2021-09-16 08:59:55,815] {logging_mixin.py:109} INFO - [2021-09-16 08:59:55,815] {dag.py:2306} INFO - Setting next_dagrun for example_external_task_marker_child to None
[2021-09-16 08:59:55,816] {logging_mixin.py:109} INFO - [2021-09-16 08:59:55,816] {dag.py:2306} INFO - Setting next_dagrun for example_external_task_marker_parent to None
[2021-09-16 08:59:55,826] {processor.py:170} INFO - Processing /home/airflow/.local/lib/python3.8/site-packages/airflow/example_dags/example_external_task_marker_dag.py took 1.645 seconds
[2021-09-16 09:00:25,957] {processor.py:162} INFO - Started process (PID=336) to work on /home/airflow/.local/lib/python3.8/site-packages/airflow/example_dags/example_external_task_marker_dag.py
[2021-09-16 09:00:25,959] {processor.py:613} INFO - Processing file /home/airflow/.local/lib/python3.8/site-packages/airflow/example_dags/example_external_task_marker_dag.py for tasks to queue
[2021-09-16 09:00:25,960] {logging_mixin.py:109} INFO - [2021-09-16 09:00:25,960] {dagbag.py:496} INFO - Filling up the DagBag from /home/airflow/.local/lib/python3.8/site-packages/airflow/example_dags/example_external_task_marker_dag.py
[2021-09-16 09:00:25,973] {processor.py:623} INFO - DAG(s) dict_keys(['example_external_task_marker_parent', 'example_external_task_marker_child']) retrieved from /home/airflow/.local/lib/python3.8/site-packages/airflow/example_dags/example_external_task_marker_dag.py
[2021-09-16 09:00:25,997] {logging_mixin.py:109} INFO - [2021-09-16 09:00:25,997] {dag.py:1833} INFO - Sync 2 DAGs
[2021-09-16 09:00:26,012] {logging_mixin.py:109} INFO - [2021-09-16 09:00:26,012] {dag.py:2306} INFO - Setting next_dagrun for example_external_task_marker_child to None
[2021-09-16 09:00:26,014] {logging_mixin.py:109} INFO - [2021-09-16 09:00:26,013] {dag.py:2306} INFO - Setting next_dagrun for example_external_task_marker_parent to None
[2021-09-16 09:00:26,025] {processor.py:170} INFO - Processing /home/airflow/.local/lib/python3.8/site-packages/airflow/example_dags/example_external_task_marker_dag.py took 0.071 seconds
[2021-09-16 09:00:56,634] {processor.py:162} INFO - Started process (PID=383) to work on /home/airflow/.local/lib/python3.8/site-packages/airflow/example_dags/example_external_task_marker_dag.py
[2021-09-16 09:00:56,636] {processor.py:613} INFO - Processing file /home/airflow/.local/lib/python3.8/site-packages/airflow/example_dags/example_external_task_marker_dag.py for tasks to queue
[2021-09-16 09:00:56,637] {logging_mixin.py:109} INFO - [2021-09-16 09:00:56,637] {dagbag.py:496} INFO - Filling up the DagBag from /home/airflow/.local/lib/python3.8/site-packages/airflow/example_dags/example_external_task_marker_dag.py
[2021-09-16 09:00:56,649] {processor.py:623} INFO - DAG(s) dict_keys(['example_external_task_marker_parent', 'example_external_task_marker_child']) retrieved from /home/airflow/.local/lib/python3.8/site-packages/airflow/example_dags/example_external_task_marker_dag.py
[2021-09-16 09:00:56,671] {logging_mixin.py:109} INFO - [2021-09-16 09:00:56,671] {dag.py:1833} INFO - Sync 2 DAGs
[2021-09-16 09:00:56,683] {logging_mixin.py:109} INFO - [2021-09-16 09:00:56,683] {dag.py:2306} INFO - Setting next_dagrun for example_external_task_marker_child to None
[2021-09-16 09:00:56,684] {logging_mixin.py:109} INFO - [2021-09-16 09:00:56,684] {dag.py:2306} INFO - Setting next_dagrun for example_external_task_marker_parent to None
[2021-09-16 09:00:56,693] {processor.py:170} INFO - Processing /home/airflow/.local/lib/python3.8/site-packages/airflow/example_dags/example_external_task_marker_dag.py took 0.062 seconds
[2021-09-16 09:01:26,820] {processor.py:162} INFO - Started process (PID=440) to work on /home/airflow/.local/lib/python3.8/site-packages/airflow/example_dags/example_external_task_marker_dag.py
[2021-09-16 09:01:26,822] {processor.py:613} INFO - Processing file /home/airflow/.local/lib/python3.8/site-packages/airflow/example_dags/example_external_task_marker_dag.py for tasks to queue
[2021-09-16 09:01:26,823] {logging_mixin.py:109} INFO - [2021-09-16 09:01:26,823] {dagbag.py:496} INFO - Filling up the DagBag from /home/airflow/.local/lib/python3.8/site-packages/airflow/example_dags/example_external_task_marker_dag.py
[2021-09-16 09:01:26,834] {processor.py:623} INFO - DAG(s) dict_keys(['example_external_task_marker_parent', 'example_external_task_marker_child']) retrieved from /home/airflow/.local/lib/python3.8/site-packages/airflow/example_dags/example_external_task_marker_dag.py
[2021-09-16 09:01:26,855] {logging_mixin.py:109} INFO - [2021-09-16 09:01:26,855] {dag.py:1833} INFO - Sync 2 DAGs
[2021-09-16 09:01:26,867] {logging_mixin.py:109} INFO - [2021-09-16 09:01:26,867] {dag.py:2306} INFO - Setting next_dagrun for example_external_task_marker_child to None
[2021-09-16 09:01:26,868] {logging_mixin.py:109} INFO - [2021-09-16 09:01:26,868] {dag.py:2306} INFO - Setting next_dagrun for example_external_task_marker_parent to None
[2021-09-16 09:01:26,877] {processor.py:170} INFO - Processing /home/airflow/.local/lib/python3.8/site-packages/airflow/example_dags/example_external_task_marker_dag.py took 0.060 seconds
[2021-09-16 09:01:57,128] {processor.py:162} INFO - Started process (PID=496) to work on /home/airflow/.local/lib/python3.8/site-packages/airflow/example_dags/example_external_task_marker_dag.py
[2021-09-16 09:01:57,130] {processor.py:613} INFO - Processing file /home/airflow/.local/lib/python3.8/site-packages/airflow/example_dags/example_external_task_marker_dag.py for tasks to queue
[2021-09-16 09:01:57,132] {logging_mixin.py:109} INFO - [2021-09-16 09:01:57,131] {dagbag.py:496} INFO - Filling up the DagBag from /home/airflow/.local/lib/python3.8/site-packages/airflow/example_dags/example_external_task_marker_dag.py
[2021-09-16 09:01:57,143] {processor.py:623} INFO - DAG(s) dict_keys(['example_external_task_marker_parent', 'example_external_task_marker_child']) retrieved from /home/airflow/.local/lib/python3.8/site-packages/airflow/example_dags/example_external_task_marker_dag.py
[2021-09-16 09:01:57,166] {logging_mixin.py:109} INFO - [2021-09-16 09:01:57,166] {dag.py:1833} INFO - Sync 2 DAGs
[2021-09-16 09:01:57,178] {logging_mixin.py:109} INFO - [2021-09-16 09:01:57,178] {dag.py:2306} INFO - Setting next_dagrun for example_external_task_marker_child to None
[2021-09-16 09:01:57,180] {logging_mixin.py:109} INFO - [2021-09-16 09:01:57,180] {dag.py:2306} INFO - Setting next_dagrun for example_external_task_marker_parent to None
[2021-09-16 09:01:57,188] {processor.py:170} INFO - Processing /home/airflow/.local/lib/python3.8/site-packages/airflow/example_dags/example_external_task_marker_dag.py took 0.063 seconds
[2021-09-16 09:02:27,540] {processor.py:162} INFO - Started process (PID=552) to work on /home/airflow/.local/lib/python3.8/site-packages/airflow/example_dags/example_external_task_marker_dag.py
[2021-09-16 09:02:27,541] {processor.py:613} INFO - Processing file /home/airflow/.local/lib/python3.8/site-packages/airflow/example_dags/example_external_task_marker_dag.py for tasks to queue
[2021-09-16 09:02:27,542] {logging_mixin.py:109} INFO - [2021-09-16 09:02:27,542] {dagbag.py:496} INFO - Filling up the DagBag from /home/airflow/.local/lib/python3.8/site-packages/airflow/example_dags/example_external_task_marker_dag.py
[2021-09-16 09:02:27,554] {processor.py:623} INFO - DAG(s) dict_keys(['example_external_task_marker_parent', 'example_external_task_marker_child']) retrieved from /home/airflow/.local/lib/python3.8/site-packages/airflow/example_dags/example_external_task_marker_dag.py
[2021-09-16 09:02:27,575] {logging_mixin.py:109} INFO - [2021-09-16 09:02:27,575] {dag.py:1833} INFO - Sync 2 DAGs
[2021-09-16 09:02:27,586] {logging_mixin.py:109} INFO - [2021-09-16 09:02:27,586] {dag.py:2306} INFO - Setting next_dagrun for example_external_task_marker_child to None
[2021-09-16 09:02:27,588] {logging_mixin.py:109} INFO - [2021-09-16 09:02:27,588] {dag.py:2306} INFO - Setting next_dagrun for example_external_task_marker_parent to None
[2021-09-16 09:02:27,598] {processor.py:170} INFO - Processing /home/airflow/.local/lib/python3.8/site-packages/airflow/example_dags/example_external_task_marker_dag.py took 0.063 seconds
[2021-09-16 09:02:57,835] {processor.py:162} INFO - Started process (PID=599) to work on /home/airflow/.local/lib/python3.8/site-packages/airflow/example_dags/example_external_task_marker_dag.py
[2021-09-16 09:02:57,837] {processor.py:613} INFO - Processing file /home/airflow/.local/lib/python3.8/site-packages/airflow/example_dags/example_external_task_marker_dag.py for tasks to queue
[2021-09-16 09:02:57,838] {logging_mixin.py:109} INFO - [2021-09-16 09:02:57,838] {dagbag.py:496} INFO - Filling up the DagBag from /home/airflow/.local/lib/python3.8/site-packages/airflow/example_dags/example_external_task_marker_dag.py
[2021-09-16 09:02:57,848] {processor.py:623} INFO - DAG(s) dict_keys(['example_external_task_marker_parent', 'example_external_task_marker_child']) retrieved from /home/airflow/.local/lib/python3.8/site-packages/airflow/example_dags/example_external_task_marker_dag.py
[2021-09-16 09:02:57,871] {logging_mixin.py:109} INFO - [2021-09-16 09:02:57,870] {dag.py:1833} INFO - Sync 2 DAGs
[2021-09-16 09:02:57,882] {logging_mixin.py:109} INFO - [2021-09-16 09:02:57,882] {dag.py:2306} INFO - Setting next_dagrun for example_external_task_marker_child to None
[2021-09-16 09:02:57,884] {logging_mixin.py:109} INFO - [2021-09-16 09:02:57,884] {dag.py:2306} INFO - Setting next_dagrun for example_external_task_marker_parent to None
[2021-09-16 09:02:57,894] {processor.py:170} INFO - Processing /home/airflow/.local/lib/python3.8/site-packages/airflow/example_dags/example_external_task_marker_dag.py took 0.062 seconds
[2021-09-16 09:03:28,229] {processor.py:162} INFO - Started process (PID=655) to work on /home/airflow/.local/lib/python3.8/site-packages/airflow/example_dags/example_external_task_marker_dag.py
[2021-09-16 09:03:28,230] {processor.py:613} INFO - Processing file /home/airflow/.local/lib/python3.8/site-packages/airflow/example_dags/example_external_task_marker_dag.py for tasks to queue
[2021-09-16 09:03:28,231] {logging_mixin.py:109} INFO - [2021-09-16 09:03:28,231] {dagbag.py:496} INFO - Filling up the DagBag from /home/airflow/.local/lib/python3.8/site-packages/airflow/example_dags/example_external_task_marker_dag.py
[2021-09-16 09:03:28,242] {processor.py:623} INFO - DAG(s) dict_keys(['example_external_task_marker_parent', 'example_external_task_marker_child']) retrieved from /home/airflow/.local/lib/python3.8/site-packages/airflow/example_dags/example_external_task_marker_dag.py
[2021-09-16 09:03:28,262] {logging_mixin.py:109} INFO - [2021-09-16 09:03:28,262] {dag.py:1833} INFO - Sync 2 DAGs
[2021-09-16 09:03:28,274] {logging_mixin.py:109} INFO - [2021-09-16 09:03:28,274] {dag.py:2306} INFO - Setting next_dagrun for example_external_task_marker_child to None
[2021-09-16 09:03:28,276] {logging_mixin.py:109} INFO - [2021-09-16 09:03:28,276] {dag.py:2306} INFO - Setting next_dagrun for example_external_task_marker_parent to None
[2021-09-16 09:03:28,286] {processor.py:170} INFO - Processing /home/airflow/.local/lib/python3.8/site-packages/airflow/example_dags/example_external_task_marker_dag.py took 0.060 seconds
[2021-09-16 09:03:58,470] {processor.py:162} INFO - Started process (PID=710) to work on /home/airflow/.local/lib/python3.8/site-packages/airflow/example_dags/example_external_task_marker_dag.py
[2021-09-16 09:03:58,471] {processor.py:613} INFO - Processing file /home/airflow/.local/lib/python3.8/site-packages/airflow/example_dags/example_external_task_marker_dag.py for tasks to queue
[2021-09-16 09:03:58,473] {logging_mixin.py:109} INFO - [2021-09-16 09:03:58,472] {dagbag.py:496} INFO - Filling up the DagBag from /home/airflow/.local/lib/python3.8/site-packages/airflow/example_dags/example_external_task_marker_dag.py
[2021-09-16 09:03:58,484] {processor.py:623} INFO - DAG(s) dict_keys(['example_external_task_marker_parent', 'example_external_task_marker_child']) retrieved from /home/airflow/.local/lib/python3.8/site-packages/airflow/example_dags/example_external_task_marker_dag.py
[2021-09-16 09:03:58,506] {logging_mixin.py:109} INFO - [2021-09-16 09:03:58,506] {dag.py:1833} INFO - Sync 2 DAGs
[2021-09-16 09:03:58,518] {logging_mixin.py:109} INFO - [2021-09-16 09:03:58,518] {dag.py:2306} INFO - Setting next_dagrun for example_external_task_marker_child to None
[2021-09-16 09:03:58,519] {logging_mixin.py:109} INFO - [2021-09-16 09:03:58,519] {dag.py:2306} INFO - Setting next_dagrun for example_external_task_marker_parent to None
[2021-09-16 09:03:58,527] {processor.py:170} INFO - Processing /home/airflow/.local/lib/python3.8/site-packages/airflow/example_dags/example_external_task_marker_dag.py took 0.061 seconds
[2021-09-16 09:04:28,680] {processor.py:162} INFO - Started process (PID=759) to work on /home/airflow/.local/lib/python3.8/site-packages/airflow/example_dags/example_external_task_marker_dag.py
[2021-09-16 09:04:28,682] {processor.py:613} INFO - Processing file /home/airflow/.local/lib/python3.8/site-packages/airflow/example_dags/example_external_task_marker_dag.py for tasks to queue
[2021-09-16 09:04:28,683] {logging_mixin.py:109} INFO - [2021-09-16 09:04:28,683] {dagbag.py:496} INFO - Filling up the DagBag from /home/airflow/.local/lib/python3.8/site-packages/airflow/example_dags/example_external_task_marker_dag.py
[2021-09-16 09:04:28,693] {processor.py:623} INFO - DAG(s) dict_keys(['example_external_task_marker_parent', 'example_external_task_marker_child']) retrieved from /home/airflow/.local/lib/python3.8/site-packages/airflow/example_dags/example_external_task_marker_dag.py
[2021-09-16 09:04:28,713] {logging_mixin.py:109} INFO - [2021-09-16 09:04:28,712] {dag.py:1833} INFO - Sync 2 DAGs
[2021-09-16 09:04:28,724] {logging_mixin.py:109} INFO - [2021-09-16 09:04:28,724] {dag.py:2306} INFO - Setting next_dagrun for example_external_task_marker_child to None
[2021-09-16 09:04:28,725] {logging_mixin.py:109} INFO - [2021-09-16 09:04:28,725] {dag.py:2306} INFO - Setting next_dagrun for example_external_task_marker_parent to None
[2021-09-16 09:04:28,733] {processor.py:170} INFO - Processing /home/airflow/.local/lib/python3.8/site-packages/airflow/example_dags/example_external_task_marker_dag.py took 0.056 seconds
[2021-09-16 09:04:58,867] {processor.py:162} INFO - Started process (PID=816) to work on /home/airflow/.local/lib/python3.8/site-packages/airflow/example_dags/example_external_task_marker_dag.py
[2021-09-16 09:04:58,868] {processor.py:613} INFO - Processing file /home/airflow/.local/lib/python3.8/site-packages/airflow/example_dags/example_external_task_marker_dag.py for tasks to queue
[2021-09-16 09:04:58,869] {logging_mixin.py:109} INFO - [2021-09-16 09:04:58,869] {dagbag.py:496} INFO - Filling up the DagBag from /home/airflow/.local/lib/python3.8/site-packages/airflow/example_dags/example_external_task_marker_dag.py
[2021-09-16 09:04:58,879] {processor.py:623} INFO - DAG(s) dict_keys(['example_external_task_marker_parent', 'example_external_task_marker_child']) retrieved from /home/airflow/.local/lib/python3.8/site-packages/airflow/example_dags/example_external_task_marker_dag.py
[2021-09-16 09:04:58,898] {logging_mixin.py:109} INFO - [2021-09-16 09:04:58,898] {dag.py:1833} INFO - Sync 2 DAGs
[2021-09-16 09:04:58,911] {logging_mixin.py:109} INFO - [2021-09-16 09:04:58,911] {dag.py:2306} INFO - Setting next_dagrun for example_external_task_marker_child to None
[2021-09-16 09:04:58,912] {logging_mixin.py:109} INFO - [2021-09-16 09:04:58,912] {dag.py:2306} INFO - Setting next_dagrun for example_external_task_marker_parent to None
[2021-09-16 09:04:58,920] {processor.py:170} INFO - Processing /home/airflow/.local/lib/python3.8/site-packages/airflow/example_dags/example_external_task_marker_dag.py took 0.057 seconds
[2021-09-16 09:05:29,095] {processor.py:162} INFO - Started process (PID=871) to work on /home/airflow/.local/lib/python3.8/site-packages/airflow/example_dags/example_external_task_marker_dag.py
[2021-09-16 09:05:29,097] {processor.py:613} INFO - Processing file /home/airflow/.local/lib/python3.8/site-packages/airflow/example_dags/example_external_task_marker_dag.py for tasks to queue
[2021-09-16 09:05:29,098] {logging_mixin.py:109} INFO - [2021-09-16 09:05:29,098] {dagbag.py:496} INFO - Filling up the DagBag from /home/airflow/.local/lib/python3.8/site-packages/airflow/example_dags/example_external_task_marker_dag.py
[2021-09-16 09:05:29,109] {processor.py:623} INFO - DAG(s) dict_keys(['example_external_task_marker_parent', 'example_external_task_marker_child']) retrieved from /home/airflow/.local/lib/python3.8/site-packages/airflow/example_dags/example_external_task_marker_dag.py
[2021-09-16 09:05:29,134] {logging_mixin.py:109} INFO - [2021-09-16 09:05:29,134] {dag.py:1833} INFO - Sync 2 DAGs
[2021-09-16 09:05:29,146] {logging_mixin.py:109} INFO - [2021-09-16 09:05:29,146] {dag.py:2306} INFO - Setting next_dagrun for example_external_task_marker_child to None
[2021-09-16 09:05:29,148] {logging_mixin.py:109} INFO - [2021-09-16 09:05:29,148] {dag.py:2306} INFO - Setting next_dagrun for example_external_task_marker_parent to None
[2021-09-16 09:05:29,158] {processor.py:170} INFO - Processing /home/airflow/.local/lib/python3.8/site-packages/airflow/example_dags/example_external_task_marker_dag.py took 0.065 seconds
[2021-09-16 09:05:59,431] {processor.py:162} INFO - Started process (PID=918) to work on /home/airflow/.local/lib/python3.8/site-packages/airflow/example_dags/example_external_task_marker_dag.py
[2021-09-16 09:05:59,432] {processor.py:613} INFO - Processing file /home/airflow/.local/lib/python3.8/site-packages/airflow/example_dags/example_external_task_marker_dag.py for tasks to queue
[2021-09-16 09:05:59,433] {logging_mixin.py:109} INFO - [2021-09-16 09:05:59,433] {dagbag.py:496} INFO - Filling up the DagBag from /home/airflow/.local/lib/python3.8/site-packages/airflow/example_dags/example_external_task_marker_dag.py
[2021-09-16 09:05:59,443] {processor.py:623} INFO - DAG(s) dict_keys(['example_external_task_marker_parent', 'example_external_task_marker_child']) retrieved from /home/airflow/.local/lib/python3.8/site-packages/airflow/example_dags/example_external_task_marker_dag.py
[2021-09-16 09:05:59,463] {logging_mixin.py:109} INFO - [2021-09-16 09:05:59,463] {dag.py:1833} INFO - Sync 2 DAGs
[2021-09-16 09:05:59,474] {logging_mixin.py:109} INFO - [2021-09-16 09:05:59,474] {dag.py:2306} INFO - Setting next_dagrun for example_external_task_marker_child to None
[2021-09-16 09:05:59,476] {logging_mixin.py:109} INFO - [2021-09-16 09:05:59,475] {dag.py:2306} INFO - Setting next_dagrun for example_external_task_marker_parent to None
[2021-09-16 09:05:59,484] {processor.py:170} INFO - Processing /home/airflow/.local/lib/python3.8/site-packages/airflow/example_dags/example_external_task_marker_dag.py took 0.056 seconds
[2021-09-16 09:06:29,740] {processor.py:162} INFO - Started process (PID=974) to work on /home/airflow/.local/lib/python3.8/site-packages/airflow/example_dags/example_external_task_marker_dag.py
[2021-09-16 09:06:29,741] {processor.py:613} INFO - Processing file /home/airflow/.local/lib/python3.8/site-packages/airflow/example_dags/example_external_task_marker_dag.py for tasks to queue
[2021-09-16 09:06:29,742] {logging_mixin.py:109} INFO - [2021-09-16 09:06:29,742] {dagbag.py:496} INFO - Filling up the DagBag from /home/airflow/.local/lib/python3.8/site-packages/airflow/example_dags/example_external_task_marker_dag.py
[2021-09-16 09:06:29,752] {processor.py:623} INFO - DAG(s) dict_keys(['example_external_task_marker_parent', 'example_external_task_marker_child']) retrieved from /home/airflow/.local/lib/python3.8/site-packages/airflow/example_dags/example_external_task_marker_dag.py
[2021-09-16 09:06:29,771] {logging_mixin.py:109} INFO - [2021-09-16 09:06:29,771] {dag.py:1833} INFO - Sync 2 DAGs
[2021-09-16 09:06:29,782] {logging_mixin.py:109} INFO - [2021-09-16 09:06:29,782] {dag.py:2306} INFO - Setting next_dagrun for example_external_task_marker_child to None
[2021-09-16 09:06:29,783] {logging_mixin.py:109} INFO - [2021-09-16 09:06:29,783] {dag.py:2306} INFO - Setting next_dagrun for example_external_task_marker_parent to None
[2021-09-16 09:06:29,794] {processor.py:170} INFO - Processing /home/airflow/.local/lib/python3.8/site-packages/airflow/example_dags/example_external_task_marker_dag.py took 0.057 seconds
[2021-09-16 09:06:59,844] {processor.py:162} INFO - Started process (PID=1030) to work on /home/airflow/.local/lib/python3.8/site-packages/airflow/example_dags/example_external_task_marker_dag.py
[2021-09-16 09:06:59,846] {processor.py:613} INFO - Processing file /home/airflow/.local/lib/python3.8/site-packages/airflow/example_dags/example_external_task_marker_dag.py for tasks to queue
[2021-09-16 09:06:59,847] {logging_mixin.py:109} INFO - [2021-09-16 09:06:59,847] {dagbag.py:496} INFO - Filling up the DagBag from /home/airflow/.local/lib/python3.8/site-packages/airflow/example_dags/example_external_task_marker_dag.py
[2021-09-16 09:06:59,858] {processor.py:623} INFO - DAG(s) dict_keys(['example_external_task_marker_parent', 'example_external_task_marker_child']) retrieved from /home/airflow/.local/lib/python3.8/site-packages/airflow/example_dags/example_external_task_marker_dag.py
[2021-09-16 09:06:59,879] {logging_mixin.py:109} INFO - [2021-09-16 09:06:59,878] {dag.py:1833} INFO - Sync 2 DAGs
[2021-09-16 09:06:59,890] {logging_mixin.py:109} INFO - [2021-09-16 09:06:59,890] {dag.py:2306} INFO - Setting next_dagrun for example_external_task_marker_child to None
[2021-09-16 09:06:59,892] {logging_mixin.py:109} INFO - [2021-09-16 09:06:59,892] {dag.py:2306} INFO - Setting next_dagrun for example_external_task_marker_parent to None
[2021-09-16 09:06:59,900] {processor.py:170} INFO - Processing /home/airflow/.local/lib/python3.8/site-packages/airflow/example_dags/example_external_task_marker_dag.py took 0.059 seconds
[2021-09-16 09:07:30,180] {processor.py:162} INFO - Started process (PID=1085) to work on /home/airflow/.local/lib/python3.8/site-packages/airflow/example_dags/example_external_task_marker_dag.py
[2021-09-16 09:07:30,181] {processor.py:613} INFO - Processing file /home/airflow/.local/lib/python3.8/site-packages/airflow/example_dags/example_external_task_marker_dag.py for tasks to queue
[2021-09-16 09:07:30,182] {logging_mixin.py:109} INFO - [2021-09-16 09:07:30,182] {dagbag.py:496} INFO - Filling up the DagBag from /home/airflow/.local/lib/python3.8/site-packages/airflow/example_dags/example_external_task_marker_dag.py
[2021-09-16 09:07:30,191] {processor.py:623} INFO - DAG(s) dict_keys(['example_external_task_marker_parent', 'example_external_task_marker_child']) retrieved from /home/airflow/.local/lib/python3.8/site-packages/airflow/example_dags/example_external_task_marker_dag.py
[2021-09-16 09:07:30,209] {logging_mixin.py:109} INFO - [2021-09-16 09:07:30,209] {dag.py:1833} INFO - Sync 2 DAGs
[2021-09-16 09:07:30,220] {logging_mixin.py:109} INFO - [2021-09-16 09:07:30,219] {dag.py:2306} INFO - Setting next_dagrun for example_external_task_marker_child to None
[2021-09-16 09:07:30,221] {logging_mixin.py:109} INFO - [2021-09-16 09:07:30,221] {dag.py:2306} INFO - Setting next_dagrun for example_external_task_marker_parent to None
[2021-09-16 09:07:30,228] {processor.py:170} INFO - Processing /home/airflow/.local/lib/python3.8/site-packages/airflow/example_dags/example_external_task_marker_dag.py took 0.052 seconds
[2021-09-16 09:08:00,627] {processor.py:162} INFO - Started process (PID=1132) to work on /home/airflow/.local/lib/python3.8/site-packages/airflow/example_dags/example_external_task_marker_dag.py
[2021-09-16 09:08:00,628] {processor.py:613} INFO - Processing file /home/airflow/.local/lib/python3.8/site-packages/airflow/example_dags/example_external_task_marker_dag.py for tasks to queue
[2021-09-16 09:08:00,630] {logging_mixin.py:109} INFO - [2021-09-16 09:08:00,629] {dagbag.py:496} INFO - Filling up the DagBag from /home/airflow/.local/lib/python3.8/site-packages/airflow/example_dags/example_external_task_marker_dag.py
[2021-09-16 09:08:00,641] {processor.py:623} INFO - DAG(s) dict_keys(['example_external_task_marker_parent', 'example_external_task_marker_child']) retrieved from /home/airflow/.local/lib/python3.8/site-packages/airflow/example_dags/example_external_task_marker_dag.py
[2021-09-16 09:08:00,663] {logging_mixin.py:109} INFO - [2021-09-16 09:08:00,663] {dag.py:1833} INFO - Sync 2 DAGs
[2021-09-16 09:08:00,675] {logging_mixin.py:109} INFO - [2021-09-16 09:08:00,675] {dag.py:2306} INFO - Setting next_dagrun for example_external_task_marker_child to None
[2021-09-16 09:08:00,677] {logging_mixin.py:109} INFO - [2021-09-16 09:08:00,677] {dag.py:2306} INFO - Setting next_dagrun for example_external_task_marker_parent to None
[2021-09-16 09:08:00,685] {processor.py:170} INFO - Processing /home/airflow/.local/lib/python3.8/site-packages/airflow/example_dags/example_external_task_marker_dag.py took 0.062 seconds
[2021-09-16 09:08:31,082] {processor.py:162} INFO - Started process (PID=1189) to work on /home/airflow/.local/lib/python3.8/site-packages/airflow/example_dags/example_external_task_marker_dag.py
[2021-09-16 09:08:31,083] {processor.py:613} INFO - Processing file /home/airflow/.local/lib/python3.8/site-packages/airflow/example_dags/example_external_task_marker_dag.py for tasks to queue
[2021-09-16 09:08:31,084] {logging_mixin.py:109} INFO - [2021-09-16 09:08:31,084] {dagbag.py:496} INFO - Filling up the DagBag from /home/airflow/.local/lib/python3.8/site-packages/airflow/example_dags/example_external_task_marker_dag.py
[2021-09-16 09:08:31,094] {processor.py:623} INFO - DAG(s) dict_keys(['example_external_task_marker_parent', 'example_external_task_marker_child']) retrieved from /home/airflow/.local/lib/python3.8/site-packages/airflow/example_dags/example_external_task_marker_dag.py
[2021-09-16 09:08:31,114] {logging_mixin.py:109} INFO - [2021-09-16 09:08:31,113] {dag.py:1833} INFO - Sync 2 DAGs
[2021-09-16 09:08:31,126] {logging_mixin.py:109} INFO - [2021-09-16 09:08:31,126] {dag.py:2306} INFO - Setting next_dagrun for example_external_task_marker_child to None
[2021-09-16 09:08:31,127] {logging_mixin.py:109} INFO - [2021-09-16 09:08:31,127] {dag.py:2306} INFO - Setting next_dagrun for example_external_task_marker_parent to None
[2021-09-16 09:08:31,136] {processor.py:170} INFO - Processing /home/airflow/.local/lib/python3.8/site-packages/airflow/example_dags/example_external_task_marker_dag.py took 0.057 seconds
[2021-09-16 09:09:01,483] {processor.py:162} INFO - Started process (PID=1245) to work on /home/airflow/.local/lib/python3.8/site-packages/airflow/example_dags/example_external_task_marker_dag.py
[2021-09-16 09:09:01,485] {processor.py:613} INFO - Processing file /home/airflow/.local/lib/python3.8/site-packages/airflow/example_dags/example_external_task_marker_dag.py for tasks to queue
[2021-09-16 09:09:01,486] {logging_mixin.py:109} INFO - [2021-09-16 09:09:01,486] {dagbag.py:496} INFO - Filling up the DagBag from /home/airflow/.local/lib/python3.8/site-packages/airflow/example_dags/example_external_task_marker_dag.py
[2021-09-16 09:09:01,497] {processor.py:623} INFO - DAG(s) dict_keys(['example_external_task_marker_parent', 'example_external_task_marker_child']) retrieved from /home/airflow/.local/lib/python3.8/site-packages/airflow/example_dags/example_external_task_marker_dag.py
[2021-09-16 09:09:01,521] {logging_mixin.py:109} INFO - [2021-09-16 09:09:01,521] {dag.py:1833} INFO - Sync 2 DAGs
[2021-09-16 09:09:01,533] {logging_mixin.py:109} INFO - [2021-09-16 09:09:01,533] {dag.py:2306} INFO - Setting next_dagrun for example_external_task_marker_child to None
[2021-09-16 09:09:01,535] {logging_mixin.py:109} INFO - [2021-09-16 09:09:01,535] {dag.py:2306} INFO - Setting next_dagrun for example_external_task_marker_parent to None
[2021-09-16 09:09:01,543] {processor.py:170} INFO - Processing /home/airflow/.local/lib/python3.8/site-packages/airflow/example_dags/example_external_task_marker_dag.py took 0.062 seconds
[2021-09-16 09:09:31,873] {processor.py:162} INFO - Started process (PID=1292) to work on /home/airflow/.local/lib/python3.8/site-packages/airflow/example_dags/example_external_task_marker_dag.py
[2021-09-16 09:09:31,874] {processor.py:613} INFO - Processing file /home/airflow/.local/lib/python3.8/site-packages/airflow/example_dags/example_external_task_marker_dag.py for tasks to queue
[2021-09-16 09:09:31,875] {logging_mixin.py:109} INFO - [2021-09-16 09:09:31,875] {dagbag.py:496} INFO - Filling up the DagBag from /home/airflow/.local/lib/python3.8/site-packages/airflow/example_dags/example_external_task_marker_dag.py
[2021-09-16 09:09:31,885] {processor.py:623} INFO - DAG(s) dict_keys(['example_external_task_marker_parent', 'example_external_task_marker_child']) retrieved from /home/airflow/.local/lib/python3.8/site-packages/airflow/example_dags/example_external_task_marker_dag.py
[2021-09-16 09:09:31,907] {logging_mixin.py:109} INFO - [2021-09-16 09:09:31,907] {dag.py:1833} INFO - Sync 2 DAGs
[2021-09-16 09:09:31,918] {logging_mixin.py:109} INFO - [2021-09-16 09:09:31,918] {dag.py:2306} INFO - Setting next_dagrun for example_external_task_marker_child to None
[2021-09-16 09:09:31,919] {logging_mixin.py:109} INFO - [2021-09-16 09:09:31,919] {dag.py:2306} INFO - Setting next_dagrun for example_external_task_marker_parent to None
[2021-09-16 09:09:31,927] {processor.py:170} INFO - Processing /home/airflow/.local/lib/python3.8/site-packages/airflow/example_dags/example_external_task_marker_dag.py took 0.057 seconds
[2021-09-16 09:10:02,246] {processor.py:162} INFO - Started process (PID=1349) to work on /home/airflow/.local/lib/python3.8/site-packages/airflow/example_dags/example_external_task_marker_dag.py
[2021-09-16 09:10:02,248] {processor.py:613} INFO - Processing file /home/airflow/.local/lib/python3.8/site-packages/airflow/example_dags/example_external_task_marker_dag.py for tasks to queue
[2021-09-16 09:10:02,249] {logging_mixin.py:109} INFO - [2021-09-16 09:10:02,249] {dagbag.py:496} INFO - Filling up the DagBag from /home/airflow/.local/lib/python3.8/site-packages/airflow/example_dags/example_external_task_marker_dag.py
[2021-09-16 09:10:02,259] {processor.py:623} INFO - DAG(s) dict_keys(['example_external_task_marker_parent', 'example_external_task_marker_child']) retrieved from /home/airflow/.local/lib/python3.8/site-packages/airflow/example_dags/example_external_task_marker_dag.py
[2021-09-16 09:10:02,281] {logging_mixin.py:109} INFO - [2021-09-16 09:10:02,281] {dag.py:1833} INFO - Sync 2 DAGs
[2021-09-16 09:10:02,293] {logging_mixin.py:109} INFO - [2021-09-16 09:10:02,293] {dag.py:2306} INFO - Setting next_dagrun for example_external_task_marker_child to None
[2021-09-16 09:10:02,294] {logging_mixin.py:109} INFO - [2021-09-16 09:10:02,294] {dag.py:2306} INFO - Setting next_dagrun for example_external_task_marker_parent to None
[2021-09-16 09:10:02,305] {processor.py:170} INFO - Processing /home/airflow/.local/lib/python3.8/site-packages/airflow/example_dags/example_external_task_marker_dag.py took 0.062 seconds
[2021-09-16 09:10:32,630] {processor.py:162} INFO - Started process (PID=1404) to work on /home/airflow/.local/lib/python3.8/site-packages/airflow/example_dags/example_external_task_marker_dag.py
[2021-09-16 09:10:32,632] {processor.py:613} INFO - Processing file /home/airflow/.local/lib/python3.8/site-packages/airflow/example_dags/example_external_task_marker_dag.py for tasks to queue
[2021-09-16 09:10:32,633] {logging_mixin.py:109} INFO - [2021-09-16 09:10:32,633] {dagbag.py:496} INFO - Filling up the DagBag from /home/airflow/.local/lib/python3.8/site-packages/airflow/example_dags/example_external_task_marker_dag.py
[2021-09-16 09:10:32,647] {processor.py:623} INFO - DAG(s) dict_keys(['example_external_task_marker_parent', 'example_external_task_marker_child']) retrieved from /home/airflow/.local/lib/python3.8/site-packages/airflow/example_dags/example_external_task_marker_dag.py
[2021-09-16 09:10:32,675] {logging_mixin.py:109} INFO - [2021-09-16 09:10:32,675] {dag.py:1833} INFO - Sync 2 DAGs
[2021-09-16 09:10:32,690] {logging_mixin.py:109} INFO - [2021-09-16 09:10:32,690] {dag.py:2306} INFO - Setting next_dagrun for example_external_task_marker_child to None
[2021-09-16 09:10:32,692] {logging_mixin.py:109} INFO - [2021-09-16 09:10:32,692] {dag.py:2306} INFO - Setting next_dagrun for example_external_task_marker_parent to None
[2021-09-16 09:10:32,705] {processor.py:170} INFO - Processing /home/airflow/.local/lib/python3.8/site-packages/airflow/example_dags/example_external_task_marker_dag.py took 0.078 seconds
[2021-09-16 09:11:03,274] {processor.py:162} INFO - Started process (PID=1460) to work on /home/airflow/.local/lib/python3.8/site-packages/airflow/example_dags/example_external_task_marker_dag.py
[2021-09-16 09:11:03,275] {processor.py:613} INFO - Processing file /home/airflow/.local/lib/python3.8/site-packages/airflow/example_dags/example_external_task_marker_dag.py for tasks to queue
[2021-09-16 09:11:03,276] {logging_mixin.py:109} INFO - [2021-09-16 09:11:03,276] {dagbag.py:496} INFO - Filling up the DagBag from /home/airflow/.local/lib/python3.8/site-packages/airflow/example_dags/example_external_task_marker_dag.py
[2021-09-16 09:11:03,286] {processor.py:623} INFO - DAG(s) dict_keys(['example_external_task_marker_parent', 'example_external_task_marker_child']) retrieved from /home/airflow/.local/lib/python3.8/site-packages/airflow/example_dags/example_external_task_marker_dag.py
[2021-09-16 09:11:03,307] {logging_mixin.py:109} INFO - [2021-09-16 09:11:03,307] {dag.py:1833} INFO - Sync 2 DAGs
[2021-09-16 09:11:03,321] {logging_mixin.py:109} INFO - [2021-09-16 09:11:03,321] {dag.py:2306} INFO - Setting next_dagrun for example_external_task_marker_child to None
[2021-09-16 09:11:03,323] {logging_mixin.py:109} INFO - [2021-09-16 09:11:03,323] {dag.py:2306} INFO - Setting next_dagrun for example_external_task_marker_parent to None
[2021-09-16 09:11:03,331] {processor.py:170} INFO - Processing /home/airflow/.local/lib/python3.8/site-packages/airflow/example_dags/example_external_task_marker_dag.py took 0.060 seconds
[2021-09-16 09:11:33,772] {processor.py:162} INFO - Started process (PID=1509) to work on /home/airflow/.local/lib/python3.8/site-packages/airflow/example_dags/example_external_task_marker_dag.py
[2021-09-16 09:11:33,774] {processor.py:613} INFO - Processing file /home/airflow/.local/lib/python3.8/site-packages/airflow/example_dags/example_external_task_marker_dag.py for tasks to queue
[2021-09-16 09:11:33,775] {logging_mixin.py:109} INFO - [2021-09-16 09:11:33,775] {dagbag.py:496} INFO - Filling up the DagBag from /home/airflow/.local/lib/python3.8/site-packages/airflow/example_dags/example_external_task_marker_dag.py
[2021-09-16 09:11:33,786] {processor.py:623} INFO - DAG(s) dict_keys(['example_external_task_marker_parent', 'example_external_task_marker_child']) retrieved from /home/airflow/.local/lib/python3.8/site-packages/airflow/example_dags/example_external_task_marker_dag.py
[2021-09-16 09:11:33,807] {logging_mixin.py:109} INFO - [2021-09-16 09:11:33,807] {dag.py:1833} INFO - Sync 2 DAGs
[2021-09-16 09:11:33,819] {logging_mixin.py:109} INFO - [2021-09-16 09:11:33,819] {dag.py:2306} INFO - Setting next_dagrun for example_external_task_marker_child to None
[2021-09-16 09:11:33,820] {logging_mixin.py:109} INFO - [2021-09-16 09:11:33,820] {dag.py:2306} INFO - Setting next_dagrun for example_external_task_marker_parent to None
[2021-09-16 09:11:33,829] {processor.py:170} INFO - Processing /home/airflow/.local/lib/python3.8/site-packages/airflow/example_dags/example_external_task_marker_dag.py took 0.060 seconds
[2021-09-16 09:12:04,217] {processor.py:162} INFO - Started process (PID=1564) to work on /home/airflow/.local/lib/python3.8/site-packages/airflow/example_dags/example_external_task_marker_dag.py
[2021-09-16 09:12:04,219] {processor.py:613} INFO - Processing file /home/airflow/.local/lib/python3.8/site-packages/airflow/example_dags/example_external_task_marker_dag.py for tasks to queue
[2021-09-16 09:12:04,221] {logging_mixin.py:109} INFO - [2021-09-16 09:12:04,221] {dagbag.py:496} INFO - Filling up the DagBag from /home/airflow/.local/lib/python3.8/site-packages/airflow/example_dags/example_external_task_marker_dag.py
[2021-09-16 09:12:04,231] {processor.py:623} INFO - DAG(s) dict_keys(['example_external_task_marker_parent', 'example_external_task_marker_child']) retrieved from /home/airflow/.local/lib/python3.8/site-packages/airflow/example_dags/example_external_task_marker_dag.py
[2021-09-16 09:12:04,253] {logging_mixin.py:109} INFO - [2021-09-16 09:12:04,253] {dag.py:1833} INFO - Sync 2 DAGs
[2021-09-16 09:12:04,265] {logging_mixin.py:109} INFO - [2021-09-16 09:12:04,265] {dag.py:2306} INFO - Setting next_dagrun for example_external_task_marker_child to None
[2021-09-16 09:12:04,267] {logging_mixin.py:109} INFO - [2021-09-16 09:12:04,267] {dag.py:2306} INFO - Setting next_dagrun for example_external_task_marker_parent to None
[2021-09-16 09:12:04,275] {processor.py:170} INFO - Processing /home/airflow/.local/lib/python3.8/site-packages/airflow/example_dags/example_external_task_marker_dag.py took 0.061 seconds
[2021-09-16 09:12:34,722] {processor.py:162} INFO - Started process (PID=1620) to work on /home/airflow/.local/lib/python3.8/site-packages/airflow/example_dags/example_external_task_marker_dag.py
[2021-09-16 09:12:34,724] {processor.py:613} INFO - Processing file /home/airflow/.local/lib/python3.8/site-packages/airflow/example_dags/example_external_task_marker_dag.py for tasks to queue
[2021-09-16 09:12:34,725] {logging_mixin.py:109} INFO - [2021-09-16 09:12:34,725] {dagbag.py:496} INFO - Filling up the DagBag from /home/airflow/.local/lib/python3.8/site-packages/airflow/example_dags/example_external_task_marker_dag.py
[2021-09-16 09:12:34,735] {processor.py:623} INFO - DAG(s) dict_keys(['example_external_task_marker_parent', 'example_external_task_marker_child']) retrieved from /home/airflow/.local/lib/python3.8/site-packages/airflow/example_dags/example_external_task_marker_dag.py
[2021-09-16 09:12:34,755] {logging_mixin.py:109} INFO - [2021-09-16 09:12:34,755] {dag.py:1833} INFO - Sync 2 DAGs
[2021-09-16 09:12:34,767] {logging_mixin.py:109} INFO - [2021-09-16 09:12:34,767] {dag.py:2306} INFO - Setting next_dagrun for example_external_task_marker_child to None
[2021-09-16 09:12:34,769] {logging_mixin.py:109} INFO - [2021-09-16 09:12:34,769] {dag.py:2306} INFO - Setting next_dagrun for example_external_task_marker_parent to None
[2021-09-16 09:12:34,778] {processor.py:170} INFO - Processing /home/airflow/.local/lib/python3.8/site-packages/airflow/example_dags/example_external_task_marker_dag.py took 0.059 seconds
[2021-09-16 09:13:05,168] {processor.py:162} INFO - Started process (PID=1668) to work on /home/airflow/.local/lib/python3.8/site-packages/airflow/example_dags/example_external_task_marker_dag.py
[2021-09-16 09:13:05,169] {processor.py:613} INFO - Processing file /home/airflow/.local/lib/python3.8/site-packages/airflow/example_dags/example_external_task_marker_dag.py for tasks to queue
[2021-09-16 09:13:05,170] {logging_mixin.py:109} INFO - [2021-09-16 09:13:05,170] {dagbag.py:496} INFO - Filling up the DagBag from /home/airflow/.local/lib/python3.8/site-packages/airflow/example_dags/example_external_task_marker_dag.py
[2021-09-16 09:13:05,182] {processor.py:623} INFO - DAG(s) dict_keys(['example_external_task_marker_parent', 'example_external_task_marker_child']) retrieved from /home/airflow/.local/lib/python3.8/site-packages/airflow/example_dags/example_external_task_marker_dag.py
[2021-09-16 09:13:05,204] {logging_mixin.py:109} INFO - [2021-09-16 09:13:05,204] {dag.py:1833} INFO - Sync 2 DAGs
[2021-09-16 09:13:05,216] {logging_mixin.py:109} INFO - [2021-09-16 09:13:05,216] {dag.py:2306} INFO - Setting next_dagrun for example_external_task_marker_child to None
[2021-09-16 09:13:05,217] {logging_mixin.py:109} INFO - [2021-09-16 09:13:05,217] {dag.py:2306} INFO - Setting next_dagrun for example_external_task_marker_parent to None
[2021-09-16 09:13:05,226] {processor.py:170} INFO - Processing /home/airflow/.local/lib/python3.8/site-packages/airflow/example_dags/example_external_task_marker_dag.py took 0.062 seconds
[2021-09-16 09:13:35,680] {processor.py:162} INFO - Started process (PID=1723) to work on /home/airflow/.local/lib/python3.8/site-packages/airflow/example_dags/example_external_task_marker_dag.py
[2021-09-16 09:13:35,682] {processor.py:613} INFO - Processing file /home/airflow/.local/lib/python3.8/site-packages/airflow/example_dags/example_external_task_marker_dag.py for tasks to queue
[2021-09-16 09:13:35,683] {logging_mixin.py:109} INFO - [2021-09-16 09:13:35,683] {dagbag.py:496} INFO - Filling up the DagBag from /home/airflow/.local/lib/python3.8/site-packages/airflow/example_dags/example_external_task_marker_dag.py
[2021-09-16 09:13:35,695] {processor.py:623} INFO - DAG(s) dict_keys(['example_external_task_marker_parent', 'example_external_task_marker_child']) retrieved from /home/airflow/.local/lib/python3.8/site-packages/airflow/example_dags/example_external_task_marker_dag.py
[2021-09-16 09:13:35,717] {logging_mixin.py:109} INFO - [2021-09-16 09:13:35,717] {dag.py:1833} INFO - Sync 2 DAGs
[2021-09-16 09:13:35,729] {logging_mixin.py:109} INFO - [2021-09-16 09:13:35,728] {dag.py:2306} INFO - Setting next_dagrun for example_external_task_marker_child to None
[2021-09-16 09:13:35,730] {logging_mixin.py:109} INFO - [2021-09-16 09:13:35,730] {dag.py:2306} INFO - Setting next_dagrun for example_external_task_marker_parent to None
[2021-09-16 09:13:35,739] {processor.py:170} INFO - Processing /home/airflow/.local/lib/python3.8/site-packages/airflow/example_dags/example_external_task_marker_dag.py took 0.062 seconds
[2021-09-16 09:14:05,926] {processor.py:162} INFO - Started process (PID=1779) to work on /home/airflow/.local/lib/python3.8/site-packages/airflow/example_dags/example_external_task_marker_dag.py
[2021-09-16 09:14:05,927] {processor.py:613} INFO - Processing file /home/airflow/.local/lib/python3.8/site-packages/airflow/example_dags/example_external_task_marker_dag.py for tasks to queue
[2021-09-16 09:14:05,928] {logging_mixin.py:109} INFO - [2021-09-16 09:14:05,928] {dagbag.py:496} INFO - Filling up the DagBag from /home/airflow/.local/lib/python3.8/site-packages/airflow/example_dags/example_external_task_marker_dag.py
[2021-09-16 09:14:05,938] {processor.py:623} INFO - DAG(s) dict_keys(['example_external_task_marker_parent', 'example_external_task_marker_child']) retrieved from /home/airflow/.local/lib/python3.8/site-packages/airflow/example_dags/example_external_task_marker_dag.py
[2021-09-16 09:14:05,958] {logging_mixin.py:109} INFO - [2021-09-16 09:14:05,958] {dag.py:1833} INFO - Sync 2 DAGs
[2021-09-16 09:14:05,970] {logging_mixin.py:109} INFO - [2021-09-16 09:14:05,969] {dag.py:2306} INFO - Setting next_dagrun for example_external_task_marker_child to None
[2021-09-16 09:14:05,971] {logging_mixin.py:109} INFO - [2021-09-16 09:14:05,971] {dag.py:2306} INFO - Setting next_dagrun for example_external_task_marker_parent to None
[2021-09-16 09:14:05,980] {processor.py:170} INFO - Processing /home/airflow/.local/lib/python3.8/site-packages/airflow/example_dags/example_external_task_marker_dag.py took 0.057 seconds
[2021-09-16 09:14:36,106] {processor.py:162} INFO - Started process (PID=1826) to work on /home/airflow/.local/lib/python3.8/site-packages/airflow/example_dags/example_external_task_marker_dag.py
[2021-09-16 09:14:36,109] {processor.py:613} INFO - Processing file /home/airflow/.local/lib/python3.8/site-packages/airflow/example_dags/example_external_task_marker_dag.py for tasks to queue
[2021-09-16 09:14:36,111] {logging_mixin.py:109} INFO - [2021-09-16 09:14:36,110] {dagbag.py:496} INFO - Filling up the DagBag from /home/airflow/.local/lib/python3.8/site-packages/airflow/example_dags/example_external_task_marker_dag.py
[2021-09-16 09:14:36,122] {processor.py:623} INFO - DAG(s) dict_keys(['example_external_task_marker_parent', 'example_external_task_marker_child']) retrieved from /home/airflow/.local/lib/python3.8/site-packages/airflow/example_dags/example_external_task_marker_dag.py
[2021-09-16 09:14:36,144] {logging_mixin.py:109} INFO - [2021-09-16 09:14:36,143] {dag.py:1833} INFO - Sync 2 DAGs
[2021-09-16 09:14:36,156] {logging_mixin.py:109} INFO - [2021-09-16 09:14:36,156] {dag.py:2306} INFO - Setting next_dagrun for example_external_task_marker_child to None
[2021-09-16 09:14:36,157] {logging_mixin.py:109} INFO - [2021-09-16 09:14:36,157] {dag.py:2306} INFO - Setting next_dagrun for example_external_task_marker_parent to None
[2021-09-16 09:14:36,166] {processor.py:170} INFO - Processing /home/airflow/.local/lib/python3.8/site-packages/airflow/example_dags/example_external_task_marker_dag.py took 0.064 seconds
[2021-09-16 09:15:06,372] {processor.py:162} INFO - Started process (PID=1881) to work on /home/airflow/.local/lib/python3.8/site-packages/airflow/example_dags/example_external_task_marker_dag.py
[2021-09-16 09:15:06,373] {processor.py:613} INFO - Processing file /home/airflow/.local/lib/python3.8/site-packages/airflow/example_dags/example_external_task_marker_dag.py for tasks to queue
[2021-09-16 09:15:06,375] {logging_mixin.py:109} INFO - [2021-09-16 09:15:06,374] {dagbag.py:496} INFO - Filling up the DagBag from /home/airflow/.local/lib/python3.8/site-packages/airflow/example_dags/example_external_task_marker_dag.py
[2021-09-16 09:15:06,385] {processor.py:623} INFO - DAG(s) dict_keys(['example_external_task_marker_parent', 'example_external_task_marker_child']) retrieved from /home/airflow/.local/lib/python3.8/site-packages/airflow/example_dags/example_external_task_marker_dag.py
[2021-09-16 09:15:06,405] {logging_mixin.py:109} INFO - [2021-09-16 09:15:06,405] {dag.py:1833} INFO - Sync 2 DAGs
[2021-09-16 09:15:06,418] {logging_mixin.py:109} INFO - [2021-09-16 09:15:06,418] {dag.py:2306} INFO - Setting next_dagrun for example_external_task_marker_child to None
[2021-09-16 09:15:06,419] {logging_mixin.py:109} INFO - [2021-09-16 09:15:06,419] {dag.py:2306} INFO - Setting next_dagrun for example_external_task_marker_parent to None
[2021-09-16 09:15:06,431] {processor.py:170} INFO - Processing /home/airflow/.local/lib/python3.8/site-packages/airflow/example_dags/example_external_task_marker_dag.py took 0.062 seconds
[2021-09-16 09:15:36,715] {processor.py:162} INFO - Started process (PID=1938) to work on /home/airflow/.local/lib/python3.8/site-packages/airflow/example_dags/example_external_task_marker_dag.py
[2021-09-16 09:15:36,716] {processor.py:613} INFO - Processing file /home/airflow/.local/lib/python3.8/site-packages/airflow/example_dags/example_external_task_marker_dag.py for tasks to queue
[2021-09-16 09:15:36,717] {logging_mixin.py:109} INFO - [2021-09-16 09:15:36,717] {dagbag.py:496} INFO - Filling up the DagBag from /home/airflow/.local/lib/python3.8/site-packages/airflow/example_dags/example_external_task_marker_dag.py
[2021-09-16 09:15:36,728] {processor.py:623} INFO - DAG(s) dict_keys(['example_external_task_marker_parent', 'example_external_task_marker_child']) retrieved from /home/airflow/.local/lib/python3.8/site-packages/airflow/example_dags/example_external_task_marker_dag.py
[2021-09-16 09:15:36,749] {logging_mixin.py:109} INFO - [2021-09-16 09:15:36,749] {dag.py:1833} INFO - Sync 2 DAGs
[2021-09-16 09:15:36,762] {logging_mixin.py:109} INFO - [2021-09-16 09:15:36,761] {dag.py:2306} INFO - Setting next_dagrun for example_external_task_marker_child to None
[2021-09-16 09:15:36,763] {logging_mixin.py:109} INFO - [2021-09-16 09:15:36,763] {dag.py:2306} INFO - Setting next_dagrun for example_external_task_marker_parent to None
[2021-09-16 09:15:36,772] {processor.py:170} INFO - Processing /home/airflow/.local/lib/python3.8/site-packages/airflow/example_dags/example_external_task_marker_dag.py took 0.060 seconds
