[2021-09-16 08:37:58,963] {processor.py:162} INFO - Started process (PID=247) to work on /home/airflow/.local/lib/python3.8/site-packages/airflow/example_dags/example_branch_day_of_week_operator.py
[2021-09-16 08:37:58,965] {processor.py:613} INFO - Processing file /home/airflow/.local/lib/python3.8/site-packages/airflow/example_dags/example_branch_day_of_week_operator.py for tasks to queue
[2021-09-16 08:37:58,966] {logging_mixin.py:109} INFO - [2021-09-16 08:37:58,966] {dagbag.py:496} INFO - Filling up the DagBag from /home/airflow/.local/lib/python3.8/site-packages/airflow/example_dags/example_branch_day_of_week_operator.py
[2021-09-16 08:37:58,988] {processor.py:623} INFO - DAG(s) dict_keys(['example_weekday_branch_operator']) retrieved from /home/airflow/.local/lib/python3.8/site-packages/airflow/example_dags/example_branch_day_of_week_operator.py
[2021-09-16 08:38:00,854] {logging_mixin.py:109} INFO - [2021-09-16 08:38:00,854] {dag.py:1833} INFO - Sync 1 DAGs
[2021-09-16 08:38:00,863] {logging_mixin.py:109} INFO - [2021-09-16 08:38:00,863] {dag.py:1852} INFO - Creating ORM DAG for example_weekday_branch_operator
[2021-09-16 08:38:00,871] {logging_mixin.py:109} INFO - [2021-09-16 08:38:00,871] {dag.py:2306} INFO - Setting next_dagrun for example_weekday_branch_operator to 2021-09-14 00:00:00+00:00
[2021-09-16 08:38:00,897] {processor.py:170} INFO - Processing /home/airflow/.local/lib/python3.8/site-packages/airflow/example_dags/example_branch_day_of_week_operator.py took 1.937 seconds
[2021-09-16 08:38:31,905] {processor.py:162} INFO - Started process (PID=359) to work on /home/airflow/.local/lib/python3.8/site-packages/airflow/example_dags/example_branch_day_of_week_operator.py
[2021-09-16 08:38:31,907] {processor.py:613} INFO - Processing file /home/airflow/.local/lib/python3.8/site-packages/airflow/example_dags/example_branch_day_of_week_operator.py for tasks to queue
[2021-09-16 08:38:31,908] {logging_mixin.py:109} INFO - [2021-09-16 08:38:31,908] {dagbag.py:496} INFO - Filling up the DagBag from /home/airflow/.local/lib/python3.8/site-packages/airflow/example_dags/example_branch_day_of_week_operator.py
[2021-09-16 08:38:31,921] {processor.py:623} INFO - DAG(s) dict_keys(['example_weekday_branch_operator']) retrieved from /home/airflow/.local/lib/python3.8/site-packages/airflow/example_dags/example_branch_day_of_week_operator.py
[2021-09-16 08:38:31,942] {logging_mixin.py:109} INFO - [2021-09-16 08:38:31,942] {dag.py:1833} INFO - Sync 1 DAGs
[2021-09-16 08:38:31,957] {logging_mixin.py:109} INFO - [2021-09-16 08:38:31,957] {dag.py:2306} INFO - Setting next_dagrun for example_weekday_branch_operator to 2021-09-14 00:00:00+00:00
[2021-09-16 08:38:31,966] {processor.py:170} INFO - Processing /home/airflow/.local/lib/python3.8/site-packages/airflow/example_dags/example_branch_day_of_week_operator.py took 0.064 seconds
[2021-09-16 08:39:02,656] {processor.py:162} INFO - Started process (PID=415) to work on /home/airflow/.local/lib/python3.8/site-packages/airflow/example_dags/example_branch_day_of_week_operator.py
[2021-09-16 08:39:02,658] {processor.py:613} INFO - Processing file /home/airflow/.local/lib/python3.8/site-packages/airflow/example_dags/example_branch_day_of_week_operator.py for tasks to queue
[2021-09-16 08:39:02,659] {logging_mixin.py:109} INFO - [2021-09-16 08:39:02,659] {dagbag.py:496} INFO - Filling up the DagBag from /home/airflow/.local/lib/python3.8/site-packages/airflow/example_dags/example_branch_day_of_week_operator.py
[2021-09-16 08:39:02,672] {processor.py:623} INFO - DAG(s) dict_keys(['example_weekday_branch_operator']) retrieved from /home/airflow/.local/lib/python3.8/site-packages/airflow/example_dags/example_branch_day_of_week_operator.py
[2021-09-16 08:39:02,693] {logging_mixin.py:109} INFO - [2021-09-16 08:39:02,692] {dag.py:1833} INFO - Sync 1 DAGs
[2021-09-16 08:39:02,707] {logging_mixin.py:109} INFO - [2021-09-16 08:39:02,707] {dag.py:2306} INFO - Setting next_dagrun for example_weekday_branch_operator to 2021-09-14 00:00:00+00:00
[2021-09-16 08:39:02,721] {processor.py:170} INFO - Processing /home/airflow/.local/lib/python3.8/site-packages/airflow/example_dags/example_branch_day_of_week_operator.py took 0.068 seconds
[2021-09-16 08:39:33,469] {processor.py:162} INFO - Started process (PID=473) to work on /home/airflow/.local/lib/python3.8/site-packages/airflow/example_dags/example_branch_day_of_week_operator.py
[2021-09-16 08:39:33,472] {processor.py:613} INFO - Processing file /home/airflow/.local/lib/python3.8/site-packages/airflow/example_dags/example_branch_day_of_week_operator.py for tasks to queue
[2021-09-16 08:39:33,474] {logging_mixin.py:109} INFO - [2021-09-16 08:39:33,474] {dagbag.py:496} INFO - Filling up the DagBag from /home/airflow/.local/lib/python3.8/site-packages/airflow/example_dags/example_branch_day_of_week_operator.py
[2021-09-16 08:39:33,488] {processor.py:623} INFO - DAG(s) dict_keys(['example_weekday_branch_operator']) retrieved from /home/airflow/.local/lib/python3.8/site-packages/airflow/example_dags/example_branch_day_of_week_operator.py
[2021-09-16 08:39:33,513] {logging_mixin.py:109} INFO - [2021-09-16 08:39:33,513] {dag.py:1833} INFO - Sync 1 DAGs
[2021-09-16 08:39:33,530] {logging_mixin.py:109} INFO - [2021-09-16 08:39:33,530] {dag.py:2306} INFO - Setting next_dagrun for example_weekday_branch_operator to 2021-09-14 00:00:00+00:00
[2021-09-16 08:39:33,540] {processor.py:170} INFO - Processing /home/airflow/.local/lib/python3.8/site-packages/airflow/example_dags/example_branch_day_of_week_operator.py took 0.079 seconds
[2021-09-16 09:00:06,235] {processor.py:162} INFO - Started process (PID=239) to work on /home/airflow/.local/lib/python3.8/site-packages/airflow/example_dags/example_branch_day_of_week_operator.py
[2021-09-16 09:00:06,236] {processor.py:613} INFO - Processing file /home/airflow/.local/lib/python3.8/site-packages/airflow/example_dags/example_branch_day_of_week_operator.py for tasks to queue
[2021-09-16 09:00:06,237] {logging_mixin.py:109} INFO - [2021-09-16 09:00:06,237] {dagbag.py:496} INFO - Filling up the DagBag from /home/airflow/.local/lib/python3.8/site-packages/airflow/example_dags/example_branch_day_of_week_operator.py
[2021-09-16 09:00:06,249] {processor.py:623} INFO - DAG(s) dict_keys(['example_weekday_branch_operator']) retrieved from /home/airflow/.local/lib/python3.8/site-packages/airflow/example_dags/example_branch_day_of_week_operator.py
[2021-09-16 09:00:07,718] {logging_mixin.py:109} INFO - [2021-09-16 09:00:07,717] {dag.py:1833} INFO - Sync 1 DAGs
[2021-09-16 09:00:07,726] {logging_mixin.py:109} INFO - [2021-09-16 09:00:07,725] {dag.py:1852} INFO - Creating ORM DAG for example_weekday_branch_operator
[2021-09-16 09:00:07,737] {logging_mixin.py:109} INFO - [2021-09-16 09:00:07,737] {dag.py:2306} INFO - Setting next_dagrun for example_weekday_branch_operator to 2021-09-14 00:00:00+00:00
[2021-09-16 09:00:07,746] {processor.py:170} INFO - Processing /home/airflow/.local/lib/python3.8/site-packages/airflow/example_dags/example_branch_day_of_week_operator.py took 1.515 seconds
[2021-09-16 09:00:37,993] {processor.py:162} INFO - Started process (PID=358) to work on /home/airflow/.local/lib/python3.8/site-packages/airflow/example_dags/example_branch_day_of_week_operator.py
[2021-09-16 09:00:37,994] {processor.py:613} INFO - Processing file /home/airflow/.local/lib/python3.8/site-packages/airflow/example_dags/example_branch_day_of_week_operator.py for tasks to queue
[2021-09-16 09:00:37,996] {logging_mixin.py:109} INFO - [2021-09-16 09:00:37,996] {dagbag.py:496} INFO - Filling up the DagBag from /home/airflow/.local/lib/python3.8/site-packages/airflow/example_dags/example_branch_day_of_week_operator.py
[2021-09-16 09:00:38,011] {processor.py:623} INFO - DAG(s) dict_keys(['example_weekday_branch_operator']) retrieved from /home/airflow/.local/lib/python3.8/site-packages/airflow/example_dags/example_branch_day_of_week_operator.py
[2021-09-16 09:00:38,030] {logging_mixin.py:109} INFO - [2021-09-16 09:00:38,030] {dag.py:1833} INFO - Sync 1 DAGs
[2021-09-16 09:00:38,043] {logging_mixin.py:109} INFO - [2021-09-16 09:00:38,043] {dag.py:2306} INFO - Setting next_dagrun for example_weekday_branch_operator to 2021-09-14 00:00:00+00:00
[2021-09-16 09:00:38,052] {processor.py:170} INFO - Processing /home/airflow/.local/lib/python3.8/site-packages/airflow/example_dags/example_branch_day_of_week_operator.py took 0.064 seconds
[2021-09-16 09:01:08,149] {processor.py:162} INFO - Started process (PID=413) to work on /home/airflow/.local/lib/python3.8/site-packages/airflow/example_dags/example_branch_day_of_week_operator.py
[2021-09-16 09:01:08,150] {processor.py:613} INFO - Processing file /home/airflow/.local/lib/python3.8/site-packages/airflow/example_dags/example_branch_day_of_week_operator.py for tasks to queue
[2021-09-16 09:01:08,151] {logging_mixin.py:109} INFO - [2021-09-16 09:01:08,151] {dagbag.py:496} INFO - Filling up the DagBag from /home/airflow/.local/lib/python3.8/site-packages/airflow/example_dags/example_branch_day_of_week_operator.py
[2021-09-16 09:01:08,164] {processor.py:623} INFO - DAG(s) dict_keys(['example_weekday_branch_operator']) retrieved from /home/airflow/.local/lib/python3.8/site-packages/airflow/example_dags/example_branch_day_of_week_operator.py
[2021-09-16 09:01:08,184] {logging_mixin.py:109} INFO - [2021-09-16 09:01:08,184] {dag.py:1833} INFO - Sync 1 DAGs
[2021-09-16 09:01:08,199] {logging_mixin.py:109} INFO - [2021-09-16 09:01:08,199] {dag.py:2306} INFO - Setting next_dagrun for example_weekday_branch_operator to 2021-09-14 00:00:00+00:00
[2021-09-16 09:01:08,208] {processor.py:170} INFO - Processing /home/airflow/.local/lib/python3.8/site-packages/airflow/example_dags/example_branch_day_of_week_operator.py took 0.063 seconds
[2021-09-16 09:01:38,522] {processor.py:162} INFO - Started process (PID=462) to work on /home/airflow/.local/lib/python3.8/site-packages/airflow/example_dags/example_branch_day_of_week_operator.py
[2021-09-16 09:01:38,524] {processor.py:613} INFO - Processing file /home/airflow/.local/lib/python3.8/site-packages/airflow/example_dags/example_branch_day_of_week_operator.py for tasks to queue
[2021-09-16 09:01:38,525] {logging_mixin.py:109} INFO - [2021-09-16 09:01:38,525] {dagbag.py:496} INFO - Filling up the DagBag from /home/airflow/.local/lib/python3.8/site-packages/airflow/example_dags/example_branch_day_of_week_operator.py
[2021-09-16 09:01:38,536] {processor.py:623} INFO - DAG(s) dict_keys(['example_weekday_branch_operator']) retrieved from /home/airflow/.local/lib/python3.8/site-packages/airflow/example_dags/example_branch_day_of_week_operator.py
[2021-09-16 09:01:38,555] {logging_mixin.py:109} INFO - [2021-09-16 09:01:38,555] {dag.py:1833} INFO - Sync 1 DAGs
[2021-09-16 09:01:38,575] {logging_mixin.py:109} INFO - [2021-09-16 09:01:38,575] {dag.py:2306} INFO - Setting next_dagrun for example_weekday_branch_operator to 2021-09-14 00:00:00+00:00
[2021-09-16 09:01:38,585] {processor.py:170} INFO - Processing /home/airflow/.local/lib/python3.8/site-packages/airflow/example_dags/example_branch_day_of_week_operator.py took 0.065 seconds
[2021-09-16 09:02:08,796] {processor.py:162} INFO - Started process (PID=518) to work on /home/airflow/.local/lib/python3.8/site-packages/airflow/example_dags/example_branch_day_of_week_operator.py
[2021-09-16 09:02:08,799] {processor.py:613} INFO - Processing file /home/airflow/.local/lib/python3.8/site-packages/airflow/example_dags/example_branch_day_of_week_operator.py for tasks to queue
[2021-09-16 09:02:08,800] {logging_mixin.py:109} INFO - [2021-09-16 09:02:08,800] {dagbag.py:496} INFO - Filling up the DagBag from /home/airflow/.local/lib/python3.8/site-packages/airflow/example_dags/example_branch_day_of_week_operator.py
[2021-09-16 09:02:08,812] {processor.py:623} INFO - DAG(s) dict_keys(['example_weekday_branch_operator']) retrieved from /home/airflow/.local/lib/python3.8/site-packages/airflow/example_dags/example_branch_day_of_week_operator.py
[2021-09-16 09:02:08,830] {logging_mixin.py:109} INFO - [2021-09-16 09:02:08,830] {dag.py:1833} INFO - Sync 1 DAGs
[2021-09-16 09:02:08,846] {logging_mixin.py:109} INFO - [2021-09-16 09:02:08,846] {dag.py:2306} INFO - Setting next_dagrun for example_weekday_branch_operator to 2021-09-14 00:00:00+00:00
[2021-09-16 09:02:08,855] {processor.py:170} INFO - Processing /home/airflow/.local/lib/python3.8/site-packages/airflow/example_dags/example_branch_day_of_week_operator.py took 0.062 seconds
[2021-09-16 09:02:39,251] {processor.py:162} INFO - Started process (PID=574) to work on /home/airflow/.local/lib/python3.8/site-packages/airflow/example_dags/example_branch_day_of_week_operator.py
[2021-09-16 09:02:39,253] {processor.py:613} INFO - Processing file /home/airflow/.local/lib/python3.8/site-packages/airflow/example_dags/example_branch_day_of_week_operator.py for tasks to queue
[2021-09-16 09:02:39,254] {logging_mixin.py:109} INFO - [2021-09-16 09:02:39,254] {dagbag.py:496} INFO - Filling up the DagBag from /home/airflow/.local/lib/python3.8/site-packages/airflow/example_dags/example_branch_day_of_week_operator.py
[2021-09-16 09:02:39,268] {processor.py:623} INFO - DAG(s) dict_keys(['example_weekday_branch_operator']) retrieved from /home/airflow/.local/lib/python3.8/site-packages/airflow/example_dags/example_branch_day_of_week_operator.py
[2021-09-16 09:02:39,293] {logging_mixin.py:109} INFO - [2021-09-16 09:02:39,293] {dag.py:1833} INFO - Sync 1 DAGs
[2021-09-16 09:02:39,311] {logging_mixin.py:109} INFO - [2021-09-16 09:02:39,311] {dag.py:2306} INFO - Setting next_dagrun for example_weekday_branch_operator to 2021-09-14 00:00:00+00:00
[2021-09-16 09:02:39,324] {processor.py:170} INFO - Processing /home/airflow/.local/lib/python3.8/site-packages/airflow/example_dags/example_branch_day_of_week_operator.py took 0.077 seconds
[2021-09-16 09:03:09,636] {processor.py:162} INFO - Started process (PID=621) to work on /home/airflow/.local/lib/python3.8/site-packages/airflow/example_dags/example_branch_day_of_week_operator.py
[2021-09-16 09:03:09,637] {processor.py:613} INFO - Processing file /home/airflow/.local/lib/python3.8/site-packages/airflow/example_dags/example_branch_day_of_week_operator.py for tasks to queue
[2021-09-16 09:03:09,638] {logging_mixin.py:109} INFO - [2021-09-16 09:03:09,638] {dagbag.py:496} INFO - Filling up the DagBag from /home/airflow/.local/lib/python3.8/site-packages/airflow/example_dags/example_branch_day_of_week_operator.py
[2021-09-16 09:03:09,649] {processor.py:623} INFO - DAG(s) dict_keys(['example_weekday_branch_operator']) retrieved from /home/airflow/.local/lib/python3.8/site-packages/airflow/example_dags/example_branch_day_of_week_operator.py
[2021-09-16 09:03:09,668] {logging_mixin.py:109} INFO - [2021-09-16 09:03:09,668] {dag.py:1833} INFO - Sync 1 DAGs
[2021-09-16 09:03:09,682] {logging_mixin.py:109} INFO - [2021-09-16 09:03:09,682] {dag.py:2306} INFO - Setting next_dagrun for example_weekday_branch_operator to 2021-09-14 00:00:00+00:00
[2021-09-16 09:03:09,691] {processor.py:170} INFO - Processing /home/airflow/.local/lib/python3.8/site-packages/airflow/example_dags/example_branch_day_of_week_operator.py took 0.059 seconds
[2021-09-16 09:03:39,825] {processor.py:162} INFO - Started process (PID=677) to work on /home/airflow/.local/lib/python3.8/site-packages/airflow/example_dags/example_branch_day_of_week_operator.py
[2021-09-16 09:03:39,827] {processor.py:613} INFO - Processing file /home/airflow/.local/lib/python3.8/site-packages/airflow/example_dags/example_branch_day_of_week_operator.py for tasks to queue
[2021-09-16 09:03:39,828] {logging_mixin.py:109} INFO - [2021-09-16 09:03:39,828] {dagbag.py:496} INFO - Filling up the DagBag from /home/airflow/.local/lib/python3.8/site-packages/airflow/example_dags/example_branch_day_of_week_operator.py
[2021-09-16 09:03:39,840] {processor.py:623} INFO - DAG(s) dict_keys(['example_weekday_branch_operator']) retrieved from /home/airflow/.local/lib/python3.8/site-packages/airflow/example_dags/example_branch_day_of_week_operator.py
[2021-09-16 09:03:39,860] {logging_mixin.py:109} INFO - [2021-09-16 09:03:39,860] {dag.py:1833} INFO - Sync 1 DAGs
[2021-09-16 09:03:39,873] {logging_mixin.py:109} INFO - [2021-09-16 09:03:39,873] {dag.py:2306} INFO - Setting next_dagrun for example_weekday_branch_operator to 2021-09-14 00:00:00+00:00
[2021-09-16 09:03:39,882] {processor.py:170} INFO - Processing /home/airflow/.local/lib/python3.8/site-packages/airflow/example_dags/example_branch_day_of_week_operator.py took 0.061 seconds
[2021-09-16 09:04:10,141] {processor.py:162} INFO - Started process (PID=733) to work on /home/airflow/.local/lib/python3.8/site-packages/airflow/example_dags/example_branch_day_of_week_operator.py
[2021-09-16 09:04:10,142] {processor.py:613} INFO - Processing file /home/airflow/.local/lib/python3.8/site-packages/airflow/example_dags/example_branch_day_of_week_operator.py for tasks to queue
[2021-09-16 09:04:10,144] {logging_mixin.py:109} INFO - [2021-09-16 09:04:10,144] {dagbag.py:496} INFO - Filling up the DagBag from /home/airflow/.local/lib/python3.8/site-packages/airflow/example_dags/example_branch_day_of_week_operator.py
[2021-09-16 09:04:10,156] {processor.py:623} INFO - DAG(s) dict_keys(['example_weekday_branch_operator']) retrieved from /home/airflow/.local/lib/python3.8/site-packages/airflow/example_dags/example_branch_day_of_week_operator.py
[2021-09-16 09:04:10,178] {logging_mixin.py:109} INFO - [2021-09-16 09:04:10,178] {dag.py:1833} INFO - Sync 1 DAGs
[2021-09-16 09:04:10,192] {logging_mixin.py:109} INFO - [2021-09-16 09:04:10,192] {dag.py:2306} INFO - Setting next_dagrun for example_weekday_branch_operator to 2021-09-14 00:00:00+00:00
[2021-09-16 09:04:10,200] {processor.py:170} INFO - Processing /home/airflow/.local/lib/python3.8/site-packages/airflow/example_dags/example_branch_day_of_week_operator.py took 0.063 seconds
[2021-09-16 09:04:40,310] {processor.py:162} INFO - Started process (PID=782) to work on /home/airflow/.local/lib/python3.8/site-packages/airflow/example_dags/example_branch_day_of_week_operator.py
[2021-09-16 09:04:40,311] {processor.py:613} INFO - Processing file /home/airflow/.local/lib/python3.8/site-packages/airflow/example_dags/example_branch_day_of_week_operator.py for tasks to queue
[2021-09-16 09:04:40,313] {logging_mixin.py:109} INFO - [2021-09-16 09:04:40,313] {dagbag.py:496} INFO - Filling up the DagBag from /home/airflow/.local/lib/python3.8/site-packages/airflow/example_dags/example_branch_day_of_week_operator.py
[2021-09-16 09:04:40,325] {processor.py:623} INFO - DAG(s) dict_keys(['example_weekday_branch_operator']) retrieved from /home/airflow/.local/lib/python3.8/site-packages/airflow/example_dags/example_branch_day_of_week_operator.py
[2021-09-16 09:04:40,343] {logging_mixin.py:109} INFO - [2021-09-16 09:04:40,343] {dag.py:1833} INFO - Sync 1 DAGs
[2021-09-16 09:04:40,357] {logging_mixin.py:109} INFO - [2021-09-16 09:04:40,356] {dag.py:2306} INFO - Setting next_dagrun for example_weekday_branch_operator to 2021-09-14 00:00:00+00:00
[2021-09-16 09:04:40,365] {processor.py:170} INFO - Processing /home/airflow/.local/lib/python3.8/site-packages/airflow/example_dags/example_branch_day_of_week_operator.py took 0.058 seconds
[2021-09-16 09:05:10,454] {processor.py:162} INFO - Started process (PID=839) to work on /home/airflow/.local/lib/python3.8/site-packages/airflow/example_dags/example_branch_day_of_week_operator.py
[2021-09-16 09:05:10,455] {processor.py:613} INFO - Processing file /home/airflow/.local/lib/python3.8/site-packages/airflow/example_dags/example_branch_day_of_week_operator.py for tasks to queue
[2021-09-16 09:05:10,457] {logging_mixin.py:109} INFO - [2021-09-16 09:05:10,457] {dagbag.py:496} INFO - Filling up the DagBag from /home/airflow/.local/lib/python3.8/site-packages/airflow/example_dags/example_branch_day_of_week_operator.py
[2021-09-16 09:05:10,469] {processor.py:623} INFO - DAG(s) dict_keys(['example_weekday_branch_operator']) retrieved from /home/airflow/.local/lib/python3.8/site-packages/airflow/example_dags/example_branch_day_of_week_operator.py
[2021-09-16 09:05:10,488] {logging_mixin.py:109} INFO - [2021-09-16 09:05:10,488] {dag.py:1833} INFO - Sync 1 DAGs
[2021-09-16 09:05:10,502] {logging_mixin.py:109} INFO - [2021-09-16 09:05:10,502] {dag.py:2306} INFO - Setting next_dagrun for example_weekday_branch_operator to 2021-09-14 00:00:00+00:00
[2021-09-16 09:05:10,512] {processor.py:170} INFO - Processing /home/airflow/.local/lib/python3.8/site-packages/airflow/example_dags/example_branch_day_of_week_operator.py took 0.061 seconds
[2021-09-16 09:05:40,909] {processor.py:162} INFO - Started process (PID=894) to work on /home/airflow/.local/lib/python3.8/site-packages/airflow/example_dags/example_branch_day_of_week_operator.py
[2021-09-16 09:05:40,911] {processor.py:613} INFO - Processing file /home/airflow/.local/lib/python3.8/site-packages/airflow/example_dags/example_branch_day_of_week_operator.py for tasks to queue
[2021-09-16 09:05:40,912] {logging_mixin.py:109} INFO - [2021-09-16 09:05:40,911] {dagbag.py:496} INFO - Filling up the DagBag from /home/airflow/.local/lib/python3.8/site-packages/airflow/example_dags/example_branch_day_of_week_operator.py
[2021-09-16 09:05:40,924] {processor.py:623} INFO - DAG(s) dict_keys(['example_weekday_branch_operator']) retrieved from /home/airflow/.local/lib/python3.8/site-packages/airflow/example_dags/example_branch_day_of_week_operator.py
[2021-09-16 09:05:40,945] {logging_mixin.py:109} INFO - [2021-09-16 09:05:40,945] {dag.py:1833} INFO - Sync 1 DAGs
[2021-09-16 09:05:40,959] {logging_mixin.py:109} INFO - [2021-09-16 09:05:40,959] {dag.py:2306} INFO - Setting next_dagrun for example_weekday_branch_operator to 2021-09-14 00:00:00+00:00
[2021-09-16 09:05:40,974] {processor.py:170} INFO - Processing /home/airflow/.local/lib/python3.8/site-packages/airflow/example_dags/example_branch_day_of_week_operator.py took 0.068 seconds
[2021-09-16 09:06:11,245] {processor.py:162} INFO - Started process (PID=941) to work on /home/airflow/.local/lib/python3.8/site-packages/airflow/example_dags/example_branch_day_of_week_operator.py
[2021-09-16 09:06:11,246] {processor.py:613} INFO - Processing file /home/airflow/.local/lib/python3.8/site-packages/airflow/example_dags/example_branch_day_of_week_operator.py for tasks to queue
[2021-09-16 09:06:11,247] {logging_mixin.py:109} INFO - [2021-09-16 09:06:11,247] {dagbag.py:496} INFO - Filling up the DagBag from /home/airflow/.local/lib/python3.8/site-packages/airflow/example_dags/example_branch_day_of_week_operator.py
[2021-09-16 09:06:11,258] {processor.py:623} INFO - DAG(s) dict_keys(['example_weekday_branch_operator']) retrieved from /home/airflow/.local/lib/python3.8/site-packages/airflow/example_dags/example_branch_day_of_week_operator.py
[2021-09-16 09:06:11,277] {logging_mixin.py:109} INFO - [2021-09-16 09:06:11,277] {dag.py:1833} INFO - Sync 1 DAGs
[2021-09-16 09:06:11,290] {logging_mixin.py:109} INFO - [2021-09-16 09:06:11,290] {dag.py:2306} INFO - Setting next_dagrun for example_weekday_branch_operator to 2021-09-14 00:00:00+00:00
[2021-09-16 09:06:11,298] {processor.py:170} INFO - Processing /home/airflow/.local/lib/python3.8/site-packages/airflow/example_dags/example_branch_day_of_week_operator.py took 0.056 seconds
[2021-09-16 09:06:42,412] {processor.py:162} INFO - Started process (PID=998) to work on /home/airflow/.local/lib/python3.8/site-packages/airflow/example_dags/example_branch_day_of_week_operator.py
[2021-09-16 09:06:42,413] {processor.py:613} INFO - Processing file /home/airflow/.local/lib/python3.8/site-packages/airflow/example_dags/example_branch_day_of_week_operator.py for tasks to queue
[2021-09-16 09:06:42,414] {logging_mixin.py:109} INFO - [2021-09-16 09:06:42,414] {dagbag.py:496} INFO - Filling up the DagBag from /home/airflow/.local/lib/python3.8/site-packages/airflow/example_dags/example_branch_day_of_week_operator.py
[2021-09-16 09:06:42,425] {processor.py:623} INFO - DAG(s) dict_keys(['example_weekday_branch_operator']) retrieved from /home/airflow/.local/lib/python3.8/site-packages/airflow/example_dags/example_branch_day_of_week_operator.py
[2021-09-16 09:06:42,441] {logging_mixin.py:109} INFO - [2021-09-16 09:06:42,441] {dag.py:1833} INFO - Sync 1 DAGs
[2021-09-16 09:06:42,454] {logging_mixin.py:109} INFO - [2021-09-16 09:06:42,454] {dag.py:2306} INFO - Setting next_dagrun for example_weekday_branch_operator to 2021-09-14 00:00:00+00:00
[2021-09-16 09:06:42,462] {processor.py:170} INFO - Processing /home/airflow/.local/lib/python3.8/site-packages/airflow/example_dags/example_branch_day_of_week_operator.py took 0.053 seconds
[2021-09-16 09:07:12,694] {processor.py:162} INFO - Started process (PID=1053) to work on /home/airflow/.local/lib/python3.8/site-packages/airflow/example_dags/example_branch_day_of_week_operator.py
[2021-09-16 09:07:12,695] {processor.py:613} INFO - Processing file /home/airflow/.local/lib/python3.8/site-packages/airflow/example_dags/example_branch_day_of_week_operator.py for tasks to queue
[2021-09-16 09:07:12,696] {logging_mixin.py:109} INFO - [2021-09-16 09:07:12,696] {dagbag.py:496} INFO - Filling up the DagBag from /home/airflow/.local/lib/python3.8/site-packages/airflow/example_dags/example_branch_day_of_week_operator.py
[2021-09-16 09:07:12,706] {processor.py:623} INFO - DAG(s) dict_keys(['example_weekday_branch_operator']) retrieved from /home/airflow/.local/lib/python3.8/site-packages/airflow/example_dags/example_branch_day_of_week_operator.py
[2021-09-16 09:07:12,724] {logging_mixin.py:109} INFO - [2021-09-16 09:07:12,724] {dag.py:1833} INFO - Sync 1 DAGs
[2021-09-16 09:07:12,738] {logging_mixin.py:109} INFO - [2021-09-16 09:07:12,738] {dag.py:2306} INFO - Setting next_dagrun for example_weekday_branch_operator to 2021-09-14 00:00:00+00:00
[2021-09-16 09:07:12,746] {processor.py:170} INFO - Processing /home/airflow/.local/lib/python3.8/site-packages/airflow/example_dags/example_branch_day_of_week_operator.py took 0.055 seconds
[2021-09-16 09:07:43,108] {processor.py:162} INFO - Started process (PID=1108) to work on /home/airflow/.local/lib/python3.8/site-packages/airflow/example_dags/example_branch_day_of_week_operator.py
[2021-09-16 09:07:43,112] {processor.py:613} INFO - Processing file /home/airflow/.local/lib/python3.8/site-packages/airflow/example_dags/example_branch_day_of_week_operator.py for tasks to queue
[2021-09-16 09:07:43,113] {logging_mixin.py:109} INFO - [2021-09-16 09:07:43,113] {dagbag.py:496} INFO - Filling up the DagBag from /home/airflow/.local/lib/python3.8/site-packages/airflow/example_dags/example_branch_day_of_week_operator.py
[2021-09-16 09:07:43,133] {processor.py:623} INFO - DAG(s) dict_keys(['example_weekday_branch_operator']) retrieved from /home/airflow/.local/lib/python3.8/site-packages/airflow/example_dags/example_branch_day_of_week_operator.py
[2021-09-16 09:07:43,157] {logging_mixin.py:109} INFO - [2021-09-16 09:07:43,156] {dag.py:1833} INFO - Sync 1 DAGs
[2021-09-16 09:07:43,177] {logging_mixin.py:109} INFO - [2021-09-16 09:07:43,177] {dag.py:2306} INFO - Setting next_dagrun for example_weekday_branch_operator to 2021-09-14 00:00:00+00:00
[2021-09-16 09:07:43,187] {processor.py:170} INFO - Processing /home/airflow/.local/lib/python3.8/site-packages/airflow/example_dags/example_branch_day_of_week_operator.py took 0.084 seconds
[2021-09-16 09:08:13,417] {processor.py:162} INFO - Started process (PID=1155) to work on /home/airflow/.local/lib/python3.8/site-packages/airflow/example_dags/example_branch_day_of_week_operator.py
[2021-09-16 09:08:13,419] {processor.py:613} INFO - Processing file /home/airflow/.local/lib/python3.8/site-packages/airflow/example_dags/example_branch_day_of_week_operator.py for tasks to queue
[2021-09-16 09:08:13,420] {logging_mixin.py:109} INFO - [2021-09-16 09:08:13,420] {dagbag.py:496} INFO - Filling up the DagBag from /home/airflow/.local/lib/python3.8/site-packages/airflow/example_dags/example_branch_day_of_week_operator.py
[2021-09-16 09:08:13,430] {processor.py:623} INFO - DAG(s) dict_keys(['example_weekday_branch_operator']) retrieved from /home/airflow/.local/lib/python3.8/site-packages/airflow/example_dags/example_branch_day_of_week_operator.py
[2021-09-16 09:08:13,448] {logging_mixin.py:109} INFO - [2021-09-16 09:08:13,448] {dag.py:1833} INFO - Sync 1 DAGs
[2021-09-16 09:08:13,462] {logging_mixin.py:109} INFO - [2021-09-16 09:08:13,462] {dag.py:2306} INFO - Setting next_dagrun for example_weekday_branch_operator to 2021-09-14 00:00:00+00:00
[2021-09-16 09:08:13,470] {processor.py:170} INFO - Processing /home/airflow/.local/lib/python3.8/site-packages/airflow/example_dags/example_branch_day_of_week_operator.py took 0.056 seconds
[2021-09-16 09:08:43,929] {processor.py:162} INFO - Started process (PID=1213) to work on /home/airflow/.local/lib/python3.8/site-packages/airflow/example_dags/example_branch_day_of_week_operator.py
[2021-09-16 09:08:43,930] {processor.py:613} INFO - Processing file /home/airflow/.local/lib/python3.8/site-packages/airflow/example_dags/example_branch_day_of_week_operator.py for tasks to queue
[2021-09-16 09:08:43,931] {logging_mixin.py:109} INFO - [2021-09-16 09:08:43,931] {dagbag.py:496} INFO - Filling up the DagBag from /home/airflow/.local/lib/python3.8/site-packages/airflow/example_dags/example_branch_day_of_week_operator.py
[2021-09-16 09:08:43,942] {processor.py:623} INFO - DAG(s) dict_keys(['example_weekday_branch_operator']) retrieved from /home/airflow/.local/lib/python3.8/site-packages/airflow/example_dags/example_branch_day_of_week_operator.py
[2021-09-16 09:08:43,960] {logging_mixin.py:109} INFO - [2021-09-16 09:08:43,960] {dag.py:1833} INFO - Sync 1 DAGs
[2021-09-16 09:08:43,973] {logging_mixin.py:109} INFO - [2021-09-16 09:08:43,973] {dag.py:2306} INFO - Setting next_dagrun for example_weekday_branch_operator to 2021-09-14 00:00:00+00:00
[2021-09-16 09:08:43,981] {processor.py:170} INFO - Processing /home/airflow/.local/lib/python3.8/site-packages/airflow/example_dags/example_branch_day_of_week_operator.py took 0.055 seconds
[2021-09-16 09:09:14,326] {processor.py:162} INFO - Started process (PID=1268) to work on /home/airflow/.local/lib/python3.8/site-packages/airflow/example_dags/example_branch_day_of_week_operator.py
[2021-09-16 09:09:14,328] {processor.py:613} INFO - Processing file /home/airflow/.local/lib/python3.8/site-packages/airflow/example_dags/example_branch_day_of_week_operator.py for tasks to queue
[2021-09-16 09:09:14,329] {logging_mixin.py:109} INFO - [2021-09-16 09:09:14,328] {dagbag.py:496} INFO - Filling up the DagBag from /home/airflow/.local/lib/python3.8/site-packages/airflow/example_dags/example_branch_day_of_week_operator.py
[2021-09-16 09:09:14,339] {processor.py:623} INFO - DAG(s) dict_keys(['example_weekday_branch_operator']) retrieved from /home/airflow/.local/lib/python3.8/site-packages/airflow/example_dags/example_branch_day_of_week_operator.py
[2021-09-16 09:09:14,356] {logging_mixin.py:109} INFO - [2021-09-16 09:09:14,356] {dag.py:1833} INFO - Sync 1 DAGs
[2021-09-16 09:09:14,368] {logging_mixin.py:109} INFO - [2021-09-16 09:09:14,368] {dag.py:2306} INFO - Setting next_dagrun for example_weekday_branch_operator to 2021-09-14 00:00:00+00:00
[2021-09-16 09:09:14,375] {processor.py:170} INFO - Processing /home/airflow/.local/lib/python3.8/site-packages/airflow/example_dags/example_branch_day_of_week_operator.py took 0.052 seconds
[2021-09-16 09:09:44,736] {processor.py:162} INFO - Started process (PID=1324) to work on /home/airflow/.local/lib/python3.8/site-packages/airflow/example_dags/example_branch_day_of_week_operator.py
[2021-09-16 09:09:44,738] {processor.py:613} INFO - Processing file /home/airflow/.local/lib/python3.8/site-packages/airflow/example_dags/example_branch_day_of_week_operator.py for tasks to queue
[2021-09-16 09:09:44,739] {logging_mixin.py:109} INFO - [2021-09-16 09:09:44,738] {dagbag.py:496} INFO - Filling up the DagBag from /home/airflow/.local/lib/python3.8/site-packages/airflow/example_dags/example_branch_day_of_week_operator.py
[2021-09-16 09:09:44,749] {processor.py:623} INFO - DAG(s) dict_keys(['example_weekday_branch_operator']) retrieved from /home/airflow/.local/lib/python3.8/site-packages/airflow/example_dags/example_branch_day_of_week_operator.py
[2021-09-16 09:09:44,767] {logging_mixin.py:109} INFO - [2021-09-16 09:09:44,767] {dag.py:1833} INFO - Sync 1 DAGs
[2021-09-16 09:09:44,780] {logging_mixin.py:109} INFO - [2021-09-16 09:09:44,780] {dag.py:2306} INFO - Setting next_dagrun for example_weekday_branch_operator to 2021-09-14 00:00:00+00:00
[2021-09-16 09:09:44,788] {processor.py:170} INFO - Processing /home/airflow/.local/lib/python3.8/site-packages/airflow/example_dags/example_branch_day_of_week_operator.py took 0.055 seconds
[2021-09-16 09:10:15,063] {processor.py:162} INFO - Started process (PID=1372) to work on /home/airflow/.local/lib/python3.8/site-packages/airflow/example_dags/example_branch_day_of_week_operator.py
[2021-09-16 09:10:15,064] {processor.py:613} INFO - Processing file /home/airflow/.local/lib/python3.8/site-packages/airflow/example_dags/example_branch_day_of_week_operator.py for tasks to queue
[2021-09-16 09:10:15,066] {logging_mixin.py:109} INFO - [2021-09-16 09:10:15,066] {dagbag.py:496} INFO - Filling up the DagBag from /home/airflow/.local/lib/python3.8/site-packages/airflow/example_dags/example_branch_day_of_week_operator.py
[2021-09-16 09:10:15,085] {processor.py:623} INFO - DAG(s) dict_keys(['example_weekday_branch_operator']) retrieved from /home/airflow/.local/lib/python3.8/site-packages/airflow/example_dags/example_branch_day_of_week_operator.py
[2021-09-16 09:10:15,106] {logging_mixin.py:109} INFO - [2021-09-16 09:10:15,106] {dag.py:1833} INFO - Sync 1 DAGs
[2021-09-16 09:10:15,121] {logging_mixin.py:109} INFO - [2021-09-16 09:10:15,121] {dag.py:2306} INFO - Setting next_dagrun for example_weekday_branch_operator to 2021-09-14 00:00:00+00:00
[2021-09-16 09:10:15,130] {processor.py:170} INFO - Processing /home/airflow/.local/lib/python3.8/site-packages/airflow/example_dags/example_branch_day_of_week_operator.py took 0.071 seconds
[2021-09-16 09:10:45,665] {processor.py:162} INFO - Started process (PID=1427) to work on /home/airflow/.local/lib/python3.8/site-packages/airflow/example_dags/example_branch_day_of_week_operator.py
[2021-09-16 09:10:45,667] {processor.py:613} INFO - Processing file /home/airflow/.local/lib/python3.8/site-packages/airflow/example_dags/example_branch_day_of_week_operator.py for tasks to queue
[2021-09-16 09:10:45,669] {logging_mixin.py:109} INFO - [2021-09-16 09:10:45,669] {dagbag.py:496} INFO - Filling up the DagBag from /home/airflow/.local/lib/python3.8/site-packages/airflow/example_dags/example_branch_day_of_week_operator.py
[2021-09-16 09:10:45,681] {processor.py:623} INFO - DAG(s) dict_keys(['example_weekday_branch_operator']) retrieved from /home/airflow/.local/lib/python3.8/site-packages/airflow/example_dags/example_branch_day_of_week_operator.py
[2021-09-16 09:10:45,705] {logging_mixin.py:109} INFO - [2021-09-16 09:10:45,705] {dag.py:1833} INFO - Sync 1 DAGs
[2021-09-16 09:10:45,726] {logging_mixin.py:109} INFO - [2021-09-16 09:10:45,726] {dag.py:2306} INFO - Setting next_dagrun for example_weekday_branch_operator to 2021-09-14 00:00:00+00:00
[2021-09-16 09:10:45,735] {processor.py:170} INFO - Processing /home/airflow/.local/lib/python3.8/site-packages/airflow/example_dags/example_branch_day_of_week_operator.py took 0.073 seconds
[2021-09-16 09:11:16,177] {processor.py:162} INFO - Started process (PID=1484) to work on /home/airflow/.local/lib/python3.8/site-packages/airflow/example_dags/example_branch_day_of_week_operator.py
[2021-09-16 09:11:16,178] {processor.py:613} INFO - Processing file /home/airflow/.local/lib/python3.8/site-packages/airflow/example_dags/example_branch_day_of_week_operator.py for tasks to queue
[2021-09-16 09:11:16,179] {logging_mixin.py:109} INFO - [2021-09-16 09:11:16,179] {dagbag.py:496} INFO - Filling up the DagBag from /home/airflow/.local/lib/python3.8/site-packages/airflow/example_dags/example_branch_day_of_week_operator.py
[2021-09-16 09:11:16,190] {processor.py:623} INFO - DAG(s) dict_keys(['example_weekday_branch_operator']) retrieved from /home/airflow/.local/lib/python3.8/site-packages/airflow/example_dags/example_branch_day_of_week_operator.py
[2021-09-16 09:11:16,213] {logging_mixin.py:109} INFO - [2021-09-16 09:11:16,213] {dag.py:1833} INFO - Sync 1 DAGs
[2021-09-16 09:11:16,231] {logging_mixin.py:109} INFO - [2021-09-16 09:11:16,230] {dag.py:2306} INFO - Setting next_dagrun for example_weekday_branch_operator to 2021-09-14 00:00:00+00:00
[2021-09-16 09:11:16,240] {processor.py:170} INFO - Processing /home/airflow/.local/lib/python3.8/site-packages/airflow/example_dags/example_branch_day_of_week_operator.py took 0.066 seconds
[2021-09-16 09:11:46,664] {processor.py:162} INFO - Started process (PID=1532) to work on /home/airflow/.local/lib/python3.8/site-packages/airflow/example_dags/example_branch_day_of_week_operator.py
[2021-09-16 09:11:46,666] {processor.py:613} INFO - Processing file /home/airflow/.local/lib/python3.8/site-packages/airflow/example_dags/example_branch_day_of_week_operator.py for tasks to queue
[2021-09-16 09:11:46,667] {logging_mixin.py:109} INFO - [2021-09-16 09:11:46,667] {dagbag.py:496} INFO - Filling up the DagBag from /home/airflow/.local/lib/python3.8/site-packages/airflow/example_dags/example_branch_day_of_week_operator.py
[2021-09-16 09:11:46,677] {processor.py:623} INFO - DAG(s) dict_keys(['example_weekday_branch_operator']) retrieved from /home/airflow/.local/lib/python3.8/site-packages/airflow/example_dags/example_branch_day_of_week_operator.py
[2021-09-16 09:11:46,701] {logging_mixin.py:109} INFO - [2021-09-16 09:11:46,701] {dag.py:1833} INFO - Sync 1 DAGs
[2021-09-16 09:11:46,715] {logging_mixin.py:109} INFO - [2021-09-16 09:11:46,715] {dag.py:2306} INFO - Setting next_dagrun for example_weekday_branch_operator to 2021-09-14 00:00:00+00:00
[2021-09-16 09:11:46,723] {processor.py:170} INFO - Processing /home/airflow/.local/lib/python3.8/site-packages/airflow/example_dags/example_branch_day_of_week_operator.py took 0.062 seconds
[2021-09-16 09:12:17,163] {processor.py:162} INFO - Started process (PID=1587) to work on /home/airflow/.local/lib/python3.8/site-packages/airflow/example_dags/example_branch_day_of_week_operator.py
[2021-09-16 09:12:17,165] {processor.py:613} INFO - Processing file /home/airflow/.local/lib/python3.8/site-packages/airflow/example_dags/example_branch_day_of_week_operator.py for tasks to queue
[2021-09-16 09:12:17,166] {logging_mixin.py:109} INFO - [2021-09-16 09:12:17,165] {dagbag.py:496} INFO - Filling up the DagBag from /home/airflow/.local/lib/python3.8/site-packages/airflow/example_dags/example_branch_day_of_week_operator.py
[2021-09-16 09:12:17,176] {processor.py:623} INFO - DAG(s) dict_keys(['example_weekday_branch_operator']) retrieved from /home/airflow/.local/lib/python3.8/site-packages/airflow/example_dags/example_branch_day_of_week_operator.py
[2021-09-16 09:12:17,194] {logging_mixin.py:109} INFO - [2021-09-16 09:12:17,194] {dag.py:1833} INFO - Sync 1 DAGs
[2021-09-16 09:12:17,208] {logging_mixin.py:109} INFO - [2021-09-16 09:12:17,208] {dag.py:2306} INFO - Setting next_dagrun for example_weekday_branch_operator to 2021-09-14 00:00:00+00:00
[2021-09-16 09:12:17,217] {processor.py:170} INFO - Processing /home/airflow/.local/lib/python3.8/site-packages/airflow/example_dags/example_branch_day_of_week_operator.py took 0.056 seconds
[2021-09-16 09:12:47,610] {processor.py:162} INFO - Started process (PID=1643) to work on /home/airflow/.local/lib/python3.8/site-packages/airflow/example_dags/example_branch_day_of_week_operator.py
[2021-09-16 09:12:47,611] {processor.py:613} INFO - Processing file /home/airflow/.local/lib/python3.8/site-packages/airflow/example_dags/example_branch_day_of_week_operator.py for tasks to queue
[2021-09-16 09:12:47,612] {logging_mixin.py:109} INFO - [2021-09-16 09:12:47,612] {dagbag.py:496} INFO - Filling up the DagBag from /home/airflow/.local/lib/python3.8/site-packages/airflow/example_dags/example_branch_day_of_week_operator.py
[2021-09-16 09:12:47,623] {processor.py:623} INFO - DAG(s) dict_keys(['example_weekday_branch_operator']) retrieved from /home/airflow/.local/lib/python3.8/site-packages/airflow/example_dags/example_branch_day_of_week_operator.py
[2021-09-16 09:12:47,644] {logging_mixin.py:109} INFO - [2021-09-16 09:12:47,643] {dag.py:1833} INFO - Sync 1 DAGs
[2021-09-16 09:12:47,657] {logging_mixin.py:109} INFO - [2021-09-16 09:12:47,657] {dag.py:2306} INFO - Setting next_dagrun for example_weekday_branch_operator to 2021-09-14 00:00:00+00:00
[2021-09-16 09:12:47,667] {processor.py:170} INFO - Processing /home/airflow/.local/lib/python3.8/site-packages/airflow/example_dags/example_branch_day_of_week_operator.py took 0.060 seconds
[2021-09-16 09:13:18,094] {processor.py:162} INFO - Started process (PID=1699) to work on /home/airflow/.local/lib/python3.8/site-packages/airflow/example_dags/example_branch_day_of_week_operator.py
[2021-09-16 09:13:18,096] {processor.py:613} INFO - Processing file /home/airflow/.local/lib/python3.8/site-packages/airflow/example_dags/example_branch_day_of_week_operator.py for tasks to queue
[2021-09-16 09:13:18,098] {logging_mixin.py:109} INFO - [2021-09-16 09:13:18,098] {dagbag.py:496} INFO - Filling up the DagBag from /home/airflow/.local/lib/python3.8/site-packages/airflow/example_dags/example_branch_day_of_week_operator.py
[2021-09-16 09:13:18,112] {processor.py:623} INFO - DAG(s) dict_keys(['example_weekday_branch_operator']) retrieved from /home/airflow/.local/lib/python3.8/site-packages/airflow/example_dags/example_branch_day_of_week_operator.py
[2021-09-16 09:13:18,131] {logging_mixin.py:109} INFO - [2021-09-16 09:13:18,131] {dag.py:1833} INFO - Sync 1 DAGs
[2021-09-16 09:13:18,145] {logging_mixin.py:109} INFO - [2021-09-16 09:13:18,145] {dag.py:2306} INFO - Setting next_dagrun for example_weekday_branch_operator to 2021-09-14 00:00:00+00:00
[2021-09-16 09:13:18,156] {processor.py:170} INFO - Processing /home/airflow/.local/lib/python3.8/site-packages/airflow/example_dags/example_branch_day_of_week_operator.py took 0.065 seconds
[2021-09-16 09:13:48,347] {processor.py:162} INFO - Started process (PID=1747) to work on /home/airflow/.local/lib/python3.8/site-packages/airflow/example_dags/example_branch_day_of_week_operator.py
[2021-09-16 09:13:48,348] {processor.py:613} INFO - Processing file /home/airflow/.local/lib/python3.8/site-packages/airflow/example_dags/example_branch_day_of_week_operator.py for tasks to queue
[2021-09-16 09:13:48,349] {logging_mixin.py:109} INFO - [2021-09-16 09:13:48,349] {dagbag.py:496} INFO - Filling up the DagBag from /home/airflow/.local/lib/python3.8/site-packages/airflow/example_dags/example_branch_day_of_week_operator.py
[2021-09-16 09:13:48,361] {processor.py:623} INFO - DAG(s) dict_keys(['example_weekday_branch_operator']) retrieved from /home/airflow/.local/lib/python3.8/site-packages/airflow/example_dags/example_branch_day_of_week_operator.py
[2021-09-16 09:13:48,380] {logging_mixin.py:109} INFO - [2021-09-16 09:13:48,380] {dag.py:1833} INFO - Sync 1 DAGs
[2021-09-16 09:13:48,394] {logging_mixin.py:109} INFO - [2021-09-16 09:13:48,394] {dag.py:2306} INFO - Setting next_dagrun for example_weekday_branch_operator to 2021-09-14 00:00:00+00:00
[2021-09-16 09:13:48,404] {processor.py:170} INFO - Processing /home/airflow/.local/lib/python3.8/site-packages/airflow/example_dags/example_branch_day_of_week_operator.py took 0.061 seconds
[2021-09-16 09:14:18,436] {processor.py:162} INFO - Started process (PID=1801) to work on /home/airflow/.local/lib/python3.8/site-packages/airflow/example_dags/example_branch_day_of_week_operator.py
[2021-09-16 09:14:18,438] {processor.py:613} INFO - Processing file /home/airflow/.local/lib/python3.8/site-packages/airflow/example_dags/example_branch_day_of_week_operator.py for tasks to queue
[2021-09-16 09:14:18,439] {logging_mixin.py:109} INFO - [2021-09-16 09:14:18,439] {dagbag.py:496} INFO - Filling up the DagBag from /home/airflow/.local/lib/python3.8/site-packages/airflow/example_dags/example_branch_day_of_week_operator.py
[2021-09-16 09:14:18,452] {processor.py:623} INFO - DAG(s) dict_keys(['example_weekday_branch_operator']) retrieved from /home/airflow/.local/lib/python3.8/site-packages/airflow/example_dags/example_branch_day_of_week_operator.py
[2021-09-16 09:14:18,474] {logging_mixin.py:109} INFO - [2021-09-16 09:14:18,474] {dag.py:1833} INFO - Sync 1 DAGs
[2021-09-16 09:14:18,488] {logging_mixin.py:109} INFO - [2021-09-16 09:14:18,488] {dag.py:2306} INFO - Setting next_dagrun for example_weekday_branch_operator to 2021-09-14 00:00:00+00:00
[2021-09-16 09:14:18,497] {processor.py:170} INFO - Processing /home/airflow/.local/lib/python3.8/site-packages/airflow/example_dags/example_branch_day_of_week_operator.py took 0.065 seconds
[2021-09-16 09:14:48,752] {processor.py:162} INFO - Started process (PID=1856) to work on /home/airflow/.local/lib/python3.8/site-packages/airflow/example_dags/example_branch_day_of_week_operator.py
[2021-09-16 09:14:48,753] {processor.py:613} INFO - Processing file /home/airflow/.local/lib/python3.8/site-packages/airflow/example_dags/example_branch_day_of_week_operator.py for tasks to queue
[2021-09-16 09:14:48,755] {logging_mixin.py:109} INFO - [2021-09-16 09:14:48,754] {dagbag.py:496} INFO - Filling up the DagBag from /home/airflow/.local/lib/python3.8/site-packages/airflow/example_dags/example_branch_day_of_week_operator.py
[2021-09-16 09:14:48,768] {processor.py:623} INFO - DAG(s) dict_keys(['example_weekday_branch_operator']) retrieved from /home/airflow/.local/lib/python3.8/site-packages/airflow/example_dags/example_branch_day_of_week_operator.py
[2021-09-16 09:14:48,788] {logging_mixin.py:109} INFO - [2021-09-16 09:14:48,788] {dag.py:1833} INFO - Sync 1 DAGs
[2021-09-16 09:14:48,802] {logging_mixin.py:109} INFO - [2021-09-16 09:14:48,802] {dag.py:2306} INFO - Setting next_dagrun for example_weekday_branch_operator to 2021-09-14 00:00:00+00:00
[2021-09-16 09:14:48,813] {processor.py:170} INFO - Processing /home/airflow/.local/lib/python3.8/site-packages/airflow/example_dags/example_branch_day_of_week_operator.py took 0.065 seconds
[2021-09-16 09:15:18,850] {processor.py:162} INFO - Started process (PID=1903) to work on /home/airflow/.local/lib/python3.8/site-packages/airflow/example_dags/example_branch_day_of_week_operator.py
[2021-09-16 09:15:18,851] {processor.py:613} INFO - Processing file /home/airflow/.local/lib/python3.8/site-packages/airflow/example_dags/example_branch_day_of_week_operator.py for tasks to queue
[2021-09-16 09:15:18,853] {logging_mixin.py:109} INFO - [2021-09-16 09:15:18,853] {dagbag.py:496} INFO - Filling up the DagBag from /home/airflow/.local/lib/python3.8/site-packages/airflow/example_dags/example_branch_day_of_week_operator.py
[2021-09-16 09:15:18,864] {processor.py:623} INFO - DAG(s) dict_keys(['example_weekday_branch_operator']) retrieved from /home/airflow/.local/lib/python3.8/site-packages/airflow/example_dags/example_branch_day_of_week_operator.py
[2021-09-16 09:15:18,886] {logging_mixin.py:109} INFO - [2021-09-16 09:15:18,886] {dag.py:1833} INFO - Sync 1 DAGs
[2021-09-16 09:15:18,904] {logging_mixin.py:109} INFO - [2021-09-16 09:15:18,904] {dag.py:2306} INFO - Setting next_dagrun for example_weekday_branch_operator to 2021-09-14 00:00:00+00:00
[2021-09-16 09:15:18,913] {processor.py:170} INFO - Processing /home/airflow/.local/lib/python3.8/site-packages/airflow/example_dags/example_branch_day_of_week_operator.py took 0.066 seconds
[2021-09-16 09:15:49,218] {processor.py:162} INFO - Started process (PID=1959) to work on /home/airflow/.local/lib/python3.8/site-packages/airflow/example_dags/example_branch_day_of_week_operator.py
[2021-09-16 09:15:49,219] {processor.py:613} INFO - Processing file /home/airflow/.local/lib/python3.8/site-packages/airflow/example_dags/example_branch_day_of_week_operator.py for tasks to queue
[2021-09-16 09:15:49,220] {logging_mixin.py:109} INFO - [2021-09-16 09:15:49,220] {dagbag.py:496} INFO - Filling up the DagBag from /home/airflow/.local/lib/python3.8/site-packages/airflow/example_dags/example_branch_day_of_week_operator.py
[2021-09-16 09:15:49,231] {processor.py:623} INFO - DAG(s) dict_keys(['example_weekday_branch_operator']) retrieved from /home/airflow/.local/lib/python3.8/site-packages/airflow/example_dags/example_branch_day_of_week_operator.py
[2021-09-16 09:15:49,248] {logging_mixin.py:109} INFO - [2021-09-16 09:15:49,248] {dag.py:1833} INFO - Sync 1 DAGs
[2021-09-16 09:15:49,261] {logging_mixin.py:109} INFO - [2021-09-16 09:15:49,261] {dag.py:2306} INFO - Setting next_dagrun for example_weekday_branch_operator to 2021-09-14 00:00:00+00:00
[2021-09-16 09:15:49,268] {processor.py:170} INFO - Processing /home/airflow/.local/lib/python3.8/site-packages/airflow/example_dags/example_branch_day_of_week_operator.py took 0.053 seconds
