[2021-09-16 08:37:29,601] {processor.py:162} INFO - Started process (PID=24) to work on /home/airflow/.local/lib/python3.8/site-packages/airflow/example_dags/example_short_circuit_operator.py
[2021-09-16 08:37:29,602] {processor.py:613} INFO - Processing file /home/airflow/.local/lib/python3.8/site-packages/airflow/example_dags/example_short_circuit_operator.py for tasks to queue
[2021-09-16 08:37:29,604] {logging_mixin.py:109} INFO - [2021-09-16 08:37:29,603] {dagbag.py:496} INFO - Filling up the DagBag from /home/airflow/.local/lib/python3.8/site-packages/airflow/example_dags/example_short_circuit_operator.py
[2021-09-16 08:37:29,637] {processor.py:623} INFO - DAG(s) dict_keys(['example_short_circuit_operator']) retrieved from /home/airflow/.local/lib/python3.8/site-packages/airflow/example_dags/example_short_circuit_operator.py
[2021-09-16 08:37:34,989] {logging_mixin.py:109} WARNING - /home/airflow/.local/lib/python3.8/site-packages/azure/cosmos/session.py:186 SyntaxWarning: "is not" with a literal. Did you mean "!="?
[2021-09-16 08:37:36,502] {logging_mixin.py:109} INFO - [2021-09-16 08:37:36,501] {dag.py:1833} INFO - Sync 1 DAGs
[2021-09-16 08:37:36,528] {logging_mixin.py:109} INFO - [2021-09-16 08:37:36,528] {dag.py:1852} INFO - Creating ORM DAG for example_short_circuit_operator
[2021-09-16 08:37:36,554] {logging_mixin.py:109} INFO - [2021-09-16 08:37:36,554] {dag.py:2306} INFO - Setting next_dagrun for example_short_circuit_operator to 2021-09-14 00:00:00+00:00
[2021-09-16 08:37:36,569] {processor.py:170} INFO - Processing /home/airflow/.local/lib/python3.8/site-packages/airflow/example_dags/example_short_circuit_operator.py took 6.971 seconds
[2021-09-16 08:38:06,716] {processor.py:162} INFO - Started process (PID=321) to work on /home/airflow/.local/lib/python3.8/site-packages/airflow/example_dags/example_short_circuit_operator.py
[2021-09-16 08:38:06,718] {processor.py:613} INFO - Processing file /home/airflow/.local/lib/python3.8/site-packages/airflow/example_dags/example_short_circuit_operator.py for tasks to queue
[2021-09-16 08:38:06,719] {logging_mixin.py:109} INFO - [2021-09-16 08:38:06,718] {dagbag.py:496} INFO - Filling up the DagBag from /home/airflow/.local/lib/python3.8/site-packages/airflow/example_dags/example_short_circuit_operator.py
[2021-09-16 08:38:06,732] {processor.py:623} INFO - DAG(s) dict_keys(['example_short_circuit_operator']) retrieved from /home/airflow/.local/lib/python3.8/site-packages/airflow/example_dags/example_short_circuit_operator.py
[2021-09-16 08:38:06,753] {logging_mixin.py:109} INFO - [2021-09-16 08:38:06,753] {dag.py:1833} INFO - Sync 1 DAGs
[2021-09-16 08:38:06,766] {logging_mixin.py:109} INFO - [2021-09-16 08:38:06,766] {dag.py:2306} INFO - Setting next_dagrun for example_short_circuit_operator to 2021-09-14 00:00:00+00:00
[2021-09-16 08:38:06,776] {processor.py:170} INFO - Processing /home/airflow/.local/lib/python3.8/site-packages/airflow/example_dags/example_short_circuit_operator.py took 0.063 seconds
[2021-09-16 08:38:37,259] {processor.py:162} INFO - Started process (PID=377) to work on /home/airflow/.local/lib/python3.8/site-packages/airflow/example_dags/example_short_circuit_operator.py
[2021-09-16 08:38:37,261] {processor.py:613} INFO - Processing file /home/airflow/.local/lib/python3.8/site-packages/airflow/example_dags/example_short_circuit_operator.py for tasks to queue
[2021-09-16 08:38:37,262] {logging_mixin.py:109} INFO - [2021-09-16 08:38:37,262] {dagbag.py:496} INFO - Filling up the DagBag from /home/airflow/.local/lib/python3.8/site-packages/airflow/example_dags/example_short_circuit_operator.py
[2021-09-16 08:38:37,277] {processor.py:623} INFO - DAG(s) dict_keys(['example_short_circuit_operator']) retrieved from /home/airflow/.local/lib/python3.8/site-packages/airflow/example_dags/example_short_circuit_operator.py
[2021-09-16 08:38:37,297] {logging_mixin.py:109} INFO - [2021-09-16 08:38:37,297] {dag.py:1833} INFO - Sync 1 DAGs
[2021-09-16 08:38:37,308] {logging_mixin.py:109} INFO - [2021-09-16 08:38:37,308] {dag.py:2306} INFO - Setting next_dagrun for example_short_circuit_operator to 2021-09-14 00:00:00+00:00
[2021-09-16 08:38:37,317] {processor.py:170} INFO - Processing /home/airflow/.local/lib/python3.8/site-packages/airflow/example_dags/example_short_circuit_operator.py took 0.063 seconds
[2021-09-16 08:39:07,964] {processor.py:162} INFO - Started process (PID=424) to work on /home/airflow/.local/lib/python3.8/site-packages/airflow/example_dags/example_short_circuit_operator.py
[2021-09-16 08:39:07,966] {processor.py:613} INFO - Processing file /home/airflow/.local/lib/python3.8/site-packages/airflow/example_dags/example_short_circuit_operator.py for tasks to queue
[2021-09-16 08:39:07,967] {logging_mixin.py:109} INFO - [2021-09-16 08:39:07,967] {dagbag.py:496} INFO - Filling up the DagBag from /home/airflow/.local/lib/python3.8/site-packages/airflow/example_dags/example_short_circuit_operator.py
[2021-09-16 08:39:07,979] {processor.py:623} INFO - DAG(s) dict_keys(['example_short_circuit_operator']) retrieved from /home/airflow/.local/lib/python3.8/site-packages/airflow/example_dags/example_short_circuit_operator.py
[2021-09-16 08:39:08,003] {logging_mixin.py:109} INFO - [2021-09-16 08:39:08,003] {dag.py:1833} INFO - Sync 1 DAGs
[2021-09-16 08:39:08,019] {logging_mixin.py:109} INFO - [2021-09-16 08:39:08,019] {dag.py:2306} INFO - Setting next_dagrun for example_short_circuit_operator to 2021-09-14 00:00:00+00:00
[2021-09-16 08:39:08,028] {processor.py:170} INFO - Processing /home/airflow/.local/lib/python3.8/site-packages/airflow/example_dags/example_short_circuit_operator.py took 0.068 seconds
[2021-09-16 08:39:38,066] {processor.py:162} INFO - Started process (PID=482) to work on /home/airflow/.local/lib/python3.8/site-packages/airflow/example_dags/example_short_circuit_operator.py
[2021-09-16 08:39:38,068] {processor.py:613} INFO - Processing file /home/airflow/.local/lib/python3.8/site-packages/airflow/example_dags/example_short_circuit_operator.py for tasks to queue
[2021-09-16 08:39:38,069] {logging_mixin.py:109} INFO - [2021-09-16 08:39:38,069] {dagbag.py:496} INFO - Filling up the DagBag from /home/airflow/.local/lib/python3.8/site-packages/airflow/example_dags/example_short_circuit_operator.py
[2021-09-16 08:39:38,082] {processor.py:623} INFO - DAG(s) dict_keys(['example_short_circuit_operator']) retrieved from /home/airflow/.local/lib/python3.8/site-packages/airflow/example_dags/example_short_circuit_operator.py
[2021-09-16 08:39:38,104] {logging_mixin.py:109} INFO - [2021-09-16 08:39:38,104] {dag.py:1833} INFO - Sync 1 DAGs
[2021-09-16 08:39:38,117] {logging_mixin.py:109} INFO - [2021-09-16 08:39:38,117] {dag.py:2306} INFO - Setting next_dagrun for example_short_circuit_operator to 2021-09-14 00:00:00+00:00
[2021-09-16 08:39:38,127] {processor.py:170} INFO - Processing /home/airflow/.local/lib/python3.8/site-packages/airflow/example_dags/example_short_circuit_operator.py took 0.065 seconds
[2021-09-16 08:59:44,905] {processor.py:162} INFO - Started process (PID=25) to work on /home/airflow/.local/lib/python3.8/site-packages/airflow/example_dags/example_short_circuit_operator.py
[2021-09-16 08:59:44,906] {processor.py:613} INFO - Processing file /home/airflow/.local/lib/python3.8/site-packages/airflow/example_dags/example_short_circuit_operator.py for tasks to queue
[2021-09-16 08:59:44,907] {logging_mixin.py:109} INFO - [2021-09-16 08:59:44,907] {dagbag.py:496} INFO - Filling up the DagBag from /home/airflow/.local/lib/python3.8/site-packages/airflow/example_dags/example_short_circuit_operator.py
[2021-09-16 08:59:44,925] {processor.py:623} INFO - DAG(s) dict_keys(['example_short_circuit_operator']) retrieved from /home/airflow/.local/lib/python3.8/site-packages/airflow/example_dags/example_short_circuit_operator.py
[2021-09-16 08:59:48,539] {logging_mixin.py:109} WARNING - /home/airflow/.local/lib/python3.8/site-packages/azure/cosmos/session.py:186 SyntaxWarning: "is not" with a literal. Did you mean "!="?
[2021-09-16 08:59:48,601] {logging_mixin.py:109} WARNING - /home/airflow/.local/lib/python3.8/site-packages/azure/storage/common/_connection.py:82 SyntaxWarning: "is" with a literal. Did you mean "=="?
[2021-09-16 08:59:49,273] {logging_mixin.py:109} INFO - [2021-09-16 08:59:49,273] {dag.py:1833} INFO - Sync 1 DAGs
[2021-09-16 08:59:49,280] {logging_mixin.py:109} INFO - [2021-09-16 08:59:49,280] {dag.py:1852} INFO - Creating ORM DAG for example_short_circuit_operator
[2021-09-16 08:59:49,285] {logging_mixin.py:109} INFO - [2021-09-16 08:59:49,285] {dag.py:2306} INFO - Setting next_dagrun for example_short_circuit_operator to 2021-09-14 00:00:00+00:00
[2021-09-16 08:59:49,296] {processor.py:170} INFO - Processing /home/airflow/.local/lib/python3.8/site-packages/airflow/example_dags/example_short_circuit_operator.py took 4.394 seconds
[2021-09-16 09:00:19,639] {processor.py:162} INFO - Started process (PID=321) to work on /home/airflow/.local/lib/python3.8/site-packages/airflow/example_dags/example_short_circuit_operator.py
[2021-09-16 09:00:19,641] {processor.py:613} INFO - Processing file /home/airflow/.local/lib/python3.8/site-packages/airflow/example_dags/example_short_circuit_operator.py for tasks to queue
[2021-09-16 09:00:19,642] {logging_mixin.py:109} INFO - [2021-09-16 09:00:19,642] {dagbag.py:496} INFO - Filling up the DagBag from /home/airflow/.local/lib/python3.8/site-packages/airflow/example_dags/example_short_circuit_operator.py
[2021-09-16 09:00:19,653] {processor.py:623} INFO - DAG(s) dict_keys(['example_short_circuit_operator']) retrieved from /home/airflow/.local/lib/python3.8/site-packages/airflow/example_dags/example_short_circuit_operator.py
[2021-09-16 09:00:19,672] {logging_mixin.py:109} INFO - [2021-09-16 09:00:19,672] {dag.py:1833} INFO - Sync 1 DAGs
[2021-09-16 09:00:19,684] {logging_mixin.py:109} INFO - [2021-09-16 09:00:19,683] {dag.py:2306} INFO - Setting next_dagrun for example_short_circuit_operator to 2021-09-14 00:00:00+00:00
[2021-09-16 09:00:19,692] {processor.py:170} INFO - Processing /home/airflow/.local/lib/python3.8/site-packages/airflow/example_dags/example_short_circuit_operator.py took 0.056 seconds
[2021-09-16 09:00:50,344] {processor.py:162} INFO - Started process (PID=376) to work on /home/airflow/.local/lib/python3.8/site-packages/airflow/example_dags/example_short_circuit_operator.py
[2021-09-16 09:00:50,345] {processor.py:613} INFO - Processing file /home/airflow/.local/lib/python3.8/site-packages/airflow/example_dags/example_short_circuit_operator.py for tasks to queue
[2021-09-16 09:00:50,347] {logging_mixin.py:109} INFO - [2021-09-16 09:00:50,346] {dagbag.py:496} INFO - Filling up the DagBag from /home/airflow/.local/lib/python3.8/site-packages/airflow/example_dags/example_short_circuit_operator.py
[2021-09-16 09:00:50,358] {processor.py:623} INFO - DAG(s) dict_keys(['example_short_circuit_operator']) retrieved from /home/airflow/.local/lib/python3.8/site-packages/airflow/example_dags/example_short_circuit_operator.py
[2021-09-16 09:00:50,375] {logging_mixin.py:109} INFO - [2021-09-16 09:00:50,374] {dag.py:1833} INFO - Sync 1 DAGs
[2021-09-16 09:00:50,385] {logging_mixin.py:109} INFO - [2021-09-16 09:00:50,385] {dag.py:2306} INFO - Setting next_dagrun for example_short_circuit_operator to 2021-09-14 00:00:00+00:00
[2021-09-16 09:00:50,393] {processor.py:170} INFO - Processing /home/airflow/.local/lib/python3.8/site-packages/airflow/example_dags/example_short_circuit_operator.py took 0.053 seconds
[2021-09-16 09:01:20,482] {processor.py:162} INFO - Started process (PID=433) to work on /home/airflow/.local/lib/python3.8/site-packages/airflow/example_dags/example_short_circuit_operator.py
[2021-09-16 09:01:20,484] {processor.py:613} INFO - Processing file /home/airflow/.local/lib/python3.8/site-packages/airflow/example_dags/example_short_circuit_operator.py for tasks to queue
[2021-09-16 09:01:20,485] {logging_mixin.py:109} INFO - [2021-09-16 09:01:20,485] {dagbag.py:496} INFO - Filling up the DagBag from /home/airflow/.local/lib/python3.8/site-packages/airflow/example_dags/example_short_circuit_operator.py
[2021-09-16 09:01:20,502] {processor.py:623} INFO - DAG(s) dict_keys(['example_short_circuit_operator']) retrieved from /home/airflow/.local/lib/python3.8/site-packages/airflow/example_dags/example_short_circuit_operator.py
[2021-09-16 09:01:20,523] {logging_mixin.py:109} INFO - [2021-09-16 09:01:20,522] {dag.py:1833} INFO - Sync 1 DAGs
[2021-09-16 09:01:20,534] {logging_mixin.py:109} INFO - [2021-09-16 09:01:20,534] {dag.py:2306} INFO - Setting next_dagrun for example_short_circuit_operator to 2021-09-14 00:00:00+00:00
[2021-09-16 09:01:20,542] {processor.py:170} INFO - Processing /home/airflow/.local/lib/python3.8/site-packages/airflow/example_dags/example_short_circuit_operator.py took 0.064 seconds
[2021-09-16 09:01:50,859] {processor.py:162} INFO - Started process (PID=481) to work on /home/airflow/.local/lib/python3.8/site-packages/airflow/example_dags/example_short_circuit_operator.py
[2021-09-16 09:01:50,861] {processor.py:613} INFO - Processing file /home/airflow/.local/lib/python3.8/site-packages/airflow/example_dags/example_short_circuit_operator.py for tasks to queue
[2021-09-16 09:01:50,862] {logging_mixin.py:109} INFO - [2021-09-16 09:01:50,862] {dagbag.py:496} INFO - Filling up the DagBag from /home/airflow/.local/lib/python3.8/site-packages/airflow/example_dags/example_short_circuit_operator.py
[2021-09-16 09:01:50,873] {processor.py:623} INFO - DAG(s) dict_keys(['example_short_circuit_operator']) retrieved from /home/airflow/.local/lib/python3.8/site-packages/airflow/example_dags/example_short_circuit_operator.py
[2021-09-16 09:01:50,892] {logging_mixin.py:109} INFO - [2021-09-16 09:01:50,892] {dag.py:1833} INFO - Sync 1 DAGs
[2021-09-16 09:01:50,904] {logging_mixin.py:109} INFO - [2021-09-16 09:01:50,903] {dag.py:2306} INFO - Setting next_dagrun for example_short_circuit_operator to 2021-09-14 00:00:00+00:00
[2021-09-16 09:01:50,913] {processor.py:170} INFO - Processing /home/airflow/.local/lib/python3.8/site-packages/airflow/example_dags/example_short_circuit_operator.py took 0.058 seconds
[2021-09-16 09:02:21,181] {processor.py:162} INFO - Started process (PID=536) to work on /home/airflow/.local/lib/python3.8/site-packages/airflow/example_dags/example_short_circuit_operator.py
[2021-09-16 09:02:21,183] {processor.py:613} INFO - Processing file /home/airflow/.local/lib/python3.8/site-packages/airflow/example_dags/example_short_circuit_operator.py for tasks to queue
[2021-09-16 09:02:21,184] {logging_mixin.py:109} INFO - [2021-09-16 09:02:21,184] {dagbag.py:496} INFO - Filling up the DagBag from /home/airflow/.local/lib/python3.8/site-packages/airflow/example_dags/example_short_circuit_operator.py
[2021-09-16 09:02:21,196] {processor.py:623} INFO - DAG(s) dict_keys(['example_short_circuit_operator']) retrieved from /home/airflow/.local/lib/python3.8/site-packages/airflow/example_dags/example_short_circuit_operator.py
[2021-09-16 09:02:21,215] {logging_mixin.py:109} INFO - [2021-09-16 09:02:21,215] {dag.py:1833} INFO - Sync 1 DAGs
[2021-09-16 09:02:21,226] {logging_mixin.py:109} INFO - [2021-09-16 09:02:21,226] {dag.py:2306} INFO - Setting next_dagrun for example_short_circuit_operator to 2021-09-14 00:00:00+00:00
[2021-09-16 09:02:21,234] {processor.py:170} INFO - Processing /home/airflow/.local/lib/python3.8/site-packages/airflow/example_dags/example_short_circuit_operator.py took 0.057 seconds
[2021-09-16 09:02:51,568] {processor.py:162} INFO - Started process (PID=592) to work on /home/airflow/.local/lib/python3.8/site-packages/airflow/example_dags/example_short_circuit_operator.py
[2021-09-16 09:02:51,570] {processor.py:613} INFO - Processing file /home/airflow/.local/lib/python3.8/site-packages/airflow/example_dags/example_short_circuit_operator.py for tasks to queue
[2021-09-16 09:02:51,571] {logging_mixin.py:109} INFO - [2021-09-16 09:02:51,571] {dagbag.py:496} INFO - Filling up the DagBag from /home/airflow/.local/lib/python3.8/site-packages/airflow/example_dags/example_short_circuit_operator.py
[2021-09-16 09:02:51,582] {processor.py:623} INFO - DAG(s) dict_keys(['example_short_circuit_operator']) retrieved from /home/airflow/.local/lib/python3.8/site-packages/airflow/example_dags/example_short_circuit_operator.py
[2021-09-16 09:02:51,600] {logging_mixin.py:109} INFO - [2021-09-16 09:02:51,600] {dag.py:1833} INFO - Sync 1 DAGs
[2021-09-16 09:02:51,611] {logging_mixin.py:109} INFO - [2021-09-16 09:02:51,611] {dag.py:2306} INFO - Setting next_dagrun for example_short_circuit_operator to 2021-09-14 00:00:00+00:00
[2021-09-16 09:02:51,619] {processor.py:170} INFO - Processing /home/airflow/.local/lib/python3.8/site-packages/airflow/example_dags/example_short_circuit_operator.py took 0.054 seconds
[2021-09-16 09:03:21,991] {processor.py:162} INFO - Started process (PID=640) to work on /home/airflow/.local/lib/python3.8/site-packages/airflow/example_dags/example_short_circuit_operator.py
[2021-09-16 09:03:21,993] {processor.py:613} INFO - Processing file /home/airflow/.local/lib/python3.8/site-packages/airflow/example_dags/example_short_circuit_operator.py for tasks to queue
[2021-09-16 09:03:21,994] {logging_mixin.py:109} INFO - [2021-09-16 09:03:21,994] {dagbag.py:496} INFO - Filling up the DagBag from /home/airflow/.local/lib/python3.8/site-packages/airflow/example_dags/example_short_circuit_operator.py
[2021-09-16 09:03:22,005] {processor.py:623} INFO - DAG(s) dict_keys(['example_short_circuit_operator']) retrieved from /home/airflow/.local/lib/python3.8/site-packages/airflow/example_dags/example_short_circuit_operator.py
[2021-09-16 09:03:22,024] {logging_mixin.py:109} INFO - [2021-09-16 09:03:22,024] {dag.py:1833} INFO - Sync 1 DAGs
[2021-09-16 09:03:22,040] {logging_mixin.py:109} INFO - [2021-09-16 09:03:22,040] {dag.py:2306} INFO - Setting next_dagrun for example_short_circuit_operator to 2021-09-14 00:00:00+00:00
[2021-09-16 09:03:22,049] {processor.py:170} INFO - Processing /home/airflow/.local/lib/python3.8/site-packages/airflow/example_dags/example_short_circuit_operator.py took 0.062 seconds
[2021-09-16 09:03:52,157] {processor.py:162} INFO - Started process (PID=695) to work on /home/airflow/.local/lib/python3.8/site-packages/airflow/example_dags/example_short_circuit_operator.py
[2021-09-16 09:03:52,159] {processor.py:613} INFO - Processing file /home/airflow/.local/lib/python3.8/site-packages/airflow/example_dags/example_short_circuit_operator.py for tasks to queue
[2021-09-16 09:03:52,160] {logging_mixin.py:109} INFO - [2021-09-16 09:03:52,159] {dagbag.py:496} INFO - Filling up the DagBag from /home/airflow/.local/lib/python3.8/site-packages/airflow/example_dags/example_short_circuit_operator.py
[2021-09-16 09:03:52,171] {processor.py:623} INFO - DAG(s) dict_keys(['example_short_circuit_operator']) retrieved from /home/airflow/.local/lib/python3.8/site-packages/airflow/example_dags/example_short_circuit_operator.py
[2021-09-16 09:03:52,191] {logging_mixin.py:109} INFO - [2021-09-16 09:03:52,191] {dag.py:1833} INFO - Sync 1 DAGs
[2021-09-16 09:03:52,208] {logging_mixin.py:109} INFO - [2021-09-16 09:03:52,208] {dag.py:2306} INFO - Setting next_dagrun for example_short_circuit_operator to 2021-09-14 00:00:00+00:00
[2021-09-16 09:03:52,218] {processor.py:170} INFO - Processing /home/airflow/.local/lib/python3.8/site-packages/airflow/example_dags/example_short_circuit_operator.py took 0.064 seconds
[2021-09-16 09:04:22,490] {processor.py:162} INFO - Started process (PID=752) to work on /home/airflow/.local/lib/python3.8/site-packages/airflow/example_dags/example_short_circuit_operator.py
[2021-09-16 09:04:22,492] {processor.py:613} INFO - Processing file /home/airflow/.local/lib/python3.8/site-packages/airflow/example_dags/example_short_circuit_operator.py for tasks to queue
[2021-09-16 09:04:22,493] {logging_mixin.py:109} INFO - [2021-09-16 09:04:22,493] {dagbag.py:496} INFO - Filling up the DagBag from /home/airflow/.local/lib/python3.8/site-packages/airflow/example_dags/example_short_circuit_operator.py
[2021-09-16 09:04:22,505] {processor.py:623} INFO - DAG(s) dict_keys(['example_short_circuit_operator']) retrieved from /home/airflow/.local/lib/python3.8/site-packages/airflow/example_dags/example_short_circuit_operator.py
[2021-09-16 09:04:22,522] {logging_mixin.py:109} INFO - [2021-09-16 09:04:22,522] {dag.py:1833} INFO - Sync 1 DAGs
[2021-09-16 09:04:22,533] {logging_mixin.py:109} INFO - [2021-09-16 09:04:22,533] {dag.py:2306} INFO - Setting next_dagrun for example_short_circuit_operator to 2021-09-14 00:00:00+00:00
[2021-09-16 09:04:22,544] {processor.py:170} INFO - Processing /home/airflow/.local/lib/python3.8/site-packages/airflow/example_dags/example_short_circuit_operator.py took 0.057 seconds
[2021-09-16 09:04:52,660] {processor.py:162} INFO - Started process (PID=801) to work on /home/airflow/.local/lib/python3.8/site-packages/airflow/example_dags/example_short_circuit_operator.py
[2021-09-16 09:04:52,662] {processor.py:613} INFO - Processing file /home/airflow/.local/lib/python3.8/site-packages/airflow/example_dags/example_short_circuit_operator.py for tasks to queue
[2021-09-16 09:04:52,663] {logging_mixin.py:109} INFO - [2021-09-16 09:04:52,662] {dagbag.py:496} INFO - Filling up the DagBag from /home/airflow/.local/lib/python3.8/site-packages/airflow/example_dags/example_short_circuit_operator.py
[2021-09-16 09:04:52,675] {processor.py:623} INFO - DAG(s) dict_keys(['example_short_circuit_operator']) retrieved from /home/airflow/.local/lib/python3.8/site-packages/airflow/example_dags/example_short_circuit_operator.py
[2021-09-16 09:04:52,695] {logging_mixin.py:109} INFO - [2021-09-16 09:04:52,695] {dag.py:1833} INFO - Sync 1 DAGs
[2021-09-16 09:04:52,706] {logging_mixin.py:109} INFO - [2021-09-16 09:04:52,706] {dag.py:2306} INFO - Setting next_dagrun for example_short_circuit_operator to 2021-09-14 00:00:00+00:00
[2021-09-16 09:04:52,716] {processor.py:170} INFO - Processing /home/airflow/.local/lib/python3.8/site-packages/airflow/example_dags/example_short_circuit_operator.py took 0.060 seconds
[2021-09-16 09:05:22,813] {processor.py:162} INFO - Started process (PID=857) to work on /home/airflow/.local/lib/python3.8/site-packages/airflow/example_dags/example_short_circuit_operator.py
[2021-09-16 09:05:22,814] {processor.py:613} INFO - Processing file /home/airflow/.local/lib/python3.8/site-packages/airflow/example_dags/example_short_circuit_operator.py for tasks to queue
[2021-09-16 09:05:22,816] {logging_mixin.py:109} INFO - [2021-09-16 09:05:22,815] {dagbag.py:496} INFO - Filling up the DagBag from /home/airflow/.local/lib/python3.8/site-packages/airflow/example_dags/example_short_circuit_operator.py
[2021-09-16 09:05:22,828] {processor.py:623} INFO - DAG(s) dict_keys(['example_short_circuit_operator']) retrieved from /home/airflow/.local/lib/python3.8/site-packages/airflow/example_dags/example_short_circuit_operator.py
[2021-09-16 09:05:22,852] {logging_mixin.py:109} INFO - [2021-09-16 09:05:22,852] {dag.py:1833} INFO - Sync 1 DAGs
[2021-09-16 09:05:22,864] {logging_mixin.py:109} INFO - [2021-09-16 09:05:22,864] {dag.py:2306} INFO - Setting next_dagrun for example_short_circuit_operator to 2021-09-14 00:00:00+00:00
[2021-09-16 09:05:22,873] {processor.py:170} INFO - Processing /home/airflow/.local/lib/python3.8/site-packages/airflow/example_dags/example_short_circuit_operator.py took 0.063 seconds
[2021-09-16 09:05:53,269] {processor.py:162} INFO - Started process (PID=912) to work on /home/airflow/.local/lib/python3.8/site-packages/airflow/example_dags/example_short_circuit_operator.py
[2021-09-16 09:05:53,271] {processor.py:613} INFO - Processing file /home/airflow/.local/lib/python3.8/site-packages/airflow/example_dags/example_short_circuit_operator.py for tasks to queue
[2021-09-16 09:05:53,272] {logging_mixin.py:109} INFO - [2021-09-16 09:05:53,272] {dagbag.py:496} INFO - Filling up the DagBag from /home/airflow/.local/lib/python3.8/site-packages/airflow/example_dags/example_short_circuit_operator.py
[2021-09-16 09:05:53,283] {processor.py:623} INFO - DAG(s) dict_keys(['example_short_circuit_operator']) retrieved from /home/airflow/.local/lib/python3.8/site-packages/airflow/example_dags/example_short_circuit_operator.py
[2021-09-16 09:05:53,322] {logging_mixin.py:109} INFO - [2021-09-16 09:05:53,322] {dag.py:1833} INFO - Sync 1 DAGs
[2021-09-16 09:05:53,335] {logging_mixin.py:109} INFO - [2021-09-16 09:05:53,335] {dag.py:2306} INFO - Setting next_dagrun for example_short_circuit_operator to 2021-09-14 00:00:00+00:00
[2021-09-16 09:05:53,346] {processor.py:170} INFO - Processing /home/airflow/.local/lib/python3.8/site-packages/airflow/example_dags/example_short_circuit_operator.py took 0.081 seconds
[2021-09-16 09:06:23,521] {processor.py:162} INFO - Started process (PID=968) to work on /home/airflow/.local/lib/python3.8/site-packages/airflow/example_dags/example_short_circuit_operator.py
[2021-09-16 09:06:23,522] {processor.py:613} INFO - Processing file /home/airflow/.local/lib/python3.8/site-packages/airflow/example_dags/example_short_circuit_operator.py for tasks to queue
[2021-09-16 09:06:23,523] {logging_mixin.py:109} INFO - [2021-09-16 09:06:23,523] {dagbag.py:496} INFO - Filling up the DagBag from /home/airflow/.local/lib/python3.8/site-packages/airflow/example_dags/example_short_circuit_operator.py
[2021-09-16 09:06:23,535] {processor.py:623} INFO - DAG(s) dict_keys(['example_short_circuit_operator']) retrieved from /home/airflow/.local/lib/python3.8/site-packages/airflow/example_dags/example_short_circuit_operator.py
[2021-09-16 09:06:23,553] {logging_mixin.py:109} INFO - [2021-09-16 09:06:23,552] {dag.py:1833} INFO - Sync 1 DAGs
[2021-09-16 09:06:23,563] {logging_mixin.py:109} INFO - [2021-09-16 09:06:23,563] {dag.py:2306} INFO - Setting next_dagrun for example_short_circuit_operator to 2021-09-14 00:00:00+00:00
[2021-09-16 09:06:23,571] {processor.py:170} INFO - Processing /home/airflow/.local/lib/python3.8/site-packages/airflow/example_dags/example_short_circuit_operator.py took 0.053 seconds
[2021-09-16 09:06:53,688] {processor.py:162} INFO - Started process (PID=1016) to work on /home/airflow/.local/lib/python3.8/site-packages/airflow/example_dags/example_short_circuit_operator.py
[2021-09-16 09:06:53,690] {processor.py:613} INFO - Processing file /home/airflow/.local/lib/python3.8/site-packages/airflow/example_dags/example_short_circuit_operator.py for tasks to queue
[2021-09-16 09:06:53,691] {logging_mixin.py:109} INFO - [2021-09-16 09:06:53,691] {dagbag.py:496} INFO - Filling up the DagBag from /home/airflow/.local/lib/python3.8/site-packages/airflow/example_dags/example_short_circuit_operator.py
[2021-09-16 09:06:53,703] {processor.py:623} INFO - DAG(s) dict_keys(['example_short_circuit_operator']) retrieved from /home/airflow/.local/lib/python3.8/site-packages/airflow/example_dags/example_short_circuit_operator.py
[2021-09-16 09:06:53,720] {logging_mixin.py:109} INFO - [2021-09-16 09:06:53,720] {dag.py:1833} INFO - Sync 1 DAGs
[2021-09-16 09:06:53,732] {logging_mixin.py:109} INFO - [2021-09-16 09:06:53,732] {dag.py:2306} INFO - Setting next_dagrun for example_short_circuit_operator to 2021-09-14 00:00:00+00:00
[2021-09-16 09:06:53,740] {processor.py:170} INFO - Processing /home/airflow/.local/lib/python3.8/site-packages/airflow/example_dags/example_short_circuit_operator.py took 0.056 seconds
[2021-09-16 09:07:23,956] {processor.py:162} INFO - Started process (PID=1070) to work on /home/airflow/.local/lib/python3.8/site-packages/airflow/example_dags/example_short_circuit_operator.py
[2021-09-16 09:07:23,957] {processor.py:613} INFO - Processing file /home/airflow/.local/lib/python3.8/site-packages/airflow/example_dags/example_short_circuit_operator.py for tasks to queue
[2021-09-16 09:07:23,958] {logging_mixin.py:109} INFO - [2021-09-16 09:07:23,958] {dagbag.py:496} INFO - Filling up the DagBag from /home/airflow/.local/lib/python3.8/site-packages/airflow/example_dags/example_short_circuit_operator.py
[2021-09-16 09:07:23,968] {processor.py:623} INFO - DAG(s) dict_keys(['example_short_circuit_operator']) retrieved from /home/airflow/.local/lib/python3.8/site-packages/airflow/example_dags/example_short_circuit_operator.py
[2021-09-16 09:07:23,986] {logging_mixin.py:109} INFO - [2021-09-16 09:07:23,986] {dag.py:1833} INFO - Sync 1 DAGs
[2021-09-16 09:07:23,996] {logging_mixin.py:109} INFO - [2021-09-16 09:07:23,996] {dag.py:2306} INFO - Setting next_dagrun for example_short_circuit_operator to 2021-09-14 00:00:00+00:00
[2021-09-16 09:07:24,004] {processor.py:170} INFO - Processing /home/airflow/.local/lib/python3.8/site-packages/airflow/example_dags/example_short_circuit_operator.py took 0.051 seconds
[2021-09-16 09:07:54,465] {processor.py:162} INFO - Started process (PID=1125) to work on /home/airflow/.local/lib/python3.8/site-packages/airflow/example_dags/example_short_circuit_operator.py
[2021-09-16 09:07:54,466] {processor.py:613} INFO - Processing file /home/airflow/.local/lib/python3.8/site-packages/airflow/example_dags/example_short_circuit_operator.py for tasks to queue
[2021-09-16 09:07:54,467] {logging_mixin.py:109} INFO - [2021-09-16 09:07:54,467] {dagbag.py:496} INFO - Filling up the DagBag from /home/airflow/.local/lib/python3.8/site-packages/airflow/example_dags/example_short_circuit_operator.py
[2021-09-16 09:07:54,478] {processor.py:623} INFO - DAG(s) dict_keys(['example_short_circuit_operator']) retrieved from /home/airflow/.local/lib/python3.8/site-packages/airflow/example_dags/example_short_circuit_operator.py
[2021-09-16 09:07:54,497] {logging_mixin.py:109} INFO - [2021-09-16 09:07:54,497] {dag.py:1833} INFO - Sync 1 DAGs
[2021-09-16 09:07:54,508] {logging_mixin.py:109} INFO - [2021-09-16 09:07:54,508] {dag.py:2306} INFO - Setting next_dagrun for example_short_circuit_operator to 2021-09-14 00:00:00+00:00
[2021-09-16 09:07:54,517] {processor.py:170} INFO - Processing /home/airflow/.local/lib/python3.8/site-packages/airflow/example_dags/example_short_circuit_operator.py took 0.055 seconds
[2021-09-16 09:08:24,833] {processor.py:162} INFO - Started process (PID=1173) to work on /home/airflow/.local/lib/python3.8/site-packages/airflow/example_dags/example_short_circuit_operator.py
[2021-09-16 09:08:24,835] {processor.py:613} INFO - Processing file /home/airflow/.local/lib/python3.8/site-packages/airflow/example_dags/example_short_circuit_operator.py for tasks to queue
[2021-09-16 09:08:24,836] {logging_mixin.py:109} INFO - [2021-09-16 09:08:24,836] {dagbag.py:496} INFO - Filling up the DagBag from /home/airflow/.local/lib/python3.8/site-packages/airflow/example_dags/example_short_circuit_operator.py
[2021-09-16 09:08:24,846] {processor.py:623} INFO - DAG(s) dict_keys(['example_short_circuit_operator']) retrieved from /home/airflow/.local/lib/python3.8/site-packages/airflow/example_dags/example_short_circuit_operator.py
[2021-09-16 09:08:24,864] {logging_mixin.py:109} INFO - [2021-09-16 09:08:24,864] {dag.py:1833} INFO - Sync 1 DAGs
[2021-09-16 09:08:24,876] {logging_mixin.py:109} INFO - [2021-09-16 09:08:24,876] {dag.py:2306} INFO - Setting next_dagrun for example_short_circuit_operator to 2021-09-14 00:00:00+00:00
[2021-09-16 09:08:24,885] {processor.py:170} INFO - Processing /home/airflow/.local/lib/python3.8/site-packages/airflow/example_dags/example_short_circuit_operator.py took 0.055 seconds
[2021-09-16 09:08:55,257] {processor.py:162} INFO - Started process (PID=1230) to work on /home/airflow/.local/lib/python3.8/site-packages/airflow/example_dags/example_short_circuit_operator.py
[2021-09-16 09:08:55,259] {processor.py:613} INFO - Processing file /home/airflow/.local/lib/python3.8/site-packages/airflow/example_dags/example_short_circuit_operator.py for tasks to queue
[2021-09-16 09:08:55,260] {logging_mixin.py:109} INFO - [2021-09-16 09:08:55,260] {dagbag.py:496} INFO - Filling up the DagBag from /home/airflow/.local/lib/python3.8/site-packages/airflow/example_dags/example_short_circuit_operator.py
[2021-09-16 09:08:55,271] {processor.py:623} INFO - DAG(s) dict_keys(['example_short_circuit_operator']) retrieved from /home/airflow/.local/lib/python3.8/site-packages/airflow/example_dags/example_short_circuit_operator.py
[2021-09-16 09:08:55,292] {logging_mixin.py:109} INFO - [2021-09-16 09:08:55,292] {dag.py:1833} INFO - Sync 1 DAGs
[2021-09-16 09:08:55,307] {logging_mixin.py:109} INFO - [2021-09-16 09:08:55,307] {dag.py:2306} INFO - Setting next_dagrun for example_short_circuit_operator to 2021-09-14 00:00:00+00:00
[2021-09-16 09:08:55,317] {processor.py:170} INFO - Processing /home/airflow/.local/lib/python3.8/site-packages/airflow/example_dags/example_short_circuit_operator.py took 0.063 seconds
[2021-09-16 09:09:25,634] {processor.py:162} INFO - Started process (PID=1285) to work on /home/airflow/.local/lib/python3.8/site-packages/airflow/example_dags/example_short_circuit_operator.py
[2021-09-16 09:09:25,635] {processor.py:613} INFO - Processing file /home/airflow/.local/lib/python3.8/site-packages/airflow/example_dags/example_short_circuit_operator.py for tasks to queue
[2021-09-16 09:09:25,636] {logging_mixin.py:109} INFO - [2021-09-16 09:09:25,636] {dagbag.py:496} INFO - Filling up the DagBag from /home/airflow/.local/lib/python3.8/site-packages/airflow/example_dags/example_short_circuit_operator.py
[2021-09-16 09:09:25,647] {processor.py:623} INFO - DAG(s) dict_keys(['example_short_circuit_operator']) retrieved from /home/airflow/.local/lib/python3.8/site-packages/airflow/example_dags/example_short_circuit_operator.py
[2021-09-16 09:09:25,664] {logging_mixin.py:109} INFO - [2021-09-16 09:09:25,664] {dag.py:1833} INFO - Sync 1 DAGs
[2021-09-16 09:09:25,675] {logging_mixin.py:109} INFO - [2021-09-16 09:09:25,675] {dag.py:2306} INFO - Setting next_dagrun for example_short_circuit_operator to 2021-09-14 00:00:00+00:00
[2021-09-16 09:09:25,683] {processor.py:170} INFO - Processing /home/airflow/.local/lib/python3.8/site-packages/airflow/example_dags/example_short_circuit_operator.py took 0.053 seconds
[2021-09-16 09:09:55,998] {processor.py:162} INFO - Started process (PID=1342) to work on /home/airflow/.local/lib/python3.8/site-packages/airflow/example_dags/example_short_circuit_operator.py
[2021-09-16 09:09:56,000] {processor.py:613} INFO - Processing file /home/airflow/.local/lib/python3.8/site-packages/airflow/example_dags/example_short_circuit_operator.py for tasks to queue
[2021-09-16 09:09:56,001] {logging_mixin.py:109} INFO - [2021-09-16 09:09:56,001] {dagbag.py:496} INFO - Filling up the DagBag from /home/airflow/.local/lib/python3.8/site-packages/airflow/example_dags/example_short_circuit_operator.py
[2021-09-16 09:09:56,012] {processor.py:623} INFO - DAG(s) dict_keys(['example_short_circuit_operator']) retrieved from /home/airflow/.local/lib/python3.8/site-packages/airflow/example_dags/example_short_circuit_operator.py
[2021-09-16 09:09:56,030] {logging_mixin.py:109} INFO - [2021-09-16 09:09:56,030] {dag.py:1833} INFO - Sync 1 DAGs
[2021-09-16 09:09:56,046] {logging_mixin.py:109} INFO - [2021-09-16 09:09:56,046] {dag.py:2306} INFO - Setting next_dagrun for example_short_circuit_operator to 2021-09-14 00:00:00+00:00
[2021-09-16 09:09:56,057] {processor.py:170} INFO - Processing /home/airflow/.local/lib/python3.8/site-packages/airflow/example_dags/example_short_circuit_operator.py took 0.062 seconds
[2021-09-16 09:10:26,382] {processor.py:162} INFO - Started process (PID=1389) to work on /home/airflow/.local/lib/python3.8/site-packages/airflow/example_dags/example_short_circuit_operator.py
[2021-09-16 09:10:26,383] {processor.py:613} INFO - Processing file /home/airflow/.local/lib/python3.8/site-packages/airflow/example_dags/example_short_circuit_operator.py for tasks to queue
[2021-09-16 09:10:26,385] {logging_mixin.py:109} INFO - [2021-09-16 09:10:26,385] {dagbag.py:496} INFO - Filling up the DagBag from /home/airflow/.local/lib/python3.8/site-packages/airflow/example_dags/example_short_circuit_operator.py
[2021-09-16 09:10:26,398] {processor.py:623} INFO - DAG(s) dict_keys(['example_short_circuit_operator']) retrieved from /home/airflow/.local/lib/python3.8/site-packages/airflow/example_dags/example_short_circuit_operator.py
[2021-09-16 09:10:26,419] {logging_mixin.py:109} INFO - [2021-09-16 09:10:26,419] {dag.py:1833} INFO - Sync 1 DAGs
[2021-09-16 09:10:26,432] {logging_mixin.py:109} INFO - [2021-09-16 09:10:26,431] {dag.py:2306} INFO - Setting next_dagrun for example_short_circuit_operator to 2021-09-14 00:00:00+00:00
[2021-09-16 09:10:26,441] {processor.py:170} INFO - Processing /home/airflow/.local/lib/python3.8/site-packages/airflow/example_dags/example_short_circuit_operator.py took 0.062 seconds
[2021-09-16 09:10:57,011] {processor.py:162} INFO - Started process (PID=1444) to work on /home/airflow/.local/lib/python3.8/site-packages/airflow/example_dags/example_short_circuit_operator.py
[2021-09-16 09:10:57,013] {processor.py:613} INFO - Processing file /home/airflow/.local/lib/python3.8/site-packages/airflow/example_dags/example_short_circuit_operator.py for tasks to queue
[2021-09-16 09:10:57,015] {logging_mixin.py:109} INFO - [2021-09-16 09:10:57,014] {dagbag.py:496} INFO - Filling up the DagBag from /home/airflow/.local/lib/python3.8/site-packages/airflow/example_dags/example_short_circuit_operator.py
[2021-09-16 09:10:57,030] {processor.py:623} INFO - DAG(s) dict_keys(['example_short_circuit_operator']) retrieved from /home/airflow/.local/lib/python3.8/site-packages/airflow/example_dags/example_short_circuit_operator.py
[2021-09-16 09:10:57,053] {logging_mixin.py:109} INFO - [2021-09-16 09:10:57,053] {dag.py:1833} INFO - Sync 1 DAGs
[2021-09-16 09:10:57,065] {logging_mixin.py:109} INFO - [2021-09-16 09:10:57,065] {dag.py:2306} INFO - Setting next_dagrun for example_short_circuit_operator to 2021-09-14 00:00:00+00:00
[2021-09-16 09:10:57,073] {processor.py:170} INFO - Processing /home/airflow/.local/lib/python3.8/site-packages/airflow/example_dags/example_short_circuit_operator.py took 0.065 seconds
[2021-09-16 09:11:27,527] {processor.py:162} INFO - Started process (PID=1502) to work on /home/airflow/.local/lib/python3.8/site-packages/airflow/example_dags/example_short_circuit_operator.py
[2021-09-16 09:11:27,528] {processor.py:613} INFO - Processing file /home/airflow/.local/lib/python3.8/site-packages/airflow/example_dags/example_short_circuit_operator.py for tasks to queue
[2021-09-16 09:11:27,529] {logging_mixin.py:109} INFO - [2021-09-16 09:11:27,529] {dagbag.py:496} INFO - Filling up the DagBag from /home/airflow/.local/lib/python3.8/site-packages/airflow/example_dags/example_short_circuit_operator.py
[2021-09-16 09:11:27,540] {processor.py:623} INFO - DAG(s) dict_keys(['example_short_circuit_operator']) retrieved from /home/airflow/.local/lib/python3.8/site-packages/airflow/example_dags/example_short_circuit_operator.py
[2021-09-16 09:11:27,562] {logging_mixin.py:109} INFO - [2021-09-16 09:11:27,562] {dag.py:1833} INFO - Sync 1 DAGs
[2021-09-16 09:11:27,575] {logging_mixin.py:109} INFO - [2021-09-16 09:11:27,575] {dag.py:2306} INFO - Setting next_dagrun for example_short_circuit_operator to 2021-09-14 00:00:00+00:00
[2021-09-16 09:11:27,582] {processor.py:170} INFO - Processing /home/airflow/.local/lib/python3.8/site-packages/airflow/example_dags/example_short_circuit_operator.py took 0.061 seconds
[2021-09-16 09:11:57,967] {processor.py:162} INFO - Started process (PID=1549) to work on /home/airflow/.local/lib/python3.8/site-packages/airflow/example_dags/example_short_circuit_operator.py
[2021-09-16 09:11:57,969] {processor.py:613} INFO - Processing file /home/airflow/.local/lib/python3.8/site-packages/airflow/example_dags/example_short_circuit_operator.py for tasks to queue
[2021-09-16 09:11:57,969] {logging_mixin.py:109} INFO - [2021-09-16 09:11:57,969] {dagbag.py:496} INFO - Filling up the DagBag from /home/airflow/.local/lib/python3.8/site-packages/airflow/example_dags/example_short_circuit_operator.py
[2021-09-16 09:11:57,980] {processor.py:623} INFO - DAG(s) dict_keys(['example_short_circuit_operator']) retrieved from /home/airflow/.local/lib/python3.8/site-packages/airflow/example_dags/example_short_circuit_operator.py
[2021-09-16 09:11:57,998] {logging_mixin.py:109} INFO - [2021-09-16 09:11:57,998] {dag.py:1833} INFO - Sync 1 DAGs
[2021-09-16 09:11:58,010] {logging_mixin.py:109} INFO - [2021-09-16 09:11:58,010] {dag.py:2306} INFO - Setting next_dagrun for example_short_circuit_operator to 2021-09-14 00:00:00+00:00
[2021-09-16 09:11:58,019] {processor.py:170} INFO - Processing /home/airflow/.local/lib/python3.8/site-packages/airflow/example_dags/example_short_circuit_operator.py took 0.055 seconds
[2021-09-16 09:12:28,456] {processor.py:162} INFO - Started process (PID=1604) to work on /home/airflow/.local/lib/python3.8/site-packages/airflow/example_dags/example_short_circuit_operator.py
[2021-09-16 09:12:28,458] {processor.py:613} INFO - Processing file /home/airflow/.local/lib/python3.8/site-packages/airflow/example_dags/example_short_circuit_operator.py for tasks to queue
[2021-09-16 09:12:28,459] {logging_mixin.py:109} INFO - [2021-09-16 09:12:28,459] {dagbag.py:496} INFO - Filling up the DagBag from /home/airflow/.local/lib/python3.8/site-packages/airflow/example_dags/example_short_circuit_operator.py
[2021-09-16 09:12:28,472] {processor.py:623} INFO - DAG(s) dict_keys(['example_short_circuit_operator']) retrieved from /home/airflow/.local/lib/python3.8/site-packages/airflow/example_dags/example_short_circuit_operator.py
[2021-09-16 09:12:28,492] {logging_mixin.py:109} INFO - [2021-09-16 09:12:28,492] {dag.py:1833} INFO - Sync 1 DAGs
[2021-09-16 09:12:28,504] {logging_mixin.py:109} INFO - [2021-09-16 09:12:28,504] {dag.py:2306} INFO - Setting next_dagrun for example_short_circuit_operator to 2021-09-14 00:00:00+00:00
[2021-09-16 09:12:28,513] {processor.py:170} INFO - Processing /home/airflow/.local/lib/python3.8/site-packages/airflow/example_dags/example_short_circuit_operator.py took 0.061 seconds
[2021-09-16 09:12:58,911] {processor.py:162} INFO - Started process (PID=1661) to work on /home/airflow/.local/lib/python3.8/site-packages/airflow/example_dags/example_short_circuit_operator.py
[2021-09-16 09:12:58,912] {processor.py:613} INFO - Processing file /home/airflow/.local/lib/python3.8/site-packages/airflow/example_dags/example_short_circuit_operator.py for tasks to queue
[2021-09-16 09:12:58,913] {logging_mixin.py:109} INFO - [2021-09-16 09:12:58,913] {dagbag.py:496} INFO - Filling up the DagBag from /home/airflow/.local/lib/python3.8/site-packages/airflow/example_dags/example_short_circuit_operator.py
[2021-09-16 09:12:58,925] {processor.py:623} INFO - DAG(s) dict_keys(['example_short_circuit_operator']) retrieved from /home/airflow/.local/lib/python3.8/site-packages/airflow/example_dags/example_short_circuit_operator.py
[2021-09-16 09:12:58,944] {logging_mixin.py:109} INFO - [2021-09-16 09:12:58,944] {dag.py:1833} INFO - Sync 1 DAGs
[2021-09-16 09:12:58,955] {logging_mixin.py:109} INFO - [2021-09-16 09:12:58,955] {dag.py:2306} INFO - Setting next_dagrun for example_short_circuit_operator to 2021-09-14 00:00:00+00:00
[2021-09-16 09:12:58,966] {processor.py:170} INFO - Processing /home/airflow/.local/lib/python3.8/site-packages/airflow/example_dags/example_short_circuit_operator.py took 0.058 seconds
[2021-09-16 09:13:29,400] {processor.py:162} INFO - Started process (PID=1716) to work on /home/airflow/.local/lib/python3.8/site-packages/airflow/example_dags/example_short_circuit_operator.py
[2021-09-16 09:13:29,401] {processor.py:613} INFO - Processing file /home/airflow/.local/lib/python3.8/site-packages/airflow/example_dags/example_short_circuit_operator.py for tasks to queue
[2021-09-16 09:13:29,402] {logging_mixin.py:109} INFO - [2021-09-16 09:13:29,402] {dagbag.py:496} INFO - Filling up the DagBag from /home/airflow/.local/lib/python3.8/site-packages/airflow/example_dags/example_short_circuit_operator.py
[2021-09-16 09:13:29,413] {processor.py:623} INFO - DAG(s) dict_keys(['example_short_circuit_operator']) retrieved from /home/airflow/.local/lib/python3.8/site-packages/airflow/example_dags/example_short_circuit_operator.py
[2021-09-16 09:13:29,432] {logging_mixin.py:109} INFO - [2021-09-16 09:13:29,432] {dag.py:1833} INFO - Sync 1 DAGs
[2021-09-16 09:13:29,443] {logging_mixin.py:109} INFO - [2021-09-16 09:13:29,443] {dag.py:2306} INFO - Setting next_dagrun for example_short_circuit_operator to 2021-09-14 00:00:00+00:00
[2021-09-16 09:13:29,452] {processor.py:170} INFO - Processing /home/airflow/.local/lib/python3.8/site-packages/airflow/example_dags/example_short_circuit_operator.py took 0.055 seconds
[2021-09-16 09:13:59,668] {processor.py:162} INFO - Started process (PID=1764) to work on /home/airflow/.local/lib/python3.8/site-packages/airflow/example_dags/example_short_circuit_operator.py
[2021-09-16 09:13:59,670] {processor.py:613} INFO - Processing file /home/airflow/.local/lib/python3.8/site-packages/airflow/example_dags/example_short_circuit_operator.py for tasks to queue
[2021-09-16 09:13:59,671] {logging_mixin.py:109} INFO - [2021-09-16 09:13:59,671] {dagbag.py:496} INFO - Filling up the DagBag from /home/airflow/.local/lib/python3.8/site-packages/airflow/example_dags/example_short_circuit_operator.py
[2021-09-16 09:13:59,681] {processor.py:623} INFO - DAG(s) dict_keys(['example_short_circuit_operator']) retrieved from /home/airflow/.local/lib/python3.8/site-packages/airflow/example_dags/example_short_circuit_operator.py
[2021-09-16 09:13:59,699] {logging_mixin.py:109} INFO - [2021-09-16 09:13:59,699] {dag.py:1833} INFO - Sync 1 DAGs
[2021-09-16 09:13:59,712] {logging_mixin.py:109} INFO - [2021-09-16 09:13:59,712] {dag.py:2306} INFO - Setting next_dagrun for example_short_circuit_operator to 2021-09-14 00:00:00+00:00
[2021-09-16 09:13:59,720] {processor.py:170} INFO - Processing /home/airflow/.local/lib/python3.8/site-packages/airflow/example_dags/example_short_circuit_operator.py took 0.056 seconds
[2021-09-16 09:14:29,836] {processor.py:162} INFO - Started process (PID=1819) to work on /home/airflow/.local/lib/python3.8/site-packages/airflow/example_dags/example_short_circuit_operator.py
[2021-09-16 09:14:29,838] {processor.py:613} INFO - Processing file /home/airflow/.local/lib/python3.8/site-packages/airflow/example_dags/example_short_circuit_operator.py for tasks to queue
[2021-09-16 09:14:29,839] {logging_mixin.py:109} INFO - [2021-09-16 09:14:29,839] {dagbag.py:496} INFO - Filling up the DagBag from /home/airflow/.local/lib/python3.8/site-packages/airflow/example_dags/example_short_circuit_operator.py
[2021-09-16 09:14:29,850] {processor.py:623} INFO - DAG(s) dict_keys(['example_short_circuit_operator']) retrieved from /home/airflow/.local/lib/python3.8/site-packages/airflow/example_dags/example_short_circuit_operator.py
[2021-09-16 09:14:29,868] {logging_mixin.py:109} INFO - [2021-09-16 09:14:29,868] {dag.py:1833} INFO - Sync 1 DAGs
[2021-09-16 09:14:29,881] {logging_mixin.py:109} INFO - [2021-09-16 09:14:29,881] {dag.py:2306} INFO - Setting next_dagrun for example_short_circuit_operator to 2021-09-14 00:00:00+00:00
[2021-09-16 09:14:29,889] {processor.py:170} INFO - Processing /home/airflow/.local/lib/python3.8/site-packages/airflow/example_dags/example_short_circuit_operator.py took 0.056 seconds
[2021-09-16 09:15:00,084] {processor.py:162} INFO - Started process (PID=1874) to work on /home/airflow/.local/lib/python3.8/site-packages/airflow/example_dags/example_short_circuit_operator.py
[2021-09-16 09:15:00,085] {processor.py:613} INFO - Processing file /home/airflow/.local/lib/python3.8/site-packages/airflow/example_dags/example_short_circuit_operator.py for tasks to queue
[2021-09-16 09:15:00,087] {logging_mixin.py:109} INFO - [2021-09-16 09:15:00,087] {dagbag.py:496} INFO - Filling up the DagBag from /home/airflow/.local/lib/python3.8/site-packages/airflow/example_dags/example_short_circuit_operator.py
[2021-09-16 09:15:00,099] {processor.py:623} INFO - DAG(s) dict_keys(['example_short_circuit_operator']) retrieved from /home/airflow/.local/lib/python3.8/site-packages/airflow/example_dags/example_short_circuit_operator.py
[2021-09-16 09:15:00,120] {logging_mixin.py:109} INFO - [2021-09-16 09:15:00,119] {dag.py:1833} INFO - Sync 1 DAGs
[2021-09-16 09:15:00,132] {logging_mixin.py:109} INFO - [2021-09-16 09:15:00,132] {dag.py:2306} INFO - Setting next_dagrun for example_short_circuit_operator to 2021-09-14 00:00:00+00:00
[2021-09-16 09:15:00,141] {processor.py:170} INFO - Processing /home/airflow/.local/lib/python3.8/site-packages/airflow/example_dags/example_short_circuit_operator.py took 0.061 seconds
[2021-09-16 09:15:30,453] {processor.py:162} INFO - Started process (PID=1923) to work on /home/airflow/.local/lib/python3.8/site-packages/airflow/example_dags/example_short_circuit_operator.py
[2021-09-16 09:15:30,454] {processor.py:613} INFO - Processing file /home/airflow/.local/lib/python3.8/site-packages/airflow/example_dags/example_short_circuit_operator.py for tasks to queue
[2021-09-16 09:15:30,455] {logging_mixin.py:109} INFO - [2021-09-16 09:15:30,455] {dagbag.py:496} INFO - Filling up the DagBag from /home/airflow/.local/lib/python3.8/site-packages/airflow/example_dags/example_short_circuit_operator.py
[2021-09-16 09:15:30,468] {processor.py:623} INFO - DAG(s) dict_keys(['example_short_circuit_operator']) retrieved from /home/airflow/.local/lib/python3.8/site-packages/airflow/example_dags/example_short_circuit_operator.py
[2021-09-16 09:15:30,486] {logging_mixin.py:109} INFO - [2021-09-16 09:15:30,486] {dag.py:1833} INFO - Sync 1 DAGs
[2021-09-16 09:15:30,498] {logging_mixin.py:109} INFO - [2021-09-16 09:15:30,498] {dag.py:2306} INFO - Setting next_dagrun for example_short_circuit_operator to 2021-09-14 00:00:00+00:00
[2021-09-16 09:15:30,506] {processor.py:170} INFO - Processing /home/airflow/.local/lib/python3.8/site-packages/airflow/example_dags/example_short_circuit_operator.py took 0.057 seconds
[2021-09-16 09:16:00,850] {processor.py:162} INFO - Started process (PID=1978) to work on /home/airflow/.local/lib/python3.8/site-packages/airflow/example_dags/example_short_circuit_operator.py
[2021-09-16 09:16:00,851] {processor.py:613} INFO - Processing file /home/airflow/.local/lib/python3.8/site-packages/airflow/example_dags/example_short_circuit_operator.py for tasks to queue
[2021-09-16 09:16:00,852] {logging_mixin.py:109} INFO - [2021-09-16 09:16:00,851] {dagbag.py:496} INFO - Filling up the DagBag from /home/airflow/.local/lib/python3.8/site-packages/airflow/example_dags/example_short_circuit_operator.py
[2021-09-16 09:16:00,862] {processor.py:623} INFO - DAG(s) dict_keys(['example_short_circuit_operator']) retrieved from /home/airflow/.local/lib/python3.8/site-packages/airflow/example_dags/example_short_circuit_operator.py
[2021-09-16 09:16:00,878] {logging_mixin.py:109} INFO - [2021-09-16 09:16:00,878] {dag.py:1833} INFO - Sync 1 DAGs
[2021-09-16 09:16:00,890] {logging_mixin.py:109} INFO - [2021-09-16 09:16:00,889] {dag.py:2306} INFO - Setting next_dagrun for example_short_circuit_operator to 2021-09-14 00:00:00+00:00
[2021-09-16 09:16:00,897] {processor.py:170} INFO - Processing /home/airflow/.local/lib/python3.8/site-packages/airflow/example_dags/example_short_circuit_operator.py took 0.051 seconds
