[2021-09-16 08:38:03,234] {processor.py:162} INFO - Started process (PID=291) to work on /home/airflow/.local/lib/python3.8/site-packages/airflow/example_dags/example_branch_python_dop_operator_3.py
[2021-09-16 08:38:03,236] {processor.py:613} INFO - Processing file /home/airflow/.local/lib/python3.8/site-packages/airflow/example_dags/example_branch_python_dop_operator_3.py for tasks to queue
[2021-09-16 08:38:03,237] {logging_mixin.py:109} INFO - [2021-09-16 08:38:03,237] {dagbag.py:496} INFO - Filling up the DagBag from /home/airflow/.local/lib/python3.8/site-packages/airflow/example_dags/example_branch_python_dop_operator_3.py
[2021-09-16 08:38:03,251] {processor.py:623} INFO - DAG(s) dict_keys(['example_branch_dop_operator_v3']) retrieved from /home/airflow/.local/lib/python3.8/site-packages/airflow/example_dags/example_branch_python_dop_operator_3.py
[2021-09-16 08:38:04,891] {logging_mixin.py:109} INFO - [2021-09-16 08:38:04,891] {dag.py:1833} INFO - Sync 1 DAGs
[2021-09-16 08:38:04,898] {logging_mixin.py:109} INFO - [2021-09-16 08:38:04,898] {dag.py:1852} INFO - Creating ORM DAG for example_branch_dop_operator_v3
[2021-09-16 08:38:04,911] {logging_mixin.py:109} INFO - [2021-09-16 08:38:04,911] {dag.py:2306} INFO - Setting next_dagrun for example_branch_dop_operator_v3 to 2021-09-14 00:00:00+00:00
[2021-09-16 08:38:04,921] {processor.py:170} INFO - Processing /home/airflow/.local/lib/python3.8/site-packages/airflow/example_dags/example_branch_python_dop_operator_3.py took 1.690 seconds
[2021-09-16 08:38:35,087] {processor.py:162} INFO - Started process (PID=373) to work on /home/airflow/.local/lib/python3.8/site-packages/airflow/example_dags/example_branch_python_dop_operator_3.py
[2021-09-16 08:38:35,089] {processor.py:613} INFO - Processing file /home/airflow/.local/lib/python3.8/site-packages/airflow/example_dags/example_branch_python_dop_operator_3.py for tasks to queue
[2021-09-16 08:38:35,091] {logging_mixin.py:109} INFO - [2021-09-16 08:38:35,091] {dagbag.py:496} INFO - Filling up the DagBag from /home/airflow/.local/lib/python3.8/site-packages/airflow/example_dags/example_branch_python_dop_operator_3.py
[2021-09-16 08:38:35,114] {processor.py:623} INFO - DAG(s) dict_keys(['example_branch_dop_operator_v3']) retrieved from /home/airflow/.local/lib/python3.8/site-packages/airflow/example_dags/example_branch_python_dop_operator_3.py
[2021-09-16 08:38:35,136] {logging_mixin.py:109} INFO - [2021-09-16 08:38:35,135] {dag.py:1833} INFO - Sync 1 DAGs
[2021-09-16 08:38:35,158] {logging_mixin.py:109} INFO - [2021-09-16 08:38:35,158] {dag.py:2306} INFO - Setting next_dagrun for example_branch_dop_operator_v3 to 2021-09-14 00:00:00+00:00
[2021-09-16 08:38:35,169] {processor.py:170} INFO - Processing /home/airflow/.local/lib/python3.8/site-packages/airflow/example_dags/example_branch_python_dop_operator_3.py took 0.087 seconds
[2021-09-16 08:39:05,833] {processor.py:162} INFO - Started process (PID=420) to work on /home/airflow/.local/lib/python3.8/site-packages/airflow/example_dags/example_branch_python_dop_operator_3.py
[2021-09-16 08:39:05,835] {processor.py:613} INFO - Processing file /home/airflow/.local/lib/python3.8/site-packages/airflow/example_dags/example_branch_python_dop_operator_3.py for tasks to queue
[2021-09-16 08:39:05,836] {logging_mixin.py:109} INFO - [2021-09-16 08:39:05,836] {dagbag.py:496} INFO - Filling up the DagBag from /home/airflow/.local/lib/python3.8/site-packages/airflow/example_dags/example_branch_python_dop_operator_3.py
[2021-09-16 08:39:05,851] {processor.py:623} INFO - DAG(s) dict_keys(['example_branch_dop_operator_v3']) retrieved from /home/airflow/.local/lib/python3.8/site-packages/airflow/example_dags/example_branch_python_dop_operator_3.py
[2021-09-16 08:39:05,874] {logging_mixin.py:109} INFO - [2021-09-16 08:39:05,874] {dag.py:1833} INFO - Sync 1 DAGs
[2021-09-16 08:39:05,894] {logging_mixin.py:109} INFO - [2021-09-16 08:39:05,894] {dag.py:2306} INFO - Setting next_dagrun for example_branch_dop_operator_v3 to 2021-09-14 00:00:00+00:00
[2021-09-16 08:39:05,904] {processor.py:170} INFO - Processing /home/airflow/.local/lib/python3.8/site-packages/airflow/example_dags/example_branch_python_dop_operator_3.py took 0.078 seconds
[2021-09-16 08:39:36,600] {processor.py:162} INFO - Started process (PID=478) to work on /home/airflow/.local/lib/python3.8/site-packages/airflow/example_dags/example_branch_python_dop_operator_3.py
[2021-09-16 08:39:36,602] {processor.py:613} INFO - Processing file /home/airflow/.local/lib/python3.8/site-packages/airflow/example_dags/example_branch_python_dop_operator_3.py for tasks to queue
[2021-09-16 08:39:36,603] {logging_mixin.py:109} INFO - [2021-09-16 08:39:36,603] {dagbag.py:496} INFO - Filling up the DagBag from /home/airflow/.local/lib/python3.8/site-packages/airflow/example_dags/example_branch_python_dop_operator_3.py
[2021-09-16 08:39:36,615] {processor.py:623} INFO - DAG(s) dict_keys(['example_branch_dop_operator_v3']) retrieved from /home/airflow/.local/lib/python3.8/site-packages/airflow/example_dags/example_branch_python_dop_operator_3.py
[2021-09-16 08:39:36,635] {logging_mixin.py:109} INFO - [2021-09-16 08:39:36,635] {dag.py:1833} INFO - Sync 1 DAGs
[2021-09-16 08:39:36,658] {logging_mixin.py:109} INFO - [2021-09-16 08:39:36,658] {dag.py:2306} INFO - Setting next_dagrun for example_branch_dop_operator_v3 to 2021-09-14 00:00:00+00:00
[2021-09-16 08:39:36,674] {processor.py:170} INFO - Processing /home/airflow/.local/lib/python3.8/site-packages/airflow/example_dags/example_branch_python_dop_operator_3.py took 0.077 seconds
[2021-09-16 09:00:09,613] {processor.py:162} INFO - Started process (PID=276) to work on /home/airflow/.local/lib/python3.8/site-packages/airflow/example_dags/example_branch_python_dop_operator_3.py
[2021-09-16 09:00:09,614] {processor.py:613} INFO - Processing file /home/airflow/.local/lib/python3.8/site-packages/airflow/example_dags/example_branch_python_dop_operator_3.py for tasks to queue
[2021-09-16 09:00:09,615] {logging_mixin.py:109} INFO - [2021-09-16 09:00:09,615] {dagbag.py:496} INFO - Filling up the DagBag from /home/airflow/.local/lib/python3.8/site-packages/airflow/example_dags/example_branch_python_dop_operator_3.py
[2021-09-16 09:00:09,629] {processor.py:623} INFO - DAG(s) dict_keys(['example_branch_dop_operator_v3']) retrieved from /home/airflow/.local/lib/python3.8/site-packages/airflow/example_dags/example_branch_python_dop_operator_3.py
[2021-09-16 09:00:11,128] {logging_mixin.py:109} INFO - [2021-09-16 09:00:11,128] {dag.py:1833} INFO - Sync 1 DAGs
[2021-09-16 09:00:11,134] {logging_mixin.py:109} INFO - [2021-09-16 09:00:11,134] {dag.py:1852} INFO - Creating ORM DAG for example_branch_dop_operator_v3
[2021-09-16 09:00:11,143] {logging_mixin.py:109} INFO - [2021-09-16 09:00:11,143] {dag.py:2306} INFO - Setting next_dagrun for example_branch_dop_operator_v3 to 2021-09-14 00:00:00+00:00
[2021-09-16 09:00:11,187] {processor.py:170} INFO - Processing /home/airflow/.local/lib/python3.8/site-packages/airflow/example_dags/example_branch_python_dop_operator_3.py took 1.577 seconds
[2021-09-16 09:00:42,163] {processor.py:162} INFO - Started process (PID=363) to work on /home/airflow/.local/lib/python3.8/site-packages/airflow/example_dags/example_branch_python_dop_operator_3.py
[2021-09-16 09:00:42,164] {processor.py:613} INFO - Processing file /home/airflow/.local/lib/python3.8/site-packages/airflow/example_dags/example_branch_python_dop_operator_3.py for tasks to queue
[2021-09-16 09:00:42,165] {logging_mixin.py:109} INFO - [2021-09-16 09:00:42,165] {dagbag.py:496} INFO - Filling up the DagBag from /home/airflow/.local/lib/python3.8/site-packages/airflow/example_dags/example_branch_python_dop_operator_3.py
[2021-09-16 09:00:42,178] {processor.py:623} INFO - DAG(s) dict_keys(['example_branch_dop_operator_v3']) retrieved from /home/airflow/.local/lib/python3.8/site-packages/airflow/example_dags/example_branch_python_dop_operator_3.py
[2021-09-16 09:00:42,196] {logging_mixin.py:109} INFO - [2021-09-16 09:00:42,195] {dag.py:1833} INFO - Sync 1 DAGs
[2021-09-16 09:00:42,215] {logging_mixin.py:109} INFO - [2021-09-16 09:00:42,215] {dag.py:2306} INFO - Setting next_dagrun for example_branch_dop_operator_v3 to 2021-09-14 00:00:00+00:00
[2021-09-16 09:00:42,224] {processor.py:170} INFO - Processing /home/airflow/.local/lib/python3.8/site-packages/airflow/example_dags/example_branch_python_dop_operator_3.py took 0.064 seconds
[2021-09-16 09:01:12,313] {processor.py:162} INFO - Started process (PID=419) to work on /home/airflow/.local/lib/python3.8/site-packages/airflow/example_dags/example_branch_python_dop_operator_3.py
[2021-09-16 09:01:12,314] {processor.py:613} INFO - Processing file /home/airflow/.local/lib/python3.8/site-packages/airflow/example_dags/example_branch_python_dop_operator_3.py for tasks to queue
[2021-09-16 09:01:12,315] {logging_mixin.py:109} INFO - [2021-09-16 09:01:12,315] {dagbag.py:496} INFO - Filling up the DagBag from /home/airflow/.local/lib/python3.8/site-packages/airflow/example_dags/example_branch_python_dop_operator_3.py
[2021-09-16 09:01:12,328] {processor.py:623} INFO - DAG(s) dict_keys(['example_branch_dop_operator_v3']) retrieved from /home/airflow/.local/lib/python3.8/site-packages/airflow/example_dags/example_branch_python_dop_operator_3.py
[2021-09-16 09:01:12,347] {logging_mixin.py:109} INFO - [2021-09-16 09:01:12,347] {dag.py:1833} INFO - Sync 1 DAGs
[2021-09-16 09:01:12,367] {logging_mixin.py:109} INFO - [2021-09-16 09:01:12,367] {dag.py:2306} INFO - Setting next_dagrun for example_branch_dop_operator_v3 to 2021-09-14 00:00:00+00:00
[2021-09-16 09:01:12,375] {processor.py:170} INFO - Processing /home/airflow/.local/lib/python3.8/site-packages/airflow/example_dags/example_branch_python_dop_operator_3.py took 0.066 seconds
[2021-09-16 09:01:42,700] {processor.py:162} INFO - Started process (PID=476) to work on /home/airflow/.local/lib/python3.8/site-packages/airflow/example_dags/example_branch_python_dop_operator_3.py
[2021-09-16 09:01:42,701] {processor.py:613} INFO - Processing file /home/airflow/.local/lib/python3.8/site-packages/airflow/example_dags/example_branch_python_dop_operator_3.py for tasks to queue
[2021-09-16 09:01:42,702] {logging_mixin.py:109} INFO - [2021-09-16 09:01:42,702] {dagbag.py:496} INFO - Filling up the DagBag from /home/airflow/.local/lib/python3.8/site-packages/airflow/example_dags/example_branch_python_dop_operator_3.py
[2021-09-16 09:01:42,714] {processor.py:623} INFO - DAG(s) dict_keys(['example_branch_dop_operator_v3']) retrieved from /home/airflow/.local/lib/python3.8/site-packages/airflow/example_dags/example_branch_python_dop_operator_3.py
[2021-09-16 09:01:42,732] {logging_mixin.py:109} INFO - [2021-09-16 09:01:42,732] {dag.py:1833} INFO - Sync 1 DAGs
[2021-09-16 09:01:42,750] {logging_mixin.py:109} INFO - [2021-09-16 09:01:42,750] {dag.py:2306} INFO - Setting next_dagrun for example_branch_dop_operator_v3 to 2021-09-14 00:00:00+00:00
[2021-09-16 09:01:42,759] {processor.py:170} INFO - Processing /home/airflow/.local/lib/python3.8/site-packages/airflow/example_dags/example_branch_python_dop_operator_3.py took 0.062 seconds
[2021-09-16 09:02:12,992] {processor.py:162} INFO - Started process (PID=523) to work on /home/airflow/.local/lib/python3.8/site-packages/airflow/example_dags/example_branch_python_dop_operator_3.py
[2021-09-16 09:02:12,994] {processor.py:613} INFO - Processing file /home/airflow/.local/lib/python3.8/site-packages/airflow/example_dags/example_branch_python_dop_operator_3.py for tasks to queue
[2021-09-16 09:02:12,995] {logging_mixin.py:109} INFO - [2021-09-16 09:02:12,995] {dagbag.py:496} INFO - Filling up the DagBag from /home/airflow/.local/lib/python3.8/site-packages/airflow/example_dags/example_branch_python_dop_operator_3.py
[2021-09-16 09:02:13,007] {processor.py:623} INFO - DAG(s) dict_keys(['example_branch_dop_operator_v3']) retrieved from /home/airflow/.local/lib/python3.8/site-packages/airflow/example_dags/example_branch_python_dop_operator_3.py
[2021-09-16 09:02:13,026] {logging_mixin.py:109} INFO - [2021-09-16 09:02:13,026] {dag.py:1833} INFO - Sync 1 DAGs
[2021-09-16 09:02:13,046] {logging_mixin.py:109} INFO - [2021-09-16 09:02:13,046] {dag.py:2306} INFO - Setting next_dagrun for example_branch_dop_operator_v3 to 2021-09-14 00:00:00+00:00
[2021-09-16 09:02:13,055] {processor.py:170} INFO - Processing /home/airflow/.local/lib/python3.8/site-packages/airflow/example_dags/example_branch_python_dop_operator_3.py took 0.066 seconds
[2021-09-16 09:02:43,440] {processor.py:162} INFO - Started process (PID=579) to work on /home/airflow/.local/lib/python3.8/site-packages/airflow/example_dags/example_branch_python_dop_operator_3.py
[2021-09-16 09:02:43,442] {processor.py:613} INFO - Processing file /home/airflow/.local/lib/python3.8/site-packages/airflow/example_dags/example_branch_python_dop_operator_3.py for tasks to queue
[2021-09-16 09:02:43,443] {logging_mixin.py:109} INFO - [2021-09-16 09:02:43,442] {dagbag.py:496} INFO - Filling up the DagBag from /home/airflow/.local/lib/python3.8/site-packages/airflow/example_dags/example_branch_python_dop_operator_3.py
[2021-09-16 09:02:43,454] {processor.py:623} INFO - DAG(s) dict_keys(['example_branch_dop_operator_v3']) retrieved from /home/airflow/.local/lib/python3.8/site-packages/airflow/example_dags/example_branch_python_dop_operator_3.py
[2021-09-16 09:02:43,471] {logging_mixin.py:109} INFO - [2021-09-16 09:02:43,471] {dag.py:1833} INFO - Sync 1 DAGs
[2021-09-16 09:02:43,488] {logging_mixin.py:109} INFO - [2021-09-16 09:02:43,488] {dag.py:2306} INFO - Setting next_dagrun for example_branch_dop_operator_v3 to 2021-09-14 00:00:00+00:00
[2021-09-16 09:02:43,496] {processor.py:170} INFO - Processing /home/airflow/.local/lib/python3.8/site-packages/airflow/example_dags/example_branch_python_dop_operator_3.py took 0.058 seconds
[2021-09-16 09:03:13,828] {processor.py:162} INFO - Started process (PID=635) to work on /home/airflow/.local/lib/python3.8/site-packages/airflow/example_dags/example_branch_python_dop_operator_3.py
[2021-09-16 09:03:13,830] {processor.py:613} INFO - Processing file /home/airflow/.local/lib/python3.8/site-packages/airflow/example_dags/example_branch_python_dop_operator_3.py for tasks to queue
[2021-09-16 09:03:13,832] {logging_mixin.py:109} INFO - [2021-09-16 09:03:13,832] {dagbag.py:496} INFO - Filling up the DagBag from /home/airflow/.local/lib/python3.8/site-packages/airflow/example_dags/example_branch_python_dop_operator_3.py
[2021-09-16 09:03:13,846] {processor.py:623} INFO - DAG(s) dict_keys(['example_branch_dop_operator_v3']) retrieved from /home/airflow/.local/lib/python3.8/site-packages/airflow/example_dags/example_branch_python_dop_operator_3.py
[2021-09-16 09:03:13,865] {logging_mixin.py:109} INFO - [2021-09-16 09:03:13,865] {dag.py:1833} INFO - Sync 1 DAGs
[2021-09-16 09:03:13,890] {logging_mixin.py:109} INFO - [2021-09-16 09:03:13,890] {dag.py:2306} INFO - Setting next_dagrun for example_branch_dop_operator_v3 to 2021-09-14 00:00:00+00:00
[2021-09-16 09:03:13,899] {processor.py:170} INFO - Processing /home/airflow/.local/lib/python3.8/site-packages/airflow/example_dags/example_branch_python_dop_operator_3.py took 0.074 seconds
[2021-09-16 09:03:44,003] {processor.py:162} INFO - Started process (PID=682) to work on /home/airflow/.local/lib/python3.8/site-packages/airflow/example_dags/example_branch_python_dop_operator_3.py
[2021-09-16 09:03:44,005] {processor.py:613} INFO - Processing file /home/airflow/.local/lib/python3.8/site-packages/airflow/example_dags/example_branch_python_dop_operator_3.py for tasks to queue
[2021-09-16 09:03:44,006] {logging_mixin.py:109} INFO - [2021-09-16 09:03:44,006] {dagbag.py:496} INFO - Filling up the DagBag from /home/airflow/.local/lib/python3.8/site-packages/airflow/example_dags/example_branch_python_dop_operator_3.py
[2021-09-16 09:03:44,019] {processor.py:623} INFO - DAG(s) dict_keys(['example_branch_dop_operator_v3']) retrieved from /home/airflow/.local/lib/python3.8/site-packages/airflow/example_dags/example_branch_python_dop_operator_3.py
[2021-09-16 09:03:44,037] {logging_mixin.py:109} INFO - [2021-09-16 09:03:44,037] {dag.py:1833} INFO - Sync 1 DAGs
[2021-09-16 09:03:44,055] {logging_mixin.py:109} INFO - [2021-09-16 09:03:44,055] {dag.py:2306} INFO - Setting next_dagrun for example_branch_dop_operator_v3 to 2021-09-14 00:00:00+00:00
[2021-09-16 09:03:44,064] {processor.py:170} INFO - Processing /home/airflow/.local/lib/python3.8/site-packages/airflow/example_dags/example_branch_python_dop_operator_3.py took 0.064 seconds
[2021-09-16 09:04:14,318] {processor.py:162} INFO - Started process (PID=738) to work on /home/airflow/.local/lib/python3.8/site-packages/airflow/example_dags/example_branch_python_dop_operator_3.py
[2021-09-16 09:04:14,319] {processor.py:613} INFO - Processing file /home/airflow/.local/lib/python3.8/site-packages/airflow/example_dags/example_branch_python_dop_operator_3.py for tasks to queue
[2021-09-16 09:04:14,320] {logging_mixin.py:109} INFO - [2021-09-16 09:04:14,320] {dagbag.py:496} INFO - Filling up the DagBag from /home/airflow/.local/lib/python3.8/site-packages/airflow/example_dags/example_branch_python_dop_operator_3.py
[2021-09-16 09:04:14,335] {processor.py:623} INFO - DAG(s) dict_keys(['example_branch_dop_operator_v3']) retrieved from /home/airflow/.local/lib/python3.8/site-packages/airflow/example_dags/example_branch_python_dop_operator_3.py
[2021-09-16 09:04:14,354] {logging_mixin.py:109} INFO - [2021-09-16 09:04:14,354] {dag.py:1833} INFO - Sync 1 DAGs
[2021-09-16 09:04:14,372] {logging_mixin.py:109} INFO - [2021-09-16 09:04:14,372] {dag.py:2306} INFO - Setting next_dagrun for example_branch_dop_operator_v3 to 2021-09-14 00:00:00+00:00
[2021-09-16 09:04:14,381] {processor.py:170} INFO - Processing /home/airflow/.local/lib/python3.8/site-packages/airflow/example_dags/example_branch_python_dop_operator_3.py took 0.067 seconds
[2021-09-16 09:04:44,477] {processor.py:162} INFO - Started process (PID=796) to work on /home/airflow/.local/lib/python3.8/site-packages/airflow/example_dags/example_branch_python_dop_operator_3.py
[2021-09-16 09:04:44,478] {processor.py:613} INFO - Processing file /home/airflow/.local/lib/python3.8/site-packages/airflow/example_dags/example_branch_python_dop_operator_3.py for tasks to queue
[2021-09-16 09:04:44,479] {logging_mixin.py:109} INFO - [2021-09-16 09:04:44,479] {dagbag.py:496} INFO - Filling up the DagBag from /home/airflow/.local/lib/python3.8/site-packages/airflow/example_dags/example_branch_python_dop_operator_3.py
[2021-09-16 09:04:44,490] {processor.py:623} INFO - DAG(s) dict_keys(['example_branch_dop_operator_v3']) retrieved from /home/airflow/.local/lib/python3.8/site-packages/airflow/example_dags/example_branch_python_dop_operator_3.py
[2021-09-16 09:04:44,506] {logging_mixin.py:109} INFO - [2021-09-16 09:04:44,506] {dag.py:1833} INFO - Sync 1 DAGs
[2021-09-16 09:04:44,521] {logging_mixin.py:109} INFO - [2021-09-16 09:04:44,521] {dag.py:2306} INFO - Setting next_dagrun for example_branch_dop_operator_v3 to 2021-09-14 00:00:00+00:00
[2021-09-16 09:04:44,528] {processor.py:170} INFO - Processing /home/airflow/.local/lib/python3.8/site-packages/airflow/example_dags/example_branch_python_dop_operator_3.py took 0.054 seconds
[2021-09-16 09:05:14,626] {processor.py:162} INFO - Started process (PID=844) to work on /home/airflow/.local/lib/python3.8/site-packages/airflow/example_dags/example_branch_python_dop_operator_3.py
[2021-09-16 09:05:14,628] {processor.py:613} INFO - Processing file /home/airflow/.local/lib/python3.8/site-packages/airflow/example_dags/example_branch_python_dop_operator_3.py for tasks to queue
[2021-09-16 09:05:14,629] {logging_mixin.py:109} INFO - [2021-09-16 09:05:14,628] {dagbag.py:496} INFO - Filling up the DagBag from /home/airflow/.local/lib/python3.8/site-packages/airflow/example_dags/example_branch_python_dop_operator_3.py
[2021-09-16 09:05:14,640] {processor.py:623} INFO - DAG(s) dict_keys(['example_branch_dop_operator_v3']) retrieved from /home/airflow/.local/lib/python3.8/site-packages/airflow/example_dags/example_branch_python_dop_operator_3.py
[2021-09-16 09:05:14,658] {logging_mixin.py:109} INFO - [2021-09-16 09:05:14,658] {dag.py:1833} INFO - Sync 1 DAGs
[2021-09-16 09:05:14,675] {logging_mixin.py:109} INFO - [2021-09-16 09:05:14,675] {dag.py:2306} INFO - Setting next_dagrun for example_branch_dop_operator_v3 to 2021-09-14 00:00:00+00:00
[2021-09-16 09:05:14,684] {processor.py:170} INFO - Processing /home/airflow/.local/lib/python3.8/site-packages/airflow/example_dags/example_branch_python_dop_operator_3.py took 0.061 seconds
[2021-09-16 09:05:45,124] {processor.py:162} INFO - Started process (PID=899) to work on /home/airflow/.local/lib/python3.8/site-packages/airflow/example_dags/example_branch_python_dop_operator_3.py
[2021-09-16 09:05:45,126] {processor.py:613} INFO - Processing file /home/airflow/.local/lib/python3.8/site-packages/airflow/example_dags/example_branch_python_dop_operator_3.py for tasks to queue
[2021-09-16 09:05:45,127] {logging_mixin.py:109} INFO - [2021-09-16 09:05:45,127] {dagbag.py:496} INFO - Filling up the DagBag from /home/airflow/.local/lib/python3.8/site-packages/airflow/example_dags/example_branch_python_dop_operator_3.py
[2021-09-16 09:05:45,140] {processor.py:623} INFO - DAG(s) dict_keys(['example_branch_dop_operator_v3']) retrieved from /home/airflow/.local/lib/python3.8/site-packages/airflow/example_dags/example_branch_python_dop_operator_3.py
[2021-09-16 09:05:45,157] {logging_mixin.py:109} INFO - [2021-09-16 09:05:45,157] {dag.py:1833} INFO - Sync 1 DAGs
[2021-09-16 09:05:45,175] {logging_mixin.py:109} INFO - [2021-09-16 09:05:45,175] {dag.py:2306} INFO - Setting next_dagrun for example_branch_dop_operator_v3 to 2021-09-14 00:00:00+00:00
[2021-09-16 09:05:45,183] {processor.py:170} INFO - Processing /home/airflow/.local/lib/python3.8/site-packages/airflow/example_dags/example_branch_python_dop_operator_3.py took 0.063 seconds
[2021-09-16 09:06:15,413] {processor.py:162} INFO - Started process (PID=955) to work on /home/airflow/.local/lib/python3.8/site-packages/airflow/example_dags/example_branch_python_dop_operator_3.py
[2021-09-16 09:06:15,414] {processor.py:613} INFO - Processing file /home/airflow/.local/lib/python3.8/site-packages/airflow/example_dags/example_branch_python_dop_operator_3.py for tasks to queue
[2021-09-16 09:06:15,415] {logging_mixin.py:109} INFO - [2021-09-16 09:06:15,415] {dagbag.py:496} INFO - Filling up the DagBag from /home/airflow/.local/lib/python3.8/site-packages/airflow/example_dags/example_branch_python_dop_operator_3.py
[2021-09-16 09:06:15,428] {processor.py:623} INFO - DAG(s) dict_keys(['example_branch_dop_operator_v3']) retrieved from /home/airflow/.local/lib/python3.8/site-packages/airflow/example_dags/example_branch_python_dop_operator_3.py
[2021-09-16 09:06:15,446] {logging_mixin.py:109} INFO - [2021-09-16 09:06:15,446] {dag.py:1833} INFO - Sync 1 DAGs
[2021-09-16 09:06:15,465] {logging_mixin.py:109} INFO - [2021-09-16 09:06:15,465] {dag.py:2306} INFO - Setting next_dagrun for example_branch_dop_operator_v3 to 2021-09-14 00:00:00+00:00
[2021-09-16 09:06:15,474] {processor.py:170} INFO - Processing /home/airflow/.local/lib/python3.8/site-packages/airflow/example_dags/example_branch_python_dop_operator_3.py took 0.065 seconds
[2021-09-16 09:06:45,568] {processor.py:162} INFO - Started process (PID=1011) to work on /home/airflow/.local/lib/python3.8/site-packages/airflow/example_dags/example_branch_python_dop_operator_3.py
[2021-09-16 09:06:45,570] {processor.py:613} INFO - Processing file /home/airflow/.local/lib/python3.8/site-packages/airflow/example_dags/example_branch_python_dop_operator_3.py for tasks to queue
[2021-09-16 09:06:45,571] {logging_mixin.py:109} INFO - [2021-09-16 09:06:45,571] {dagbag.py:496} INFO - Filling up the DagBag from /home/airflow/.local/lib/python3.8/site-packages/airflow/example_dags/example_branch_python_dop_operator_3.py
[2021-09-16 09:06:45,586] {processor.py:623} INFO - DAG(s) dict_keys(['example_branch_dop_operator_v3']) retrieved from /home/airflow/.local/lib/python3.8/site-packages/airflow/example_dags/example_branch_python_dop_operator_3.py
[2021-09-16 09:06:45,603] {logging_mixin.py:109} INFO - [2021-09-16 09:06:45,603] {dag.py:1833} INFO - Sync 1 DAGs
[2021-09-16 09:06:45,621] {logging_mixin.py:109} INFO - [2021-09-16 09:06:45,621] {dag.py:2306} INFO - Setting next_dagrun for example_branch_dop_operator_v3 to 2021-09-14 00:00:00+00:00
[2021-09-16 09:06:45,629] {processor.py:170} INFO - Processing /home/airflow/.local/lib/python3.8/site-packages/airflow/example_dags/example_branch_python_dop_operator_3.py took 0.064 seconds
[2021-09-16 09:07:15,844] {processor.py:162} INFO - Started process (PID=1058) to work on /home/airflow/.local/lib/python3.8/site-packages/airflow/example_dags/example_branch_python_dop_operator_3.py
[2021-09-16 09:07:15,845] {processor.py:613} INFO - Processing file /home/airflow/.local/lib/python3.8/site-packages/airflow/example_dags/example_branch_python_dop_operator_3.py for tasks to queue
[2021-09-16 09:07:15,846] {logging_mixin.py:109} INFO - [2021-09-16 09:07:15,846] {dagbag.py:496} INFO - Filling up the DagBag from /home/airflow/.local/lib/python3.8/site-packages/airflow/example_dags/example_branch_python_dop_operator_3.py
[2021-09-16 09:07:15,857] {processor.py:623} INFO - DAG(s) dict_keys(['example_branch_dop_operator_v3']) retrieved from /home/airflow/.local/lib/python3.8/site-packages/airflow/example_dags/example_branch_python_dop_operator_3.py
[2021-09-16 09:07:15,874] {logging_mixin.py:109} INFO - [2021-09-16 09:07:15,874] {dag.py:1833} INFO - Sync 1 DAGs
[2021-09-16 09:07:15,890] {logging_mixin.py:109} INFO - [2021-09-16 09:07:15,890] {dag.py:2306} INFO - Setting next_dagrun for example_branch_dop_operator_v3 to 2021-09-14 00:00:00+00:00
[2021-09-16 09:07:15,899] {processor.py:170} INFO - Processing /home/airflow/.local/lib/python3.8/site-packages/airflow/example_dags/example_branch_python_dop_operator_3.py took 0.057 seconds
[2021-09-16 09:07:46,367] {processor.py:162} INFO - Started process (PID=1113) to work on /home/airflow/.local/lib/python3.8/site-packages/airflow/example_dags/example_branch_python_dop_operator_3.py
[2021-09-16 09:07:46,369] {processor.py:613} INFO - Processing file /home/airflow/.local/lib/python3.8/site-packages/airflow/example_dags/example_branch_python_dop_operator_3.py for tasks to queue
[2021-09-16 09:07:46,370] {logging_mixin.py:109} INFO - [2021-09-16 09:07:46,370] {dagbag.py:496} INFO - Filling up the DagBag from /home/airflow/.local/lib/python3.8/site-packages/airflow/example_dags/example_branch_python_dop_operator_3.py
[2021-09-16 09:07:46,383] {processor.py:623} INFO - DAG(s) dict_keys(['example_branch_dop_operator_v3']) retrieved from /home/airflow/.local/lib/python3.8/site-packages/airflow/example_dags/example_branch_python_dop_operator_3.py
[2021-09-16 09:07:46,401] {logging_mixin.py:109} INFO - [2021-09-16 09:07:46,401] {dag.py:1833} INFO - Sync 1 DAGs
[2021-09-16 09:07:46,419] {logging_mixin.py:109} INFO - [2021-09-16 09:07:46,419] {dag.py:2306} INFO - Setting next_dagrun for example_branch_dop_operator_v3 to 2021-09-14 00:00:00+00:00
[2021-09-16 09:07:46,428] {processor.py:170} INFO - Processing /home/airflow/.local/lib/python3.8/site-packages/airflow/example_dags/example_branch_python_dop_operator_3.py took 0.064 seconds
[2021-09-16 09:08:16,682] {processor.py:162} INFO - Started process (PID=1169) to work on /home/airflow/.local/lib/python3.8/site-packages/airflow/example_dags/example_branch_python_dop_operator_3.py
[2021-09-16 09:08:16,684] {processor.py:613} INFO - Processing file /home/airflow/.local/lib/python3.8/site-packages/airflow/example_dags/example_branch_python_dop_operator_3.py for tasks to queue
[2021-09-16 09:08:16,685] {logging_mixin.py:109} INFO - [2021-09-16 09:08:16,685] {dagbag.py:496} INFO - Filling up the DagBag from /home/airflow/.local/lib/python3.8/site-packages/airflow/example_dags/example_branch_python_dop_operator_3.py
[2021-09-16 09:08:16,699] {processor.py:623} INFO - DAG(s) dict_keys(['example_branch_dop_operator_v3']) retrieved from /home/airflow/.local/lib/python3.8/site-packages/airflow/example_dags/example_branch_python_dop_operator_3.py
[2021-09-16 09:08:16,718] {logging_mixin.py:109} INFO - [2021-09-16 09:08:16,718] {dag.py:1833} INFO - Sync 1 DAGs
[2021-09-16 09:08:16,742] {logging_mixin.py:109} INFO - [2021-09-16 09:08:16,742] {dag.py:2306} INFO - Setting next_dagrun for example_branch_dop_operator_v3 to 2021-09-14 00:00:00+00:00
[2021-09-16 09:08:16,755] {processor.py:170} INFO - Processing /home/airflow/.local/lib/python3.8/site-packages/airflow/example_dags/example_branch_python_dop_operator_3.py took 0.076 seconds
[2021-09-16 09:08:47,104] {processor.py:162} INFO - Started process (PID=1218) to work on /home/airflow/.local/lib/python3.8/site-packages/airflow/example_dags/example_branch_python_dop_operator_3.py
[2021-09-16 09:08:47,105] {processor.py:613} INFO - Processing file /home/airflow/.local/lib/python3.8/site-packages/airflow/example_dags/example_branch_python_dop_operator_3.py for tasks to queue
[2021-09-16 09:08:47,106] {logging_mixin.py:109} INFO - [2021-09-16 09:08:47,106] {dagbag.py:496} INFO - Filling up the DagBag from /home/airflow/.local/lib/python3.8/site-packages/airflow/example_dags/example_branch_python_dop_operator_3.py
[2021-09-16 09:08:47,118] {processor.py:623} INFO - DAG(s) dict_keys(['example_branch_dop_operator_v3']) retrieved from /home/airflow/.local/lib/python3.8/site-packages/airflow/example_dags/example_branch_python_dop_operator_3.py
[2021-09-16 09:08:47,136] {logging_mixin.py:109} INFO - [2021-09-16 09:08:47,136] {dag.py:1833} INFO - Sync 1 DAGs
[2021-09-16 09:08:47,154] {logging_mixin.py:109} INFO - [2021-09-16 09:08:47,154] {dag.py:2306} INFO - Setting next_dagrun for example_branch_dop_operator_v3 to 2021-09-14 00:00:00+00:00
[2021-09-16 09:08:47,162] {processor.py:170} INFO - Processing /home/airflow/.local/lib/python3.8/site-packages/airflow/example_dags/example_branch_python_dop_operator_3.py took 0.061 seconds
[2021-09-16 09:09:17,494] {processor.py:162} INFO - Started process (PID=1273) to work on /home/airflow/.local/lib/python3.8/site-packages/airflow/example_dags/example_branch_python_dop_operator_3.py
[2021-09-16 09:09:17,496] {processor.py:613} INFO - Processing file /home/airflow/.local/lib/python3.8/site-packages/airflow/example_dags/example_branch_python_dop_operator_3.py for tasks to queue
[2021-09-16 09:09:17,497] {logging_mixin.py:109} INFO - [2021-09-16 09:09:17,497] {dagbag.py:496} INFO - Filling up the DagBag from /home/airflow/.local/lib/python3.8/site-packages/airflow/example_dags/example_branch_python_dop_operator_3.py
[2021-09-16 09:09:17,511] {processor.py:623} INFO - DAG(s) dict_keys(['example_branch_dop_operator_v3']) retrieved from /home/airflow/.local/lib/python3.8/site-packages/airflow/example_dags/example_branch_python_dop_operator_3.py
[2021-09-16 09:09:17,529] {logging_mixin.py:109} INFO - [2021-09-16 09:09:17,529] {dag.py:1833} INFO - Sync 1 DAGs
[2021-09-16 09:09:17,546] {logging_mixin.py:109} INFO - [2021-09-16 09:09:17,546] {dag.py:2306} INFO - Setting next_dagrun for example_branch_dop_operator_v3 to 2021-09-14 00:00:00+00:00
[2021-09-16 09:09:17,555] {processor.py:170} INFO - Processing /home/airflow/.local/lib/python3.8/site-packages/airflow/example_dags/example_branch_python_dop_operator_3.py took 0.064 seconds
[2021-09-16 09:09:47,851] {processor.py:162} INFO - Started process (PID=1329) to work on /home/airflow/.local/lib/python3.8/site-packages/airflow/example_dags/example_branch_python_dop_operator_3.py
[2021-09-16 09:09:47,853] {processor.py:613} INFO - Processing file /home/airflow/.local/lib/python3.8/site-packages/airflow/example_dags/example_branch_python_dop_operator_3.py for tasks to queue
[2021-09-16 09:09:47,854] {logging_mixin.py:109} INFO - [2021-09-16 09:09:47,854] {dagbag.py:496} INFO - Filling up the DagBag from /home/airflow/.local/lib/python3.8/site-packages/airflow/example_dags/example_branch_python_dop_operator_3.py
[2021-09-16 09:09:47,867] {processor.py:623} INFO - DAG(s) dict_keys(['example_branch_dop_operator_v3']) retrieved from /home/airflow/.local/lib/python3.8/site-packages/airflow/example_dags/example_branch_python_dop_operator_3.py
[2021-09-16 09:09:47,885] {logging_mixin.py:109} INFO - [2021-09-16 09:09:47,885] {dag.py:1833} INFO - Sync 1 DAGs
[2021-09-16 09:09:47,903] {logging_mixin.py:109} INFO - [2021-09-16 09:09:47,903] {dag.py:2306} INFO - Setting next_dagrun for example_branch_dop_operator_v3 to 2021-09-14 00:00:00+00:00
[2021-09-16 09:09:47,911] {processor.py:170} INFO - Processing /home/airflow/.local/lib/python3.8/site-packages/airflow/example_dags/example_branch_python_dop_operator_3.py took 0.063 seconds
[2021-09-16 09:10:18,235] {processor.py:162} INFO - Started process (PID=1385) to work on /home/airflow/.local/lib/python3.8/site-packages/airflow/example_dags/example_branch_python_dop_operator_3.py
[2021-09-16 09:10:18,236] {processor.py:613} INFO - Processing file /home/airflow/.local/lib/python3.8/site-packages/airflow/example_dags/example_branch_python_dop_operator_3.py for tasks to queue
[2021-09-16 09:10:18,237] {logging_mixin.py:109} INFO - [2021-09-16 09:10:18,237] {dagbag.py:496} INFO - Filling up the DagBag from /home/airflow/.local/lib/python3.8/site-packages/airflow/example_dags/example_branch_python_dop_operator_3.py
[2021-09-16 09:10:18,247] {processor.py:623} INFO - DAG(s) dict_keys(['example_branch_dop_operator_v3']) retrieved from /home/airflow/.local/lib/python3.8/site-packages/airflow/example_dags/example_branch_python_dop_operator_3.py
[2021-09-16 09:10:18,265] {logging_mixin.py:109} INFO - [2021-09-16 09:10:18,264] {dag.py:1833} INFO - Sync 1 DAGs
[2021-09-16 09:10:18,281] {logging_mixin.py:109} INFO - [2021-09-16 09:10:18,281] {dag.py:2306} INFO - Setting next_dagrun for example_branch_dop_operator_v3 to 2021-09-14 00:00:00+00:00
[2021-09-16 09:10:18,291] {processor.py:170} INFO - Processing /home/airflow/.local/lib/python3.8/site-packages/airflow/example_dags/example_branch_python_dop_operator_3.py took 0.059 seconds
[2021-09-16 09:10:48,873] {processor.py:162} INFO - Started process (PID=1432) to work on /home/airflow/.local/lib/python3.8/site-packages/airflow/example_dags/example_branch_python_dop_operator_3.py
[2021-09-16 09:10:48,875] {processor.py:613} INFO - Processing file /home/airflow/.local/lib/python3.8/site-packages/airflow/example_dags/example_branch_python_dop_operator_3.py for tasks to queue
[2021-09-16 09:10:48,876] {logging_mixin.py:109} INFO - [2021-09-16 09:10:48,875] {dagbag.py:496} INFO - Filling up the DagBag from /home/airflow/.local/lib/python3.8/site-packages/airflow/example_dags/example_branch_python_dop_operator_3.py
[2021-09-16 09:10:48,887] {processor.py:623} INFO - DAG(s) dict_keys(['example_branch_dop_operator_v3']) retrieved from /home/airflow/.local/lib/python3.8/site-packages/airflow/example_dags/example_branch_python_dop_operator_3.py
[2021-09-16 09:10:48,904] {logging_mixin.py:109} INFO - [2021-09-16 09:10:48,904] {dag.py:1833} INFO - Sync 1 DAGs
[2021-09-16 09:10:48,922] {logging_mixin.py:109} INFO - [2021-09-16 09:10:48,922] {dag.py:2306} INFO - Setting next_dagrun for example_branch_dop_operator_v3 to 2021-09-14 00:00:00+00:00
[2021-09-16 09:10:48,930] {processor.py:170} INFO - Processing /home/airflow/.local/lib/python3.8/site-packages/airflow/example_dags/example_branch_python_dop_operator_3.py took 0.059 seconds
[2021-09-16 09:11:19,368] {processor.py:162} INFO - Started process (PID=1489) to work on /home/airflow/.local/lib/python3.8/site-packages/airflow/example_dags/example_branch_python_dop_operator_3.py
[2021-09-16 09:11:19,369] {processor.py:613} INFO - Processing file /home/airflow/.local/lib/python3.8/site-packages/airflow/example_dags/example_branch_python_dop_operator_3.py for tasks to queue
[2021-09-16 09:11:19,370] {logging_mixin.py:109} INFO - [2021-09-16 09:11:19,370] {dagbag.py:496} INFO - Filling up the DagBag from /home/airflow/.local/lib/python3.8/site-packages/airflow/example_dags/example_branch_python_dop_operator_3.py
[2021-09-16 09:11:19,382] {processor.py:623} INFO - DAG(s) dict_keys(['example_branch_dop_operator_v3']) retrieved from /home/airflow/.local/lib/python3.8/site-packages/airflow/example_dags/example_branch_python_dop_operator_3.py
[2021-09-16 09:11:19,400] {logging_mixin.py:109} INFO - [2021-09-16 09:11:19,399] {dag.py:1833} INFO - Sync 1 DAGs
[2021-09-16 09:11:19,418] {logging_mixin.py:109} INFO - [2021-09-16 09:11:19,418] {dag.py:2306} INFO - Setting next_dagrun for example_branch_dop_operator_v3 to 2021-09-14 00:00:00+00:00
[2021-09-16 09:11:19,449] {processor.py:170} INFO - Processing /home/airflow/.local/lib/python3.8/site-packages/airflow/example_dags/example_branch_python_dop_operator_3.py took 0.084 seconds
[2021-09-16 09:11:49,845] {processor.py:162} INFO - Started process (PID=1545) to work on /home/airflow/.local/lib/python3.8/site-packages/airflow/example_dags/example_branch_python_dop_operator_3.py
[2021-09-16 09:11:49,847] {processor.py:613} INFO - Processing file /home/airflow/.local/lib/python3.8/site-packages/airflow/example_dags/example_branch_python_dop_operator_3.py for tasks to queue
[2021-09-16 09:11:49,848] {logging_mixin.py:109} INFO - [2021-09-16 09:11:49,848] {dagbag.py:496} INFO - Filling up the DagBag from /home/airflow/.local/lib/python3.8/site-packages/airflow/example_dags/example_branch_python_dop_operator_3.py
[2021-09-16 09:11:49,859] {processor.py:623} INFO - DAG(s) dict_keys(['example_branch_dop_operator_v3']) retrieved from /home/airflow/.local/lib/python3.8/site-packages/airflow/example_dags/example_branch_python_dop_operator_3.py
[2021-09-16 09:11:49,877] {logging_mixin.py:109} INFO - [2021-09-16 09:11:49,877] {dag.py:1833} INFO - Sync 1 DAGs
[2021-09-16 09:11:49,895] {logging_mixin.py:109} INFO - [2021-09-16 09:11:49,894] {dag.py:2306} INFO - Setting next_dagrun for example_branch_dop_operator_v3 to 2021-09-14 00:00:00+00:00
[2021-09-16 09:11:49,903] {processor.py:170} INFO - Processing /home/airflow/.local/lib/python3.8/site-packages/airflow/example_dags/example_branch_python_dop_operator_3.py took 0.061 seconds
[2021-09-16 09:12:20,325] {processor.py:162} INFO - Started process (PID=1592) to work on /home/airflow/.local/lib/python3.8/site-packages/airflow/example_dags/example_branch_python_dop_operator_3.py
[2021-09-16 09:12:20,327] {processor.py:613} INFO - Processing file /home/airflow/.local/lib/python3.8/site-packages/airflow/example_dags/example_branch_python_dop_operator_3.py for tasks to queue
[2021-09-16 09:12:20,328] {logging_mixin.py:109} INFO - [2021-09-16 09:12:20,328] {dagbag.py:496} INFO - Filling up the DagBag from /home/airflow/.local/lib/python3.8/site-packages/airflow/example_dags/example_branch_python_dop_operator_3.py
[2021-09-16 09:12:20,343] {processor.py:623} INFO - DAG(s) dict_keys(['example_branch_dop_operator_v3']) retrieved from /home/airflow/.local/lib/python3.8/site-packages/airflow/example_dags/example_branch_python_dop_operator_3.py
[2021-09-16 09:12:20,367] {logging_mixin.py:109} INFO - [2021-09-16 09:12:20,366] {dag.py:1833} INFO - Sync 1 DAGs
[2021-09-16 09:12:20,390] {logging_mixin.py:109} INFO - [2021-09-16 09:12:20,390] {dag.py:2306} INFO - Setting next_dagrun for example_branch_dop_operator_v3 to 2021-09-14 00:00:00+00:00
[2021-09-16 09:12:20,402] {processor.py:170} INFO - Processing /home/airflow/.local/lib/python3.8/site-packages/airflow/example_dags/example_branch_python_dop_operator_3.py took 0.082 seconds
[2021-09-16 09:12:50,781] {processor.py:162} INFO - Started process (PID=1648) to work on /home/airflow/.local/lib/python3.8/site-packages/airflow/example_dags/example_branch_python_dop_operator_3.py
[2021-09-16 09:12:50,783] {processor.py:613} INFO - Processing file /home/airflow/.local/lib/python3.8/site-packages/airflow/example_dags/example_branch_python_dop_operator_3.py for tasks to queue
[2021-09-16 09:12:50,784] {logging_mixin.py:109} INFO - [2021-09-16 09:12:50,784] {dagbag.py:496} INFO - Filling up the DagBag from /home/airflow/.local/lib/python3.8/site-packages/airflow/example_dags/example_branch_python_dop_operator_3.py
[2021-09-16 09:12:50,799] {processor.py:623} INFO - DAG(s) dict_keys(['example_branch_dop_operator_v3']) retrieved from /home/airflow/.local/lib/python3.8/site-packages/airflow/example_dags/example_branch_python_dop_operator_3.py
[2021-09-16 09:12:50,819] {logging_mixin.py:109} INFO - [2021-09-16 09:12:50,819] {dag.py:1833} INFO - Sync 1 DAGs
[2021-09-16 09:12:50,839] {logging_mixin.py:109} INFO - [2021-09-16 09:12:50,839] {dag.py:2306} INFO - Setting next_dagrun for example_branch_dop_operator_v3 to 2021-09-14 00:00:00+00:00
[2021-09-16 09:12:50,848] {processor.py:170} INFO - Processing /home/airflow/.local/lib/python3.8/site-packages/airflow/example_dags/example_branch_python_dop_operator_3.py took 0.071 seconds
[2021-09-16 09:13:21,285] {processor.py:162} INFO - Started process (PID=1704) to work on /home/airflow/.local/lib/python3.8/site-packages/airflow/example_dags/example_branch_python_dop_operator_3.py
[2021-09-16 09:13:21,287] {processor.py:613} INFO - Processing file /home/airflow/.local/lib/python3.8/site-packages/airflow/example_dags/example_branch_python_dop_operator_3.py for tasks to queue
[2021-09-16 09:13:21,288] {logging_mixin.py:109} INFO - [2021-09-16 09:13:21,288] {dagbag.py:496} INFO - Filling up the DagBag from /home/airflow/.local/lib/python3.8/site-packages/airflow/example_dags/example_branch_python_dop_operator_3.py
[2021-09-16 09:13:21,303] {processor.py:623} INFO - DAG(s) dict_keys(['example_branch_dop_operator_v3']) retrieved from /home/airflow/.local/lib/python3.8/site-packages/airflow/example_dags/example_branch_python_dop_operator_3.py
[2021-09-16 09:13:21,324] {logging_mixin.py:109} INFO - [2021-09-16 09:13:21,324] {dag.py:1833} INFO - Sync 1 DAGs
[2021-09-16 09:13:21,344] {logging_mixin.py:109} INFO - [2021-09-16 09:13:21,344] {dag.py:2306} INFO - Setting next_dagrun for example_branch_dop_operator_v3 to 2021-09-14 00:00:00+00:00
[2021-09-16 09:13:21,353] {processor.py:170} INFO - Processing /home/airflow/.local/lib/python3.8/site-packages/airflow/example_dags/example_branch_python_dop_operator_3.py took 0.071 seconds
[2021-09-16 09:13:51,611] {processor.py:162} INFO - Started process (PID=1760) to work on /home/airflow/.local/lib/python3.8/site-packages/airflow/example_dags/example_branch_python_dop_operator_3.py
[2021-09-16 09:13:51,613] {processor.py:613} INFO - Processing file /home/airflow/.local/lib/python3.8/site-packages/airflow/example_dags/example_branch_python_dop_operator_3.py for tasks to queue
[2021-09-16 09:13:51,613] {logging_mixin.py:109} INFO - [2021-09-16 09:13:51,613] {dagbag.py:496} INFO - Filling up the DagBag from /home/airflow/.local/lib/python3.8/site-packages/airflow/example_dags/example_branch_python_dop_operator_3.py
[2021-09-16 09:13:51,625] {processor.py:623} INFO - DAG(s) dict_keys(['example_branch_dop_operator_v3']) retrieved from /home/airflow/.local/lib/python3.8/site-packages/airflow/example_dags/example_branch_python_dop_operator_3.py
[2021-09-16 09:13:51,644] {logging_mixin.py:109} INFO - [2021-09-16 09:13:51,644] {dag.py:1833} INFO - Sync 1 DAGs
[2021-09-16 09:13:51,663] {logging_mixin.py:109} INFO - [2021-09-16 09:13:51,662] {dag.py:2306} INFO - Setting next_dagrun for example_branch_dop_operator_v3 to 2021-09-14 00:00:00+00:00
[2021-09-16 09:13:51,671] {processor.py:170} INFO - Processing /home/airflow/.local/lib/python3.8/site-packages/airflow/example_dags/example_branch_python_dop_operator_3.py took 0.062 seconds
[2021-09-16 09:14:21,727] {processor.py:162} INFO - Started process (PID=1807) to work on /home/airflow/.local/lib/python3.8/site-packages/airflow/example_dags/example_branch_python_dop_operator_3.py
[2021-09-16 09:14:21,728] {processor.py:613} INFO - Processing file /home/airflow/.local/lib/python3.8/site-packages/airflow/example_dags/example_branch_python_dop_operator_3.py for tasks to queue
[2021-09-16 09:14:21,729] {logging_mixin.py:109} INFO - [2021-09-16 09:14:21,729] {dagbag.py:496} INFO - Filling up the DagBag from /home/airflow/.local/lib/python3.8/site-packages/airflow/example_dags/example_branch_python_dop_operator_3.py
[2021-09-16 09:14:21,741] {processor.py:623} INFO - DAG(s) dict_keys(['example_branch_dop_operator_v3']) retrieved from /home/airflow/.local/lib/python3.8/site-packages/airflow/example_dags/example_branch_python_dop_operator_3.py
[2021-09-16 09:14:21,760] {logging_mixin.py:109} INFO - [2021-09-16 09:14:21,760] {dag.py:1833} INFO - Sync 1 DAGs
[2021-09-16 09:14:21,779] {logging_mixin.py:109} INFO - [2021-09-16 09:14:21,778] {dag.py:2306} INFO - Setting next_dagrun for example_branch_dop_operator_v3 to 2021-09-14 00:00:00+00:00
[2021-09-16 09:14:21,787] {processor.py:170} INFO - Processing /home/airflow/.local/lib/python3.8/site-packages/airflow/example_dags/example_branch_python_dop_operator_3.py took 0.063 seconds
[2021-09-16 09:14:52,011] {processor.py:162} INFO - Started process (PID=1862) to work on /home/airflow/.local/lib/python3.8/site-packages/airflow/example_dags/example_branch_python_dop_operator_3.py
[2021-09-16 09:14:52,012] {processor.py:613} INFO - Processing file /home/airflow/.local/lib/python3.8/site-packages/airflow/example_dags/example_branch_python_dop_operator_3.py for tasks to queue
[2021-09-16 09:14:52,013] {logging_mixin.py:109} INFO - [2021-09-16 09:14:52,013] {dagbag.py:496} INFO - Filling up the DagBag from /home/airflow/.local/lib/python3.8/site-packages/airflow/example_dags/example_branch_python_dop_operator_3.py
[2021-09-16 09:14:52,024] {processor.py:623} INFO - DAG(s) dict_keys(['example_branch_dop_operator_v3']) retrieved from /home/airflow/.local/lib/python3.8/site-packages/airflow/example_dags/example_branch_python_dop_operator_3.py
[2021-09-16 09:14:52,042] {logging_mixin.py:109} INFO - [2021-09-16 09:14:52,042] {dag.py:1833} INFO - Sync 1 DAGs
[2021-09-16 09:14:52,061] {logging_mixin.py:109} INFO - [2021-09-16 09:14:52,061] {dag.py:2306} INFO - Setting next_dagrun for example_branch_dop_operator_v3 to 2021-09-14 00:00:00+00:00
[2021-09-16 09:14:52,070] {processor.py:170} INFO - Processing /home/airflow/.local/lib/python3.8/site-packages/airflow/example_dags/example_branch_python_dop_operator_3.py took 0.062 seconds
[2021-09-16 09:15:22,319] {processor.py:162} INFO - Started process (PID=1919) to work on /home/airflow/.local/lib/python3.8/site-packages/airflow/example_dags/example_branch_python_dop_operator_3.py
[2021-09-16 09:15:22,321] {processor.py:613} INFO - Processing file /home/airflow/.local/lib/python3.8/site-packages/airflow/example_dags/example_branch_python_dop_operator_3.py for tasks to queue
[2021-09-16 09:15:22,322] {logging_mixin.py:109} INFO - [2021-09-16 09:15:22,322] {dagbag.py:496} INFO - Filling up the DagBag from /home/airflow/.local/lib/python3.8/site-packages/airflow/example_dags/example_branch_python_dop_operator_3.py
[2021-09-16 09:15:22,333] {processor.py:623} INFO - DAG(s) dict_keys(['example_branch_dop_operator_v3']) retrieved from /home/airflow/.local/lib/python3.8/site-packages/airflow/example_dags/example_branch_python_dop_operator_3.py
[2021-09-16 09:15:22,352] {logging_mixin.py:109} INFO - [2021-09-16 09:15:22,352] {dag.py:1833} INFO - Sync 1 DAGs
[2021-09-16 09:15:22,370] {logging_mixin.py:109} INFO - [2021-09-16 09:15:22,370] {dag.py:2306} INFO - Setting next_dagrun for example_branch_dop_operator_v3 to 2021-09-14 00:00:00+00:00
[2021-09-16 09:15:22,378] {processor.py:170} INFO - Processing /home/airflow/.local/lib/python3.8/site-packages/airflow/example_dags/example_branch_python_dop_operator_3.py took 0.062 seconds
[2021-09-16 09:15:52,714] {processor.py:162} INFO - Started process (PID=1966) to work on /home/airflow/.local/lib/python3.8/site-packages/airflow/example_dags/example_branch_python_dop_operator_3.py
[2021-09-16 09:15:52,715] {processor.py:613} INFO - Processing file /home/airflow/.local/lib/python3.8/site-packages/airflow/example_dags/example_branch_python_dop_operator_3.py for tasks to queue
[2021-09-16 09:15:52,716] {logging_mixin.py:109} INFO - [2021-09-16 09:15:52,716] {dagbag.py:496} INFO - Filling up the DagBag from /home/airflow/.local/lib/python3.8/site-packages/airflow/example_dags/example_branch_python_dop_operator_3.py
[2021-09-16 09:15:52,730] {processor.py:623} INFO - DAG(s) dict_keys(['example_branch_dop_operator_v3']) retrieved from /home/airflow/.local/lib/python3.8/site-packages/airflow/example_dags/example_branch_python_dop_operator_3.py
[2021-09-16 09:15:52,747] {logging_mixin.py:109} INFO - [2021-09-16 09:15:52,747] {dag.py:1833} INFO - Sync 1 DAGs
[2021-09-16 09:15:52,765] {logging_mixin.py:109} INFO - [2021-09-16 09:15:52,765] {dag.py:2306} INFO - Setting next_dagrun for example_branch_dop_operator_v3 to 2021-09-14 00:00:00+00:00
[2021-09-16 09:15:52,773] {processor.py:170} INFO - Processing /home/airflow/.local/lib/python3.8/site-packages/airflow/example_dags/example_branch_python_dop_operator_3.py took 0.063 seconds
