[2021-09-16 08:37:51,309] {processor.py:162} INFO - Started process (PID=174) to work on /home/airflow/.local/lib/python3.8/site-packages/airflow/example_dags/example_trigger_target_dag.py
[2021-09-16 08:37:51,311] {processor.py:613} INFO - Processing file /home/airflow/.local/lib/python3.8/site-packages/airflow/example_dags/example_trigger_target_dag.py for tasks to queue
[2021-09-16 08:37:51,312] {logging_mixin.py:109} INFO - [2021-09-16 08:37:51,312] {dagbag.py:496} INFO - Filling up the DagBag from /home/airflow/.local/lib/python3.8/site-packages/airflow/example_dags/example_trigger_target_dag.py
[2021-09-16 08:37:51,326] {processor.py:623} INFO - DAG(s) dict_keys(['example_trigger_target_dag']) retrieved from /home/airflow/.local/lib/python3.8/site-packages/airflow/example_dags/example_trigger_target_dag.py
[2021-09-16 08:37:52,803] {logging_mixin.py:109} INFO - [2021-09-16 08:37:52,803] {dag.py:1833} INFO - Sync 1 DAGs
[2021-09-16 08:37:52,811] {logging_mixin.py:109} INFO - [2021-09-16 08:37:52,811] {dag.py:1852} INFO - Creating ORM DAG for example_trigger_target_dag
[2021-09-16 08:37:52,816] {logging_mixin.py:109} INFO - [2021-09-16 08:37:52,816] {dag.py:2306} INFO - Setting next_dagrun for example_trigger_target_dag to None
[2021-09-16 08:37:52,825] {processor.py:170} INFO - Processing /home/airflow/.local/lib/python3.8/site-packages/airflow/example_dags/example_trigger_target_dag.py took 1.519 seconds
[2021-09-16 08:38:23,271] {processor.py:162} INFO - Started process (PID=352) to work on /home/airflow/.local/lib/python3.8/site-packages/airflow/example_dags/example_trigger_target_dag.py
[2021-09-16 08:38:23,274] {processor.py:613} INFO - Processing file /home/airflow/.local/lib/python3.8/site-packages/airflow/example_dags/example_trigger_target_dag.py for tasks to queue
[2021-09-16 08:38:23,276] {logging_mixin.py:109} INFO - [2021-09-16 08:38:23,276] {dagbag.py:496} INFO - Filling up the DagBag from /home/airflow/.local/lib/python3.8/site-packages/airflow/example_dags/example_trigger_target_dag.py
[2021-09-16 08:38:23,293] {processor.py:623} INFO - DAG(s) dict_keys(['example_trigger_target_dag']) retrieved from /home/airflow/.local/lib/python3.8/site-packages/airflow/example_dags/example_trigger_target_dag.py
[2021-09-16 08:38:23,322] {logging_mixin.py:109} INFO - [2021-09-16 08:38:23,322] {dag.py:1833} INFO - Sync 1 DAGs
[2021-09-16 08:38:23,339] {logging_mixin.py:109} INFO - [2021-09-16 08:38:23,339] {dag.py:2306} INFO - Setting next_dagrun for example_trigger_target_dag to None
[2021-09-16 08:38:23,352] {processor.py:170} INFO - Processing /home/airflow/.local/lib/python3.8/site-packages/airflow/example_dags/example_trigger_target_dag.py took 0.084 seconds
[2021-09-16 08:38:53,593] {processor.py:162} INFO - Started process (PID=400) to work on /home/airflow/.local/lib/python3.8/site-packages/airflow/example_dags/example_trigger_target_dag.py
[2021-09-16 08:38:53,595] {processor.py:613} INFO - Processing file /home/airflow/.local/lib/python3.8/site-packages/airflow/example_dags/example_trigger_target_dag.py for tasks to queue
[2021-09-16 08:38:53,596] {logging_mixin.py:109} INFO - [2021-09-16 08:38:53,596] {dagbag.py:496} INFO - Filling up the DagBag from /home/airflow/.local/lib/python3.8/site-packages/airflow/example_dags/example_trigger_target_dag.py
[2021-09-16 08:38:53,610] {processor.py:623} INFO - DAG(s) dict_keys(['example_trigger_target_dag']) retrieved from /home/airflow/.local/lib/python3.8/site-packages/airflow/example_dags/example_trigger_target_dag.py
[2021-09-16 08:38:53,632] {logging_mixin.py:109} INFO - [2021-09-16 08:38:53,632] {dag.py:1833} INFO - Sync 1 DAGs
[2021-09-16 08:38:53,645] {logging_mixin.py:109} INFO - [2021-09-16 08:38:53,645] {dag.py:2306} INFO - Setting next_dagrun for example_trigger_target_dag to None
[2021-09-16 08:38:53,655] {processor.py:170} INFO - Processing /home/airflow/.local/lib/python3.8/site-packages/airflow/example_dags/example_trigger_target_dag.py took 0.065 seconds
[2021-09-16 08:39:23,706] {processor.py:162} INFO - Started process (PID=456) to work on /home/airflow/.local/lib/python3.8/site-packages/airflow/example_dags/example_trigger_target_dag.py
[2021-09-16 08:39:23,709] {processor.py:613} INFO - Processing file /home/airflow/.local/lib/python3.8/site-packages/airflow/example_dags/example_trigger_target_dag.py for tasks to queue
[2021-09-16 08:39:23,710] {logging_mixin.py:109} INFO - [2021-09-16 08:39:23,710] {dagbag.py:496} INFO - Filling up the DagBag from /home/airflow/.local/lib/python3.8/site-packages/airflow/example_dags/example_trigger_target_dag.py
[2021-09-16 08:39:23,722] {processor.py:623} INFO - DAG(s) dict_keys(['example_trigger_target_dag']) retrieved from /home/airflow/.local/lib/python3.8/site-packages/airflow/example_dags/example_trigger_target_dag.py
[2021-09-16 08:39:23,746] {logging_mixin.py:109} INFO - [2021-09-16 08:39:23,746] {dag.py:1833} INFO - Sync 1 DAGs
[2021-09-16 08:39:23,758] {logging_mixin.py:109} INFO - [2021-09-16 08:39:23,758] {dag.py:2306} INFO - Setting next_dagrun for example_trigger_target_dag to None
[2021-09-16 08:39:23,769] {processor.py:170} INFO - Processing /home/airflow/.local/lib/python3.8/site-packages/airflow/example_dags/example_trigger_target_dag.py took 0.065 seconds
[2021-09-16 08:39:53,891] {processor.py:162} INFO - Started process (PID=506) to work on /home/airflow/.local/lib/python3.8/site-packages/airflow/example_dags/example_trigger_target_dag.py
[2021-09-16 08:39:53,893] {processor.py:613} INFO - Processing file /home/airflow/.local/lib/python3.8/site-packages/airflow/example_dags/example_trigger_target_dag.py for tasks to queue
[2021-09-16 08:39:53,895] {logging_mixin.py:109} INFO - [2021-09-16 08:39:53,895] {dagbag.py:496} INFO - Filling up the DagBag from /home/airflow/.local/lib/python3.8/site-packages/airflow/example_dags/example_trigger_target_dag.py
[2021-09-16 08:39:53,909] {processor.py:623} INFO - DAG(s) dict_keys(['example_trigger_target_dag']) retrieved from /home/airflow/.local/lib/python3.8/site-packages/airflow/example_dags/example_trigger_target_dag.py
[2021-09-16 08:39:53,935] {logging_mixin.py:109} INFO - [2021-09-16 08:39:53,935] {dag.py:1833} INFO - Sync 1 DAGs
[2021-09-16 08:39:53,950] {logging_mixin.py:109} INFO - [2021-09-16 08:39:53,950] {dag.py:2306} INFO - Setting next_dagrun for example_trigger_target_dag to None
[2021-09-16 08:39:53,961] {processor.py:170} INFO - Processing /home/airflow/.local/lib/python3.8/site-packages/airflow/example_dags/example_trigger_target_dag.py took 0.073 seconds
[2021-09-16 08:59:59,525] {processor.py:162} INFO - Started process (PID=159) to work on /home/airflow/.local/lib/python3.8/site-packages/airflow/example_dags/example_trigger_target_dag.py
[2021-09-16 08:59:59,527] {processor.py:613} INFO - Processing file /home/airflow/.local/lib/python3.8/site-packages/airflow/example_dags/example_trigger_target_dag.py for tasks to queue
[2021-09-16 08:59:59,528] {logging_mixin.py:109} INFO - [2021-09-16 08:59:59,528] {dagbag.py:496} INFO - Filling up the DagBag from /home/airflow/.local/lib/python3.8/site-packages/airflow/example_dags/example_trigger_target_dag.py
[2021-09-16 08:59:59,543] {processor.py:623} INFO - DAG(s) dict_keys(['example_trigger_target_dag']) retrieved from /home/airflow/.local/lib/python3.8/site-packages/airflow/example_dags/example_trigger_target_dag.py
[2021-09-16 09:00:01,400] {logging_mixin.py:109} INFO - [2021-09-16 09:00:01,400] {dag.py:1833} INFO - Sync 1 DAGs
[2021-09-16 09:00:01,406] {logging_mixin.py:109} INFO - [2021-09-16 09:00:01,406] {dag.py:1852} INFO - Creating ORM DAG for example_trigger_target_dag
[2021-09-16 09:00:01,411] {logging_mixin.py:109} INFO - [2021-09-16 09:00:01,410] {dag.py:2306} INFO - Setting next_dagrun for example_trigger_target_dag to None
[2021-09-16 09:00:01,419] {processor.py:170} INFO - Processing /home/airflow/.local/lib/python3.8/site-packages/airflow/example_dags/example_trigger_target_dag.py took 1.898 seconds
[2021-09-16 09:00:32,205] {processor.py:162} INFO - Started process (PID=343) to work on /home/airflow/.local/lib/python3.8/site-packages/airflow/example_dags/example_trigger_target_dag.py
[2021-09-16 09:00:32,207] {processor.py:613} INFO - Processing file /home/airflow/.local/lib/python3.8/site-packages/airflow/example_dags/example_trigger_target_dag.py for tasks to queue
[2021-09-16 09:00:32,208] {logging_mixin.py:109} INFO - [2021-09-16 09:00:32,208] {dagbag.py:496} INFO - Filling up the DagBag from /home/airflow/.local/lib/python3.8/site-packages/airflow/example_dags/example_trigger_target_dag.py
[2021-09-16 09:00:32,224] {processor.py:623} INFO - DAG(s) dict_keys(['example_trigger_target_dag']) retrieved from /home/airflow/.local/lib/python3.8/site-packages/airflow/example_dags/example_trigger_target_dag.py
[2021-09-16 09:00:32,245] {logging_mixin.py:109} INFO - [2021-09-16 09:00:32,245] {dag.py:1833} INFO - Sync 1 DAGs
[2021-09-16 09:00:32,259] {logging_mixin.py:109} INFO - [2021-09-16 09:00:32,258] {dag.py:2306} INFO - Setting next_dagrun for example_trigger_target_dag to None
[2021-09-16 09:00:32,270] {processor.py:170} INFO - Processing /home/airflow/.local/lib/python3.8/site-packages/airflow/example_dags/example_trigger_target_dag.py took 0.068 seconds
[2021-09-16 09:01:02,878] {processor.py:162} INFO - Started process (PID=399) to work on /home/airflow/.local/lib/python3.8/site-packages/airflow/example_dags/example_trigger_target_dag.py
[2021-09-16 09:01:02,879] {processor.py:613} INFO - Processing file /home/airflow/.local/lib/python3.8/site-packages/airflow/example_dags/example_trigger_target_dag.py for tasks to queue
[2021-09-16 09:01:02,880] {logging_mixin.py:109} INFO - [2021-09-16 09:01:02,880] {dagbag.py:496} INFO - Filling up the DagBag from /home/airflow/.local/lib/python3.8/site-packages/airflow/example_dags/example_trigger_target_dag.py
[2021-09-16 09:01:02,893] {processor.py:623} INFO - DAG(s) dict_keys(['example_trigger_target_dag']) retrieved from /home/airflow/.local/lib/python3.8/site-packages/airflow/example_dags/example_trigger_target_dag.py
[2021-09-16 09:01:02,920] {logging_mixin.py:109} INFO - [2021-09-16 09:01:02,920] {dag.py:1833} INFO - Sync 1 DAGs
[2021-09-16 09:01:02,933] {logging_mixin.py:109} INFO - [2021-09-16 09:01:02,933] {dag.py:2306} INFO - Setting next_dagrun for example_trigger_target_dag to None
[2021-09-16 09:01:02,943] {processor.py:170} INFO - Processing /home/airflow/.local/lib/python3.8/site-packages/airflow/example_dags/example_trigger_target_dag.py took 0.069 seconds
[2021-09-16 09:01:33,051] {processor.py:162} INFO - Started process (PID=455) to work on /home/airflow/.local/lib/python3.8/site-packages/airflow/example_dags/example_trigger_target_dag.py
[2021-09-16 09:01:33,053] {processor.py:613} INFO - Processing file /home/airflow/.local/lib/python3.8/site-packages/airflow/example_dags/example_trigger_target_dag.py for tasks to queue
[2021-09-16 09:01:33,054] {logging_mixin.py:109} INFO - [2021-09-16 09:01:33,054] {dagbag.py:496} INFO - Filling up the DagBag from /home/airflow/.local/lib/python3.8/site-packages/airflow/example_dags/example_trigger_target_dag.py
[2021-09-16 09:01:33,067] {processor.py:623} INFO - DAG(s) dict_keys(['example_trigger_target_dag']) retrieved from /home/airflow/.local/lib/python3.8/site-packages/airflow/example_dags/example_trigger_target_dag.py
[2021-09-16 09:01:33,085] {logging_mixin.py:109} INFO - [2021-09-16 09:01:33,085] {dag.py:1833} INFO - Sync 1 DAGs
[2021-09-16 09:01:33,096] {logging_mixin.py:109} INFO - [2021-09-16 09:01:33,096] {dag.py:2306} INFO - Setting next_dagrun for example_trigger_target_dag to None
[2021-09-16 09:01:33,104] {processor.py:170} INFO - Processing /home/airflow/.local/lib/python3.8/site-packages/airflow/example_dags/example_trigger_target_dag.py took 0.055 seconds
[2021-09-16 09:02:03,314] {processor.py:162} INFO - Started process (PID=503) to work on /home/airflow/.local/lib/python3.8/site-packages/airflow/example_dags/example_trigger_target_dag.py
[2021-09-16 09:02:03,316] {processor.py:613} INFO - Processing file /home/airflow/.local/lib/python3.8/site-packages/airflow/example_dags/example_trigger_target_dag.py for tasks to queue
[2021-09-16 09:02:03,318] {logging_mixin.py:109} INFO - [2021-09-16 09:02:03,317] {dagbag.py:496} INFO - Filling up the DagBag from /home/airflow/.local/lib/python3.8/site-packages/airflow/example_dags/example_trigger_target_dag.py
[2021-09-16 09:02:03,329] {processor.py:623} INFO - DAG(s) dict_keys(['example_trigger_target_dag']) retrieved from /home/airflow/.local/lib/python3.8/site-packages/airflow/example_dags/example_trigger_target_dag.py
[2021-09-16 09:02:03,347] {logging_mixin.py:109} INFO - [2021-09-16 09:02:03,346] {dag.py:1833} INFO - Sync 1 DAGs
[2021-09-16 09:02:03,358] {logging_mixin.py:109} INFO - [2021-09-16 09:02:03,358] {dag.py:2306} INFO - Setting next_dagrun for example_trigger_target_dag to None
[2021-09-16 09:02:03,368] {processor.py:170} INFO - Processing /home/airflow/.local/lib/python3.8/site-packages/airflow/example_dags/example_trigger_target_dag.py took 0.057 seconds
[2021-09-16 09:02:33,781] {processor.py:162} INFO - Started process (PID=559) to work on /home/airflow/.local/lib/python3.8/site-packages/airflow/example_dags/example_trigger_target_dag.py
[2021-09-16 09:02:33,782] {processor.py:613} INFO - Processing file /home/airflow/.local/lib/python3.8/site-packages/airflow/example_dags/example_trigger_target_dag.py for tasks to queue
[2021-09-16 09:02:33,783] {logging_mixin.py:109} INFO - [2021-09-16 09:02:33,783] {dagbag.py:496} INFO - Filling up the DagBag from /home/airflow/.local/lib/python3.8/site-packages/airflow/example_dags/example_trigger_target_dag.py
[2021-09-16 09:02:33,796] {processor.py:623} INFO - DAG(s) dict_keys(['example_trigger_target_dag']) retrieved from /home/airflow/.local/lib/python3.8/site-packages/airflow/example_dags/example_trigger_target_dag.py
[2021-09-16 09:02:33,815] {logging_mixin.py:109} INFO - [2021-09-16 09:02:33,815] {dag.py:1833} INFO - Sync 1 DAGs
[2021-09-16 09:02:33,829] {logging_mixin.py:109} INFO - [2021-09-16 09:02:33,829] {dag.py:2306} INFO - Setting next_dagrun for example_trigger_target_dag to None
[2021-09-16 09:02:33,837] {processor.py:170} INFO - Processing /home/airflow/.local/lib/python3.8/site-packages/airflow/example_dags/example_trigger_target_dag.py took 0.060 seconds
[2021-09-16 09:03:04,067] {processor.py:162} INFO - Started process (PID=614) to work on /home/airflow/.local/lib/python3.8/site-packages/airflow/example_dags/example_trigger_target_dag.py
[2021-09-16 09:03:04,068] {processor.py:613} INFO - Processing file /home/airflow/.local/lib/python3.8/site-packages/airflow/example_dags/example_trigger_target_dag.py for tasks to queue
[2021-09-16 09:03:04,069] {logging_mixin.py:109} INFO - [2021-09-16 09:03:04,069] {dagbag.py:496} INFO - Filling up the DagBag from /home/airflow/.local/lib/python3.8/site-packages/airflow/example_dags/example_trigger_target_dag.py
[2021-09-16 09:03:04,081] {processor.py:623} INFO - DAG(s) dict_keys(['example_trigger_target_dag']) retrieved from /home/airflow/.local/lib/python3.8/site-packages/airflow/example_dags/example_trigger_target_dag.py
[2021-09-16 09:03:04,100] {logging_mixin.py:109} INFO - [2021-09-16 09:03:04,100] {dag.py:1833} INFO - Sync 1 DAGs
[2021-09-16 09:03:04,111] {logging_mixin.py:109} INFO - [2021-09-16 09:03:04,111] {dag.py:2306} INFO - Setting next_dagrun for example_trigger_target_dag to None
[2021-09-16 09:03:04,119] {processor.py:170} INFO - Processing /home/airflow/.local/lib/python3.8/site-packages/airflow/example_dags/example_trigger_target_dag.py took 0.055 seconds
[2021-09-16 09:03:34,416] {processor.py:162} INFO - Started process (PID=669) to work on /home/airflow/.local/lib/python3.8/site-packages/airflow/example_dags/example_trigger_target_dag.py
[2021-09-16 09:03:34,417] {processor.py:613} INFO - Processing file /home/airflow/.local/lib/python3.8/site-packages/airflow/example_dags/example_trigger_target_dag.py for tasks to queue
[2021-09-16 09:03:34,419] {logging_mixin.py:109} INFO - [2021-09-16 09:03:34,418] {dagbag.py:496} INFO - Filling up the DagBag from /home/airflow/.local/lib/python3.8/site-packages/airflow/example_dags/example_trigger_target_dag.py
[2021-09-16 09:03:34,430] {processor.py:623} INFO - DAG(s) dict_keys(['example_trigger_target_dag']) retrieved from /home/airflow/.local/lib/python3.8/site-packages/airflow/example_dags/example_trigger_target_dag.py
[2021-09-16 09:03:34,448] {logging_mixin.py:109} INFO - [2021-09-16 09:03:34,448] {dag.py:1833} INFO - Sync 1 DAGs
[2021-09-16 09:03:34,460] {logging_mixin.py:109} INFO - [2021-09-16 09:03:34,460] {dag.py:2306} INFO - Setting next_dagrun for example_trigger_target_dag to None
[2021-09-16 09:03:34,470] {processor.py:170} INFO - Processing /home/airflow/.local/lib/python3.8/site-packages/airflow/example_dags/example_trigger_target_dag.py took 0.058 seconds
[2021-09-16 09:04:04,743] {processor.py:162} INFO - Started process (PID=717) to work on /home/airflow/.local/lib/python3.8/site-packages/airflow/example_dags/example_trigger_target_dag.py
[2021-09-16 09:04:04,744] {processor.py:613} INFO - Processing file /home/airflow/.local/lib/python3.8/site-packages/airflow/example_dags/example_trigger_target_dag.py for tasks to queue
[2021-09-16 09:04:04,745] {logging_mixin.py:109} INFO - [2021-09-16 09:04:04,745] {dagbag.py:496} INFO - Filling up the DagBag from /home/airflow/.local/lib/python3.8/site-packages/airflow/example_dags/example_trigger_target_dag.py
[2021-09-16 09:04:04,756] {processor.py:623} INFO - DAG(s) dict_keys(['example_trigger_target_dag']) retrieved from /home/airflow/.local/lib/python3.8/site-packages/airflow/example_dags/example_trigger_target_dag.py
[2021-09-16 09:04:04,774] {logging_mixin.py:109} INFO - [2021-09-16 09:04:04,774] {dag.py:1833} INFO - Sync 1 DAGs
[2021-09-16 09:04:04,784] {logging_mixin.py:109} INFO - [2021-09-16 09:04:04,784] {dag.py:2306} INFO - Setting next_dagrun for example_trigger_target_dag to None
[2021-09-16 09:04:04,793] {processor.py:170} INFO - Processing /home/airflow/.local/lib/python3.8/site-packages/airflow/example_dags/example_trigger_target_dag.py took 0.053 seconds
[2021-09-16 09:04:34,902] {processor.py:162} INFO - Started process (PID=775) to work on /home/airflow/.local/lib/python3.8/site-packages/airflow/example_dags/example_trigger_target_dag.py
[2021-09-16 09:04:34,906] {processor.py:613} INFO - Processing file /home/airflow/.local/lib/python3.8/site-packages/airflow/example_dags/example_trigger_target_dag.py for tasks to queue
[2021-09-16 09:04:34,907] {logging_mixin.py:109} INFO - [2021-09-16 09:04:34,907] {dagbag.py:496} INFO - Filling up the DagBag from /home/airflow/.local/lib/python3.8/site-packages/airflow/example_dags/example_trigger_target_dag.py
[2021-09-16 09:04:34,920] {processor.py:623} INFO - DAG(s) dict_keys(['example_trigger_target_dag']) retrieved from /home/airflow/.local/lib/python3.8/site-packages/airflow/example_dags/example_trigger_target_dag.py
[2021-09-16 09:04:34,938] {logging_mixin.py:109} INFO - [2021-09-16 09:04:34,938] {dag.py:1833} INFO - Sync 1 DAGs
[2021-09-16 09:04:34,949] {logging_mixin.py:109} INFO - [2021-09-16 09:04:34,949] {dag.py:2306} INFO - Setting next_dagrun for example_trigger_target_dag to None
[2021-09-16 09:04:34,958] {processor.py:170} INFO - Processing /home/airflow/.local/lib/python3.8/site-packages/airflow/example_dags/example_trigger_target_dag.py took 0.062 seconds
[2021-09-16 09:05:05,192] {processor.py:162} INFO - Started process (PID=832) to work on /home/airflow/.local/lib/python3.8/site-packages/airflow/example_dags/example_trigger_target_dag.py
[2021-09-16 09:05:05,194] {processor.py:613} INFO - Processing file /home/airflow/.local/lib/python3.8/site-packages/airflow/example_dags/example_trigger_target_dag.py for tasks to queue
[2021-09-16 09:05:05,195] {logging_mixin.py:109} INFO - [2021-09-16 09:05:05,195] {dagbag.py:496} INFO - Filling up the DagBag from /home/airflow/.local/lib/python3.8/site-packages/airflow/example_dags/example_trigger_target_dag.py
[2021-09-16 09:05:05,205] {processor.py:623} INFO - DAG(s) dict_keys(['example_trigger_target_dag']) retrieved from /home/airflow/.local/lib/python3.8/site-packages/airflow/example_dags/example_trigger_target_dag.py
[2021-09-16 09:05:05,226] {logging_mixin.py:109} INFO - [2021-09-16 09:05:05,226] {dag.py:1833} INFO - Sync 1 DAGs
[2021-09-16 09:05:05,237] {logging_mixin.py:109} INFO - [2021-09-16 09:05:05,237] {dag.py:2306} INFO - Setting next_dagrun for example_trigger_target_dag to None
[2021-09-16 09:05:05,245] {processor.py:170} INFO - Processing /home/airflow/.local/lib/python3.8/site-packages/airflow/example_dags/example_trigger_target_dag.py took 0.056 seconds
[2021-09-16 09:05:35,386] {processor.py:162} INFO - Started process (PID=879) to work on /home/airflow/.local/lib/python3.8/site-packages/airflow/example_dags/example_trigger_target_dag.py
[2021-09-16 09:05:35,387] {processor.py:613} INFO - Processing file /home/airflow/.local/lib/python3.8/site-packages/airflow/example_dags/example_trigger_target_dag.py for tasks to queue
[2021-09-16 09:05:35,388] {logging_mixin.py:109} INFO - [2021-09-16 09:05:35,388] {dagbag.py:496} INFO - Filling up the DagBag from /home/airflow/.local/lib/python3.8/site-packages/airflow/example_dags/example_trigger_target_dag.py
[2021-09-16 09:05:35,400] {processor.py:623} INFO - DAG(s) dict_keys(['example_trigger_target_dag']) retrieved from /home/airflow/.local/lib/python3.8/site-packages/airflow/example_dags/example_trigger_target_dag.py
[2021-09-16 09:05:35,419] {logging_mixin.py:109} INFO - [2021-09-16 09:05:35,419] {dag.py:1833} INFO - Sync 1 DAGs
[2021-09-16 09:05:35,434] {logging_mixin.py:109} INFO - [2021-09-16 09:05:35,434] {dag.py:2306} INFO - Setting next_dagrun for example_trigger_target_dag to None
[2021-09-16 09:05:35,445] {processor.py:170} INFO - Processing /home/airflow/.local/lib/python3.8/site-packages/airflow/example_dags/example_trigger_target_dag.py took 0.062 seconds
[2021-09-16 09:06:05,712] {processor.py:162} INFO - Started process (PID=934) to work on /home/airflow/.local/lib/python3.8/site-packages/airflow/example_dags/example_trigger_target_dag.py
[2021-09-16 09:06:05,713] {processor.py:613} INFO - Processing file /home/airflow/.local/lib/python3.8/site-packages/airflow/example_dags/example_trigger_target_dag.py for tasks to queue
[2021-09-16 09:06:05,715] {logging_mixin.py:109} INFO - [2021-09-16 09:06:05,715] {dagbag.py:496} INFO - Filling up the DagBag from /home/airflow/.local/lib/python3.8/site-packages/airflow/example_dags/example_trigger_target_dag.py
[2021-09-16 09:06:05,726] {processor.py:623} INFO - DAG(s) dict_keys(['example_trigger_target_dag']) retrieved from /home/airflow/.local/lib/python3.8/site-packages/airflow/example_dags/example_trigger_target_dag.py
[2021-09-16 09:06:05,743] {logging_mixin.py:109} INFO - [2021-09-16 09:06:05,743] {dag.py:1833} INFO - Sync 1 DAGs
[2021-09-16 09:06:05,754] {logging_mixin.py:109} INFO - [2021-09-16 09:06:05,754] {dag.py:2306} INFO - Setting next_dagrun for example_trigger_target_dag to None
[2021-09-16 09:06:05,762] {processor.py:170} INFO - Processing /home/airflow/.local/lib/python3.8/site-packages/airflow/example_dags/example_trigger_target_dag.py took 0.053 seconds
[2021-09-16 09:06:35,959] {processor.py:162} INFO - Started process (PID=991) to work on /home/airflow/.local/lib/python3.8/site-packages/airflow/example_dags/example_trigger_target_dag.py
[2021-09-16 09:06:35,961] {processor.py:613} INFO - Processing file /home/airflow/.local/lib/python3.8/site-packages/airflow/example_dags/example_trigger_target_dag.py for tasks to queue
[2021-09-16 09:06:35,962] {logging_mixin.py:109} INFO - [2021-09-16 09:06:35,961] {dagbag.py:496} INFO - Filling up the DagBag from /home/airflow/.local/lib/python3.8/site-packages/airflow/example_dags/example_trigger_target_dag.py
[2021-09-16 09:06:35,973] {processor.py:623} INFO - DAG(s) dict_keys(['example_trigger_target_dag']) retrieved from /home/airflow/.local/lib/python3.8/site-packages/airflow/example_dags/example_trigger_target_dag.py
[2021-09-16 09:06:35,991] {logging_mixin.py:109} INFO - [2021-09-16 09:06:35,990] {dag.py:1833} INFO - Sync 1 DAGs
[2021-09-16 09:06:36,002] {logging_mixin.py:109} INFO - [2021-09-16 09:06:36,002] {dag.py:2306} INFO - Setting next_dagrun for example_trigger_target_dag to None
[2021-09-16 09:06:36,011] {processor.py:170} INFO - Processing /home/airflow/.local/lib/python3.8/site-packages/airflow/example_dags/example_trigger_target_dag.py took 0.056 seconds
[2021-09-16 09:07:06,186] {processor.py:162} INFO - Started process (PID=1038) to work on /home/airflow/.local/lib/python3.8/site-packages/airflow/example_dags/example_trigger_target_dag.py
[2021-09-16 09:07:06,188] {processor.py:613} INFO - Processing file /home/airflow/.local/lib/python3.8/site-packages/airflow/example_dags/example_trigger_target_dag.py for tasks to queue
[2021-09-16 09:07:06,190] {logging_mixin.py:109} INFO - [2021-09-16 09:07:06,190] {dagbag.py:496} INFO - Filling up the DagBag from /home/airflow/.local/lib/python3.8/site-packages/airflow/example_dags/example_trigger_target_dag.py
[2021-09-16 09:07:06,205] {processor.py:623} INFO - DAG(s) dict_keys(['example_trigger_target_dag']) retrieved from /home/airflow/.local/lib/python3.8/site-packages/airflow/example_dags/example_trigger_target_dag.py
[2021-09-16 09:07:06,222] {logging_mixin.py:109} INFO - [2021-09-16 09:07:06,222] {dag.py:1833} INFO - Sync 1 DAGs
[2021-09-16 09:07:06,233] {logging_mixin.py:109} INFO - [2021-09-16 09:07:06,233] {dag.py:2306} INFO - Setting next_dagrun for example_trigger_target_dag to None
[2021-09-16 09:07:06,241] {processor.py:170} INFO - Processing /home/airflow/.local/lib/python3.8/site-packages/airflow/example_dags/example_trigger_target_dag.py took 0.059 seconds
[2021-09-16 09:07:36,452] {processor.py:162} INFO - Started process (PID=1093) to work on /home/airflow/.local/lib/python3.8/site-packages/airflow/example_dags/example_trigger_target_dag.py
[2021-09-16 09:07:36,454] {processor.py:613} INFO - Processing file /home/airflow/.local/lib/python3.8/site-packages/airflow/example_dags/example_trigger_target_dag.py for tasks to queue
[2021-09-16 09:07:36,455] {logging_mixin.py:109} INFO - [2021-09-16 09:07:36,455] {dagbag.py:496} INFO - Filling up the DagBag from /home/airflow/.local/lib/python3.8/site-packages/airflow/example_dags/example_trigger_target_dag.py
[2021-09-16 09:07:36,466] {processor.py:623} INFO - DAG(s) dict_keys(['example_trigger_target_dag']) retrieved from /home/airflow/.local/lib/python3.8/site-packages/airflow/example_dags/example_trigger_target_dag.py
[2021-09-16 09:07:36,483] {logging_mixin.py:109} INFO - [2021-09-16 09:07:36,483] {dag.py:1833} INFO - Sync 1 DAGs
[2021-09-16 09:07:36,494] {logging_mixin.py:109} INFO - [2021-09-16 09:07:36,494] {dag.py:2306} INFO - Setting next_dagrun for example_trigger_target_dag to None
[2021-09-16 09:07:36,502] {processor.py:170} INFO - Processing /home/airflow/.local/lib/python3.8/site-packages/airflow/example_dags/example_trigger_target_dag.py took 0.053 seconds
[2021-09-16 09:08:06,978] {processor.py:162} INFO - Started process (PID=1148) to work on /home/airflow/.local/lib/python3.8/site-packages/airflow/example_dags/example_trigger_target_dag.py
[2021-09-16 09:08:06,980] {processor.py:613} INFO - Processing file /home/airflow/.local/lib/python3.8/site-packages/airflow/example_dags/example_trigger_target_dag.py for tasks to queue
[2021-09-16 09:08:06,981] {logging_mixin.py:109} INFO - [2021-09-16 09:08:06,980] {dagbag.py:496} INFO - Filling up the DagBag from /home/airflow/.local/lib/python3.8/site-packages/airflow/example_dags/example_trigger_target_dag.py
[2021-09-16 09:08:06,991] {processor.py:623} INFO - DAG(s) dict_keys(['example_trigger_target_dag']) retrieved from /home/airflow/.local/lib/python3.8/site-packages/airflow/example_dags/example_trigger_target_dag.py
[2021-09-16 09:08:07,009] {logging_mixin.py:109} INFO - [2021-09-16 09:08:07,009] {dag.py:1833} INFO - Sync 1 DAGs
[2021-09-16 09:08:07,020] {logging_mixin.py:109} INFO - [2021-09-16 09:08:07,020] {dag.py:2306} INFO - Setting next_dagrun for example_trigger_target_dag to None
[2021-09-16 09:08:07,029] {processor.py:170} INFO - Processing /home/airflow/.local/lib/python3.8/site-packages/airflow/example_dags/example_trigger_target_dag.py took 0.053 seconds
[2021-09-16 09:08:37,409] {processor.py:162} INFO - Started process (PID=1206) to work on /home/airflow/.local/lib/python3.8/site-packages/airflow/example_dags/example_trigger_target_dag.py
[2021-09-16 09:08:37,410] {processor.py:613} INFO - Processing file /home/airflow/.local/lib/python3.8/site-packages/airflow/example_dags/example_trigger_target_dag.py for tasks to queue
[2021-09-16 09:08:37,411] {logging_mixin.py:109} INFO - [2021-09-16 09:08:37,411] {dagbag.py:496} INFO - Filling up the DagBag from /home/airflow/.local/lib/python3.8/site-packages/airflow/example_dags/example_trigger_target_dag.py
[2021-09-16 09:08:37,422] {processor.py:623} INFO - DAG(s) dict_keys(['example_trigger_target_dag']) retrieved from /home/airflow/.local/lib/python3.8/site-packages/airflow/example_dags/example_trigger_target_dag.py
[2021-09-16 09:08:37,440] {logging_mixin.py:109} INFO - [2021-09-16 09:08:37,440] {dag.py:1833} INFO - Sync 1 DAGs
[2021-09-16 09:08:37,452] {logging_mixin.py:109} INFO - [2021-09-16 09:08:37,451] {dag.py:2306} INFO - Setting next_dagrun for example_trigger_target_dag to None
[2021-09-16 09:08:37,460] {processor.py:170} INFO - Processing /home/airflow/.local/lib/python3.8/site-packages/airflow/example_dags/example_trigger_target_dag.py took 0.054 seconds
[2021-09-16 09:09:07,816] {processor.py:162} INFO - Started process (PID=1253) to work on /home/airflow/.local/lib/python3.8/site-packages/airflow/example_dags/example_trigger_target_dag.py
[2021-09-16 09:09:07,818] {processor.py:613} INFO - Processing file /home/airflow/.local/lib/python3.8/site-packages/airflow/example_dags/example_trigger_target_dag.py for tasks to queue
[2021-09-16 09:09:07,819] {logging_mixin.py:109} INFO - [2021-09-16 09:09:07,819] {dagbag.py:496} INFO - Filling up the DagBag from /home/airflow/.local/lib/python3.8/site-packages/airflow/example_dags/example_trigger_target_dag.py
[2021-09-16 09:09:07,830] {processor.py:623} INFO - DAG(s) dict_keys(['example_trigger_target_dag']) retrieved from /home/airflow/.local/lib/python3.8/site-packages/airflow/example_dags/example_trigger_target_dag.py
[2021-09-16 09:09:07,847] {logging_mixin.py:109} INFO - [2021-09-16 09:09:07,847] {dag.py:1833} INFO - Sync 1 DAGs
[2021-09-16 09:09:07,858] {logging_mixin.py:109} INFO - [2021-09-16 09:09:07,858] {dag.py:2306} INFO - Setting next_dagrun for example_trigger_target_dag to None
[2021-09-16 09:09:07,867] {processor.py:170} INFO - Processing /home/airflow/.local/lib/python3.8/site-packages/airflow/example_dags/example_trigger_target_dag.py took 0.053 seconds
[2021-09-16 09:09:38,191] {processor.py:162} INFO - Started process (PID=1308) to work on /home/airflow/.local/lib/python3.8/site-packages/airflow/example_dags/example_trigger_target_dag.py
[2021-09-16 09:09:38,192] {processor.py:613} INFO - Processing file /home/airflow/.local/lib/python3.8/site-packages/airflow/example_dags/example_trigger_target_dag.py for tasks to queue
[2021-09-16 09:09:38,193] {logging_mixin.py:109} INFO - [2021-09-16 09:09:38,193] {dagbag.py:496} INFO - Filling up the DagBag from /home/airflow/.local/lib/python3.8/site-packages/airflow/example_dags/example_trigger_target_dag.py
[2021-09-16 09:09:38,204] {processor.py:623} INFO - DAG(s) dict_keys(['example_trigger_target_dag']) retrieved from /home/airflow/.local/lib/python3.8/site-packages/airflow/example_dags/example_trigger_target_dag.py
[2021-09-16 09:09:38,222] {logging_mixin.py:109} INFO - [2021-09-16 09:09:38,221] {dag.py:1833} INFO - Sync 1 DAGs
[2021-09-16 09:09:38,233] {logging_mixin.py:109} INFO - [2021-09-16 09:09:38,233] {dag.py:2306} INFO - Setting next_dagrun for example_trigger_target_dag to None
[2021-09-16 09:09:38,241] {processor.py:170} INFO - Processing /home/airflow/.local/lib/python3.8/site-packages/airflow/example_dags/example_trigger_target_dag.py took 0.053 seconds
[2021-09-16 09:10:08,510] {processor.py:162} INFO - Started process (PID=1365) to work on /home/airflow/.local/lib/python3.8/site-packages/airflow/example_dags/example_trigger_target_dag.py
[2021-09-16 09:10:08,512] {processor.py:613} INFO - Processing file /home/airflow/.local/lib/python3.8/site-packages/airflow/example_dags/example_trigger_target_dag.py for tasks to queue
[2021-09-16 09:10:08,513] {logging_mixin.py:109} INFO - [2021-09-16 09:10:08,513] {dagbag.py:496} INFO - Filling up the DagBag from /home/airflow/.local/lib/python3.8/site-packages/airflow/example_dags/example_trigger_target_dag.py
[2021-09-16 09:10:08,524] {processor.py:623} INFO - DAG(s) dict_keys(['example_trigger_target_dag']) retrieved from /home/airflow/.local/lib/python3.8/site-packages/airflow/example_dags/example_trigger_target_dag.py
[2021-09-16 09:10:08,540] {logging_mixin.py:109} INFO - [2021-09-16 09:10:08,540] {dag.py:1833} INFO - Sync 1 DAGs
[2021-09-16 09:10:08,551] {logging_mixin.py:109} INFO - [2021-09-16 09:10:08,551] {dag.py:2306} INFO - Setting next_dagrun for example_trigger_target_dag to None
[2021-09-16 09:10:08,560] {processor.py:170} INFO - Processing /home/airflow/.local/lib/python3.8/site-packages/airflow/example_dags/example_trigger_target_dag.py took 0.052 seconds
[2021-09-16 09:10:39,057] {processor.py:162} INFO - Started process (PID=1412) to work on /home/airflow/.local/lib/python3.8/site-packages/airflow/example_dags/example_trigger_target_dag.py
[2021-09-16 09:10:39,059] {processor.py:613} INFO - Processing file /home/airflow/.local/lib/python3.8/site-packages/airflow/example_dags/example_trigger_target_dag.py for tasks to queue
[2021-09-16 09:10:39,060] {logging_mixin.py:109} INFO - [2021-09-16 09:10:39,060] {dagbag.py:496} INFO - Filling up the DagBag from /home/airflow/.local/lib/python3.8/site-packages/airflow/example_dags/example_trigger_target_dag.py
[2021-09-16 09:10:39,074] {processor.py:623} INFO - DAG(s) dict_keys(['example_trigger_target_dag']) retrieved from /home/airflow/.local/lib/python3.8/site-packages/airflow/example_dags/example_trigger_target_dag.py
[2021-09-16 09:10:39,100] {logging_mixin.py:109} INFO - [2021-09-16 09:10:39,099] {dag.py:1833} INFO - Sync 1 DAGs
[2021-09-16 09:10:39,126] {logging_mixin.py:109} INFO - [2021-09-16 09:10:39,126] {dag.py:2306} INFO - Setting next_dagrun for example_trigger_target_dag to None
[2021-09-16 09:10:39,140] {processor.py:170} INFO - Processing /home/airflow/.local/lib/python3.8/site-packages/airflow/example_dags/example_trigger_target_dag.py took 0.088 seconds
[2021-09-16 09:11:09,626] {processor.py:162} INFO - Started process (PID=1468) to work on /home/airflow/.local/lib/python3.8/site-packages/airflow/example_dags/example_trigger_target_dag.py
[2021-09-16 09:11:09,627] {processor.py:613} INFO - Processing file /home/airflow/.local/lib/python3.8/site-packages/airflow/example_dags/example_trigger_target_dag.py for tasks to queue
[2021-09-16 09:11:09,628] {logging_mixin.py:109} INFO - [2021-09-16 09:11:09,628] {dagbag.py:496} INFO - Filling up the DagBag from /home/airflow/.local/lib/python3.8/site-packages/airflow/example_dags/example_trigger_target_dag.py
[2021-09-16 09:11:09,643] {processor.py:623} INFO - DAG(s) dict_keys(['example_trigger_target_dag']) retrieved from /home/airflow/.local/lib/python3.8/site-packages/airflow/example_dags/example_trigger_target_dag.py
[2021-09-16 09:11:09,662] {logging_mixin.py:109} INFO - [2021-09-16 09:11:09,662] {dag.py:1833} INFO - Sync 1 DAGs
[2021-09-16 09:11:09,674] {logging_mixin.py:109} INFO - [2021-09-16 09:11:09,674] {dag.py:2306} INFO - Setting next_dagrun for example_trigger_target_dag to None
[2021-09-16 09:11:09,684] {processor.py:170} INFO - Processing /home/airflow/.local/lib/python3.8/site-packages/airflow/example_dags/example_trigger_target_dag.py took 0.062 seconds
[2021-09-16 09:11:40,102] {processor.py:162} INFO - Started process (PID=1525) to work on /home/airflow/.local/lib/python3.8/site-packages/airflow/example_dags/example_trigger_target_dag.py
[2021-09-16 09:11:40,103] {processor.py:613} INFO - Processing file /home/airflow/.local/lib/python3.8/site-packages/airflow/example_dags/example_trigger_target_dag.py for tasks to queue
[2021-09-16 09:11:40,104] {logging_mixin.py:109} INFO - [2021-09-16 09:11:40,104] {dagbag.py:496} INFO - Filling up the DagBag from /home/airflow/.local/lib/python3.8/site-packages/airflow/example_dags/example_trigger_target_dag.py
[2021-09-16 09:11:40,115] {processor.py:623} INFO - DAG(s) dict_keys(['example_trigger_target_dag']) retrieved from /home/airflow/.local/lib/python3.8/site-packages/airflow/example_dags/example_trigger_target_dag.py
[2021-09-16 09:11:40,133] {logging_mixin.py:109} INFO - [2021-09-16 09:11:40,133] {dag.py:1833} INFO - Sync 1 DAGs
[2021-09-16 09:11:40,144] {logging_mixin.py:109} INFO - [2021-09-16 09:11:40,144] {dag.py:2306} INFO - Setting next_dagrun for example_trigger_target_dag to None
[2021-09-16 09:11:40,152] {processor.py:170} INFO - Processing /home/airflow/.local/lib/python3.8/site-packages/airflow/example_dags/example_trigger_target_dag.py took 0.053 seconds
[2021-09-16 09:12:10,576] {processor.py:162} INFO - Started process (PID=1580) to work on /home/airflow/.local/lib/python3.8/site-packages/airflow/example_dags/example_trigger_target_dag.py
[2021-09-16 09:12:10,577] {processor.py:613} INFO - Processing file /home/airflow/.local/lib/python3.8/site-packages/airflow/example_dags/example_trigger_target_dag.py for tasks to queue
[2021-09-16 09:12:10,578] {logging_mixin.py:109} INFO - [2021-09-16 09:12:10,578] {dagbag.py:496} INFO - Filling up the DagBag from /home/airflow/.local/lib/python3.8/site-packages/airflow/example_dags/example_trigger_target_dag.py
[2021-09-16 09:12:10,590] {processor.py:623} INFO - DAG(s) dict_keys(['example_trigger_target_dag']) retrieved from /home/airflow/.local/lib/python3.8/site-packages/airflow/example_dags/example_trigger_target_dag.py
[2021-09-16 09:12:10,609] {logging_mixin.py:109} INFO - [2021-09-16 09:12:10,609] {dag.py:1833} INFO - Sync 1 DAGs
[2021-09-16 09:12:10,623] {logging_mixin.py:109} INFO - [2021-09-16 09:12:10,623] {dag.py:2306} INFO - Setting next_dagrun for example_trigger_target_dag to None
[2021-09-16 09:12:10,634] {processor.py:170} INFO - Processing /home/airflow/.local/lib/python3.8/site-packages/airflow/example_dags/example_trigger_target_dag.py took 0.062 seconds
[2021-09-16 09:12:41,062] {processor.py:162} INFO - Started process (PID=1628) to work on /home/airflow/.local/lib/python3.8/site-packages/airflow/example_dags/example_trigger_target_dag.py
[2021-09-16 09:12:41,064] {processor.py:613} INFO - Processing file /home/airflow/.local/lib/python3.8/site-packages/airflow/example_dags/example_trigger_target_dag.py for tasks to queue
[2021-09-16 09:12:41,065] {logging_mixin.py:109} INFO - [2021-09-16 09:12:41,065] {dagbag.py:496} INFO - Filling up the DagBag from /home/airflow/.local/lib/python3.8/site-packages/airflow/example_dags/example_trigger_target_dag.py
[2021-09-16 09:12:41,076] {processor.py:623} INFO - DAG(s) dict_keys(['example_trigger_target_dag']) retrieved from /home/airflow/.local/lib/python3.8/site-packages/airflow/example_dags/example_trigger_target_dag.py
[2021-09-16 09:12:41,094] {logging_mixin.py:109} INFO - [2021-09-16 09:12:41,094] {dag.py:1833} INFO - Sync 1 DAGs
[2021-09-16 09:12:41,106] {logging_mixin.py:109} INFO - [2021-09-16 09:12:41,105] {dag.py:2306} INFO - Setting next_dagrun for example_trigger_target_dag to None
[2021-09-16 09:12:41,115] {processor.py:170} INFO - Processing /home/airflow/.local/lib/python3.8/site-packages/airflow/example_dags/example_trigger_target_dag.py took 0.056 seconds
[2021-09-16 09:13:11,531] {processor.py:162} INFO - Started process (PID=1684) to work on /home/airflow/.local/lib/python3.8/site-packages/airflow/example_dags/example_trigger_target_dag.py
[2021-09-16 09:13:11,532] {processor.py:613} INFO - Processing file /home/airflow/.local/lib/python3.8/site-packages/airflow/example_dags/example_trigger_target_dag.py for tasks to queue
[2021-09-16 09:13:11,533] {logging_mixin.py:109} INFO - [2021-09-16 09:13:11,533] {dagbag.py:496} INFO - Filling up the DagBag from /home/airflow/.local/lib/python3.8/site-packages/airflow/example_dags/example_trigger_target_dag.py
[2021-09-16 09:13:11,544] {processor.py:623} INFO - DAG(s) dict_keys(['example_trigger_target_dag']) retrieved from /home/airflow/.local/lib/python3.8/site-packages/airflow/example_dags/example_trigger_target_dag.py
[2021-09-16 09:13:11,563] {logging_mixin.py:109} INFO - [2021-09-16 09:13:11,563] {dag.py:1833} INFO - Sync 1 DAGs
[2021-09-16 09:13:11,575] {logging_mixin.py:109} INFO - [2021-09-16 09:13:11,575] {dag.py:2306} INFO - Setting next_dagrun for example_trigger_target_dag to None
[2021-09-16 09:13:11,584] {processor.py:170} INFO - Processing /home/airflow/.local/lib/python3.8/site-packages/airflow/example_dags/example_trigger_target_dag.py took 0.057 seconds
[2021-09-16 09:13:41,938] {processor.py:162} INFO - Started process (PID=1740) to work on /home/airflow/.local/lib/python3.8/site-packages/airflow/example_dags/example_trigger_target_dag.py
[2021-09-16 09:13:41,939] {processor.py:613} INFO - Processing file /home/airflow/.local/lib/python3.8/site-packages/airflow/example_dags/example_trigger_target_dag.py for tasks to queue
[2021-09-16 09:13:41,940] {logging_mixin.py:109} INFO - [2021-09-16 09:13:41,940] {dagbag.py:496} INFO - Filling up the DagBag from /home/airflow/.local/lib/python3.8/site-packages/airflow/example_dags/example_trigger_target_dag.py
[2021-09-16 09:13:41,952] {processor.py:623} INFO - DAG(s) dict_keys(['example_trigger_target_dag']) retrieved from /home/airflow/.local/lib/python3.8/site-packages/airflow/example_dags/example_trigger_target_dag.py
[2021-09-16 09:13:41,970] {logging_mixin.py:109} INFO - [2021-09-16 09:13:41,970] {dag.py:1833} INFO - Sync 1 DAGs
[2021-09-16 09:13:41,983] {logging_mixin.py:109} INFO - [2021-09-16 09:13:41,983] {dag.py:2306} INFO - Setting next_dagrun for example_trigger_target_dag to None
[2021-09-16 09:13:41,991] {processor.py:170} INFO - Processing /home/airflow/.local/lib/python3.8/site-packages/airflow/example_dags/example_trigger_target_dag.py took 0.056 seconds
[2021-09-16 09:14:12,122] {processor.py:162} INFO - Started process (PID=1786) to work on /home/airflow/.local/lib/python3.8/site-packages/airflow/example_dags/example_trigger_target_dag.py
[2021-09-16 09:14:12,124] {processor.py:613} INFO - Processing file /home/airflow/.local/lib/python3.8/site-packages/airflow/example_dags/example_trigger_target_dag.py for tasks to queue
[2021-09-16 09:14:12,125] {logging_mixin.py:109} INFO - [2021-09-16 09:14:12,124] {dagbag.py:496} INFO - Filling up the DagBag from /home/airflow/.local/lib/python3.8/site-packages/airflow/example_dags/example_trigger_target_dag.py
[2021-09-16 09:14:12,137] {processor.py:623} INFO - DAG(s) dict_keys(['example_trigger_target_dag']) retrieved from /home/airflow/.local/lib/python3.8/site-packages/airflow/example_dags/example_trigger_target_dag.py
[2021-09-16 09:14:12,154] {logging_mixin.py:109} INFO - [2021-09-16 09:14:12,154] {dag.py:1833} INFO - Sync 1 DAGs
[2021-09-16 09:14:12,166] {logging_mixin.py:109} INFO - [2021-09-16 09:14:12,166] {dag.py:2306} INFO - Setting next_dagrun for example_trigger_target_dag to None
[2021-09-16 09:14:12,173] {processor.py:170} INFO - Processing /home/airflow/.local/lib/python3.8/site-packages/airflow/example_dags/example_trigger_target_dag.py took 0.055 seconds
[2021-09-16 09:14:42,390] {processor.py:162} INFO - Started process (PID=1841) to work on /home/airflow/.local/lib/python3.8/site-packages/airflow/example_dags/example_trigger_target_dag.py
[2021-09-16 09:14:42,392] {processor.py:613} INFO - Processing file /home/airflow/.local/lib/python3.8/site-packages/airflow/example_dags/example_trigger_target_dag.py for tasks to queue
[2021-09-16 09:14:42,393] {logging_mixin.py:109} INFO - [2021-09-16 09:14:42,393] {dagbag.py:496} INFO - Filling up the DagBag from /home/airflow/.local/lib/python3.8/site-packages/airflow/example_dags/example_trigger_target_dag.py
[2021-09-16 09:14:42,404] {processor.py:623} INFO - DAG(s) dict_keys(['example_trigger_target_dag']) retrieved from /home/airflow/.local/lib/python3.8/site-packages/airflow/example_dags/example_trigger_target_dag.py
[2021-09-16 09:14:42,424] {logging_mixin.py:109} INFO - [2021-09-16 09:14:42,424] {dag.py:1833} INFO - Sync 1 DAGs
[2021-09-16 09:14:42,437] {logging_mixin.py:109} INFO - [2021-09-16 09:14:42,437] {dag.py:2306} INFO - Setting next_dagrun for example_trigger_target_dag to None
[2021-09-16 09:14:42,449] {processor.py:170} INFO - Processing /home/airflow/.local/lib/python3.8/site-packages/airflow/example_dags/example_trigger_target_dag.py took 0.061 seconds
[2021-09-16 09:15:12,576] {processor.py:162} INFO - Started process (PID=1897) to work on /home/airflow/.local/lib/python3.8/site-packages/airflow/example_dags/example_trigger_target_dag.py
[2021-09-16 09:15:12,577] {processor.py:613} INFO - Processing file /home/airflow/.local/lib/python3.8/site-packages/airflow/example_dags/example_trigger_target_dag.py for tasks to queue
[2021-09-16 09:15:12,578] {logging_mixin.py:109} INFO - [2021-09-16 09:15:12,578] {dagbag.py:496} INFO - Filling up the DagBag from /home/airflow/.local/lib/python3.8/site-packages/airflow/example_dags/example_trigger_target_dag.py
[2021-09-16 09:15:12,591] {processor.py:623} INFO - DAG(s) dict_keys(['example_trigger_target_dag']) retrieved from /home/airflow/.local/lib/python3.8/site-packages/airflow/example_dags/example_trigger_target_dag.py
[2021-09-16 09:15:12,609] {logging_mixin.py:109} INFO - [2021-09-16 09:15:12,609] {dag.py:1833} INFO - Sync 1 DAGs
[2021-09-16 09:15:12,620] {logging_mixin.py:109} INFO - [2021-09-16 09:15:12,620] {dag.py:2306} INFO - Setting next_dagrun for example_trigger_target_dag to None
[2021-09-16 09:15:12,628] {processor.py:170} INFO - Processing /home/airflow/.local/lib/python3.8/site-packages/airflow/example_dags/example_trigger_target_dag.py took 0.055 seconds
[2021-09-16 09:15:43,021] {processor.py:162} INFO - Started process (PID=1945) to work on /home/airflow/.local/lib/python3.8/site-packages/airflow/example_dags/example_trigger_target_dag.py
[2021-09-16 09:15:43,023] {processor.py:613} INFO - Processing file /home/airflow/.local/lib/python3.8/site-packages/airflow/example_dags/example_trigger_target_dag.py for tasks to queue
[2021-09-16 09:15:43,024] {logging_mixin.py:109} INFO - [2021-09-16 09:15:43,024] {dagbag.py:496} INFO - Filling up the DagBag from /home/airflow/.local/lib/python3.8/site-packages/airflow/example_dags/example_trigger_target_dag.py
[2021-09-16 09:15:43,035] {processor.py:623} INFO - DAG(s) dict_keys(['example_trigger_target_dag']) retrieved from /home/airflow/.local/lib/python3.8/site-packages/airflow/example_dags/example_trigger_target_dag.py
[2021-09-16 09:15:43,053] {logging_mixin.py:109} INFO - [2021-09-16 09:15:43,053] {dag.py:1833} INFO - Sync 1 DAGs
[2021-09-16 09:15:43,065] {logging_mixin.py:109} INFO - [2021-09-16 09:15:43,065] {dag.py:2306} INFO - Setting next_dagrun for example_trigger_target_dag to None
[2021-09-16 09:15:43,075] {processor.py:170} INFO - Processing /home/airflow/.local/lib/python3.8/site-packages/airflow/example_dags/example_trigger_target_dag.py took 0.056 seconds
