[2021-09-16 08:37:41,540] {processor.py:162} INFO - Started process (PID=85) to work on /home/airflow/.local/lib/python3.8/site-packages/airflow/example_dags/example_branch_datetime_operator.py
[2021-09-16 08:37:41,544] {processor.py:613} INFO - Processing file /home/airflow/.local/lib/python3.8/site-packages/airflow/example_dags/example_branch_datetime_operator.py for tasks to queue
[2021-09-16 08:37:41,548] {logging_mixin.py:109} INFO - [2021-09-16 08:37:41,548] {dagbag.py:496} INFO - Filling up the DagBag from /home/airflow/.local/lib/python3.8/site-packages/airflow/example_dags/example_branch_datetime_operator.py
[2021-09-16 08:37:41,647] {processor.py:623} INFO - DAG(s) dict_keys(['example_branch_datetime_operator_2']) retrieved from /home/airflow/.local/lib/python3.8/site-packages/airflow/example_dags/example_branch_datetime_operator.py
[2021-09-16 08:37:45,484] {logging_mixin.py:109} INFO - [2021-09-16 08:37:45,484] {dag.py:1833} INFO - Sync 1 DAGs
[2021-09-16 08:37:45,491] {logging_mixin.py:109} INFO - [2021-09-16 08:37:45,490] {dag.py:1852} INFO - Creating ORM DAG for example_branch_datetime_operator_2
[2021-09-16 08:37:45,497] {logging_mixin.py:109} INFO - [2021-09-16 08:37:45,497] {dag.py:2306} INFO - Setting next_dagrun for example_branch_datetime_operator_2 to 2021-09-14 00:00:00+00:00
[2021-09-16 08:37:45,508] {processor.py:170} INFO - Processing /home/airflow/.local/lib/python3.8/site-packages/airflow/example_dags/example_branch_datetime_operator.py took 3.976 seconds
[2021-09-16 08:38:15,632] {processor.py:162} INFO - Started process (PID=335) to work on /home/airflow/.local/lib/python3.8/site-packages/airflow/example_dags/example_branch_datetime_operator.py
[2021-09-16 08:38:15,633] {processor.py:613} INFO - Processing file /home/airflow/.local/lib/python3.8/site-packages/airflow/example_dags/example_branch_datetime_operator.py for tasks to queue
[2021-09-16 08:38:15,635] {logging_mixin.py:109} INFO - [2021-09-16 08:38:15,635] {dagbag.py:496} INFO - Filling up the DagBag from /home/airflow/.local/lib/python3.8/site-packages/airflow/example_dags/example_branch_datetime_operator.py
[2021-09-16 08:38:15,649] {processor.py:623} INFO - DAG(s) dict_keys(['example_branch_datetime_operator_2']) retrieved from /home/airflow/.local/lib/python3.8/site-packages/airflow/example_dags/example_branch_datetime_operator.py
[2021-09-16 08:38:15,683] {logging_mixin.py:109} INFO - [2021-09-16 08:38:15,683] {dag.py:1833} INFO - Sync 1 DAGs
[2021-09-16 08:38:15,700] {logging_mixin.py:109} INFO - [2021-09-16 08:38:15,700] {dag.py:2306} INFO - Setting next_dagrun for example_branch_datetime_operator_2 to 2021-09-14 00:00:00+00:00
[2021-09-16 08:38:15,711] {processor.py:170} INFO - Processing /home/airflow/.local/lib/python3.8/site-packages/airflow/example_dags/example_branch_datetime_operator.py took 0.082 seconds
[2021-09-16 08:38:46,254] {processor.py:162} INFO - Started process (PID=391) to work on /home/airflow/.local/lib/python3.8/site-packages/airflow/example_dags/example_branch_datetime_operator.py
[2021-09-16 08:38:46,256] {processor.py:613} INFO - Processing file /home/airflow/.local/lib/python3.8/site-packages/airflow/example_dags/example_branch_datetime_operator.py for tasks to queue
[2021-09-16 08:38:46,257] {logging_mixin.py:109} INFO - [2021-09-16 08:38:46,257] {dagbag.py:496} INFO - Filling up the DagBag from /home/airflow/.local/lib/python3.8/site-packages/airflow/example_dags/example_branch_datetime_operator.py
[2021-09-16 08:38:46,271] {processor.py:623} INFO - DAG(s) dict_keys(['example_branch_datetime_operator_2']) retrieved from /home/airflow/.local/lib/python3.8/site-packages/airflow/example_dags/example_branch_datetime_operator.py
[2021-09-16 08:38:46,290] {logging_mixin.py:109} INFO - [2021-09-16 08:38:46,290] {dag.py:1833} INFO - Sync 1 DAGs
[2021-09-16 08:38:46,305] {logging_mixin.py:109} INFO - [2021-09-16 08:38:46,305] {dag.py:2306} INFO - Setting next_dagrun for example_branch_datetime_operator_2 to 2021-09-14 00:00:00+00:00
[2021-09-16 08:38:46,313] {processor.py:170} INFO - Processing /home/airflow/.local/lib/python3.8/site-packages/airflow/example_dags/example_branch_datetime_operator.py took 0.062 seconds
[2021-09-16 08:39:17,088] {processor.py:162} INFO - Started process (PID=438) to work on /home/airflow/.local/lib/python3.8/site-packages/airflow/example_dags/example_branch_datetime_operator.py
[2021-09-16 08:39:17,090] {processor.py:613} INFO - Processing file /home/airflow/.local/lib/python3.8/site-packages/airflow/example_dags/example_branch_datetime_operator.py for tasks to queue
[2021-09-16 08:39:17,092] {logging_mixin.py:109} INFO - [2021-09-16 08:39:17,092] {dagbag.py:496} INFO - Filling up the DagBag from /home/airflow/.local/lib/python3.8/site-packages/airflow/example_dags/example_branch_datetime_operator.py
[2021-09-16 08:39:17,112] {processor.py:623} INFO - DAG(s) dict_keys(['example_branch_datetime_operator_2']) retrieved from /home/airflow/.local/lib/python3.8/site-packages/airflow/example_dags/example_branch_datetime_operator.py
[2021-09-16 08:39:17,140] {logging_mixin.py:109} INFO - [2021-09-16 08:39:17,140] {dag.py:1833} INFO - Sync 1 DAGs
[2021-09-16 08:39:17,159] {logging_mixin.py:109} INFO - [2021-09-16 08:39:17,159] {dag.py:2306} INFO - Setting next_dagrun for example_branch_datetime_operator_2 to 2021-09-14 00:00:00+00:00
[2021-09-16 08:39:17,175] {processor.py:170} INFO - Processing /home/airflow/.local/lib/python3.8/site-packages/airflow/example_dags/example_branch_datetime_operator.py took 0.091 seconds
[2021-09-16 08:39:47,265] {processor.py:162} INFO - Started process (PID=496) to work on /home/airflow/.local/lib/python3.8/site-packages/airflow/example_dags/example_branch_datetime_operator.py
[2021-09-16 08:39:47,267] {processor.py:613} INFO - Processing file /home/airflow/.local/lib/python3.8/site-packages/airflow/example_dags/example_branch_datetime_operator.py for tasks to queue
[2021-09-16 08:39:47,268] {logging_mixin.py:109} INFO - [2021-09-16 08:39:47,268] {dagbag.py:496} INFO - Filling up the DagBag from /home/airflow/.local/lib/python3.8/site-packages/airflow/example_dags/example_branch_datetime_operator.py
[2021-09-16 08:39:47,281] {processor.py:623} INFO - DAG(s) dict_keys(['example_branch_datetime_operator_2']) retrieved from /home/airflow/.local/lib/python3.8/site-packages/airflow/example_dags/example_branch_datetime_operator.py
[2021-09-16 08:39:47,307] {logging_mixin.py:109} INFO - [2021-09-16 08:39:47,307] {dag.py:1833} INFO - Sync 1 DAGs
[2021-09-16 08:39:47,326] {logging_mixin.py:109} INFO - [2021-09-16 08:39:47,326] {dag.py:2306} INFO - Setting next_dagrun for example_branch_datetime_operator_2 to 2021-09-14 00:00:00+00:00
[2021-09-16 08:39:47,335] {processor.py:170} INFO - Processing /home/airflow/.local/lib/python3.8/site-packages/airflow/example_dags/example_branch_datetime_operator.py took 0.073 seconds
[2021-09-16 08:59:52,599] {processor.py:162} INFO - Started process (PID=86) to work on /home/airflow/.local/lib/python3.8/site-packages/airflow/example_dags/example_branch_datetime_operator.py
[2021-09-16 08:59:52,600] {processor.py:613} INFO - Processing file /home/airflow/.local/lib/python3.8/site-packages/airflow/example_dags/example_branch_datetime_operator.py for tasks to queue
[2021-09-16 08:59:52,601] {logging_mixin.py:109} INFO - [2021-09-16 08:59:52,601] {dagbag.py:496} INFO - Filling up the DagBag from /home/airflow/.local/lib/python3.8/site-packages/airflow/example_dags/example_branch_datetime_operator.py
[2021-09-16 08:59:52,614] {processor.py:623} INFO - DAG(s) dict_keys(['example_branch_datetime_operator_2']) retrieved from /home/airflow/.local/lib/python3.8/site-packages/airflow/example_dags/example_branch_datetime_operator.py
[2021-09-16 08:59:54,125] {logging_mixin.py:109} INFO - [2021-09-16 08:59:54,124] {dag.py:1833} INFO - Sync 1 DAGs
[2021-09-16 08:59:54,131] {logging_mixin.py:109} INFO - [2021-09-16 08:59:54,130] {dag.py:1852} INFO - Creating ORM DAG for example_branch_datetime_operator_2
[2021-09-16 08:59:54,137] {logging_mixin.py:109} INFO - [2021-09-16 08:59:54,137] {dag.py:2306} INFO - Setting next_dagrun for example_branch_datetime_operator_2 to 2021-09-14 00:00:00+00:00
[2021-09-16 08:59:54,145] {processor.py:170} INFO - Processing /home/airflow/.local/lib/python3.8/site-packages/airflow/example_dags/example_branch_datetime_operator.py took 1.550 seconds
[2021-09-16 09:00:24,865] {processor.py:162} INFO - Started process (PID=334) to work on /home/airflow/.local/lib/python3.8/site-packages/airflow/example_dags/example_branch_datetime_operator.py
[2021-09-16 09:00:24,867] {processor.py:613} INFO - Processing file /home/airflow/.local/lib/python3.8/site-packages/airflow/example_dags/example_branch_datetime_operator.py for tasks to queue
[2021-09-16 09:00:24,869] {logging_mixin.py:109} INFO - [2021-09-16 09:00:24,869] {dagbag.py:496} INFO - Filling up the DagBag from /home/airflow/.local/lib/python3.8/site-packages/airflow/example_dags/example_branch_datetime_operator.py
[2021-09-16 09:00:24,880] {processor.py:623} INFO - DAG(s) dict_keys(['example_branch_datetime_operator_2']) retrieved from /home/airflow/.local/lib/python3.8/site-packages/airflow/example_dags/example_branch_datetime_operator.py
[2021-09-16 09:00:24,900] {logging_mixin.py:109} INFO - [2021-09-16 09:00:24,900] {dag.py:1833} INFO - Sync 1 DAGs
[2021-09-16 09:00:24,915] {logging_mixin.py:109} INFO - [2021-09-16 09:00:24,915] {dag.py:2306} INFO - Setting next_dagrun for example_branch_datetime_operator_2 to 2021-09-14 00:00:00+00:00
[2021-09-16 09:00:24,924] {processor.py:170} INFO - Processing /home/airflow/.local/lib/python3.8/site-packages/airflow/example_dags/example_branch_datetime_operator.py took 0.064 seconds
[2021-09-16 09:00:55,547] {processor.py:162} INFO - Started process (PID=381) to work on /home/airflow/.local/lib/python3.8/site-packages/airflow/example_dags/example_branch_datetime_operator.py
[2021-09-16 09:00:55,549] {processor.py:613} INFO - Processing file /home/airflow/.local/lib/python3.8/site-packages/airflow/example_dags/example_branch_datetime_operator.py for tasks to queue
[2021-09-16 09:00:55,550] {logging_mixin.py:109} INFO - [2021-09-16 09:00:55,550] {dagbag.py:496} INFO - Filling up the DagBag from /home/airflow/.local/lib/python3.8/site-packages/airflow/example_dags/example_branch_datetime_operator.py
[2021-09-16 09:00:55,562] {processor.py:623} INFO - DAG(s) dict_keys(['example_branch_datetime_operator_2']) retrieved from /home/airflow/.local/lib/python3.8/site-packages/airflow/example_dags/example_branch_datetime_operator.py
[2021-09-16 09:00:55,581] {logging_mixin.py:109} INFO - [2021-09-16 09:00:55,581] {dag.py:1833} INFO - Sync 1 DAGs
[2021-09-16 09:00:55,594] {logging_mixin.py:109} INFO - [2021-09-16 09:00:55,594] {dag.py:2306} INFO - Setting next_dagrun for example_branch_datetime_operator_2 to 2021-09-14 00:00:00+00:00
[2021-09-16 09:00:55,603] {processor.py:170} INFO - Processing /home/airflow/.local/lib/python3.8/site-packages/airflow/example_dags/example_branch_datetime_operator.py took 0.059 seconds
[2021-09-16 09:01:25,739] {processor.py:162} INFO - Started process (PID=438) to work on /home/airflow/.local/lib/python3.8/site-packages/airflow/example_dags/example_branch_datetime_operator.py
[2021-09-16 09:01:25,741] {processor.py:613} INFO - Processing file /home/airflow/.local/lib/python3.8/site-packages/airflow/example_dags/example_branch_datetime_operator.py for tasks to queue
[2021-09-16 09:01:25,742] {logging_mixin.py:109} INFO - [2021-09-16 09:01:25,742] {dagbag.py:496} INFO - Filling up the DagBag from /home/airflow/.local/lib/python3.8/site-packages/airflow/example_dags/example_branch_datetime_operator.py
[2021-09-16 09:01:25,755] {processor.py:623} INFO - DAG(s) dict_keys(['example_branch_datetime_operator_2']) retrieved from /home/airflow/.local/lib/python3.8/site-packages/airflow/example_dags/example_branch_datetime_operator.py
[2021-09-16 09:01:25,774] {logging_mixin.py:109} INFO - [2021-09-16 09:01:25,773] {dag.py:1833} INFO - Sync 1 DAGs
[2021-09-16 09:01:25,787] {logging_mixin.py:109} INFO - [2021-09-16 09:01:25,787] {dag.py:2306} INFO - Setting next_dagrun for example_branch_datetime_operator_2 to 2021-09-14 00:00:00+00:00
[2021-09-16 09:01:25,795] {processor.py:170} INFO - Processing /home/airflow/.local/lib/python3.8/site-packages/airflow/example_dags/example_branch_datetime_operator.py took 0.059 seconds
[2021-09-16 09:01:56,040] {processor.py:162} INFO - Started process (PID=494) to work on /home/airflow/.local/lib/python3.8/site-packages/airflow/example_dags/example_branch_datetime_operator.py
[2021-09-16 09:01:56,041] {processor.py:613} INFO - Processing file /home/airflow/.local/lib/python3.8/site-packages/airflow/example_dags/example_branch_datetime_operator.py for tasks to queue
[2021-09-16 09:01:56,043] {logging_mixin.py:109} INFO - [2021-09-16 09:01:56,042] {dagbag.py:496} INFO - Filling up the DagBag from /home/airflow/.local/lib/python3.8/site-packages/airflow/example_dags/example_branch_datetime_operator.py
[2021-09-16 09:01:56,053] {processor.py:623} INFO - DAG(s) dict_keys(['example_branch_datetime_operator_2']) retrieved from /home/airflow/.local/lib/python3.8/site-packages/airflow/example_dags/example_branch_datetime_operator.py
[2021-09-16 09:01:56,075] {logging_mixin.py:109} INFO - [2021-09-16 09:01:56,075] {dag.py:1833} INFO - Sync 1 DAGs
[2021-09-16 09:01:56,089] {logging_mixin.py:109} INFO - [2021-09-16 09:01:56,089] {dag.py:2306} INFO - Setting next_dagrun for example_branch_datetime_operator_2 to 2021-09-14 00:00:00+00:00
[2021-09-16 09:01:56,101] {processor.py:170} INFO - Processing /home/airflow/.local/lib/python3.8/site-packages/airflow/example_dags/example_branch_datetime_operator.py took 0.065 seconds
[2021-09-16 09:02:26,459] {processor.py:162} INFO - Started process (PID=541) to work on /home/airflow/.local/lib/python3.8/site-packages/airflow/example_dags/example_branch_datetime_operator.py
[2021-09-16 09:02:26,460] {processor.py:613} INFO - Processing file /home/airflow/.local/lib/python3.8/site-packages/airflow/example_dags/example_branch_datetime_operator.py for tasks to queue
[2021-09-16 09:02:26,461] {logging_mixin.py:109} INFO - [2021-09-16 09:02:26,461] {dagbag.py:496} INFO - Filling up the DagBag from /home/airflow/.local/lib/python3.8/site-packages/airflow/example_dags/example_branch_datetime_operator.py
[2021-09-16 09:02:26,474] {processor.py:623} INFO - DAG(s) dict_keys(['example_branch_datetime_operator_2']) retrieved from /home/airflow/.local/lib/python3.8/site-packages/airflow/example_dags/example_branch_datetime_operator.py
[2021-09-16 09:02:26,493] {logging_mixin.py:109} INFO - [2021-09-16 09:02:26,493] {dag.py:1833} INFO - Sync 1 DAGs
[2021-09-16 09:02:26,507] {logging_mixin.py:109} INFO - [2021-09-16 09:02:26,506] {dag.py:2306} INFO - Setting next_dagrun for example_branch_datetime_operator_2 to 2021-09-14 00:00:00+00:00
[2021-09-16 09:02:26,517] {processor.py:170} INFO - Processing /home/airflow/.local/lib/python3.8/site-packages/airflow/example_dags/example_branch_datetime_operator.py took 0.062 seconds
[2021-09-16 09:02:56,755] {processor.py:162} INFO - Started process (PID=597) to work on /home/airflow/.local/lib/python3.8/site-packages/airflow/example_dags/example_branch_datetime_operator.py
[2021-09-16 09:02:56,757] {processor.py:613} INFO - Processing file /home/airflow/.local/lib/python3.8/site-packages/airflow/example_dags/example_branch_datetime_operator.py for tasks to queue
[2021-09-16 09:02:56,758] {logging_mixin.py:109} INFO - [2021-09-16 09:02:56,758] {dagbag.py:496} INFO - Filling up the DagBag from /home/airflow/.local/lib/python3.8/site-packages/airflow/example_dags/example_branch_datetime_operator.py
[2021-09-16 09:02:56,769] {processor.py:623} INFO - DAG(s) dict_keys(['example_branch_datetime_operator_2']) retrieved from /home/airflow/.local/lib/python3.8/site-packages/airflow/example_dags/example_branch_datetime_operator.py
[2021-09-16 09:02:56,788] {logging_mixin.py:109} INFO - [2021-09-16 09:02:56,788] {dag.py:1833} INFO - Sync 1 DAGs
[2021-09-16 09:02:56,802] {logging_mixin.py:109} INFO - [2021-09-16 09:02:56,802] {dag.py:2306} INFO - Setting next_dagrun for example_branch_datetime_operator_2 to 2021-09-14 00:00:00+00:00
[2021-09-16 09:02:56,812] {processor.py:170} INFO - Processing /home/airflow/.local/lib/python3.8/site-packages/airflow/example_dags/example_branch_datetime_operator.py took 0.059 seconds
[2021-09-16 09:03:27,171] {processor.py:162} INFO - Started process (PID=653) to work on /home/airflow/.local/lib/python3.8/site-packages/airflow/example_dags/example_branch_datetime_operator.py
[2021-09-16 09:03:27,173] {processor.py:613} INFO - Processing file /home/airflow/.local/lib/python3.8/site-packages/airflow/example_dags/example_branch_datetime_operator.py for tasks to queue
[2021-09-16 09:03:27,174] {logging_mixin.py:109} INFO - [2021-09-16 09:03:27,174] {dagbag.py:496} INFO - Filling up the DagBag from /home/airflow/.local/lib/python3.8/site-packages/airflow/example_dags/example_branch_datetime_operator.py
[2021-09-16 09:03:27,187] {processor.py:623} INFO - DAG(s) dict_keys(['example_branch_datetime_operator_2']) retrieved from /home/airflow/.local/lib/python3.8/site-packages/airflow/example_dags/example_branch_datetime_operator.py
[2021-09-16 09:03:27,207] {logging_mixin.py:109} INFO - [2021-09-16 09:03:27,207] {dag.py:1833} INFO - Sync 1 DAGs
[2021-09-16 09:03:27,220] {logging_mixin.py:109} INFO - [2021-09-16 09:03:27,220] {dag.py:2306} INFO - Setting next_dagrun for example_branch_datetime_operator_2 to 2021-09-14 00:00:00+00:00
[2021-09-16 09:03:27,229] {processor.py:170} INFO - Processing /home/airflow/.local/lib/python3.8/site-packages/airflow/example_dags/example_branch_datetime_operator.py took 0.062 seconds
[2021-09-16 09:03:57,297] {processor.py:162} INFO - Started process (PID=708) to work on /home/airflow/.local/lib/python3.8/site-packages/airflow/example_dags/example_branch_datetime_operator.py
[2021-09-16 09:03:57,299] {processor.py:613} INFO - Processing file /home/airflow/.local/lib/python3.8/site-packages/airflow/example_dags/example_branch_datetime_operator.py for tasks to queue
[2021-09-16 09:03:57,300] {logging_mixin.py:109} INFO - [2021-09-16 09:03:57,299] {dagbag.py:496} INFO - Filling up the DagBag from /home/airflow/.local/lib/python3.8/site-packages/airflow/example_dags/example_branch_datetime_operator.py
[2021-09-16 09:03:57,311] {processor.py:623} INFO - DAG(s) dict_keys(['example_branch_datetime_operator_2']) retrieved from /home/airflow/.local/lib/python3.8/site-packages/airflow/example_dags/example_branch_datetime_operator.py
[2021-09-16 09:03:57,331] {logging_mixin.py:109} INFO - [2021-09-16 09:03:57,330] {dag.py:1833} INFO - Sync 1 DAGs
[2021-09-16 09:03:57,353] {logging_mixin.py:109} INFO - [2021-09-16 09:03:57,353] {dag.py:2306} INFO - Setting next_dagrun for example_branch_datetime_operator_2 to 2021-09-14 00:00:00+00:00
[2021-09-16 09:03:57,363] {processor.py:170} INFO - Processing /home/airflow/.local/lib/python3.8/site-packages/airflow/example_dags/example_branch_datetime_operator.py took 0.069 seconds
[2021-09-16 09:04:27,600] {processor.py:162} INFO - Started process (PID=756) to work on /home/airflow/.local/lib/python3.8/site-packages/airflow/example_dags/example_branch_datetime_operator.py
[2021-09-16 09:04:27,602] {processor.py:613} INFO - Processing file /home/airflow/.local/lib/python3.8/site-packages/airflow/example_dags/example_branch_datetime_operator.py for tasks to queue
[2021-09-16 09:04:27,603] {logging_mixin.py:109} INFO - [2021-09-16 09:04:27,603] {dagbag.py:496} INFO - Filling up the DagBag from /home/airflow/.local/lib/python3.8/site-packages/airflow/example_dags/example_branch_datetime_operator.py
[2021-09-16 09:04:27,614] {processor.py:623} INFO - DAG(s) dict_keys(['example_branch_datetime_operator_2']) retrieved from /home/airflow/.local/lib/python3.8/site-packages/airflow/example_dags/example_branch_datetime_operator.py
[2021-09-16 09:04:27,633] {logging_mixin.py:109} INFO - [2021-09-16 09:04:27,633] {dag.py:1833} INFO - Sync 1 DAGs
[2021-09-16 09:04:27,647] {logging_mixin.py:109} INFO - [2021-09-16 09:04:27,646] {dag.py:2306} INFO - Setting next_dagrun for example_branch_datetime_operator_2 to 2021-09-14 00:00:00+00:00
[2021-09-16 09:04:27,655] {processor.py:170} INFO - Processing /home/airflow/.local/lib/python3.8/site-packages/airflow/example_dags/example_branch_datetime_operator.py took 0.059 seconds
[2021-09-16 09:04:57,772] {processor.py:162} INFO - Started process (PID=813) to work on /home/airflow/.local/lib/python3.8/site-packages/airflow/example_dags/example_branch_datetime_operator.py
[2021-09-16 09:04:57,777] {processor.py:613} INFO - Processing file /home/airflow/.local/lib/python3.8/site-packages/airflow/example_dags/example_branch_datetime_operator.py for tasks to queue
[2021-09-16 09:04:57,778] {logging_mixin.py:109} INFO - [2021-09-16 09:04:57,778] {dagbag.py:496} INFO - Filling up the DagBag from /home/airflow/.local/lib/python3.8/site-packages/airflow/example_dags/example_branch_datetime_operator.py
[2021-09-16 09:04:57,790] {processor.py:623} INFO - DAG(s) dict_keys(['example_branch_datetime_operator_2']) retrieved from /home/airflow/.local/lib/python3.8/site-packages/airflow/example_dags/example_branch_datetime_operator.py
[2021-09-16 09:04:57,807] {logging_mixin.py:109} INFO - [2021-09-16 09:04:57,807] {dag.py:1833} INFO - Sync 1 DAGs
[2021-09-16 09:04:57,820] {logging_mixin.py:109} INFO - [2021-09-16 09:04:57,820] {dag.py:2306} INFO - Setting next_dagrun for example_branch_datetime_operator_2 to 2021-09-14 00:00:00+00:00
[2021-09-16 09:04:57,828] {processor.py:170} INFO - Processing /home/airflow/.local/lib/python3.8/site-packages/airflow/example_dags/example_branch_datetime_operator.py took 0.059 seconds
[2021-09-16 09:05:27,990] {processor.py:162} INFO - Started process (PID=869) to work on /home/airflow/.local/lib/python3.8/site-packages/airflow/example_dags/example_branch_datetime_operator.py
[2021-09-16 09:05:27,992] {processor.py:613} INFO - Processing file /home/airflow/.local/lib/python3.8/site-packages/airflow/example_dags/example_branch_datetime_operator.py for tasks to queue
[2021-09-16 09:05:27,993] {logging_mixin.py:109} INFO - [2021-09-16 09:05:27,993] {dagbag.py:496} INFO - Filling up the DagBag from /home/airflow/.local/lib/python3.8/site-packages/airflow/example_dags/example_branch_datetime_operator.py
[2021-09-16 09:05:28,008] {processor.py:623} INFO - DAG(s) dict_keys(['example_branch_datetime_operator_2']) retrieved from /home/airflow/.local/lib/python3.8/site-packages/airflow/example_dags/example_branch_datetime_operator.py
[2021-09-16 09:05:28,039] {logging_mixin.py:109} INFO - [2021-09-16 09:05:28,038] {dag.py:1833} INFO - Sync 1 DAGs
[2021-09-16 09:05:28,067] {logging_mixin.py:109} INFO - [2021-09-16 09:05:28,067] {dag.py:2306} INFO - Setting next_dagrun for example_branch_datetime_operator_2 to 2021-09-14 00:00:00+00:00
[2021-09-16 09:05:28,080] {processor.py:170} INFO - Processing /home/airflow/.local/lib/python3.8/site-packages/airflow/example_dags/example_branch_datetime_operator.py took 0.093 seconds
[2021-09-16 09:05:58,343] {processor.py:162} INFO - Started process (PID=916) to work on /home/airflow/.local/lib/python3.8/site-packages/airflow/example_dags/example_branch_datetime_operator.py
[2021-09-16 09:05:58,345] {processor.py:613} INFO - Processing file /home/airflow/.local/lib/python3.8/site-packages/airflow/example_dags/example_branch_datetime_operator.py for tasks to queue
[2021-09-16 09:05:58,346] {logging_mixin.py:109} INFO - [2021-09-16 09:05:58,346] {dagbag.py:496} INFO - Filling up the DagBag from /home/airflow/.local/lib/python3.8/site-packages/airflow/example_dags/example_branch_datetime_operator.py
[2021-09-16 09:05:58,359] {processor.py:623} INFO - DAG(s) dict_keys(['example_branch_datetime_operator_2']) retrieved from /home/airflow/.local/lib/python3.8/site-packages/airflow/example_dags/example_branch_datetime_operator.py
[2021-09-16 09:05:58,380] {logging_mixin.py:109} INFO - [2021-09-16 09:05:58,380] {dag.py:1833} INFO - Sync 1 DAGs
[2021-09-16 09:05:58,395] {logging_mixin.py:109} INFO - [2021-09-16 09:05:58,395] {dag.py:2306} INFO - Setting next_dagrun for example_branch_datetime_operator_2 to 2021-09-14 00:00:00+00:00
[2021-09-16 09:05:58,403] {processor.py:170} INFO - Processing /home/airflow/.local/lib/python3.8/site-packages/airflow/example_dags/example_branch_datetime_operator.py took 0.063 seconds
[2021-09-16 09:06:28,667] {processor.py:162} INFO - Started process (PID=972) to work on /home/airflow/.local/lib/python3.8/site-packages/airflow/example_dags/example_branch_datetime_operator.py
[2021-09-16 09:06:28,668] {processor.py:613} INFO - Processing file /home/airflow/.local/lib/python3.8/site-packages/airflow/example_dags/example_branch_datetime_operator.py for tasks to queue
[2021-09-16 09:06:28,669] {logging_mixin.py:109} INFO - [2021-09-16 09:06:28,669] {dagbag.py:496} INFO - Filling up the DagBag from /home/airflow/.local/lib/python3.8/site-packages/airflow/example_dags/example_branch_datetime_operator.py
[2021-09-16 09:06:28,680] {processor.py:623} INFO - DAG(s) dict_keys(['example_branch_datetime_operator_2']) retrieved from /home/airflow/.local/lib/python3.8/site-packages/airflow/example_dags/example_branch_datetime_operator.py
[2021-09-16 09:06:28,698] {logging_mixin.py:109} INFO - [2021-09-16 09:06:28,698] {dag.py:1833} INFO - Sync 1 DAGs
[2021-09-16 09:06:28,711] {logging_mixin.py:109} INFO - [2021-09-16 09:06:28,711] {dag.py:2306} INFO - Setting next_dagrun for example_branch_datetime_operator_2 to 2021-09-14 00:00:00+00:00
[2021-09-16 09:06:28,719] {processor.py:170} INFO - Processing /home/airflow/.local/lib/python3.8/site-packages/airflow/example_dags/example_branch_datetime_operator.py took 0.056 seconds
[2021-09-16 09:06:58,765] {processor.py:162} INFO - Started process (PID=1028) to work on /home/airflow/.local/lib/python3.8/site-packages/airflow/example_dags/example_branch_datetime_operator.py
[2021-09-16 09:06:58,768] {processor.py:613} INFO - Processing file /home/airflow/.local/lib/python3.8/site-packages/airflow/example_dags/example_branch_datetime_operator.py for tasks to queue
[2021-09-16 09:06:58,769] {logging_mixin.py:109} INFO - [2021-09-16 09:06:58,769] {dagbag.py:496} INFO - Filling up the DagBag from /home/airflow/.local/lib/python3.8/site-packages/airflow/example_dags/example_branch_datetime_operator.py
[2021-09-16 09:06:58,781] {processor.py:623} INFO - DAG(s) dict_keys(['example_branch_datetime_operator_2']) retrieved from /home/airflow/.local/lib/python3.8/site-packages/airflow/example_dags/example_branch_datetime_operator.py
[2021-09-16 09:06:58,798] {logging_mixin.py:109} INFO - [2021-09-16 09:06:58,798] {dag.py:1833} INFO - Sync 1 DAGs
[2021-09-16 09:06:58,811] {logging_mixin.py:109} INFO - [2021-09-16 09:06:58,811] {dag.py:2306} INFO - Setting next_dagrun for example_branch_datetime_operator_2 to 2021-09-14 00:00:00+00:00
[2021-09-16 09:06:58,819] {processor.py:170} INFO - Processing /home/airflow/.local/lib/python3.8/site-packages/airflow/example_dags/example_branch_datetime_operator.py took 0.057 seconds
[2021-09-16 09:07:29,103] {processor.py:162} INFO - Started process (PID=1075) to work on /home/airflow/.local/lib/python3.8/site-packages/airflow/example_dags/example_branch_datetime_operator.py
[2021-09-16 09:07:29,105] {processor.py:613} INFO - Processing file /home/airflow/.local/lib/python3.8/site-packages/airflow/example_dags/example_branch_datetime_operator.py for tasks to queue
[2021-09-16 09:07:29,106] {logging_mixin.py:109} INFO - [2021-09-16 09:07:29,106] {dagbag.py:496} INFO - Filling up the DagBag from /home/airflow/.local/lib/python3.8/site-packages/airflow/example_dags/example_branch_datetime_operator.py
[2021-09-16 09:07:29,118] {processor.py:623} INFO - DAG(s) dict_keys(['example_branch_datetime_operator_2']) retrieved from /home/airflow/.local/lib/python3.8/site-packages/airflow/example_dags/example_branch_datetime_operator.py
[2021-09-16 09:07:29,137] {logging_mixin.py:109} INFO - [2021-09-16 09:07:29,137] {dag.py:1833} INFO - Sync 1 DAGs
[2021-09-16 09:07:29,150] {logging_mixin.py:109} INFO - [2021-09-16 09:07:29,150] {dag.py:2306} INFO - Setting next_dagrun for example_branch_datetime_operator_2 to 2021-09-14 00:00:00+00:00
[2021-09-16 09:07:29,158] {processor.py:170} INFO - Processing /home/airflow/.local/lib/python3.8/site-packages/airflow/example_dags/example_branch_datetime_operator.py took 0.059 seconds
[2021-09-16 09:07:59,546] {processor.py:162} INFO - Started process (PID=1130) to work on /home/airflow/.local/lib/python3.8/site-packages/airflow/example_dags/example_branch_datetime_operator.py
[2021-09-16 09:07:59,548] {processor.py:613} INFO - Processing file /home/airflow/.local/lib/python3.8/site-packages/airflow/example_dags/example_branch_datetime_operator.py for tasks to queue
[2021-09-16 09:07:59,549] {logging_mixin.py:109} INFO - [2021-09-16 09:07:59,549] {dagbag.py:496} INFO - Filling up the DagBag from /home/airflow/.local/lib/python3.8/site-packages/airflow/example_dags/example_branch_datetime_operator.py
[2021-09-16 09:07:59,562] {processor.py:623} INFO - DAG(s) dict_keys(['example_branch_datetime_operator_2']) retrieved from /home/airflow/.local/lib/python3.8/site-packages/airflow/example_dags/example_branch_datetime_operator.py
[2021-09-16 09:07:59,580] {logging_mixin.py:109} INFO - [2021-09-16 09:07:59,579] {dag.py:1833} INFO - Sync 1 DAGs
[2021-09-16 09:07:59,592] {logging_mixin.py:109} INFO - [2021-09-16 09:07:59,592] {dag.py:2306} INFO - Setting next_dagrun for example_branch_datetime_operator_2 to 2021-09-14 00:00:00+00:00
[2021-09-16 09:07:59,602] {processor.py:170} INFO - Processing /home/airflow/.local/lib/python3.8/site-packages/airflow/example_dags/example_branch_datetime_operator.py took 0.061 seconds
[2021-09-16 09:08:30,005] {processor.py:162} INFO - Started process (PID=1187) to work on /home/airflow/.local/lib/python3.8/site-packages/airflow/example_dags/example_branch_datetime_operator.py
[2021-09-16 09:08:30,007] {processor.py:613} INFO - Processing file /home/airflow/.local/lib/python3.8/site-packages/airflow/example_dags/example_branch_datetime_operator.py for tasks to queue
[2021-09-16 09:08:30,008] {logging_mixin.py:109} INFO - [2021-09-16 09:08:30,008] {dagbag.py:496} INFO - Filling up the DagBag from /home/airflow/.local/lib/python3.8/site-packages/airflow/example_dags/example_branch_datetime_operator.py
[2021-09-16 09:08:30,020] {processor.py:623} INFO - DAG(s) dict_keys(['example_branch_datetime_operator_2']) retrieved from /home/airflow/.local/lib/python3.8/site-packages/airflow/example_dags/example_branch_datetime_operator.py
[2021-09-16 09:08:30,040] {logging_mixin.py:109} INFO - [2021-09-16 09:08:30,040] {dag.py:1833} INFO - Sync 1 DAGs
[2021-09-16 09:08:30,053] {logging_mixin.py:109} INFO - [2021-09-16 09:08:30,053] {dag.py:2306} INFO - Setting next_dagrun for example_branch_datetime_operator_2 to 2021-09-14 00:00:00+00:00
[2021-09-16 09:08:30,062] {processor.py:170} INFO - Processing /home/airflow/.local/lib/python3.8/site-packages/airflow/example_dags/example_branch_datetime_operator.py took 0.061 seconds
[2021-09-16 09:09:00,411] {processor.py:162} INFO - Started process (PID=1243) to work on /home/airflow/.local/lib/python3.8/site-packages/airflow/example_dags/example_branch_datetime_operator.py
[2021-09-16 09:09:00,412] {processor.py:613} INFO - Processing file /home/airflow/.local/lib/python3.8/site-packages/airflow/example_dags/example_branch_datetime_operator.py for tasks to queue
[2021-09-16 09:09:00,413] {logging_mixin.py:109} INFO - [2021-09-16 09:09:00,413] {dagbag.py:496} INFO - Filling up the DagBag from /home/airflow/.local/lib/python3.8/site-packages/airflow/example_dags/example_branch_datetime_operator.py
[2021-09-16 09:09:00,423] {processor.py:623} INFO - DAG(s) dict_keys(['example_branch_datetime_operator_2']) retrieved from /home/airflow/.local/lib/python3.8/site-packages/airflow/example_dags/example_branch_datetime_operator.py
[2021-09-16 09:09:00,439] {logging_mixin.py:109} INFO - [2021-09-16 09:09:00,439] {dag.py:1833} INFO - Sync 1 DAGs
[2021-09-16 09:09:00,452] {logging_mixin.py:109} INFO - [2021-09-16 09:09:00,452] {dag.py:2306} INFO - Setting next_dagrun for example_branch_datetime_operator_2 to 2021-09-14 00:00:00+00:00
[2021-09-16 09:09:00,460] {processor.py:170} INFO - Processing /home/airflow/.local/lib/python3.8/site-packages/airflow/example_dags/example_branch_datetime_operator.py took 0.052 seconds
[2021-09-16 09:09:30,795] {processor.py:162} INFO - Started process (PID=1290) to work on /home/airflow/.local/lib/python3.8/site-packages/airflow/example_dags/example_branch_datetime_operator.py
[2021-09-16 09:09:30,797] {processor.py:613} INFO - Processing file /home/airflow/.local/lib/python3.8/site-packages/airflow/example_dags/example_branch_datetime_operator.py for tasks to queue
[2021-09-16 09:09:30,798] {logging_mixin.py:109} INFO - [2021-09-16 09:09:30,798] {dagbag.py:496} INFO - Filling up the DagBag from /home/airflow/.local/lib/python3.8/site-packages/airflow/example_dags/example_branch_datetime_operator.py
[2021-09-16 09:09:30,810] {processor.py:623} INFO - DAG(s) dict_keys(['example_branch_datetime_operator_2']) retrieved from /home/airflow/.local/lib/python3.8/site-packages/airflow/example_dags/example_branch_datetime_operator.py
[2021-09-16 09:09:30,828] {logging_mixin.py:109} INFO - [2021-09-16 09:09:30,828] {dag.py:1833} INFO - Sync 1 DAGs
[2021-09-16 09:09:30,840] {logging_mixin.py:109} INFO - [2021-09-16 09:09:30,840] {dag.py:2306} INFO - Setting next_dagrun for example_branch_datetime_operator_2 to 2021-09-14 00:00:00+00:00
[2021-09-16 09:09:30,850] {processor.py:170} INFO - Processing /home/airflow/.local/lib/python3.8/site-packages/airflow/example_dags/example_branch_datetime_operator.py took 0.059 seconds
[2021-09-16 09:10:01,172] {processor.py:162} INFO - Started process (PID=1347) to work on /home/airflow/.local/lib/python3.8/site-packages/airflow/example_dags/example_branch_datetime_operator.py
[2021-09-16 09:10:01,173] {processor.py:613} INFO - Processing file /home/airflow/.local/lib/python3.8/site-packages/airflow/example_dags/example_branch_datetime_operator.py for tasks to queue
[2021-09-16 09:10:01,174] {logging_mixin.py:109} INFO - [2021-09-16 09:10:01,174] {dagbag.py:496} INFO - Filling up the DagBag from /home/airflow/.local/lib/python3.8/site-packages/airflow/example_dags/example_branch_datetime_operator.py
[2021-09-16 09:10:01,185] {processor.py:623} INFO - DAG(s) dict_keys(['example_branch_datetime_operator_2']) retrieved from /home/airflow/.local/lib/python3.8/site-packages/airflow/example_dags/example_branch_datetime_operator.py
[2021-09-16 09:10:01,202] {logging_mixin.py:109} INFO - [2021-09-16 09:10:01,202] {dag.py:1833} INFO - Sync 1 DAGs
[2021-09-16 09:10:01,217] {logging_mixin.py:109} INFO - [2021-09-16 09:10:01,217] {dag.py:2306} INFO - Setting next_dagrun for example_branch_datetime_operator_2 to 2021-09-14 00:00:00+00:00
[2021-09-16 09:10:01,225] {processor.py:170} INFO - Processing /home/airflow/.local/lib/python3.8/site-packages/airflow/example_dags/example_branch_datetime_operator.py took 0.057 seconds
[2021-09-16 09:10:31,546] {processor.py:162} INFO - Started process (PID=1402) to work on /home/airflow/.local/lib/python3.8/site-packages/airflow/example_dags/example_branch_datetime_operator.py
[2021-09-16 09:10:31,548] {processor.py:613} INFO - Processing file /home/airflow/.local/lib/python3.8/site-packages/airflow/example_dags/example_branch_datetime_operator.py for tasks to queue
[2021-09-16 09:10:31,549] {logging_mixin.py:109} INFO - [2021-09-16 09:10:31,549] {dagbag.py:496} INFO - Filling up the DagBag from /home/airflow/.local/lib/python3.8/site-packages/airflow/example_dags/example_branch_datetime_operator.py
[2021-09-16 09:10:31,561] {processor.py:623} INFO - DAG(s) dict_keys(['example_branch_datetime_operator_2']) retrieved from /home/airflow/.local/lib/python3.8/site-packages/airflow/example_dags/example_branch_datetime_operator.py
[2021-09-16 09:10:31,581] {logging_mixin.py:109} INFO - [2021-09-16 09:10:31,581] {dag.py:1833} INFO - Sync 1 DAGs
[2021-09-16 09:10:31,595] {logging_mixin.py:109} INFO - [2021-09-16 09:10:31,595] {dag.py:2306} INFO - Setting next_dagrun for example_branch_datetime_operator_2 to 2021-09-14 00:00:00+00:00
[2021-09-16 09:10:31,604] {processor.py:170} INFO - Processing /home/airflow/.local/lib/python3.8/site-packages/airflow/example_dags/example_branch_datetime_operator.py took 0.061 seconds
[2021-09-16 09:11:02,164] {processor.py:162} INFO - Started process (PID=1456) to work on /home/airflow/.local/lib/python3.8/site-packages/airflow/example_dags/example_branch_datetime_operator.py
[2021-09-16 09:11:02,166] {processor.py:613} INFO - Processing file /home/airflow/.local/lib/python3.8/site-packages/airflow/example_dags/example_branch_datetime_operator.py for tasks to queue
[2021-09-16 09:11:02,167] {logging_mixin.py:109} INFO - [2021-09-16 09:11:02,167] {dagbag.py:496} INFO - Filling up the DagBag from /home/airflow/.local/lib/python3.8/site-packages/airflow/example_dags/example_branch_datetime_operator.py
[2021-09-16 09:11:02,179] {processor.py:623} INFO - DAG(s) dict_keys(['example_branch_datetime_operator_2']) retrieved from /home/airflow/.local/lib/python3.8/site-packages/airflow/example_dags/example_branch_datetime_operator.py
[2021-09-16 09:11:02,199] {logging_mixin.py:109} INFO - [2021-09-16 09:11:02,199] {dag.py:1833} INFO - Sync 1 DAGs
[2021-09-16 09:11:02,217] {logging_mixin.py:109} INFO - [2021-09-16 09:11:02,217] {dag.py:2306} INFO - Setting next_dagrun for example_branch_datetime_operator_2 to 2021-09-14 00:00:00+00:00
[2021-09-16 09:11:02,247] {processor.py:170} INFO - Processing /home/airflow/.local/lib/python3.8/site-packages/airflow/example_dags/example_branch_datetime_operator.py took 0.088 seconds
[2021-09-16 09:11:32,673] {processor.py:162} INFO - Started process (PID=1507) to work on /home/airflow/.local/lib/python3.8/site-packages/airflow/example_dags/example_branch_datetime_operator.py
[2021-09-16 09:11:32,675] {processor.py:613} INFO - Processing file /home/airflow/.local/lib/python3.8/site-packages/airflow/example_dags/example_branch_datetime_operator.py for tasks to queue
[2021-09-16 09:11:32,676] {logging_mixin.py:109} INFO - [2021-09-16 09:11:32,675] {dagbag.py:496} INFO - Filling up the DagBag from /home/airflow/.local/lib/python3.8/site-packages/airflow/example_dags/example_branch_datetime_operator.py
[2021-09-16 09:11:32,707] {processor.py:623} INFO - DAG(s) dict_keys(['example_branch_datetime_operator_2']) retrieved from /home/airflow/.local/lib/python3.8/site-packages/airflow/example_dags/example_branch_datetime_operator.py
[2021-09-16 09:11:32,725] {logging_mixin.py:109} INFO - [2021-09-16 09:11:32,725] {dag.py:1833} INFO - Sync 1 DAGs
[2021-09-16 09:11:32,738] {logging_mixin.py:109} INFO - [2021-09-16 09:11:32,738] {dag.py:2306} INFO - Setting next_dagrun for example_branch_datetime_operator_2 to 2021-09-14 00:00:00+00:00
[2021-09-16 09:11:32,747] {processor.py:170} INFO - Processing /home/airflow/.local/lib/python3.8/site-packages/airflow/example_dags/example_branch_datetime_operator.py took 0.077 seconds
[2021-09-16 09:12:03,135] {processor.py:162} INFO - Started process (PID=1562) to work on /home/airflow/.local/lib/python3.8/site-packages/airflow/example_dags/example_branch_datetime_operator.py
[2021-09-16 09:12:03,137] {processor.py:613} INFO - Processing file /home/airflow/.local/lib/python3.8/site-packages/airflow/example_dags/example_branch_datetime_operator.py for tasks to queue
[2021-09-16 09:12:03,138] {logging_mixin.py:109} INFO - [2021-09-16 09:12:03,138] {dagbag.py:496} INFO - Filling up the DagBag from /home/airflow/.local/lib/python3.8/site-packages/airflow/example_dags/example_branch_datetime_operator.py
[2021-09-16 09:12:03,149] {processor.py:623} INFO - DAG(s) dict_keys(['example_branch_datetime_operator_2']) retrieved from /home/airflow/.local/lib/python3.8/site-packages/airflow/example_dags/example_branch_datetime_operator.py
[2021-09-16 09:12:03,168] {logging_mixin.py:109} INFO - [2021-09-16 09:12:03,168] {dag.py:1833} INFO - Sync 1 DAGs
[2021-09-16 09:12:03,182] {logging_mixin.py:109} INFO - [2021-09-16 09:12:03,182] {dag.py:2306} INFO - Setting next_dagrun for example_branch_datetime_operator_2 to 2021-09-14 00:00:00+00:00
[2021-09-16 09:12:03,192] {processor.py:170} INFO - Processing /home/airflow/.local/lib/python3.8/site-packages/airflow/example_dags/example_branch_datetime_operator.py took 0.060 seconds
[2021-09-16 09:12:33,640] {processor.py:162} INFO - Started process (PID=1618) to work on /home/airflow/.local/lib/python3.8/site-packages/airflow/example_dags/example_branch_datetime_operator.py
[2021-09-16 09:12:33,642] {processor.py:613} INFO - Processing file /home/airflow/.local/lib/python3.8/site-packages/airflow/example_dags/example_branch_datetime_operator.py for tasks to queue
[2021-09-16 09:12:33,643] {logging_mixin.py:109} INFO - [2021-09-16 09:12:33,643] {dagbag.py:496} INFO - Filling up the DagBag from /home/airflow/.local/lib/python3.8/site-packages/airflow/example_dags/example_branch_datetime_operator.py
[2021-09-16 09:12:33,654] {processor.py:623} INFO - DAG(s) dict_keys(['example_branch_datetime_operator_2']) retrieved from /home/airflow/.local/lib/python3.8/site-packages/airflow/example_dags/example_branch_datetime_operator.py
[2021-09-16 09:12:33,674] {logging_mixin.py:109} INFO - [2021-09-16 09:12:33,674] {dag.py:1833} INFO - Sync 1 DAGs
[2021-09-16 09:12:33,688] {logging_mixin.py:109} INFO - [2021-09-16 09:12:33,687] {dag.py:2306} INFO - Setting next_dagrun for example_branch_datetime_operator_2 to 2021-09-14 00:00:00+00:00
[2021-09-16 09:12:33,698] {processor.py:170} INFO - Processing /home/airflow/.local/lib/python3.8/site-packages/airflow/example_dags/example_branch_datetime_operator.py took 0.060 seconds
[2021-09-16 09:13:04,085] {processor.py:162} INFO - Started process (PID=1666) to work on /home/airflow/.local/lib/python3.8/site-packages/airflow/example_dags/example_branch_datetime_operator.py
[2021-09-16 09:13:04,086] {processor.py:613} INFO - Processing file /home/airflow/.local/lib/python3.8/site-packages/airflow/example_dags/example_branch_datetime_operator.py for tasks to queue
[2021-09-16 09:13:04,087] {logging_mixin.py:109} INFO - [2021-09-16 09:13:04,087] {dagbag.py:496} INFO - Filling up the DagBag from /home/airflow/.local/lib/python3.8/site-packages/airflow/example_dags/example_branch_datetime_operator.py
[2021-09-16 09:13:04,100] {processor.py:623} INFO - DAG(s) dict_keys(['example_branch_datetime_operator_2']) retrieved from /home/airflow/.local/lib/python3.8/site-packages/airflow/example_dags/example_branch_datetime_operator.py
[2021-09-16 09:13:04,118] {logging_mixin.py:109} INFO - [2021-09-16 09:13:04,118] {dag.py:1833} INFO - Sync 1 DAGs
[2021-09-16 09:13:04,132] {logging_mixin.py:109} INFO - [2021-09-16 09:13:04,132] {dag.py:2306} INFO - Setting next_dagrun for example_branch_datetime_operator_2 to 2021-09-14 00:00:00+00:00
[2021-09-16 09:13:04,141] {processor.py:170} INFO - Processing /home/airflow/.local/lib/python3.8/site-packages/airflow/example_dags/example_branch_datetime_operator.py took 0.060 seconds
[2021-09-16 09:13:34,600] {processor.py:162} INFO - Started process (PID=1721) to work on /home/airflow/.local/lib/python3.8/site-packages/airflow/example_dags/example_branch_datetime_operator.py
[2021-09-16 09:13:34,601] {processor.py:613} INFO - Processing file /home/airflow/.local/lib/python3.8/site-packages/airflow/example_dags/example_branch_datetime_operator.py for tasks to queue
[2021-09-16 09:13:34,603] {logging_mixin.py:109} INFO - [2021-09-16 09:13:34,602] {dagbag.py:496} INFO - Filling up the DagBag from /home/airflow/.local/lib/python3.8/site-packages/airflow/example_dags/example_branch_datetime_operator.py
[2021-09-16 09:13:34,615] {processor.py:623} INFO - DAG(s) dict_keys(['example_branch_datetime_operator_2']) retrieved from /home/airflow/.local/lib/python3.8/site-packages/airflow/example_dags/example_branch_datetime_operator.py
[2021-09-16 09:13:34,632] {logging_mixin.py:109} INFO - [2021-09-16 09:13:34,632] {dag.py:1833} INFO - Sync 1 DAGs
[2021-09-16 09:13:34,646] {logging_mixin.py:109} INFO - [2021-09-16 09:13:34,646] {dag.py:2306} INFO - Setting next_dagrun for example_branch_datetime_operator_2 to 2021-09-14 00:00:00+00:00
[2021-09-16 09:13:34,654] {processor.py:170} INFO - Processing /home/airflow/.local/lib/python3.8/site-packages/airflow/example_dags/example_branch_datetime_operator.py took 0.057 seconds
[2021-09-16 09:14:04,845] {processor.py:162} INFO - Started process (PID=1777) to work on /home/airflow/.local/lib/python3.8/site-packages/airflow/example_dags/example_branch_datetime_operator.py
[2021-09-16 09:14:04,847] {processor.py:613} INFO - Processing file /home/airflow/.local/lib/python3.8/site-packages/airflow/example_dags/example_branch_datetime_operator.py for tasks to queue
[2021-09-16 09:14:04,848] {logging_mixin.py:109} INFO - [2021-09-16 09:14:04,848] {dagbag.py:496} INFO - Filling up the DagBag from /home/airflow/.local/lib/python3.8/site-packages/airflow/example_dags/example_branch_datetime_operator.py
[2021-09-16 09:14:04,860] {processor.py:623} INFO - DAG(s) dict_keys(['example_branch_datetime_operator_2']) retrieved from /home/airflow/.local/lib/python3.8/site-packages/airflow/example_dags/example_branch_datetime_operator.py
[2021-09-16 09:14:04,880] {logging_mixin.py:109} INFO - [2021-09-16 09:14:04,880] {dag.py:1833} INFO - Sync 1 DAGs
[2021-09-16 09:14:04,895] {logging_mixin.py:109} INFO - [2021-09-16 09:14:04,895] {dag.py:2306} INFO - Setting next_dagrun for example_branch_datetime_operator_2 to 2021-09-14 00:00:00+00:00
[2021-09-16 09:14:04,904] {processor.py:170} INFO - Processing /home/airflow/.local/lib/python3.8/site-packages/airflow/example_dags/example_branch_datetime_operator.py took 0.064 seconds
[2021-09-16 09:14:35,026] {processor.py:162} INFO - Started process (PID=1824) to work on /home/airflow/.local/lib/python3.8/site-packages/airflow/example_dags/example_branch_datetime_operator.py
[2021-09-16 09:14:35,028] {processor.py:613} INFO - Processing file /home/airflow/.local/lib/python3.8/site-packages/airflow/example_dags/example_branch_datetime_operator.py for tasks to queue
[2021-09-16 09:14:35,029] {logging_mixin.py:109} INFO - [2021-09-16 09:14:35,029] {dagbag.py:496} INFO - Filling up the DagBag from /home/airflow/.local/lib/python3.8/site-packages/airflow/example_dags/example_branch_datetime_operator.py
[2021-09-16 09:14:35,042] {processor.py:623} INFO - DAG(s) dict_keys(['example_branch_datetime_operator_2']) retrieved from /home/airflow/.local/lib/python3.8/site-packages/airflow/example_dags/example_branch_datetime_operator.py
[2021-09-16 09:14:35,060] {logging_mixin.py:109} INFO - [2021-09-16 09:14:35,060] {dag.py:1833} INFO - Sync 1 DAGs
[2021-09-16 09:14:35,076] {logging_mixin.py:109} INFO - [2021-09-16 09:14:35,076] {dag.py:2306} INFO - Setting next_dagrun for example_branch_datetime_operator_2 to 2021-09-14 00:00:00+00:00
[2021-09-16 09:14:35,085] {processor.py:170} INFO - Processing /home/airflow/.local/lib/python3.8/site-packages/airflow/example_dags/example_branch_datetime_operator.py took 0.063 seconds
[2021-09-16 09:15:05,286] {processor.py:162} INFO - Started process (PID=1879) to work on /home/airflow/.local/lib/python3.8/site-packages/airflow/example_dags/example_branch_datetime_operator.py
[2021-09-16 09:15:05,288] {processor.py:613} INFO - Processing file /home/airflow/.local/lib/python3.8/site-packages/airflow/example_dags/example_branch_datetime_operator.py for tasks to queue
[2021-09-16 09:15:05,289] {logging_mixin.py:109} INFO - [2021-09-16 09:15:05,288] {dagbag.py:496} INFO - Filling up the DagBag from /home/airflow/.local/lib/python3.8/site-packages/airflow/example_dags/example_branch_datetime_operator.py
[2021-09-16 09:15:05,301] {processor.py:623} INFO - DAG(s) dict_keys(['example_branch_datetime_operator_2']) retrieved from /home/airflow/.local/lib/python3.8/site-packages/airflow/example_dags/example_branch_datetime_operator.py
[2021-09-16 09:15:05,320] {logging_mixin.py:109} INFO - [2021-09-16 09:15:05,320] {dag.py:1833} INFO - Sync 1 DAGs
[2021-09-16 09:15:05,335] {logging_mixin.py:109} INFO - [2021-09-16 09:15:05,335] {dag.py:2306} INFO - Setting next_dagrun for example_branch_datetime_operator_2 to 2021-09-14 00:00:00+00:00
[2021-09-16 09:15:05,348] {processor.py:170} INFO - Processing /home/airflow/.local/lib/python3.8/site-packages/airflow/example_dags/example_branch_datetime_operator.py took 0.065 seconds
[2021-09-16 09:15:35,636] {processor.py:162} INFO - Started process (PID=1936) to work on /home/airflow/.local/lib/python3.8/site-packages/airflow/example_dags/example_branch_datetime_operator.py
[2021-09-16 09:15:35,638] {processor.py:613} INFO - Processing file /home/airflow/.local/lib/python3.8/site-packages/airflow/example_dags/example_branch_datetime_operator.py for tasks to queue
[2021-09-16 09:15:35,639] {logging_mixin.py:109} INFO - [2021-09-16 09:15:35,638] {dagbag.py:496} INFO - Filling up the DagBag from /home/airflow/.local/lib/python3.8/site-packages/airflow/example_dags/example_branch_datetime_operator.py
[2021-09-16 09:15:35,650] {processor.py:623} INFO - DAG(s) dict_keys(['example_branch_datetime_operator_2']) retrieved from /home/airflow/.local/lib/python3.8/site-packages/airflow/example_dags/example_branch_datetime_operator.py
[2021-09-16 09:15:35,669] {logging_mixin.py:109} INFO - [2021-09-16 09:15:35,669] {dag.py:1833} INFO - Sync 1 DAGs
[2021-09-16 09:15:35,684] {logging_mixin.py:109} INFO - [2021-09-16 09:15:35,684] {dag.py:2306} INFO - Setting next_dagrun for example_branch_datetime_operator_2 to 2021-09-14 00:00:00+00:00
[2021-09-16 09:15:35,693] {processor.py:170} INFO - Processing /home/airflow/.local/lib/python3.8/site-packages/airflow/example_dags/example_branch_datetime_operator.py took 0.060 seconds
[2021-09-16 09:16:06,011] {processor.py:162} INFO - Started process (PID=1992) to work on /home/airflow/.local/lib/python3.8/site-packages/airflow/example_dags/example_branch_datetime_operator.py
[2021-09-16 09:16:06,013] {processor.py:613} INFO - Processing file /home/airflow/.local/lib/python3.8/site-packages/airflow/example_dags/example_branch_datetime_operator.py for tasks to queue
[2021-09-16 09:16:06,014] {logging_mixin.py:109} INFO - [2021-09-16 09:16:06,014] {dagbag.py:496} INFO - Filling up the DagBag from /home/airflow/.local/lib/python3.8/site-packages/airflow/example_dags/example_branch_datetime_operator.py
[2021-09-16 09:16:06,025] {processor.py:623} INFO - DAG(s) dict_keys(['example_branch_datetime_operator_2']) retrieved from /home/airflow/.local/lib/python3.8/site-packages/airflow/example_dags/example_branch_datetime_operator.py
[2021-09-16 09:16:06,043] {logging_mixin.py:109} INFO - [2021-09-16 09:16:06,043] {dag.py:1833} INFO - Sync 1 DAGs
[2021-09-16 09:16:06,056] {logging_mixin.py:109} INFO - [2021-09-16 09:16:06,056] {dag.py:2306} INFO - Setting next_dagrun for example_branch_datetime_operator_2 to 2021-09-14 00:00:00+00:00
[2021-09-16 09:16:06,064] {processor.py:170} INFO - Processing /home/airflow/.local/lib/python3.8/site-packages/airflow/example_dags/example_branch_datetime_operator.py took 0.057 seconds
