[2021-09-16 08:37:29,601] {processor.py:162} INFO - Started process (PID=23) to work on /home/airflow/.local/lib/python3.8/site-packages/airflow/example_dags/tutorial_etl_dag.py
[2021-09-16 08:37:29,602] {processor.py:613} INFO - Processing file /home/airflow/.local/lib/python3.8/site-packages/airflow/example_dags/tutorial_etl_dag.py for tasks to queue
[2021-09-16 08:37:29,605] {logging_mixin.py:109} INFO - [2021-09-16 08:37:29,605] {dagbag.py:496} INFO - Filling up the DagBag from /home/airflow/.local/lib/python3.8/site-packages/airflow/example_dags/tutorial_etl_dag.py
[2021-09-16 08:37:29,637] {processor.py:623} INFO - DAG(s) dict_keys(['tutorial_etl_dag']) retrieved from /home/airflow/.local/lib/python3.8/site-packages/airflow/example_dags/tutorial_etl_dag.py
[2021-09-16 08:37:34,989] {logging_mixin.py:109} WARNING - /home/airflow/.local/lib/python3.8/site-packages/azure/cosmos/session.py:186 SyntaxWarning: "is not" with a literal. Did you mean "!="?
[2021-09-16 08:37:35,086] {logging_mixin.py:109} WARNING - /home/airflow/.local/lib/python3.8/site-packages/azure/storage/common/_connection.py:82 SyntaxWarning: "is" with a literal. Did you mean "=="?
[2021-09-16 08:37:36,499] {logging_mixin.py:109} INFO - [2021-09-16 08:37:36,499] {dag.py:1833} INFO - Sync 1 DAGs
[2021-09-16 08:37:36,514] {logging_mixin.py:109} INFO - [2021-09-16 08:37:36,514] {dag.py:1852} INFO - Creating ORM DAG for tutorial_etl_dag
[2021-09-16 08:37:36,525] {logging_mixin.py:109} INFO - [2021-09-16 08:37:36,525] {dag.py:2306} INFO - Setting next_dagrun for tutorial_etl_dag to None
[2021-09-16 08:37:36,560] {processor.py:170} INFO - Processing /home/airflow/.local/lib/python3.8/site-packages/airflow/example_dags/tutorial_etl_dag.py took 6.962 seconds
[2021-09-16 08:38:06,710] {processor.py:162} INFO - Started process (PID=320) to work on /home/airflow/.local/lib/python3.8/site-packages/airflow/example_dags/tutorial_etl_dag.py
[2021-09-16 08:38:06,712] {processor.py:613} INFO - Processing file /home/airflow/.local/lib/python3.8/site-packages/airflow/example_dags/tutorial_etl_dag.py for tasks to queue
[2021-09-16 08:38:06,713] {logging_mixin.py:109} INFO - [2021-09-16 08:38:06,713] {dagbag.py:496} INFO - Filling up the DagBag from /home/airflow/.local/lib/python3.8/site-packages/airflow/example_dags/tutorial_etl_dag.py
[2021-09-16 08:38:06,726] {processor.py:623} INFO - DAG(s) dict_keys(['tutorial_etl_dag']) retrieved from /home/airflow/.local/lib/python3.8/site-packages/airflow/example_dags/tutorial_etl_dag.py
[2021-09-16 08:38:06,747] {logging_mixin.py:109} INFO - [2021-09-16 08:38:06,747] {dag.py:1833} INFO - Sync 1 DAGs
[2021-09-16 08:38:06,760] {logging_mixin.py:109} INFO - [2021-09-16 08:38:06,760] {dag.py:2306} INFO - Setting next_dagrun for tutorial_etl_dag to None
[2021-09-16 08:38:06,770] {processor.py:170} INFO - Processing /home/airflow/.local/lib/python3.8/site-packages/airflow/example_dags/tutorial_etl_dag.py took 0.063 seconds
[2021-09-16 08:38:37,255] {processor.py:162} INFO - Started process (PID=376) to work on /home/airflow/.local/lib/python3.8/site-packages/airflow/example_dags/tutorial_etl_dag.py
[2021-09-16 08:38:37,257] {processor.py:613} INFO - Processing file /home/airflow/.local/lib/python3.8/site-packages/airflow/example_dags/tutorial_etl_dag.py for tasks to queue
[2021-09-16 08:38:37,259] {logging_mixin.py:109} INFO - [2021-09-16 08:38:37,259] {dagbag.py:496} INFO - Filling up the DagBag from /home/airflow/.local/lib/python3.8/site-packages/airflow/example_dags/tutorial_etl_dag.py
[2021-09-16 08:38:37,273] {processor.py:623} INFO - DAG(s) dict_keys(['tutorial_etl_dag']) retrieved from /home/airflow/.local/lib/python3.8/site-packages/airflow/example_dags/tutorial_etl_dag.py
[2021-09-16 08:38:37,294] {logging_mixin.py:109} INFO - [2021-09-16 08:38:37,294] {dag.py:1833} INFO - Sync 1 DAGs
[2021-09-16 08:38:37,306] {logging_mixin.py:109} INFO - [2021-09-16 08:38:37,306] {dag.py:2306} INFO - Setting next_dagrun for tutorial_etl_dag to None
[2021-09-16 08:38:37,316] {processor.py:170} INFO - Processing /home/airflow/.local/lib/python3.8/site-packages/airflow/example_dags/tutorial_etl_dag.py took 0.064 seconds
[2021-09-16 08:39:07,960] {processor.py:162} INFO - Started process (PID=423) to work on /home/airflow/.local/lib/python3.8/site-packages/airflow/example_dags/tutorial_etl_dag.py
[2021-09-16 08:39:07,962] {processor.py:613} INFO - Processing file /home/airflow/.local/lib/python3.8/site-packages/airflow/example_dags/tutorial_etl_dag.py for tasks to queue
[2021-09-16 08:39:07,964] {logging_mixin.py:109} INFO - [2021-09-16 08:39:07,964] {dagbag.py:496} INFO - Filling up the DagBag from /home/airflow/.local/lib/python3.8/site-packages/airflow/example_dags/tutorial_etl_dag.py
[2021-09-16 08:39:07,975] {processor.py:623} INFO - DAG(s) dict_keys(['tutorial_etl_dag']) retrieved from /home/airflow/.local/lib/python3.8/site-packages/airflow/example_dags/tutorial_etl_dag.py
[2021-09-16 08:39:07,999] {logging_mixin.py:109} INFO - [2021-09-16 08:39:07,999] {dag.py:1833} INFO - Sync 1 DAGs
[2021-09-16 08:39:08,016] {logging_mixin.py:109} INFO - [2021-09-16 08:39:08,016] {dag.py:2306} INFO - Setting next_dagrun for tutorial_etl_dag to None
[2021-09-16 08:39:08,028] {processor.py:170} INFO - Processing /home/airflow/.local/lib/python3.8/site-packages/airflow/example_dags/tutorial_etl_dag.py took 0.074 seconds
[2021-09-16 08:39:38,063] {processor.py:162} INFO - Started process (PID=481) to work on /home/airflow/.local/lib/python3.8/site-packages/airflow/example_dags/tutorial_etl_dag.py
[2021-09-16 08:39:38,064] {processor.py:613} INFO - Processing file /home/airflow/.local/lib/python3.8/site-packages/airflow/example_dags/tutorial_etl_dag.py for tasks to queue
[2021-09-16 08:39:38,066] {logging_mixin.py:109} INFO - [2021-09-16 08:39:38,065] {dagbag.py:496} INFO - Filling up the DagBag from /home/airflow/.local/lib/python3.8/site-packages/airflow/example_dags/tutorial_etl_dag.py
[2021-09-16 08:39:38,078] {processor.py:623} INFO - DAG(s) dict_keys(['tutorial_etl_dag']) retrieved from /home/airflow/.local/lib/python3.8/site-packages/airflow/example_dags/tutorial_etl_dag.py
[2021-09-16 08:39:38,099] {logging_mixin.py:109} INFO - [2021-09-16 08:39:38,099] {dag.py:1833} INFO - Sync 1 DAGs
[2021-09-16 08:39:38,112] {logging_mixin.py:109} INFO - [2021-09-16 08:39:38,112] {dag.py:2306} INFO - Setting next_dagrun for tutorial_etl_dag to None
[2021-09-16 08:39:38,122] {processor.py:170} INFO - Processing /home/airflow/.local/lib/python3.8/site-packages/airflow/example_dags/tutorial_etl_dag.py took 0.063 seconds
[2021-09-16 08:59:44,903] {processor.py:162} INFO - Started process (PID=24) to work on /home/airflow/.local/lib/python3.8/site-packages/airflow/example_dags/tutorial_etl_dag.py
[2021-09-16 08:59:44,904] {processor.py:613} INFO - Processing file /home/airflow/.local/lib/python3.8/site-packages/airflow/example_dags/tutorial_etl_dag.py for tasks to queue
[2021-09-16 08:59:44,905] {logging_mixin.py:109} INFO - [2021-09-16 08:59:44,905] {dagbag.py:496} INFO - Filling up the DagBag from /home/airflow/.local/lib/python3.8/site-packages/airflow/example_dags/tutorial_etl_dag.py
[2021-09-16 08:59:44,925] {processor.py:623} INFO - DAG(s) dict_keys(['tutorial_etl_dag']) retrieved from /home/airflow/.local/lib/python3.8/site-packages/airflow/example_dags/tutorial_etl_dag.py
[2021-09-16 08:59:48,540] {logging_mixin.py:109} WARNING - /home/airflow/.local/lib/python3.8/site-packages/azure/cosmos/session.py:186 SyntaxWarning: "is not" with a literal. Did you mean "!="?
[2021-09-16 08:59:48,601] {logging_mixin.py:109} WARNING - /home/airflow/.local/lib/python3.8/site-packages/azure/storage/common/_connection.py:82 SyntaxWarning: "is" with a literal. Did you mean "=="?
[2021-09-16 08:59:49,272] {logging_mixin.py:109} INFO - [2021-09-16 08:59:49,272] {dag.py:1833} INFO - Sync 1 DAGs
[2021-09-16 08:59:49,279] {logging_mixin.py:109} INFO - [2021-09-16 08:59:49,279] {dag.py:1852} INFO - Creating ORM DAG for tutorial_etl_dag
[2021-09-16 08:59:49,284] {logging_mixin.py:109} INFO - [2021-09-16 08:59:49,284] {dag.py:2306} INFO - Setting next_dagrun for tutorial_etl_dag to None
[2021-09-16 08:59:49,297] {processor.py:170} INFO - Processing /home/airflow/.local/lib/python3.8/site-packages/airflow/example_dags/tutorial_etl_dag.py took 4.398 seconds
[2021-09-16 09:00:19,636] {processor.py:162} INFO - Started process (PID=320) to work on /home/airflow/.local/lib/python3.8/site-packages/airflow/example_dags/tutorial_etl_dag.py
[2021-09-16 09:00:19,637] {processor.py:613} INFO - Processing file /home/airflow/.local/lib/python3.8/site-packages/airflow/example_dags/tutorial_etl_dag.py for tasks to queue
[2021-09-16 09:00:19,638] {logging_mixin.py:109} INFO - [2021-09-16 09:00:19,638] {dagbag.py:496} INFO - Filling up the DagBag from /home/airflow/.local/lib/python3.8/site-packages/airflow/example_dags/tutorial_etl_dag.py
[2021-09-16 09:00:19,650] {processor.py:623} INFO - DAG(s) dict_keys(['tutorial_etl_dag']) retrieved from /home/airflow/.local/lib/python3.8/site-packages/airflow/example_dags/tutorial_etl_dag.py
[2021-09-16 09:00:19,669] {logging_mixin.py:109} INFO - [2021-09-16 09:00:19,669] {dag.py:1833} INFO - Sync 1 DAGs
[2021-09-16 09:00:19,681] {logging_mixin.py:109} INFO - [2021-09-16 09:00:19,681] {dag.py:2306} INFO - Setting next_dagrun for tutorial_etl_dag to None
[2021-09-16 09:00:19,690] {processor.py:170} INFO - Processing /home/airflow/.local/lib/python3.8/site-packages/airflow/example_dags/tutorial_etl_dag.py took 0.057 seconds
[2021-09-16 09:00:50,341] {processor.py:162} INFO - Started process (PID=375) to work on /home/airflow/.local/lib/python3.8/site-packages/airflow/example_dags/tutorial_etl_dag.py
[2021-09-16 09:00:50,342] {processor.py:613} INFO - Processing file /home/airflow/.local/lib/python3.8/site-packages/airflow/example_dags/tutorial_etl_dag.py for tasks to queue
[2021-09-16 09:00:50,344] {logging_mixin.py:109} INFO - [2021-09-16 09:00:50,343] {dagbag.py:496} INFO - Filling up the DagBag from /home/airflow/.local/lib/python3.8/site-packages/airflow/example_dags/tutorial_etl_dag.py
[2021-09-16 09:00:50,355] {processor.py:623} INFO - DAG(s) dict_keys(['tutorial_etl_dag']) retrieved from /home/airflow/.local/lib/python3.8/site-packages/airflow/example_dags/tutorial_etl_dag.py
[2021-09-16 09:00:50,374] {logging_mixin.py:109} INFO - [2021-09-16 09:00:50,374] {dag.py:1833} INFO - Sync 1 DAGs
[2021-09-16 09:00:50,385] {logging_mixin.py:109} INFO - [2021-09-16 09:00:50,385] {dag.py:2306} INFO - Setting next_dagrun for tutorial_etl_dag to None
[2021-09-16 09:00:50,394] {processor.py:170} INFO - Processing /home/airflow/.local/lib/python3.8/site-packages/airflow/example_dags/tutorial_etl_dag.py took 0.057 seconds
[2021-09-16 09:01:20,476] {processor.py:162} INFO - Started process (PID=432) to work on /home/airflow/.local/lib/python3.8/site-packages/airflow/example_dags/tutorial_etl_dag.py
[2021-09-16 09:01:20,479] {processor.py:613} INFO - Processing file /home/airflow/.local/lib/python3.8/site-packages/airflow/example_dags/tutorial_etl_dag.py for tasks to queue
[2021-09-16 09:01:20,481] {logging_mixin.py:109} INFO - [2021-09-16 09:01:20,481] {dagbag.py:496} INFO - Filling up the DagBag from /home/airflow/.local/lib/python3.8/site-packages/airflow/example_dags/tutorial_etl_dag.py
[2021-09-16 09:01:20,498] {processor.py:623} INFO - DAG(s) dict_keys(['tutorial_etl_dag']) retrieved from /home/airflow/.local/lib/python3.8/site-packages/airflow/example_dags/tutorial_etl_dag.py
[2021-09-16 09:01:20,523] {logging_mixin.py:109} INFO - [2021-09-16 09:01:20,523] {dag.py:1833} INFO - Sync 1 DAGs
[2021-09-16 09:01:20,538] {logging_mixin.py:109} INFO - [2021-09-16 09:01:20,537] {dag.py:2306} INFO - Setting next_dagrun for tutorial_etl_dag to None
[2021-09-16 09:01:20,547] {processor.py:170} INFO - Processing /home/airflow/.local/lib/python3.8/site-packages/airflow/example_dags/tutorial_etl_dag.py took 0.075 seconds
[2021-09-16 09:01:50,854] {processor.py:162} INFO - Started process (PID=480) to work on /home/airflow/.local/lib/python3.8/site-packages/airflow/example_dags/tutorial_etl_dag.py
[2021-09-16 09:01:50,856] {processor.py:613} INFO - Processing file /home/airflow/.local/lib/python3.8/site-packages/airflow/example_dags/tutorial_etl_dag.py for tasks to queue
[2021-09-16 09:01:50,859] {logging_mixin.py:109} INFO - [2021-09-16 09:01:50,858] {dagbag.py:496} INFO - Filling up the DagBag from /home/airflow/.local/lib/python3.8/site-packages/airflow/example_dags/tutorial_etl_dag.py
[2021-09-16 09:01:50,869] {processor.py:623} INFO - DAG(s) dict_keys(['tutorial_etl_dag']) retrieved from /home/airflow/.local/lib/python3.8/site-packages/airflow/example_dags/tutorial_etl_dag.py
[2021-09-16 09:01:50,890] {logging_mixin.py:109} INFO - [2021-09-16 09:01:50,890] {dag.py:1833} INFO - Sync 1 DAGs
[2021-09-16 09:01:50,904] {logging_mixin.py:109} INFO - [2021-09-16 09:01:50,904] {dag.py:2306} INFO - Setting next_dagrun for tutorial_etl_dag to None
[2021-09-16 09:01:50,913] {processor.py:170} INFO - Processing /home/airflow/.local/lib/python3.8/site-packages/airflow/example_dags/tutorial_etl_dag.py took 0.062 seconds
[2021-09-16 09:02:21,178] {processor.py:162} INFO - Started process (PID=535) to work on /home/airflow/.local/lib/python3.8/site-packages/airflow/example_dags/tutorial_etl_dag.py
[2021-09-16 09:02:21,180] {processor.py:613} INFO - Processing file /home/airflow/.local/lib/python3.8/site-packages/airflow/example_dags/tutorial_etl_dag.py for tasks to queue
[2021-09-16 09:02:21,181] {logging_mixin.py:109} INFO - [2021-09-16 09:02:21,181] {dagbag.py:496} INFO - Filling up the DagBag from /home/airflow/.local/lib/python3.8/site-packages/airflow/example_dags/tutorial_etl_dag.py
[2021-09-16 09:02:21,193] {processor.py:623} INFO - DAG(s) dict_keys(['tutorial_etl_dag']) retrieved from /home/airflow/.local/lib/python3.8/site-packages/airflow/example_dags/tutorial_etl_dag.py
[2021-09-16 09:02:21,211] {logging_mixin.py:109} INFO - [2021-09-16 09:02:21,211] {dag.py:1833} INFO - Sync 1 DAGs
[2021-09-16 09:02:21,222] {logging_mixin.py:109} INFO - [2021-09-16 09:02:21,222] {dag.py:2306} INFO - Setting next_dagrun for tutorial_etl_dag to None
[2021-09-16 09:02:21,230] {processor.py:170} INFO - Processing /home/airflow/.local/lib/python3.8/site-packages/airflow/example_dags/tutorial_etl_dag.py took 0.056 seconds
[2021-09-16 09:02:51,565] {processor.py:162} INFO - Started process (PID=591) to work on /home/airflow/.local/lib/python3.8/site-packages/airflow/example_dags/tutorial_etl_dag.py
[2021-09-16 09:02:51,566] {processor.py:613} INFO - Processing file /home/airflow/.local/lib/python3.8/site-packages/airflow/example_dags/tutorial_etl_dag.py for tasks to queue
[2021-09-16 09:02:51,568] {logging_mixin.py:109} INFO - [2021-09-16 09:02:51,567] {dagbag.py:496} INFO - Filling up the DagBag from /home/airflow/.local/lib/python3.8/site-packages/airflow/example_dags/tutorial_etl_dag.py
[2021-09-16 09:02:51,579] {processor.py:623} INFO - DAG(s) dict_keys(['tutorial_etl_dag']) retrieved from /home/airflow/.local/lib/python3.8/site-packages/airflow/example_dags/tutorial_etl_dag.py
[2021-09-16 09:02:51,598] {logging_mixin.py:109} INFO - [2021-09-16 09:02:51,597] {dag.py:1833} INFO - Sync 1 DAGs
[2021-09-16 09:02:51,608] {logging_mixin.py:109} INFO - [2021-09-16 09:02:51,608] {dag.py:2306} INFO - Setting next_dagrun for tutorial_etl_dag to None
[2021-09-16 09:02:51,617] {processor.py:170} INFO - Processing /home/airflow/.local/lib/python3.8/site-packages/airflow/example_dags/tutorial_etl_dag.py took 0.056 seconds
[2021-09-16 09:03:21,992] {processor.py:162} INFO - Started process (PID=639) to work on /home/airflow/.local/lib/python3.8/site-packages/airflow/example_dags/tutorial_etl_dag.py
[2021-09-16 09:03:21,993] {processor.py:613} INFO - Processing file /home/airflow/.local/lib/python3.8/site-packages/airflow/example_dags/tutorial_etl_dag.py for tasks to queue
[2021-09-16 09:03:21,994] {logging_mixin.py:109} INFO - [2021-09-16 09:03:21,994] {dagbag.py:496} INFO - Filling up the DagBag from /home/airflow/.local/lib/python3.8/site-packages/airflow/example_dags/tutorial_etl_dag.py
[2021-09-16 09:03:22,005] {processor.py:623} INFO - DAG(s) dict_keys(['tutorial_etl_dag']) retrieved from /home/airflow/.local/lib/python3.8/site-packages/airflow/example_dags/tutorial_etl_dag.py
[2021-09-16 09:03:22,024] {logging_mixin.py:109} INFO - [2021-09-16 09:03:22,024] {dag.py:1833} INFO - Sync 1 DAGs
[2021-09-16 09:03:22,041] {logging_mixin.py:109} INFO - [2021-09-16 09:03:22,041] {dag.py:2306} INFO - Setting next_dagrun for tutorial_etl_dag to None
[2021-09-16 09:03:22,050] {processor.py:170} INFO - Processing /home/airflow/.local/lib/python3.8/site-packages/airflow/example_dags/tutorial_etl_dag.py took 0.062 seconds
[2021-09-16 09:03:52,151] {processor.py:162} INFO - Started process (PID=694) to work on /home/airflow/.local/lib/python3.8/site-packages/airflow/example_dags/tutorial_etl_dag.py
[2021-09-16 09:03:52,153] {processor.py:613} INFO - Processing file /home/airflow/.local/lib/python3.8/site-packages/airflow/example_dags/tutorial_etl_dag.py for tasks to queue
[2021-09-16 09:03:52,154] {logging_mixin.py:109} INFO - [2021-09-16 09:03:52,154] {dagbag.py:496} INFO - Filling up the DagBag from /home/airflow/.local/lib/python3.8/site-packages/airflow/example_dags/tutorial_etl_dag.py
[2021-09-16 09:03:52,167] {processor.py:623} INFO - DAG(s) dict_keys(['tutorial_etl_dag']) retrieved from /home/airflow/.local/lib/python3.8/site-packages/airflow/example_dags/tutorial_etl_dag.py
[2021-09-16 09:03:52,191] {logging_mixin.py:109} INFO - [2021-09-16 09:03:52,190] {dag.py:1833} INFO - Sync 1 DAGs
[2021-09-16 09:03:52,209] {logging_mixin.py:109} INFO - [2021-09-16 09:03:52,209] {dag.py:2306} INFO - Setting next_dagrun for tutorial_etl_dag to None
[2021-09-16 09:03:52,218] {processor.py:170} INFO - Processing /home/airflow/.local/lib/python3.8/site-packages/airflow/example_dags/tutorial_etl_dag.py took 0.071 seconds
[2021-09-16 09:04:22,490] {processor.py:162} INFO - Started process (PID=751) to work on /home/airflow/.local/lib/python3.8/site-packages/airflow/example_dags/tutorial_etl_dag.py
[2021-09-16 09:04:22,492] {processor.py:613} INFO - Processing file /home/airflow/.local/lib/python3.8/site-packages/airflow/example_dags/tutorial_etl_dag.py for tasks to queue
[2021-09-16 09:04:22,493] {logging_mixin.py:109} INFO - [2021-09-16 09:04:22,493] {dagbag.py:496} INFO - Filling up the DagBag from /home/airflow/.local/lib/python3.8/site-packages/airflow/example_dags/tutorial_etl_dag.py
[2021-09-16 09:04:22,504] {processor.py:623} INFO - DAG(s) dict_keys(['tutorial_etl_dag']) retrieved from /home/airflow/.local/lib/python3.8/site-packages/airflow/example_dags/tutorial_etl_dag.py
[2021-09-16 09:04:22,522] {logging_mixin.py:109} INFO - [2021-09-16 09:04:22,522] {dag.py:1833} INFO - Sync 1 DAGs
[2021-09-16 09:04:22,533] {logging_mixin.py:109} INFO - [2021-09-16 09:04:22,533] {dag.py:2306} INFO - Setting next_dagrun for tutorial_etl_dag to None
[2021-09-16 09:04:22,543] {processor.py:170} INFO - Processing /home/airflow/.local/lib/python3.8/site-packages/airflow/example_dags/tutorial_etl_dag.py took 0.056 seconds
[2021-09-16 09:04:52,657] {processor.py:162} INFO - Started process (PID=800) to work on /home/airflow/.local/lib/python3.8/site-packages/airflow/example_dags/tutorial_etl_dag.py
[2021-09-16 09:04:52,659] {processor.py:613} INFO - Processing file /home/airflow/.local/lib/python3.8/site-packages/airflow/example_dags/tutorial_etl_dag.py for tasks to queue
[2021-09-16 09:04:52,660] {logging_mixin.py:109} INFO - [2021-09-16 09:04:52,660] {dagbag.py:496} INFO - Filling up the DagBag from /home/airflow/.local/lib/python3.8/site-packages/airflow/example_dags/tutorial_etl_dag.py
[2021-09-16 09:04:52,673] {processor.py:623} INFO - DAG(s) dict_keys(['tutorial_etl_dag']) retrieved from /home/airflow/.local/lib/python3.8/site-packages/airflow/example_dags/tutorial_etl_dag.py
[2021-09-16 09:04:52,693] {logging_mixin.py:109} INFO - [2021-09-16 09:04:52,693] {dag.py:1833} INFO - Sync 1 DAGs
[2021-09-16 09:04:52,707] {logging_mixin.py:109} INFO - [2021-09-16 09:04:52,707] {dag.py:2306} INFO - Setting next_dagrun for tutorial_etl_dag to None
[2021-09-16 09:04:52,715] {processor.py:170} INFO - Processing /home/airflow/.local/lib/python3.8/site-packages/airflow/example_dags/tutorial_etl_dag.py took 0.062 seconds
[2021-09-16 09:05:22,811] {processor.py:162} INFO - Started process (PID=856) to work on /home/airflow/.local/lib/python3.8/site-packages/airflow/example_dags/tutorial_etl_dag.py
[2021-09-16 09:05:22,813] {processor.py:613} INFO - Processing file /home/airflow/.local/lib/python3.8/site-packages/airflow/example_dags/tutorial_etl_dag.py for tasks to queue
[2021-09-16 09:05:22,814] {logging_mixin.py:109} INFO - [2021-09-16 09:05:22,814] {dagbag.py:496} INFO - Filling up the DagBag from /home/airflow/.local/lib/python3.8/site-packages/airflow/example_dags/tutorial_etl_dag.py
[2021-09-16 09:05:22,826] {processor.py:623} INFO - DAG(s) dict_keys(['tutorial_etl_dag']) retrieved from /home/airflow/.local/lib/python3.8/site-packages/airflow/example_dags/tutorial_etl_dag.py
[2021-09-16 09:05:22,846] {logging_mixin.py:109} INFO - [2021-09-16 09:05:22,846] {dag.py:1833} INFO - Sync 1 DAGs
[2021-09-16 09:05:22,860] {logging_mixin.py:109} INFO - [2021-09-16 09:05:22,859] {dag.py:2306} INFO - Setting next_dagrun for tutorial_etl_dag to None
[2021-09-16 09:05:22,869] {processor.py:170} INFO - Processing /home/airflow/.local/lib/python3.8/site-packages/airflow/example_dags/tutorial_etl_dag.py took 0.061 seconds
[2021-09-16 09:05:53,265] {processor.py:162} INFO - Started process (PID=911) to work on /home/airflow/.local/lib/python3.8/site-packages/airflow/example_dags/tutorial_etl_dag.py
[2021-09-16 09:05:53,267] {processor.py:613} INFO - Processing file /home/airflow/.local/lib/python3.8/site-packages/airflow/example_dags/tutorial_etl_dag.py for tasks to queue
[2021-09-16 09:05:53,268] {logging_mixin.py:109} INFO - [2021-09-16 09:05:53,268] {dagbag.py:496} INFO - Filling up the DagBag from /home/airflow/.local/lib/python3.8/site-packages/airflow/example_dags/tutorial_etl_dag.py
[2021-09-16 09:05:53,279] {processor.py:623} INFO - DAG(s) dict_keys(['tutorial_etl_dag']) retrieved from /home/airflow/.local/lib/python3.8/site-packages/airflow/example_dags/tutorial_etl_dag.py
[2021-09-16 09:05:53,305] {logging_mixin.py:109} INFO - [2021-09-16 09:05:53,305] {dag.py:1833} INFO - Sync 1 DAGs
[2021-09-16 09:05:53,330] {logging_mixin.py:109} INFO - [2021-09-16 09:05:53,329] {dag.py:2306} INFO - Setting next_dagrun for tutorial_etl_dag to None
[2021-09-16 09:05:53,345] {processor.py:170} INFO - Processing /home/airflow/.local/lib/python3.8/site-packages/airflow/example_dags/tutorial_etl_dag.py took 0.084 seconds
[2021-09-16 09:06:23,516] {processor.py:162} INFO - Started process (PID=967) to work on /home/airflow/.local/lib/python3.8/site-packages/airflow/example_dags/tutorial_etl_dag.py
[2021-09-16 09:06:23,518] {processor.py:613} INFO - Processing file /home/airflow/.local/lib/python3.8/site-packages/airflow/example_dags/tutorial_etl_dag.py for tasks to queue
[2021-09-16 09:06:23,519] {logging_mixin.py:109} INFO - [2021-09-16 09:06:23,519] {dagbag.py:496} INFO - Filling up the DagBag from /home/airflow/.local/lib/python3.8/site-packages/airflow/example_dags/tutorial_etl_dag.py
[2021-09-16 09:06:23,530] {processor.py:623} INFO - DAG(s) dict_keys(['tutorial_etl_dag']) retrieved from /home/airflow/.local/lib/python3.8/site-packages/airflow/example_dags/tutorial_etl_dag.py
[2021-09-16 09:06:23,549] {logging_mixin.py:109} INFO - [2021-09-16 09:06:23,549] {dag.py:1833} INFO - Sync 1 DAGs
[2021-09-16 09:06:23,560] {logging_mixin.py:109} INFO - [2021-09-16 09:06:23,560] {dag.py:2306} INFO - Setting next_dagrun for tutorial_etl_dag to None
[2021-09-16 09:06:23,568] {processor.py:170} INFO - Processing /home/airflow/.local/lib/python3.8/site-packages/airflow/example_dags/tutorial_etl_dag.py took 0.056 seconds
[2021-09-16 09:06:53,683] {processor.py:162} INFO - Started process (PID=1015) to work on /home/airflow/.local/lib/python3.8/site-packages/airflow/example_dags/tutorial_etl_dag.py
[2021-09-16 09:06:53,686] {processor.py:613} INFO - Processing file /home/airflow/.local/lib/python3.8/site-packages/airflow/example_dags/tutorial_etl_dag.py for tasks to queue
[2021-09-16 09:06:53,687] {logging_mixin.py:109} INFO - [2021-09-16 09:06:53,687] {dagbag.py:496} INFO - Filling up the DagBag from /home/airflow/.local/lib/python3.8/site-packages/airflow/example_dags/tutorial_etl_dag.py
[2021-09-16 09:06:53,699] {processor.py:623} INFO - DAG(s) dict_keys(['tutorial_etl_dag']) retrieved from /home/airflow/.local/lib/python3.8/site-packages/airflow/example_dags/tutorial_etl_dag.py
[2021-09-16 09:06:53,717] {logging_mixin.py:109} INFO - [2021-09-16 09:06:53,717] {dag.py:1833} INFO - Sync 1 DAGs
[2021-09-16 09:06:53,728] {logging_mixin.py:109} INFO - [2021-09-16 09:06:53,728] {dag.py:2306} INFO - Setting next_dagrun for tutorial_etl_dag to None
[2021-09-16 09:06:53,736] {processor.py:170} INFO - Processing /home/airflow/.local/lib/python3.8/site-packages/airflow/example_dags/tutorial_etl_dag.py took 0.056 seconds
[2021-09-16 09:07:23,952] {processor.py:162} INFO - Started process (PID=1069) to work on /home/airflow/.local/lib/python3.8/site-packages/airflow/example_dags/tutorial_etl_dag.py
[2021-09-16 09:07:23,954] {processor.py:613} INFO - Processing file /home/airflow/.local/lib/python3.8/site-packages/airflow/example_dags/tutorial_etl_dag.py for tasks to queue
[2021-09-16 09:07:23,955] {logging_mixin.py:109} INFO - [2021-09-16 09:07:23,955] {dagbag.py:496} INFO - Filling up the DagBag from /home/airflow/.local/lib/python3.8/site-packages/airflow/example_dags/tutorial_etl_dag.py
[2021-09-16 09:07:23,965] {processor.py:623} INFO - DAG(s) dict_keys(['tutorial_etl_dag']) retrieved from /home/airflow/.local/lib/python3.8/site-packages/airflow/example_dags/tutorial_etl_dag.py
[2021-09-16 09:07:23,982] {logging_mixin.py:109} INFO - [2021-09-16 09:07:23,982] {dag.py:1833} INFO - Sync 1 DAGs
[2021-09-16 09:07:23,993] {logging_mixin.py:109} INFO - [2021-09-16 09:07:23,993] {dag.py:2306} INFO - Setting next_dagrun for tutorial_etl_dag to None
[2021-09-16 09:07:24,001] {processor.py:170} INFO - Processing /home/airflow/.local/lib/python3.8/site-packages/airflow/example_dags/tutorial_etl_dag.py took 0.052 seconds
[2021-09-16 09:07:54,458] {processor.py:162} INFO - Started process (PID=1124) to work on /home/airflow/.local/lib/python3.8/site-packages/airflow/example_dags/tutorial_etl_dag.py
[2021-09-16 09:07:54,460] {processor.py:613} INFO - Processing file /home/airflow/.local/lib/python3.8/site-packages/airflow/example_dags/tutorial_etl_dag.py for tasks to queue
[2021-09-16 09:07:54,461] {logging_mixin.py:109} INFO - [2021-09-16 09:07:54,461] {dagbag.py:496} INFO - Filling up the DagBag from /home/airflow/.local/lib/python3.8/site-packages/airflow/example_dags/tutorial_etl_dag.py
[2021-09-16 09:07:54,472] {processor.py:623} INFO - DAG(s) dict_keys(['tutorial_etl_dag']) retrieved from /home/airflow/.local/lib/python3.8/site-packages/airflow/example_dags/tutorial_etl_dag.py
[2021-09-16 09:07:54,491] {logging_mixin.py:109} INFO - [2021-09-16 09:07:54,491] {dag.py:1833} INFO - Sync 1 DAGs
[2021-09-16 09:07:54,503] {logging_mixin.py:109} INFO - [2021-09-16 09:07:54,503] {dag.py:2306} INFO - Setting next_dagrun for tutorial_etl_dag to None
[2021-09-16 09:07:54,512] {processor.py:170} INFO - Processing /home/airflow/.local/lib/python3.8/site-packages/airflow/example_dags/tutorial_etl_dag.py took 0.057 seconds
[2021-09-16 09:08:24,832] {processor.py:162} INFO - Started process (PID=1172) to work on /home/airflow/.local/lib/python3.8/site-packages/airflow/example_dags/tutorial_etl_dag.py
[2021-09-16 09:08:24,834] {processor.py:613} INFO - Processing file /home/airflow/.local/lib/python3.8/site-packages/airflow/example_dags/tutorial_etl_dag.py for tasks to queue
[2021-09-16 09:08:24,835] {logging_mixin.py:109} INFO - [2021-09-16 09:08:24,835] {dagbag.py:496} INFO - Filling up the DagBag from /home/airflow/.local/lib/python3.8/site-packages/airflow/example_dags/tutorial_etl_dag.py
[2021-09-16 09:08:24,845] {processor.py:623} INFO - DAG(s) dict_keys(['tutorial_etl_dag']) retrieved from /home/airflow/.local/lib/python3.8/site-packages/airflow/example_dags/tutorial_etl_dag.py
[2021-09-16 09:08:24,866] {logging_mixin.py:109} INFO - [2021-09-16 09:08:24,866] {dag.py:1833} INFO - Sync 1 DAGs
[2021-09-16 09:08:24,879] {logging_mixin.py:109} INFO - [2021-09-16 09:08:24,879] {dag.py:2306} INFO - Setting next_dagrun for tutorial_etl_dag to None
[2021-09-16 09:08:24,889] {processor.py:170} INFO - Processing /home/airflow/.local/lib/python3.8/site-packages/airflow/example_dags/tutorial_etl_dag.py took 0.062 seconds
[2021-09-16 09:08:55,253] {processor.py:162} INFO - Started process (PID=1229) to work on /home/airflow/.local/lib/python3.8/site-packages/airflow/example_dags/tutorial_etl_dag.py
[2021-09-16 09:08:55,255] {processor.py:613} INFO - Processing file /home/airflow/.local/lib/python3.8/site-packages/airflow/example_dags/tutorial_etl_dag.py for tasks to queue
[2021-09-16 09:08:55,256] {logging_mixin.py:109} INFO - [2021-09-16 09:08:55,255] {dagbag.py:496} INFO - Filling up the DagBag from /home/airflow/.local/lib/python3.8/site-packages/airflow/example_dags/tutorial_etl_dag.py
[2021-09-16 09:08:55,267] {processor.py:623} INFO - DAG(s) dict_keys(['tutorial_etl_dag']) retrieved from /home/airflow/.local/lib/python3.8/site-packages/airflow/example_dags/tutorial_etl_dag.py
[2021-09-16 09:08:55,286] {logging_mixin.py:109} INFO - [2021-09-16 09:08:55,286] {dag.py:1833} INFO - Sync 1 DAGs
[2021-09-16 09:08:55,299] {logging_mixin.py:109} INFO - [2021-09-16 09:08:55,298] {dag.py:2306} INFO - Setting next_dagrun for tutorial_etl_dag to None
[2021-09-16 09:08:55,310] {processor.py:170} INFO - Processing /home/airflow/.local/lib/python3.8/site-packages/airflow/example_dags/tutorial_etl_dag.py took 0.060 seconds
[2021-09-16 09:09:25,630] {processor.py:162} INFO - Started process (PID=1284) to work on /home/airflow/.local/lib/python3.8/site-packages/airflow/example_dags/tutorial_etl_dag.py
[2021-09-16 09:09:25,632] {processor.py:613} INFO - Processing file /home/airflow/.local/lib/python3.8/site-packages/airflow/example_dags/tutorial_etl_dag.py for tasks to queue
[2021-09-16 09:09:25,633] {logging_mixin.py:109} INFO - [2021-09-16 09:09:25,633] {dagbag.py:496} INFO - Filling up the DagBag from /home/airflow/.local/lib/python3.8/site-packages/airflow/example_dags/tutorial_etl_dag.py
[2021-09-16 09:09:25,643] {processor.py:623} INFO - DAG(s) dict_keys(['tutorial_etl_dag']) retrieved from /home/airflow/.local/lib/python3.8/site-packages/airflow/example_dags/tutorial_etl_dag.py
[2021-09-16 09:09:25,661] {logging_mixin.py:109} INFO - [2021-09-16 09:09:25,661] {dag.py:1833} INFO - Sync 1 DAGs
[2021-09-16 09:09:25,673] {logging_mixin.py:109} INFO - [2021-09-16 09:09:25,673] {dag.py:2306} INFO - Setting next_dagrun for tutorial_etl_dag to None
[2021-09-16 09:09:25,682] {processor.py:170} INFO - Processing /home/airflow/.local/lib/python3.8/site-packages/airflow/example_dags/tutorial_etl_dag.py took 0.055 seconds
[2021-09-16 09:09:55,998] {processor.py:162} INFO - Started process (PID=1341) to work on /home/airflow/.local/lib/python3.8/site-packages/airflow/example_dags/tutorial_etl_dag.py
[2021-09-16 09:09:55,999] {processor.py:613} INFO - Processing file /home/airflow/.local/lib/python3.8/site-packages/airflow/example_dags/tutorial_etl_dag.py for tasks to queue
[2021-09-16 09:09:56,000] {logging_mixin.py:109} INFO - [2021-09-16 09:09:56,000] {dagbag.py:496} INFO - Filling up the DagBag from /home/airflow/.local/lib/python3.8/site-packages/airflow/example_dags/tutorial_etl_dag.py
[2021-09-16 09:09:56,011] {processor.py:623} INFO - DAG(s) dict_keys(['tutorial_etl_dag']) retrieved from /home/airflow/.local/lib/python3.8/site-packages/airflow/example_dags/tutorial_etl_dag.py
[2021-09-16 09:09:56,029] {logging_mixin.py:109} INFO - [2021-09-16 09:09:56,028] {dag.py:1833} INFO - Sync 1 DAGs
[2021-09-16 09:09:56,041] {logging_mixin.py:109} INFO - [2021-09-16 09:09:56,041] {dag.py:2306} INFO - Setting next_dagrun for tutorial_etl_dag to None
[2021-09-16 09:09:56,053] {processor.py:170} INFO - Processing /home/airflow/.local/lib/python3.8/site-packages/airflow/example_dags/tutorial_etl_dag.py took 0.058 seconds
[2021-09-16 09:10:26,378] {processor.py:162} INFO - Started process (PID=1388) to work on /home/airflow/.local/lib/python3.8/site-packages/airflow/example_dags/tutorial_etl_dag.py
[2021-09-16 09:10:26,380] {processor.py:613} INFO - Processing file /home/airflow/.local/lib/python3.8/site-packages/airflow/example_dags/tutorial_etl_dag.py for tasks to queue
[2021-09-16 09:10:26,381] {logging_mixin.py:109} INFO - [2021-09-16 09:10:26,381] {dagbag.py:496} INFO - Filling up the DagBag from /home/airflow/.local/lib/python3.8/site-packages/airflow/example_dags/tutorial_etl_dag.py
[2021-09-16 09:10:26,394] {processor.py:623} INFO - DAG(s) dict_keys(['tutorial_etl_dag']) retrieved from /home/airflow/.local/lib/python3.8/site-packages/airflow/example_dags/tutorial_etl_dag.py
[2021-09-16 09:10:26,415] {logging_mixin.py:109} INFO - [2021-09-16 09:10:26,415] {dag.py:1833} INFO - Sync 1 DAGs
[2021-09-16 09:10:26,428] {logging_mixin.py:109} INFO - [2021-09-16 09:10:26,428] {dag.py:2306} INFO - Setting next_dagrun for tutorial_etl_dag to None
[2021-09-16 09:10:26,436] {processor.py:170} INFO - Processing /home/airflow/.local/lib/python3.8/site-packages/airflow/example_dags/tutorial_etl_dag.py took 0.062 seconds
[2021-09-16 09:10:57,006] {processor.py:162} INFO - Started process (PID=1443) to work on /home/airflow/.local/lib/python3.8/site-packages/airflow/example_dags/tutorial_etl_dag.py
[2021-09-16 09:10:57,008] {processor.py:613} INFO - Processing file /home/airflow/.local/lib/python3.8/site-packages/airflow/example_dags/tutorial_etl_dag.py for tasks to queue
[2021-09-16 09:10:57,009] {logging_mixin.py:109} INFO - [2021-09-16 09:10:57,009] {dagbag.py:496} INFO - Filling up the DagBag from /home/airflow/.local/lib/python3.8/site-packages/airflow/example_dags/tutorial_etl_dag.py
[2021-09-16 09:10:57,023] {processor.py:623} INFO - DAG(s) dict_keys(['tutorial_etl_dag']) retrieved from /home/airflow/.local/lib/python3.8/site-packages/airflow/example_dags/tutorial_etl_dag.py
[2021-09-16 09:10:57,050] {logging_mixin.py:109} INFO - [2021-09-16 09:10:57,049] {dag.py:1833} INFO - Sync 1 DAGs
[2021-09-16 09:10:57,061] {logging_mixin.py:109} INFO - [2021-09-16 09:10:57,061] {dag.py:2306} INFO - Setting next_dagrun for tutorial_etl_dag to None
[2021-09-16 09:10:57,070] {processor.py:170} INFO - Processing /home/airflow/.local/lib/python3.8/site-packages/airflow/example_dags/tutorial_etl_dag.py took 0.067 seconds
[2021-09-16 09:11:27,521] {processor.py:162} INFO - Started process (PID=1501) to work on /home/airflow/.local/lib/python3.8/site-packages/airflow/example_dags/tutorial_etl_dag.py
[2021-09-16 09:11:27,524] {processor.py:613} INFO - Processing file /home/airflow/.local/lib/python3.8/site-packages/airflow/example_dags/tutorial_etl_dag.py for tasks to queue
[2021-09-16 09:11:27,526] {logging_mixin.py:109} INFO - [2021-09-16 09:11:27,525] {dagbag.py:496} INFO - Filling up the DagBag from /home/airflow/.local/lib/python3.8/site-packages/airflow/example_dags/tutorial_etl_dag.py
[2021-09-16 09:11:27,536] {processor.py:623} INFO - DAG(s) dict_keys(['tutorial_etl_dag']) retrieved from /home/airflow/.local/lib/python3.8/site-packages/airflow/example_dags/tutorial_etl_dag.py
[2021-09-16 09:11:27,559] {logging_mixin.py:109} INFO - [2021-09-16 09:11:27,559] {dag.py:1833} INFO - Sync 1 DAGs
[2021-09-16 09:11:27,571] {logging_mixin.py:109} INFO - [2021-09-16 09:11:27,571] {dag.py:2306} INFO - Setting next_dagrun for tutorial_etl_dag to None
[2021-09-16 09:11:27,579] {processor.py:170} INFO - Processing /home/airflow/.local/lib/python3.8/site-packages/airflow/example_dags/tutorial_etl_dag.py took 0.063 seconds
[2021-09-16 09:11:57,963] {processor.py:162} INFO - Started process (PID=1548) to work on /home/airflow/.local/lib/python3.8/site-packages/airflow/example_dags/tutorial_etl_dag.py
[2021-09-16 09:11:57,965] {processor.py:613} INFO - Processing file /home/airflow/.local/lib/python3.8/site-packages/airflow/example_dags/tutorial_etl_dag.py for tasks to queue
[2021-09-16 09:11:57,966] {logging_mixin.py:109} INFO - [2021-09-16 09:11:57,966] {dagbag.py:496} INFO - Filling up the DagBag from /home/airflow/.local/lib/python3.8/site-packages/airflow/example_dags/tutorial_etl_dag.py
[2021-09-16 09:11:57,976] {processor.py:623} INFO - DAG(s) dict_keys(['tutorial_etl_dag']) retrieved from /home/airflow/.local/lib/python3.8/site-packages/airflow/example_dags/tutorial_etl_dag.py
[2021-09-16 09:11:57,995] {logging_mixin.py:109} INFO - [2021-09-16 09:11:57,995] {dag.py:1833} INFO - Sync 1 DAGs
[2021-09-16 09:11:58,006] {logging_mixin.py:109} INFO - [2021-09-16 09:11:58,006] {dag.py:2306} INFO - Setting next_dagrun for tutorial_etl_dag to None
[2021-09-16 09:11:58,015] {processor.py:170} INFO - Processing /home/airflow/.local/lib/python3.8/site-packages/airflow/example_dags/tutorial_etl_dag.py took 0.055 seconds
[2021-09-16 09:12:28,451] {processor.py:162} INFO - Started process (PID=1603) to work on /home/airflow/.local/lib/python3.8/site-packages/airflow/example_dags/tutorial_etl_dag.py
[2021-09-16 09:12:28,453] {processor.py:613} INFO - Processing file /home/airflow/.local/lib/python3.8/site-packages/airflow/example_dags/tutorial_etl_dag.py for tasks to queue
[2021-09-16 09:12:28,454] {logging_mixin.py:109} INFO - [2021-09-16 09:12:28,454] {dagbag.py:496} INFO - Filling up the DagBag from /home/airflow/.local/lib/python3.8/site-packages/airflow/example_dags/tutorial_etl_dag.py
[2021-09-16 09:12:28,466] {processor.py:623} INFO - DAG(s) dict_keys(['tutorial_etl_dag']) retrieved from /home/airflow/.local/lib/python3.8/site-packages/airflow/example_dags/tutorial_etl_dag.py
[2021-09-16 09:12:28,486] {logging_mixin.py:109} INFO - [2021-09-16 09:12:28,486] {dag.py:1833} INFO - Sync 1 DAGs
[2021-09-16 09:12:28,498] {logging_mixin.py:109} INFO - [2021-09-16 09:12:28,498] {dag.py:2306} INFO - Setting next_dagrun for tutorial_etl_dag to None
[2021-09-16 09:12:28,507] {processor.py:170} INFO - Processing /home/airflow/.local/lib/python3.8/site-packages/airflow/example_dags/tutorial_etl_dag.py took 0.059 seconds
[2021-09-16 09:12:58,907] {processor.py:162} INFO - Started process (PID=1660) to work on /home/airflow/.local/lib/python3.8/site-packages/airflow/example_dags/tutorial_etl_dag.py
[2021-09-16 09:12:58,909] {processor.py:613} INFO - Processing file /home/airflow/.local/lib/python3.8/site-packages/airflow/example_dags/tutorial_etl_dag.py for tasks to queue
[2021-09-16 09:12:58,910] {logging_mixin.py:109} INFO - [2021-09-16 09:12:58,910] {dagbag.py:496} INFO - Filling up the DagBag from /home/airflow/.local/lib/python3.8/site-packages/airflow/example_dags/tutorial_etl_dag.py
[2021-09-16 09:12:58,921] {processor.py:623} INFO - DAG(s) dict_keys(['tutorial_etl_dag']) retrieved from /home/airflow/.local/lib/python3.8/site-packages/airflow/example_dags/tutorial_etl_dag.py
[2021-09-16 09:12:58,941] {logging_mixin.py:109} INFO - [2021-09-16 09:12:58,941] {dag.py:1833} INFO - Sync 1 DAGs
[2021-09-16 09:12:58,953] {logging_mixin.py:109} INFO - [2021-09-16 09:12:58,953] {dag.py:2306} INFO - Setting next_dagrun for tutorial_etl_dag to None
[2021-09-16 09:12:58,963] {processor.py:170} INFO - Processing /home/airflow/.local/lib/python3.8/site-packages/airflow/example_dags/tutorial_etl_dag.py took 0.060 seconds
[2021-09-16 09:13:29,400] {processor.py:162} INFO - Started process (PID=1715) to work on /home/airflow/.local/lib/python3.8/site-packages/airflow/example_dags/tutorial_etl_dag.py
[2021-09-16 09:13:29,401] {processor.py:613} INFO - Processing file /home/airflow/.local/lib/python3.8/site-packages/airflow/example_dags/tutorial_etl_dag.py for tasks to queue
[2021-09-16 09:13:29,402] {logging_mixin.py:109} INFO - [2021-09-16 09:13:29,402] {dagbag.py:496} INFO - Filling up the DagBag from /home/airflow/.local/lib/python3.8/site-packages/airflow/example_dags/tutorial_etl_dag.py
[2021-09-16 09:13:29,413] {processor.py:623} INFO - DAG(s) dict_keys(['tutorial_etl_dag']) retrieved from /home/airflow/.local/lib/python3.8/site-packages/airflow/example_dags/tutorial_etl_dag.py
[2021-09-16 09:13:29,431] {logging_mixin.py:109} INFO - [2021-09-16 09:13:29,431] {dag.py:1833} INFO - Sync 1 DAGs
[2021-09-16 09:13:29,443] {logging_mixin.py:109} INFO - [2021-09-16 09:13:29,443] {dag.py:2306} INFO - Setting next_dagrun for tutorial_etl_dag to None
[2021-09-16 09:13:29,452] {processor.py:170} INFO - Processing /home/airflow/.local/lib/python3.8/site-packages/airflow/example_dags/tutorial_etl_dag.py took 0.055 seconds
[2021-09-16 09:13:59,664] {processor.py:162} INFO - Started process (PID=1763) to work on /home/airflow/.local/lib/python3.8/site-packages/airflow/example_dags/tutorial_etl_dag.py
[2021-09-16 09:13:59,666] {processor.py:613} INFO - Processing file /home/airflow/.local/lib/python3.8/site-packages/airflow/example_dags/tutorial_etl_dag.py for tasks to queue
[2021-09-16 09:13:59,667] {logging_mixin.py:109} INFO - [2021-09-16 09:13:59,667] {dagbag.py:496} INFO - Filling up the DagBag from /home/airflow/.local/lib/python3.8/site-packages/airflow/example_dags/tutorial_etl_dag.py
[2021-09-16 09:13:59,678] {processor.py:623} INFO - DAG(s) dict_keys(['tutorial_etl_dag']) retrieved from /home/airflow/.local/lib/python3.8/site-packages/airflow/example_dags/tutorial_etl_dag.py
[2021-09-16 09:13:59,696] {logging_mixin.py:109} INFO - [2021-09-16 09:13:59,696] {dag.py:1833} INFO - Sync 1 DAGs
[2021-09-16 09:13:59,708] {logging_mixin.py:109} INFO - [2021-09-16 09:13:59,708] {dag.py:2306} INFO - Setting next_dagrun for tutorial_etl_dag to None
[2021-09-16 09:13:59,717] {processor.py:170} INFO - Processing /home/airflow/.local/lib/python3.8/site-packages/airflow/example_dags/tutorial_etl_dag.py took 0.056 seconds
[2021-09-16 09:14:29,832] {processor.py:162} INFO - Started process (PID=1818) to work on /home/airflow/.local/lib/python3.8/site-packages/airflow/example_dags/tutorial_etl_dag.py
[2021-09-16 09:14:29,834] {processor.py:613} INFO - Processing file /home/airflow/.local/lib/python3.8/site-packages/airflow/example_dags/tutorial_etl_dag.py for tasks to queue
[2021-09-16 09:14:29,835] {logging_mixin.py:109} INFO - [2021-09-16 09:14:29,835] {dagbag.py:496} INFO - Filling up the DagBag from /home/airflow/.local/lib/python3.8/site-packages/airflow/example_dags/tutorial_etl_dag.py
[2021-09-16 09:14:29,847] {processor.py:623} INFO - DAG(s) dict_keys(['tutorial_etl_dag']) retrieved from /home/airflow/.local/lib/python3.8/site-packages/airflow/example_dags/tutorial_etl_dag.py
[2021-09-16 09:14:29,865] {logging_mixin.py:109} INFO - [2021-09-16 09:14:29,865] {dag.py:1833} INFO - Sync 1 DAGs
[2021-09-16 09:14:29,877] {logging_mixin.py:109} INFO - [2021-09-16 09:14:29,877] {dag.py:2306} INFO - Setting next_dagrun for tutorial_etl_dag to None
[2021-09-16 09:14:29,886] {processor.py:170} INFO - Processing /home/airflow/.local/lib/python3.8/site-packages/airflow/example_dags/tutorial_etl_dag.py took 0.058 seconds
[2021-09-16 09:15:00,080] {processor.py:162} INFO - Started process (PID=1873) to work on /home/airflow/.local/lib/python3.8/site-packages/airflow/example_dags/tutorial_etl_dag.py
[2021-09-16 09:15:00,081] {processor.py:613} INFO - Processing file /home/airflow/.local/lib/python3.8/site-packages/airflow/example_dags/tutorial_etl_dag.py for tasks to queue
[2021-09-16 09:15:00,082] {logging_mixin.py:109} INFO - [2021-09-16 09:15:00,082] {dagbag.py:496} INFO - Filling up the DagBag from /home/airflow/.local/lib/python3.8/site-packages/airflow/example_dags/tutorial_etl_dag.py
[2021-09-16 09:15:00,095] {processor.py:623} INFO - DAG(s) dict_keys(['tutorial_etl_dag']) retrieved from /home/airflow/.local/lib/python3.8/site-packages/airflow/example_dags/tutorial_etl_dag.py
[2021-09-16 09:15:00,116] {logging_mixin.py:109} INFO - [2021-09-16 09:15:00,116] {dag.py:1833} INFO - Sync 1 DAGs
[2021-09-16 09:15:00,129] {logging_mixin.py:109} INFO - [2021-09-16 09:15:00,129] {dag.py:2306} INFO - Setting next_dagrun for tutorial_etl_dag to None
[2021-09-16 09:15:00,138] {processor.py:170} INFO - Processing /home/airflow/.local/lib/python3.8/site-packages/airflow/example_dags/tutorial_etl_dag.py took 0.062 seconds
[2021-09-16 09:15:30,449] {processor.py:162} INFO - Started process (PID=1922) to work on /home/airflow/.local/lib/python3.8/site-packages/airflow/example_dags/tutorial_etl_dag.py
[2021-09-16 09:15:30,451] {processor.py:613} INFO - Processing file /home/airflow/.local/lib/python3.8/site-packages/airflow/example_dags/tutorial_etl_dag.py for tasks to queue
[2021-09-16 09:15:30,452] {logging_mixin.py:109} INFO - [2021-09-16 09:15:30,452] {dagbag.py:496} INFO - Filling up the DagBag from /home/airflow/.local/lib/python3.8/site-packages/airflow/example_dags/tutorial_etl_dag.py
[2021-09-16 09:15:30,464] {processor.py:623} INFO - DAG(s) dict_keys(['tutorial_etl_dag']) retrieved from /home/airflow/.local/lib/python3.8/site-packages/airflow/example_dags/tutorial_etl_dag.py
[2021-09-16 09:15:30,483] {logging_mixin.py:109} INFO - [2021-09-16 09:15:30,483] {dag.py:1833} INFO - Sync 1 DAGs
[2021-09-16 09:15:30,495] {logging_mixin.py:109} INFO - [2021-09-16 09:15:30,495] {dag.py:2306} INFO - Setting next_dagrun for tutorial_etl_dag to None
[2021-09-16 09:15:30,504] {processor.py:170} INFO - Processing /home/airflow/.local/lib/python3.8/site-packages/airflow/example_dags/tutorial_etl_dag.py took 0.059 seconds
[2021-09-16 09:16:00,847] {processor.py:162} INFO - Started process (PID=1977) to work on /home/airflow/.local/lib/python3.8/site-packages/airflow/example_dags/tutorial_etl_dag.py
[2021-09-16 09:16:00,848] {processor.py:613} INFO - Processing file /home/airflow/.local/lib/python3.8/site-packages/airflow/example_dags/tutorial_etl_dag.py for tasks to queue
[2021-09-16 09:16:00,849] {logging_mixin.py:109} INFO - [2021-09-16 09:16:00,849] {dagbag.py:496} INFO - Filling up the DagBag from /home/airflow/.local/lib/python3.8/site-packages/airflow/example_dags/tutorial_etl_dag.py
[2021-09-16 09:16:00,859] {processor.py:623} INFO - DAG(s) dict_keys(['tutorial_etl_dag']) retrieved from /home/airflow/.local/lib/python3.8/site-packages/airflow/example_dags/tutorial_etl_dag.py
[2021-09-16 09:16:00,877] {logging_mixin.py:109} INFO - [2021-09-16 09:16:00,877] {dag.py:1833} INFO - Sync 1 DAGs
[2021-09-16 09:16:00,889] {logging_mixin.py:109} INFO - [2021-09-16 09:16:00,889] {dag.py:2306} INFO - Setting next_dagrun for tutorial_etl_dag to None
[2021-09-16 09:16:00,897] {processor.py:170} INFO - Processing /home/airflow/.local/lib/python3.8/site-packages/airflow/example_dags/tutorial_etl_dag.py took 0.055 seconds
