[2021-09-16 08:37:49,625] {processor.py:162} INFO - Started process (PID=156) to work on /home/airflow/.local/lib/python3.8/site-packages/airflow/example_dags/tutorial.py
[2021-09-16 08:37:49,627] {processor.py:613} INFO - Processing file /home/airflow/.local/lib/python3.8/site-packages/airflow/example_dags/tutorial.py for tasks to queue
[2021-09-16 08:37:49,628] {logging_mixin.py:109} INFO - [2021-09-16 08:37:49,628] {dagbag.py:496} INFO - Filling up the DagBag from /home/airflow/.local/lib/python3.8/site-packages/airflow/example_dags/tutorial.py
[2021-09-16 08:37:49,647] {processor.py:623} INFO - DAG(s) dict_keys(['tutorial']) retrieved from /home/airflow/.local/lib/python3.8/site-packages/airflow/example_dags/tutorial.py
[2021-09-16 08:37:51,246] {logging_mixin.py:109} INFO - [2021-09-16 08:37:51,246] {dag.py:1833} INFO - Sync 1 DAGs
[2021-09-16 08:37:51,252] {logging_mixin.py:109} INFO - [2021-09-16 08:37:51,252] {dag.py:1852} INFO - Creating ORM DAG for tutorial
[2021-09-16 08:37:51,256] {logging_mixin.py:109} INFO - [2021-09-16 08:37:51,256] {dag.py:2306} INFO - Setting next_dagrun for tutorial to 2021-09-14 00:00:00+00:00
[2021-09-16 08:37:51,265] {processor.py:170} INFO - Processing /home/airflow/.local/lib/python3.8/site-packages/airflow/example_dags/tutorial.py took 1.645 seconds
[2021-09-16 08:38:22,243] {processor.py:162} INFO - Started process (PID=342) to work on /home/airflow/.local/lib/python3.8/site-packages/airflow/example_dags/tutorial.py
[2021-09-16 08:38:22,245] {processor.py:613} INFO - Processing file /home/airflow/.local/lib/python3.8/site-packages/airflow/example_dags/tutorial.py for tasks to queue
[2021-09-16 08:38:22,246] {logging_mixin.py:109} INFO - [2021-09-16 08:38:22,246] {dagbag.py:496} INFO - Filling up the DagBag from /home/airflow/.local/lib/python3.8/site-packages/airflow/example_dags/tutorial.py
[2021-09-16 08:38:22,260] {processor.py:623} INFO - DAG(s) dict_keys(['tutorial']) retrieved from /home/airflow/.local/lib/python3.8/site-packages/airflow/example_dags/tutorial.py
[2021-09-16 08:38:22,287] {logging_mixin.py:109} INFO - [2021-09-16 08:38:22,287] {dag.py:1833} INFO - Sync 1 DAGs
[2021-09-16 08:38:22,300] {logging_mixin.py:109} INFO - [2021-09-16 08:38:22,299] {dag.py:2306} INFO - Setting next_dagrun for tutorial to 2021-09-14 00:00:00+00:00
[2021-09-16 08:38:22,309] {processor.py:170} INFO - Processing /home/airflow/.local/lib/python3.8/site-packages/airflow/example_dags/tutorial.py took 0.073 seconds
[2021-09-16 08:38:52,585] {processor.py:162} INFO - Started process (PID=398) to work on /home/airflow/.local/lib/python3.8/site-packages/airflow/example_dags/tutorial.py
[2021-09-16 08:38:52,586] {processor.py:613} INFO - Processing file /home/airflow/.local/lib/python3.8/site-packages/airflow/example_dags/tutorial.py for tasks to queue
[2021-09-16 08:38:52,588] {logging_mixin.py:109} INFO - [2021-09-16 08:38:52,587] {dagbag.py:496} INFO - Filling up the DagBag from /home/airflow/.local/lib/python3.8/site-packages/airflow/example_dags/tutorial.py
[2021-09-16 08:38:52,601] {processor.py:623} INFO - DAG(s) dict_keys(['tutorial']) retrieved from /home/airflow/.local/lib/python3.8/site-packages/airflow/example_dags/tutorial.py
[2021-09-16 08:38:52,624] {logging_mixin.py:109} INFO - [2021-09-16 08:38:52,624] {dag.py:1833} INFO - Sync 1 DAGs
[2021-09-16 08:38:52,639] {logging_mixin.py:109} INFO - [2021-09-16 08:38:52,639] {dag.py:2306} INFO - Setting next_dagrun for tutorial to 2021-09-14 00:00:00+00:00
[2021-09-16 08:38:52,649] {processor.py:170} INFO - Processing /home/airflow/.local/lib/python3.8/site-packages/airflow/example_dags/tutorial.py took 0.069 seconds
[2021-09-16 08:39:22,686] {processor.py:162} INFO - Started process (PID=454) to work on /home/airflow/.local/lib/python3.8/site-packages/airflow/example_dags/tutorial.py
[2021-09-16 08:39:22,687] {processor.py:613} INFO - Processing file /home/airflow/.local/lib/python3.8/site-packages/airflow/example_dags/tutorial.py for tasks to queue
[2021-09-16 08:39:22,688] {logging_mixin.py:109} INFO - [2021-09-16 08:39:22,688] {dagbag.py:496} INFO - Filling up the DagBag from /home/airflow/.local/lib/python3.8/site-packages/airflow/example_dags/tutorial.py
[2021-09-16 08:39:22,700] {processor.py:623} INFO - DAG(s) dict_keys(['tutorial']) retrieved from /home/airflow/.local/lib/python3.8/site-packages/airflow/example_dags/tutorial.py
[2021-09-16 08:39:22,721] {logging_mixin.py:109} INFO - [2021-09-16 08:39:22,721] {dag.py:1833} INFO - Sync 1 DAGs
[2021-09-16 08:39:22,734] {logging_mixin.py:109} INFO - [2021-09-16 08:39:22,734] {dag.py:2306} INFO - Setting next_dagrun for tutorial to 2021-09-14 00:00:00+00:00
[2021-09-16 08:39:22,745] {processor.py:170} INFO - Processing /home/airflow/.local/lib/python3.8/site-packages/airflow/example_dags/tutorial.py took 0.062 seconds
[2021-09-16 08:39:52,917] {processor.py:162} INFO - Started process (PID=504) to work on /home/airflow/.local/lib/python3.8/site-packages/airflow/example_dags/tutorial.py
[2021-09-16 08:39:52,919] {processor.py:613} INFO - Processing file /home/airflow/.local/lib/python3.8/site-packages/airflow/example_dags/tutorial.py for tasks to queue
[2021-09-16 08:39:52,920] {logging_mixin.py:109} INFO - [2021-09-16 08:39:52,920] {dagbag.py:496} INFO - Filling up the DagBag from /home/airflow/.local/lib/python3.8/site-packages/airflow/example_dags/tutorial.py
[2021-09-16 08:39:52,933] {processor.py:623} INFO - DAG(s) dict_keys(['tutorial']) retrieved from /home/airflow/.local/lib/python3.8/site-packages/airflow/example_dags/tutorial.py
[2021-09-16 08:39:52,958] {logging_mixin.py:109} INFO - [2021-09-16 08:39:52,958] {dag.py:1833} INFO - Sync 1 DAGs
[2021-09-16 08:39:52,976] {logging_mixin.py:109} INFO - [2021-09-16 08:39:52,976] {dag.py:2306} INFO - Setting next_dagrun for tutorial to 2021-09-14 00:00:00+00:00
[2021-09-16 08:39:52,986] {processor.py:170} INFO - Processing /home/airflow/.local/lib/python3.8/site-packages/airflow/example_dags/tutorial.py took 0.072 seconds
[2021-09-16 08:59:57,777] {processor.py:162} INFO - Started process (PID=141) to work on /home/airflow/.local/lib/python3.8/site-packages/airflow/example_dags/tutorial.py
[2021-09-16 08:59:57,779] {processor.py:613} INFO - Processing file /home/airflow/.local/lib/python3.8/site-packages/airflow/example_dags/tutorial.py for tasks to queue
[2021-09-16 08:59:57,780] {logging_mixin.py:109} INFO - [2021-09-16 08:59:57,780] {dagbag.py:496} INFO - Filling up the DagBag from /home/airflow/.local/lib/python3.8/site-packages/airflow/example_dags/tutorial.py
[2021-09-16 08:59:57,797] {processor.py:623} INFO - DAG(s) dict_keys(['tutorial']) retrieved from /home/airflow/.local/lib/python3.8/site-packages/airflow/example_dags/tutorial.py
[2021-09-16 08:59:59,466] {logging_mixin.py:109} INFO - [2021-09-16 08:59:59,466] {dag.py:1833} INFO - Sync 1 DAGs
[2021-09-16 08:59:59,472] {logging_mixin.py:109} INFO - [2021-09-16 08:59:59,472] {dag.py:1852} INFO - Creating ORM DAG for tutorial
[2021-09-16 08:59:59,476] {logging_mixin.py:109} INFO - [2021-09-16 08:59:59,476] {dag.py:2306} INFO - Setting next_dagrun for tutorial to 2021-09-14 00:00:00+00:00
[2021-09-16 08:59:59,486] {processor.py:170} INFO - Processing /home/airflow/.local/lib/python3.8/site-packages/airflow/example_dags/tutorial.py took 1.734 seconds
[2021-09-16 09:00:30,118] {processor.py:162} INFO - Started process (PID=341) to work on /home/airflow/.local/lib/python3.8/site-packages/airflow/example_dags/tutorial.py
[2021-09-16 09:00:30,119] {processor.py:613} INFO - Processing file /home/airflow/.local/lib/python3.8/site-packages/airflow/example_dags/tutorial.py for tasks to queue
[2021-09-16 09:00:30,121] {logging_mixin.py:109} INFO - [2021-09-16 09:00:30,120] {dagbag.py:496} INFO - Filling up the DagBag from /home/airflow/.local/lib/python3.8/site-packages/airflow/example_dags/tutorial.py
[2021-09-16 09:00:30,131] {processor.py:623} INFO - DAG(s) dict_keys(['tutorial']) retrieved from /home/airflow/.local/lib/python3.8/site-packages/airflow/example_dags/tutorial.py
[2021-09-16 09:00:30,152] {logging_mixin.py:109} INFO - [2021-09-16 09:00:30,152] {dag.py:1833} INFO - Sync 1 DAGs
[2021-09-16 09:00:30,164] {logging_mixin.py:109} INFO - [2021-09-16 09:00:30,164] {dag.py:2306} INFO - Setting next_dagrun for tutorial to 2021-09-14 00:00:00+00:00
[2021-09-16 09:00:30,174] {processor.py:170} INFO - Processing /home/airflow/.local/lib/python3.8/site-packages/airflow/example_dags/tutorial.py took 0.059 seconds
[2021-09-16 09:01:00,782] {processor.py:162} INFO - Started process (PID=397) to work on /home/airflow/.local/lib/python3.8/site-packages/airflow/example_dags/tutorial.py
[2021-09-16 09:01:00,783] {processor.py:613} INFO - Processing file /home/airflow/.local/lib/python3.8/site-packages/airflow/example_dags/tutorial.py for tasks to queue
[2021-09-16 09:01:00,785] {logging_mixin.py:109} INFO - [2021-09-16 09:01:00,785] {dagbag.py:496} INFO - Filling up the DagBag from /home/airflow/.local/lib/python3.8/site-packages/airflow/example_dags/tutorial.py
[2021-09-16 09:01:00,796] {processor.py:623} INFO - DAG(s) dict_keys(['tutorial']) retrieved from /home/airflow/.local/lib/python3.8/site-packages/airflow/example_dags/tutorial.py
[2021-09-16 09:01:00,816] {logging_mixin.py:109} INFO - [2021-09-16 09:01:00,816] {dag.py:1833} INFO - Sync 1 DAGs
[2021-09-16 09:01:00,829] {logging_mixin.py:109} INFO - [2021-09-16 09:01:00,829] {dag.py:2306} INFO - Setting next_dagrun for tutorial to 2021-09-14 00:00:00+00:00
[2021-09-16 09:01:00,839] {processor.py:170} INFO - Processing /home/airflow/.local/lib/python3.8/site-packages/airflow/example_dags/tutorial.py took 0.060 seconds
[2021-09-16 09:01:30,968] {processor.py:162} INFO - Started process (PID=453) to work on /home/airflow/.local/lib/python3.8/site-packages/airflow/example_dags/tutorial.py
[2021-09-16 09:01:30,970] {processor.py:613} INFO - Processing file /home/airflow/.local/lib/python3.8/site-packages/airflow/example_dags/tutorial.py for tasks to queue
[2021-09-16 09:01:30,971] {logging_mixin.py:109} INFO - [2021-09-16 09:01:30,971] {dagbag.py:496} INFO - Filling up the DagBag from /home/airflow/.local/lib/python3.8/site-packages/airflow/example_dags/tutorial.py
[2021-09-16 09:01:30,981] {processor.py:623} INFO - DAG(s) dict_keys(['tutorial']) retrieved from /home/airflow/.local/lib/python3.8/site-packages/airflow/example_dags/tutorial.py
[2021-09-16 09:01:31,001] {logging_mixin.py:109} INFO - [2021-09-16 09:01:31,000] {dag.py:1833} INFO - Sync 1 DAGs
[2021-09-16 09:01:31,013] {logging_mixin.py:109} INFO - [2021-09-16 09:01:31,013] {dag.py:2306} INFO - Setting next_dagrun for tutorial to 2021-09-14 00:00:00+00:00
[2021-09-16 09:01:31,021] {processor.py:170} INFO - Processing /home/airflow/.local/lib/python3.8/site-packages/airflow/example_dags/tutorial.py took 0.056 seconds
[2021-09-16 09:02:01,294] {processor.py:162} INFO - Started process (PID=501) to work on /home/airflow/.local/lib/python3.8/site-packages/airflow/example_dags/tutorial.py
[2021-09-16 09:02:01,296] {processor.py:613} INFO - Processing file /home/airflow/.local/lib/python3.8/site-packages/airflow/example_dags/tutorial.py for tasks to queue
[2021-09-16 09:02:01,297] {logging_mixin.py:109} INFO - [2021-09-16 09:02:01,297] {dagbag.py:496} INFO - Filling up the DagBag from /home/airflow/.local/lib/python3.8/site-packages/airflow/example_dags/tutorial.py
[2021-09-16 09:02:01,310] {processor.py:623} INFO - DAG(s) dict_keys(['tutorial']) retrieved from /home/airflow/.local/lib/python3.8/site-packages/airflow/example_dags/tutorial.py
[2021-09-16 09:02:01,328] {logging_mixin.py:109} INFO - [2021-09-16 09:02:01,328] {dag.py:1833} INFO - Sync 1 DAGs
[2021-09-16 09:02:01,339] {logging_mixin.py:109} INFO - [2021-09-16 09:02:01,339] {dag.py:2306} INFO - Setting next_dagrun for tutorial to 2021-09-14 00:00:00+00:00
[2021-09-16 09:02:01,349] {processor.py:170} INFO - Processing /home/airflow/.local/lib/python3.8/site-packages/airflow/example_dags/tutorial.py took 0.058 seconds
[2021-09-16 09:02:31,697] {processor.py:162} INFO - Started process (PID=557) to work on /home/airflow/.local/lib/python3.8/site-packages/airflow/example_dags/tutorial.py
[2021-09-16 09:02:31,698] {processor.py:613} INFO - Processing file /home/airflow/.local/lib/python3.8/site-packages/airflow/example_dags/tutorial.py for tasks to queue
[2021-09-16 09:02:31,699] {logging_mixin.py:109} INFO - [2021-09-16 09:02:31,699] {dagbag.py:496} INFO - Filling up the DagBag from /home/airflow/.local/lib/python3.8/site-packages/airflow/example_dags/tutorial.py
[2021-09-16 09:02:31,709] {processor.py:623} INFO - DAG(s) dict_keys(['tutorial']) retrieved from /home/airflow/.local/lib/python3.8/site-packages/airflow/example_dags/tutorial.py
[2021-09-16 09:02:31,728] {logging_mixin.py:109} INFO - [2021-09-16 09:02:31,728] {dag.py:1833} INFO - Sync 1 DAGs
[2021-09-16 09:02:31,741] {logging_mixin.py:109} INFO - [2021-09-16 09:02:31,741] {dag.py:2306} INFO - Setting next_dagrun for tutorial to 2021-09-14 00:00:00+00:00
[2021-09-16 09:02:31,750] {processor.py:170} INFO - Processing /home/airflow/.local/lib/python3.8/site-packages/airflow/example_dags/tutorial.py took 0.056 seconds
[2021-09-16 09:03:01,985] {processor.py:162} INFO - Started process (PID=612) to work on /home/airflow/.local/lib/python3.8/site-packages/airflow/example_dags/tutorial.py
[2021-09-16 09:03:01,987] {processor.py:613} INFO - Processing file /home/airflow/.local/lib/python3.8/site-packages/airflow/example_dags/tutorial.py for tasks to queue
[2021-09-16 09:03:01,988] {logging_mixin.py:109} INFO - [2021-09-16 09:03:01,988] {dagbag.py:496} INFO - Filling up the DagBag from /home/airflow/.local/lib/python3.8/site-packages/airflow/example_dags/tutorial.py
[2021-09-16 09:03:01,999] {processor.py:623} INFO - DAG(s) dict_keys(['tutorial']) retrieved from /home/airflow/.local/lib/python3.8/site-packages/airflow/example_dags/tutorial.py
[2021-09-16 09:03:02,017] {logging_mixin.py:109} INFO - [2021-09-16 09:03:02,017] {dag.py:1833} INFO - Sync 1 DAGs
[2021-09-16 09:03:02,029] {logging_mixin.py:109} INFO - [2021-09-16 09:03:02,029] {dag.py:2306} INFO - Setting next_dagrun for tutorial to 2021-09-14 00:00:00+00:00
[2021-09-16 09:03:02,038] {processor.py:170} INFO - Processing /home/airflow/.local/lib/python3.8/site-packages/airflow/example_dags/tutorial.py took 0.056 seconds
[2021-09-16 09:03:32,332] {processor.py:162} INFO - Started process (PID=660) to work on /home/airflow/.local/lib/python3.8/site-packages/airflow/example_dags/tutorial.py
[2021-09-16 09:03:32,334] {processor.py:613} INFO - Processing file /home/airflow/.local/lib/python3.8/site-packages/airflow/example_dags/tutorial.py for tasks to queue
[2021-09-16 09:03:32,335] {logging_mixin.py:109} INFO - [2021-09-16 09:03:32,335] {dagbag.py:496} INFO - Filling up the DagBag from /home/airflow/.local/lib/python3.8/site-packages/airflow/example_dags/tutorial.py
[2021-09-16 09:03:32,347] {processor.py:623} INFO - DAG(s) dict_keys(['tutorial']) retrieved from /home/airflow/.local/lib/python3.8/site-packages/airflow/example_dags/tutorial.py
[2021-09-16 09:03:32,365] {logging_mixin.py:109} INFO - [2021-09-16 09:03:32,365] {dag.py:1833} INFO - Sync 1 DAGs
[2021-09-16 09:03:32,376] {logging_mixin.py:109} INFO - [2021-09-16 09:03:32,376] {dag.py:2306} INFO - Setting next_dagrun for tutorial to 2021-09-14 00:00:00+00:00
[2021-09-16 09:03:32,385] {processor.py:170} INFO - Processing /home/airflow/.local/lib/python3.8/site-packages/airflow/example_dags/tutorial.py took 0.057 seconds
[2021-09-16 09:04:02,649] {processor.py:162} INFO - Started process (PID=715) to work on /home/airflow/.local/lib/python3.8/site-packages/airflow/example_dags/tutorial.py
[2021-09-16 09:04:02,651] {processor.py:613} INFO - Processing file /home/airflow/.local/lib/python3.8/site-packages/airflow/example_dags/tutorial.py for tasks to queue
[2021-09-16 09:04:02,652] {logging_mixin.py:109} INFO - [2021-09-16 09:04:02,652] {dagbag.py:496} INFO - Filling up the DagBag from /home/airflow/.local/lib/python3.8/site-packages/airflow/example_dags/tutorial.py
[2021-09-16 09:04:02,662] {processor.py:623} INFO - DAG(s) dict_keys(['tutorial']) retrieved from /home/airflow/.local/lib/python3.8/site-packages/airflow/example_dags/tutorial.py
[2021-09-16 09:04:02,681] {logging_mixin.py:109} INFO - [2021-09-16 09:04:02,681] {dag.py:1833} INFO - Sync 1 DAGs
[2021-09-16 09:04:02,692] {logging_mixin.py:109} INFO - [2021-09-16 09:04:02,692] {dag.py:2306} INFO - Setting next_dagrun for tutorial to 2021-09-14 00:00:00+00:00
[2021-09-16 09:04:02,701] {processor.py:170} INFO - Processing /home/airflow/.local/lib/python3.8/site-packages/airflow/example_dags/tutorial.py took 0.056 seconds
[2021-09-16 09:04:32,800] {processor.py:162} INFO - Started process (PID=773) to work on /home/airflow/.local/lib/python3.8/site-packages/airflow/example_dags/tutorial.py
[2021-09-16 09:04:32,802] {processor.py:613} INFO - Processing file /home/airflow/.local/lib/python3.8/site-packages/airflow/example_dags/tutorial.py for tasks to queue
[2021-09-16 09:04:32,803] {logging_mixin.py:109} INFO - [2021-09-16 09:04:32,803] {dagbag.py:496} INFO - Filling up the DagBag from /home/airflow/.local/lib/python3.8/site-packages/airflow/example_dags/tutorial.py
[2021-09-16 09:04:32,817] {processor.py:623} INFO - DAG(s) dict_keys(['tutorial']) retrieved from /home/airflow/.local/lib/python3.8/site-packages/airflow/example_dags/tutorial.py
[2021-09-16 09:04:32,845] {logging_mixin.py:109} INFO - [2021-09-16 09:04:32,845] {dag.py:1833} INFO - Sync 1 DAGs
[2021-09-16 09:04:32,858] {logging_mixin.py:109} INFO - [2021-09-16 09:04:32,857] {dag.py:2306} INFO - Setting next_dagrun for tutorial to 2021-09-14 00:00:00+00:00
[2021-09-16 09:04:32,868] {processor.py:170} INFO - Processing /home/airflow/.local/lib/python3.8/site-packages/airflow/example_dags/tutorial.py took 0.072 seconds
[2021-09-16 09:05:03,103] {processor.py:162} INFO - Started process (PID=821) to work on /home/airflow/.local/lib/python3.8/site-packages/airflow/example_dags/tutorial.py
[2021-09-16 09:05:03,105] {processor.py:613} INFO - Processing file /home/airflow/.local/lib/python3.8/site-packages/airflow/example_dags/tutorial.py for tasks to queue
[2021-09-16 09:05:03,106] {logging_mixin.py:109} INFO - [2021-09-16 09:05:03,106] {dagbag.py:496} INFO - Filling up the DagBag from /home/airflow/.local/lib/python3.8/site-packages/airflow/example_dags/tutorial.py
[2021-09-16 09:05:03,116] {processor.py:623} INFO - DAG(s) dict_keys(['tutorial']) retrieved from /home/airflow/.local/lib/python3.8/site-packages/airflow/example_dags/tutorial.py
[2021-09-16 09:05:03,135] {logging_mixin.py:109} INFO - [2021-09-16 09:05:03,135] {dag.py:1833} INFO - Sync 1 DAGs
[2021-09-16 09:05:03,148] {logging_mixin.py:109} INFO - [2021-09-16 09:05:03,148] {dag.py:2306} INFO - Setting next_dagrun for tutorial to 2021-09-14 00:00:00+00:00
[2021-09-16 09:05:03,157] {processor.py:170} INFO - Processing /home/airflow/.local/lib/python3.8/site-packages/airflow/example_dags/tutorial.py took 0.056 seconds
[2021-09-16 09:05:33,295] {processor.py:162} INFO - Started process (PID=876) to work on /home/airflow/.local/lib/python3.8/site-packages/airflow/example_dags/tutorial.py
[2021-09-16 09:05:33,296] {processor.py:613} INFO - Processing file /home/airflow/.local/lib/python3.8/site-packages/airflow/example_dags/tutorial.py for tasks to queue
[2021-09-16 09:05:33,297] {logging_mixin.py:109} INFO - [2021-09-16 09:05:33,297] {dagbag.py:496} INFO - Filling up the DagBag from /home/airflow/.local/lib/python3.8/site-packages/airflow/example_dags/tutorial.py
[2021-09-16 09:05:33,308] {processor.py:623} INFO - DAG(s) dict_keys(['tutorial']) retrieved from /home/airflow/.local/lib/python3.8/site-packages/airflow/example_dags/tutorial.py
[2021-09-16 09:05:33,327] {logging_mixin.py:109} INFO - [2021-09-16 09:05:33,327] {dag.py:1833} INFO - Sync 1 DAGs
[2021-09-16 09:05:33,340] {logging_mixin.py:109} INFO - [2021-09-16 09:05:33,340] {dag.py:2306} INFO - Setting next_dagrun for tutorial to 2021-09-14 00:00:00+00:00
[2021-09-16 09:05:33,349] {processor.py:170} INFO - Processing /home/airflow/.local/lib/python3.8/site-packages/airflow/example_dags/tutorial.py took 0.057 seconds
[2021-09-16 09:06:03,612] {processor.py:162} INFO - Started process (PID=931) to work on /home/airflow/.local/lib/python3.8/site-packages/airflow/example_dags/tutorial.py
[2021-09-16 09:06:03,614] {processor.py:613} INFO - Processing file /home/airflow/.local/lib/python3.8/site-packages/airflow/example_dags/tutorial.py for tasks to queue
[2021-09-16 09:06:03,615] {logging_mixin.py:109} INFO - [2021-09-16 09:06:03,615] {dagbag.py:496} INFO - Filling up the DagBag from /home/airflow/.local/lib/python3.8/site-packages/airflow/example_dags/tutorial.py
[2021-09-16 09:06:03,627] {processor.py:623} INFO - DAG(s) dict_keys(['tutorial']) retrieved from /home/airflow/.local/lib/python3.8/site-packages/airflow/example_dags/tutorial.py
[2021-09-16 09:06:03,651] {logging_mixin.py:109} INFO - [2021-09-16 09:06:03,651] {dag.py:1833} INFO - Sync 1 DAGs
[2021-09-16 09:06:03,666] {logging_mixin.py:109} INFO - [2021-09-16 09:06:03,666] {dag.py:2306} INFO - Setting next_dagrun for tutorial to 2021-09-14 00:00:00+00:00
[2021-09-16 09:06:03,678] {processor.py:170} INFO - Processing /home/airflow/.local/lib/python3.8/site-packages/airflow/example_dags/tutorial.py took 0.070 seconds
[2021-09-16 09:06:33,872] {processor.py:162} INFO - Started process (PID=979) to work on /home/airflow/.local/lib/python3.8/site-packages/airflow/example_dags/tutorial.py
[2021-09-16 09:06:33,874] {processor.py:613} INFO - Processing file /home/airflow/.local/lib/python3.8/site-packages/airflow/example_dags/tutorial.py for tasks to queue
[2021-09-16 09:06:33,875] {logging_mixin.py:109} INFO - [2021-09-16 09:06:33,875] {dagbag.py:496} INFO - Filling up the DagBag from /home/airflow/.local/lib/python3.8/site-packages/airflow/example_dags/tutorial.py
[2021-09-16 09:06:33,886] {processor.py:623} INFO - DAG(s) dict_keys(['tutorial']) retrieved from /home/airflow/.local/lib/python3.8/site-packages/airflow/example_dags/tutorial.py
[2021-09-16 09:06:33,904] {logging_mixin.py:109} INFO - [2021-09-16 09:06:33,904] {dag.py:1833} INFO - Sync 1 DAGs
[2021-09-16 09:06:33,918] {logging_mixin.py:109} INFO - [2021-09-16 09:06:33,918] {dag.py:2306} INFO - Setting next_dagrun for tutorial to 2021-09-14 00:00:00+00:00
[2021-09-16 09:06:33,927] {processor.py:170} INFO - Processing /home/airflow/.local/lib/python3.8/site-packages/airflow/example_dags/tutorial.py took 0.058 seconds
[2021-09-16 09:07:04,020] {processor.py:162} INFO - Started process (PID=1035) to work on /home/airflow/.local/lib/python3.8/site-packages/airflow/example_dags/tutorial.py
[2021-09-16 09:07:04,022] {processor.py:613} INFO - Processing file /home/airflow/.local/lib/python3.8/site-packages/airflow/example_dags/tutorial.py for tasks to queue
[2021-09-16 09:07:04,025] {logging_mixin.py:109} INFO - [2021-09-16 09:07:04,025] {dagbag.py:496} INFO - Filling up the DagBag from /home/airflow/.local/lib/python3.8/site-packages/airflow/example_dags/tutorial.py
[2021-09-16 09:07:04,039] {processor.py:623} INFO - DAG(s) dict_keys(['tutorial']) retrieved from /home/airflow/.local/lib/python3.8/site-packages/airflow/example_dags/tutorial.py
[2021-09-16 09:07:04,063] {logging_mixin.py:109} INFO - [2021-09-16 09:07:04,062] {dag.py:1833} INFO - Sync 1 DAGs
[2021-09-16 09:07:04,076] {logging_mixin.py:109} INFO - [2021-09-16 09:07:04,076] {dag.py:2306} INFO - Setting next_dagrun for tutorial to 2021-09-14 00:00:00+00:00
[2021-09-16 09:07:04,085] {processor.py:170} INFO - Processing /home/airflow/.local/lib/python3.8/site-packages/airflow/example_dags/tutorial.py took 0.069 seconds
[2021-09-16 09:07:34,353] {processor.py:162} INFO - Started process (PID=1090) to work on /home/airflow/.local/lib/python3.8/site-packages/airflow/example_dags/tutorial.py
[2021-09-16 09:07:34,355] {processor.py:613} INFO - Processing file /home/airflow/.local/lib/python3.8/site-packages/airflow/example_dags/tutorial.py for tasks to queue
[2021-09-16 09:07:34,356] {logging_mixin.py:109} INFO - [2021-09-16 09:07:34,356] {dagbag.py:496} INFO - Filling up the DagBag from /home/airflow/.local/lib/python3.8/site-packages/airflow/example_dags/tutorial.py
[2021-09-16 09:07:34,365] {processor.py:623} INFO - DAG(s) dict_keys(['tutorial']) retrieved from /home/airflow/.local/lib/python3.8/site-packages/airflow/example_dags/tutorial.py
[2021-09-16 09:07:34,382] {logging_mixin.py:109} INFO - [2021-09-16 09:07:34,382] {dag.py:1833} INFO - Sync 1 DAGs
[2021-09-16 09:07:34,393] {logging_mixin.py:109} INFO - [2021-09-16 09:07:34,393] {dag.py:2306} INFO - Setting next_dagrun for tutorial to 2021-09-14 00:00:00+00:00
[2021-09-16 09:07:34,405] {processor.py:170} INFO - Processing /home/airflow/.local/lib/python3.8/site-packages/airflow/example_dags/tutorial.py took 0.054 seconds
[2021-09-16 09:08:04,809] {processor.py:162} INFO - Started process (PID=1145) to work on /home/airflow/.local/lib/python3.8/site-packages/airflow/example_dags/tutorial.py
[2021-09-16 09:08:04,811] {processor.py:613} INFO - Processing file /home/airflow/.local/lib/python3.8/site-packages/airflow/example_dags/tutorial.py for tasks to queue
[2021-09-16 09:08:04,812] {logging_mixin.py:109} INFO - [2021-09-16 09:08:04,812] {dagbag.py:496} INFO - Filling up the DagBag from /home/airflow/.local/lib/python3.8/site-packages/airflow/example_dags/tutorial.py
[2021-09-16 09:08:04,823] {processor.py:623} INFO - DAG(s) dict_keys(['tutorial']) retrieved from /home/airflow/.local/lib/python3.8/site-packages/airflow/example_dags/tutorial.py
[2021-09-16 09:08:04,843] {logging_mixin.py:109} INFO - [2021-09-16 09:08:04,843] {dag.py:1833} INFO - Sync 1 DAGs
[2021-09-16 09:08:04,858] {logging_mixin.py:109} INFO - [2021-09-16 09:08:04,857] {dag.py:2306} INFO - Setting next_dagrun for tutorial to 2021-09-14 00:00:00+00:00
[2021-09-16 09:08:04,868] {processor.py:170} INFO - Processing /home/airflow/.local/lib/python3.8/site-packages/airflow/example_dags/tutorial.py took 0.062 seconds
[2021-09-16 09:08:35,253] {processor.py:162} INFO - Started process (PID=1194) to work on /home/airflow/.local/lib/python3.8/site-packages/airflow/example_dags/tutorial.py
[2021-09-16 09:08:35,254] {processor.py:613} INFO - Processing file /home/airflow/.local/lib/python3.8/site-packages/airflow/example_dags/tutorial.py for tasks to queue
[2021-09-16 09:08:35,255] {logging_mixin.py:109} INFO - [2021-09-16 09:08:35,255] {dagbag.py:496} INFO - Filling up the DagBag from /home/airflow/.local/lib/python3.8/site-packages/airflow/example_dags/tutorial.py
[2021-09-16 09:08:35,266] {processor.py:623} INFO - DAG(s) dict_keys(['tutorial']) retrieved from /home/airflow/.local/lib/python3.8/site-packages/airflow/example_dags/tutorial.py
[2021-09-16 09:08:35,284] {logging_mixin.py:109} INFO - [2021-09-16 09:08:35,284] {dag.py:1833} INFO - Sync 1 DAGs
[2021-09-16 09:08:35,295] {logging_mixin.py:109} INFO - [2021-09-16 09:08:35,295] {dag.py:2306} INFO - Setting next_dagrun for tutorial to 2021-09-14 00:00:00+00:00
[2021-09-16 09:08:35,304] {processor.py:170} INFO - Processing /home/airflow/.local/lib/python3.8/site-packages/airflow/example_dags/tutorial.py took 0.055 seconds
[2021-09-16 09:09:05,659] {processor.py:162} INFO - Started process (PID=1250) to work on /home/airflow/.local/lib/python3.8/site-packages/airflow/example_dags/tutorial.py
[2021-09-16 09:09:05,660] {processor.py:613} INFO - Processing file /home/airflow/.local/lib/python3.8/site-packages/airflow/example_dags/tutorial.py for tasks to queue
[2021-09-16 09:09:05,661] {logging_mixin.py:109} INFO - [2021-09-16 09:09:05,661] {dagbag.py:496} INFO - Filling up the DagBag from /home/airflow/.local/lib/python3.8/site-packages/airflow/example_dags/tutorial.py
[2021-09-16 09:09:05,670] {processor.py:623} INFO - DAG(s) dict_keys(['tutorial']) retrieved from /home/airflow/.local/lib/python3.8/site-packages/airflow/example_dags/tutorial.py
[2021-09-16 09:09:05,689] {logging_mixin.py:109} INFO - [2021-09-16 09:09:05,689] {dag.py:1833} INFO - Sync 1 DAGs
[2021-09-16 09:09:05,699] {logging_mixin.py:109} INFO - [2021-09-16 09:09:05,699] {dag.py:2306} INFO - Setting next_dagrun for tutorial to 2021-09-14 00:00:00+00:00
[2021-09-16 09:09:05,707] {processor.py:170} INFO - Processing /home/airflow/.local/lib/python3.8/site-packages/airflow/example_dags/tutorial.py took 0.052 seconds
[2021-09-16 09:09:36,036] {processor.py:162} INFO - Started process (PID=1305) to work on /home/airflow/.local/lib/python3.8/site-packages/airflow/example_dags/tutorial.py
[2021-09-16 09:09:36,037] {processor.py:613} INFO - Processing file /home/airflow/.local/lib/python3.8/site-packages/airflow/example_dags/tutorial.py for tasks to queue
[2021-09-16 09:09:36,038] {logging_mixin.py:109} INFO - [2021-09-16 09:09:36,038] {dagbag.py:496} INFO - Filling up the DagBag from /home/airflow/.local/lib/python3.8/site-packages/airflow/example_dags/tutorial.py
[2021-09-16 09:09:36,048] {processor.py:623} INFO - DAG(s) dict_keys(['tutorial']) retrieved from /home/airflow/.local/lib/python3.8/site-packages/airflow/example_dags/tutorial.py
[2021-09-16 09:09:36,067] {logging_mixin.py:109} INFO - [2021-09-16 09:09:36,067] {dag.py:1833} INFO - Sync 1 DAGs
[2021-09-16 09:09:36,078] {logging_mixin.py:109} INFO - [2021-09-16 09:09:36,078] {dag.py:2306} INFO - Setting next_dagrun for tutorial to 2021-09-14 00:00:00+00:00
[2021-09-16 09:09:36,086] {processor.py:170} INFO - Processing /home/airflow/.local/lib/python3.8/site-packages/airflow/example_dags/tutorial.py took 0.053 seconds
[2021-09-16 09:10:06,414] {processor.py:162} INFO - Started process (PID=1362) to work on /home/airflow/.local/lib/python3.8/site-packages/airflow/example_dags/tutorial.py
[2021-09-16 09:10:06,415] {processor.py:613} INFO - Processing file /home/airflow/.local/lib/python3.8/site-packages/airflow/example_dags/tutorial.py for tasks to queue
[2021-09-16 09:10:06,417] {logging_mixin.py:109} INFO - [2021-09-16 09:10:06,416] {dagbag.py:496} INFO - Filling up the DagBag from /home/airflow/.local/lib/python3.8/site-packages/airflow/example_dags/tutorial.py
[2021-09-16 09:10:06,426] {processor.py:623} INFO - DAG(s) dict_keys(['tutorial']) retrieved from /home/airflow/.local/lib/python3.8/site-packages/airflow/example_dags/tutorial.py
[2021-09-16 09:10:06,444] {logging_mixin.py:109} INFO - [2021-09-16 09:10:06,444] {dag.py:1833} INFO - Sync 1 DAGs
[2021-09-16 09:10:06,455] {logging_mixin.py:109} INFO - [2021-09-16 09:10:06,455] {dag.py:2306} INFO - Setting next_dagrun for tutorial to 2021-09-14 00:00:00+00:00
[2021-09-16 09:10:06,464] {processor.py:170} INFO - Processing /home/airflow/.local/lib/python3.8/site-packages/airflow/example_dags/tutorial.py took 0.053 seconds
[2021-09-16 09:10:36,840] {processor.py:162} INFO - Started process (PID=1409) to work on /home/airflow/.local/lib/python3.8/site-packages/airflow/example_dags/tutorial.py
[2021-09-16 09:10:36,842] {processor.py:613} INFO - Processing file /home/airflow/.local/lib/python3.8/site-packages/airflow/example_dags/tutorial.py for tasks to queue
[2021-09-16 09:10:36,844] {logging_mixin.py:109} INFO - [2021-09-16 09:10:36,844] {dagbag.py:496} INFO - Filling up the DagBag from /home/airflow/.local/lib/python3.8/site-packages/airflow/example_dags/tutorial.py
[2021-09-16 09:10:36,863] {processor.py:623} INFO - DAG(s) dict_keys(['tutorial']) retrieved from /home/airflow/.local/lib/python3.8/site-packages/airflow/example_dags/tutorial.py
[2021-09-16 09:10:36,899] {logging_mixin.py:109} INFO - [2021-09-16 09:10:36,899] {dag.py:1833} INFO - Sync 1 DAGs
[2021-09-16 09:10:36,915] {logging_mixin.py:109} INFO - [2021-09-16 09:10:36,915] {dag.py:2306} INFO - Setting next_dagrun for tutorial to 2021-09-14 00:00:00+00:00
[2021-09-16 09:10:36,928] {processor.py:170} INFO - Processing /home/airflow/.local/lib/python3.8/site-packages/airflow/example_dags/tutorial.py took 0.093 seconds
[2021-09-16 09:11:07,449] {processor.py:162} INFO - Started process (PID=1465) to work on /home/airflow/.local/lib/python3.8/site-packages/airflow/example_dags/tutorial.py
[2021-09-16 09:11:07,451] {processor.py:613} INFO - Processing file /home/airflow/.local/lib/python3.8/site-packages/airflow/example_dags/tutorial.py for tasks to queue
[2021-09-16 09:11:07,452] {logging_mixin.py:109} INFO - [2021-09-16 09:11:07,452] {dagbag.py:496} INFO - Filling up the DagBag from /home/airflow/.local/lib/python3.8/site-packages/airflow/example_dags/tutorial.py
[2021-09-16 09:11:07,463] {processor.py:623} INFO - DAG(s) dict_keys(['tutorial']) retrieved from /home/airflow/.local/lib/python3.8/site-packages/airflow/example_dags/tutorial.py
[2021-09-16 09:11:07,483] {logging_mixin.py:109} INFO - [2021-09-16 09:11:07,482] {dag.py:1833} INFO - Sync 1 DAGs
[2021-09-16 09:11:07,497] {logging_mixin.py:109} INFO - [2021-09-16 09:11:07,496] {dag.py:2306} INFO - Setting next_dagrun for tutorial to 2021-09-14 00:00:00+00:00
[2021-09-16 09:11:07,506] {processor.py:170} INFO - Processing /home/airflow/.local/lib/python3.8/site-packages/airflow/example_dags/tutorial.py took 0.060 seconds
[2021-09-16 09:11:37,945] {processor.py:162} INFO - Started process (PID=1522) to work on /home/airflow/.local/lib/python3.8/site-packages/airflow/example_dags/tutorial.py
[2021-09-16 09:11:37,947] {processor.py:613} INFO - Processing file /home/airflow/.local/lib/python3.8/site-packages/airflow/example_dags/tutorial.py for tasks to queue
[2021-09-16 09:11:37,948] {logging_mixin.py:109} INFO - [2021-09-16 09:11:37,948] {dagbag.py:496} INFO - Filling up the DagBag from /home/airflow/.local/lib/python3.8/site-packages/airflow/example_dags/tutorial.py
[2021-09-16 09:11:37,960] {processor.py:623} INFO - DAG(s) dict_keys(['tutorial']) retrieved from /home/airflow/.local/lib/python3.8/site-packages/airflow/example_dags/tutorial.py
[2021-09-16 09:11:37,977] {logging_mixin.py:109} INFO - [2021-09-16 09:11:37,977] {dag.py:1833} INFO - Sync 1 DAGs
[2021-09-16 09:11:37,988] {logging_mixin.py:109} INFO - [2021-09-16 09:11:37,988] {dag.py:2306} INFO - Setting next_dagrun for tutorial to 2021-09-14 00:00:00+00:00
[2021-09-16 09:11:37,996] {processor.py:170} INFO - Processing /home/airflow/.local/lib/python3.8/site-packages/airflow/example_dags/tutorial.py took 0.054 seconds
[2021-09-16 09:12:08,402] {processor.py:162} INFO - Started process (PID=1569) to work on /home/airflow/.local/lib/python3.8/site-packages/airflow/example_dags/tutorial.py
[2021-09-16 09:12:08,405] {processor.py:613} INFO - Processing file /home/airflow/.local/lib/python3.8/site-packages/airflow/example_dags/tutorial.py for tasks to queue
[2021-09-16 09:12:08,406] {logging_mixin.py:109} INFO - [2021-09-16 09:12:08,406] {dagbag.py:496} INFO - Filling up the DagBag from /home/airflow/.local/lib/python3.8/site-packages/airflow/example_dags/tutorial.py
[2021-09-16 09:12:08,420] {processor.py:623} INFO - DAG(s) dict_keys(['tutorial']) retrieved from /home/airflow/.local/lib/python3.8/site-packages/airflow/example_dags/tutorial.py
[2021-09-16 09:12:08,443] {logging_mixin.py:109} INFO - [2021-09-16 09:12:08,443] {dag.py:1833} INFO - Sync 1 DAGs
[2021-09-16 09:12:08,458] {logging_mixin.py:109} INFO - [2021-09-16 09:12:08,458] {dag.py:2306} INFO - Setting next_dagrun for tutorial to 2021-09-14 00:00:00+00:00
[2021-09-16 09:12:08,469] {processor.py:170} INFO - Processing /home/airflow/.local/lib/python3.8/site-packages/airflow/example_dags/tutorial.py took 0.070 seconds
[2021-09-16 09:12:38,905] {processor.py:162} INFO - Started process (PID=1625) to work on /home/airflow/.local/lib/python3.8/site-packages/airflow/example_dags/tutorial.py
[2021-09-16 09:12:38,906] {processor.py:613} INFO - Processing file /home/airflow/.local/lib/python3.8/site-packages/airflow/example_dags/tutorial.py for tasks to queue
[2021-09-16 09:12:38,907] {logging_mixin.py:109} INFO - [2021-09-16 09:12:38,907] {dagbag.py:496} INFO - Filling up the DagBag from /home/airflow/.local/lib/python3.8/site-packages/airflow/example_dags/tutorial.py
[2021-09-16 09:12:38,918] {processor.py:623} INFO - DAG(s) dict_keys(['tutorial']) retrieved from /home/airflow/.local/lib/python3.8/site-packages/airflow/example_dags/tutorial.py
[2021-09-16 09:12:38,936] {logging_mixin.py:109} INFO - [2021-09-16 09:12:38,936] {dag.py:1833} INFO - Sync 1 DAGs
[2021-09-16 09:12:38,947] {logging_mixin.py:109} INFO - [2021-09-16 09:12:38,947] {dag.py:2306} INFO - Setting next_dagrun for tutorial to 2021-09-14 00:00:00+00:00
[2021-09-16 09:12:38,957] {processor.py:170} INFO - Processing /home/airflow/.local/lib/python3.8/site-packages/airflow/example_dags/tutorial.py took 0.056 seconds
[2021-09-16 09:13:09,368] {processor.py:162} INFO - Started process (PID=1681) to work on /home/airflow/.local/lib/python3.8/site-packages/airflow/example_dags/tutorial.py
[2021-09-16 09:13:09,369] {processor.py:613} INFO - Processing file /home/airflow/.local/lib/python3.8/site-packages/airflow/example_dags/tutorial.py for tasks to queue
[2021-09-16 09:13:09,370] {logging_mixin.py:109} INFO - [2021-09-16 09:13:09,370] {dagbag.py:496} INFO - Filling up the DagBag from /home/airflow/.local/lib/python3.8/site-packages/airflow/example_dags/tutorial.py
[2021-09-16 09:13:09,382] {processor.py:623} INFO - DAG(s) dict_keys(['tutorial']) retrieved from /home/airflow/.local/lib/python3.8/site-packages/airflow/example_dags/tutorial.py
[2021-09-16 09:13:09,401] {logging_mixin.py:109} INFO - [2021-09-16 09:13:09,401] {dag.py:1833} INFO - Sync 1 DAGs
[2021-09-16 09:13:09,413] {logging_mixin.py:109} INFO - [2021-09-16 09:13:09,413] {dag.py:2306} INFO - Setting next_dagrun for tutorial to 2021-09-14 00:00:00+00:00
[2021-09-16 09:13:09,422] {processor.py:170} INFO - Processing /home/airflow/.local/lib/python3.8/site-packages/airflow/example_dags/tutorial.py took 0.057 seconds
[2021-09-16 09:13:39,783] {processor.py:162} INFO - Started process (PID=1728) to work on /home/airflow/.local/lib/python3.8/site-packages/airflow/example_dags/tutorial.py
[2021-09-16 09:13:39,784] {processor.py:613} INFO - Processing file /home/airflow/.local/lib/python3.8/site-packages/airflow/example_dags/tutorial.py for tasks to queue
[2021-09-16 09:13:39,785] {logging_mixin.py:109} INFO - [2021-09-16 09:13:39,785] {dagbag.py:496} INFO - Filling up the DagBag from /home/airflow/.local/lib/python3.8/site-packages/airflow/example_dags/tutorial.py
[2021-09-16 09:13:39,797] {processor.py:623} INFO - DAG(s) dict_keys(['tutorial']) retrieved from /home/airflow/.local/lib/python3.8/site-packages/airflow/example_dags/tutorial.py
[2021-09-16 09:13:39,815] {logging_mixin.py:109} INFO - [2021-09-16 09:13:39,815] {dag.py:1833} INFO - Sync 1 DAGs
[2021-09-16 09:13:39,826] {logging_mixin.py:109} INFO - [2021-09-16 09:13:39,826] {dag.py:2306} INFO - Setting next_dagrun for tutorial to 2021-09-14 00:00:00+00:00
[2021-09-16 09:13:39,835] {processor.py:170} INFO - Processing /home/airflow/.local/lib/python3.8/site-packages/airflow/example_dags/tutorial.py took 0.056 seconds
[2021-09-16 09:14:10,099] {processor.py:162} INFO - Started process (PID=1784) to work on /home/airflow/.local/lib/python3.8/site-packages/airflow/example_dags/tutorial.py
[2021-09-16 09:14:10,100] {processor.py:613} INFO - Processing file /home/airflow/.local/lib/python3.8/site-packages/airflow/example_dags/tutorial.py for tasks to queue
[2021-09-16 09:14:10,101] {logging_mixin.py:109} INFO - [2021-09-16 09:14:10,101] {dagbag.py:496} INFO - Filling up the DagBag from /home/airflow/.local/lib/python3.8/site-packages/airflow/example_dags/tutorial.py
[2021-09-16 09:14:10,114] {processor.py:623} INFO - DAG(s) dict_keys(['tutorial']) retrieved from /home/airflow/.local/lib/python3.8/site-packages/airflow/example_dags/tutorial.py
[2021-09-16 09:14:10,132] {logging_mixin.py:109} INFO - [2021-09-16 09:14:10,132] {dag.py:1833} INFO - Sync 1 DAGs
[2021-09-16 09:14:10,143] {logging_mixin.py:109} INFO - [2021-09-16 09:14:10,142] {dag.py:2306} INFO - Setting next_dagrun for tutorial to 2021-09-14 00:00:00+00:00
[2021-09-16 09:14:10,152] {processor.py:170} INFO - Processing /home/airflow/.local/lib/python3.8/site-packages/airflow/example_dags/tutorial.py took 0.058 seconds
[2021-09-16 09:14:40,304] {processor.py:162} INFO - Started process (PID=1839) to work on /home/airflow/.local/lib/python3.8/site-packages/airflow/example_dags/tutorial.py
[2021-09-16 09:14:40,306] {processor.py:613} INFO - Processing file /home/airflow/.local/lib/python3.8/site-packages/airflow/example_dags/tutorial.py for tasks to queue
[2021-09-16 09:14:40,309] {logging_mixin.py:109} INFO - [2021-09-16 09:14:40,308] {dagbag.py:496} INFO - Filling up the DagBag from /home/airflow/.local/lib/python3.8/site-packages/airflow/example_dags/tutorial.py
[2021-09-16 09:14:40,320] {processor.py:623} INFO - DAG(s) dict_keys(['tutorial']) retrieved from /home/airflow/.local/lib/python3.8/site-packages/airflow/example_dags/tutorial.py
[2021-09-16 09:14:40,340] {logging_mixin.py:109} INFO - [2021-09-16 09:14:40,340] {dag.py:1833} INFO - Sync 1 DAGs
[2021-09-16 09:14:40,352] {logging_mixin.py:109} INFO - [2021-09-16 09:14:40,352] {dag.py:2306} INFO - Setting next_dagrun for tutorial to 2021-09-14 00:00:00+00:00
[2021-09-16 09:14:40,361] {processor.py:170} INFO - Processing /home/airflow/.local/lib/python3.8/site-packages/airflow/example_dags/tutorial.py took 0.063 seconds
[2021-09-16 09:15:10,485] {processor.py:162} INFO - Started process (PID=1895) to work on /home/airflow/.local/lib/python3.8/site-packages/airflow/example_dags/tutorial.py
[2021-09-16 09:15:10,487] {processor.py:613} INFO - Processing file /home/airflow/.local/lib/python3.8/site-packages/airflow/example_dags/tutorial.py for tasks to queue
[2021-09-16 09:15:10,488] {logging_mixin.py:109} INFO - [2021-09-16 09:15:10,488] {dagbag.py:496} INFO - Filling up the DagBag from /home/airflow/.local/lib/python3.8/site-packages/airflow/example_dags/tutorial.py
[2021-09-16 09:15:10,498] {processor.py:623} INFO - DAG(s) dict_keys(['tutorial']) retrieved from /home/airflow/.local/lib/python3.8/site-packages/airflow/example_dags/tutorial.py
[2021-09-16 09:15:10,518] {logging_mixin.py:109} INFO - [2021-09-16 09:15:10,518] {dag.py:1833} INFO - Sync 1 DAGs
[2021-09-16 09:15:10,531] {logging_mixin.py:109} INFO - [2021-09-16 09:15:10,531] {dag.py:2306} INFO - Setting next_dagrun for tutorial to 2021-09-14 00:00:00+00:00
[2021-09-16 09:15:10,540] {processor.py:170} INFO - Processing /home/airflow/.local/lib/python3.8/site-packages/airflow/example_dags/tutorial.py took 0.058 seconds
[2021-09-16 09:15:40,937] {processor.py:162} INFO - Started process (PID=1943) to work on /home/airflow/.local/lib/python3.8/site-packages/airflow/example_dags/tutorial.py
[2021-09-16 09:15:40,938] {processor.py:613} INFO - Processing file /home/airflow/.local/lib/python3.8/site-packages/airflow/example_dags/tutorial.py for tasks to queue
[2021-09-16 09:15:40,940] {logging_mixin.py:109} INFO - [2021-09-16 09:15:40,940] {dagbag.py:496} INFO - Filling up the DagBag from /home/airflow/.local/lib/python3.8/site-packages/airflow/example_dags/tutorial.py
[2021-09-16 09:15:40,950] {processor.py:623} INFO - DAG(s) dict_keys(['tutorial']) retrieved from /home/airflow/.local/lib/python3.8/site-packages/airflow/example_dags/tutorial.py
[2021-09-16 09:15:40,970] {logging_mixin.py:109} INFO - [2021-09-16 09:15:40,970] {dag.py:1833} INFO - Sync 1 DAGs
[2021-09-16 09:15:40,984] {logging_mixin.py:109} INFO - [2021-09-16 09:15:40,984] {dag.py:2306} INFO - Setting next_dagrun for tutorial to 2021-09-14 00:00:00+00:00
[2021-09-16 09:15:40,993] {processor.py:170} INFO - Processing /home/airflow/.local/lib/python3.8/site-packages/airflow/example_dags/tutorial.py took 0.063 seconds
