[2021-09-16 08:37:39,862] {processor.py:162} INFO - Started process (PID=68) to work on /home/airflow/.local/lib/python3.8/site-packages/airflow/example_dags/tutorial_taskflow_api_etl_virtualenv.py
[2021-09-16 08:37:39,865] {processor.py:613} INFO - Processing file /home/airflow/.local/lib/python3.8/site-packages/airflow/example_dags/tutorial_taskflow_api_etl_virtualenv.py for tasks to queue
[2021-09-16 08:37:39,866] {logging_mixin.py:109} INFO - [2021-09-16 08:37:39,866] {dagbag.py:496} INFO - Filling up the DagBag from /home/airflow/.local/lib/python3.8/site-packages/airflow/example_dags/tutorial_taskflow_api_etl_virtualenv.py
[2021-09-16 08:37:39,894] {processor.py:623} INFO - DAG(s) dict_keys(['tutorial_taskflow_api_etl_virtualenv']) retrieved from /home/airflow/.local/lib/python3.8/site-packages/airflow/example_dags/tutorial_taskflow_api_etl_virtualenv.py
[2021-09-16 08:37:41,462] {logging_mixin.py:109} INFO - [2021-09-16 08:37:41,461] {dag.py:1833} INFO - Sync 1 DAGs
[2021-09-16 08:37:41,468] {logging_mixin.py:109} INFO - [2021-09-16 08:37:41,468] {dag.py:1852} INFO - Creating ORM DAG for tutorial_taskflow_api_etl_virtualenv
[2021-09-16 08:37:41,472] {logging_mixin.py:109} INFO - [2021-09-16 08:37:41,472] {dag.py:2306} INFO - Setting next_dagrun for tutorial_taskflow_api_etl_virtualenv to None
[2021-09-16 08:37:41,482] {processor.py:170} INFO - Processing /home/airflow/.local/lib/python3.8/site-packages/airflow/example_dags/tutorial_taskflow_api_etl_virtualenv.py took 1.634 seconds
[2021-09-16 08:38:11,955] {processor.py:162} INFO - Started process (PID=333) to work on /home/airflow/.local/lib/python3.8/site-packages/airflow/example_dags/tutorial_taskflow_api_etl_virtualenv.py
[2021-09-16 08:38:11,957] {processor.py:613} INFO - Processing file /home/airflow/.local/lib/python3.8/site-packages/airflow/example_dags/tutorial_taskflow_api_etl_virtualenv.py for tasks to queue
[2021-09-16 08:38:11,958] {logging_mixin.py:109} INFO - [2021-09-16 08:38:11,958] {dagbag.py:496} INFO - Filling up the DagBag from /home/airflow/.local/lib/python3.8/site-packages/airflow/example_dags/tutorial_taskflow_api_etl_virtualenv.py
[2021-09-16 08:38:11,990] {processor.py:623} INFO - DAG(s) dict_keys(['tutorial_taskflow_api_etl_virtualenv']) retrieved from /home/airflow/.local/lib/python3.8/site-packages/airflow/example_dags/tutorial_taskflow_api_etl_virtualenv.py
[2021-09-16 08:38:13,076] {logging_mixin.py:109} INFO - [2021-09-16 08:38:13,075] {dag.py:1833} INFO - Sync 1 DAGs
[2021-09-16 08:38:13,101] {logging_mixin.py:109} INFO - [2021-09-16 08:38:13,100] {dag.py:2306} INFO - Setting next_dagrun for tutorial_taskflow_api_etl_virtualenv to None
[2021-09-16 08:38:13,301] {processor.py:170} INFO - Processing /home/airflow/.local/lib/python3.8/site-packages/airflow/example_dags/tutorial_taskflow_api_etl_virtualenv.py took 1.350 seconds
[2021-09-16 08:38:43,467] {processor.py:162} INFO - Started process (PID=381) to work on /home/airflow/.local/lib/python3.8/site-packages/airflow/example_dags/tutorial_taskflow_api_etl_virtualenv.py
[2021-09-16 08:38:43,469] {processor.py:613} INFO - Processing file /home/airflow/.local/lib/python3.8/site-packages/airflow/example_dags/tutorial_taskflow_api_etl_virtualenv.py for tasks to queue
[2021-09-16 08:38:43,470] {logging_mixin.py:109} INFO - [2021-09-16 08:38:43,470] {dagbag.py:496} INFO - Filling up the DagBag from /home/airflow/.local/lib/python3.8/site-packages/airflow/example_dags/tutorial_taskflow_api_etl_virtualenv.py
[2021-09-16 08:38:43,494] {processor.py:623} INFO - DAG(s) dict_keys(['tutorial_taskflow_api_etl_virtualenv']) retrieved from /home/airflow/.local/lib/python3.8/site-packages/airflow/example_dags/tutorial_taskflow_api_etl_virtualenv.py
[2021-09-16 08:38:45,162] {logging_mixin.py:109} INFO - [2021-09-16 08:38:45,162] {dag.py:1833} INFO - Sync 1 DAGs
[2021-09-16 08:38:45,207] {logging_mixin.py:109} INFO - [2021-09-16 08:38:45,207] {dag.py:2306} INFO - Setting next_dagrun for tutorial_taskflow_api_etl_virtualenv to None
[2021-09-16 08:38:45,221] {processor.py:170} INFO - Processing /home/airflow/.local/lib/python3.8/site-packages/airflow/example_dags/tutorial_taskflow_api_etl_virtualenv.py took 1.759 seconds
[2021-09-16 08:39:16,919] {processor.py:162} INFO - Started process (PID=436) to work on /home/airflow/.local/lib/python3.8/site-packages/airflow/example_dags/tutorial_taskflow_api_etl_virtualenv.py
[2021-09-16 08:39:16,929] {processor.py:613} INFO - Processing file /home/airflow/.local/lib/python3.8/site-packages/airflow/example_dags/tutorial_taskflow_api_etl_virtualenv.py for tasks to queue
[2021-09-16 08:39:16,933] {logging_mixin.py:109} INFO - [2021-09-16 08:39:16,931] {dagbag.py:496} INFO - Filling up the DagBag from /home/airflow/.local/lib/python3.8/site-packages/airflow/example_dags/tutorial_taskflow_api_etl_virtualenv.py
[2021-09-16 08:39:16,962] {processor.py:623} INFO - DAG(s) dict_keys(['tutorial_taskflow_api_etl_virtualenv']) retrieved from /home/airflow/.local/lib/python3.8/site-packages/airflow/example_dags/tutorial_taskflow_api_etl_virtualenv.py
[2021-09-16 08:39:17,348] {logging_mixin.py:109} INFO - [2021-09-16 08:39:17,348] {dag.py:1833} INFO - Sync 1 DAGs
[2021-09-16 08:39:17,357] {logging_mixin.py:109} INFO - [2021-09-16 08:39:17,356] {dag.py:2306} INFO - Setting next_dagrun for tutorial_taskflow_api_etl_virtualenv to None
[2021-09-16 08:39:17,368] {processor.py:170} INFO - Processing /home/airflow/.local/lib/python3.8/site-packages/airflow/example_dags/tutorial_taskflow_api_etl_virtualenv.py took 0.454 seconds
[2021-09-16 08:39:48,317] {processor.py:162} INFO - Started process (PID=497) to work on /home/airflow/.local/lib/python3.8/site-packages/airflow/example_dags/tutorial_taskflow_api_etl_virtualenv.py
[2021-09-16 08:39:48,319] {processor.py:613} INFO - Processing file /home/airflow/.local/lib/python3.8/site-packages/airflow/example_dags/tutorial_taskflow_api_etl_virtualenv.py for tasks to queue
[2021-09-16 08:39:48,321] {logging_mixin.py:109} INFO - [2021-09-16 08:39:48,321] {dagbag.py:496} INFO - Filling up the DagBag from /home/airflow/.local/lib/python3.8/site-packages/airflow/example_dags/tutorial_taskflow_api_etl_virtualenv.py
[2021-09-16 08:39:48,337] {processor.py:623} INFO - DAG(s) dict_keys(['tutorial_taskflow_api_etl_virtualenv']) retrieved from /home/airflow/.local/lib/python3.8/site-packages/airflow/example_dags/tutorial_taskflow_api_etl_virtualenv.py
[2021-09-16 08:39:48,573] {logging_mixin.py:109} INFO - [2021-09-16 08:39:48,573] {dag.py:1833} INFO - Sync 1 DAGs
[2021-09-16 08:39:48,582] {logging_mixin.py:109} INFO - [2021-09-16 08:39:48,582] {dag.py:2306} INFO - Setting next_dagrun for tutorial_taskflow_api_etl_virtualenv to None
[2021-09-16 08:39:48,592] {processor.py:170} INFO - Processing /home/airflow/.local/lib/python3.8/site-packages/airflow/example_dags/tutorial_taskflow_api_etl_virtualenv.py took 0.278 seconds
[2021-09-16 08:59:51,051] {processor.py:162} INFO - Started process (PID=68) to work on /home/airflow/.local/lib/python3.8/site-packages/airflow/example_dags/tutorial_taskflow_api_etl_virtualenv.py
[2021-09-16 08:59:51,053] {processor.py:613} INFO - Processing file /home/airflow/.local/lib/python3.8/site-packages/airflow/example_dags/tutorial_taskflow_api_etl_virtualenv.py for tasks to queue
[2021-09-16 08:59:51,054] {logging_mixin.py:109} INFO - [2021-09-16 08:59:51,053] {dagbag.py:496} INFO - Filling up the DagBag from /home/airflow/.local/lib/python3.8/site-packages/airflow/example_dags/tutorial_taskflow_api_etl_virtualenv.py
[2021-09-16 08:59:51,070] {processor.py:623} INFO - DAG(s) dict_keys(['tutorial_taskflow_api_etl_virtualenv']) retrieved from /home/airflow/.local/lib/python3.8/site-packages/airflow/example_dags/tutorial_taskflow_api_etl_virtualenv.py
[2021-09-16 08:59:52,541] {logging_mixin.py:109} INFO - [2021-09-16 08:59:52,541] {dag.py:1833} INFO - Sync 1 DAGs
[2021-09-16 08:59:52,546] {logging_mixin.py:109} INFO - [2021-09-16 08:59:52,546] {dag.py:1852} INFO - Creating ORM DAG for tutorial_taskflow_api_etl_virtualenv
[2021-09-16 08:59:52,551] {logging_mixin.py:109} INFO - [2021-09-16 08:59:52,551] {dag.py:2306} INFO - Setting next_dagrun for tutorial_taskflow_api_etl_virtualenv to None
[2021-09-16 08:59:52,560] {processor.py:170} INFO - Processing /home/airflow/.local/lib/python3.8/site-packages/airflow/example_dags/tutorial_taskflow_api_etl_virtualenv.py took 1.512 seconds
[2021-09-16 09:00:22,736] {processor.py:162} INFO - Started process (PID=324) to work on /home/airflow/.local/lib/python3.8/site-packages/airflow/example_dags/tutorial_taskflow_api_etl_virtualenv.py
[2021-09-16 09:00:22,738] {processor.py:613} INFO - Processing file /home/airflow/.local/lib/python3.8/site-packages/airflow/example_dags/tutorial_taskflow_api_etl_virtualenv.py for tasks to queue
[2021-09-16 09:00:22,739] {logging_mixin.py:109} INFO - [2021-09-16 09:00:22,739] {dagbag.py:496} INFO - Filling up the DagBag from /home/airflow/.local/lib/python3.8/site-packages/airflow/example_dags/tutorial_taskflow_api_etl_virtualenv.py
[2021-09-16 09:00:22,756] {processor.py:623} INFO - DAG(s) dict_keys(['tutorial_taskflow_api_etl_virtualenv']) retrieved from /home/airflow/.local/lib/python3.8/site-packages/airflow/example_dags/tutorial_taskflow_api_etl_virtualenv.py
[2021-09-16 09:00:23,001] {logging_mixin.py:109} INFO - [2021-09-16 09:00:23,001] {dag.py:1833} INFO - Sync 1 DAGs
[2021-09-16 09:00:23,009] {logging_mixin.py:109} INFO - [2021-09-16 09:00:23,009] {dag.py:2306} INFO - Setting next_dagrun for tutorial_taskflow_api_etl_virtualenv to None
[2021-09-16 09:00:23,017] {processor.py:170} INFO - Processing /home/airflow/.local/lib/python3.8/site-packages/airflow/example_dags/tutorial_taskflow_api_etl_virtualenv.py took 0.284 seconds
[2021-09-16 09:00:53,441] {processor.py:162} INFO - Started process (PID=379) to work on /home/airflow/.local/lib/python3.8/site-packages/airflow/example_dags/tutorial_taskflow_api_etl_virtualenv.py
[2021-09-16 09:00:53,443] {processor.py:613} INFO - Processing file /home/airflow/.local/lib/python3.8/site-packages/airflow/example_dags/tutorial_taskflow_api_etl_virtualenv.py for tasks to queue
[2021-09-16 09:00:53,444] {logging_mixin.py:109} INFO - [2021-09-16 09:00:53,444] {dagbag.py:496} INFO - Filling up the DagBag from /home/airflow/.local/lib/python3.8/site-packages/airflow/example_dags/tutorial_taskflow_api_etl_virtualenv.py
[2021-09-16 09:00:53,459] {processor.py:623} INFO - DAG(s) dict_keys(['tutorial_taskflow_api_etl_virtualenv']) retrieved from /home/airflow/.local/lib/python3.8/site-packages/airflow/example_dags/tutorial_taskflow_api_etl_virtualenv.py
[2021-09-16 09:00:53,705] {logging_mixin.py:109} INFO - [2021-09-16 09:00:53,705] {dag.py:1833} INFO - Sync 1 DAGs
[2021-09-16 09:00:53,714] {logging_mixin.py:109} INFO - [2021-09-16 09:00:53,714] {dag.py:2306} INFO - Setting next_dagrun for tutorial_taskflow_api_etl_virtualenv to None
[2021-09-16 09:00:53,723] {processor.py:170} INFO - Processing /home/airflow/.local/lib/python3.8/site-packages/airflow/example_dags/tutorial_taskflow_api_etl_virtualenv.py took 0.285 seconds
[2021-09-16 09:01:24,654] {processor.py:162} INFO - Started process (PID=437) to work on /home/airflow/.local/lib/python3.8/site-packages/airflow/example_dags/tutorial_taskflow_api_etl_virtualenv.py
[2021-09-16 09:01:24,656] {processor.py:613} INFO - Processing file /home/airflow/.local/lib/python3.8/site-packages/airflow/example_dags/tutorial_taskflow_api_etl_virtualenv.py for tasks to queue
[2021-09-16 09:01:24,657] {logging_mixin.py:109} INFO - [2021-09-16 09:01:24,657] {dagbag.py:496} INFO - Filling up the DagBag from /home/airflow/.local/lib/python3.8/site-packages/airflow/example_dags/tutorial_taskflow_api_etl_virtualenv.py
[2021-09-16 09:01:24,674] {processor.py:623} INFO - DAG(s) dict_keys(['tutorial_taskflow_api_etl_virtualenv']) retrieved from /home/airflow/.local/lib/python3.8/site-packages/airflow/example_dags/tutorial_taskflow_api_etl_virtualenv.py
[2021-09-16 09:01:24,941] {logging_mixin.py:109} INFO - [2021-09-16 09:01:24,941] {dag.py:1833} INFO - Sync 1 DAGs
[2021-09-16 09:01:24,950] {logging_mixin.py:109} INFO - [2021-09-16 09:01:24,950] {dag.py:2306} INFO - Setting next_dagrun for tutorial_taskflow_api_etl_virtualenv to None
[2021-09-16 09:01:24,959] {processor.py:170} INFO - Processing /home/airflow/.local/lib/python3.8/site-packages/airflow/example_dags/tutorial_taskflow_api_etl_virtualenv.py took 0.309 seconds
[2021-09-16 09:01:55,028] {processor.py:162} INFO - Started process (PID=493) to work on /home/airflow/.local/lib/python3.8/site-packages/airflow/example_dags/tutorial_taskflow_api_etl_virtualenv.py
[2021-09-16 09:01:55,029] {processor.py:613} INFO - Processing file /home/airflow/.local/lib/python3.8/site-packages/airflow/example_dags/tutorial_taskflow_api_etl_virtualenv.py for tasks to queue
[2021-09-16 09:01:55,031] {logging_mixin.py:109} INFO - [2021-09-16 09:01:55,030] {dagbag.py:496} INFO - Filling up the DagBag from /home/airflow/.local/lib/python3.8/site-packages/airflow/example_dags/tutorial_taskflow_api_etl_virtualenv.py
[2021-09-16 09:01:55,044] {processor.py:623} INFO - DAG(s) dict_keys(['tutorial_taskflow_api_etl_virtualenv']) retrieved from /home/airflow/.local/lib/python3.8/site-packages/airflow/example_dags/tutorial_taskflow_api_etl_virtualenv.py
[2021-09-16 09:01:55,282] {logging_mixin.py:109} INFO - [2021-09-16 09:01:55,282] {dag.py:1833} INFO - Sync 1 DAGs
[2021-09-16 09:01:55,290] {logging_mixin.py:109} INFO - [2021-09-16 09:01:55,290] {dag.py:2306} INFO - Setting next_dagrun for tutorial_taskflow_api_etl_virtualenv to None
[2021-09-16 09:01:55,299] {processor.py:170} INFO - Processing /home/airflow/.local/lib/python3.8/site-packages/airflow/example_dags/tutorial_taskflow_api_etl_virtualenv.py took 0.274 seconds
[2021-09-16 09:02:25,341] {processor.py:162} INFO - Started process (PID=540) to work on /home/airflow/.local/lib/python3.8/site-packages/airflow/example_dags/tutorial_taskflow_api_etl_virtualenv.py
[2021-09-16 09:02:25,343] {processor.py:613} INFO - Processing file /home/airflow/.local/lib/python3.8/site-packages/airflow/example_dags/tutorial_taskflow_api_etl_virtualenv.py for tasks to queue
[2021-09-16 09:02:25,344] {logging_mixin.py:109} INFO - [2021-09-16 09:02:25,344] {dagbag.py:496} INFO - Filling up the DagBag from /home/airflow/.local/lib/python3.8/site-packages/airflow/example_dags/tutorial_taskflow_api_etl_virtualenv.py
[2021-09-16 09:02:25,358] {processor.py:623} INFO - DAG(s) dict_keys(['tutorial_taskflow_api_etl_virtualenv']) retrieved from /home/airflow/.local/lib/python3.8/site-packages/airflow/example_dags/tutorial_taskflow_api_etl_virtualenv.py
[2021-09-16 09:02:25,585] {logging_mixin.py:109} INFO - [2021-09-16 09:02:25,584] {dag.py:1833} INFO - Sync 1 DAGs
[2021-09-16 09:02:25,594] {logging_mixin.py:109} INFO - [2021-09-16 09:02:25,593] {dag.py:2306} INFO - Setting next_dagrun for tutorial_taskflow_api_etl_virtualenv to None
[2021-09-16 09:02:25,602] {processor.py:170} INFO - Processing /home/airflow/.local/lib/python3.8/site-packages/airflow/example_dags/tutorial_taskflow_api_etl_virtualenv.py took 0.264 seconds
[2021-09-16 09:02:55,732] {processor.py:162} INFO - Started process (PID=596) to work on /home/airflow/.local/lib/python3.8/site-packages/airflow/example_dags/tutorial_taskflow_api_etl_virtualenv.py
[2021-09-16 09:02:55,733] {processor.py:613} INFO - Processing file /home/airflow/.local/lib/python3.8/site-packages/airflow/example_dags/tutorial_taskflow_api_etl_virtualenv.py for tasks to queue
[2021-09-16 09:02:55,735] {logging_mixin.py:109} INFO - [2021-09-16 09:02:55,734] {dagbag.py:496} INFO - Filling up the DagBag from /home/airflow/.local/lib/python3.8/site-packages/airflow/example_dags/tutorial_taskflow_api_etl_virtualenv.py
[2021-09-16 09:02:55,751] {processor.py:623} INFO - DAG(s) dict_keys(['tutorial_taskflow_api_etl_virtualenv']) retrieved from /home/airflow/.local/lib/python3.8/site-packages/airflow/example_dags/tutorial_taskflow_api_etl_virtualenv.py
[2021-09-16 09:02:55,998] {logging_mixin.py:109} INFO - [2021-09-16 09:02:55,998] {dag.py:1833} INFO - Sync 1 DAGs
[2021-09-16 09:02:56,007] {logging_mixin.py:109} INFO - [2021-09-16 09:02:56,007] {dag.py:2306} INFO - Setting next_dagrun for tutorial_taskflow_api_etl_virtualenv to None
[2021-09-16 09:02:56,015] {processor.py:170} INFO - Processing /home/airflow/.local/lib/python3.8/site-packages/airflow/example_dags/tutorial_taskflow_api_etl_virtualenv.py took 0.287 seconds
[2021-09-16 09:03:26,099] {processor.py:162} INFO - Started process (PID=652) to work on /home/airflow/.local/lib/python3.8/site-packages/airflow/example_dags/tutorial_taskflow_api_etl_virtualenv.py
[2021-09-16 09:03:26,101] {processor.py:613} INFO - Processing file /home/airflow/.local/lib/python3.8/site-packages/airflow/example_dags/tutorial_taskflow_api_etl_virtualenv.py for tasks to queue
[2021-09-16 09:03:26,102] {logging_mixin.py:109} INFO - [2021-09-16 09:03:26,102] {dagbag.py:496} INFO - Filling up the DagBag from /home/airflow/.local/lib/python3.8/site-packages/airflow/example_dags/tutorial_taskflow_api_etl_virtualenv.py
[2021-09-16 09:03:26,115] {processor.py:623} INFO - DAG(s) dict_keys(['tutorial_taskflow_api_etl_virtualenv']) retrieved from /home/airflow/.local/lib/python3.8/site-packages/airflow/example_dags/tutorial_taskflow_api_etl_virtualenv.py
[2021-09-16 09:03:26,338] {logging_mixin.py:109} INFO - [2021-09-16 09:03:26,337] {dag.py:1833} INFO - Sync 1 DAGs
[2021-09-16 09:03:26,346] {logging_mixin.py:109} INFO - [2021-09-16 09:03:26,346] {dag.py:2306} INFO - Setting next_dagrun for tutorial_taskflow_api_etl_virtualenv to None
[2021-09-16 09:03:26,354] {processor.py:170} INFO - Processing /home/airflow/.local/lib/python3.8/site-packages/airflow/example_dags/tutorial_taskflow_api_etl_virtualenv.py took 0.258 seconds
[2021-09-16 09:03:57,297] {processor.py:162} INFO - Started process (PID=707) to work on /home/airflow/.local/lib/python3.8/site-packages/airflow/example_dags/tutorial_taskflow_api_etl_virtualenv.py
[2021-09-16 09:03:57,299] {processor.py:613} INFO - Processing file /home/airflow/.local/lib/python3.8/site-packages/airflow/example_dags/tutorial_taskflow_api_etl_virtualenv.py for tasks to queue
[2021-09-16 09:03:57,300] {logging_mixin.py:109} INFO - [2021-09-16 09:03:57,299] {dagbag.py:496} INFO - Filling up the DagBag from /home/airflow/.local/lib/python3.8/site-packages/airflow/example_dags/tutorial_taskflow_api_etl_virtualenv.py
[2021-09-16 09:03:57,322] {processor.py:623} INFO - DAG(s) dict_keys(['tutorial_taskflow_api_etl_virtualenv']) retrieved from /home/airflow/.local/lib/python3.8/site-packages/airflow/example_dags/tutorial_taskflow_api_etl_virtualenv.py
[2021-09-16 09:03:57,595] {logging_mixin.py:109} INFO - [2021-09-16 09:03:57,595] {dag.py:1833} INFO - Sync 1 DAGs
[2021-09-16 09:03:57,606] {logging_mixin.py:109} INFO - [2021-09-16 09:03:57,606] {dag.py:2306} INFO - Setting next_dagrun for tutorial_taskflow_api_etl_virtualenv to None
[2021-09-16 09:03:57,617] {processor.py:170} INFO - Processing /home/airflow/.local/lib/python3.8/site-packages/airflow/example_dags/tutorial_taskflow_api_etl_virtualenv.py took 0.323 seconds
[2021-09-16 09:04:27,674] {processor.py:162} INFO - Started process (PID=758) to work on /home/airflow/.local/lib/python3.8/site-packages/airflow/example_dags/tutorial_taskflow_api_etl_virtualenv.py
[2021-09-16 09:04:27,675] {processor.py:613} INFO - Processing file /home/airflow/.local/lib/python3.8/site-packages/airflow/example_dags/tutorial_taskflow_api_etl_virtualenv.py for tasks to queue
[2021-09-16 09:04:27,676] {logging_mixin.py:109} INFO - [2021-09-16 09:04:27,676] {dagbag.py:496} INFO - Filling up the DagBag from /home/airflow/.local/lib/python3.8/site-packages/airflow/example_dags/tutorial_taskflow_api_etl_virtualenv.py
[2021-09-16 09:04:27,690] {processor.py:623} INFO - DAG(s) dict_keys(['tutorial_taskflow_api_etl_virtualenv']) retrieved from /home/airflow/.local/lib/python3.8/site-packages/airflow/example_dags/tutorial_taskflow_api_etl_virtualenv.py
[2021-09-16 09:04:27,917] {logging_mixin.py:109} INFO - [2021-09-16 09:04:27,917] {dag.py:1833} INFO - Sync 1 DAGs
[2021-09-16 09:04:27,925] {logging_mixin.py:109} INFO - [2021-09-16 09:04:27,924] {dag.py:2306} INFO - Setting next_dagrun for tutorial_taskflow_api_etl_virtualenv to None
[2021-09-16 09:04:27,939] {processor.py:170} INFO - Processing /home/airflow/.local/lib/python3.8/site-packages/airflow/example_dags/tutorial_taskflow_api_etl_virtualenv.py took 0.268 seconds
[2021-09-16 09:04:58,863] {processor.py:162} INFO - Started process (PID=815) to work on /home/airflow/.local/lib/python3.8/site-packages/airflow/example_dags/tutorial_taskflow_api_etl_virtualenv.py
[2021-09-16 09:04:58,865] {processor.py:613} INFO - Processing file /home/airflow/.local/lib/python3.8/site-packages/airflow/example_dags/tutorial_taskflow_api_etl_virtualenv.py for tasks to queue
[2021-09-16 09:04:58,866] {logging_mixin.py:109} INFO - [2021-09-16 09:04:58,866] {dagbag.py:496} INFO - Filling up the DagBag from /home/airflow/.local/lib/python3.8/site-packages/airflow/example_dags/tutorial_taskflow_api_etl_virtualenv.py
[2021-09-16 09:04:58,880] {processor.py:623} INFO - DAG(s) dict_keys(['tutorial_taskflow_api_etl_virtualenv']) retrieved from /home/airflow/.local/lib/python3.8/site-packages/airflow/example_dags/tutorial_taskflow_api_etl_virtualenv.py
[2021-09-16 09:04:59,093] {logging_mixin.py:109} INFO - [2021-09-16 09:04:59,093] {dag.py:1833} INFO - Sync 1 DAGs
[2021-09-16 09:04:59,101] {logging_mixin.py:109} INFO - [2021-09-16 09:04:59,101] {dag.py:2306} INFO - Setting next_dagrun for tutorial_taskflow_api_etl_virtualenv to None
[2021-09-16 09:04:59,107] {processor.py:170} INFO - Processing /home/airflow/.local/lib/python3.8/site-packages/airflow/example_dags/tutorial_taskflow_api_etl_virtualenv.py took 0.249 seconds
[2021-09-16 09:05:29,178] {processor.py:162} INFO - Started process (PID=872) to work on /home/airflow/.local/lib/python3.8/site-packages/airflow/example_dags/tutorial_taskflow_api_etl_virtualenv.py
[2021-09-16 09:05:29,180] {processor.py:613} INFO - Processing file /home/airflow/.local/lib/python3.8/site-packages/airflow/example_dags/tutorial_taskflow_api_etl_virtualenv.py for tasks to queue
[2021-09-16 09:05:29,180] {logging_mixin.py:109} INFO - [2021-09-16 09:05:29,180] {dagbag.py:496} INFO - Filling up the DagBag from /home/airflow/.local/lib/python3.8/site-packages/airflow/example_dags/tutorial_taskflow_api_etl_virtualenv.py
[2021-09-16 09:05:29,194] {processor.py:623} INFO - DAG(s) dict_keys(['tutorial_taskflow_api_etl_virtualenv']) retrieved from /home/airflow/.local/lib/python3.8/site-packages/airflow/example_dags/tutorial_taskflow_api_etl_virtualenv.py
[2021-09-16 09:05:29,431] {logging_mixin.py:109} INFO - [2021-09-16 09:05:29,431] {dag.py:1833} INFO - Sync 1 DAGs
[2021-09-16 09:05:29,440] {logging_mixin.py:109} INFO - [2021-09-16 09:05:29,440] {dag.py:2306} INFO - Setting next_dagrun for tutorial_taskflow_api_etl_virtualenv to None
[2021-09-16 09:05:29,449] {processor.py:170} INFO - Processing /home/airflow/.local/lib/python3.8/site-packages/airflow/example_dags/tutorial_taskflow_api_etl_virtualenv.py took 0.274 seconds
[2021-09-16 09:05:59,501] {processor.py:162} INFO - Started process (PID=919) to work on /home/airflow/.local/lib/python3.8/site-packages/airflow/example_dags/tutorial_taskflow_api_etl_virtualenv.py
[2021-09-16 09:05:59,502] {processor.py:613} INFO - Processing file /home/airflow/.local/lib/python3.8/site-packages/airflow/example_dags/tutorial_taskflow_api_etl_virtualenv.py for tasks to queue
[2021-09-16 09:05:59,503] {logging_mixin.py:109} INFO - [2021-09-16 09:05:59,503] {dagbag.py:496} INFO - Filling up the DagBag from /home/airflow/.local/lib/python3.8/site-packages/airflow/example_dags/tutorial_taskflow_api_etl_virtualenv.py
[2021-09-16 09:05:59,516] {processor.py:623} INFO - DAG(s) dict_keys(['tutorial_taskflow_api_etl_virtualenv']) retrieved from /home/airflow/.local/lib/python3.8/site-packages/airflow/example_dags/tutorial_taskflow_api_etl_virtualenv.py
[2021-09-16 09:05:59,725] {logging_mixin.py:109} INFO - [2021-09-16 09:05:59,725] {dag.py:1833} INFO - Sync 1 DAGs
[2021-09-16 09:05:59,734] {logging_mixin.py:109} INFO - [2021-09-16 09:05:59,734] {dag.py:2306} INFO - Setting next_dagrun for tutorial_taskflow_api_etl_virtualenv to None
[2021-09-16 09:05:59,743] {processor.py:170} INFO - Processing /home/airflow/.local/lib/python3.8/site-packages/airflow/example_dags/tutorial_taskflow_api_etl_virtualenv.py took 0.244 seconds
[2021-09-16 09:06:29,832] {processor.py:162} INFO - Started process (PID=975) to work on /home/airflow/.local/lib/python3.8/site-packages/airflow/example_dags/tutorial_taskflow_api_etl_virtualenv.py
[2021-09-16 09:06:29,834] {processor.py:613} INFO - Processing file /home/airflow/.local/lib/python3.8/site-packages/airflow/example_dags/tutorial_taskflow_api_etl_virtualenv.py for tasks to queue
[2021-09-16 09:06:29,835] {logging_mixin.py:109} INFO - [2021-09-16 09:06:29,835] {dagbag.py:496} INFO - Filling up the DagBag from /home/airflow/.local/lib/python3.8/site-packages/airflow/example_dags/tutorial_taskflow_api_etl_virtualenv.py
[2021-09-16 09:06:29,848] {processor.py:623} INFO - DAG(s) dict_keys(['tutorial_taskflow_api_etl_virtualenv']) retrieved from /home/airflow/.local/lib/python3.8/site-packages/airflow/example_dags/tutorial_taskflow_api_etl_virtualenv.py
[2021-09-16 09:06:30,050] {logging_mixin.py:109} INFO - [2021-09-16 09:06:30,049] {dag.py:1833} INFO - Sync 1 DAGs
[2021-09-16 09:06:30,058] {logging_mixin.py:109} INFO - [2021-09-16 09:06:30,058] {dag.py:2306} INFO - Setting next_dagrun for tutorial_taskflow_api_etl_virtualenv to None
[2021-09-16 09:06:30,065] {processor.py:170} INFO - Processing /home/airflow/.local/lib/python3.8/site-packages/airflow/example_dags/tutorial_taskflow_api_etl_virtualenv.py took 0.236 seconds
[2021-09-16 09:07:00,864] {processor.py:162} INFO - Started process (PID=1031) to work on /home/airflow/.local/lib/python3.8/site-packages/airflow/example_dags/tutorial_taskflow_api_etl_virtualenv.py
[2021-09-16 09:07:00,866] {processor.py:613} INFO - Processing file /home/airflow/.local/lib/python3.8/site-packages/airflow/example_dags/tutorial_taskflow_api_etl_virtualenv.py for tasks to queue
[2021-09-16 09:07:00,867] {logging_mixin.py:109} INFO - [2021-09-16 09:07:00,867] {dagbag.py:496} INFO - Filling up the DagBag from /home/airflow/.local/lib/python3.8/site-packages/airflow/example_dags/tutorial_taskflow_api_etl_virtualenv.py
[2021-09-16 09:07:00,883] {processor.py:623} INFO - DAG(s) dict_keys(['tutorial_taskflow_api_etl_virtualenv']) retrieved from /home/airflow/.local/lib/python3.8/site-packages/airflow/example_dags/tutorial_taskflow_api_etl_virtualenv.py
[2021-09-16 09:07:01,105] {logging_mixin.py:109} INFO - [2021-09-16 09:07:01,105] {dag.py:1833} INFO - Sync 1 DAGs
[2021-09-16 09:07:01,113] {logging_mixin.py:109} INFO - [2021-09-16 09:07:01,113] {dag.py:2306} INFO - Setting next_dagrun for tutorial_taskflow_api_etl_virtualenv to None
[2021-09-16 09:07:01,121] {processor.py:170} INFO - Processing /home/airflow/.local/lib/python3.8/site-packages/airflow/example_dags/tutorial_taskflow_api_etl_virtualenv.py took 0.261 seconds
[2021-09-16 09:07:31,202] {processor.py:162} INFO - Started process (PID=1086) to work on /home/airflow/.local/lib/python3.8/site-packages/airflow/example_dags/tutorial_taskflow_api_etl_virtualenv.py
[2021-09-16 09:07:31,203] {processor.py:613} INFO - Processing file /home/airflow/.local/lib/python3.8/site-packages/airflow/example_dags/tutorial_taskflow_api_etl_virtualenv.py for tasks to queue
[2021-09-16 09:07:31,205] {logging_mixin.py:109} INFO - [2021-09-16 09:07:31,204] {dagbag.py:496} INFO - Filling up the DagBag from /home/airflow/.local/lib/python3.8/site-packages/airflow/example_dags/tutorial_taskflow_api_etl_virtualenv.py
[2021-09-16 09:07:31,220] {processor.py:623} INFO - DAG(s) dict_keys(['tutorial_taskflow_api_etl_virtualenv']) retrieved from /home/airflow/.local/lib/python3.8/site-packages/airflow/example_dags/tutorial_taskflow_api_etl_virtualenv.py
[2021-09-16 09:07:31,425] {logging_mixin.py:109} INFO - [2021-09-16 09:07:31,425] {dag.py:1833} INFO - Sync 1 DAGs
[2021-09-16 09:07:31,433] {logging_mixin.py:109} INFO - [2021-09-16 09:07:31,433] {dag.py:2306} INFO - Setting next_dagrun for tutorial_taskflow_api_etl_virtualenv to None
[2021-09-16 09:07:31,441] {processor.py:170} INFO - Processing /home/airflow/.local/lib/python3.8/site-packages/airflow/example_dags/tutorial_taskflow_api_etl_virtualenv.py took 0.243 seconds
[2021-09-16 09:08:01,639] {processor.py:162} INFO - Started process (PID=1133) to work on /home/airflow/.local/lib/python3.8/site-packages/airflow/example_dags/tutorial_taskflow_api_etl_virtualenv.py
[2021-09-16 09:08:01,640] {processor.py:613} INFO - Processing file /home/airflow/.local/lib/python3.8/site-packages/airflow/example_dags/tutorial_taskflow_api_etl_virtualenv.py for tasks to queue
[2021-09-16 09:08:01,641] {logging_mixin.py:109} INFO - [2021-09-16 09:08:01,641] {dagbag.py:496} INFO - Filling up the DagBag from /home/airflow/.local/lib/python3.8/site-packages/airflow/example_dags/tutorial_taskflow_api_etl_virtualenv.py
[2021-09-16 09:08:01,656] {processor.py:623} INFO - DAG(s) dict_keys(['tutorial_taskflow_api_etl_virtualenv']) retrieved from /home/airflow/.local/lib/python3.8/site-packages/airflow/example_dags/tutorial_taskflow_api_etl_virtualenv.py
[2021-09-16 09:08:01,877] {logging_mixin.py:109} INFO - [2021-09-16 09:08:01,877] {dag.py:1833} INFO - Sync 1 DAGs
[2021-09-16 09:08:01,885] {logging_mixin.py:109} INFO - [2021-09-16 09:08:01,885] {dag.py:2306} INFO - Setting next_dagrun for tutorial_taskflow_api_etl_virtualenv to None
[2021-09-16 09:08:01,894] {processor.py:170} INFO - Processing /home/airflow/.local/lib/python3.8/site-packages/airflow/example_dags/tutorial_taskflow_api_etl_virtualenv.py took 0.258 seconds
[2021-09-16 09:08:32,104] {processor.py:162} INFO - Started process (PID=1190) to work on /home/airflow/.local/lib/python3.8/site-packages/airflow/example_dags/tutorial_taskflow_api_etl_virtualenv.py
[2021-09-16 09:08:32,105] {processor.py:613} INFO - Processing file /home/airflow/.local/lib/python3.8/site-packages/airflow/example_dags/tutorial_taskflow_api_etl_virtualenv.py for tasks to queue
[2021-09-16 09:08:32,107] {logging_mixin.py:109} INFO - [2021-09-16 09:08:32,106] {dagbag.py:496} INFO - Filling up the DagBag from /home/airflow/.local/lib/python3.8/site-packages/airflow/example_dags/tutorial_taskflow_api_etl_virtualenv.py
[2021-09-16 09:08:32,122] {processor.py:623} INFO - DAG(s) dict_keys(['tutorial_taskflow_api_etl_virtualenv']) retrieved from /home/airflow/.local/lib/python3.8/site-packages/airflow/example_dags/tutorial_taskflow_api_etl_virtualenv.py
[2021-09-16 09:08:32,143] {logging_mixin.py:109} INFO - [2021-09-16 09:08:32,143] {dag.py:1833} INFO - Sync 1 DAGs
[2021-09-16 09:08:32,156] {logging_mixin.py:109} INFO - [2021-09-16 09:08:32,156] {dag.py:2306} INFO - Setting next_dagrun for tutorial_taskflow_api_etl_virtualenv to None
[2021-09-16 09:08:32,166] {processor.py:170} INFO - Processing /home/airflow/.local/lib/python3.8/site-packages/airflow/example_dags/tutorial_taskflow_api_etl_virtualenv.py took 0.066 seconds
[2021-09-16 09:09:02,503] {processor.py:162} INFO - Started process (PID=1246) to work on /home/airflow/.local/lib/python3.8/site-packages/airflow/example_dags/tutorial_taskflow_api_etl_virtualenv.py
[2021-09-16 09:09:02,505] {processor.py:613} INFO - Processing file /home/airflow/.local/lib/python3.8/site-packages/airflow/example_dags/tutorial_taskflow_api_etl_virtualenv.py for tasks to queue
[2021-09-16 09:09:02,506] {logging_mixin.py:109} INFO - [2021-09-16 09:09:02,506] {dagbag.py:496} INFO - Filling up the DagBag from /home/airflow/.local/lib/python3.8/site-packages/airflow/example_dags/tutorial_taskflow_api_etl_virtualenv.py
[2021-09-16 09:09:02,519] {processor.py:623} INFO - DAG(s) dict_keys(['tutorial_taskflow_api_etl_virtualenv']) retrieved from /home/airflow/.local/lib/python3.8/site-packages/airflow/example_dags/tutorial_taskflow_api_etl_virtualenv.py
[2021-09-16 09:09:02,748] {logging_mixin.py:109} INFO - [2021-09-16 09:09:02,748] {dag.py:1833} INFO - Sync 1 DAGs
[2021-09-16 09:09:02,756] {logging_mixin.py:109} INFO - [2021-09-16 09:09:02,756] {dag.py:2306} INFO - Setting next_dagrun for tutorial_taskflow_api_etl_virtualenv to None
[2021-09-16 09:09:02,765] {processor.py:170} INFO - Processing /home/airflow/.local/lib/python3.8/site-packages/airflow/example_dags/tutorial_taskflow_api_etl_virtualenv.py took 0.266 seconds
[2021-09-16 09:09:32,892] {processor.py:162} INFO - Started process (PID=1301) to work on /home/airflow/.local/lib/python3.8/site-packages/airflow/example_dags/tutorial_taskflow_api_etl_virtualenv.py
[2021-09-16 09:09:32,893] {processor.py:613} INFO - Processing file /home/airflow/.local/lib/python3.8/site-packages/airflow/example_dags/tutorial_taskflow_api_etl_virtualenv.py for tasks to queue
[2021-09-16 09:09:32,895] {logging_mixin.py:109} INFO - [2021-09-16 09:09:32,895] {dagbag.py:496} INFO - Filling up the DagBag from /home/airflow/.local/lib/python3.8/site-packages/airflow/example_dags/tutorial_taskflow_api_etl_virtualenv.py
[2021-09-16 09:09:32,911] {processor.py:623} INFO - DAG(s) dict_keys(['tutorial_taskflow_api_etl_virtualenv']) retrieved from /home/airflow/.local/lib/python3.8/site-packages/airflow/example_dags/tutorial_taskflow_api_etl_virtualenv.py
[2021-09-16 09:09:33,126] {logging_mixin.py:109} INFO - [2021-09-16 09:09:33,125] {dag.py:1833} INFO - Sync 1 DAGs
[2021-09-16 09:09:33,135] {logging_mixin.py:109} INFO - [2021-09-16 09:09:33,135] {dag.py:2306} INFO - Setting next_dagrun for tutorial_taskflow_api_etl_virtualenv to None
[2021-09-16 09:09:33,144] {processor.py:170} INFO - Processing /home/airflow/.local/lib/python3.8/site-packages/airflow/example_dags/tutorial_taskflow_api_etl_virtualenv.py took 0.256 seconds
[2021-09-16 09:10:03,272] {processor.py:162} INFO - Started process (PID=1350) to work on /home/airflow/.local/lib/python3.8/site-packages/airflow/example_dags/tutorial_taskflow_api_etl_virtualenv.py
[2021-09-16 09:10:03,273] {processor.py:613} INFO - Processing file /home/airflow/.local/lib/python3.8/site-packages/airflow/example_dags/tutorial_taskflow_api_etl_virtualenv.py for tasks to queue
[2021-09-16 09:10:03,274] {logging_mixin.py:109} INFO - [2021-09-16 09:10:03,274] {dagbag.py:496} INFO - Filling up the DagBag from /home/airflow/.local/lib/python3.8/site-packages/airflow/example_dags/tutorial_taskflow_api_etl_virtualenv.py
[2021-09-16 09:10:03,290] {processor.py:623} INFO - DAG(s) dict_keys(['tutorial_taskflow_api_etl_virtualenv']) retrieved from /home/airflow/.local/lib/python3.8/site-packages/airflow/example_dags/tutorial_taskflow_api_etl_virtualenv.py
[2021-09-16 09:10:03,498] {logging_mixin.py:109} INFO - [2021-09-16 09:10:03,497] {dag.py:1833} INFO - Sync 1 DAGs
[2021-09-16 09:10:03,505] {logging_mixin.py:109} INFO - [2021-09-16 09:10:03,505] {dag.py:2306} INFO - Setting next_dagrun for tutorial_taskflow_api_etl_virtualenv to None
[2021-09-16 09:10:03,512] {processor.py:170} INFO - Processing /home/airflow/.local/lib/python3.8/site-packages/airflow/example_dags/tutorial_taskflow_api_etl_virtualenv.py took 0.245 seconds
[2021-09-16 09:10:33,647] {processor.py:162} INFO - Started process (PID=1405) to work on /home/airflow/.local/lib/python3.8/site-packages/airflow/example_dags/tutorial_taskflow_api_etl_virtualenv.py
[2021-09-16 09:10:33,649] {processor.py:613} INFO - Processing file /home/airflow/.local/lib/python3.8/site-packages/airflow/example_dags/tutorial_taskflow_api_etl_virtualenv.py for tasks to queue
[2021-09-16 09:10:33,650] {logging_mixin.py:109} INFO - [2021-09-16 09:10:33,650] {dagbag.py:496} INFO - Filling up the DagBag from /home/airflow/.local/lib/python3.8/site-packages/airflow/example_dags/tutorial_taskflow_api_etl_virtualenv.py
[2021-09-16 09:10:33,666] {processor.py:623} INFO - DAG(s) dict_keys(['tutorial_taskflow_api_etl_virtualenv']) retrieved from /home/airflow/.local/lib/python3.8/site-packages/airflow/example_dags/tutorial_taskflow_api_etl_virtualenv.py
[2021-09-16 09:10:33,920] {logging_mixin.py:109} INFO - [2021-09-16 09:10:33,920] {dag.py:1833} INFO - Sync 1 DAGs
[2021-09-16 09:10:33,929] {logging_mixin.py:109} INFO - [2021-09-16 09:10:33,929] {dag.py:2306} INFO - Setting next_dagrun for tutorial_taskflow_api_etl_virtualenv to None
[2021-09-16 09:10:33,941] {processor.py:170} INFO - Processing /home/airflow/.local/lib/python3.8/site-packages/airflow/example_dags/tutorial_taskflow_api_etl_virtualenv.py took 0.297 seconds
[2021-09-16 09:11:04,288] {processor.py:162} INFO - Started process (PID=1461) to work on /home/airflow/.local/lib/python3.8/site-packages/airflow/example_dags/tutorial_taskflow_api_etl_virtualenv.py
[2021-09-16 09:11:04,290] {processor.py:613} INFO - Processing file /home/airflow/.local/lib/python3.8/site-packages/airflow/example_dags/tutorial_taskflow_api_etl_virtualenv.py for tasks to queue
[2021-09-16 09:11:04,291] {logging_mixin.py:109} INFO - [2021-09-16 09:11:04,291] {dagbag.py:496} INFO - Filling up the DagBag from /home/airflow/.local/lib/python3.8/site-packages/airflow/example_dags/tutorial_taskflow_api_etl_virtualenv.py
[2021-09-16 09:11:04,305] {processor.py:623} INFO - DAG(s) dict_keys(['tutorial_taskflow_api_etl_virtualenv']) retrieved from /home/airflow/.local/lib/python3.8/site-packages/airflow/example_dags/tutorial_taskflow_api_etl_virtualenv.py
[2021-09-16 09:11:04,515] {logging_mixin.py:109} INFO - [2021-09-16 09:11:04,515] {dag.py:1833} INFO - Sync 1 DAGs
[2021-09-16 09:11:04,523] {logging_mixin.py:109} INFO - [2021-09-16 09:11:04,523] {dag.py:2306} INFO - Setting next_dagrun for tutorial_taskflow_api_etl_virtualenv to None
[2021-09-16 09:11:04,532] {processor.py:170} INFO - Processing /home/airflow/.local/lib/python3.8/site-packages/airflow/example_dags/tutorial_taskflow_api_etl_virtualenv.py took 0.247 seconds
[2021-09-16 09:11:34,815] {processor.py:162} INFO - Started process (PID=1510) to work on /home/airflow/.local/lib/python3.8/site-packages/airflow/example_dags/tutorial_taskflow_api_etl_virtualenv.py
[2021-09-16 09:11:34,817] {processor.py:613} INFO - Processing file /home/airflow/.local/lib/python3.8/site-packages/airflow/example_dags/tutorial_taskflow_api_etl_virtualenv.py for tasks to queue
[2021-09-16 09:11:34,818] {logging_mixin.py:109} INFO - [2021-09-16 09:11:34,818] {dagbag.py:496} INFO - Filling up the DagBag from /home/airflow/.local/lib/python3.8/site-packages/airflow/example_dags/tutorial_taskflow_api_etl_virtualenv.py
[2021-09-16 09:11:34,832] {processor.py:623} INFO - DAG(s) dict_keys(['tutorial_taskflow_api_etl_virtualenv']) retrieved from /home/airflow/.local/lib/python3.8/site-packages/airflow/example_dags/tutorial_taskflow_api_etl_virtualenv.py
[2021-09-16 09:11:35,041] {logging_mixin.py:109} INFO - [2021-09-16 09:11:35,041] {dag.py:1833} INFO - Sync 1 DAGs
[2021-09-16 09:11:35,049] {logging_mixin.py:109} INFO - [2021-09-16 09:11:35,049] {dag.py:2306} INFO - Setting next_dagrun for tutorial_taskflow_api_etl_virtualenv to None
[2021-09-16 09:11:35,057] {processor.py:170} INFO - Processing /home/airflow/.local/lib/python3.8/site-packages/airflow/example_dags/tutorial_taskflow_api_etl_virtualenv.py took 0.246 seconds
[2021-09-16 09:12:05,239] {processor.py:162} INFO - Started process (PID=1565) to work on /home/airflow/.local/lib/python3.8/site-packages/airflow/example_dags/tutorial_taskflow_api_etl_virtualenv.py
[2021-09-16 09:12:05,241] {processor.py:613} INFO - Processing file /home/airflow/.local/lib/python3.8/site-packages/airflow/example_dags/tutorial_taskflow_api_etl_virtualenv.py for tasks to queue
[2021-09-16 09:12:05,243] {logging_mixin.py:109} INFO - [2021-09-16 09:12:05,242] {dagbag.py:496} INFO - Filling up the DagBag from /home/airflow/.local/lib/python3.8/site-packages/airflow/example_dags/tutorial_taskflow_api_etl_virtualenv.py
[2021-09-16 09:12:05,258] {processor.py:623} INFO - DAG(s) dict_keys(['tutorial_taskflow_api_etl_virtualenv']) retrieved from /home/airflow/.local/lib/python3.8/site-packages/airflow/example_dags/tutorial_taskflow_api_etl_virtualenv.py
[2021-09-16 09:12:05,483] {logging_mixin.py:109} INFO - [2021-09-16 09:12:05,483] {dag.py:1833} INFO - Sync 1 DAGs
[2021-09-16 09:12:05,491] {logging_mixin.py:109} INFO - [2021-09-16 09:12:05,491] {dag.py:2306} INFO - Setting next_dagrun for tutorial_taskflow_api_etl_virtualenv to None
[2021-09-16 09:12:05,504] {processor.py:170} INFO - Processing /home/airflow/.local/lib/python3.8/site-packages/airflow/example_dags/tutorial_taskflow_api_etl_virtualenv.py took 0.268 seconds
[2021-09-16 09:12:35,742] {processor.py:162} INFO - Started process (PID=1621) to work on /home/airflow/.local/lib/python3.8/site-packages/airflow/example_dags/tutorial_taskflow_api_etl_virtualenv.py
[2021-09-16 09:12:35,743] {processor.py:613} INFO - Processing file /home/airflow/.local/lib/python3.8/site-packages/airflow/example_dags/tutorial_taskflow_api_etl_virtualenv.py for tasks to queue
[2021-09-16 09:12:35,745] {logging_mixin.py:109} INFO - [2021-09-16 09:12:35,745] {dagbag.py:496} INFO - Filling up the DagBag from /home/airflow/.local/lib/python3.8/site-packages/airflow/example_dags/tutorial_taskflow_api_etl_virtualenv.py
[2021-09-16 09:12:35,759] {processor.py:623} INFO - DAG(s) dict_keys(['tutorial_taskflow_api_etl_virtualenv']) retrieved from /home/airflow/.local/lib/python3.8/site-packages/airflow/example_dags/tutorial_taskflow_api_etl_virtualenv.py
[2021-09-16 09:12:35,988] {logging_mixin.py:109} INFO - [2021-09-16 09:12:35,988] {dag.py:1833} INFO - Sync 1 DAGs
[2021-09-16 09:12:35,998] {logging_mixin.py:109} INFO - [2021-09-16 09:12:35,998] {dag.py:2306} INFO - Setting next_dagrun for tutorial_taskflow_api_etl_virtualenv to None
[2021-09-16 09:12:36,006] {processor.py:170} INFO - Processing /home/airflow/.local/lib/python3.8/site-packages/airflow/example_dags/tutorial_taskflow_api_etl_virtualenv.py took 0.267 seconds
[2021-09-16 09:13:06,185] {processor.py:162} INFO - Started process (PID=1669) to work on /home/airflow/.local/lib/python3.8/site-packages/airflow/example_dags/tutorial_taskflow_api_etl_virtualenv.py
[2021-09-16 09:13:06,187] {processor.py:613} INFO - Processing file /home/airflow/.local/lib/python3.8/site-packages/airflow/example_dags/tutorial_taskflow_api_etl_virtualenv.py for tasks to queue
[2021-09-16 09:13:06,188] {logging_mixin.py:109} INFO - [2021-09-16 09:13:06,188] {dagbag.py:496} INFO - Filling up the DagBag from /home/airflow/.local/lib/python3.8/site-packages/airflow/example_dags/tutorial_taskflow_api_etl_virtualenv.py
[2021-09-16 09:13:06,203] {processor.py:623} INFO - DAG(s) dict_keys(['tutorial_taskflow_api_etl_virtualenv']) retrieved from /home/airflow/.local/lib/python3.8/site-packages/airflow/example_dags/tutorial_taskflow_api_etl_virtualenv.py
[2021-09-16 09:13:06,433] {logging_mixin.py:109} INFO - [2021-09-16 09:13:06,432] {dag.py:1833} INFO - Sync 1 DAGs
[2021-09-16 09:13:06,443] {logging_mixin.py:109} INFO - [2021-09-16 09:13:06,443] {dag.py:2306} INFO - Setting next_dagrun for tutorial_taskflow_api_etl_virtualenv to None
[2021-09-16 09:13:06,453] {processor.py:170} INFO - Processing /home/airflow/.local/lib/python3.8/site-packages/airflow/example_dags/tutorial_taskflow_api_etl_virtualenv.py took 0.271 seconds
[2021-09-16 09:13:36,707] {processor.py:162} INFO - Started process (PID=1724) to work on /home/airflow/.local/lib/python3.8/site-packages/airflow/example_dags/tutorial_taskflow_api_etl_virtualenv.py
[2021-09-16 09:13:36,709] {processor.py:613} INFO - Processing file /home/airflow/.local/lib/python3.8/site-packages/airflow/example_dags/tutorial_taskflow_api_etl_virtualenv.py for tasks to queue
[2021-09-16 09:13:36,711] {logging_mixin.py:109} INFO - [2021-09-16 09:13:36,710] {dagbag.py:496} INFO - Filling up the DagBag from /home/airflow/.local/lib/python3.8/site-packages/airflow/example_dags/tutorial_taskflow_api_etl_virtualenv.py
[2021-09-16 09:13:36,726] {processor.py:623} INFO - DAG(s) dict_keys(['tutorial_taskflow_api_etl_virtualenv']) retrieved from /home/airflow/.local/lib/python3.8/site-packages/airflow/example_dags/tutorial_taskflow_api_etl_virtualenv.py
[2021-09-16 09:13:36,949] {logging_mixin.py:109} INFO - [2021-09-16 09:13:36,949] {dag.py:1833} INFO - Sync 1 DAGs
[2021-09-16 09:13:36,958] {logging_mixin.py:109} INFO - [2021-09-16 09:13:36,958] {dag.py:2306} INFO - Setting next_dagrun for tutorial_taskflow_api_etl_virtualenv to None
[2021-09-16 09:13:36,967] {processor.py:170} INFO - Processing /home/airflow/.local/lib/python3.8/site-packages/airflow/example_dags/tutorial_taskflow_api_etl_virtualenv.py took 0.263 seconds
[2021-09-16 09:14:07,001] {processor.py:162} INFO - Started process (PID=1780) to work on /home/airflow/.local/lib/python3.8/site-packages/airflow/example_dags/tutorial_taskflow_api_etl_virtualenv.py
[2021-09-16 09:14:07,003] {processor.py:613} INFO - Processing file /home/airflow/.local/lib/python3.8/site-packages/airflow/example_dags/tutorial_taskflow_api_etl_virtualenv.py for tasks to queue
[2021-09-16 09:14:07,003] {logging_mixin.py:109} INFO - [2021-09-16 09:14:07,003] {dagbag.py:496} INFO - Filling up the DagBag from /home/airflow/.local/lib/python3.8/site-packages/airflow/example_dags/tutorial_taskflow_api_etl_virtualenv.py
[2021-09-16 09:14:07,017] {processor.py:623} INFO - DAG(s) dict_keys(['tutorial_taskflow_api_etl_virtualenv']) retrieved from /home/airflow/.local/lib/python3.8/site-packages/airflow/example_dags/tutorial_taskflow_api_etl_virtualenv.py
[2021-09-16 09:14:07,236] {logging_mixin.py:109} INFO - [2021-09-16 09:14:07,236] {dag.py:1833} INFO - Sync 1 DAGs
[2021-09-16 09:14:07,245] {logging_mixin.py:109} INFO - [2021-09-16 09:14:07,245] {dag.py:2306} INFO - Setting next_dagrun for tutorial_taskflow_api_etl_virtualenv to None
[2021-09-16 09:14:07,254] {processor.py:170} INFO - Processing /home/airflow/.local/lib/python3.8/site-packages/airflow/example_dags/tutorial_taskflow_api_etl_virtualenv.py took 0.256 seconds
[2021-09-16 09:14:38,139] {processor.py:162} INFO - Started process (PID=1835) to work on /home/airflow/.local/lib/python3.8/site-packages/airflow/example_dags/tutorial_taskflow_api_etl_virtualenv.py
[2021-09-16 09:14:38,140] {processor.py:613} INFO - Processing file /home/airflow/.local/lib/python3.8/site-packages/airflow/example_dags/tutorial_taskflow_api_etl_virtualenv.py for tasks to queue
[2021-09-16 09:14:38,141] {logging_mixin.py:109} INFO - [2021-09-16 09:14:38,141] {dagbag.py:496} INFO - Filling up the DagBag from /home/airflow/.local/lib/python3.8/site-packages/airflow/example_dags/tutorial_taskflow_api_etl_virtualenv.py
[2021-09-16 09:14:38,155] {processor.py:623} INFO - DAG(s) dict_keys(['tutorial_taskflow_api_etl_virtualenv']) retrieved from /home/airflow/.local/lib/python3.8/site-packages/airflow/example_dags/tutorial_taskflow_api_etl_virtualenv.py
[2021-09-16 09:14:38,382] {logging_mixin.py:109} INFO - [2021-09-16 09:14:38,381] {dag.py:1833} INFO - Sync 1 DAGs
[2021-09-16 09:14:38,391] {logging_mixin.py:109} INFO - [2021-09-16 09:14:38,391] {dag.py:2306} INFO - Setting next_dagrun for tutorial_taskflow_api_etl_virtualenv to None
[2021-09-16 09:14:38,400] {processor.py:170} INFO - Processing /home/airflow/.local/lib/python3.8/site-packages/airflow/example_dags/tutorial_taskflow_api_etl_virtualenv.py took 0.264 seconds
[2021-09-16 09:15:08,474] {processor.py:162} INFO - Started process (PID=1884) to work on /home/airflow/.local/lib/python3.8/site-packages/airflow/example_dags/tutorial_taskflow_api_etl_virtualenv.py
[2021-09-16 09:15:08,476] {processor.py:613} INFO - Processing file /home/airflow/.local/lib/python3.8/site-packages/airflow/example_dags/tutorial_taskflow_api_etl_virtualenv.py for tasks to queue
[2021-09-16 09:15:08,476] {logging_mixin.py:109} INFO - [2021-09-16 09:15:08,476] {dagbag.py:496} INFO - Filling up the DagBag from /home/airflow/.local/lib/python3.8/site-packages/airflow/example_dags/tutorial_taskflow_api_etl_virtualenv.py
[2021-09-16 09:15:08,489] {processor.py:623} INFO - DAG(s) dict_keys(['tutorial_taskflow_api_etl_virtualenv']) retrieved from /home/airflow/.local/lib/python3.8/site-packages/airflow/example_dags/tutorial_taskflow_api_etl_virtualenv.py
[2021-09-16 09:15:08,704] {logging_mixin.py:109} INFO - [2021-09-16 09:15:08,704] {dag.py:1833} INFO - Sync 1 DAGs
[2021-09-16 09:15:08,714] {logging_mixin.py:109} INFO - [2021-09-16 09:15:08,713] {dag.py:2306} INFO - Setting next_dagrun for tutorial_taskflow_api_etl_virtualenv to None
[2021-09-16 09:15:08,722] {processor.py:170} INFO - Processing /home/airflow/.local/lib/python3.8/site-packages/airflow/example_dags/tutorial_taskflow_api_etl_virtualenv.py took 0.250 seconds
[2021-09-16 09:15:38,750] {processor.py:162} INFO - Started process (PID=1939) to work on /home/airflow/.local/lib/python3.8/site-packages/airflow/example_dags/tutorial_taskflow_api_etl_virtualenv.py
[2021-09-16 09:15:38,752] {processor.py:613} INFO - Processing file /home/airflow/.local/lib/python3.8/site-packages/airflow/example_dags/tutorial_taskflow_api_etl_virtualenv.py for tasks to queue
[2021-09-16 09:15:38,753] {logging_mixin.py:109} INFO - [2021-09-16 09:15:38,753] {dagbag.py:496} INFO - Filling up the DagBag from /home/airflow/.local/lib/python3.8/site-packages/airflow/example_dags/tutorial_taskflow_api_etl_virtualenv.py
[2021-09-16 09:15:38,770] {processor.py:623} INFO - DAG(s) dict_keys(['tutorial_taskflow_api_etl_virtualenv']) retrieved from /home/airflow/.local/lib/python3.8/site-packages/airflow/example_dags/tutorial_taskflow_api_etl_virtualenv.py
[2021-09-16 09:15:39,001] {logging_mixin.py:109} INFO - [2021-09-16 09:15:39,000] {dag.py:1833} INFO - Sync 1 DAGs
[2021-09-16 09:15:39,008] {logging_mixin.py:109} INFO - [2021-09-16 09:15:39,008] {dag.py:2306} INFO - Setting next_dagrun for tutorial_taskflow_api_etl_virtualenv to None
[2021-09-16 09:15:39,016] {processor.py:170} INFO - Processing /home/airflow/.local/lib/python3.8/site-packages/airflow/example_dags/tutorial_taskflow_api_etl_virtualenv.py took 0.270 seconds
