[2021-09-20 14:31:00,200] {taskinstance.py:903} INFO - Dependencies all met for <TaskInstance: branching-dag.Get_Data 2020-07-25T00:00:00+00:00 [queued]>
[2021-09-20 14:31:00,213] {taskinstance.py:903} INFO - Dependencies all met for <TaskInstance: branching-dag.Get_Data 2020-07-25T00:00:00+00:00 [queued]>
[2021-09-20 14:31:00,214] {taskinstance.py:1094} INFO - 
--------------------------------------------------------------------------------
[2021-09-20 14:31:00,215] {taskinstance.py:1095} INFO - Starting attempt 1 of 2
[2021-09-20 14:31:00,215] {taskinstance.py:1096} INFO - 
--------------------------------------------------------------------------------
[2021-09-20 14:31:00,222] {taskinstance.py:1114} INFO - Executing <Task(PythonOperator): Get_Data> on 2020-07-25T00:00:00+00:00
[2021-09-20 14:31:00,226] {standard_task_runner.py:52} INFO - Started process 815 to run task
[2021-09-20 14:31:00,230] {standard_task_runner.py:76} INFO - Running: ['***', 'tasks', 'run', 'branching-dag', 'Get_Data', '2020-07-25T00:00:00+00:00', '--job-id', '6', '--pool', 'default_pool', '--raw', '--subdir', 'DAGS_FOLDER/xcom_branching.py', '--cfg-path', '/tmp/tmprjqg72qt', '--error-file', '/tmp/tmps_9jujw1']
[2021-09-20 14:31:00,231] {standard_task_runner.py:77} INFO - Job 6: Subtask Get_Data
[2021-09-20 14:31:00,271] {logging_mixin.py:109} INFO - Running <TaskInstance: branching-dag.Get_Data 2020-07-25T00:00:00+00:00 [running]> on host ba08e7b1fb26
[2021-09-20 14:31:00,318] {taskinstance.py:1251} INFO - Exporting the following env vars:
AIRFLOW_CTX_DAG_EMAIL=myemail@mail.com
AIRFLOW_CTX_DAG_OWNER=rab4u
AIRFLOW_CTX_DAG_ID=branching-dag
AIRFLOW_CTX_TASK_ID=Get_Data
AIRFLOW_CTX_EXECUTION_DATE=2020-07-25T00:00:00+00:00
AIRFLOW_CTX_DAG_RUN_ID=scheduled__2020-07-25T00:00:00+00:00
[2021-09-20 14:31:00,333] {python.py:151} INFO - Done. Returned value was: None
[2021-09-20 14:31:00,342] {taskinstance.py:1211} INFO - Marking task as SUCCESS. dag_id=branching-dag, task_id=Get_Data, execution_date=20200725T000000, start_date=20210920T143100, end_date=20210920T143100
[2021-09-20 14:31:00,362] {local_task_job.py:151} INFO - Task exited with return code 0
[2021-09-20 14:31:00,385] {local_task_job.py:261} INFO - 1 downstream tasks scheduled from follow-on schedule check
