[2021-09-20 14:33:51,428] {taskinstance.py:903} INFO - Dependencies all met for <TaskInstance: branching-dag.Get_Data 2020-07-25T00:00:00+00:00 [queued]>
[2021-09-20 14:33:51,445] {taskinstance.py:903} INFO - Dependencies all met for <TaskInstance: branching-dag.Get_Data 2020-07-25T00:00:00+00:00 [queued]>
[2021-09-20 14:33:51,446] {taskinstance.py:1094} INFO - 
--------------------------------------------------------------------------------
[2021-09-20 14:33:51,447] {taskinstance.py:1095} INFO - Starting attempt 2 of 3
[2021-09-20 14:33:51,448] {taskinstance.py:1096} INFO - 
--------------------------------------------------------------------------------
[2021-09-20 14:33:51,459] {taskinstance.py:1114} INFO - Executing <Task(PythonOperator): Get_Data> on 2020-07-25T00:00:00+00:00
[2021-09-20 14:33:51,463] {standard_task_runner.py:52} INFO - Started process 1053 to run task
[2021-09-20 14:33:51,467] {standard_task_runner.py:76} INFO - Running: ['***', 'tasks', 'run', 'branching-dag', 'Get_Data', '2020-07-25T00:00:00+00:00', '--job-id', '8', '--pool', 'default_pool', '--raw', '--subdir', 'DAGS_FOLDER/xcom_branching.py', '--cfg-path', '/tmp/tmp1eycexg_', '--error-file', '/tmp/tmp3nb_msch']
[2021-09-20 14:33:51,483] {standard_task_runner.py:77} INFO - Job 8: Subtask Get_Data
[2021-09-20 14:33:51,525] {logging_mixin.py:109} INFO - Running <TaskInstance: branching-dag.Get_Data 2020-07-25T00:00:00+00:00 [running]> on host ba08e7b1fb26
[2021-09-20 14:33:51,568] {taskinstance.py:1251} INFO - Exporting the following env vars:
AIRFLOW_CTX_DAG_EMAIL=myemail@mail.com
AIRFLOW_CTX_DAG_OWNER=rab4u
AIRFLOW_CTX_DAG_ID=branching-dag
AIRFLOW_CTX_TASK_ID=Get_Data
AIRFLOW_CTX_EXECUTION_DATE=2020-07-25T00:00:00+00:00
AIRFLOW_CTX_DAG_RUN_ID=scheduled__2020-07-25T00:00:00+00:00
[2021-09-20 14:33:51,581] {python.py:151} INFO - Done. Returned value was: None
[2021-09-20 14:33:51,589] {taskinstance.py:1211} INFO - Marking task as SUCCESS. dag_id=branching-dag, task_id=Get_Data, execution_date=20200725T000000, start_date=20210920T143351, end_date=20210920T143351
[2021-09-20 14:33:51,619] {local_task_job.py:151} INFO - Task exited with return code 0
[2021-09-20 14:33:51,640] {local_task_job.py:261} INFO - 1 downstream tasks scheduled from follow-on schedule check
