[2021-09-20 14:35:35,392] {taskinstance.py:903} INFO - Dependencies all met for <TaskInstance: branching-dag.Get_Data 2020-07-25T00:00:00+00:00 [queued]>
[2021-09-20 14:35:35,411] {taskinstance.py:903} INFO - Dependencies all met for <TaskInstance: branching-dag.Get_Data 2020-07-25T00:00:00+00:00 [queued]>
[2021-09-20 14:35:35,412] {taskinstance.py:1094} INFO - 
--------------------------------------------------------------------------------
[2021-09-20 14:35:35,413] {taskinstance.py:1095} INFO - Starting attempt 3 of 4
[2021-09-20 14:35:35,414] {taskinstance.py:1096} INFO - 
--------------------------------------------------------------------------------
[2021-09-20 14:35:35,423] {taskinstance.py:1114} INFO - Executing <Task(PythonOperator): Get_Data> on 2020-07-25T00:00:00+00:00
[2021-09-20 14:35:35,427] {standard_task_runner.py:52} INFO - Started process 1195 to run task
[2021-09-20 14:35:35,432] {standard_task_runner.py:76} INFO - Running: ['***', 'tasks', 'run', 'branching-dag', 'Get_Data', '2020-07-25T00:00:00+00:00', '--job-id', '10', '--pool', 'default_pool', '--raw', '--subdir', 'DAGS_FOLDER/xcom_branching.py', '--cfg-path', '/tmp/tmpt0u3z07b', '--error-file', '/tmp/tmp4pstwg2w']
[2021-09-20 14:35:35,435] {standard_task_runner.py:77} INFO - Job 10: Subtask Get_Data
[2021-09-20 14:35:35,480] {logging_mixin.py:109} INFO - Running <TaskInstance: branching-dag.Get_Data 2020-07-25T00:00:00+00:00 [running]> on host ba08e7b1fb26
[2021-09-20 14:35:35,526] {taskinstance.py:1251} INFO - Exporting the following env vars:
AIRFLOW_CTX_DAG_EMAIL=myemail@mail.com
AIRFLOW_CTX_DAG_OWNER=rab4u
AIRFLOW_CTX_DAG_ID=branching-dag
AIRFLOW_CTX_TASK_ID=Get_Data
AIRFLOW_CTX_EXECUTION_DATE=2020-07-25T00:00:00+00:00
AIRFLOW_CTX_DAG_RUN_ID=scheduled__2020-07-25T00:00:00+00:00
[2021-09-20 14:35:35,544] {python.py:151} INFO - Done. Returned value was: None
[2021-09-20 14:35:35,554] {taskinstance.py:1211} INFO - Marking task as SUCCESS. dag_id=branching-dag, task_id=Get_Data, execution_date=20200725T000000, start_date=20210920T143535, end_date=20210920T143535
[2021-09-20 14:35:35,608] {local_task_job.py:151} INFO - Task exited with return code 0
[2021-09-20 14:35:35,631] {local_task_job.py:261} INFO - 1 downstream tasks scheduled from follow-on schedule check
