[2021-09-16 09:27:07,154] {taskinstance.py:903} INFO - Dependencies all met for <TaskInstance: my-first-dag.HelloWorld 2020-07-25T00:00:00+00:00 [queued]>
[2021-09-16 09:27:07,167] {taskinstance.py:903} INFO - Dependencies all met for <TaskInstance: my-first-dag.HelloWorld 2020-07-25T00:00:00+00:00 [queued]>
[2021-09-16 09:27:07,168] {taskinstance.py:1094} INFO - 
--------------------------------------------------------------------------------
[2021-09-16 09:27:07,168] {taskinstance.py:1095} INFO - Starting attempt 1 of 2
[2021-09-16 09:27:07,170] {taskinstance.py:1096} INFO - 
--------------------------------------------------------------------------------
[2021-09-16 09:27:07,177] {taskinstance.py:1114} INFO - Executing <Task(BashOperator): HelloWorld> on 2020-07-25T00:00:00+00:00
[2021-09-16 09:27:07,181] {standard_task_runner.py:52} INFO - Started process 279 to run task
[2021-09-16 09:27:07,184] {standard_task_runner.py:76} INFO - Running: ['***', 'tasks', 'run', 'my-first-dag', 'HelloWorld', '2020-07-25T00:00:00+00:00', '--job-id', '4', '--pool', 'default_pool', '--raw', '--subdir', 'DAGS_FOLDER/myfirstdag.py', '--cfg-path', '/tmp/tmppbx_d7au', '--error-file', '/tmp/tmpr6c5qj8u']
[2021-09-16 09:27:07,186] {standard_task_runner.py:77} INFO - Job 4: Subtask HelloWorld
[2021-09-16 09:27:07,225] {logging_mixin.py:109} INFO - Running <TaskInstance: my-first-dag.HelloWorld 2020-07-25T00:00:00+00:00 [running]> on host ba08e7b1fb26
[2021-09-16 09:27:07,271] {taskinstance.py:1251} INFO - Exporting the following env vars:
AIRFLOW_CTX_DAG_EMAIL=myemail@mail.com
AIRFLOW_CTX_DAG_OWNER=rab4u
AIRFLOW_CTX_DAG_ID=my-first-dag
AIRFLOW_CTX_TASK_ID=HelloWorld
AIRFLOW_CTX_EXECUTION_DATE=2020-07-25T00:00:00+00:00
AIRFLOW_CTX_DAG_RUN_ID=scheduled__2020-07-25T00:00:00+00:00
[2021-09-16 09:27:07,272] {subprocess.py:52} INFO - Tmp dir root location: 
 /tmp
[2021-09-16 09:27:07,273] {subprocess.py:63} INFO - Running command: ['bash', '-c', "echo 'Hello world'"]
[2021-09-16 09:27:07,282] {subprocess.py:74} INFO - Output:
[2021-09-16 09:27:07,284] {subprocess.py:78} INFO - Hello world
[2021-09-16 09:27:07,285] {subprocess.py:82} INFO - Command exited with return code 0
[2021-09-16 09:27:07,310] {taskinstance.py:1211} INFO - Marking task as SUCCESS. dag_id=my-first-dag, task_id=HelloWorld, execution_date=20200725T000000, start_date=20210916T092707, end_date=20210916T092707
[2021-09-16 09:27:07,361] {local_task_job.py:151} INFO - Task exited with return code 0
[2021-09-16 09:27:07,382] {local_task_job.py:261} INFO - 0 downstream tasks scheduled from follow-on schedule check
