[2021-09-20 14:21:23,841] {processor.py:162} INFO - Started process (PID=24) to work on /opt/airflow/dags/myfirstdag.py
[2021-09-20 14:21:23,844] {processor.py:613} INFO - Processing file /opt/airflow/dags/myfirstdag.py for tasks to queue
[2021-09-20 14:21:23,846] {logging_mixin.py:109} INFO - [2021-09-20 14:21:23,846] {dagbag.py:496} INFO - Filling up the DagBag from /opt/airflow/dags/myfirstdag.py
[2021-09-20 14:21:23,878] {processor.py:623} INFO - DAG(s) dict_keys(['my-first-dag']) retrieved from /opt/airflow/dags/myfirstdag.py
[2021-09-20 14:21:23,915] {logging_mixin.py:109} INFO - [2021-09-20 14:21:23,914] {dag.py:1833} INFO - Sync 1 DAGs
[2021-09-20 14:21:23,936] {logging_mixin.py:109} INFO - [2021-09-20 14:21:23,936] {dag.py:2306} INFO - Setting next_dagrun for my-first-dag to None
[2021-09-20 14:21:23,948] {processor.py:170} INFO - Processing /opt/airflow/dags/myfirstdag.py took 0.114 seconds
[2021-09-20 14:21:54,026] {processor.py:162} INFO - Started process (PID=58) to work on /opt/airflow/dags/myfirstdag.py
[2021-09-20 14:21:54,028] {processor.py:613} INFO - Processing file /opt/airflow/dags/myfirstdag.py for tasks to queue
[2021-09-20 14:21:54,029] {logging_mixin.py:109} INFO - [2021-09-20 14:21:54,029] {dagbag.py:496} INFO - Filling up the DagBag from /opt/airflow/dags/myfirstdag.py
[2021-09-20 14:21:54,046] {processor.py:623} INFO - DAG(s) dict_keys(['my-first-dag']) retrieved from /opt/airflow/dags/myfirstdag.py
[2021-09-20 14:21:54,066] {logging_mixin.py:109} INFO - [2021-09-20 14:21:54,066] {dag.py:1833} INFO - Sync 1 DAGs
[2021-09-20 14:21:54,084] {logging_mixin.py:109} INFO - [2021-09-20 14:21:54,084] {dag.py:2306} INFO - Setting next_dagrun for my-first-dag to None
[2021-09-20 14:21:54,091] {processor.py:170} INFO - Processing /opt/airflow/dags/myfirstdag.py took 0.068 seconds
[2021-09-20 14:22:24,194] {processor.py:162} INFO - Started process (PID=77) to work on /opt/airflow/dags/myfirstdag.py
[2021-09-20 14:22:24,196] {processor.py:613} INFO - Processing file /opt/airflow/dags/myfirstdag.py for tasks to queue
[2021-09-20 14:22:24,197] {logging_mixin.py:109} INFO - [2021-09-20 14:22:24,197] {dagbag.py:496} INFO - Filling up the DagBag from /opt/airflow/dags/myfirstdag.py
[2021-09-20 14:22:24,212] {processor.py:623} INFO - DAG(s) dict_keys(['my-first-dag']) retrieved from /opt/airflow/dags/myfirstdag.py
[2021-09-20 14:22:24,231] {logging_mixin.py:109} INFO - [2021-09-20 14:22:24,231] {dag.py:1833} INFO - Sync 1 DAGs
[2021-09-20 14:22:24,242] {logging_mixin.py:109} INFO - [2021-09-20 14:22:24,242] {dag.py:2306} INFO - Setting next_dagrun for my-first-dag to None
[2021-09-20 14:22:24,249] {processor.py:170} INFO - Processing /opt/airflow/dags/myfirstdag.py took 0.058 seconds
[2021-09-20 14:22:54,349] {processor.py:162} INFO - Started process (PID=105) to work on /opt/airflow/dags/myfirstdag.py
[2021-09-20 14:22:54,350] {processor.py:613} INFO - Processing file /opt/airflow/dags/myfirstdag.py for tasks to queue
[2021-09-20 14:22:54,351] {logging_mixin.py:109} INFO - [2021-09-20 14:22:54,351] {dagbag.py:496} INFO - Filling up the DagBag from /opt/airflow/dags/myfirstdag.py
[2021-09-20 14:22:54,365] {processor.py:623} INFO - DAG(s) dict_keys(['my-first-dag']) retrieved from /opt/airflow/dags/myfirstdag.py
[2021-09-20 14:22:54,384] {logging_mixin.py:109} INFO - [2021-09-20 14:22:54,384] {dag.py:1833} INFO - Sync 1 DAGs
[2021-09-20 14:22:54,395] {logging_mixin.py:109} INFO - [2021-09-20 14:22:54,395] {dag.py:2306} INFO - Setting next_dagrun for my-first-dag to None
[2021-09-20 14:22:54,402] {processor.py:170} INFO - Processing /opt/airflow/dags/myfirstdag.py took 0.056 seconds
[2021-09-20 14:23:24,548] {processor.py:162} INFO - Started process (PID=135) to work on /opt/airflow/dags/myfirstdag.py
[2021-09-20 14:23:24,549] {processor.py:613} INFO - Processing file /opt/airflow/dags/myfirstdag.py for tasks to queue
[2021-09-20 14:23:24,550] {logging_mixin.py:109} INFO - [2021-09-20 14:23:24,550] {dagbag.py:496} INFO - Filling up the DagBag from /opt/airflow/dags/myfirstdag.py
[2021-09-20 14:23:24,563] {processor.py:623} INFO - DAG(s) dict_keys(['my-first-dag']) retrieved from /opt/airflow/dags/myfirstdag.py
[2021-09-20 14:23:24,582] {logging_mixin.py:109} INFO - [2021-09-20 14:23:24,582] {dag.py:1833} INFO - Sync 1 DAGs
[2021-09-20 14:23:24,593] {logging_mixin.py:109} INFO - [2021-09-20 14:23:24,593] {dag.py:2306} INFO - Setting next_dagrun for my-first-dag to None
[2021-09-20 14:23:24,600] {processor.py:170} INFO - Processing /opt/airflow/dags/myfirstdag.py took 0.055 seconds
[2021-09-20 14:23:54,827] {processor.py:162} INFO - Started process (PID=160) to work on /opt/airflow/dags/myfirstdag.py
[2021-09-20 14:23:54,829] {processor.py:613} INFO - Processing file /opt/airflow/dags/myfirstdag.py for tasks to queue
[2021-09-20 14:23:54,832] {logging_mixin.py:109} INFO - [2021-09-20 14:23:54,832] {dagbag.py:496} INFO - Filling up the DagBag from /opt/airflow/dags/myfirstdag.py
[2021-09-20 14:23:54,851] {processor.py:623} INFO - DAG(s) dict_keys(['my-first-dag']) retrieved from /opt/airflow/dags/myfirstdag.py
[2021-09-20 14:23:54,874] {logging_mixin.py:109} INFO - [2021-09-20 14:23:54,874] {dag.py:1833} INFO - Sync 1 DAGs
[2021-09-20 14:23:54,887] {logging_mixin.py:109} INFO - [2021-09-20 14:23:54,887] {dag.py:2306} INFO - Setting next_dagrun for my-first-dag to None
[2021-09-20 14:23:54,894] {processor.py:170} INFO - Processing /opt/airflow/dags/myfirstdag.py took 0.071 seconds
[2021-09-20 14:24:25,019] {processor.py:162} INFO - Started process (PID=190) to work on /opt/airflow/dags/myfirstdag.py
[2021-09-20 14:24:25,021] {processor.py:613} INFO - Processing file /opt/airflow/dags/myfirstdag.py for tasks to queue
[2021-09-20 14:24:25,022] {logging_mixin.py:109} INFO - [2021-09-20 14:24:25,022] {dagbag.py:496} INFO - Filling up the DagBag from /opt/airflow/dags/myfirstdag.py
[2021-09-20 14:24:25,038] {processor.py:623} INFO - DAG(s) dict_keys(['my-first-dag']) retrieved from /opt/airflow/dags/myfirstdag.py
[2021-09-20 14:24:25,057] {logging_mixin.py:109} INFO - [2021-09-20 14:24:25,057] {dag.py:1833} INFO - Sync 1 DAGs
[2021-09-20 14:24:25,069] {logging_mixin.py:109} INFO - [2021-09-20 14:24:25,069] {dag.py:2306} INFO - Setting next_dagrun for my-first-dag to None
[2021-09-20 14:24:25,077] {processor.py:170} INFO - Processing /opt/airflow/dags/myfirstdag.py took 0.061 seconds
[2021-09-20 14:24:55,181] {processor.py:162} INFO - Started process (PID=220) to work on /opt/airflow/dags/myfirstdag.py
[2021-09-20 14:24:55,182] {processor.py:613} INFO - Processing file /opt/airflow/dags/myfirstdag.py for tasks to queue
[2021-09-20 14:24:55,184] {logging_mixin.py:109} INFO - [2021-09-20 14:24:55,184] {dagbag.py:496} INFO - Filling up the DagBag from /opt/airflow/dags/myfirstdag.py
[2021-09-20 14:24:55,199] {processor.py:623} INFO - DAG(s) dict_keys(['my-first-dag']) retrieved from /opt/airflow/dags/myfirstdag.py
[2021-09-20 14:24:55,217] {logging_mixin.py:109} INFO - [2021-09-20 14:24:55,217] {dag.py:1833} INFO - Sync 1 DAGs
[2021-09-20 14:24:55,228] {logging_mixin.py:109} INFO - [2021-09-20 14:24:55,228] {dag.py:2306} INFO - Setting next_dagrun for my-first-dag to None
[2021-09-20 14:24:55,235] {processor.py:170} INFO - Processing /opt/airflow/dags/myfirstdag.py took 0.058 seconds
[2021-09-20 14:25:25,360] {processor.py:162} INFO - Started process (PID=241) to work on /opt/airflow/dags/myfirstdag.py
[2021-09-20 14:25:25,362] {processor.py:613} INFO - Processing file /opt/airflow/dags/myfirstdag.py for tasks to queue
[2021-09-20 14:25:25,363] {logging_mixin.py:109} INFO - [2021-09-20 14:25:25,363] {dagbag.py:496} INFO - Filling up the DagBag from /opt/airflow/dags/myfirstdag.py
[2021-09-20 14:25:25,378] {processor.py:623} INFO - DAG(s) dict_keys(['my-first-dag']) retrieved from /opt/airflow/dags/myfirstdag.py
[2021-09-20 14:25:25,398] {logging_mixin.py:109} INFO - [2021-09-20 14:25:25,398] {dag.py:1833} INFO - Sync 1 DAGs
[2021-09-20 14:25:25,409] {logging_mixin.py:109} INFO - [2021-09-20 14:25:25,409] {dag.py:2306} INFO - Setting next_dagrun for my-first-dag to None
[2021-09-20 14:25:25,417] {processor.py:170} INFO - Processing /opt/airflow/dags/myfirstdag.py took 0.060 seconds
[2021-09-20 14:25:55,700] {processor.py:162} INFO - Started process (PID=276) to work on /opt/airflow/dags/myfirstdag.py
[2021-09-20 14:25:55,702] {processor.py:613} INFO - Processing file /opt/airflow/dags/myfirstdag.py for tasks to queue
[2021-09-20 14:25:55,703] {logging_mixin.py:109} INFO - [2021-09-20 14:25:55,703] {dagbag.py:496} INFO - Filling up the DagBag from /opt/airflow/dags/myfirstdag.py
[2021-09-20 14:25:55,719] {processor.py:623} INFO - DAG(s) dict_keys(['my-first-dag']) retrieved from /opt/airflow/dags/myfirstdag.py
[2021-09-20 14:25:55,741] {logging_mixin.py:109} INFO - [2021-09-20 14:25:55,741] {dag.py:1833} INFO - Sync 1 DAGs
[2021-09-20 14:25:55,753] {logging_mixin.py:109} INFO - [2021-09-20 14:25:55,753] {dag.py:2306} INFO - Setting next_dagrun for my-first-dag to None
[2021-09-20 14:25:55,761] {processor.py:170} INFO - Processing /opt/airflow/dags/myfirstdag.py took 0.064 seconds
[2021-09-20 14:26:25,930] {processor.py:162} INFO - Started process (PID=304) to work on /opt/airflow/dags/myfirstdag.py
[2021-09-20 14:26:25,931] {processor.py:613} INFO - Processing file /opt/airflow/dags/myfirstdag.py for tasks to queue
[2021-09-20 14:26:25,932] {logging_mixin.py:109} INFO - [2021-09-20 14:26:25,932] {dagbag.py:496} INFO - Filling up the DagBag from /opt/airflow/dags/myfirstdag.py
[2021-09-20 14:26:25,945] {processor.py:623} INFO - DAG(s) dict_keys(['my-first-dag']) retrieved from /opt/airflow/dags/myfirstdag.py
[2021-09-20 14:26:25,963] {logging_mixin.py:109} INFO - [2021-09-20 14:26:25,963] {dag.py:1833} INFO - Sync 1 DAGs
[2021-09-20 14:26:25,974] {logging_mixin.py:109} INFO - [2021-09-20 14:26:25,974] {dag.py:2306} INFO - Setting next_dagrun for my-first-dag to None
[2021-09-20 14:26:25,981] {processor.py:170} INFO - Processing /opt/airflow/dags/myfirstdag.py took 0.054 seconds
[2021-09-20 14:26:56,071] {processor.py:162} INFO - Started process (PID=335) to work on /opt/airflow/dags/myfirstdag.py
[2021-09-20 14:26:56,073] {processor.py:613} INFO - Processing file /opt/airflow/dags/myfirstdag.py for tasks to queue
[2021-09-20 14:26:56,074] {logging_mixin.py:109} INFO - [2021-09-20 14:26:56,074] {dagbag.py:496} INFO - Filling up the DagBag from /opt/airflow/dags/myfirstdag.py
[2021-09-20 14:26:56,089] {processor.py:623} INFO - DAG(s) dict_keys(['my-first-dag']) retrieved from /opt/airflow/dags/myfirstdag.py
[2021-09-20 14:26:56,108] {logging_mixin.py:109} INFO - [2021-09-20 14:26:56,108] {dag.py:1833} INFO - Sync 1 DAGs
[2021-09-20 14:26:56,119] {logging_mixin.py:109} INFO - [2021-09-20 14:26:56,119] {dag.py:2306} INFO - Setting next_dagrun for my-first-dag to None
[2021-09-20 14:26:56,127] {processor.py:170} INFO - Processing /opt/airflow/dags/myfirstdag.py took 0.059 seconds
[2021-09-20 14:27:26,161] {processor.py:162} INFO - Started process (PID=355) to work on /opt/airflow/dags/myfirstdag.py
[2021-09-20 14:27:26,162] {processor.py:613} INFO - Processing file /opt/airflow/dags/myfirstdag.py for tasks to queue
[2021-09-20 14:27:26,163] {logging_mixin.py:109} INFO - [2021-09-20 14:27:26,163] {dagbag.py:496} INFO - Filling up the DagBag from /opt/airflow/dags/myfirstdag.py
[2021-09-20 14:27:26,178] {processor.py:623} INFO - DAG(s) dict_keys(['my-first-dag']) retrieved from /opt/airflow/dags/myfirstdag.py
[2021-09-20 14:27:26,198] {logging_mixin.py:109} INFO - [2021-09-20 14:27:26,198] {dag.py:1833} INFO - Sync 1 DAGs
[2021-09-20 14:27:26,211] {logging_mixin.py:109} INFO - [2021-09-20 14:27:26,210] {dag.py:2306} INFO - Setting next_dagrun for my-first-dag to None
[2021-09-20 14:27:26,218] {processor.py:170} INFO - Processing /opt/airflow/dags/myfirstdag.py took 0.060 seconds
[2021-09-20 14:27:56,292] {processor.py:162} INFO - Started process (PID=385) to work on /opt/airflow/dags/myfirstdag.py
[2021-09-20 14:27:56,295] {processor.py:613} INFO - Processing file /opt/airflow/dags/myfirstdag.py for tasks to queue
[2021-09-20 14:27:56,297] {logging_mixin.py:109} INFO - [2021-09-20 14:27:56,296] {dagbag.py:496} INFO - Filling up the DagBag from /opt/airflow/dags/myfirstdag.py
[2021-09-20 14:27:56,314] {processor.py:623} INFO - DAG(s) dict_keys(['my-first-dag']) retrieved from /opt/airflow/dags/myfirstdag.py
[2021-09-20 14:27:56,335] {logging_mixin.py:109} INFO - [2021-09-20 14:27:56,335] {dag.py:1833} INFO - Sync 1 DAGs
[2021-09-20 14:27:56,354] {logging_mixin.py:109} INFO - [2021-09-20 14:27:56,354] {dag.py:2306} INFO - Setting next_dagrun for my-first-dag to None
[2021-09-20 14:27:56,367] {processor.py:170} INFO - Processing /opt/airflow/dags/myfirstdag.py took 0.078 seconds
[2021-09-20 14:28:27,390] {processor.py:162} INFO - Started process (PID=414) to work on /opt/airflow/dags/myfirstdag.py
[2021-09-20 14:28:27,392] {processor.py:613} INFO - Processing file /opt/airflow/dags/myfirstdag.py for tasks to queue
[2021-09-20 14:28:27,393] {logging_mixin.py:109} INFO - [2021-09-20 14:28:27,393] {dagbag.py:496} INFO - Filling up the DagBag from /opt/airflow/dags/myfirstdag.py
[2021-09-20 14:28:27,407] {processor.py:623} INFO - DAG(s) dict_keys(['my-first-dag']) retrieved from /opt/airflow/dags/myfirstdag.py
[2021-09-20 14:28:27,426] {logging_mixin.py:109} INFO - [2021-09-20 14:28:27,426] {dag.py:1833} INFO - Sync 1 DAGs
[2021-09-20 14:28:27,437] {logging_mixin.py:109} INFO - [2021-09-20 14:28:27,437] {dag.py:2306} INFO - Setting next_dagrun for my-first-dag to None
[2021-09-20 14:28:27,444] {processor.py:170} INFO - Processing /opt/airflow/dags/myfirstdag.py took 0.057 seconds
[2021-09-20 14:28:57,516] {processor.py:162} INFO - Started process (PID=434) to work on /opt/airflow/dags/myfirstdag.py
[2021-09-20 14:28:57,518] {processor.py:613} INFO - Processing file /opt/airflow/dags/myfirstdag.py for tasks to queue
[2021-09-20 14:28:57,519] {logging_mixin.py:109} INFO - [2021-09-20 14:28:57,519] {dagbag.py:496} INFO - Filling up the DagBag from /opt/airflow/dags/myfirstdag.py
[2021-09-20 14:28:57,534] {processor.py:623} INFO - DAG(s) dict_keys(['my-first-dag']) retrieved from /opt/airflow/dags/myfirstdag.py
[2021-09-20 14:28:57,555] {logging_mixin.py:109} INFO - [2021-09-20 14:28:57,555] {dag.py:1833} INFO - Sync 1 DAGs
[2021-09-20 14:28:57,568] {logging_mixin.py:109} INFO - [2021-09-20 14:28:57,567] {dag.py:2306} INFO - Setting next_dagrun for my-first-dag to None
[2021-09-20 14:28:57,577] {processor.py:170} INFO - Processing /opt/airflow/dags/myfirstdag.py took 0.065 seconds
[2021-09-20 14:29:28,011] {processor.py:162} INFO - Started process (PID=468) to work on /opt/airflow/dags/myfirstdag.py
[2021-09-20 14:29:28,013] {processor.py:613} INFO - Processing file /opt/airflow/dags/myfirstdag.py for tasks to queue
[2021-09-20 14:29:28,014] {logging_mixin.py:109} INFO - [2021-09-20 14:29:28,014] {dagbag.py:496} INFO - Filling up the DagBag from /opt/airflow/dags/myfirstdag.py
[2021-09-20 14:29:28,031] {processor.py:623} INFO - DAG(s) dict_keys(['my-first-dag']) retrieved from /opt/airflow/dags/myfirstdag.py
[2021-09-20 14:29:28,057] {logging_mixin.py:109} INFO - [2021-09-20 14:29:28,057] {dag.py:1833} INFO - Sync 1 DAGs
[2021-09-20 14:29:28,081] {logging_mixin.py:109} INFO - [2021-09-20 14:29:28,080] {dag.py:2306} INFO - Setting next_dagrun for my-first-dag to None
[2021-09-20 14:29:28,089] {processor.py:170} INFO - Processing /opt/airflow/dags/myfirstdag.py took 0.083 seconds
[2021-09-20 14:29:58,347] {processor.py:162} INFO - Started process (PID=498) to work on /opt/airflow/dags/myfirstdag.py
[2021-09-20 14:29:58,349] {processor.py:613} INFO - Processing file /opt/airflow/dags/myfirstdag.py for tasks to queue
[2021-09-20 14:29:58,353] {logging_mixin.py:109} INFO - [2021-09-20 14:29:58,353] {dagbag.py:496} INFO - Filling up the DagBag from /opt/airflow/dags/myfirstdag.py
[2021-09-20 14:29:58,368] {processor.py:623} INFO - DAG(s) dict_keys(['my-first-dag']) retrieved from /opt/airflow/dags/myfirstdag.py
[2021-09-20 14:29:58,391] {logging_mixin.py:109} INFO - [2021-09-20 14:29:58,391] {dag.py:1833} INFO - Sync 1 DAGs
[2021-09-20 14:29:58,403] {logging_mixin.py:109} INFO - [2021-09-20 14:29:58,403] {dag.py:2306} INFO - Setting next_dagrun for my-first-dag to None
[2021-09-20 14:29:58,411] {processor.py:170} INFO - Processing /opt/airflow/dags/myfirstdag.py took 0.069 seconds
[2021-09-20 14:30:28,722] {processor.py:162} INFO - Started process (PID=522) to work on /opt/airflow/dags/myfirstdag.py
[2021-09-20 14:30:28,724] {processor.py:613} INFO - Processing file /opt/airflow/dags/myfirstdag.py for tasks to queue
[2021-09-20 14:30:28,726] {logging_mixin.py:109} INFO - [2021-09-20 14:30:28,726] {dagbag.py:496} INFO - Filling up the DagBag from /opt/airflow/dags/myfirstdag.py
[2021-09-20 14:30:28,747] {processor.py:623} INFO - DAG(s) dict_keys(['my-first-dag']) retrieved from /opt/airflow/dags/myfirstdag.py
[2021-09-20 14:30:28,768] {logging_mixin.py:109} INFO - [2021-09-20 14:30:28,768] {dag.py:1833} INFO - Sync 1 DAGs
[2021-09-20 14:30:28,780] {logging_mixin.py:109} INFO - [2021-09-20 14:30:28,780] {dag.py:2306} INFO - Setting next_dagrun for my-first-dag to None
[2021-09-20 14:30:28,787] {processor.py:170} INFO - Processing /opt/airflow/dags/myfirstdag.py took 0.070 seconds
[2021-09-20 14:30:58,866] {processor.py:162} INFO - Started process (PID=549) to work on /opt/airflow/dags/myfirstdag.py
[2021-09-20 14:30:58,867] {processor.py:613} INFO - Processing file /opt/airflow/dags/myfirstdag.py for tasks to queue
[2021-09-20 14:30:58,869] {logging_mixin.py:109} INFO - [2021-09-20 14:30:58,868] {dagbag.py:496} INFO - Filling up the DagBag from /opt/airflow/dags/myfirstdag.py
[2021-09-20 14:30:58,883] {processor.py:623} INFO - DAG(s) dict_keys(['my-first-dag']) retrieved from /opt/airflow/dags/myfirstdag.py
[2021-09-20 14:30:58,902] {logging_mixin.py:109} INFO - [2021-09-20 14:30:58,902] {dag.py:1833} INFO - Sync 1 DAGs
[2021-09-20 14:30:58,914] {logging_mixin.py:109} INFO - [2021-09-20 14:30:58,914] {dag.py:2306} INFO - Setting next_dagrun for my-first-dag to None
[2021-09-20 14:30:58,921] {processor.py:170} INFO - Processing /opt/airflow/dags/myfirstdag.py took 0.058 seconds
[2021-09-20 14:31:28,999] {processor.py:162} INFO - Started process (PID=577) to work on /opt/airflow/dags/myfirstdag.py
[2021-09-20 14:31:29,001] {processor.py:613} INFO - Processing file /opt/airflow/dags/myfirstdag.py for tasks to queue
[2021-09-20 14:31:29,002] {logging_mixin.py:109} INFO - [2021-09-20 14:31:29,002] {dagbag.py:496} INFO - Filling up the DagBag from /opt/airflow/dags/myfirstdag.py
[2021-09-20 14:31:29,021] {processor.py:623} INFO - DAG(s) dict_keys(['my-first-dag']) retrieved from /opt/airflow/dags/myfirstdag.py
[2021-09-20 14:31:29,041] {logging_mixin.py:109} INFO - [2021-09-20 14:31:29,040] {dag.py:1833} INFO - Sync 1 DAGs
[2021-09-20 14:31:29,053] {logging_mixin.py:109} INFO - [2021-09-20 14:31:29,052] {dag.py:2306} INFO - Setting next_dagrun for my-first-dag to None
[2021-09-20 14:31:29,061] {processor.py:170} INFO - Processing /opt/airflow/dags/myfirstdag.py took 0.064 seconds
[2021-09-20 14:31:59,201] {processor.py:162} INFO - Started process (PID=605) to work on /opt/airflow/dags/myfirstdag.py
[2021-09-20 14:31:59,204] {processor.py:613} INFO - Processing file /opt/airflow/dags/myfirstdag.py for tasks to queue
[2021-09-20 14:31:59,206] {logging_mixin.py:109} INFO - [2021-09-20 14:31:59,206] {dagbag.py:496} INFO - Filling up the DagBag from /opt/airflow/dags/myfirstdag.py
[2021-09-20 14:31:59,226] {processor.py:623} INFO - DAG(s) dict_keys(['my-first-dag']) retrieved from /opt/airflow/dags/myfirstdag.py
[2021-09-20 14:31:59,247] {logging_mixin.py:109} INFO - [2021-09-20 14:31:59,247] {dag.py:1833} INFO - Sync 1 DAGs
[2021-09-20 14:31:59,261] {logging_mixin.py:109} INFO - [2021-09-20 14:31:59,261] {dag.py:2306} INFO - Setting next_dagrun for my-first-dag to None
[2021-09-20 14:31:59,269] {processor.py:170} INFO - Processing /opt/airflow/dags/myfirstdag.py took 0.071 seconds
[2021-09-20 14:32:29,421] {processor.py:162} INFO - Started process (PID=628) to work on /opt/airflow/dags/myfirstdag.py
[2021-09-20 14:32:29,422] {processor.py:613} INFO - Processing file /opt/airflow/dags/myfirstdag.py for tasks to queue
[2021-09-20 14:32:29,424] {logging_mixin.py:109} INFO - [2021-09-20 14:32:29,423] {dagbag.py:496} INFO - Filling up the DagBag from /opt/airflow/dags/myfirstdag.py
[2021-09-20 14:32:29,438] {processor.py:623} INFO - DAG(s) dict_keys(['my-first-dag']) retrieved from /opt/airflow/dags/myfirstdag.py
[2021-09-20 14:32:29,459] {logging_mixin.py:109} INFO - [2021-09-20 14:32:29,459] {dag.py:1833} INFO - Sync 1 DAGs
[2021-09-20 14:32:29,469] {logging_mixin.py:109} INFO - [2021-09-20 14:32:29,469] {dag.py:2306} INFO - Setting next_dagrun for my-first-dag to None
[2021-09-20 14:32:29,476] {processor.py:170} INFO - Processing /opt/airflow/dags/myfirstdag.py took 0.059 seconds
[2021-09-20 14:32:59,561] {processor.py:162} INFO - Started process (PID=656) to work on /opt/airflow/dags/myfirstdag.py
[2021-09-20 14:32:59,563] {processor.py:613} INFO - Processing file /opt/airflow/dags/myfirstdag.py for tasks to queue
[2021-09-20 14:32:59,564] {logging_mixin.py:109} INFO - [2021-09-20 14:32:59,564] {dagbag.py:496} INFO - Filling up the DagBag from /opt/airflow/dags/myfirstdag.py
[2021-09-20 14:32:59,581] {processor.py:623} INFO - DAG(s) dict_keys(['my-first-dag']) retrieved from /opt/airflow/dags/myfirstdag.py
[2021-09-20 14:32:59,601] {logging_mixin.py:109} INFO - [2021-09-20 14:32:59,601] {dag.py:1833} INFO - Sync 1 DAGs
[2021-09-20 14:32:59,613] {logging_mixin.py:109} INFO - [2021-09-20 14:32:59,613] {dag.py:2306} INFO - Setting next_dagrun for my-first-dag to None
[2021-09-20 14:32:59,620] {processor.py:170} INFO - Processing /opt/airflow/dags/myfirstdag.py took 0.062 seconds
[2021-09-20 14:33:29,837] {processor.py:162} INFO - Started process (PID=685) to work on /opt/airflow/dags/myfirstdag.py
[2021-09-20 14:33:29,838] {processor.py:613} INFO - Processing file /opt/airflow/dags/myfirstdag.py for tasks to queue
[2021-09-20 14:33:29,839] {logging_mixin.py:109} INFO - [2021-09-20 14:33:29,839] {dagbag.py:496} INFO - Filling up the DagBag from /opt/airflow/dags/myfirstdag.py
[2021-09-20 14:33:29,854] {processor.py:623} INFO - DAG(s) dict_keys(['my-first-dag']) retrieved from /opt/airflow/dags/myfirstdag.py
[2021-09-20 14:33:29,873] {logging_mixin.py:109} INFO - [2021-09-20 14:33:29,873] {dag.py:1833} INFO - Sync 1 DAGs
[2021-09-20 14:33:29,884] {logging_mixin.py:109} INFO - [2021-09-20 14:33:29,884] {dag.py:2306} INFO - Setting next_dagrun for my-first-dag to None
[2021-09-20 14:33:29,892] {processor.py:170} INFO - Processing /opt/airflow/dags/myfirstdag.py took 0.058 seconds
[2021-09-20 14:33:59,947] {processor.py:162} INFO - Started process (PID=706) to work on /opt/airflow/dags/myfirstdag.py
[2021-09-20 14:33:59,949] {processor.py:613} INFO - Processing file /opt/airflow/dags/myfirstdag.py for tasks to queue
[2021-09-20 14:33:59,950] {logging_mixin.py:109} INFO - [2021-09-20 14:33:59,950] {dagbag.py:496} INFO - Filling up the DagBag from /opt/airflow/dags/myfirstdag.py
[2021-09-20 14:33:59,965] {processor.py:623} INFO - DAG(s) dict_keys(['my-first-dag']) retrieved from /opt/airflow/dags/myfirstdag.py
[2021-09-20 14:33:59,982] {logging_mixin.py:109} INFO - [2021-09-20 14:33:59,982] {dag.py:1833} INFO - Sync 1 DAGs
[2021-09-20 14:33:59,992] {logging_mixin.py:109} INFO - [2021-09-20 14:33:59,992] {dag.py:2306} INFO - Setting next_dagrun for my-first-dag to None
[2021-09-20 14:33:59,999] {processor.py:170} INFO - Processing /opt/airflow/dags/myfirstdag.py took 0.055 seconds
[2021-09-20 14:34:30,066] {processor.py:162} INFO - Started process (PID=735) to work on /opt/airflow/dags/myfirstdag.py
[2021-09-20 14:34:30,068] {processor.py:613} INFO - Processing file /opt/airflow/dags/myfirstdag.py for tasks to queue
[2021-09-20 14:34:30,069] {logging_mixin.py:109} INFO - [2021-09-20 14:34:30,069] {dagbag.py:496} INFO - Filling up the DagBag from /opt/airflow/dags/myfirstdag.py
[2021-09-20 14:34:30,084] {processor.py:623} INFO - DAG(s) dict_keys(['my-first-dag']) retrieved from /opt/airflow/dags/myfirstdag.py
[2021-09-20 14:34:30,103] {logging_mixin.py:109} INFO - [2021-09-20 14:34:30,103] {dag.py:1833} INFO - Sync 1 DAGs
[2021-09-20 14:34:30,115] {logging_mixin.py:109} INFO - [2021-09-20 14:34:30,115] {dag.py:2306} INFO - Setting next_dagrun for my-first-dag to None
[2021-09-20 14:34:30,122] {processor.py:170} INFO - Processing /opt/airflow/dags/myfirstdag.py took 0.060 seconds
[2021-09-20 14:35:00,202] {processor.py:162} INFO - Started process (PID=762) to work on /opt/airflow/dags/myfirstdag.py
[2021-09-20 14:35:00,203] {processor.py:613} INFO - Processing file /opt/airflow/dags/myfirstdag.py for tasks to queue
[2021-09-20 14:35:00,204] {logging_mixin.py:109} INFO - [2021-09-20 14:35:00,204] {dagbag.py:496} INFO - Filling up the DagBag from /opt/airflow/dags/myfirstdag.py
[2021-09-20 14:35:00,221] {processor.py:623} INFO - DAG(s) dict_keys(['my-first-dag']) retrieved from /opt/airflow/dags/myfirstdag.py
[2021-09-20 14:35:00,248] {logging_mixin.py:109} INFO - [2021-09-20 14:35:00,248] {dag.py:1833} INFO - Sync 1 DAGs
[2021-09-20 14:35:00,263] {logging_mixin.py:109} INFO - [2021-09-20 14:35:00,263] {dag.py:2306} INFO - Setting next_dagrun for my-first-dag to None
[2021-09-20 14:35:00,270] {processor.py:170} INFO - Processing /opt/airflow/dags/myfirstdag.py took 0.072 seconds
[2021-09-20 14:35:30,523] {processor.py:162} INFO - Started process (PID=784) to work on /opt/airflow/dags/myfirstdag.py
[2021-09-20 14:35:30,525] {processor.py:613} INFO - Processing file /opt/airflow/dags/myfirstdag.py for tasks to queue
[2021-09-20 14:35:30,526] {logging_mixin.py:109} INFO - [2021-09-20 14:35:30,526] {dagbag.py:496} INFO - Filling up the DagBag from /opt/airflow/dags/myfirstdag.py
[2021-09-20 14:35:30,548] {processor.py:623} INFO - DAG(s) dict_keys(['my-first-dag']) retrieved from /opt/airflow/dags/myfirstdag.py
[2021-09-20 14:35:30,571] {logging_mixin.py:109} INFO - [2021-09-20 14:35:30,570] {dag.py:1833} INFO - Sync 1 DAGs
[2021-09-20 14:35:30,584] {logging_mixin.py:109} INFO - [2021-09-20 14:35:30,584] {dag.py:2306} INFO - Setting next_dagrun for my-first-dag to None
[2021-09-20 14:35:30,592] {processor.py:170} INFO - Processing /opt/airflow/dags/myfirstdag.py took 0.073 seconds
[2021-09-20 14:36:00,680] {processor.py:162} INFO - Started process (PID=813) to work on /opt/airflow/dags/myfirstdag.py
[2021-09-20 14:36:00,682] {processor.py:613} INFO - Processing file /opt/airflow/dags/myfirstdag.py for tasks to queue
[2021-09-20 14:36:00,683] {logging_mixin.py:109} INFO - [2021-09-20 14:36:00,683] {dagbag.py:496} INFO - Filling up the DagBag from /opt/airflow/dags/myfirstdag.py
[2021-09-20 14:36:00,700] {processor.py:623} INFO - DAG(s) dict_keys(['my-first-dag']) retrieved from /opt/airflow/dags/myfirstdag.py
[2021-09-20 14:36:00,719] {logging_mixin.py:109} INFO - [2021-09-20 14:36:00,719] {dag.py:1833} INFO - Sync 1 DAGs
[2021-09-20 14:36:00,731] {logging_mixin.py:109} INFO - [2021-09-20 14:36:00,731] {dag.py:2306} INFO - Setting next_dagrun for my-first-dag to None
[2021-09-20 14:36:00,742] {processor.py:170} INFO - Processing /opt/airflow/dags/myfirstdag.py took 0.065 seconds
[2021-09-20 14:36:30,980] {processor.py:162} INFO - Started process (PID=844) to work on /opt/airflow/dags/myfirstdag.py
[2021-09-20 14:36:31,000] {processor.py:613} INFO - Processing file /opt/airflow/dags/myfirstdag.py for tasks to queue
[2021-09-20 14:36:31,002] {logging_mixin.py:109} INFO - [2021-09-20 14:36:31,002] {dagbag.py:496} INFO - Filling up the DagBag from /opt/airflow/dags/myfirstdag.py
[2021-09-20 14:36:31,019] {processor.py:623} INFO - DAG(s) dict_keys(['my-first-dag']) retrieved from /opt/airflow/dags/myfirstdag.py
[2021-09-20 14:36:31,039] {logging_mixin.py:109} INFO - [2021-09-20 14:36:31,039] {dag.py:1833} INFO - Sync 1 DAGs
[2021-09-20 14:36:31,051] {logging_mixin.py:109} INFO - [2021-09-20 14:36:31,051] {dag.py:2306} INFO - Setting next_dagrun for my-first-dag to None
[2021-09-20 14:36:31,059] {processor.py:170} INFO - Processing /opt/airflow/dags/myfirstdag.py took 0.082 seconds
[2021-09-20 14:37:01,315] {processor.py:162} INFO - Started process (PID=866) to work on /opt/airflow/dags/myfirstdag.py
[2021-09-20 14:37:01,317] {processor.py:613} INFO - Processing file /opt/airflow/dags/myfirstdag.py for tasks to queue
[2021-09-20 14:37:01,318] {logging_mixin.py:109} INFO - [2021-09-20 14:37:01,318] {dagbag.py:496} INFO - Filling up the DagBag from /opt/airflow/dags/myfirstdag.py
[2021-09-20 14:37:01,332] {processor.py:623} INFO - DAG(s) dict_keys(['my-first-dag']) retrieved from /opt/airflow/dags/myfirstdag.py
[2021-09-20 14:37:01,361] {logging_mixin.py:109} INFO - [2021-09-20 14:37:01,361] {dag.py:1833} INFO - Sync 1 DAGs
[2021-09-20 14:37:01,372] {logging_mixin.py:109} INFO - [2021-09-20 14:37:01,372] {dag.py:2306} INFO - Setting next_dagrun for my-first-dag to None
[2021-09-20 14:37:01,381] {processor.py:170} INFO - Processing /opt/airflow/dags/myfirstdag.py took 0.069 seconds
[2021-09-20 14:37:31,482] {processor.py:162} INFO - Started process (PID=894) to work on /opt/airflow/dags/myfirstdag.py
[2021-09-20 14:37:31,484] {processor.py:613} INFO - Processing file /opt/airflow/dags/myfirstdag.py for tasks to queue
[2021-09-20 14:37:31,485] {logging_mixin.py:109} INFO - [2021-09-20 14:37:31,485] {dagbag.py:496} INFO - Filling up the DagBag from /opt/airflow/dags/myfirstdag.py
[2021-09-20 14:37:31,503] {processor.py:623} INFO - DAG(s) dict_keys(['my-first-dag']) retrieved from /opt/airflow/dags/myfirstdag.py
[2021-09-20 14:37:31,528] {logging_mixin.py:109} INFO - [2021-09-20 14:37:31,528] {dag.py:1833} INFO - Sync 1 DAGs
[2021-09-20 14:37:31,541] {logging_mixin.py:109} INFO - [2021-09-20 14:37:31,541] {dag.py:2306} INFO - Setting next_dagrun for my-first-dag to None
[2021-09-20 14:37:31,548] {processor.py:170} INFO - Processing /opt/airflow/dags/myfirstdag.py took 0.070 seconds
[2021-09-20 14:38:01,642] {processor.py:162} INFO - Started process (PID=921) to work on /opt/airflow/dags/myfirstdag.py
[2021-09-20 14:38:01,643] {processor.py:613} INFO - Processing file /opt/airflow/dags/myfirstdag.py for tasks to queue
[2021-09-20 14:38:01,645] {logging_mixin.py:109} INFO - [2021-09-20 14:38:01,645] {dagbag.py:496} INFO - Filling up the DagBag from /opt/airflow/dags/myfirstdag.py
[2021-09-20 14:38:01,660] {processor.py:623} INFO - DAG(s) dict_keys(['my-first-dag']) retrieved from /opt/airflow/dags/myfirstdag.py
[2021-09-20 14:38:01,680] {logging_mixin.py:109} INFO - [2021-09-20 14:38:01,680] {dag.py:1833} INFO - Sync 1 DAGs
[2021-09-20 14:38:01,693] {logging_mixin.py:109} INFO - [2021-09-20 14:38:01,692] {dag.py:2306} INFO - Setting next_dagrun for my-first-dag to None
[2021-09-20 14:38:01,701] {processor.py:170} INFO - Processing /opt/airflow/dags/myfirstdag.py took 0.062 seconds
[2021-09-20 14:38:31,799] {processor.py:162} INFO - Started process (PID=949) to work on /opt/airflow/dags/myfirstdag.py
[2021-09-20 14:38:31,801] {processor.py:613} INFO - Processing file /opt/airflow/dags/myfirstdag.py for tasks to queue
[2021-09-20 14:38:31,802] {logging_mixin.py:109} INFO - [2021-09-20 14:38:31,802] {dagbag.py:496} INFO - Filling up the DagBag from /opt/airflow/dags/myfirstdag.py
[2021-09-20 14:38:31,817] {processor.py:623} INFO - DAG(s) dict_keys(['my-first-dag']) retrieved from /opt/airflow/dags/myfirstdag.py
[2021-09-20 14:38:31,840] {logging_mixin.py:109} INFO - [2021-09-20 14:38:31,840] {dag.py:1833} INFO - Sync 1 DAGs
[2021-09-20 14:38:31,856] {logging_mixin.py:109} INFO - [2021-09-20 14:38:31,856] {dag.py:2306} INFO - Setting next_dagrun for my-first-dag to None
[2021-09-20 14:38:31,867] {processor.py:170} INFO - Processing /opt/airflow/dags/myfirstdag.py took 0.071 seconds
[2021-09-20 14:39:01,967] {processor.py:162} INFO - Started process (PID=968) to work on /opt/airflow/dags/myfirstdag.py
[2021-09-20 14:39:01,970] {processor.py:613} INFO - Processing file /opt/airflow/dags/myfirstdag.py for tasks to queue
[2021-09-20 14:39:01,972] {logging_mixin.py:109} INFO - [2021-09-20 14:39:01,972] {dagbag.py:496} INFO - Filling up the DagBag from /opt/airflow/dags/myfirstdag.py
[2021-09-20 14:39:01,986] {processor.py:623} INFO - DAG(s) dict_keys(['my-first-dag']) retrieved from /opt/airflow/dags/myfirstdag.py
[2021-09-20 14:39:02,006] {logging_mixin.py:109} INFO - [2021-09-20 14:39:02,006] {dag.py:1833} INFO - Sync 1 DAGs
[2021-09-20 14:39:02,019] {logging_mixin.py:109} INFO - [2021-09-20 14:39:02,018] {dag.py:2306} INFO - Setting next_dagrun for my-first-dag to None
[2021-09-20 14:39:02,026] {processor.py:170} INFO - Processing /opt/airflow/dags/myfirstdag.py took 0.062 seconds
[2021-09-20 14:39:32,134] {processor.py:162} INFO - Started process (PID=997) to work on /opt/airflow/dags/myfirstdag.py
[2021-09-20 14:39:32,136] {processor.py:613} INFO - Processing file /opt/airflow/dags/myfirstdag.py for tasks to queue
[2021-09-20 14:39:32,137] {logging_mixin.py:109} INFO - [2021-09-20 14:39:32,137] {dagbag.py:496} INFO - Filling up the DagBag from /opt/airflow/dags/myfirstdag.py
[2021-09-20 14:39:32,152] {processor.py:623} INFO - DAG(s) dict_keys(['my-first-dag']) retrieved from /opt/airflow/dags/myfirstdag.py
[2021-09-20 14:39:32,174] {logging_mixin.py:109} INFO - [2021-09-20 14:39:32,174] {dag.py:1833} INFO - Sync 1 DAGs
[2021-09-20 14:39:32,186] {logging_mixin.py:109} INFO - [2021-09-20 14:39:32,186] {dag.py:2306} INFO - Setting next_dagrun for my-first-dag to None
[2021-09-20 14:39:32,195] {processor.py:170} INFO - Processing /opt/airflow/dags/myfirstdag.py took 0.065 seconds
[2021-09-20 14:40:02,287] {processor.py:162} INFO - Started process (PID=1025) to work on /opt/airflow/dags/myfirstdag.py
[2021-09-20 14:40:02,289] {processor.py:613} INFO - Processing file /opt/airflow/dags/myfirstdag.py for tasks to queue
[2021-09-20 14:40:02,290] {logging_mixin.py:109} INFO - [2021-09-20 14:40:02,290] {dagbag.py:496} INFO - Filling up the DagBag from /opt/airflow/dags/myfirstdag.py
[2021-09-20 14:40:02,305] {processor.py:623} INFO - DAG(s) dict_keys(['my-first-dag']) retrieved from /opt/airflow/dags/myfirstdag.py
[2021-09-20 14:40:02,324] {logging_mixin.py:109} INFO - [2021-09-20 14:40:02,324] {dag.py:1833} INFO - Sync 1 DAGs
[2021-09-20 14:40:02,335] {logging_mixin.py:109} INFO - [2021-09-20 14:40:02,335] {dag.py:2306} INFO - Setting next_dagrun for my-first-dag to None
[2021-09-20 14:40:02,343] {processor.py:170} INFO - Processing /opt/airflow/dags/myfirstdag.py took 0.058 seconds
[2021-09-20 14:40:32,431] {processor.py:162} INFO - Started process (PID=1044) to work on /opt/airflow/dags/myfirstdag.py
[2021-09-20 14:40:32,433] {processor.py:613} INFO - Processing file /opt/airflow/dags/myfirstdag.py for tasks to queue
[2021-09-20 14:40:32,434] {logging_mixin.py:109} INFO - [2021-09-20 14:40:32,434] {dagbag.py:496} INFO - Filling up the DagBag from /opt/airflow/dags/myfirstdag.py
[2021-09-20 14:40:32,447] {processor.py:623} INFO - DAG(s) dict_keys(['my-first-dag']) retrieved from /opt/airflow/dags/myfirstdag.py
[2021-09-20 14:40:32,464] {logging_mixin.py:109} INFO - [2021-09-20 14:40:32,464] {dag.py:1833} INFO - Sync 1 DAGs
[2021-09-20 14:40:32,474] {logging_mixin.py:109} INFO - [2021-09-20 14:40:32,474] {dag.py:2306} INFO - Setting next_dagrun for my-first-dag to None
[2021-09-20 14:40:32,482] {processor.py:170} INFO - Processing /opt/airflow/dags/myfirstdag.py took 0.054 seconds
