[2021-09-16 09:27:06,047] {taskinstance.py:903} INFO - Dependencies all met for <TaskInstance: my-first-dag.MyFirstDag 2020-07-25T00:00:00+00:00 [queued]>
[2021-09-16 09:27:06,058] {taskinstance.py:903} INFO - Dependencies all met for <TaskInstance: my-first-dag.MyFirstDag 2020-07-25T00:00:00+00:00 [queued]>
[2021-09-16 09:27:06,059] {taskinstance.py:1094} INFO - 
--------------------------------------------------------------------------------
[2021-09-16 09:27:06,060] {taskinstance.py:1095} INFO - Starting attempt 1 of 2
[2021-09-16 09:27:06,060] {taskinstance.py:1096} INFO - 
--------------------------------------------------------------------------------
[2021-09-16 09:27:06,066] {taskinstance.py:1114} INFO - Executing <Task(BashOperator): MyFirstDag> on 2020-07-25T00:00:00+00:00
[2021-09-16 09:27:06,069] {standard_task_runner.py:52} INFO - Started process 276 to run task
[2021-09-16 09:27:06,073] {standard_task_runner.py:76} INFO - Running: ['***', 'tasks', 'run', 'my-first-dag', 'MyFirstDag', '2020-07-25T00:00:00+00:00', '--job-id', '3', '--pool', 'default_pool', '--raw', '--subdir', 'DAGS_FOLDER/myfirstdag.py', '--cfg-path', '/tmp/tmplxt2xpsa', '--error-file', '/tmp/tmp6pvvta5h']
[2021-09-16 09:27:06,074] {standard_task_runner.py:77} INFO - Job 3: Subtask MyFirstDag
[2021-09-16 09:27:06,108] {logging_mixin.py:109} INFO - Running <TaskInstance: my-first-dag.MyFirstDag 2020-07-25T00:00:00+00:00 [running]> on host ba08e7b1fb26
[2021-09-16 09:27:06,147] {taskinstance.py:1251} INFO - Exporting the following env vars:
AIRFLOW_CTX_DAG_EMAIL=myemail@mail.com
AIRFLOW_CTX_DAG_OWNER=rab4u
AIRFLOW_CTX_DAG_ID=my-first-dag
AIRFLOW_CTX_TASK_ID=MyFirstDag
AIRFLOW_CTX_EXECUTION_DATE=2020-07-25T00:00:00+00:00
AIRFLOW_CTX_DAG_RUN_ID=scheduled__2020-07-25T00:00:00+00:00
[2021-09-16 09:27:06,148] {subprocess.py:52} INFO - Tmp dir root location: 
 /tmp
[2021-09-16 09:27:06,149] {subprocess.py:63} INFO - Running command: ['bash', '-c', "echo '2020-07-25 Hurray, I created my first dag :)'"]
[2021-09-16 09:27:06,157] {subprocess.py:74} INFO - Output:
[2021-09-16 09:27:06,158] {subprocess.py:78} INFO - 2020-07-25 Hurray, I created my first dag :)
[2021-09-16 09:27:06,159] {subprocess.py:82} INFO - Command exited with return code 0
[2021-09-16 09:27:06,178] {taskinstance.py:1211} INFO - Marking task as SUCCESS. dag_id=my-first-dag, task_id=MyFirstDag, execution_date=20200725T000000, start_date=20210916T092706, end_date=20210916T092706
[2021-09-16 09:27:06,205] {local_task_job.py:151} INFO - Task exited with return code 0
[2021-09-16 09:27:06,224] {local_task_job.py:261} INFO - 1 downstream tasks scheduled from follow-on schedule check
